[2023-11-29T20:51:39.762+0000] {processor.py:157} INFO - Started process (PID=64) to work on /home/airflow/.local/lib/python3.8/site-packages/airflow/example_dags/example_local_kubernetes_executor.py
[2023-11-29T20:51:39.763+0000] {processor.py:829} INFO - Processing file /home/airflow/.local/lib/python3.8/site-packages/airflow/example_dags/example_local_kubernetes_executor.py for tasks to queue
[2023-11-29T20:51:39.767+0000] {logging_mixin.py:154} INFO - [2023-11-29T20:51:39.766+0000] {dagbag.py:536} INFO - Filling up the DagBag from /home/airflow/.local/lib/python3.8/site-packages/airflow/example_dags/example_local_kubernetes_executor.py
[2023-11-29T20:51:39.772+0000] {processor.py:839} INFO - DAG(s) dict_keys(['example_local_kubernetes_executor']) retrieved from /home/airflow/.local/lib/python3.8/site-packages/airflow/example_dags/example_local_kubernetes_executor.py
[2023-11-29T20:51:39.850+0000] {logging_mixin.py:154} INFO - [2023-11-29T20:51:39.850+0000] {dag.py:2941} INFO - Sync 1 DAGs
[2023-11-29T20:51:39.857+0000] {logging_mixin.py:154} INFO - [2023-11-29T20:51:39.856+0000] {dag.py:3722} INFO - Setting next_dagrun for example_local_kubernetes_executor to None, run_after=None
[2023-11-29T20:51:39.868+0000] {processor.py:179} INFO - Processing /home/airflow/.local/lib/python3.8/site-packages/airflow/example_dags/example_local_kubernetes_executor.py took 0.109 seconds
[2023-11-29T20:52:10.043+0000] {processor.py:157} INFO - Started process (PID=118) to work on /home/airflow/.local/lib/python3.8/site-packages/airflow/example_dags/example_local_kubernetes_executor.py
[2023-11-29T20:52:10.044+0000] {processor.py:829} INFO - Processing file /home/airflow/.local/lib/python3.8/site-packages/airflow/example_dags/example_local_kubernetes_executor.py for tasks to queue
[2023-11-29T20:52:10.045+0000] {logging_mixin.py:154} INFO - [2023-11-29T20:52:10.045+0000] {dagbag.py:536} INFO - Filling up the DagBag from /home/airflow/.local/lib/python3.8/site-packages/airflow/example_dags/example_local_kubernetes_executor.py
[2023-11-29T20:52:10.050+0000] {processor.py:839} INFO - DAG(s) dict_keys(['example_local_kubernetes_executor']) retrieved from /home/airflow/.local/lib/python3.8/site-packages/airflow/example_dags/example_local_kubernetes_executor.py
[2023-11-29T20:52:10.058+0000] {logging_mixin.py:154} INFO - [2023-11-29T20:52:10.058+0000] {dag.py:2941} INFO - Sync 1 DAGs
[2023-11-29T20:52:10.066+0000] {logging_mixin.py:154} INFO - [2023-11-29T20:52:10.066+0000] {dag.py:3722} INFO - Setting next_dagrun for example_local_kubernetes_executor to None, run_after=None
[2023-11-29T20:52:10.076+0000] {processor.py:179} INFO - Processing /home/airflow/.local/lib/python3.8/site-packages/airflow/example_dags/example_local_kubernetes_executor.py took 0.035 seconds
[2023-11-29T20:52:40.890+0000] {processor.py:157} INFO - Started process (PID=172) to work on /home/airflow/.local/lib/python3.8/site-packages/airflow/example_dags/example_local_kubernetes_executor.py
[2023-11-29T20:52:40.890+0000] {processor.py:829} INFO - Processing file /home/airflow/.local/lib/python3.8/site-packages/airflow/example_dags/example_local_kubernetes_executor.py for tasks to queue
[2023-11-29T20:52:40.892+0000] {logging_mixin.py:154} INFO - [2023-11-29T20:52:40.892+0000] {dagbag.py:536} INFO - Filling up the DagBag from /home/airflow/.local/lib/python3.8/site-packages/airflow/example_dags/example_local_kubernetes_executor.py
[2023-11-29T20:52:40.897+0000] {processor.py:839} INFO - DAG(s) dict_keys(['example_local_kubernetes_executor']) retrieved from /home/airflow/.local/lib/python3.8/site-packages/airflow/example_dags/example_local_kubernetes_executor.py
[2023-11-29T20:52:40.919+0000] {logging_mixin.py:154} INFO - [2023-11-29T20:52:40.919+0000] {dag.py:2941} INFO - Sync 1 DAGs
[2023-11-29T20:52:40.925+0000] {logging_mixin.py:154} INFO - [2023-11-29T20:52:40.925+0000] {dag.py:3722} INFO - Setting next_dagrun for example_local_kubernetes_executor to None, run_after=None
[2023-11-29T20:52:40.934+0000] {processor.py:179} INFO - Processing /home/airflow/.local/lib/python3.8/site-packages/airflow/example_dags/example_local_kubernetes_executor.py took 0.046 seconds
[2023-11-29T20:53:11.052+0000] {processor.py:157} INFO - Started process (PID=226) to work on /home/airflow/.local/lib/python3.8/site-packages/airflow/example_dags/example_local_kubernetes_executor.py
[2023-11-29T20:53:11.053+0000] {processor.py:829} INFO - Processing file /home/airflow/.local/lib/python3.8/site-packages/airflow/example_dags/example_local_kubernetes_executor.py for tasks to queue
[2023-11-29T20:53:11.055+0000] {logging_mixin.py:154} INFO - [2023-11-29T20:53:11.055+0000] {dagbag.py:536} INFO - Filling up the DagBag from /home/airflow/.local/lib/python3.8/site-packages/airflow/example_dags/example_local_kubernetes_executor.py
[2023-11-29T20:53:11.060+0000] {processor.py:839} INFO - DAG(s) dict_keys(['example_local_kubernetes_executor']) retrieved from /home/airflow/.local/lib/python3.8/site-packages/airflow/example_dags/example_local_kubernetes_executor.py
[2023-11-29T20:53:11.081+0000] {logging_mixin.py:154} INFO - [2023-11-29T20:53:11.081+0000] {dag.py:2941} INFO - Sync 1 DAGs
[2023-11-29T20:53:11.087+0000] {logging_mixin.py:154} INFO - [2023-11-29T20:53:11.087+0000] {dag.py:3722} INFO - Setting next_dagrun for example_local_kubernetes_executor to None, run_after=None
[2023-11-29T20:53:11.098+0000] {processor.py:179} INFO - Processing /home/airflow/.local/lib/python3.8/site-packages/airflow/example_dags/example_local_kubernetes_executor.py took 0.048 seconds
[2023-11-29T20:53:41.197+0000] {processor.py:157} INFO - Started process (PID=280) to work on /home/airflow/.local/lib/python3.8/site-packages/airflow/example_dags/example_local_kubernetes_executor.py
[2023-11-29T20:53:41.197+0000] {processor.py:829} INFO - Processing file /home/airflow/.local/lib/python3.8/site-packages/airflow/example_dags/example_local_kubernetes_executor.py for tasks to queue
[2023-11-29T20:53:41.199+0000] {logging_mixin.py:154} INFO - [2023-11-29T20:53:41.199+0000] {dagbag.py:536} INFO - Filling up the DagBag from /home/airflow/.local/lib/python3.8/site-packages/airflow/example_dags/example_local_kubernetes_executor.py
[2023-11-29T20:53:41.204+0000] {processor.py:839} INFO - DAG(s) dict_keys(['example_local_kubernetes_executor']) retrieved from /home/airflow/.local/lib/python3.8/site-packages/airflow/example_dags/example_local_kubernetes_executor.py
[2023-11-29T20:53:41.225+0000] {logging_mixin.py:154} INFO - [2023-11-29T20:53:41.224+0000] {dag.py:2941} INFO - Sync 1 DAGs
[2023-11-29T20:53:41.232+0000] {logging_mixin.py:154} INFO - [2023-11-29T20:53:41.232+0000] {dag.py:3722} INFO - Setting next_dagrun for example_local_kubernetes_executor to None, run_after=None
[2023-11-29T20:53:41.241+0000] {processor.py:179} INFO - Processing /home/airflow/.local/lib/python3.8/site-packages/airflow/example_dags/example_local_kubernetes_executor.py took 0.047 seconds
[2023-11-29T20:54:11.295+0000] {processor.py:157} INFO - Started process (PID=334) to work on /home/airflow/.local/lib/python3.8/site-packages/airflow/example_dags/example_local_kubernetes_executor.py
[2023-11-29T20:54:11.296+0000] {processor.py:829} INFO - Processing file /home/airflow/.local/lib/python3.8/site-packages/airflow/example_dags/example_local_kubernetes_executor.py for tasks to queue
[2023-11-29T20:54:11.298+0000] {logging_mixin.py:154} INFO - [2023-11-29T20:54:11.298+0000] {dagbag.py:536} INFO - Filling up the DagBag from /home/airflow/.local/lib/python3.8/site-packages/airflow/example_dags/example_local_kubernetes_executor.py
[2023-11-29T20:54:11.303+0000] {processor.py:839} INFO - DAG(s) dict_keys(['example_local_kubernetes_executor']) retrieved from /home/airflow/.local/lib/python3.8/site-packages/airflow/example_dags/example_local_kubernetes_executor.py
[2023-11-29T20:54:11.323+0000] {logging_mixin.py:154} INFO - [2023-11-29T20:54:11.323+0000] {dag.py:2941} INFO - Sync 1 DAGs
[2023-11-29T20:54:11.330+0000] {logging_mixin.py:154} INFO - [2023-11-29T20:54:11.330+0000] {dag.py:3722} INFO - Setting next_dagrun for example_local_kubernetes_executor to None, run_after=None
[2023-11-29T20:54:11.339+0000] {processor.py:179} INFO - Processing /home/airflow/.local/lib/python3.8/site-packages/airflow/example_dags/example_local_kubernetes_executor.py took 0.046 seconds
[2023-11-29T20:54:41.391+0000] {processor.py:157} INFO - Started process (PID=388) to work on /home/airflow/.local/lib/python3.8/site-packages/airflow/example_dags/example_local_kubernetes_executor.py
[2023-11-29T20:54:41.392+0000] {processor.py:829} INFO - Processing file /home/airflow/.local/lib/python3.8/site-packages/airflow/example_dags/example_local_kubernetes_executor.py for tasks to queue
[2023-11-29T20:54:41.394+0000] {logging_mixin.py:154} INFO - [2023-11-29T20:54:41.394+0000] {dagbag.py:536} INFO - Filling up the DagBag from /home/airflow/.local/lib/python3.8/site-packages/airflow/example_dags/example_local_kubernetes_executor.py
[2023-11-29T20:54:41.398+0000] {processor.py:839} INFO - DAG(s) dict_keys(['example_local_kubernetes_executor']) retrieved from /home/airflow/.local/lib/python3.8/site-packages/airflow/example_dags/example_local_kubernetes_executor.py
[2023-11-29T20:54:41.418+0000] {logging_mixin.py:154} INFO - [2023-11-29T20:54:41.418+0000] {dag.py:2941} INFO - Sync 1 DAGs
[2023-11-29T20:54:41.425+0000] {logging_mixin.py:154} INFO - [2023-11-29T20:54:41.425+0000] {dag.py:3722} INFO - Setting next_dagrun for example_local_kubernetes_executor to None, run_after=None
[2023-11-29T20:54:41.434+0000] {processor.py:179} INFO - Processing /home/airflow/.local/lib/python3.8/site-packages/airflow/example_dags/example_local_kubernetes_executor.py took 0.045 seconds
[2023-11-29T20:55:11.508+0000] {processor.py:157} INFO - Started process (PID=442) to work on /home/airflow/.local/lib/python3.8/site-packages/airflow/example_dags/example_local_kubernetes_executor.py
[2023-11-29T20:55:11.509+0000] {processor.py:829} INFO - Processing file /home/airflow/.local/lib/python3.8/site-packages/airflow/example_dags/example_local_kubernetes_executor.py for tasks to queue
[2023-11-29T20:55:11.510+0000] {logging_mixin.py:154} INFO - [2023-11-29T20:55:11.510+0000] {dagbag.py:536} INFO - Filling up the DagBag from /home/airflow/.local/lib/python3.8/site-packages/airflow/example_dags/example_local_kubernetes_executor.py
[2023-11-29T20:55:11.515+0000] {processor.py:839} INFO - DAG(s) dict_keys(['example_local_kubernetes_executor']) retrieved from /home/airflow/.local/lib/python3.8/site-packages/airflow/example_dags/example_local_kubernetes_executor.py
[2023-11-29T20:55:11.534+0000] {logging_mixin.py:154} INFO - [2023-11-29T20:55:11.534+0000] {dag.py:2941} INFO - Sync 1 DAGs
[2023-11-29T20:55:11.541+0000] {logging_mixin.py:154} INFO - [2023-11-29T20:55:11.541+0000] {dag.py:3722} INFO - Setting next_dagrun for example_local_kubernetes_executor to None, run_after=None
[2023-11-29T20:55:11.550+0000] {processor.py:179} INFO - Processing /home/airflow/.local/lib/python3.8/site-packages/airflow/example_dags/example_local_kubernetes_executor.py took 0.044 seconds
[2023-11-29T20:55:41.632+0000] {processor.py:157} INFO - Started process (PID=496) to work on /home/airflow/.local/lib/python3.8/site-packages/airflow/example_dags/example_local_kubernetes_executor.py
[2023-11-29T20:55:41.633+0000] {processor.py:829} INFO - Processing file /home/airflow/.local/lib/python3.8/site-packages/airflow/example_dags/example_local_kubernetes_executor.py for tasks to queue
[2023-11-29T20:55:41.635+0000] {logging_mixin.py:154} INFO - [2023-11-29T20:55:41.635+0000] {dagbag.py:536} INFO - Filling up the DagBag from /home/airflow/.local/lib/python3.8/site-packages/airflow/example_dags/example_local_kubernetes_executor.py
[2023-11-29T20:55:41.640+0000] {processor.py:839} INFO - DAG(s) dict_keys(['example_local_kubernetes_executor']) retrieved from /home/airflow/.local/lib/python3.8/site-packages/airflow/example_dags/example_local_kubernetes_executor.py
[2023-11-29T20:55:41.659+0000] {logging_mixin.py:154} INFO - [2023-11-29T20:55:41.659+0000] {dag.py:2941} INFO - Sync 1 DAGs
[2023-11-29T20:55:41.666+0000] {logging_mixin.py:154} INFO - [2023-11-29T20:55:41.666+0000] {dag.py:3722} INFO - Setting next_dagrun for example_local_kubernetes_executor to None, run_after=None
[2023-11-29T20:55:41.676+0000] {processor.py:179} INFO - Processing /home/airflow/.local/lib/python3.8/site-packages/airflow/example_dags/example_local_kubernetes_executor.py took 0.046 seconds
[2023-11-29T20:56:11.734+0000] {processor.py:157} INFO - Started process (PID=550) to work on /home/airflow/.local/lib/python3.8/site-packages/airflow/example_dags/example_local_kubernetes_executor.py
[2023-11-29T20:56:11.735+0000] {processor.py:829} INFO - Processing file /home/airflow/.local/lib/python3.8/site-packages/airflow/example_dags/example_local_kubernetes_executor.py for tasks to queue
[2023-11-29T20:56:11.737+0000] {logging_mixin.py:154} INFO - [2023-11-29T20:56:11.736+0000] {dagbag.py:536} INFO - Filling up the DagBag from /home/airflow/.local/lib/python3.8/site-packages/airflow/example_dags/example_local_kubernetes_executor.py
[2023-11-29T20:56:11.742+0000] {processor.py:839} INFO - DAG(s) dict_keys(['example_local_kubernetes_executor']) retrieved from /home/airflow/.local/lib/python3.8/site-packages/airflow/example_dags/example_local_kubernetes_executor.py
[2023-11-29T20:56:11.762+0000] {logging_mixin.py:154} INFO - [2023-11-29T20:56:11.762+0000] {dag.py:2941} INFO - Sync 1 DAGs
[2023-11-29T20:56:11.769+0000] {logging_mixin.py:154} INFO - [2023-11-29T20:56:11.769+0000] {dag.py:3722} INFO - Setting next_dagrun for example_local_kubernetes_executor to None, run_after=None
[2023-11-29T20:56:11.778+0000] {processor.py:179} INFO - Processing /home/airflow/.local/lib/python3.8/site-packages/airflow/example_dags/example_local_kubernetes_executor.py took 0.046 seconds
[2023-11-29T20:56:42.685+0000] {processor.py:157} INFO - Started process (PID=604) to work on /home/airflow/.local/lib/python3.8/site-packages/airflow/example_dags/example_local_kubernetes_executor.py
[2023-11-29T20:56:42.686+0000] {processor.py:829} INFO - Processing file /home/airflow/.local/lib/python3.8/site-packages/airflow/example_dags/example_local_kubernetes_executor.py for tasks to queue
[2023-11-29T20:56:42.688+0000] {logging_mixin.py:154} INFO - [2023-11-29T20:56:42.688+0000] {dagbag.py:536} INFO - Filling up the DagBag from /home/airflow/.local/lib/python3.8/site-packages/airflow/example_dags/example_local_kubernetes_executor.py
[2023-11-29T20:56:42.693+0000] {processor.py:839} INFO - DAG(s) dict_keys(['example_local_kubernetes_executor']) retrieved from /home/airflow/.local/lib/python3.8/site-packages/airflow/example_dags/example_local_kubernetes_executor.py
[2023-11-29T20:56:42.712+0000] {logging_mixin.py:154} INFO - [2023-11-29T20:56:42.712+0000] {dag.py:2941} INFO - Sync 1 DAGs
[2023-11-29T20:56:42.719+0000] {logging_mixin.py:154} INFO - [2023-11-29T20:56:42.719+0000] {dag.py:3722} INFO - Setting next_dagrun for example_local_kubernetes_executor to None, run_after=None
[2023-11-29T20:56:42.729+0000] {processor.py:179} INFO - Processing /home/airflow/.local/lib/python3.8/site-packages/airflow/example_dags/example_local_kubernetes_executor.py took 0.046 seconds
[2023-11-29T20:57:12.786+0000] {processor.py:157} INFO - Started process (PID=658) to work on /home/airflow/.local/lib/python3.8/site-packages/airflow/example_dags/example_local_kubernetes_executor.py
[2023-11-29T20:57:12.787+0000] {processor.py:829} INFO - Processing file /home/airflow/.local/lib/python3.8/site-packages/airflow/example_dags/example_local_kubernetes_executor.py for tasks to queue
[2023-11-29T20:57:12.789+0000] {logging_mixin.py:154} INFO - [2023-11-29T20:57:12.789+0000] {dagbag.py:536} INFO - Filling up the DagBag from /home/airflow/.local/lib/python3.8/site-packages/airflow/example_dags/example_local_kubernetes_executor.py
[2023-11-29T20:57:12.793+0000] {processor.py:839} INFO - DAG(s) dict_keys(['example_local_kubernetes_executor']) retrieved from /home/airflow/.local/lib/python3.8/site-packages/airflow/example_dags/example_local_kubernetes_executor.py
[2023-11-29T20:57:12.813+0000] {logging_mixin.py:154} INFO - [2023-11-29T20:57:12.813+0000] {dag.py:2941} INFO - Sync 1 DAGs
[2023-11-29T20:57:12.821+0000] {logging_mixin.py:154} INFO - [2023-11-29T20:57:12.821+0000] {dag.py:3722} INFO - Setting next_dagrun for example_local_kubernetes_executor to None, run_after=None
[2023-11-29T20:57:12.831+0000] {processor.py:179} INFO - Processing /home/airflow/.local/lib/python3.8/site-packages/airflow/example_dags/example_local_kubernetes_executor.py took 0.047 seconds
[2023-11-29T20:57:42.867+0000] {processor.py:157} INFO - Started process (PID=712) to work on /home/airflow/.local/lib/python3.8/site-packages/airflow/example_dags/example_local_kubernetes_executor.py
[2023-11-29T20:57:42.867+0000] {processor.py:829} INFO - Processing file /home/airflow/.local/lib/python3.8/site-packages/airflow/example_dags/example_local_kubernetes_executor.py for tasks to queue
[2023-11-29T20:57:42.869+0000] {logging_mixin.py:154} INFO - [2023-11-29T20:57:42.869+0000] {dagbag.py:536} INFO - Filling up the DagBag from /home/airflow/.local/lib/python3.8/site-packages/airflow/example_dags/example_local_kubernetes_executor.py
[2023-11-29T20:57:42.874+0000] {processor.py:839} INFO - DAG(s) dict_keys(['example_local_kubernetes_executor']) retrieved from /home/airflow/.local/lib/python3.8/site-packages/airflow/example_dags/example_local_kubernetes_executor.py
[2023-11-29T20:57:42.893+0000] {logging_mixin.py:154} INFO - [2023-11-29T20:57:42.893+0000] {dag.py:2941} INFO - Sync 1 DAGs
[2023-11-29T20:57:42.900+0000] {logging_mixin.py:154} INFO - [2023-11-29T20:57:42.899+0000] {dag.py:3722} INFO - Setting next_dagrun for example_local_kubernetes_executor to None, run_after=None
[2023-11-29T20:57:42.908+0000] {processor.py:179} INFO - Processing /home/airflow/.local/lib/python3.8/site-packages/airflow/example_dags/example_local_kubernetes_executor.py took 0.044 seconds
[2023-11-29T20:58:12.950+0000] {processor.py:157} INFO - Started process (PID=766) to work on /home/airflow/.local/lib/python3.8/site-packages/airflow/example_dags/example_local_kubernetes_executor.py
[2023-11-29T20:58:12.950+0000] {processor.py:829} INFO - Processing file /home/airflow/.local/lib/python3.8/site-packages/airflow/example_dags/example_local_kubernetes_executor.py for tasks to queue
[2023-11-29T20:58:12.952+0000] {logging_mixin.py:154} INFO - [2023-11-29T20:58:12.952+0000] {dagbag.py:536} INFO - Filling up the DagBag from /home/airflow/.local/lib/python3.8/site-packages/airflow/example_dags/example_local_kubernetes_executor.py
[2023-11-29T20:58:12.957+0000] {processor.py:839} INFO - DAG(s) dict_keys(['example_local_kubernetes_executor']) retrieved from /home/airflow/.local/lib/python3.8/site-packages/airflow/example_dags/example_local_kubernetes_executor.py
[2023-11-29T20:58:12.978+0000] {logging_mixin.py:154} INFO - [2023-11-29T20:58:12.977+0000] {dag.py:2941} INFO - Sync 1 DAGs
[2023-11-29T20:58:12.985+0000] {logging_mixin.py:154} INFO - [2023-11-29T20:58:12.985+0000] {dag.py:3722} INFO - Setting next_dagrun for example_local_kubernetes_executor to None, run_after=None
[2023-11-29T20:58:12.994+0000] {processor.py:179} INFO - Processing /home/airflow/.local/lib/python3.8/site-packages/airflow/example_dags/example_local_kubernetes_executor.py took 0.046 seconds
[2023-11-29T20:58:43.028+0000] {processor.py:157} INFO - Started process (PID=820) to work on /home/airflow/.local/lib/python3.8/site-packages/airflow/example_dags/example_local_kubernetes_executor.py
[2023-11-29T20:58:43.028+0000] {processor.py:829} INFO - Processing file /home/airflow/.local/lib/python3.8/site-packages/airflow/example_dags/example_local_kubernetes_executor.py for tasks to queue
[2023-11-29T20:58:43.030+0000] {logging_mixin.py:154} INFO - [2023-11-29T20:58:43.030+0000] {dagbag.py:536} INFO - Filling up the DagBag from /home/airflow/.local/lib/python3.8/site-packages/airflow/example_dags/example_local_kubernetes_executor.py
[2023-11-29T20:58:43.035+0000] {processor.py:839} INFO - DAG(s) dict_keys(['example_local_kubernetes_executor']) retrieved from /home/airflow/.local/lib/python3.8/site-packages/airflow/example_dags/example_local_kubernetes_executor.py
[2023-11-29T20:58:43.054+0000] {logging_mixin.py:154} INFO - [2023-11-29T20:58:43.054+0000] {dag.py:2941} INFO - Sync 1 DAGs
[2023-11-29T20:58:43.062+0000] {logging_mixin.py:154} INFO - [2023-11-29T20:58:43.062+0000] {dag.py:3722} INFO - Setting next_dagrun for example_local_kubernetes_executor to None, run_after=None
[2023-11-29T20:58:43.071+0000] {processor.py:179} INFO - Processing /home/airflow/.local/lib/python3.8/site-packages/airflow/example_dags/example_local_kubernetes_executor.py took 0.046 seconds
[2023-11-29T20:59:14.026+0000] {processor.py:157} INFO - Started process (PID=874) to work on /home/airflow/.local/lib/python3.8/site-packages/airflow/example_dags/example_local_kubernetes_executor.py
[2023-11-29T20:59:14.027+0000] {processor.py:829} INFO - Processing file /home/airflow/.local/lib/python3.8/site-packages/airflow/example_dags/example_local_kubernetes_executor.py for tasks to queue
[2023-11-29T20:59:14.028+0000] {logging_mixin.py:154} INFO - [2023-11-29T20:59:14.028+0000] {dagbag.py:536} INFO - Filling up the DagBag from /home/airflow/.local/lib/python3.8/site-packages/airflow/example_dags/example_local_kubernetes_executor.py
[2023-11-29T20:59:14.033+0000] {processor.py:839} INFO - DAG(s) dict_keys(['example_local_kubernetes_executor']) retrieved from /home/airflow/.local/lib/python3.8/site-packages/airflow/example_dags/example_local_kubernetes_executor.py
[2023-11-29T20:59:14.052+0000] {logging_mixin.py:154} INFO - [2023-11-29T20:59:14.052+0000] {dag.py:2941} INFO - Sync 1 DAGs
[2023-11-29T20:59:14.059+0000] {logging_mixin.py:154} INFO - [2023-11-29T20:59:14.059+0000] {dag.py:3722} INFO - Setting next_dagrun for example_local_kubernetes_executor to None, run_after=None
[2023-11-29T20:59:14.068+0000] {processor.py:179} INFO - Processing /home/airflow/.local/lib/python3.8/site-packages/airflow/example_dags/example_local_kubernetes_executor.py took 0.045 seconds
[2023-11-29T20:59:44.775+0000] {processor.py:157} INFO - Started process (PID=928) to work on /home/airflow/.local/lib/python3.8/site-packages/airflow/example_dags/example_local_kubernetes_executor.py
[2023-11-29T20:59:44.775+0000] {processor.py:829} INFO - Processing file /home/airflow/.local/lib/python3.8/site-packages/airflow/example_dags/example_local_kubernetes_executor.py for tasks to queue
[2023-11-29T20:59:44.777+0000] {logging_mixin.py:154} INFO - [2023-11-29T20:59:44.777+0000] {dagbag.py:536} INFO - Filling up the DagBag from /home/airflow/.local/lib/python3.8/site-packages/airflow/example_dags/example_local_kubernetes_executor.py
[2023-11-29T20:59:44.782+0000] {processor.py:839} INFO - DAG(s) dict_keys(['example_local_kubernetes_executor']) retrieved from /home/airflow/.local/lib/python3.8/site-packages/airflow/example_dags/example_local_kubernetes_executor.py
[2023-11-29T20:59:44.802+0000] {logging_mixin.py:154} INFO - [2023-11-29T20:59:44.802+0000] {dag.py:2941} INFO - Sync 1 DAGs
[2023-11-29T20:59:44.810+0000] {logging_mixin.py:154} INFO - [2023-11-29T20:59:44.809+0000] {dag.py:3722} INFO - Setting next_dagrun for example_local_kubernetes_executor to None, run_after=None
[2023-11-29T20:59:44.820+0000] {processor.py:179} INFO - Processing /home/airflow/.local/lib/python3.8/site-packages/airflow/example_dags/example_local_kubernetes_executor.py took 0.047 seconds
[2023-11-29T21:00:15.583+0000] {processor.py:157} INFO - Started process (PID=982) to work on /home/airflow/.local/lib/python3.8/site-packages/airflow/example_dags/example_local_kubernetes_executor.py
[2023-11-29T21:00:15.584+0000] {processor.py:829} INFO - Processing file /home/airflow/.local/lib/python3.8/site-packages/airflow/example_dags/example_local_kubernetes_executor.py for tasks to queue
[2023-11-29T21:00:15.586+0000] {logging_mixin.py:154} INFO - [2023-11-29T21:00:15.586+0000] {dagbag.py:536} INFO - Filling up the DagBag from /home/airflow/.local/lib/python3.8/site-packages/airflow/example_dags/example_local_kubernetes_executor.py
[2023-11-29T21:00:15.591+0000] {processor.py:839} INFO - DAG(s) dict_keys(['example_local_kubernetes_executor']) retrieved from /home/airflow/.local/lib/python3.8/site-packages/airflow/example_dags/example_local_kubernetes_executor.py
[2023-11-29T21:00:15.612+0000] {logging_mixin.py:154} INFO - [2023-11-29T21:00:15.612+0000] {dag.py:2941} INFO - Sync 1 DAGs
[2023-11-29T21:00:15.619+0000] {logging_mixin.py:154} INFO - [2023-11-29T21:00:15.619+0000] {dag.py:3722} INFO - Setting next_dagrun for example_local_kubernetes_executor to None, run_after=None
[2023-11-29T21:00:15.629+0000] {processor.py:179} INFO - Processing /home/airflow/.local/lib/python3.8/site-packages/airflow/example_dags/example_local_kubernetes_executor.py took 0.048 seconds
[2023-11-29T21:00:46.605+0000] {processor.py:157} INFO - Started process (PID=1036) to work on /home/airflow/.local/lib/python3.8/site-packages/airflow/example_dags/example_local_kubernetes_executor.py
[2023-11-29T21:00:46.605+0000] {processor.py:829} INFO - Processing file /home/airflow/.local/lib/python3.8/site-packages/airflow/example_dags/example_local_kubernetes_executor.py for tasks to queue
[2023-11-29T21:00:46.607+0000] {logging_mixin.py:154} INFO - [2023-11-29T21:00:46.607+0000] {dagbag.py:536} INFO - Filling up the DagBag from /home/airflow/.local/lib/python3.8/site-packages/airflow/example_dags/example_local_kubernetes_executor.py
[2023-11-29T21:00:46.612+0000] {processor.py:839} INFO - DAG(s) dict_keys(['example_local_kubernetes_executor']) retrieved from /home/airflow/.local/lib/python3.8/site-packages/airflow/example_dags/example_local_kubernetes_executor.py
[2023-11-29T21:00:46.631+0000] {logging_mixin.py:154} INFO - [2023-11-29T21:00:46.630+0000] {dag.py:2941} INFO - Sync 1 DAGs
[2023-11-29T21:00:46.638+0000] {logging_mixin.py:154} INFO - [2023-11-29T21:00:46.638+0000] {dag.py:3722} INFO - Setting next_dagrun for example_local_kubernetes_executor to None, run_after=None
[2023-11-29T21:00:46.647+0000] {processor.py:179} INFO - Processing /home/airflow/.local/lib/python3.8/site-packages/airflow/example_dags/example_local_kubernetes_executor.py took 0.044 seconds
[2023-11-29T21:01:17.584+0000] {processor.py:157} INFO - Started process (PID=1090) to work on /home/airflow/.local/lib/python3.8/site-packages/airflow/example_dags/example_local_kubernetes_executor.py
[2023-11-29T21:01:17.585+0000] {processor.py:829} INFO - Processing file /home/airflow/.local/lib/python3.8/site-packages/airflow/example_dags/example_local_kubernetes_executor.py for tasks to queue
[2023-11-29T21:01:17.587+0000] {logging_mixin.py:154} INFO - [2023-11-29T21:01:17.587+0000] {dagbag.py:536} INFO - Filling up the DagBag from /home/airflow/.local/lib/python3.8/site-packages/airflow/example_dags/example_local_kubernetes_executor.py
[2023-11-29T21:01:17.592+0000] {processor.py:839} INFO - DAG(s) dict_keys(['example_local_kubernetes_executor']) retrieved from /home/airflow/.local/lib/python3.8/site-packages/airflow/example_dags/example_local_kubernetes_executor.py
[2023-11-29T21:01:17.612+0000] {logging_mixin.py:154} INFO - [2023-11-29T21:01:17.611+0000] {dag.py:2941} INFO - Sync 1 DAGs
[2023-11-29T21:01:17.618+0000] {logging_mixin.py:154} INFO - [2023-11-29T21:01:17.618+0000] {dag.py:3722} INFO - Setting next_dagrun for example_local_kubernetes_executor to None, run_after=None
[2023-11-29T21:01:17.628+0000] {processor.py:179} INFO - Processing /home/airflow/.local/lib/python3.8/site-packages/airflow/example_dags/example_local_kubernetes_executor.py took 0.046 seconds
[2023-11-29T21:01:48.349+0000] {processor.py:157} INFO - Started process (PID=1144) to work on /home/airflow/.local/lib/python3.8/site-packages/airflow/example_dags/example_local_kubernetes_executor.py
[2023-11-29T21:01:48.350+0000] {processor.py:829} INFO - Processing file /home/airflow/.local/lib/python3.8/site-packages/airflow/example_dags/example_local_kubernetes_executor.py for tasks to queue
[2023-11-29T21:01:48.352+0000] {logging_mixin.py:154} INFO - [2023-11-29T21:01:48.351+0000] {dagbag.py:536} INFO - Filling up the DagBag from /home/airflow/.local/lib/python3.8/site-packages/airflow/example_dags/example_local_kubernetes_executor.py
[2023-11-29T21:01:48.357+0000] {processor.py:839} INFO - DAG(s) dict_keys(['example_local_kubernetes_executor']) retrieved from /home/airflow/.local/lib/python3.8/site-packages/airflow/example_dags/example_local_kubernetes_executor.py
[2023-11-29T21:01:48.377+0000] {logging_mixin.py:154} INFO - [2023-11-29T21:01:48.377+0000] {dag.py:2941} INFO - Sync 1 DAGs
[2023-11-29T21:01:48.384+0000] {logging_mixin.py:154} INFO - [2023-11-29T21:01:48.384+0000] {dag.py:3722} INFO - Setting next_dagrun for example_local_kubernetes_executor to None, run_after=None
[2023-11-29T21:01:48.394+0000] {processor.py:179} INFO - Processing /home/airflow/.local/lib/python3.8/site-packages/airflow/example_dags/example_local_kubernetes_executor.py took 0.047 seconds
[2023-11-29T21:41:08.955+0000] {processor.py:157} INFO - Started process (PID=62) to work on /home/airflow/.local/lib/python3.8/site-packages/airflow/example_dags/example_local_kubernetes_executor.py
[2023-11-29T21:41:08.956+0000] {processor.py:829} INFO - Processing file /home/airflow/.local/lib/python3.8/site-packages/airflow/example_dags/example_local_kubernetes_executor.py for tasks to queue
[2023-11-29T21:41:08.958+0000] {logging_mixin.py:154} INFO - [2023-11-29T21:41:08.958+0000] {dagbag.py:536} INFO - Filling up the DagBag from /home/airflow/.local/lib/python3.8/site-packages/airflow/example_dags/example_local_kubernetes_executor.py
[2023-11-29T21:41:08.964+0000] {processor.py:839} INFO - DAG(s) dict_keys(['example_local_kubernetes_executor']) retrieved from /home/airflow/.local/lib/python3.8/site-packages/airflow/example_dags/example_local_kubernetes_executor.py
[2023-11-29T21:41:09.033+0000] {logging_mixin.py:154} INFO - [2023-11-29T21:41:09.033+0000] {manager.py:499} INFO - Created Permission View: %s
[2023-11-29T21:41:09.038+0000] {logging_mixin.py:154} INFO - [2023-11-29T21:41:09.038+0000] {manager.py:499} INFO - Created Permission View: %s
[2023-11-29T21:41:09.041+0000] {logging_mixin.py:154} INFO - [2023-11-29T21:41:09.041+0000] {manager.py:499} INFO - Created Permission View: %s
[2023-11-29T21:41:09.041+0000] {logging_mixin.py:154} INFO - [2023-11-29T21:41:09.041+0000] {dag.py:2941} INFO - Sync 1 DAGs
[2023-11-29T21:41:09.048+0000] {logging_mixin.py:154} INFO - [2023-11-29T21:41:09.047+0000] {dag.py:2963} INFO - Creating ORM DAG for example_local_kubernetes_executor
[2023-11-29T21:41:09.048+0000] {logging_mixin.py:154} INFO - [2023-11-29T21:41:09.048+0000] {dag.py:3722} INFO - Setting next_dagrun for example_local_kubernetes_executor to None, run_after=None
[2023-11-29T21:41:09.058+0000] {processor.py:179} INFO - Processing /home/airflow/.local/lib/python3.8/site-packages/airflow/example_dags/example_local_kubernetes_executor.py took 0.105 seconds
[2023-11-29T21:41:39.450+0000] {processor.py:157} INFO - Started process (PID=116) to work on /home/airflow/.local/lib/python3.8/site-packages/airflow/example_dags/example_local_kubernetes_executor.py
[2023-11-29T21:41:39.451+0000] {processor.py:829} INFO - Processing file /home/airflow/.local/lib/python3.8/site-packages/airflow/example_dags/example_local_kubernetes_executor.py for tasks to queue
[2023-11-29T21:41:39.452+0000] {logging_mixin.py:154} INFO - [2023-11-29T21:41:39.452+0000] {dagbag.py:536} INFO - Filling up the DagBag from /home/airflow/.local/lib/python3.8/site-packages/airflow/example_dags/example_local_kubernetes_executor.py
[2023-11-29T21:41:39.457+0000] {processor.py:839} INFO - DAG(s) dict_keys(['example_local_kubernetes_executor']) retrieved from /home/airflow/.local/lib/python3.8/site-packages/airflow/example_dags/example_local_kubernetes_executor.py
[2023-11-29T21:41:39.478+0000] {logging_mixin.py:154} INFO - [2023-11-29T21:41:39.478+0000] {dag.py:2941} INFO - Sync 1 DAGs
[2023-11-29T21:41:39.486+0000] {logging_mixin.py:154} INFO - [2023-11-29T21:41:39.485+0000] {dag.py:3722} INFO - Setting next_dagrun for example_local_kubernetes_executor to None, run_after=None
[2023-11-29T21:41:39.496+0000] {processor.py:179} INFO - Processing /home/airflow/.local/lib/python3.8/site-packages/airflow/example_dags/example_local_kubernetes_executor.py took 0.049 seconds
[2023-11-29T21:42:10.112+0000] {processor.py:157} INFO - Started process (PID=170) to work on /home/airflow/.local/lib/python3.8/site-packages/airflow/example_dags/example_local_kubernetes_executor.py
[2023-11-29T21:42:10.113+0000] {processor.py:829} INFO - Processing file /home/airflow/.local/lib/python3.8/site-packages/airflow/example_dags/example_local_kubernetes_executor.py for tasks to queue
[2023-11-29T21:42:10.114+0000] {logging_mixin.py:154} INFO - [2023-11-29T21:42:10.114+0000] {dagbag.py:536} INFO - Filling up the DagBag from /home/airflow/.local/lib/python3.8/site-packages/airflow/example_dags/example_local_kubernetes_executor.py
[2023-11-29T21:42:10.120+0000] {processor.py:839} INFO - DAG(s) dict_keys(['example_local_kubernetes_executor']) retrieved from /home/airflow/.local/lib/python3.8/site-packages/airflow/example_dags/example_local_kubernetes_executor.py
[2023-11-29T21:42:10.142+0000] {logging_mixin.py:154} INFO - [2023-11-29T21:42:10.142+0000] {dag.py:2941} INFO - Sync 1 DAGs
[2023-11-29T21:42:10.150+0000] {logging_mixin.py:154} INFO - [2023-11-29T21:42:10.150+0000] {dag.py:3722} INFO - Setting next_dagrun for example_local_kubernetes_executor to None, run_after=None
[2023-11-29T21:42:10.161+0000] {processor.py:179} INFO - Processing /home/airflow/.local/lib/python3.8/site-packages/airflow/example_dags/example_local_kubernetes_executor.py took 0.051 seconds
[2023-11-29T21:42:40.844+0000] {processor.py:157} INFO - Started process (PID=224) to work on /home/airflow/.local/lib/python3.8/site-packages/airflow/example_dags/example_local_kubernetes_executor.py
[2023-11-29T21:42:40.845+0000] {processor.py:829} INFO - Processing file /home/airflow/.local/lib/python3.8/site-packages/airflow/example_dags/example_local_kubernetes_executor.py for tasks to queue
[2023-11-29T21:42:40.846+0000] {logging_mixin.py:154} INFO - [2023-11-29T21:42:40.846+0000] {dagbag.py:536} INFO - Filling up the DagBag from /home/airflow/.local/lib/python3.8/site-packages/airflow/example_dags/example_local_kubernetes_executor.py
[2023-11-29T21:42:40.851+0000] {processor.py:839} INFO - DAG(s) dict_keys(['example_local_kubernetes_executor']) retrieved from /home/airflow/.local/lib/python3.8/site-packages/airflow/example_dags/example_local_kubernetes_executor.py
[2023-11-29T21:42:40.872+0000] {logging_mixin.py:154} INFO - [2023-11-29T21:42:40.872+0000] {dag.py:2941} INFO - Sync 1 DAGs
[2023-11-29T21:42:40.879+0000] {logging_mixin.py:154} INFO - [2023-11-29T21:42:40.879+0000] {dag.py:3722} INFO - Setting next_dagrun for example_local_kubernetes_executor to None, run_after=None
[2023-11-29T21:42:40.890+0000] {processor.py:179} INFO - Processing /home/airflow/.local/lib/python3.8/site-packages/airflow/example_dags/example_local_kubernetes_executor.py took 0.048 seconds
[2023-11-29T21:43:11.031+0000] {processor.py:157} INFO - Started process (PID=278) to work on /home/airflow/.local/lib/python3.8/site-packages/airflow/example_dags/example_local_kubernetes_executor.py
[2023-11-29T21:43:11.032+0000] {processor.py:829} INFO - Processing file /home/airflow/.local/lib/python3.8/site-packages/airflow/example_dags/example_local_kubernetes_executor.py for tasks to queue
[2023-11-29T21:43:11.033+0000] {logging_mixin.py:154} INFO - [2023-11-29T21:43:11.033+0000] {dagbag.py:536} INFO - Filling up the DagBag from /home/airflow/.local/lib/python3.8/site-packages/airflow/example_dags/example_local_kubernetes_executor.py
[2023-11-29T21:43:11.039+0000] {processor.py:839} INFO - DAG(s) dict_keys(['example_local_kubernetes_executor']) retrieved from /home/airflow/.local/lib/python3.8/site-packages/airflow/example_dags/example_local_kubernetes_executor.py
[2023-11-29T21:43:11.060+0000] {logging_mixin.py:154} INFO - [2023-11-29T21:43:11.060+0000] {dag.py:2941} INFO - Sync 1 DAGs
[2023-11-29T21:43:11.067+0000] {logging_mixin.py:154} INFO - [2023-11-29T21:43:11.067+0000] {dag.py:3722} INFO - Setting next_dagrun for example_local_kubernetes_executor to None, run_after=None
[2023-11-29T21:43:11.078+0000] {processor.py:179} INFO - Processing /home/airflow/.local/lib/python3.8/site-packages/airflow/example_dags/example_local_kubernetes_executor.py took 0.049 seconds
[2023-11-29T21:43:41.156+0000] {processor.py:157} INFO - Started process (PID=332) to work on /home/airflow/.local/lib/python3.8/site-packages/airflow/example_dags/example_local_kubernetes_executor.py
[2023-11-29T21:43:41.157+0000] {processor.py:829} INFO - Processing file /home/airflow/.local/lib/python3.8/site-packages/airflow/example_dags/example_local_kubernetes_executor.py for tasks to queue
[2023-11-29T21:43:41.159+0000] {logging_mixin.py:154} INFO - [2023-11-29T21:43:41.159+0000] {dagbag.py:536} INFO - Filling up the DagBag from /home/airflow/.local/lib/python3.8/site-packages/airflow/example_dags/example_local_kubernetes_executor.py
[2023-11-29T21:43:41.164+0000] {processor.py:839} INFO - DAG(s) dict_keys(['example_local_kubernetes_executor']) retrieved from /home/airflow/.local/lib/python3.8/site-packages/airflow/example_dags/example_local_kubernetes_executor.py
[2023-11-29T21:43:41.187+0000] {logging_mixin.py:154} INFO - [2023-11-29T21:43:41.187+0000] {dag.py:2941} INFO - Sync 1 DAGs
[2023-11-29T21:43:41.195+0000] {logging_mixin.py:154} INFO - [2023-11-29T21:43:41.194+0000] {dag.py:3722} INFO - Setting next_dagrun for example_local_kubernetes_executor to None, run_after=None
[2023-11-29T21:43:41.206+0000] {processor.py:179} INFO - Processing /home/airflow/.local/lib/python3.8/site-packages/airflow/example_dags/example_local_kubernetes_executor.py took 0.052 seconds
[2023-11-29T21:44:11.391+0000] {processor.py:157} INFO - Started process (PID=386) to work on /home/airflow/.local/lib/python3.8/site-packages/airflow/example_dags/example_local_kubernetes_executor.py
[2023-11-29T21:44:11.392+0000] {processor.py:829} INFO - Processing file /home/airflow/.local/lib/python3.8/site-packages/airflow/example_dags/example_local_kubernetes_executor.py for tasks to queue
[2023-11-29T21:44:11.394+0000] {logging_mixin.py:154} INFO - [2023-11-29T21:44:11.393+0000] {dagbag.py:536} INFO - Filling up the DagBag from /home/airflow/.local/lib/python3.8/site-packages/airflow/example_dags/example_local_kubernetes_executor.py
[2023-11-29T21:44:11.399+0000] {processor.py:839} INFO - DAG(s) dict_keys(['example_local_kubernetes_executor']) retrieved from /home/airflow/.local/lib/python3.8/site-packages/airflow/example_dags/example_local_kubernetes_executor.py
[2023-11-29T21:44:11.419+0000] {logging_mixin.py:154} INFO - [2023-11-29T21:44:11.419+0000] {dag.py:2941} INFO - Sync 1 DAGs
[2023-11-29T21:44:11.427+0000] {logging_mixin.py:154} INFO - [2023-11-29T21:44:11.427+0000] {dag.py:3722} INFO - Setting next_dagrun for example_local_kubernetes_executor to None, run_after=None
[2023-11-29T21:44:11.438+0000] {processor.py:179} INFO - Processing /home/airflow/.local/lib/python3.8/site-packages/airflow/example_dags/example_local_kubernetes_executor.py took 0.049 seconds
[2023-11-29T21:44:41.649+0000] {processor.py:157} INFO - Started process (PID=440) to work on /home/airflow/.local/lib/python3.8/site-packages/airflow/example_dags/example_local_kubernetes_executor.py
[2023-11-29T21:44:41.650+0000] {processor.py:829} INFO - Processing file /home/airflow/.local/lib/python3.8/site-packages/airflow/example_dags/example_local_kubernetes_executor.py for tasks to queue
[2023-11-29T21:44:41.651+0000] {logging_mixin.py:154} INFO - [2023-11-29T21:44:41.651+0000] {dagbag.py:536} INFO - Filling up the DagBag from /home/airflow/.local/lib/python3.8/site-packages/airflow/example_dags/example_local_kubernetes_executor.py
[2023-11-29T21:44:41.657+0000] {processor.py:839} INFO - DAG(s) dict_keys(['example_local_kubernetes_executor']) retrieved from /home/airflow/.local/lib/python3.8/site-packages/airflow/example_dags/example_local_kubernetes_executor.py
[2023-11-29T21:44:41.679+0000] {logging_mixin.py:154} INFO - [2023-11-29T21:44:41.679+0000] {dag.py:2941} INFO - Sync 1 DAGs
[2023-11-29T21:44:41.687+0000] {logging_mixin.py:154} INFO - [2023-11-29T21:44:41.687+0000] {dag.py:3722} INFO - Setting next_dagrun for example_local_kubernetes_executor to None, run_after=None
[2023-11-29T21:44:41.699+0000] {processor.py:179} INFO - Processing /home/airflow/.local/lib/python3.8/site-packages/airflow/example_dags/example_local_kubernetes_executor.py took 0.052 seconds
[2023-11-29T21:45:11.826+0000] {processor.py:157} INFO - Started process (PID=494) to work on /home/airflow/.local/lib/python3.8/site-packages/airflow/example_dags/example_local_kubernetes_executor.py
[2023-11-29T21:45:11.826+0000] {processor.py:829} INFO - Processing file /home/airflow/.local/lib/python3.8/site-packages/airflow/example_dags/example_local_kubernetes_executor.py for tasks to queue
[2023-11-29T21:45:11.828+0000] {logging_mixin.py:154} INFO - [2023-11-29T21:45:11.828+0000] {dagbag.py:536} INFO - Filling up the DagBag from /home/airflow/.local/lib/python3.8/site-packages/airflow/example_dags/example_local_kubernetes_executor.py
[2023-11-29T21:45:11.833+0000] {processor.py:839} INFO - DAG(s) dict_keys(['example_local_kubernetes_executor']) retrieved from /home/airflow/.local/lib/python3.8/site-packages/airflow/example_dags/example_local_kubernetes_executor.py
[2023-11-29T21:45:11.854+0000] {logging_mixin.py:154} INFO - [2023-11-29T21:45:11.854+0000] {dag.py:2941} INFO - Sync 1 DAGs
[2023-11-29T21:45:11.861+0000] {logging_mixin.py:154} INFO - [2023-11-29T21:45:11.861+0000] {dag.py:3722} INFO - Setting next_dagrun for example_local_kubernetes_executor to None, run_after=None
[2023-11-29T21:45:11.871+0000] {processor.py:179} INFO - Processing /home/airflow/.local/lib/python3.8/site-packages/airflow/example_dags/example_local_kubernetes_executor.py took 0.047 seconds
[2023-11-29T21:45:41.949+0000] {processor.py:157} INFO - Started process (PID=548) to work on /home/airflow/.local/lib/python3.8/site-packages/airflow/example_dags/example_local_kubernetes_executor.py
[2023-11-29T21:45:41.950+0000] {processor.py:829} INFO - Processing file /home/airflow/.local/lib/python3.8/site-packages/airflow/example_dags/example_local_kubernetes_executor.py for tasks to queue
[2023-11-29T21:45:41.952+0000] {logging_mixin.py:154} INFO - [2023-11-29T21:45:41.951+0000] {dagbag.py:536} INFO - Filling up the DagBag from /home/airflow/.local/lib/python3.8/site-packages/airflow/example_dags/example_local_kubernetes_executor.py
[2023-11-29T21:45:41.957+0000] {processor.py:839} INFO - DAG(s) dict_keys(['example_local_kubernetes_executor']) retrieved from /home/airflow/.local/lib/python3.8/site-packages/airflow/example_dags/example_local_kubernetes_executor.py
[2023-11-29T21:45:41.977+0000] {logging_mixin.py:154} INFO - [2023-11-29T21:45:41.977+0000] {dag.py:2941} INFO - Sync 1 DAGs
[2023-11-29T21:45:41.985+0000] {logging_mixin.py:154} INFO - [2023-11-29T21:45:41.985+0000] {dag.py:3722} INFO - Setting next_dagrun for example_local_kubernetes_executor to None, run_after=None
[2023-11-29T21:45:41.995+0000] {processor.py:179} INFO - Processing /home/airflow/.local/lib/python3.8/site-packages/airflow/example_dags/example_local_kubernetes_executor.py took 0.048 seconds
[2023-11-29T21:46:13.102+0000] {processor.py:157} INFO - Started process (PID=602) to work on /home/airflow/.local/lib/python3.8/site-packages/airflow/example_dags/example_local_kubernetes_executor.py
[2023-11-29T21:46:13.103+0000] {processor.py:829} INFO - Processing file /home/airflow/.local/lib/python3.8/site-packages/airflow/example_dags/example_local_kubernetes_executor.py for tasks to queue
[2023-11-29T21:46:13.105+0000] {logging_mixin.py:154} INFO - [2023-11-29T21:46:13.105+0000] {dagbag.py:536} INFO - Filling up the DagBag from /home/airflow/.local/lib/python3.8/site-packages/airflow/example_dags/example_local_kubernetes_executor.py
[2023-11-29T21:46:13.110+0000] {processor.py:839} INFO - DAG(s) dict_keys(['example_local_kubernetes_executor']) retrieved from /home/airflow/.local/lib/python3.8/site-packages/airflow/example_dags/example_local_kubernetes_executor.py
[2023-11-29T21:46:13.130+0000] {logging_mixin.py:154} INFO - [2023-11-29T21:46:13.130+0000] {dag.py:2941} INFO - Sync 1 DAGs
[2023-11-29T21:46:13.138+0000] {logging_mixin.py:154} INFO - [2023-11-29T21:46:13.137+0000] {dag.py:3722} INFO - Setting next_dagrun for example_local_kubernetes_executor to None, run_after=None
[2023-11-29T21:46:13.148+0000] {processor.py:179} INFO - Processing /home/airflow/.local/lib/python3.8/site-packages/airflow/example_dags/example_local_kubernetes_executor.py took 0.048 seconds
[2023-11-29T21:46:44.178+0000] {processor.py:157} INFO - Started process (PID=656) to work on /home/airflow/.local/lib/python3.8/site-packages/airflow/example_dags/example_local_kubernetes_executor.py
[2023-11-29T21:46:44.178+0000] {processor.py:829} INFO - Processing file /home/airflow/.local/lib/python3.8/site-packages/airflow/example_dags/example_local_kubernetes_executor.py for tasks to queue
[2023-11-29T21:46:44.180+0000] {logging_mixin.py:154} INFO - [2023-11-29T21:46:44.180+0000] {dagbag.py:536} INFO - Filling up the DagBag from /home/airflow/.local/lib/python3.8/site-packages/airflow/example_dags/example_local_kubernetes_executor.py
[2023-11-29T21:46:44.185+0000] {processor.py:839} INFO - DAG(s) dict_keys(['example_local_kubernetes_executor']) retrieved from /home/airflow/.local/lib/python3.8/site-packages/airflow/example_dags/example_local_kubernetes_executor.py
[2023-11-29T21:46:44.204+0000] {logging_mixin.py:154} INFO - [2023-11-29T21:46:44.204+0000] {dag.py:2941} INFO - Sync 1 DAGs
[2023-11-29T21:46:44.211+0000] {logging_mixin.py:154} INFO - [2023-11-29T21:46:44.211+0000] {dag.py:3722} INFO - Setting next_dagrun for example_local_kubernetes_executor to None, run_after=None
[2023-11-29T21:46:44.220+0000] {processor.py:179} INFO - Processing /home/airflow/.local/lib/python3.8/site-packages/airflow/example_dags/example_local_kubernetes_executor.py took 0.045 seconds
[2023-11-29T21:47:14.249+0000] {processor.py:157} INFO - Started process (PID=710) to work on /home/airflow/.local/lib/python3.8/site-packages/airflow/example_dags/example_local_kubernetes_executor.py
[2023-11-29T21:47:14.250+0000] {processor.py:829} INFO - Processing file /home/airflow/.local/lib/python3.8/site-packages/airflow/example_dags/example_local_kubernetes_executor.py for tasks to queue
[2023-11-29T21:47:14.251+0000] {logging_mixin.py:154} INFO - [2023-11-29T21:47:14.251+0000] {dagbag.py:536} INFO - Filling up the DagBag from /home/airflow/.local/lib/python3.8/site-packages/airflow/example_dags/example_local_kubernetes_executor.py
[2023-11-29T21:47:14.256+0000] {processor.py:839} INFO - DAG(s) dict_keys(['example_local_kubernetes_executor']) retrieved from /home/airflow/.local/lib/python3.8/site-packages/airflow/example_dags/example_local_kubernetes_executor.py
[2023-11-29T21:47:14.278+0000] {logging_mixin.py:154} INFO - [2023-11-29T21:47:14.277+0000] {dag.py:2941} INFO - Sync 1 DAGs
[2023-11-29T21:47:14.285+0000] {logging_mixin.py:154} INFO - [2023-11-29T21:47:14.285+0000] {dag.py:3722} INFO - Setting next_dagrun for example_local_kubernetes_executor to None, run_after=None
[2023-11-29T21:47:14.294+0000] {processor.py:179} INFO - Processing /home/airflow/.local/lib/python3.8/site-packages/airflow/example_dags/example_local_kubernetes_executor.py took 0.049 seconds
[2023-11-29T21:47:44.453+0000] {processor.py:157} INFO - Started process (PID=764) to work on /home/airflow/.local/lib/python3.8/site-packages/airflow/example_dags/example_local_kubernetes_executor.py
[2023-11-29T21:47:44.454+0000] {processor.py:829} INFO - Processing file /home/airflow/.local/lib/python3.8/site-packages/airflow/example_dags/example_local_kubernetes_executor.py for tasks to queue
[2023-11-29T21:47:44.455+0000] {logging_mixin.py:154} INFO - [2023-11-29T21:47:44.455+0000] {dagbag.py:536} INFO - Filling up the DagBag from /home/airflow/.local/lib/python3.8/site-packages/airflow/example_dags/example_local_kubernetes_executor.py
[2023-11-29T21:47:44.460+0000] {processor.py:839} INFO - DAG(s) dict_keys(['example_local_kubernetes_executor']) retrieved from /home/airflow/.local/lib/python3.8/site-packages/airflow/example_dags/example_local_kubernetes_executor.py
[2023-11-29T21:47:44.481+0000] {logging_mixin.py:154} INFO - [2023-11-29T21:47:44.481+0000] {dag.py:2941} INFO - Sync 1 DAGs
[2023-11-29T21:47:44.488+0000] {logging_mixin.py:154} INFO - [2023-11-29T21:47:44.488+0000] {dag.py:3722} INFO - Setting next_dagrun for example_local_kubernetes_executor to None, run_after=None
[2023-11-29T21:47:44.500+0000] {processor.py:179} INFO - Processing /home/airflow/.local/lib/python3.8/site-packages/airflow/example_dags/example_local_kubernetes_executor.py took 0.049 seconds
