[2023-11-29T20:51:40.537+0000] {processor.py:157} INFO - Started process (PID=75) to work on /home/airflow/.local/lib/python3.8/site-packages/airflow/example_dags/example_dag_decorator.py
[2023-11-29T20:51:40.538+0000] {processor.py:829} INFO - Processing file /home/airflow/.local/lib/python3.8/site-packages/airflow/example_dags/example_dag_decorator.py for tasks to queue
[2023-11-29T20:51:40.539+0000] {logging_mixin.py:154} INFO - [2023-11-29T20:51:40.539+0000] {dagbag.py:536} INFO - Filling up the DagBag from /home/airflow/.local/lib/python3.8/site-packages/airflow/example_dags/example_dag_decorator.py
[2023-11-29T20:51:40.592+0000] {processor.py:839} INFO - DAG(s) dict_keys(['example_dag_decorator']) retrieved from /home/airflow/.local/lib/python3.8/site-packages/airflow/example_dags/example_dag_decorator.py
[2023-11-29T20:51:40.659+0000] {logging_mixin.py:154} INFO - [2023-11-29T20:51:40.659+0000] {dag.py:2941} INFO - Sync 1 DAGs
[2023-11-29T20:51:40.666+0000] {logging_mixin.py:154} INFO - [2023-11-29T20:51:40.666+0000] {dag.py:3722} INFO - Setting next_dagrun for example_dag_decorator to None, run_after=None
[2023-11-29T20:51:40.677+0000] {processor.py:179} INFO - Processing /home/airflow/.local/lib/python3.8/site-packages/airflow/example_dags/example_dag_decorator.py took 0.142 seconds
[2023-11-29T20:52:11.333+0000] {processor.py:157} INFO - Started process (PID=129) to work on /home/airflow/.local/lib/python3.8/site-packages/airflow/example_dags/example_dag_decorator.py
[2023-11-29T20:52:11.334+0000] {processor.py:829} INFO - Processing file /home/airflow/.local/lib/python3.8/site-packages/airflow/example_dags/example_dag_decorator.py for tasks to queue
[2023-11-29T20:52:11.335+0000] {logging_mixin.py:154} INFO - [2023-11-29T20:52:11.335+0000] {dagbag.py:536} INFO - Filling up the DagBag from /home/airflow/.local/lib/python3.8/site-packages/airflow/example_dags/example_dag_decorator.py
[2023-11-29T20:52:11.377+0000] {processor.py:839} INFO - DAG(s) dict_keys(['example_dag_decorator']) retrieved from /home/airflow/.local/lib/python3.8/site-packages/airflow/example_dags/example_dag_decorator.py
[2023-11-29T20:52:11.385+0000] {logging_mixin.py:154} INFO - [2023-11-29T20:52:11.385+0000] {dag.py:2941} INFO - Sync 1 DAGs
[2023-11-29T20:52:11.394+0000] {logging_mixin.py:154} INFO - [2023-11-29T20:52:11.394+0000] {dag.py:3722} INFO - Setting next_dagrun for example_dag_decorator to None, run_after=None
[2023-11-29T20:52:11.405+0000] {processor.py:179} INFO - Processing /home/airflow/.local/lib/python3.8/site-packages/airflow/example_dags/example_dag_decorator.py took 0.074 seconds
[2023-11-29T20:52:42.277+0000] {processor.py:157} INFO - Started process (PID=183) to work on /home/airflow/.local/lib/python3.8/site-packages/airflow/example_dags/example_dag_decorator.py
[2023-11-29T20:52:42.277+0000] {processor.py:829} INFO - Processing file /home/airflow/.local/lib/python3.8/site-packages/airflow/example_dags/example_dag_decorator.py for tasks to queue
[2023-11-29T20:52:42.279+0000] {logging_mixin.py:154} INFO - [2023-11-29T20:52:42.278+0000] {dagbag.py:536} INFO - Filling up the DagBag from /home/airflow/.local/lib/python3.8/site-packages/airflow/example_dags/example_dag_decorator.py
[2023-11-29T20:52:42.319+0000] {processor.py:839} INFO - DAG(s) dict_keys(['example_dag_decorator']) retrieved from /home/airflow/.local/lib/python3.8/site-packages/airflow/example_dags/example_dag_decorator.py
[2023-11-29T20:52:42.375+0000] {logging_mixin.py:154} INFO - [2023-11-29T20:52:42.375+0000] {dag.py:2941} INFO - Sync 1 DAGs
[2023-11-29T20:52:42.382+0000] {logging_mixin.py:154} INFO - [2023-11-29T20:52:42.382+0000] {dag.py:3722} INFO - Setting next_dagrun for example_dag_decorator to None, run_after=None
[2023-11-29T20:52:42.392+0000] {processor.py:179} INFO - Processing /home/airflow/.local/lib/python3.8/site-packages/airflow/example_dags/example_dag_decorator.py took 0.118 seconds
[2023-11-29T20:53:12.439+0000] {processor.py:157} INFO - Started process (PID=238) to work on /home/airflow/.local/lib/python3.8/site-packages/airflow/example_dags/example_dag_decorator.py
[2023-11-29T20:53:12.439+0000] {processor.py:829} INFO - Processing file /home/airflow/.local/lib/python3.8/site-packages/airflow/example_dags/example_dag_decorator.py for tasks to queue
[2023-11-29T20:53:12.441+0000] {logging_mixin.py:154} INFO - [2023-11-29T20:53:12.441+0000] {dagbag.py:536} INFO - Filling up the DagBag from /home/airflow/.local/lib/python3.8/site-packages/airflow/example_dags/example_dag_decorator.py
[2023-11-29T20:53:12.481+0000] {processor.py:839} INFO - DAG(s) dict_keys(['example_dag_decorator']) retrieved from /home/airflow/.local/lib/python3.8/site-packages/airflow/example_dags/example_dag_decorator.py
[2023-11-29T20:53:12.538+0000] {logging_mixin.py:154} INFO - [2023-11-29T20:53:12.538+0000] {dag.py:2941} INFO - Sync 1 DAGs
[2023-11-29T20:53:12.544+0000] {logging_mixin.py:154} INFO - [2023-11-29T20:53:12.544+0000] {dag.py:3722} INFO - Setting next_dagrun for example_dag_decorator to None, run_after=None
[2023-11-29T20:53:12.555+0000] {processor.py:179} INFO - Processing /home/airflow/.local/lib/python3.8/site-packages/airflow/example_dags/example_dag_decorator.py took 0.119 seconds
[2023-11-29T20:53:42.652+0000] {processor.py:157} INFO - Started process (PID=294) to work on /home/airflow/.local/lib/python3.8/site-packages/airflow/example_dags/example_dag_decorator.py
[2023-11-29T20:53:42.653+0000] {processor.py:829} INFO - Processing file /home/airflow/.local/lib/python3.8/site-packages/airflow/example_dags/example_dag_decorator.py for tasks to queue
[2023-11-29T20:53:42.654+0000] {logging_mixin.py:154} INFO - [2023-11-29T20:53:42.654+0000] {dagbag.py:536} INFO - Filling up the DagBag from /home/airflow/.local/lib/python3.8/site-packages/airflow/example_dags/example_dag_decorator.py
[2023-11-29T20:53:42.693+0000] {processor.py:839} INFO - DAG(s) dict_keys(['example_dag_decorator']) retrieved from /home/airflow/.local/lib/python3.8/site-packages/airflow/example_dags/example_dag_decorator.py
[2023-11-29T20:53:42.748+0000] {logging_mixin.py:154} INFO - [2023-11-29T20:53:42.748+0000] {dag.py:2941} INFO - Sync 1 DAGs
[2023-11-29T20:53:42.754+0000] {logging_mixin.py:154} INFO - [2023-11-29T20:53:42.753+0000] {dag.py:3722} INFO - Setting next_dagrun for example_dag_decorator to None, run_after=None
[2023-11-29T20:53:42.765+0000] {processor.py:179} INFO - Processing /home/airflow/.local/lib/python3.8/site-packages/airflow/example_dags/example_dag_decorator.py took 0.115 seconds
[2023-11-29T20:54:12.803+0000] {processor.py:157} INFO - Started process (PID=349) to work on /home/airflow/.local/lib/python3.8/site-packages/airflow/example_dags/example_dag_decorator.py
[2023-11-29T20:54:12.803+0000] {processor.py:829} INFO - Processing file /home/airflow/.local/lib/python3.8/site-packages/airflow/example_dags/example_dag_decorator.py for tasks to queue
[2023-11-29T20:54:12.805+0000] {logging_mixin.py:154} INFO - [2023-11-29T20:54:12.805+0000] {dagbag.py:536} INFO - Filling up the DagBag from /home/airflow/.local/lib/python3.8/site-packages/airflow/example_dags/example_dag_decorator.py
[2023-11-29T20:54:12.845+0000] {processor.py:839} INFO - DAG(s) dict_keys(['example_dag_decorator']) retrieved from /home/airflow/.local/lib/python3.8/site-packages/airflow/example_dags/example_dag_decorator.py
[2023-11-29T20:54:12.899+0000] {logging_mixin.py:154} INFO - [2023-11-29T20:54:12.899+0000] {dag.py:2941} INFO - Sync 1 DAGs
[2023-11-29T20:54:12.905+0000] {logging_mixin.py:154} INFO - [2023-11-29T20:54:12.904+0000] {dag.py:3722} INFO - Setting next_dagrun for example_dag_decorator to None, run_after=None
[2023-11-29T20:54:12.914+0000] {processor.py:179} INFO - Processing /home/airflow/.local/lib/python3.8/site-packages/airflow/example_dags/example_dag_decorator.py took 0.114 seconds
[2023-11-29T20:54:43.935+0000] {processor.py:157} INFO - Started process (PID=404) to work on /home/airflow/.local/lib/python3.8/site-packages/airflow/example_dags/example_dag_decorator.py
[2023-11-29T20:54:43.936+0000] {processor.py:829} INFO - Processing file /home/airflow/.local/lib/python3.8/site-packages/airflow/example_dags/example_dag_decorator.py for tasks to queue
[2023-11-29T20:54:43.939+0000] {logging_mixin.py:154} INFO - [2023-11-29T20:54:43.939+0000] {dagbag.py:536} INFO - Filling up the DagBag from /home/airflow/.local/lib/python3.8/site-packages/airflow/example_dags/example_dag_decorator.py
[2023-11-29T20:54:43.988+0000] {processor.py:839} INFO - DAG(s) dict_keys(['example_dag_decorator']) retrieved from /home/airflow/.local/lib/python3.8/site-packages/airflow/example_dags/example_dag_decorator.py
[2023-11-29T20:54:44.041+0000] {logging_mixin.py:154} INFO - [2023-11-29T20:54:44.041+0000] {dag.py:2941} INFO - Sync 1 DAGs
[2023-11-29T20:54:44.047+0000] {logging_mixin.py:154} INFO - [2023-11-29T20:54:44.047+0000] {dag.py:3722} INFO - Setting next_dagrun for example_dag_decorator to None, run_after=None
[2023-11-29T20:54:44.057+0000] {processor.py:179} INFO - Processing /home/airflow/.local/lib/python3.8/site-packages/airflow/example_dags/example_dag_decorator.py took 0.128 seconds
[2023-11-29T20:55:15.089+0000] {processor.py:157} INFO - Started process (PID=458) to work on /home/airflow/.local/lib/python3.8/site-packages/airflow/example_dags/example_dag_decorator.py
[2023-11-29T20:55:15.091+0000] {processor.py:829} INFO - Processing file /home/airflow/.local/lib/python3.8/site-packages/airflow/example_dags/example_dag_decorator.py for tasks to queue
[2023-11-29T20:55:15.094+0000] {logging_mixin.py:154} INFO - [2023-11-29T20:55:15.093+0000] {dagbag.py:536} INFO - Filling up the DagBag from /home/airflow/.local/lib/python3.8/site-packages/airflow/example_dags/example_dag_decorator.py
[2023-11-29T20:55:15.144+0000] {processor.py:839} INFO - DAG(s) dict_keys(['example_dag_decorator']) retrieved from /home/airflow/.local/lib/python3.8/site-packages/airflow/example_dags/example_dag_decorator.py
[2023-11-29T20:55:15.195+0000] {logging_mixin.py:154} INFO - [2023-11-29T20:55:15.195+0000] {dag.py:2941} INFO - Sync 1 DAGs
[2023-11-29T20:55:15.200+0000] {logging_mixin.py:154} INFO - [2023-11-29T20:55:15.200+0000] {dag.py:3722} INFO - Setting next_dagrun for example_dag_decorator to None, run_after=None
[2023-11-29T20:55:15.210+0000] {processor.py:179} INFO - Processing /home/airflow/.local/lib/python3.8/site-packages/airflow/example_dags/example_dag_decorator.py took 0.127 seconds
[2023-11-29T20:55:46.111+0000] {processor.py:157} INFO - Started process (PID=512) to work on /home/airflow/.local/lib/python3.8/site-packages/airflow/example_dags/example_dag_decorator.py
[2023-11-29T20:55:46.113+0000] {processor.py:829} INFO - Processing file /home/airflow/.local/lib/python3.8/site-packages/airflow/example_dags/example_dag_decorator.py for tasks to queue
[2023-11-29T20:55:46.116+0000] {logging_mixin.py:154} INFO - [2023-11-29T20:55:46.115+0000] {dagbag.py:536} INFO - Filling up the DagBag from /home/airflow/.local/lib/python3.8/site-packages/airflow/example_dags/example_dag_decorator.py
[2023-11-29T20:55:46.164+0000] {processor.py:839} INFO - DAG(s) dict_keys(['example_dag_decorator']) retrieved from /home/airflow/.local/lib/python3.8/site-packages/airflow/example_dags/example_dag_decorator.py
[2023-11-29T20:55:46.215+0000] {logging_mixin.py:154} INFO - [2023-11-29T20:55:46.215+0000] {dag.py:2941} INFO - Sync 1 DAGs
[2023-11-29T20:55:46.220+0000] {logging_mixin.py:154} INFO - [2023-11-29T20:55:46.220+0000] {dag.py:3722} INFO - Setting next_dagrun for example_dag_decorator to None, run_after=None
[2023-11-29T20:55:46.230+0000] {processor.py:179} INFO - Processing /home/airflow/.local/lib/python3.8/site-packages/airflow/example_dags/example_dag_decorator.py took 0.124 seconds
[2023-11-29T20:56:17.246+0000] {processor.py:157} INFO - Started process (PID=566) to work on /home/airflow/.local/lib/python3.8/site-packages/airflow/example_dags/example_dag_decorator.py
[2023-11-29T20:56:17.247+0000] {processor.py:829} INFO - Processing file /home/airflow/.local/lib/python3.8/site-packages/airflow/example_dags/example_dag_decorator.py for tasks to queue
[2023-11-29T20:56:17.250+0000] {logging_mixin.py:154} INFO - [2023-11-29T20:56:17.250+0000] {dagbag.py:536} INFO - Filling up the DagBag from /home/airflow/.local/lib/python3.8/site-packages/airflow/example_dags/example_dag_decorator.py
[2023-11-29T20:56:17.300+0000] {processor.py:839} INFO - DAG(s) dict_keys(['example_dag_decorator']) retrieved from /home/airflow/.local/lib/python3.8/site-packages/airflow/example_dags/example_dag_decorator.py
[2023-11-29T20:56:17.352+0000] {logging_mixin.py:154} INFO - [2023-11-29T20:56:17.352+0000] {dag.py:2941} INFO - Sync 1 DAGs
[2023-11-29T20:56:17.358+0000] {logging_mixin.py:154} INFO - [2023-11-29T20:56:17.358+0000] {dag.py:3722} INFO - Setting next_dagrun for example_dag_decorator to None, run_after=None
[2023-11-29T20:56:17.368+0000] {processor.py:179} INFO - Processing /home/airflow/.local/lib/python3.8/site-packages/airflow/example_dags/example_dag_decorator.py took 0.128 seconds
[2023-11-29T20:56:48.168+0000] {processor.py:157} INFO - Started process (PID=620) to work on /home/airflow/.local/lib/python3.8/site-packages/airflow/example_dags/example_dag_decorator.py
[2023-11-29T20:56:48.169+0000] {processor.py:829} INFO - Processing file /home/airflow/.local/lib/python3.8/site-packages/airflow/example_dags/example_dag_decorator.py for tasks to queue
[2023-11-29T20:56:48.172+0000] {logging_mixin.py:154} INFO - [2023-11-29T20:56:48.172+0000] {dagbag.py:536} INFO - Filling up the DagBag from /home/airflow/.local/lib/python3.8/site-packages/airflow/example_dags/example_dag_decorator.py
[2023-11-29T20:56:48.221+0000] {processor.py:839} INFO - DAG(s) dict_keys(['example_dag_decorator']) retrieved from /home/airflow/.local/lib/python3.8/site-packages/airflow/example_dags/example_dag_decorator.py
[2023-11-29T20:56:48.272+0000] {logging_mixin.py:154} INFO - [2023-11-29T20:56:48.272+0000] {dag.py:2941} INFO - Sync 1 DAGs
[2023-11-29T20:56:48.366+0000] {logging_mixin.py:154} INFO - [2023-11-29T20:56:48.366+0000] {dag.py:3722} INFO - Setting next_dagrun for example_dag_decorator to None, run_after=None
[2023-11-29T20:56:48.377+0000] {processor.py:179} INFO - Processing /home/airflow/.local/lib/python3.8/site-packages/airflow/example_dags/example_dag_decorator.py took 0.215 seconds
[2023-11-29T20:57:19.322+0000] {processor.py:157} INFO - Started process (PID=674) to work on /home/airflow/.local/lib/python3.8/site-packages/airflow/example_dags/example_dag_decorator.py
[2023-11-29T20:57:19.323+0000] {processor.py:829} INFO - Processing file /home/airflow/.local/lib/python3.8/site-packages/airflow/example_dags/example_dag_decorator.py for tasks to queue
[2023-11-29T20:57:19.326+0000] {logging_mixin.py:154} INFO - [2023-11-29T20:57:19.326+0000] {dagbag.py:536} INFO - Filling up the DagBag from /home/airflow/.local/lib/python3.8/site-packages/airflow/example_dags/example_dag_decorator.py
[2023-11-29T20:57:19.374+0000] {processor.py:839} INFO - DAG(s) dict_keys(['example_dag_decorator']) retrieved from /home/airflow/.local/lib/python3.8/site-packages/airflow/example_dags/example_dag_decorator.py
[2023-11-29T20:57:19.424+0000] {logging_mixin.py:154} INFO - [2023-11-29T20:57:19.424+0000] {dag.py:2941} INFO - Sync 1 DAGs
[2023-11-29T20:57:19.430+0000] {logging_mixin.py:154} INFO - [2023-11-29T20:57:19.430+0000] {dag.py:3722} INFO - Setting next_dagrun for example_dag_decorator to None, run_after=None
[2023-11-29T20:57:19.439+0000] {processor.py:179} INFO - Processing /home/airflow/.local/lib/python3.8/site-packages/airflow/example_dags/example_dag_decorator.py took 0.122 seconds
[2023-11-29T20:57:49.476+0000] {processor.py:157} INFO - Started process (PID=728) to work on /home/airflow/.local/lib/python3.8/site-packages/airflow/example_dags/example_dag_decorator.py
[2023-11-29T20:57:49.477+0000] {processor.py:829} INFO - Processing file /home/airflow/.local/lib/python3.8/site-packages/airflow/example_dags/example_dag_decorator.py for tasks to queue
[2023-11-29T20:57:49.479+0000] {logging_mixin.py:154} INFO - [2023-11-29T20:57:49.479+0000] {dagbag.py:536} INFO - Filling up the DagBag from /home/airflow/.local/lib/python3.8/site-packages/airflow/example_dags/example_dag_decorator.py
[2023-11-29T20:57:49.524+0000] {processor.py:839} INFO - DAG(s) dict_keys(['example_dag_decorator']) retrieved from /home/airflow/.local/lib/python3.8/site-packages/airflow/example_dags/example_dag_decorator.py
[2023-11-29T20:57:49.577+0000] {logging_mixin.py:154} INFO - [2023-11-29T20:57:49.577+0000] {dag.py:2941} INFO - Sync 1 DAGs
[2023-11-29T20:57:49.582+0000] {logging_mixin.py:154} INFO - [2023-11-29T20:57:49.582+0000] {dag.py:3722} INFO - Setting next_dagrun for example_dag_decorator to None, run_after=None
[2023-11-29T20:57:49.592+0000] {processor.py:179} INFO - Processing /home/airflow/.local/lib/python3.8/site-packages/airflow/example_dags/example_dag_decorator.py took 0.119 seconds
[2023-11-29T20:58:20.550+0000] {processor.py:157} INFO - Started process (PID=782) to work on /home/airflow/.local/lib/python3.8/site-packages/airflow/example_dags/example_dag_decorator.py
[2023-11-29T20:58:20.552+0000] {processor.py:829} INFO - Processing file /home/airflow/.local/lib/python3.8/site-packages/airflow/example_dags/example_dag_decorator.py for tasks to queue
[2023-11-29T20:58:20.555+0000] {logging_mixin.py:154} INFO - [2023-11-29T20:58:20.555+0000] {dagbag.py:536} INFO - Filling up the DagBag from /home/airflow/.local/lib/python3.8/site-packages/airflow/example_dags/example_dag_decorator.py
[2023-11-29T20:58:20.604+0000] {processor.py:839} INFO - DAG(s) dict_keys(['example_dag_decorator']) retrieved from /home/airflow/.local/lib/python3.8/site-packages/airflow/example_dags/example_dag_decorator.py
[2023-11-29T20:58:20.659+0000] {logging_mixin.py:154} INFO - [2023-11-29T20:58:20.659+0000] {dag.py:2941} INFO - Sync 1 DAGs
[2023-11-29T20:58:20.665+0000] {logging_mixin.py:154} INFO - [2023-11-29T20:58:20.665+0000] {dag.py:3722} INFO - Setting next_dagrun for example_dag_decorator to None, run_after=None
[2023-11-29T20:58:20.674+0000] {processor.py:179} INFO - Processing /home/airflow/.local/lib/python3.8/site-packages/airflow/example_dags/example_dag_decorator.py took 0.129 seconds
[2023-11-29T20:58:51.572+0000] {processor.py:157} INFO - Started process (PID=836) to work on /home/airflow/.local/lib/python3.8/site-packages/airflow/example_dags/example_dag_decorator.py
[2023-11-29T20:58:51.573+0000] {processor.py:829} INFO - Processing file /home/airflow/.local/lib/python3.8/site-packages/airflow/example_dags/example_dag_decorator.py for tasks to queue
[2023-11-29T20:58:51.576+0000] {logging_mixin.py:154} INFO - [2023-11-29T20:58:51.575+0000] {dagbag.py:536} INFO - Filling up the DagBag from /home/airflow/.local/lib/python3.8/site-packages/airflow/example_dags/example_dag_decorator.py
[2023-11-29T20:58:51.628+0000] {processor.py:839} INFO - DAG(s) dict_keys(['example_dag_decorator']) retrieved from /home/airflow/.local/lib/python3.8/site-packages/airflow/example_dags/example_dag_decorator.py
[2023-11-29T20:58:51.680+0000] {logging_mixin.py:154} INFO - [2023-11-29T20:58:51.679+0000] {dag.py:2941} INFO - Sync 1 DAGs
[2023-11-29T20:58:51.686+0000] {logging_mixin.py:154} INFO - [2023-11-29T20:58:51.686+0000] {dag.py:3722} INFO - Setting next_dagrun for example_dag_decorator to None, run_after=None
[2023-11-29T20:58:51.776+0000] {processor.py:179} INFO - Processing /home/airflow/.local/lib/python3.8/site-packages/airflow/example_dags/example_dag_decorator.py took 0.209 seconds
[2023-11-29T20:59:22.607+0000] {processor.py:157} INFO - Started process (PID=890) to work on /home/airflow/.local/lib/python3.8/site-packages/airflow/example_dags/example_dag_decorator.py
[2023-11-29T20:59:22.608+0000] {processor.py:829} INFO - Processing file /home/airflow/.local/lib/python3.8/site-packages/airflow/example_dags/example_dag_decorator.py for tasks to queue
[2023-11-29T20:59:22.610+0000] {logging_mixin.py:154} INFO - [2023-11-29T20:59:22.610+0000] {dagbag.py:536} INFO - Filling up the DagBag from /home/airflow/.local/lib/python3.8/site-packages/airflow/example_dags/example_dag_decorator.py
[2023-11-29T20:59:22.654+0000] {processor.py:839} INFO - DAG(s) dict_keys(['example_dag_decorator']) retrieved from /home/airflow/.local/lib/python3.8/site-packages/airflow/example_dags/example_dag_decorator.py
[2023-11-29T20:59:22.705+0000] {logging_mixin.py:154} INFO - [2023-11-29T20:59:22.705+0000] {dag.py:2941} INFO - Sync 1 DAGs
[2023-11-29T20:59:22.711+0000] {logging_mixin.py:154} INFO - [2023-11-29T20:59:22.711+0000] {dag.py:3722} INFO - Setting next_dagrun for example_dag_decorator to None, run_after=None
[2023-11-29T20:59:22.721+0000] {processor.py:179} INFO - Processing /home/airflow/.local/lib/python3.8/site-packages/airflow/example_dags/example_dag_decorator.py took 0.118 seconds
[2023-11-29T20:59:53.325+0000] {processor.py:157} INFO - Started process (PID=944) to work on /home/airflow/.local/lib/python3.8/site-packages/airflow/example_dags/example_dag_decorator.py
[2023-11-29T20:59:53.327+0000] {processor.py:829} INFO - Processing file /home/airflow/.local/lib/python3.8/site-packages/airflow/example_dags/example_dag_decorator.py for tasks to queue
[2023-11-29T20:59:53.330+0000] {logging_mixin.py:154} INFO - [2023-11-29T20:59:53.329+0000] {dagbag.py:536} INFO - Filling up the DagBag from /home/airflow/.local/lib/python3.8/site-packages/airflow/example_dags/example_dag_decorator.py
[2023-11-29T20:59:53.381+0000] {processor.py:839} INFO - DAG(s) dict_keys(['example_dag_decorator']) retrieved from /home/airflow/.local/lib/python3.8/site-packages/airflow/example_dags/example_dag_decorator.py
[2023-11-29T20:59:53.435+0000] {logging_mixin.py:154} INFO - [2023-11-29T20:59:53.435+0000] {dag.py:2941} INFO - Sync 1 DAGs
[2023-11-29T20:59:53.441+0000] {logging_mixin.py:154} INFO - [2023-11-29T20:59:53.441+0000] {dag.py:3722} INFO - Setting next_dagrun for example_dag_decorator to None, run_after=None
[2023-11-29T20:59:53.452+0000] {processor.py:179} INFO - Processing /home/airflow/.local/lib/python3.8/site-packages/airflow/example_dags/example_dag_decorator.py took 0.131 seconds
[2023-11-29T21:00:24.135+0000] {processor.py:157} INFO - Started process (PID=998) to work on /home/airflow/.local/lib/python3.8/site-packages/airflow/example_dags/example_dag_decorator.py
[2023-11-29T21:00:24.136+0000] {processor.py:829} INFO - Processing file /home/airflow/.local/lib/python3.8/site-packages/airflow/example_dags/example_dag_decorator.py for tasks to queue
[2023-11-29T21:00:24.140+0000] {logging_mixin.py:154} INFO - [2023-11-29T21:00:24.139+0000] {dagbag.py:536} INFO - Filling up the DagBag from /home/airflow/.local/lib/python3.8/site-packages/airflow/example_dags/example_dag_decorator.py
[2023-11-29T21:00:24.192+0000] {processor.py:839} INFO - DAG(s) dict_keys(['example_dag_decorator']) retrieved from /home/airflow/.local/lib/python3.8/site-packages/airflow/example_dags/example_dag_decorator.py
[2023-11-29T21:00:24.247+0000] {logging_mixin.py:154} INFO - [2023-11-29T21:00:24.247+0000] {dag.py:2941} INFO - Sync 1 DAGs
[2023-11-29T21:00:24.336+0000] {logging_mixin.py:154} INFO - [2023-11-29T21:00:24.336+0000] {dag.py:3722} INFO - Setting next_dagrun for example_dag_decorator to None, run_after=None
[2023-11-29T21:00:24.346+0000] {processor.py:179} INFO - Processing /home/airflow/.local/lib/python3.8/site-packages/airflow/example_dags/example_dag_decorator.py took 0.217 seconds
[2023-11-29T21:00:55.143+0000] {processor.py:157} INFO - Started process (PID=1052) to work on /home/airflow/.local/lib/python3.8/site-packages/airflow/example_dags/example_dag_decorator.py
[2023-11-29T21:00:55.144+0000] {processor.py:829} INFO - Processing file /home/airflow/.local/lib/python3.8/site-packages/airflow/example_dags/example_dag_decorator.py for tasks to queue
[2023-11-29T21:00:55.147+0000] {logging_mixin.py:154} INFO - [2023-11-29T21:00:55.147+0000] {dagbag.py:536} INFO - Filling up the DagBag from /home/airflow/.local/lib/python3.8/site-packages/airflow/example_dags/example_dag_decorator.py
[2023-11-29T21:00:55.195+0000] {processor.py:839} INFO - DAG(s) dict_keys(['example_dag_decorator']) retrieved from /home/airflow/.local/lib/python3.8/site-packages/airflow/example_dags/example_dag_decorator.py
[2023-11-29T21:00:55.248+0000] {logging_mixin.py:154} INFO - [2023-11-29T21:00:55.248+0000] {dag.py:2941} INFO - Sync 1 DAGs
[2023-11-29T21:00:55.254+0000] {logging_mixin.py:154} INFO - [2023-11-29T21:00:55.254+0000] {dag.py:3722} INFO - Setting next_dagrun for example_dag_decorator to None, run_after=None
[2023-11-29T21:00:55.345+0000] {processor.py:179} INFO - Processing /home/airflow/.local/lib/python3.8/site-packages/airflow/example_dags/example_dag_decorator.py took 0.207 seconds
[2023-11-29T21:01:26.070+0000] {processor.py:157} INFO - Started process (PID=1106) to work on /home/airflow/.local/lib/python3.8/site-packages/airflow/example_dags/example_dag_decorator.py
[2023-11-29T21:01:26.071+0000] {processor.py:829} INFO - Processing file /home/airflow/.local/lib/python3.8/site-packages/airflow/example_dags/example_dag_decorator.py for tasks to queue
[2023-11-29T21:01:26.072+0000] {logging_mixin.py:154} INFO - [2023-11-29T21:01:26.072+0000] {dagbag.py:536} INFO - Filling up the DagBag from /home/airflow/.local/lib/python3.8/site-packages/airflow/example_dags/example_dag_decorator.py
[2023-11-29T21:01:26.110+0000] {processor.py:839} INFO - DAG(s) dict_keys(['example_dag_decorator']) retrieved from /home/airflow/.local/lib/python3.8/site-packages/airflow/example_dags/example_dag_decorator.py
[2023-11-29T21:01:26.162+0000] {logging_mixin.py:154} INFO - [2023-11-29T21:01:26.162+0000] {dag.py:2941} INFO - Sync 1 DAGs
[2023-11-29T21:01:26.168+0000] {logging_mixin.py:154} INFO - [2023-11-29T21:01:26.168+0000] {dag.py:3722} INFO - Setting next_dagrun for example_dag_decorator to None, run_after=None
[2023-11-29T21:01:26.177+0000] {processor.py:179} INFO - Processing /home/airflow/.local/lib/python3.8/site-packages/airflow/example_dags/example_dag_decorator.py took 0.110 seconds
[2023-11-29T21:41:07.344+0000] {processor.py:157} INFO - Started process (PID=39) to work on /home/airflow/.local/lib/python3.8/site-packages/airflow/example_dags/example_dag_decorator.py
[2023-11-29T21:41:07.345+0000] {processor.py:829} INFO - Processing file /home/airflow/.local/lib/python3.8/site-packages/airflow/example_dags/example_dag_decorator.py for tasks to queue
[2023-11-29T21:41:07.346+0000] {logging_mixin.py:154} INFO - [2023-11-29T21:41:07.346+0000] {dagbag.py:536} INFO - Filling up the DagBag from /home/airflow/.local/lib/python3.8/site-packages/airflow/example_dags/example_dag_decorator.py
[2023-11-29T21:41:07.437+0000] {processor.py:839} INFO - DAG(s) dict_keys(['example_dag_decorator']) retrieved from /home/airflow/.local/lib/python3.8/site-packages/airflow/example_dags/example_dag_decorator.py
[2023-11-29T21:41:07.511+0000] {logging_mixin.py:154} INFO - [2023-11-29T21:41:07.510+0000] {manager.py:499} INFO - Created Permission View: %s
[2023-11-29T21:41:07.517+0000] {logging_mixin.py:154} INFO - [2023-11-29T21:41:07.517+0000] {manager.py:499} INFO - Created Permission View: %s
[2023-11-29T21:41:07.521+0000] {logging_mixin.py:154} INFO - [2023-11-29T21:41:07.521+0000] {manager.py:499} INFO - Created Permission View: %s
[2023-11-29T21:41:07.522+0000] {logging_mixin.py:154} INFO - [2023-11-29T21:41:07.522+0000] {dag.py:2941} INFO - Sync 1 DAGs
[2023-11-29T21:41:07.528+0000] {logging_mixin.py:154} INFO - [2023-11-29T21:41:07.528+0000] {dag.py:2963} INFO - Creating ORM DAG for example_dag_decorator
[2023-11-29T21:41:07.529+0000] {logging_mixin.py:154} INFO - [2023-11-29T21:41:07.529+0000] {dag.py:3722} INFO - Setting next_dagrun for example_dag_decorator to None, run_after=None
[2023-11-29T21:41:07.541+0000] {processor.py:179} INFO - Processing /home/airflow/.local/lib/python3.8/site-packages/airflow/example_dags/example_dag_decorator.py took 0.199 seconds
[2023-11-29T21:41:37.666+0000] {processor.py:157} INFO - Started process (PID=93) to work on /home/airflow/.local/lib/python3.8/site-packages/airflow/example_dags/example_dag_decorator.py
[2023-11-29T21:41:37.667+0000] {processor.py:829} INFO - Processing file /home/airflow/.local/lib/python3.8/site-packages/airflow/example_dags/example_dag_decorator.py for tasks to queue
[2023-11-29T21:41:37.669+0000] {logging_mixin.py:154} INFO - [2023-11-29T21:41:37.668+0000] {dagbag.py:536} INFO - Filling up the DagBag from /home/airflow/.local/lib/python3.8/site-packages/airflow/example_dags/example_dag_decorator.py
[2023-11-29T21:41:37.711+0000] {processor.py:839} INFO - DAG(s) dict_keys(['example_dag_decorator']) retrieved from /home/airflow/.local/lib/python3.8/site-packages/airflow/example_dags/example_dag_decorator.py
[2023-11-29T21:41:37.772+0000] {logging_mixin.py:154} INFO - [2023-11-29T21:41:37.772+0000] {dag.py:2941} INFO - Sync 1 DAGs
[2023-11-29T21:41:37.779+0000] {logging_mixin.py:154} INFO - [2023-11-29T21:41:37.778+0000] {dag.py:3722} INFO - Setting next_dagrun for example_dag_decorator to None, run_after=None
[2023-11-29T21:41:37.897+0000] {processor.py:179} INFO - Processing /home/airflow/.local/lib/python3.8/site-packages/airflow/example_dags/example_dag_decorator.py took 0.233 seconds
[2023-11-29T21:42:08.383+0000] {processor.py:157} INFO - Started process (PID=147) to work on /home/airflow/.local/lib/python3.8/site-packages/airflow/example_dags/example_dag_decorator.py
[2023-11-29T21:42:08.384+0000] {processor.py:829} INFO - Processing file /home/airflow/.local/lib/python3.8/site-packages/airflow/example_dags/example_dag_decorator.py for tasks to queue
[2023-11-29T21:42:08.385+0000] {logging_mixin.py:154} INFO - [2023-11-29T21:42:08.385+0000] {dagbag.py:536} INFO - Filling up the DagBag from /home/airflow/.local/lib/python3.8/site-packages/airflow/example_dags/example_dag_decorator.py
[2023-11-29T21:42:08.427+0000] {processor.py:839} INFO - DAG(s) dict_keys(['example_dag_decorator']) retrieved from /home/airflow/.local/lib/python3.8/site-packages/airflow/example_dags/example_dag_decorator.py
[2023-11-29T21:42:08.483+0000] {logging_mixin.py:154} INFO - [2023-11-29T21:42:08.483+0000] {dag.py:2941} INFO - Sync 1 DAGs
[2023-11-29T21:42:08.489+0000] {logging_mixin.py:154} INFO - [2023-11-29T21:42:08.489+0000] {dag.py:3722} INFO - Setting next_dagrun for example_dag_decorator to None, run_after=None
[2023-11-29T21:42:08.500+0000] {processor.py:179} INFO - Processing /home/airflow/.local/lib/python3.8/site-packages/airflow/example_dags/example_dag_decorator.py took 0.120 seconds
[2023-11-29T21:42:39.047+0000] {processor.py:157} INFO - Started process (PID=201) to work on /home/airflow/.local/lib/python3.8/site-packages/airflow/example_dags/example_dag_decorator.py
[2023-11-29T21:42:39.047+0000] {processor.py:829} INFO - Processing file /home/airflow/.local/lib/python3.8/site-packages/airflow/example_dags/example_dag_decorator.py for tasks to queue
[2023-11-29T21:42:39.049+0000] {logging_mixin.py:154} INFO - [2023-11-29T21:42:39.049+0000] {dagbag.py:536} INFO - Filling up the DagBag from /home/airflow/.local/lib/python3.8/site-packages/airflow/example_dags/example_dag_decorator.py
[2023-11-29T21:42:39.087+0000] {processor.py:839} INFO - DAG(s) dict_keys(['example_dag_decorator']) retrieved from /home/airflow/.local/lib/python3.8/site-packages/airflow/example_dags/example_dag_decorator.py
[2023-11-29T21:42:39.243+0000] {logging_mixin.py:154} INFO - [2023-11-29T21:42:39.243+0000] {dag.py:2941} INFO - Sync 1 DAGs
[2023-11-29T21:42:39.248+0000] {logging_mixin.py:154} INFO - [2023-11-29T21:42:39.248+0000] {dag.py:3722} INFO - Setting next_dagrun for example_dag_decorator to None, run_after=None
[2023-11-29T21:42:39.266+0000] {processor.py:179} INFO - Processing /home/airflow/.local/lib/python3.8/site-packages/airflow/example_dags/example_dag_decorator.py took 0.222 seconds
[2023-11-29T21:43:09.308+0000] {processor.py:157} INFO - Started process (PID=257) to work on /home/airflow/.local/lib/python3.8/site-packages/airflow/example_dags/example_dag_decorator.py
[2023-11-29T21:43:09.309+0000] {processor.py:829} INFO - Processing file /home/airflow/.local/lib/python3.8/site-packages/airflow/example_dags/example_dag_decorator.py for tasks to queue
[2023-11-29T21:43:09.310+0000] {logging_mixin.py:154} INFO - [2023-11-29T21:43:09.310+0000] {dagbag.py:536} INFO - Filling up the DagBag from /home/airflow/.local/lib/python3.8/site-packages/airflow/example_dags/example_dag_decorator.py
[2023-11-29T21:43:09.350+0000] {processor.py:839} INFO - DAG(s) dict_keys(['example_dag_decorator']) retrieved from /home/airflow/.local/lib/python3.8/site-packages/airflow/example_dags/example_dag_decorator.py
[2023-11-29T21:43:09.405+0000] {logging_mixin.py:154} INFO - [2023-11-29T21:43:09.405+0000] {dag.py:2941} INFO - Sync 1 DAGs
[2023-11-29T21:43:09.505+0000] {logging_mixin.py:154} INFO - [2023-11-29T21:43:09.505+0000] {dag.py:3722} INFO - Setting next_dagrun for example_dag_decorator to None, run_after=None
[2023-11-29T21:43:09.515+0000] {processor.py:179} INFO - Processing /home/airflow/.local/lib/python3.8/site-packages/airflow/example_dags/example_dag_decorator.py took 0.209 seconds
[2023-11-29T21:43:39.593+0000] {processor.py:157} INFO - Started process (PID=314) to work on /home/airflow/.local/lib/python3.8/site-packages/airflow/example_dags/example_dag_decorator.py
[2023-11-29T21:43:39.593+0000] {processor.py:829} INFO - Processing file /home/airflow/.local/lib/python3.8/site-packages/airflow/example_dags/example_dag_decorator.py for tasks to queue
[2023-11-29T21:43:39.595+0000] {logging_mixin.py:154} INFO - [2023-11-29T21:43:39.595+0000] {dagbag.py:536} INFO - Filling up the DagBag from /home/airflow/.local/lib/python3.8/site-packages/airflow/example_dags/example_dag_decorator.py
[2023-11-29T21:43:39.635+0000] {processor.py:839} INFO - DAG(s) dict_keys(['example_dag_decorator']) retrieved from /home/airflow/.local/lib/python3.8/site-packages/airflow/example_dags/example_dag_decorator.py
[2023-11-29T21:43:39.690+0000] {logging_mixin.py:154} INFO - [2023-11-29T21:43:39.690+0000] {dag.py:2941} INFO - Sync 1 DAGs
[2023-11-29T21:43:39.695+0000] {logging_mixin.py:154} INFO - [2023-11-29T21:43:39.695+0000] {dag.py:3722} INFO - Setting next_dagrun for example_dag_decorator to None, run_after=None
[2023-11-29T21:43:39.706+0000] {processor.py:179} INFO - Processing /home/airflow/.local/lib/python3.8/site-packages/airflow/example_dags/example_dag_decorator.py took 0.116 seconds
[2023-11-29T21:44:09.732+0000] {processor.py:157} INFO - Started process (PID=369) to work on /home/airflow/.local/lib/python3.8/site-packages/airflow/example_dags/example_dag_decorator.py
[2023-11-29T21:44:09.732+0000] {processor.py:829} INFO - Processing file /home/airflow/.local/lib/python3.8/site-packages/airflow/example_dags/example_dag_decorator.py for tasks to queue
[2023-11-29T21:44:09.734+0000] {logging_mixin.py:154} INFO - [2023-11-29T21:44:09.734+0000] {dagbag.py:536} INFO - Filling up the DagBag from /home/airflow/.local/lib/python3.8/site-packages/airflow/example_dags/example_dag_decorator.py
[2023-11-29T21:44:09.772+0000] {processor.py:839} INFO - DAG(s) dict_keys(['example_dag_decorator']) retrieved from /home/airflow/.local/lib/python3.8/site-packages/airflow/example_dags/example_dag_decorator.py
[2023-11-29T21:44:09.910+0000] {logging_mixin.py:154} INFO - [2023-11-29T21:44:09.910+0000] {dag.py:2941} INFO - Sync 1 DAGs
[2023-11-29T21:44:09.915+0000] {logging_mixin.py:154} INFO - [2023-11-29T21:44:09.915+0000] {dag.py:3722} INFO - Setting next_dagrun for example_dag_decorator to None, run_after=None
[2023-11-29T21:44:09.923+0000] {processor.py:179} INFO - Processing /home/airflow/.local/lib/python3.8/site-packages/airflow/example_dags/example_dag_decorator.py took 0.194 seconds
[2023-11-29T21:44:39.951+0000] {processor.py:157} INFO - Started process (PID=424) to work on /home/airflow/.local/lib/python3.8/site-packages/airflow/example_dags/example_dag_decorator.py
[2023-11-29T21:44:39.952+0000] {processor.py:829} INFO - Processing file /home/airflow/.local/lib/python3.8/site-packages/airflow/example_dags/example_dag_decorator.py for tasks to queue
[2023-11-29T21:44:39.953+0000] {logging_mixin.py:154} INFO - [2023-11-29T21:44:39.953+0000] {dagbag.py:536} INFO - Filling up the DagBag from /home/airflow/.local/lib/python3.8/site-packages/airflow/example_dags/example_dag_decorator.py
[2023-11-29T21:44:39.992+0000] {processor.py:839} INFO - DAG(s) dict_keys(['example_dag_decorator']) retrieved from /home/airflow/.local/lib/python3.8/site-packages/airflow/example_dags/example_dag_decorator.py
[2023-11-29T21:44:40.046+0000] {logging_mixin.py:154} INFO - [2023-11-29T21:44:40.045+0000] {dag.py:2941} INFO - Sync 1 DAGs
[2023-11-29T21:44:40.134+0000] {logging_mixin.py:154} INFO - [2023-11-29T21:44:40.134+0000] {dag.py:3722} INFO - Setting next_dagrun for example_dag_decorator to None, run_after=None
[2023-11-29T21:44:40.143+0000] {processor.py:179} INFO - Processing /home/airflow/.local/lib/python3.8/site-packages/airflow/example_dags/example_dag_decorator.py took 0.195 seconds
[2023-11-29T21:45:10.189+0000] {processor.py:157} INFO - Started process (PID=478) to work on /home/airflow/.local/lib/python3.8/site-packages/airflow/example_dags/example_dag_decorator.py
[2023-11-29T21:45:10.190+0000] {processor.py:829} INFO - Processing file /home/airflow/.local/lib/python3.8/site-packages/airflow/example_dags/example_dag_decorator.py for tasks to queue
[2023-11-29T21:45:10.191+0000] {logging_mixin.py:154} INFO - [2023-11-29T21:45:10.191+0000] {dagbag.py:536} INFO - Filling up the DagBag from /home/airflow/.local/lib/python3.8/site-packages/airflow/example_dags/example_dag_decorator.py
[2023-11-29T21:45:10.229+0000] {processor.py:839} INFO - DAG(s) dict_keys(['example_dag_decorator']) retrieved from /home/airflow/.local/lib/python3.8/site-packages/airflow/example_dags/example_dag_decorator.py
[2023-11-29T21:45:10.366+0000] {logging_mixin.py:154} INFO - [2023-11-29T21:45:10.366+0000] {dag.py:2941} INFO - Sync 1 DAGs
[2023-11-29T21:45:10.371+0000] {logging_mixin.py:154} INFO - [2023-11-29T21:45:10.371+0000] {dag.py:3722} INFO - Setting next_dagrun for example_dag_decorator to None, run_after=None
[2023-11-29T21:45:10.380+0000] {processor.py:179} INFO - Processing /home/airflow/.local/lib/python3.8/site-packages/airflow/example_dags/example_dag_decorator.py took 0.193 seconds
[2023-11-29T21:45:41.320+0000] {processor.py:157} INFO - Started process (PID=532) to work on /home/airflow/.local/lib/python3.8/site-packages/airflow/example_dags/example_dag_decorator.py
[2023-11-29T21:45:41.322+0000] {processor.py:829} INFO - Processing file /home/airflow/.local/lib/python3.8/site-packages/airflow/example_dags/example_dag_decorator.py for tasks to queue
[2023-11-29T21:45:41.326+0000] {logging_mixin.py:154} INFO - [2023-11-29T21:45:41.325+0000] {dagbag.py:536} INFO - Filling up the DagBag from /home/airflow/.local/lib/python3.8/site-packages/airflow/example_dags/example_dag_decorator.py
[2023-11-29T21:45:41.376+0000] {processor.py:839} INFO - DAG(s) dict_keys(['example_dag_decorator']) retrieved from /home/airflow/.local/lib/python3.8/site-packages/airflow/example_dags/example_dag_decorator.py
[2023-11-29T21:45:41.514+0000] {logging_mixin.py:154} INFO - [2023-11-29T21:45:41.514+0000] {dag.py:2941} INFO - Sync 1 DAGs
[2023-11-29T21:45:41.519+0000] {logging_mixin.py:154} INFO - [2023-11-29T21:45:41.519+0000] {dag.py:3722} INFO - Setting next_dagrun for example_dag_decorator to None, run_after=None
[2023-11-29T21:45:41.530+0000] {processor.py:179} INFO - Processing /home/airflow/.local/lib/python3.8/site-packages/airflow/example_dags/example_dag_decorator.py took 0.215 seconds
[2023-11-29T21:46:12.529+0000] {processor.py:157} INFO - Started process (PID=586) to work on /home/airflow/.local/lib/python3.8/site-packages/airflow/example_dags/example_dag_decorator.py
[2023-11-29T21:46:12.531+0000] {processor.py:829} INFO - Processing file /home/airflow/.local/lib/python3.8/site-packages/airflow/example_dags/example_dag_decorator.py for tasks to queue
[2023-11-29T21:46:12.535+0000] {logging_mixin.py:154} INFO - [2023-11-29T21:46:12.534+0000] {dagbag.py:536} INFO - Filling up the DagBag from /home/airflow/.local/lib/python3.8/site-packages/airflow/example_dags/example_dag_decorator.py
[2023-11-29T21:46:12.584+0000] {processor.py:839} INFO - DAG(s) dict_keys(['example_dag_decorator']) retrieved from /home/airflow/.local/lib/python3.8/site-packages/airflow/example_dags/example_dag_decorator.py
[2023-11-29T21:46:12.738+0000] {logging_mixin.py:154} INFO - [2023-11-29T21:46:12.738+0000] {dag.py:2941} INFO - Sync 1 DAGs
[2023-11-29T21:46:12.744+0000] {logging_mixin.py:154} INFO - [2023-11-29T21:46:12.744+0000] {dag.py:3722} INFO - Setting next_dagrun for example_dag_decorator to None, run_after=None
[2023-11-29T21:46:12.753+0000] {processor.py:179} INFO - Processing /home/airflow/.local/lib/python3.8/site-packages/airflow/example_dags/example_dag_decorator.py took 0.230 seconds
[2023-11-29T21:46:43.550+0000] {processor.py:157} INFO - Started process (PID=640) to work on /home/airflow/.local/lib/python3.8/site-packages/airflow/example_dags/example_dag_decorator.py
[2023-11-29T21:46:43.551+0000] {processor.py:829} INFO - Processing file /home/airflow/.local/lib/python3.8/site-packages/airflow/example_dags/example_dag_decorator.py for tasks to queue
[2023-11-29T21:46:43.554+0000] {logging_mixin.py:154} INFO - [2023-11-29T21:46:43.554+0000] {dagbag.py:536} INFO - Filling up the DagBag from /home/airflow/.local/lib/python3.8/site-packages/airflow/example_dags/example_dag_decorator.py
[2023-11-29T21:46:43.602+0000] {processor.py:839} INFO - DAG(s) dict_keys(['example_dag_decorator']) retrieved from /home/airflow/.local/lib/python3.8/site-packages/airflow/example_dags/example_dag_decorator.py
[2023-11-29T21:46:43.754+0000] {logging_mixin.py:154} INFO - [2023-11-29T21:46:43.754+0000] {dag.py:2941} INFO - Sync 1 DAGs
[2023-11-29T21:46:43.759+0000] {logging_mixin.py:154} INFO - [2023-11-29T21:46:43.759+0000] {dag.py:3722} INFO - Setting next_dagrun for example_dag_decorator to None, run_after=None
[2023-11-29T21:46:43.770+0000] {processor.py:179} INFO - Processing /home/airflow/.local/lib/python3.8/site-packages/airflow/example_dags/example_dag_decorator.py took 0.226 seconds
[2023-11-29T21:47:13.793+0000] {processor.py:157} INFO - Started process (PID=697) to work on /home/airflow/.local/lib/python3.8/site-packages/airflow/example_dags/example_dag_decorator.py
[2023-11-29T21:47:13.793+0000] {processor.py:829} INFO - Processing file /home/airflow/.local/lib/python3.8/site-packages/airflow/example_dags/example_dag_decorator.py for tasks to queue
[2023-11-29T21:47:13.795+0000] {logging_mixin.py:154} INFO - [2023-11-29T21:47:13.795+0000] {dagbag.py:536} INFO - Filling up the DagBag from /home/airflow/.local/lib/python3.8/site-packages/airflow/example_dags/example_dag_decorator.py
[2023-11-29T21:47:13.834+0000] {processor.py:839} INFO - DAG(s) dict_keys(['example_dag_decorator']) retrieved from /home/airflow/.local/lib/python3.8/site-packages/airflow/example_dags/example_dag_decorator.py
[2023-11-29T21:47:13.987+0000] {logging_mixin.py:154} INFO - [2023-11-29T21:47:13.987+0000] {dag.py:2941} INFO - Sync 1 DAGs
[2023-11-29T21:47:13.992+0000] {logging_mixin.py:154} INFO - [2023-11-29T21:47:13.992+0000] {dag.py:3722} INFO - Setting next_dagrun for example_dag_decorator to None, run_after=None
[2023-11-29T21:47:14.002+0000] {processor.py:179} INFO - Processing /home/airflow/.local/lib/python3.8/site-packages/airflow/example_dags/example_dag_decorator.py took 0.212 seconds
[2023-11-29T21:47:44.043+0000] {processor.py:157} INFO - Started process (PID=752) to work on /home/airflow/.local/lib/python3.8/site-packages/airflow/example_dags/example_dag_decorator.py
[2023-11-29T21:47:44.044+0000] {processor.py:829} INFO - Processing file /home/airflow/.local/lib/python3.8/site-packages/airflow/example_dags/example_dag_decorator.py for tasks to queue
[2023-11-29T21:47:44.046+0000] {logging_mixin.py:154} INFO - [2023-11-29T21:47:44.046+0000] {dagbag.py:536} INFO - Filling up the DagBag from /home/airflow/.local/lib/python3.8/site-packages/airflow/example_dags/example_dag_decorator.py
[2023-11-29T21:47:44.086+0000] {processor.py:839} INFO - DAG(s) dict_keys(['example_dag_decorator']) retrieved from /home/airflow/.local/lib/python3.8/site-packages/airflow/example_dags/example_dag_decorator.py
[2023-11-29T21:47:44.239+0000] {logging_mixin.py:154} INFO - [2023-11-29T21:47:44.239+0000] {dag.py:2941} INFO - Sync 1 DAGs
[2023-11-29T21:47:44.244+0000] {logging_mixin.py:154} INFO - [2023-11-29T21:47:44.244+0000] {dag.py:3722} INFO - Setting next_dagrun for example_dag_decorator to None, run_after=None
[2023-11-29T21:47:44.254+0000] {processor.py:179} INFO - Processing /home/airflow/.local/lib/python3.8/site-packages/airflow/example_dags/example_dag_decorator.py took 0.213 seconds
