[2023-11-29T20:51:40.659+0000] {processor.py:157} INFO - Started process (PID=77) to work on /home/airflow/.local/lib/python3.8/site-packages/airflow/example_dags/example_dynamic_task_mapping_with_no_taskflow_operators.py
[2023-11-29T20:51:40.660+0000] {processor.py:829} INFO - Processing file /home/airflow/.local/lib/python3.8/site-packages/airflow/example_dags/example_dynamic_task_mapping_with_no_taskflow_operators.py for tasks to queue
[2023-11-29T20:51:40.661+0000] {logging_mixin.py:154} INFO - [2023-11-29T20:51:40.661+0000] {dagbag.py:536} INFO - Filling up the DagBag from /home/airflow/.local/lib/python3.8/site-packages/airflow/example_dags/example_dynamic_task_mapping_with_no_taskflow_operators.py
[2023-11-29T20:51:40.666+0000] {processor.py:839} INFO - DAG(s) dict_keys(['example_dynamic_task_mapping_with_no_taskflow_operators']) retrieved from /home/airflow/.local/lib/python3.8/site-packages/airflow/example_dags/example_dynamic_task_mapping_with_no_taskflow_operators.py
[2023-11-29T20:51:40.729+0000] {logging_mixin.py:154} INFO - [2023-11-29T20:51:40.729+0000] {dag.py:2941} INFO - Sync 1 DAGs
[2023-11-29T20:51:40.744+0000] {logging_mixin.py:154} INFO - [2023-11-29T20:51:40.744+0000] {dag.py:3722} INFO - Setting next_dagrun for example_dynamic_task_mapping_with_no_taskflow_operators to 2023-11-28T20:51:40.743999+00:00, run_after=2023-11-29T20:51:40.743999+00:00
[2023-11-29T20:51:40.755+0000] {processor.py:179} INFO - Processing /home/airflow/.local/lib/python3.8/site-packages/airflow/example_dags/example_dynamic_task_mapping_with_no_taskflow_operators.py took 0.099 seconds
[2023-11-29T20:52:11.420+0000] {processor.py:157} INFO - Started process (PID=131) to work on /home/airflow/.local/lib/python3.8/site-packages/airflow/example_dags/example_dynamic_task_mapping_with_no_taskflow_operators.py
[2023-11-29T20:52:11.420+0000] {processor.py:829} INFO - Processing file /home/airflow/.local/lib/python3.8/site-packages/airflow/example_dags/example_dynamic_task_mapping_with_no_taskflow_operators.py for tasks to queue
[2023-11-29T20:52:11.422+0000] {logging_mixin.py:154} INFO - [2023-11-29T20:52:11.422+0000] {dagbag.py:536} INFO - Filling up the DagBag from /home/airflow/.local/lib/python3.8/site-packages/airflow/example_dags/example_dynamic_task_mapping_with_no_taskflow_operators.py
[2023-11-29T20:52:11.426+0000] {processor.py:839} INFO - DAG(s) dict_keys(['example_dynamic_task_mapping_with_no_taskflow_operators']) retrieved from /home/airflow/.local/lib/python3.8/site-packages/airflow/example_dags/example_dynamic_task_mapping_with_no_taskflow_operators.py
[2023-11-29T20:52:11.433+0000] {logging_mixin.py:154} INFO - [2023-11-29T20:52:11.433+0000] {dag.py:2941} INFO - Sync 1 DAGs
[2023-11-29T20:52:11.446+0000] {logging_mixin.py:154} INFO - [2023-11-29T20:52:11.446+0000] {dag.py:3722} INFO - Setting next_dagrun for example_dynamic_task_mapping_with_no_taskflow_operators to 2023-11-28T20:52:11.446376+00:00, run_after=2023-11-29T20:52:11.446376+00:00
[2023-11-29T20:52:11.456+0000] {processor.py:179} INFO - Processing /home/airflow/.local/lib/python3.8/site-packages/airflow/example_dags/example_dynamic_task_mapping_with_no_taskflow_operators.py took 0.039 seconds
[2023-11-29T20:52:42.378+0000] {processor.py:157} INFO - Started process (PID=185) to work on /home/airflow/.local/lib/python3.8/site-packages/airflow/example_dags/example_dynamic_task_mapping_with_no_taskflow_operators.py
[2023-11-29T20:52:42.379+0000] {processor.py:829} INFO - Processing file /home/airflow/.local/lib/python3.8/site-packages/airflow/example_dags/example_dynamic_task_mapping_with_no_taskflow_operators.py for tasks to queue
[2023-11-29T20:52:42.381+0000] {logging_mixin.py:154} INFO - [2023-11-29T20:52:42.380+0000] {dagbag.py:536} INFO - Filling up the DagBag from /home/airflow/.local/lib/python3.8/site-packages/airflow/example_dags/example_dynamic_task_mapping_with_no_taskflow_operators.py
[2023-11-29T20:52:42.385+0000] {processor.py:839} INFO - DAG(s) dict_keys(['example_dynamic_task_mapping_with_no_taskflow_operators']) retrieved from /home/airflow/.local/lib/python3.8/site-packages/airflow/example_dags/example_dynamic_task_mapping_with_no_taskflow_operators.py
[2023-11-29T20:52:42.397+0000] {logging_mixin.py:154} INFO - [2023-11-29T20:52:42.397+0000] {dag.py:2941} INFO - Sync 1 DAGs
[2023-11-29T20:52:42.409+0000] {logging_mixin.py:154} INFO - [2023-11-29T20:52:42.409+0000] {dag.py:3722} INFO - Setting next_dagrun for example_dynamic_task_mapping_with_no_taskflow_operators to 2023-11-28T20:52:42.409609+00:00, run_after=2023-11-29T20:52:42.409609+00:00
[2023-11-29T20:52:42.419+0000] {processor.py:179} INFO - Processing /home/airflow/.local/lib/python3.8/site-packages/airflow/example_dags/example_dynamic_task_mapping_with_no_taskflow_operators.py took 0.043 seconds
[2023-11-29T20:53:12.441+0000] {processor.py:157} INFO - Started process (PID=239) to work on /home/airflow/.local/lib/python3.8/site-packages/airflow/example_dags/example_dynamic_task_mapping_with_no_taskflow_operators.py
[2023-11-29T20:53:12.442+0000] {processor.py:829} INFO - Processing file /home/airflow/.local/lib/python3.8/site-packages/airflow/example_dags/example_dynamic_task_mapping_with_no_taskflow_operators.py for tasks to queue
[2023-11-29T20:53:12.443+0000] {logging_mixin.py:154} INFO - [2023-11-29T20:53:12.443+0000] {dagbag.py:536} INFO - Filling up the DagBag from /home/airflow/.local/lib/python3.8/site-packages/airflow/example_dags/example_dynamic_task_mapping_with_no_taskflow_operators.py
[2023-11-29T20:53:12.447+0000] {processor.py:839} INFO - DAG(s) dict_keys(['example_dynamic_task_mapping_with_no_taskflow_operators']) retrieved from /home/airflow/.local/lib/python3.8/site-packages/airflow/example_dags/example_dynamic_task_mapping_with_no_taskflow_operators.py
[2023-11-29T20:53:12.459+0000] {logging_mixin.py:154} INFO - [2023-11-29T20:53:12.459+0000] {dag.py:2941} INFO - Sync 1 DAGs
[2023-11-29T20:53:12.471+0000] {logging_mixin.py:154} INFO - [2023-11-29T20:53:12.471+0000] {dag.py:3722} INFO - Setting next_dagrun for example_dynamic_task_mapping_with_no_taskflow_operators to 2023-11-28T20:53:12.471558+00:00, run_after=2023-11-29T20:53:12.471558+00:00
[2023-11-29T20:53:12.481+0000] {processor.py:179} INFO - Processing /home/airflow/.local/lib/python3.8/site-packages/airflow/example_dags/example_dynamic_task_mapping_with_no_taskflow_operators.py took 0.041 seconds
[2023-11-29T20:53:42.598+0000] {processor.py:157} INFO - Started process (PID=292) to work on /home/airflow/.local/lib/python3.8/site-packages/airflow/example_dags/example_dynamic_task_mapping_with_no_taskflow_operators.py
[2023-11-29T20:53:42.598+0000] {processor.py:829} INFO - Processing file /home/airflow/.local/lib/python3.8/site-packages/airflow/example_dags/example_dynamic_task_mapping_with_no_taskflow_operators.py for tasks to queue
[2023-11-29T20:53:42.600+0000] {logging_mixin.py:154} INFO - [2023-11-29T20:53:42.600+0000] {dagbag.py:536} INFO - Filling up the DagBag from /home/airflow/.local/lib/python3.8/site-packages/airflow/example_dags/example_dynamic_task_mapping_with_no_taskflow_operators.py
[2023-11-29T20:53:42.604+0000] {processor.py:839} INFO - DAG(s) dict_keys(['example_dynamic_task_mapping_with_no_taskflow_operators']) retrieved from /home/airflow/.local/lib/python3.8/site-packages/airflow/example_dags/example_dynamic_task_mapping_with_no_taskflow_operators.py
[2023-11-29T20:53:42.616+0000] {logging_mixin.py:154} INFO - [2023-11-29T20:53:42.616+0000] {dag.py:2941} INFO - Sync 1 DAGs
[2023-11-29T20:53:42.628+0000] {logging_mixin.py:154} INFO - [2023-11-29T20:53:42.628+0000] {dag.py:3722} INFO - Setting next_dagrun for example_dynamic_task_mapping_with_no_taskflow_operators to 2023-11-28T20:53:42.628290+00:00, run_after=2023-11-29T20:53:42.628290+00:00
[2023-11-29T20:53:42.638+0000] {processor.py:179} INFO - Processing /home/airflow/.local/lib/python3.8/site-packages/airflow/example_dags/example_dynamic_task_mapping_with_no_taskflow_operators.py took 0.042 seconds
[2023-11-29T20:54:12.722+0000] {processor.py:157} INFO - Started process (PID=346) to work on /home/airflow/.local/lib/python3.8/site-packages/airflow/example_dags/example_dynamic_task_mapping_with_no_taskflow_operators.py
[2023-11-29T20:54:12.723+0000] {processor.py:829} INFO - Processing file /home/airflow/.local/lib/python3.8/site-packages/airflow/example_dags/example_dynamic_task_mapping_with_no_taskflow_operators.py for tasks to queue
[2023-11-29T20:54:12.724+0000] {logging_mixin.py:154} INFO - [2023-11-29T20:54:12.724+0000] {dagbag.py:536} INFO - Filling up the DagBag from /home/airflow/.local/lib/python3.8/site-packages/airflow/example_dags/example_dynamic_task_mapping_with_no_taskflow_operators.py
[2023-11-29T20:54:12.729+0000] {processor.py:839} INFO - DAG(s) dict_keys(['example_dynamic_task_mapping_with_no_taskflow_operators']) retrieved from /home/airflow/.local/lib/python3.8/site-packages/airflow/example_dags/example_dynamic_task_mapping_with_no_taskflow_operators.py
[2023-11-29T20:54:12.741+0000] {logging_mixin.py:154} INFO - [2023-11-29T20:54:12.741+0000] {dag.py:2941} INFO - Sync 1 DAGs
[2023-11-29T20:54:12.754+0000] {logging_mixin.py:154} INFO - [2023-11-29T20:54:12.754+0000] {dag.py:3722} INFO - Setting next_dagrun for example_dynamic_task_mapping_with_no_taskflow_operators to 2023-11-28T20:54:12.754387+00:00, run_after=2023-11-29T20:54:12.754387+00:00
[2023-11-29T20:54:12.764+0000] {processor.py:179} INFO - Processing /home/airflow/.local/lib/python3.8/site-packages/airflow/example_dags/example_dynamic_task_mapping_with_no_taskflow_operators.py took 0.045 seconds
[2023-11-29T20:54:42.823+0000] {processor.py:157} INFO - Started process (PID=400) to work on /home/airflow/.local/lib/python3.8/site-packages/airflow/example_dags/example_dynamic_task_mapping_with_no_taskflow_operators.py
[2023-11-29T20:54:42.824+0000] {processor.py:829} INFO - Processing file /home/airflow/.local/lib/python3.8/site-packages/airflow/example_dags/example_dynamic_task_mapping_with_no_taskflow_operators.py for tasks to queue
[2023-11-29T20:54:42.825+0000] {logging_mixin.py:154} INFO - [2023-11-29T20:54:42.825+0000] {dagbag.py:536} INFO - Filling up the DagBag from /home/airflow/.local/lib/python3.8/site-packages/airflow/example_dags/example_dynamic_task_mapping_with_no_taskflow_operators.py
[2023-11-29T20:54:42.829+0000] {processor.py:839} INFO - DAG(s) dict_keys(['example_dynamic_task_mapping_with_no_taskflow_operators']) retrieved from /home/airflow/.local/lib/python3.8/site-packages/airflow/example_dags/example_dynamic_task_mapping_with_no_taskflow_operators.py
[2023-11-29T20:54:42.841+0000] {logging_mixin.py:154} INFO - [2023-11-29T20:54:42.841+0000] {dag.py:2941} INFO - Sync 1 DAGs
[2023-11-29T20:54:42.853+0000] {logging_mixin.py:154} INFO - [2023-11-29T20:54:42.853+0000] {dag.py:3722} INFO - Setting next_dagrun for example_dynamic_task_mapping_with_no_taskflow_operators to 2023-11-28T20:54:42.853105+00:00, run_after=2023-11-29T20:54:42.853105+00:00
[2023-11-29T20:54:42.862+0000] {processor.py:179} INFO - Processing /home/airflow/.local/lib/python3.8/site-packages/airflow/example_dags/example_dynamic_task_mapping_with_no_taskflow_operators.py took 0.042 seconds
[2023-11-29T20:55:12.957+0000] {processor.py:157} INFO - Started process (PID=454) to work on /home/airflow/.local/lib/python3.8/site-packages/airflow/example_dags/example_dynamic_task_mapping_with_no_taskflow_operators.py
[2023-11-29T20:55:12.957+0000] {processor.py:829} INFO - Processing file /home/airflow/.local/lib/python3.8/site-packages/airflow/example_dags/example_dynamic_task_mapping_with_no_taskflow_operators.py for tasks to queue
[2023-11-29T20:55:12.959+0000] {logging_mixin.py:154} INFO - [2023-11-29T20:55:12.959+0000] {dagbag.py:536} INFO - Filling up the DagBag from /home/airflow/.local/lib/python3.8/site-packages/airflow/example_dags/example_dynamic_task_mapping_with_no_taskflow_operators.py
[2023-11-29T20:55:12.963+0000] {processor.py:839} INFO - DAG(s) dict_keys(['example_dynamic_task_mapping_with_no_taskflow_operators']) retrieved from /home/airflow/.local/lib/python3.8/site-packages/airflow/example_dags/example_dynamic_task_mapping_with_no_taskflow_operators.py
[2023-11-29T20:55:12.975+0000] {logging_mixin.py:154} INFO - [2023-11-29T20:55:12.975+0000] {dag.py:2941} INFO - Sync 1 DAGs
[2023-11-29T20:55:12.987+0000] {logging_mixin.py:154} INFO - [2023-11-29T20:55:12.987+0000] {dag.py:3722} INFO - Setting next_dagrun for example_dynamic_task_mapping_with_no_taskflow_operators to 2023-11-28T20:55:12.986882+00:00, run_after=2023-11-29T20:55:12.986882+00:00
[2023-11-29T20:55:12.996+0000] {processor.py:179} INFO - Processing /home/airflow/.local/lib/python3.8/site-packages/airflow/example_dags/example_dynamic_task_mapping_with_no_taskflow_operators.py took 0.042 seconds
[2023-11-29T20:55:43.988+0000] {processor.py:157} INFO - Started process (PID=508) to work on /home/airflow/.local/lib/python3.8/site-packages/airflow/example_dags/example_dynamic_task_mapping_with_no_taskflow_operators.py
[2023-11-29T20:55:43.988+0000] {processor.py:829} INFO - Processing file /home/airflow/.local/lib/python3.8/site-packages/airflow/example_dags/example_dynamic_task_mapping_with_no_taskflow_operators.py for tasks to queue
[2023-11-29T20:55:43.990+0000] {logging_mixin.py:154} INFO - [2023-11-29T20:55:43.990+0000] {dagbag.py:536} INFO - Filling up the DagBag from /home/airflow/.local/lib/python3.8/site-packages/airflow/example_dags/example_dynamic_task_mapping_with_no_taskflow_operators.py
[2023-11-29T20:55:43.994+0000] {processor.py:839} INFO - DAG(s) dict_keys(['example_dynamic_task_mapping_with_no_taskflow_operators']) retrieved from /home/airflow/.local/lib/python3.8/site-packages/airflow/example_dags/example_dynamic_task_mapping_with_no_taskflow_operators.py
[2023-11-29T20:55:44.005+0000] {logging_mixin.py:154} INFO - [2023-11-29T20:55:44.005+0000] {dag.py:2941} INFO - Sync 1 DAGs
[2023-11-29T20:55:44.017+0000] {logging_mixin.py:154} INFO - [2023-11-29T20:55:44.017+0000] {dag.py:3722} INFO - Setting next_dagrun for example_dynamic_task_mapping_with_no_taskflow_operators to 2023-11-28T20:55:44.016925+00:00, run_after=2023-11-29T20:55:44.016925+00:00
[2023-11-29T20:55:44.026+0000] {processor.py:179} INFO - Processing /home/airflow/.local/lib/python3.8/site-packages/airflow/example_dags/example_dynamic_task_mapping_with_no_taskflow_operators.py took 0.040 seconds
[2023-11-29T20:56:14.106+0000] {processor.py:157} INFO - Started process (PID=562) to work on /home/airflow/.local/lib/python3.8/site-packages/airflow/example_dags/example_dynamic_task_mapping_with_no_taskflow_operators.py
[2023-11-29T20:56:14.106+0000] {processor.py:829} INFO - Processing file /home/airflow/.local/lib/python3.8/site-packages/airflow/example_dags/example_dynamic_task_mapping_with_no_taskflow_operators.py for tasks to queue
[2023-11-29T20:56:14.108+0000] {logging_mixin.py:154} INFO - [2023-11-29T20:56:14.108+0000] {dagbag.py:536} INFO - Filling up the DagBag from /home/airflow/.local/lib/python3.8/site-packages/airflow/example_dags/example_dynamic_task_mapping_with_no_taskflow_operators.py
[2023-11-29T20:56:14.112+0000] {processor.py:839} INFO - DAG(s) dict_keys(['example_dynamic_task_mapping_with_no_taskflow_operators']) retrieved from /home/airflow/.local/lib/python3.8/site-packages/airflow/example_dags/example_dynamic_task_mapping_with_no_taskflow_operators.py
[2023-11-29T20:56:14.124+0000] {logging_mixin.py:154} INFO - [2023-11-29T20:56:14.124+0000] {dag.py:2941} INFO - Sync 1 DAGs
[2023-11-29T20:56:14.136+0000] {logging_mixin.py:154} INFO - [2023-11-29T20:56:14.136+0000] {dag.py:3722} INFO - Setting next_dagrun for example_dynamic_task_mapping_with_no_taskflow_operators to 2023-11-28T20:56:14.136490+00:00, run_after=2023-11-29T20:56:14.136490+00:00
[2023-11-29T20:56:14.146+0000] {processor.py:179} INFO - Processing /home/airflow/.local/lib/python3.8/site-packages/airflow/example_dags/example_dynamic_task_mapping_with_no_taskflow_operators.py took 0.042 seconds
[2023-11-29T20:56:45.015+0000] {processor.py:157} INFO - Started process (PID=616) to work on /home/airflow/.local/lib/python3.8/site-packages/airflow/example_dags/example_dynamic_task_mapping_with_no_taskflow_operators.py
[2023-11-29T20:56:45.016+0000] {processor.py:829} INFO - Processing file /home/airflow/.local/lib/python3.8/site-packages/airflow/example_dags/example_dynamic_task_mapping_with_no_taskflow_operators.py for tasks to queue
[2023-11-29T20:56:45.017+0000] {logging_mixin.py:154} INFO - [2023-11-29T20:56:45.017+0000] {dagbag.py:536} INFO - Filling up the DagBag from /home/airflow/.local/lib/python3.8/site-packages/airflow/example_dags/example_dynamic_task_mapping_with_no_taskflow_operators.py
[2023-11-29T20:56:45.022+0000] {processor.py:839} INFO - DAG(s) dict_keys(['example_dynamic_task_mapping_with_no_taskflow_operators']) retrieved from /home/airflow/.local/lib/python3.8/site-packages/airflow/example_dags/example_dynamic_task_mapping_with_no_taskflow_operators.py
[2023-11-29T20:56:45.034+0000] {logging_mixin.py:154} INFO - [2023-11-29T20:56:45.034+0000] {dag.py:2941} INFO - Sync 1 DAGs
[2023-11-29T20:56:45.045+0000] {logging_mixin.py:154} INFO - [2023-11-29T20:56:45.045+0000] {dag.py:3722} INFO - Setting next_dagrun for example_dynamic_task_mapping_with_no_taskflow_operators to 2023-11-28T20:56:45.045663+00:00, run_after=2023-11-29T20:56:45.045663+00:00
[2023-11-29T20:56:45.055+0000] {processor.py:179} INFO - Processing /home/airflow/.local/lib/python3.8/site-packages/airflow/example_dags/example_dynamic_task_mapping_with_no_taskflow_operators.py took 0.042 seconds
[2023-11-29T20:57:15.175+0000] {processor.py:157} INFO - Started process (PID=670) to work on /home/airflow/.local/lib/python3.8/site-packages/airflow/example_dags/example_dynamic_task_mapping_with_no_taskflow_operators.py
[2023-11-29T20:57:15.176+0000] {processor.py:829} INFO - Processing file /home/airflow/.local/lib/python3.8/site-packages/airflow/example_dags/example_dynamic_task_mapping_with_no_taskflow_operators.py for tasks to queue
[2023-11-29T20:57:15.177+0000] {logging_mixin.py:154} INFO - [2023-11-29T20:57:15.177+0000] {dagbag.py:536} INFO - Filling up the DagBag from /home/airflow/.local/lib/python3.8/site-packages/airflow/example_dags/example_dynamic_task_mapping_with_no_taskflow_operators.py
[2023-11-29T20:57:15.181+0000] {processor.py:839} INFO - DAG(s) dict_keys(['example_dynamic_task_mapping_with_no_taskflow_operators']) retrieved from /home/airflow/.local/lib/python3.8/site-packages/airflow/example_dags/example_dynamic_task_mapping_with_no_taskflow_operators.py
[2023-11-29T20:57:15.193+0000] {logging_mixin.py:154} INFO - [2023-11-29T20:57:15.193+0000] {dag.py:2941} INFO - Sync 1 DAGs
[2023-11-29T20:57:15.206+0000] {logging_mixin.py:154} INFO - [2023-11-29T20:57:15.206+0000] {dag.py:3722} INFO - Setting next_dagrun for example_dynamic_task_mapping_with_no_taskflow_operators to 2023-11-28T20:57:15.206040+00:00, run_after=2023-11-29T20:57:15.206040+00:00
[2023-11-29T20:57:15.215+0000] {processor.py:179} INFO - Processing /home/airflow/.local/lib/python3.8/site-packages/airflow/example_dags/example_dynamic_task_mapping_with_no_taskflow_operators.py took 0.042 seconds
[2023-11-29T20:57:45.356+0000] {processor.py:157} INFO - Started process (PID=724) to work on /home/airflow/.local/lib/python3.8/site-packages/airflow/example_dags/example_dynamic_task_mapping_with_no_taskflow_operators.py
[2023-11-29T20:57:45.356+0000] {processor.py:829} INFO - Processing file /home/airflow/.local/lib/python3.8/site-packages/airflow/example_dags/example_dynamic_task_mapping_with_no_taskflow_operators.py for tasks to queue
[2023-11-29T20:57:45.358+0000] {logging_mixin.py:154} INFO - [2023-11-29T20:57:45.358+0000] {dagbag.py:536} INFO - Filling up the DagBag from /home/airflow/.local/lib/python3.8/site-packages/airflow/example_dags/example_dynamic_task_mapping_with_no_taskflow_operators.py
[2023-11-29T20:57:45.362+0000] {processor.py:839} INFO - DAG(s) dict_keys(['example_dynamic_task_mapping_with_no_taskflow_operators']) retrieved from /home/airflow/.local/lib/python3.8/site-packages/airflow/example_dags/example_dynamic_task_mapping_with_no_taskflow_operators.py
[2023-11-29T20:57:45.376+0000] {logging_mixin.py:154} INFO - [2023-11-29T20:57:45.375+0000] {dag.py:2941} INFO - Sync 1 DAGs
[2023-11-29T20:57:45.389+0000] {logging_mixin.py:154} INFO - [2023-11-29T20:57:45.389+0000] {dag.py:3722} INFO - Setting next_dagrun for example_dynamic_task_mapping_with_no_taskflow_operators to 2023-11-28T20:57:45.389369+00:00, run_after=2023-11-29T20:57:45.389369+00:00
[2023-11-29T20:57:45.400+0000] {processor.py:179} INFO - Processing /home/airflow/.local/lib/python3.8/site-packages/airflow/example_dags/example_dynamic_task_mapping_with_no_taskflow_operators.py took 0.046 seconds
[2023-11-29T20:58:15.440+0000] {processor.py:157} INFO - Started process (PID=780) to work on /home/airflow/.local/lib/python3.8/site-packages/airflow/example_dags/example_dynamic_task_mapping_with_no_taskflow_operators.py
[2023-11-29T20:58:15.440+0000] {processor.py:829} INFO - Processing file /home/airflow/.local/lib/python3.8/site-packages/airflow/example_dags/example_dynamic_task_mapping_with_no_taskflow_operators.py for tasks to queue
[2023-11-29T20:58:15.442+0000] {logging_mixin.py:154} INFO - [2023-11-29T20:58:15.442+0000] {dagbag.py:536} INFO - Filling up the DagBag from /home/airflow/.local/lib/python3.8/site-packages/airflow/example_dags/example_dynamic_task_mapping_with_no_taskflow_operators.py
[2023-11-29T20:58:15.446+0000] {processor.py:839} INFO - DAG(s) dict_keys(['example_dynamic_task_mapping_with_no_taskflow_operators']) retrieved from /home/airflow/.local/lib/python3.8/site-packages/airflow/example_dags/example_dynamic_task_mapping_with_no_taskflow_operators.py
[2023-11-29T20:58:15.458+0000] {logging_mixin.py:154} INFO - [2023-11-29T20:58:15.458+0000] {dag.py:2941} INFO - Sync 1 DAGs
[2023-11-29T20:58:15.469+0000] {logging_mixin.py:154} INFO - [2023-11-29T20:58:15.469+0000] {dag.py:3722} INFO - Setting next_dagrun for example_dynamic_task_mapping_with_no_taskflow_operators to 2023-11-28T20:58:15.469671+00:00, run_after=2023-11-29T20:58:15.469671+00:00
[2023-11-29T20:58:15.478+0000] {processor.py:179} INFO - Processing /home/airflow/.local/lib/python3.8/site-packages/airflow/example_dags/example_dynamic_task_mapping_with_no_taskflow_operators.py took 0.041 seconds
[2023-11-29T20:58:46.444+0000] {processor.py:157} INFO - Started process (PID=832) to work on /home/airflow/.local/lib/python3.8/site-packages/airflow/example_dags/example_dynamic_task_mapping_with_no_taskflow_operators.py
[2023-11-29T20:58:46.445+0000] {processor.py:829} INFO - Processing file /home/airflow/.local/lib/python3.8/site-packages/airflow/example_dags/example_dynamic_task_mapping_with_no_taskflow_operators.py for tasks to queue
[2023-11-29T20:58:46.447+0000] {logging_mixin.py:154} INFO - [2023-11-29T20:58:46.446+0000] {dagbag.py:536} INFO - Filling up the DagBag from /home/airflow/.local/lib/python3.8/site-packages/airflow/example_dags/example_dynamic_task_mapping_with_no_taskflow_operators.py
[2023-11-29T20:58:46.451+0000] {processor.py:839} INFO - DAG(s) dict_keys(['example_dynamic_task_mapping_with_no_taskflow_operators']) retrieved from /home/airflow/.local/lib/python3.8/site-packages/airflow/example_dags/example_dynamic_task_mapping_with_no_taskflow_operators.py
[2023-11-29T20:58:46.462+0000] {logging_mixin.py:154} INFO - [2023-11-29T20:58:46.462+0000] {dag.py:2941} INFO - Sync 1 DAGs
[2023-11-29T20:58:46.474+0000] {logging_mixin.py:154} INFO - [2023-11-29T20:58:46.474+0000] {dag.py:3722} INFO - Setting next_dagrun for example_dynamic_task_mapping_with_no_taskflow_operators to 2023-11-28T20:58:46.474245+00:00, run_after=2023-11-29T20:58:46.474245+00:00
[2023-11-29T20:58:46.483+0000] {processor.py:179} INFO - Processing /home/airflow/.local/lib/python3.8/site-packages/airflow/example_dags/example_dynamic_task_mapping_with_no_taskflow_operators.py took 0.041 seconds
[2023-11-29T20:59:17.456+0000] {processor.py:157} INFO - Started process (PID=886) to work on /home/airflow/.local/lib/python3.8/site-packages/airflow/example_dags/example_dynamic_task_mapping_with_no_taskflow_operators.py
[2023-11-29T20:59:17.457+0000] {processor.py:829} INFO - Processing file /home/airflow/.local/lib/python3.8/site-packages/airflow/example_dags/example_dynamic_task_mapping_with_no_taskflow_operators.py for tasks to queue
[2023-11-29T20:59:17.459+0000] {logging_mixin.py:154} INFO - [2023-11-29T20:59:17.458+0000] {dagbag.py:536} INFO - Filling up the DagBag from /home/airflow/.local/lib/python3.8/site-packages/airflow/example_dags/example_dynamic_task_mapping_with_no_taskflow_operators.py
[2023-11-29T20:59:17.463+0000] {processor.py:839} INFO - DAG(s) dict_keys(['example_dynamic_task_mapping_with_no_taskflow_operators']) retrieved from /home/airflow/.local/lib/python3.8/site-packages/airflow/example_dags/example_dynamic_task_mapping_with_no_taskflow_operators.py
[2023-11-29T20:59:17.475+0000] {logging_mixin.py:154} INFO - [2023-11-29T20:59:17.475+0000] {dag.py:2941} INFO - Sync 1 DAGs
[2023-11-29T20:59:17.488+0000] {logging_mixin.py:154} INFO - [2023-11-29T20:59:17.487+0000] {dag.py:3722} INFO - Setting next_dagrun for example_dynamic_task_mapping_with_no_taskflow_operators to 2023-11-28T20:59:17.487758+00:00, run_after=2023-11-29T20:59:17.487758+00:00
[2023-11-29T20:59:17.497+0000] {processor.py:179} INFO - Processing /home/airflow/.local/lib/python3.8/site-packages/airflow/example_dags/example_dynamic_task_mapping_with_no_taskflow_operators.py took 0.043 seconds
[2023-11-29T20:59:48.174+0000] {processor.py:157} INFO - Started process (PID=940) to work on /home/airflow/.local/lib/python3.8/site-packages/airflow/example_dags/example_dynamic_task_mapping_with_no_taskflow_operators.py
[2023-11-29T20:59:48.175+0000] {processor.py:829} INFO - Processing file /home/airflow/.local/lib/python3.8/site-packages/airflow/example_dags/example_dynamic_task_mapping_with_no_taskflow_operators.py for tasks to queue
[2023-11-29T20:59:48.176+0000] {logging_mixin.py:154} INFO - [2023-11-29T20:59:48.176+0000] {dagbag.py:536} INFO - Filling up the DagBag from /home/airflow/.local/lib/python3.8/site-packages/airflow/example_dags/example_dynamic_task_mapping_with_no_taskflow_operators.py
[2023-11-29T20:59:48.180+0000] {processor.py:839} INFO - DAG(s) dict_keys(['example_dynamic_task_mapping_with_no_taskflow_operators']) retrieved from /home/airflow/.local/lib/python3.8/site-packages/airflow/example_dags/example_dynamic_task_mapping_with_no_taskflow_operators.py
[2023-11-29T20:59:48.193+0000] {logging_mixin.py:154} INFO - [2023-11-29T20:59:48.192+0000] {dag.py:2941} INFO - Sync 1 DAGs
[2023-11-29T20:59:48.204+0000] {logging_mixin.py:154} INFO - [2023-11-29T20:59:48.204+0000] {dag.py:3722} INFO - Setting next_dagrun for example_dynamic_task_mapping_with_no_taskflow_operators to 2023-11-28T20:59:48.204593+00:00, run_after=2023-11-29T20:59:48.204593+00:00
[2023-11-29T20:59:48.215+0000] {processor.py:179} INFO - Processing /home/airflow/.local/lib/python3.8/site-packages/airflow/example_dags/example_dynamic_task_mapping_with_no_taskflow_operators.py took 0.043 seconds
[2023-11-29T21:00:18.992+0000] {processor.py:157} INFO - Started process (PID=994) to work on /home/airflow/.local/lib/python3.8/site-packages/airflow/example_dags/example_dynamic_task_mapping_with_no_taskflow_operators.py
[2023-11-29T21:00:18.993+0000] {processor.py:829} INFO - Processing file /home/airflow/.local/lib/python3.8/site-packages/airflow/example_dags/example_dynamic_task_mapping_with_no_taskflow_operators.py for tasks to queue
[2023-11-29T21:00:18.995+0000] {logging_mixin.py:154} INFO - [2023-11-29T21:00:18.994+0000] {dagbag.py:536} INFO - Filling up the DagBag from /home/airflow/.local/lib/python3.8/site-packages/airflow/example_dags/example_dynamic_task_mapping_with_no_taskflow_operators.py
[2023-11-29T21:00:18.999+0000] {processor.py:839} INFO - DAG(s) dict_keys(['example_dynamic_task_mapping_with_no_taskflow_operators']) retrieved from /home/airflow/.local/lib/python3.8/site-packages/airflow/example_dags/example_dynamic_task_mapping_with_no_taskflow_operators.py
[2023-11-29T21:00:19.011+0000] {logging_mixin.py:154} INFO - [2023-11-29T21:00:19.011+0000] {dag.py:2941} INFO - Sync 1 DAGs
[2023-11-29T21:00:19.023+0000] {logging_mixin.py:154} INFO - [2023-11-29T21:00:19.022+0000] {dag.py:3722} INFO - Setting next_dagrun for example_dynamic_task_mapping_with_no_taskflow_operators to 2023-11-28T21:00:19.022779+00:00, run_after=2023-11-29T21:00:19.022779+00:00
[2023-11-29T21:00:19.032+0000] {processor.py:179} INFO - Processing /home/airflow/.local/lib/python3.8/site-packages/airflow/example_dags/example_dynamic_task_mapping_with_no_taskflow_operators.py took 0.042 seconds
[2023-11-29T21:00:49.991+0000] {processor.py:157} INFO - Started process (PID=1048) to work on /home/airflow/.local/lib/python3.8/site-packages/airflow/example_dags/example_dynamic_task_mapping_with_no_taskflow_operators.py
[2023-11-29T21:00:49.992+0000] {processor.py:829} INFO - Processing file /home/airflow/.local/lib/python3.8/site-packages/airflow/example_dags/example_dynamic_task_mapping_with_no_taskflow_operators.py for tasks to queue
[2023-11-29T21:00:49.993+0000] {logging_mixin.py:154} INFO - [2023-11-29T21:00:49.993+0000] {dagbag.py:536} INFO - Filling up the DagBag from /home/airflow/.local/lib/python3.8/site-packages/airflow/example_dags/example_dynamic_task_mapping_with_no_taskflow_operators.py
[2023-11-29T21:00:49.998+0000] {processor.py:839} INFO - DAG(s) dict_keys(['example_dynamic_task_mapping_with_no_taskflow_operators']) retrieved from /home/airflow/.local/lib/python3.8/site-packages/airflow/example_dags/example_dynamic_task_mapping_with_no_taskflow_operators.py
[2023-11-29T21:00:50.009+0000] {logging_mixin.py:154} INFO - [2023-11-29T21:00:50.009+0000] {dag.py:2941} INFO - Sync 1 DAGs
[2023-11-29T21:00:50.022+0000] {logging_mixin.py:154} INFO - [2023-11-29T21:00:50.022+0000] {dag.py:3722} INFO - Setting next_dagrun for example_dynamic_task_mapping_with_no_taskflow_operators to 2023-11-28T21:00:50.022082+00:00, run_after=2023-11-29T21:00:50.022082+00:00
[2023-11-29T21:00:50.031+0000] {processor.py:179} INFO - Processing /home/airflow/.local/lib/python3.8/site-packages/airflow/example_dags/example_dynamic_task_mapping_with_no_taskflow_operators.py took 0.042 seconds
[2023-11-29T21:01:20.943+0000] {processor.py:157} INFO - Started process (PID=1102) to work on /home/airflow/.local/lib/python3.8/site-packages/airflow/example_dags/example_dynamic_task_mapping_with_no_taskflow_operators.py
[2023-11-29T21:01:20.943+0000] {processor.py:829} INFO - Processing file /home/airflow/.local/lib/python3.8/site-packages/airflow/example_dags/example_dynamic_task_mapping_with_no_taskflow_operators.py for tasks to queue
[2023-11-29T21:01:20.945+0000] {logging_mixin.py:154} INFO - [2023-11-29T21:01:20.945+0000] {dagbag.py:536} INFO - Filling up the DagBag from /home/airflow/.local/lib/python3.8/site-packages/airflow/example_dags/example_dynamic_task_mapping_with_no_taskflow_operators.py
[2023-11-29T21:01:20.949+0000] {processor.py:839} INFO - DAG(s) dict_keys(['example_dynamic_task_mapping_with_no_taskflow_operators']) retrieved from /home/airflow/.local/lib/python3.8/site-packages/airflow/example_dags/example_dynamic_task_mapping_with_no_taskflow_operators.py
[2023-11-29T21:01:20.961+0000] {logging_mixin.py:154} INFO - [2023-11-29T21:01:20.961+0000] {dag.py:2941} INFO - Sync 1 DAGs
[2023-11-29T21:01:20.973+0000] {logging_mixin.py:154} INFO - [2023-11-29T21:01:20.973+0000] {dag.py:3722} INFO - Setting next_dagrun for example_dynamic_task_mapping_with_no_taskflow_operators to 2023-11-28T21:01:20.973365+00:00, run_after=2023-11-29T21:01:20.973365+00:00
[2023-11-29T21:01:20.982+0000] {processor.py:179} INFO - Processing /home/airflow/.local/lib/python3.8/site-packages/airflow/example_dags/example_dynamic_task_mapping_with_no_taskflow_operators.py took 0.042 seconds
[2023-11-29T21:41:08.290+0000] {processor.py:157} INFO - Started process (PID=52) to work on /home/airflow/.local/lib/python3.8/site-packages/airflow/example_dags/example_dynamic_task_mapping_with_no_taskflow_operators.py
[2023-11-29T21:41:08.291+0000] {processor.py:829} INFO - Processing file /home/airflow/.local/lib/python3.8/site-packages/airflow/example_dags/example_dynamic_task_mapping_with_no_taskflow_operators.py for tasks to queue
[2023-11-29T21:41:08.293+0000] {logging_mixin.py:154} INFO - [2023-11-29T21:41:08.293+0000] {dagbag.py:536} INFO - Filling up the DagBag from /home/airflow/.local/lib/python3.8/site-packages/airflow/example_dags/example_dynamic_task_mapping_with_no_taskflow_operators.py
[2023-11-29T21:41:08.299+0000] {processor.py:839} INFO - DAG(s) dict_keys(['example_dynamic_task_mapping_with_no_taskflow_operators']) retrieved from /home/airflow/.local/lib/python3.8/site-packages/airflow/example_dags/example_dynamic_task_mapping_with_no_taskflow_operators.py
[2023-11-29T21:41:08.370+0000] {logging_mixin.py:154} INFO - [2023-11-29T21:41:08.370+0000] {manager.py:499} INFO - Created Permission View: %s
[2023-11-29T21:41:08.377+0000] {logging_mixin.py:154} INFO - [2023-11-29T21:41:08.376+0000] {manager.py:499} INFO - Created Permission View: %s
[2023-11-29T21:41:08.381+0000] {logging_mixin.py:154} INFO - [2023-11-29T21:41:08.381+0000] {manager.py:499} INFO - Created Permission View: %s
[2023-11-29T21:41:08.381+0000] {logging_mixin.py:154} INFO - [2023-11-29T21:41:08.381+0000] {dag.py:2941} INFO - Sync 1 DAGs
[2023-11-29T21:41:08.388+0000] {logging_mixin.py:154} INFO - [2023-11-29T21:41:08.387+0000] {dag.py:2963} INFO - Creating ORM DAG for example_dynamic_task_mapping_with_no_taskflow_operators
[2023-11-29T21:41:08.393+0000] {logging_mixin.py:154} INFO - [2023-11-29T21:41:08.393+0000] {dag.py:3722} INFO - Setting next_dagrun for example_dynamic_task_mapping_with_no_taskflow_operators to 2023-11-28T21:41:08.393398+00:00, run_after=2023-11-29T21:41:08.393398+00:00
[2023-11-29T21:41:08.402+0000] {processor.py:179} INFO - Processing /home/airflow/.local/lib/python3.8/site-packages/airflow/example_dags/example_dynamic_task_mapping_with_no_taskflow_operators.py took 0.115 seconds
[2023-11-29T21:41:39.172+0000] {processor.py:157} INFO - Started process (PID=106) to work on /home/airflow/.local/lib/python3.8/site-packages/airflow/example_dags/example_dynamic_task_mapping_with_no_taskflow_operators.py
[2023-11-29T21:41:39.172+0000] {processor.py:829} INFO - Processing file /home/airflow/.local/lib/python3.8/site-packages/airflow/example_dags/example_dynamic_task_mapping_with_no_taskflow_operators.py for tasks to queue
[2023-11-29T21:41:39.174+0000] {logging_mixin.py:154} INFO - [2023-11-29T21:41:39.174+0000] {dagbag.py:536} INFO - Filling up the DagBag from /home/airflow/.local/lib/python3.8/site-packages/airflow/example_dags/example_dynamic_task_mapping_with_no_taskflow_operators.py
[2023-11-29T21:41:39.178+0000] {processor.py:839} INFO - DAG(s) dict_keys(['example_dynamic_task_mapping_with_no_taskflow_operators']) retrieved from /home/airflow/.local/lib/python3.8/site-packages/airflow/example_dags/example_dynamic_task_mapping_with_no_taskflow_operators.py
[2023-11-29T21:41:39.190+0000] {logging_mixin.py:154} INFO - [2023-11-29T21:41:39.190+0000] {dag.py:2941} INFO - Sync 1 DAGs
[2023-11-29T21:41:39.203+0000] {logging_mixin.py:154} INFO - [2023-11-29T21:41:39.203+0000] {dag.py:3722} INFO - Setting next_dagrun for example_dynamic_task_mapping_with_no_taskflow_operators to 2023-11-28T21:41:39.202954+00:00, run_after=2023-11-29T21:41:39.202954+00:00
[2023-11-29T21:41:39.213+0000] {processor.py:179} INFO - Processing /home/airflow/.local/lib/python3.8/site-packages/airflow/example_dags/example_dynamic_task_mapping_with_no_taskflow_operators.py took 0.044 seconds
[2023-11-29T21:42:09.825+0000] {processor.py:157} INFO - Started process (PID=160) to work on /home/airflow/.local/lib/python3.8/site-packages/airflow/example_dags/example_dynamic_task_mapping_with_no_taskflow_operators.py
[2023-11-29T21:42:09.825+0000] {processor.py:829} INFO - Processing file /home/airflow/.local/lib/python3.8/site-packages/airflow/example_dags/example_dynamic_task_mapping_with_no_taskflow_operators.py for tasks to queue
[2023-11-29T21:42:09.827+0000] {logging_mixin.py:154} INFO - [2023-11-29T21:42:09.827+0000] {dagbag.py:536} INFO - Filling up the DagBag from /home/airflow/.local/lib/python3.8/site-packages/airflow/example_dags/example_dynamic_task_mapping_with_no_taskflow_operators.py
[2023-11-29T21:42:09.831+0000] {processor.py:839} INFO - DAG(s) dict_keys(['example_dynamic_task_mapping_with_no_taskflow_operators']) retrieved from /home/airflow/.local/lib/python3.8/site-packages/airflow/example_dags/example_dynamic_task_mapping_with_no_taskflow_operators.py
[2023-11-29T21:42:09.844+0000] {logging_mixin.py:154} INFO - [2023-11-29T21:42:09.844+0000] {dag.py:2941} INFO - Sync 1 DAGs
[2023-11-29T21:42:09.856+0000] {logging_mixin.py:154} INFO - [2023-11-29T21:42:09.856+0000] {dag.py:3722} INFO - Setting next_dagrun for example_dynamic_task_mapping_with_no_taskflow_operators to 2023-11-28T21:42:09.856345+00:00, run_after=2023-11-29T21:42:09.856345+00:00
[2023-11-29T21:42:09.866+0000] {processor.py:179} INFO - Processing /home/airflow/.local/lib/python3.8/site-packages/airflow/example_dags/example_dynamic_task_mapping_with_no_taskflow_operators.py took 0.044 seconds
[2023-11-29T21:42:40.567+0000] {processor.py:157} INFO - Started process (PID=214) to work on /home/airflow/.local/lib/python3.8/site-packages/airflow/example_dags/example_dynamic_task_mapping_with_no_taskflow_operators.py
[2023-11-29T21:42:40.567+0000] {processor.py:829} INFO - Processing file /home/airflow/.local/lib/python3.8/site-packages/airflow/example_dags/example_dynamic_task_mapping_with_no_taskflow_operators.py for tasks to queue
[2023-11-29T21:42:40.569+0000] {logging_mixin.py:154} INFO - [2023-11-29T21:42:40.569+0000] {dagbag.py:536} INFO - Filling up the DagBag from /home/airflow/.local/lib/python3.8/site-packages/airflow/example_dags/example_dynamic_task_mapping_with_no_taskflow_operators.py
[2023-11-29T21:42:40.573+0000] {processor.py:839} INFO - DAG(s) dict_keys(['example_dynamic_task_mapping_with_no_taskflow_operators']) retrieved from /home/airflow/.local/lib/python3.8/site-packages/airflow/example_dags/example_dynamic_task_mapping_with_no_taskflow_operators.py
[2023-11-29T21:42:40.586+0000] {logging_mixin.py:154} INFO - [2023-11-29T21:42:40.586+0000] {dag.py:2941} INFO - Sync 1 DAGs
[2023-11-29T21:42:40.599+0000] {logging_mixin.py:154} INFO - [2023-11-29T21:42:40.599+0000] {dag.py:3722} INFO - Setting next_dagrun for example_dynamic_task_mapping_with_no_taskflow_operators to 2023-11-28T21:42:40.598890+00:00, run_after=2023-11-29T21:42:40.598890+00:00
[2023-11-29T21:42:40.609+0000] {processor.py:179} INFO - Processing /home/airflow/.local/lib/python3.8/site-packages/airflow/example_dags/example_dynamic_task_mapping_with_no_taskflow_operators.py took 0.045 seconds
[2023-11-29T21:43:10.735+0000] {processor.py:157} INFO - Started process (PID=268) to work on /home/airflow/.local/lib/python3.8/site-packages/airflow/example_dags/example_dynamic_task_mapping_with_no_taskflow_operators.py
[2023-11-29T21:43:10.736+0000] {processor.py:829} INFO - Processing file /home/airflow/.local/lib/python3.8/site-packages/airflow/example_dags/example_dynamic_task_mapping_with_no_taskflow_operators.py for tasks to queue
[2023-11-29T21:43:10.738+0000] {logging_mixin.py:154} INFO - [2023-11-29T21:43:10.738+0000] {dagbag.py:536} INFO - Filling up the DagBag from /home/airflow/.local/lib/python3.8/site-packages/airflow/example_dags/example_dynamic_task_mapping_with_no_taskflow_operators.py
[2023-11-29T21:43:10.743+0000] {processor.py:839} INFO - DAG(s) dict_keys(['example_dynamic_task_mapping_with_no_taskflow_operators']) retrieved from /home/airflow/.local/lib/python3.8/site-packages/airflow/example_dags/example_dynamic_task_mapping_with_no_taskflow_operators.py
[2023-11-29T21:43:10.756+0000] {logging_mixin.py:154} INFO - [2023-11-29T21:43:10.756+0000] {dag.py:2941} INFO - Sync 1 DAGs
[2023-11-29T21:43:10.769+0000] {logging_mixin.py:154} INFO - [2023-11-29T21:43:10.769+0000] {dag.py:3722} INFO - Setting next_dagrun for example_dynamic_task_mapping_with_no_taskflow_operators to 2023-11-28T21:43:10.769428+00:00, run_after=2023-11-29T21:43:10.769428+00:00
[2023-11-29T21:43:10.780+0000] {processor.py:179} INFO - Processing /home/airflow/.local/lib/python3.8/site-packages/airflow/example_dags/example_dynamic_task_mapping_with_no_taskflow_operators.py took 0.047 seconds
[2023-11-29T21:43:40.872+0000] {processor.py:157} INFO - Started process (PID=322) to work on /home/airflow/.local/lib/python3.8/site-packages/airflow/example_dags/example_dynamic_task_mapping_with_no_taskflow_operators.py
[2023-11-29T21:43:40.873+0000] {processor.py:829} INFO - Processing file /home/airflow/.local/lib/python3.8/site-packages/airflow/example_dags/example_dynamic_task_mapping_with_no_taskflow_operators.py for tasks to queue
[2023-11-29T21:43:40.875+0000] {logging_mixin.py:154} INFO - [2023-11-29T21:43:40.875+0000] {dagbag.py:536} INFO - Filling up the DagBag from /home/airflow/.local/lib/python3.8/site-packages/airflow/example_dags/example_dynamic_task_mapping_with_no_taskflow_operators.py
[2023-11-29T21:43:40.879+0000] {processor.py:839} INFO - DAG(s) dict_keys(['example_dynamic_task_mapping_with_no_taskflow_operators']) retrieved from /home/airflow/.local/lib/python3.8/site-packages/airflow/example_dags/example_dynamic_task_mapping_with_no_taskflow_operators.py
[2023-11-29T21:43:40.891+0000] {logging_mixin.py:154} INFO - [2023-11-29T21:43:40.891+0000] {dag.py:2941} INFO - Sync 1 DAGs
[2023-11-29T21:43:40.904+0000] {logging_mixin.py:154} INFO - [2023-11-29T21:43:40.904+0000] {dag.py:3722} INFO - Setting next_dagrun for example_dynamic_task_mapping_with_no_taskflow_operators to 2023-11-28T21:43:40.904068+00:00, run_after=2023-11-29T21:43:40.904068+00:00
[2023-11-29T21:43:40.914+0000] {processor.py:179} INFO - Processing /home/airflow/.local/lib/python3.8/site-packages/airflow/example_dags/example_dynamic_task_mapping_with_no_taskflow_operators.py took 0.044 seconds
[2023-11-29T21:44:11.110+0000] {processor.py:157} INFO - Started process (PID=376) to work on /home/airflow/.local/lib/python3.8/site-packages/airflow/example_dags/example_dynamic_task_mapping_with_no_taskflow_operators.py
[2023-11-29T21:44:11.110+0000] {processor.py:829} INFO - Processing file /home/airflow/.local/lib/python3.8/site-packages/airflow/example_dags/example_dynamic_task_mapping_with_no_taskflow_operators.py for tasks to queue
[2023-11-29T21:44:11.112+0000] {logging_mixin.py:154} INFO - [2023-11-29T21:44:11.112+0000] {dagbag.py:536} INFO - Filling up the DagBag from /home/airflow/.local/lib/python3.8/site-packages/airflow/example_dags/example_dynamic_task_mapping_with_no_taskflow_operators.py
[2023-11-29T21:44:11.116+0000] {processor.py:839} INFO - DAG(s) dict_keys(['example_dynamic_task_mapping_with_no_taskflow_operators']) retrieved from /home/airflow/.local/lib/python3.8/site-packages/airflow/example_dags/example_dynamic_task_mapping_with_no_taskflow_operators.py
[2023-11-29T21:44:11.129+0000] {logging_mixin.py:154} INFO - [2023-11-29T21:44:11.128+0000] {dag.py:2941} INFO - Sync 1 DAGs
[2023-11-29T21:44:11.141+0000] {logging_mixin.py:154} INFO - [2023-11-29T21:44:11.141+0000] {dag.py:3722} INFO - Setting next_dagrun for example_dynamic_task_mapping_with_no_taskflow_operators to 2023-11-28T21:44:11.141029+00:00, run_after=2023-11-29T21:44:11.141029+00:00
[2023-11-29T21:44:11.152+0000] {processor.py:179} INFO - Processing /home/airflow/.local/lib/python3.8/site-packages/airflow/example_dags/example_dynamic_task_mapping_with_no_taskflow_operators.py took 0.045 seconds
[2023-11-29T21:44:41.339+0000] {processor.py:157} INFO - Started process (PID=430) to work on /home/airflow/.local/lib/python3.8/site-packages/airflow/example_dags/example_dynamic_task_mapping_with_no_taskflow_operators.py
[2023-11-29T21:44:41.340+0000] {processor.py:829} INFO - Processing file /home/airflow/.local/lib/python3.8/site-packages/airflow/example_dags/example_dynamic_task_mapping_with_no_taskflow_operators.py for tasks to queue
[2023-11-29T21:44:41.342+0000] {logging_mixin.py:154} INFO - [2023-11-29T21:44:41.341+0000] {dagbag.py:536} INFO - Filling up the DagBag from /home/airflow/.local/lib/python3.8/site-packages/airflow/example_dags/example_dynamic_task_mapping_with_no_taskflow_operators.py
[2023-11-29T21:44:41.346+0000] {processor.py:839} INFO - DAG(s) dict_keys(['example_dynamic_task_mapping_with_no_taskflow_operators']) retrieved from /home/airflow/.local/lib/python3.8/site-packages/airflow/example_dags/example_dynamic_task_mapping_with_no_taskflow_operators.py
[2023-11-29T21:44:41.359+0000] {logging_mixin.py:154} INFO - [2023-11-29T21:44:41.359+0000] {dag.py:2941} INFO - Sync 1 DAGs
[2023-11-29T21:44:41.372+0000] {logging_mixin.py:154} INFO - [2023-11-29T21:44:41.372+0000] {dag.py:3722} INFO - Setting next_dagrun for example_dynamic_task_mapping_with_no_taskflow_operators to 2023-11-28T21:44:41.371888+00:00, run_after=2023-11-29T21:44:41.371888+00:00
[2023-11-29T21:44:41.384+0000] {processor.py:179} INFO - Processing /home/airflow/.local/lib/python3.8/site-packages/airflow/example_dags/example_dynamic_task_mapping_with_no_taskflow_operators.py took 0.048 seconds
[2023-11-29T21:45:11.544+0000] {processor.py:157} INFO - Started process (PID=484) to work on /home/airflow/.local/lib/python3.8/site-packages/airflow/example_dags/example_dynamic_task_mapping_with_no_taskflow_operators.py
[2023-11-29T21:45:11.545+0000] {processor.py:829} INFO - Processing file /home/airflow/.local/lib/python3.8/site-packages/airflow/example_dags/example_dynamic_task_mapping_with_no_taskflow_operators.py for tasks to queue
[2023-11-29T21:45:11.547+0000] {logging_mixin.py:154} INFO - [2023-11-29T21:45:11.547+0000] {dagbag.py:536} INFO - Filling up the DagBag from /home/airflow/.local/lib/python3.8/site-packages/airflow/example_dags/example_dynamic_task_mapping_with_no_taskflow_operators.py
[2023-11-29T21:45:11.551+0000] {processor.py:839} INFO - DAG(s) dict_keys(['example_dynamic_task_mapping_with_no_taskflow_operators']) retrieved from /home/airflow/.local/lib/python3.8/site-packages/airflow/example_dags/example_dynamic_task_mapping_with_no_taskflow_operators.py
[2023-11-29T21:45:11.564+0000] {logging_mixin.py:154} INFO - [2023-11-29T21:45:11.564+0000] {dag.py:2941} INFO - Sync 1 DAGs
[2023-11-29T21:45:11.577+0000] {logging_mixin.py:154} INFO - [2023-11-29T21:45:11.577+0000] {dag.py:3722} INFO - Setting next_dagrun for example_dynamic_task_mapping_with_no_taskflow_operators to 2023-11-28T21:45:11.577061+00:00, run_after=2023-11-29T21:45:11.577061+00:00
[2023-11-29T21:45:11.587+0000] {processor.py:179} INFO - Processing /home/airflow/.local/lib/python3.8/site-packages/airflow/example_dags/example_dynamic_task_mapping_with_no_taskflow_operators.py took 0.045 seconds
[2023-11-29T21:45:41.670+0000] {processor.py:157} INFO - Started process (PID=538) to work on /home/airflow/.local/lib/python3.8/site-packages/airflow/example_dags/example_dynamic_task_mapping_with_no_taskflow_operators.py
[2023-11-29T21:45:41.670+0000] {processor.py:829} INFO - Processing file /home/airflow/.local/lib/python3.8/site-packages/airflow/example_dags/example_dynamic_task_mapping_with_no_taskflow_operators.py for tasks to queue
[2023-11-29T21:45:41.672+0000] {logging_mixin.py:154} INFO - [2023-11-29T21:45:41.671+0000] {dagbag.py:536} INFO - Filling up the DagBag from /home/airflow/.local/lib/python3.8/site-packages/airflow/example_dags/example_dynamic_task_mapping_with_no_taskflow_operators.py
[2023-11-29T21:45:41.676+0000] {processor.py:839} INFO - DAG(s) dict_keys(['example_dynamic_task_mapping_with_no_taskflow_operators']) retrieved from /home/airflow/.local/lib/python3.8/site-packages/airflow/example_dags/example_dynamic_task_mapping_with_no_taskflow_operators.py
[2023-11-29T21:45:41.688+0000] {logging_mixin.py:154} INFO - [2023-11-29T21:45:41.688+0000] {dag.py:2941} INFO - Sync 1 DAGs
[2023-11-29T21:45:41.700+0000] {logging_mixin.py:154} INFO - [2023-11-29T21:45:41.700+0000] {dag.py:3722} INFO - Setting next_dagrun for example_dynamic_task_mapping_with_no_taskflow_operators to 2023-11-28T21:45:41.700209+00:00, run_after=2023-11-29T21:45:41.700209+00:00
[2023-11-29T21:45:41.710+0000] {processor.py:179} INFO - Processing /home/airflow/.local/lib/python3.8/site-packages/airflow/example_dags/example_dynamic_task_mapping_with_no_taskflow_operators.py took 0.043 seconds
[2023-11-29T21:46:12.777+0000] {processor.py:157} INFO - Started process (PID=592) to work on /home/airflow/.local/lib/python3.8/site-packages/airflow/example_dags/example_dynamic_task_mapping_with_no_taskflow_operators.py
[2023-11-29T21:46:12.777+0000] {processor.py:829} INFO - Processing file /home/airflow/.local/lib/python3.8/site-packages/airflow/example_dags/example_dynamic_task_mapping_with_no_taskflow_operators.py for tasks to queue
[2023-11-29T21:46:12.779+0000] {logging_mixin.py:154} INFO - [2023-11-29T21:46:12.779+0000] {dagbag.py:536} INFO - Filling up the DagBag from /home/airflow/.local/lib/python3.8/site-packages/airflow/example_dags/example_dynamic_task_mapping_with_no_taskflow_operators.py
[2023-11-29T21:46:12.783+0000] {processor.py:839} INFO - DAG(s) dict_keys(['example_dynamic_task_mapping_with_no_taskflow_operators']) retrieved from /home/airflow/.local/lib/python3.8/site-packages/airflow/example_dags/example_dynamic_task_mapping_with_no_taskflow_operators.py
[2023-11-29T21:46:12.795+0000] {logging_mixin.py:154} INFO - [2023-11-29T21:46:12.795+0000] {dag.py:2941} INFO - Sync 1 DAGs
[2023-11-29T21:46:12.807+0000] {logging_mixin.py:154} INFO - [2023-11-29T21:46:12.807+0000] {dag.py:3722} INFO - Setting next_dagrun for example_dynamic_task_mapping_with_no_taskflow_operators to 2023-11-28T21:46:12.806975+00:00, run_after=2023-11-29T21:46:12.806975+00:00
[2023-11-29T21:46:12.816+0000] {processor.py:179} INFO - Processing /home/airflow/.local/lib/python3.8/site-packages/airflow/example_dags/example_dynamic_task_mapping_with_no_taskflow_operators.py took 0.042 seconds
[2023-11-29T21:46:43.834+0000] {processor.py:157} INFO - Started process (PID=646) to work on /home/airflow/.local/lib/python3.8/site-packages/airflow/example_dags/example_dynamic_task_mapping_with_no_taskflow_operators.py
[2023-11-29T21:46:43.835+0000] {processor.py:829} INFO - Processing file /home/airflow/.local/lib/python3.8/site-packages/airflow/example_dags/example_dynamic_task_mapping_with_no_taskflow_operators.py for tasks to queue
[2023-11-29T21:46:43.836+0000] {logging_mixin.py:154} INFO - [2023-11-29T21:46:43.836+0000] {dagbag.py:536} INFO - Filling up the DagBag from /home/airflow/.local/lib/python3.8/site-packages/airflow/example_dags/example_dynamic_task_mapping_with_no_taskflow_operators.py
[2023-11-29T21:46:43.840+0000] {processor.py:839} INFO - DAG(s) dict_keys(['example_dynamic_task_mapping_with_no_taskflow_operators']) retrieved from /home/airflow/.local/lib/python3.8/site-packages/airflow/example_dags/example_dynamic_task_mapping_with_no_taskflow_operators.py
[2023-11-29T21:46:43.854+0000] {logging_mixin.py:154} INFO - [2023-11-29T21:46:43.854+0000] {dag.py:2941} INFO - Sync 1 DAGs
[2023-11-29T21:46:43.866+0000] {logging_mixin.py:154} INFO - [2023-11-29T21:46:43.866+0000] {dag.py:3722} INFO - Setting next_dagrun for example_dynamic_task_mapping_with_no_taskflow_operators to 2023-11-28T21:46:43.866409+00:00, run_after=2023-11-29T21:46:43.866409+00:00
[2023-11-29T21:46:43.876+0000] {processor.py:179} INFO - Processing /home/airflow/.local/lib/python3.8/site-packages/airflow/example_dags/example_dynamic_task_mapping_with_no_taskflow_operators.py took 0.044 seconds
