[2023-11-29T20:51:40.434+0000] {processor.py:157} INFO - Started process (PID=74) to work on /home/airflow/.local/lib/python3.8/site-packages/airflow/example_dags/example_xcom.py
[2023-11-29T20:51:40.435+0000] {processor.py:829} INFO - Processing file /home/airflow/.local/lib/python3.8/site-packages/airflow/example_dags/example_xcom.py for tasks to queue
[2023-11-29T20:51:40.437+0000] {logging_mixin.py:154} INFO - [2023-11-29T20:51:40.437+0000] {dagbag.py:536} INFO - Filling up the DagBag from /home/airflow/.local/lib/python3.8/site-packages/airflow/example_dags/example_xcom.py
[2023-11-29T20:51:40.442+0000] {processor.py:839} INFO - DAG(s) dict_keys(['example_xcom']) retrieved from /home/airflow/.local/lib/python3.8/site-packages/airflow/example_dags/example_xcom.py
[2023-11-29T20:51:40.499+0000] {logging_mixin.py:154} INFO - [2023-11-29T20:51:40.499+0000] {dag.py:2941} INFO - Sync 1 DAGs
[2023-11-29T20:51:40.510+0000] {logging_mixin.py:154} INFO - [2023-11-29T20:51:40.510+0000] {dag.py:3722} INFO - Setting next_dagrun for example_xcom to 2021-01-01T00:00:00+00:00, run_after=2021-01-01T00:00:00+00:00
[2023-11-29T20:51:40.522+0000] {processor.py:179} INFO - Processing /home/airflow/.local/lib/python3.8/site-packages/airflow/example_dags/example_xcom.py took 0.089 seconds
[2023-11-29T20:52:11.330+0000] {processor.py:157} INFO - Started process (PID=128) to work on /home/airflow/.local/lib/python3.8/site-packages/airflow/example_dags/example_xcom.py
[2023-11-29T20:52:11.331+0000] {processor.py:829} INFO - Processing file /home/airflow/.local/lib/python3.8/site-packages/airflow/example_dags/example_xcom.py for tasks to queue
[2023-11-29T20:52:11.332+0000] {logging_mixin.py:154} INFO - [2023-11-29T20:52:11.332+0000] {dagbag.py:536} INFO - Filling up the DagBag from /home/airflow/.local/lib/python3.8/site-packages/airflow/example_dags/example_xcom.py
[2023-11-29T20:52:11.337+0000] {processor.py:839} INFO - DAG(s) dict_keys(['example_xcom']) retrieved from /home/airflow/.local/lib/python3.8/site-packages/airflow/example_dags/example_xcom.py
[2023-11-29T20:52:11.346+0000] {logging_mixin.py:154} INFO - [2023-11-29T20:52:11.346+0000] {dag.py:2941} INFO - Sync 1 DAGs
[2023-11-29T20:52:11.358+0000] {logging_mixin.py:154} INFO - [2023-11-29T20:52:11.358+0000] {dag.py:3722} INFO - Setting next_dagrun for example_xcom to 2021-01-01T00:00:00+00:00, run_after=2021-01-01T00:00:00+00:00
[2023-11-29T20:52:11.373+0000] {processor.py:179} INFO - Processing /home/airflow/.local/lib/python3.8/site-packages/airflow/example_dags/example_xcom.py took 0.045 seconds
[2023-11-29T20:52:42.268+0000] {processor.py:157} INFO - Started process (PID=182) to work on /home/airflow/.local/lib/python3.8/site-packages/airflow/example_dags/example_xcom.py
[2023-11-29T20:52:42.269+0000] {processor.py:829} INFO - Processing file /home/airflow/.local/lib/python3.8/site-packages/airflow/example_dags/example_xcom.py for tasks to queue
[2023-11-29T20:52:42.270+0000] {logging_mixin.py:154} INFO - [2023-11-29T20:52:42.270+0000] {dagbag.py:536} INFO - Filling up the DagBag from /home/airflow/.local/lib/python3.8/site-packages/airflow/example_dags/example_xcom.py
[2023-11-29T20:52:42.275+0000] {processor.py:839} INFO - DAG(s) dict_keys(['example_xcom']) retrieved from /home/airflow/.local/lib/python3.8/site-packages/airflow/example_dags/example_xcom.py
[2023-11-29T20:52:42.288+0000] {logging_mixin.py:154} INFO - [2023-11-29T20:52:42.287+0000] {dag.py:2941} INFO - Sync 1 DAGs
[2023-11-29T20:52:42.299+0000] {logging_mixin.py:154} INFO - [2023-11-29T20:52:42.299+0000] {dag.py:3722} INFO - Setting next_dagrun for example_xcom to 2021-01-01T00:00:00+00:00, run_after=2021-01-01T00:00:00+00:00
[2023-11-29T20:52:42.308+0000] {processor.py:179} INFO - Processing /home/airflow/.local/lib/python3.8/site-packages/airflow/example_dags/example_xcom.py took 0.042 seconds
[2023-11-29T20:53:12.346+0000] {processor.py:157} INFO - Started process (PID=236) to work on /home/airflow/.local/lib/python3.8/site-packages/airflow/example_dags/example_xcom.py
[2023-11-29T20:53:12.347+0000] {processor.py:829} INFO - Processing file /home/airflow/.local/lib/python3.8/site-packages/airflow/example_dags/example_xcom.py for tasks to queue
[2023-11-29T20:53:12.349+0000] {logging_mixin.py:154} INFO - [2023-11-29T20:53:12.348+0000] {dagbag.py:536} INFO - Filling up the DagBag from /home/airflow/.local/lib/python3.8/site-packages/airflow/example_dags/example_xcom.py
[2023-11-29T20:53:12.353+0000] {processor.py:839} INFO - DAG(s) dict_keys(['example_xcom']) retrieved from /home/airflow/.local/lib/python3.8/site-packages/airflow/example_dags/example_xcom.py
[2023-11-29T20:53:12.366+0000] {logging_mixin.py:154} INFO - [2023-11-29T20:53:12.366+0000] {dag.py:2941} INFO - Sync 1 DAGs
[2023-11-29T20:53:12.378+0000] {logging_mixin.py:154} INFO - [2023-11-29T20:53:12.378+0000] {dag.py:3722} INFO - Setting next_dagrun for example_xcom to 2021-01-01T00:00:00+00:00, run_after=2021-01-01T00:00:00+00:00
[2023-11-29T20:53:12.388+0000] {processor.py:179} INFO - Processing /home/airflow/.local/lib/python3.8/site-packages/airflow/example_dags/example_xcom.py took 0.044 seconds
[2023-11-29T20:53:42.542+0000] {processor.py:157} INFO - Started process (PID=290) to work on /home/airflow/.local/lib/python3.8/site-packages/airflow/example_dags/example_xcom.py
[2023-11-29T20:53:42.543+0000] {processor.py:829} INFO - Processing file /home/airflow/.local/lib/python3.8/site-packages/airflow/example_dags/example_xcom.py for tasks to queue
[2023-11-29T20:53:42.545+0000] {logging_mixin.py:154} INFO - [2023-11-29T20:53:42.544+0000] {dagbag.py:536} INFO - Filling up the DagBag from /home/airflow/.local/lib/python3.8/site-packages/airflow/example_dags/example_xcom.py
[2023-11-29T20:53:42.549+0000] {processor.py:839} INFO - DAG(s) dict_keys(['example_xcom']) retrieved from /home/airflow/.local/lib/python3.8/site-packages/airflow/example_dags/example_xcom.py
[2023-11-29T20:53:42.562+0000] {logging_mixin.py:154} INFO - [2023-11-29T20:53:42.562+0000] {dag.py:2941} INFO - Sync 1 DAGs
[2023-11-29T20:53:42.574+0000] {logging_mixin.py:154} INFO - [2023-11-29T20:53:42.574+0000] {dag.py:3722} INFO - Setting next_dagrun for example_xcom to 2021-01-01T00:00:00+00:00, run_after=2021-01-01T00:00:00+00:00
[2023-11-29T20:53:42.584+0000] {processor.py:179} INFO - Processing /home/airflow/.local/lib/python3.8/site-packages/airflow/example_dags/example_xcom.py took 0.044 seconds
[2023-11-29T20:54:12.664+0000] {processor.py:157} INFO - Started process (PID=344) to work on /home/airflow/.local/lib/python3.8/site-packages/airflow/example_dags/example_xcom.py
[2023-11-29T20:54:12.665+0000] {processor.py:829} INFO - Processing file /home/airflow/.local/lib/python3.8/site-packages/airflow/example_dags/example_xcom.py for tasks to queue
[2023-11-29T20:54:12.666+0000] {logging_mixin.py:154} INFO - [2023-11-29T20:54:12.666+0000] {dagbag.py:536} INFO - Filling up the DagBag from /home/airflow/.local/lib/python3.8/site-packages/airflow/example_dags/example_xcom.py
[2023-11-29T20:54:12.671+0000] {processor.py:839} INFO - DAG(s) dict_keys(['example_xcom']) retrieved from /home/airflow/.local/lib/python3.8/site-packages/airflow/example_dags/example_xcom.py
[2023-11-29T20:54:12.684+0000] {logging_mixin.py:154} INFO - [2023-11-29T20:54:12.684+0000] {dag.py:2941} INFO - Sync 1 DAGs
[2023-11-29T20:54:12.697+0000] {logging_mixin.py:154} INFO - [2023-11-29T20:54:12.697+0000] {dag.py:3722} INFO - Setting next_dagrun for example_xcom to 2021-01-01T00:00:00+00:00, run_after=2021-01-01T00:00:00+00:00
[2023-11-29T20:54:12.707+0000] {processor.py:179} INFO - Processing /home/airflow/.local/lib/python3.8/site-packages/airflow/example_dags/example_xcom.py took 0.045 seconds
[2023-11-29T20:54:42.768+0000] {processor.py:157} INFO - Started process (PID=398) to work on /home/airflow/.local/lib/python3.8/site-packages/airflow/example_dags/example_xcom.py
[2023-11-29T20:54:42.768+0000] {processor.py:829} INFO - Processing file /home/airflow/.local/lib/python3.8/site-packages/airflow/example_dags/example_xcom.py for tasks to queue
[2023-11-29T20:54:42.770+0000] {logging_mixin.py:154} INFO - [2023-11-29T20:54:42.770+0000] {dagbag.py:536} INFO - Filling up the DagBag from /home/airflow/.local/lib/python3.8/site-packages/airflow/example_dags/example_xcom.py
[2023-11-29T20:54:42.775+0000] {processor.py:839} INFO - DAG(s) dict_keys(['example_xcom']) retrieved from /home/airflow/.local/lib/python3.8/site-packages/airflow/example_dags/example_xcom.py
[2023-11-29T20:54:42.787+0000] {logging_mixin.py:154} INFO - [2023-11-29T20:54:42.787+0000] {dag.py:2941} INFO - Sync 1 DAGs
[2023-11-29T20:54:42.799+0000] {logging_mixin.py:154} INFO - [2023-11-29T20:54:42.799+0000] {dag.py:3722} INFO - Setting next_dagrun for example_xcom to 2021-01-01T00:00:00+00:00, run_after=2021-01-01T00:00:00+00:00
[2023-11-29T20:54:42.809+0000] {processor.py:179} INFO - Processing /home/airflow/.local/lib/python3.8/site-packages/airflow/example_dags/example_xcom.py took 0.044 seconds
[2023-11-29T20:55:12.900+0000] {processor.py:157} INFO - Started process (PID=452) to work on /home/airflow/.local/lib/python3.8/site-packages/airflow/example_dags/example_xcom.py
[2023-11-29T20:55:12.901+0000] {processor.py:829} INFO - Processing file /home/airflow/.local/lib/python3.8/site-packages/airflow/example_dags/example_xcom.py for tasks to queue
[2023-11-29T20:55:12.902+0000] {logging_mixin.py:154} INFO - [2023-11-29T20:55:12.902+0000] {dagbag.py:536} INFO - Filling up the DagBag from /home/airflow/.local/lib/python3.8/site-packages/airflow/example_dags/example_xcom.py
[2023-11-29T20:55:12.907+0000] {processor.py:839} INFO - DAG(s) dict_keys(['example_xcom']) retrieved from /home/airflow/.local/lib/python3.8/site-packages/airflow/example_dags/example_xcom.py
[2023-11-29T20:55:12.920+0000] {logging_mixin.py:154} INFO - [2023-11-29T20:55:12.920+0000] {dag.py:2941} INFO - Sync 1 DAGs
[2023-11-29T20:55:12.932+0000] {logging_mixin.py:154} INFO - [2023-11-29T20:55:12.932+0000] {dag.py:3722} INFO - Setting next_dagrun for example_xcom to 2021-01-01T00:00:00+00:00, run_after=2021-01-01T00:00:00+00:00
[2023-11-29T20:55:12.943+0000] {processor.py:179} INFO - Processing /home/airflow/.local/lib/python3.8/site-packages/airflow/example_dags/example_xcom.py took 0.045 seconds
[2023-11-29T20:55:43.934+0000] {processor.py:157} INFO - Started process (PID=506) to work on /home/airflow/.local/lib/python3.8/site-packages/airflow/example_dags/example_xcom.py
[2023-11-29T20:55:43.935+0000] {processor.py:829} INFO - Processing file /home/airflow/.local/lib/python3.8/site-packages/airflow/example_dags/example_xcom.py for tasks to queue
[2023-11-29T20:55:43.936+0000] {logging_mixin.py:154} INFO - [2023-11-29T20:55:43.936+0000] {dagbag.py:536} INFO - Filling up the DagBag from /home/airflow/.local/lib/python3.8/site-packages/airflow/example_dags/example_xcom.py
[2023-11-29T20:55:43.940+0000] {processor.py:839} INFO - DAG(s) dict_keys(['example_xcom']) retrieved from /home/airflow/.local/lib/python3.8/site-packages/airflow/example_dags/example_xcom.py
[2023-11-29T20:55:43.953+0000] {logging_mixin.py:154} INFO - [2023-11-29T20:55:43.953+0000] {dag.py:2941} INFO - Sync 1 DAGs
[2023-11-29T20:55:43.964+0000] {logging_mixin.py:154} INFO - [2023-11-29T20:55:43.964+0000] {dag.py:3722} INFO - Setting next_dagrun for example_xcom to 2021-01-01T00:00:00+00:00, run_after=2021-01-01T00:00:00+00:00
[2023-11-29T20:55:43.974+0000] {processor.py:179} INFO - Processing /home/airflow/.local/lib/python3.8/site-packages/airflow/example_dags/example_xcom.py took 0.042 seconds
[2023-11-29T20:56:14.051+0000] {processor.py:157} INFO - Started process (PID=560) to work on /home/airflow/.local/lib/python3.8/site-packages/airflow/example_dags/example_xcom.py
[2023-11-29T20:56:14.052+0000] {processor.py:829} INFO - Processing file /home/airflow/.local/lib/python3.8/site-packages/airflow/example_dags/example_xcom.py for tasks to queue
[2023-11-29T20:56:14.053+0000] {logging_mixin.py:154} INFO - [2023-11-29T20:56:14.053+0000] {dagbag.py:536} INFO - Filling up the DagBag from /home/airflow/.local/lib/python3.8/site-packages/airflow/example_dags/example_xcom.py
[2023-11-29T20:56:14.058+0000] {processor.py:839} INFO - DAG(s) dict_keys(['example_xcom']) retrieved from /home/airflow/.local/lib/python3.8/site-packages/airflow/example_dags/example_xcom.py
[2023-11-29T20:56:14.071+0000] {logging_mixin.py:154} INFO - [2023-11-29T20:56:14.071+0000] {dag.py:2941} INFO - Sync 1 DAGs
[2023-11-29T20:56:14.083+0000] {logging_mixin.py:154} INFO - [2023-11-29T20:56:14.083+0000] {dag.py:3722} INFO - Setting next_dagrun for example_xcom to 2021-01-01T00:00:00+00:00, run_after=2021-01-01T00:00:00+00:00
[2023-11-29T20:56:14.093+0000] {processor.py:179} INFO - Processing /home/airflow/.local/lib/python3.8/site-packages/airflow/example_dags/example_xcom.py took 0.044 seconds
[2023-11-29T20:56:44.961+0000] {processor.py:157} INFO - Started process (PID=614) to work on /home/airflow/.local/lib/python3.8/site-packages/airflow/example_dags/example_xcom.py
[2023-11-29T20:56:44.962+0000] {processor.py:829} INFO - Processing file /home/airflow/.local/lib/python3.8/site-packages/airflow/example_dags/example_xcom.py for tasks to queue
[2023-11-29T20:56:44.963+0000] {logging_mixin.py:154} INFO - [2023-11-29T20:56:44.963+0000] {dagbag.py:536} INFO - Filling up the DagBag from /home/airflow/.local/lib/python3.8/site-packages/airflow/example_dags/example_xcom.py
[2023-11-29T20:56:44.968+0000] {processor.py:839} INFO - DAG(s) dict_keys(['example_xcom']) retrieved from /home/airflow/.local/lib/python3.8/site-packages/airflow/example_dags/example_xcom.py
[2023-11-29T20:56:44.980+0000] {logging_mixin.py:154} INFO - [2023-11-29T20:56:44.980+0000] {dag.py:2941} INFO - Sync 1 DAGs
[2023-11-29T20:56:44.992+0000] {logging_mixin.py:154} INFO - [2023-11-29T20:56:44.992+0000] {dag.py:3722} INFO - Setting next_dagrun for example_xcom to 2021-01-01T00:00:00+00:00, run_after=2021-01-01T00:00:00+00:00
[2023-11-29T20:56:45.002+0000] {processor.py:179} INFO - Processing /home/airflow/.local/lib/python3.8/site-packages/airflow/example_dags/example_xcom.py took 0.043 seconds
[2023-11-29T20:57:15.110+0000] {processor.py:157} INFO - Started process (PID=668) to work on /home/airflow/.local/lib/python3.8/site-packages/airflow/example_dags/example_xcom.py
[2023-11-29T20:57:15.111+0000] {processor.py:829} INFO - Processing file /home/airflow/.local/lib/python3.8/site-packages/airflow/example_dags/example_xcom.py for tasks to queue
[2023-11-29T20:57:15.112+0000] {logging_mixin.py:154} INFO - [2023-11-29T20:57:15.112+0000] {dagbag.py:536} INFO - Filling up the DagBag from /home/airflow/.local/lib/python3.8/site-packages/airflow/example_dags/example_xcom.py
[2023-11-29T20:57:15.117+0000] {processor.py:839} INFO - DAG(s) dict_keys(['example_xcom']) retrieved from /home/airflow/.local/lib/python3.8/site-packages/airflow/example_dags/example_xcom.py
[2023-11-29T20:57:15.131+0000] {logging_mixin.py:154} INFO - [2023-11-29T20:57:15.131+0000] {dag.py:2941} INFO - Sync 1 DAGs
[2023-11-29T20:57:15.144+0000] {logging_mixin.py:154} INFO - [2023-11-29T20:57:15.144+0000] {dag.py:3722} INFO - Setting next_dagrun for example_xcom to 2021-01-01T00:00:00+00:00, run_after=2021-01-01T00:00:00+00:00
[2023-11-29T20:57:15.155+0000] {processor.py:179} INFO - Processing /home/airflow/.local/lib/python3.8/site-packages/airflow/example_dags/example_xcom.py took 0.049 seconds
[2023-11-29T20:57:45.235+0000] {processor.py:157} INFO - Started process (PID=722) to work on /home/airflow/.local/lib/python3.8/site-packages/airflow/example_dags/example_xcom.py
[2023-11-29T20:57:45.236+0000] {processor.py:829} INFO - Processing file /home/airflow/.local/lib/python3.8/site-packages/airflow/example_dags/example_xcom.py for tasks to queue
[2023-11-29T20:57:45.237+0000] {logging_mixin.py:154} INFO - [2023-11-29T20:57:45.237+0000] {dagbag.py:536} INFO - Filling up the DagBag from /home/airflow/.local/lib/python3.8/site-packages/airflow/example_dags/example_xcom.py
[2023-11-29T20:57:45.242+0000] {processor.py:839} INFO - DAG(s) dict_keys(['example_xcom']) retrieved from /home/airflow/.local/lib/python3.8/site-packages/airflow/example_dags/example_xcom.py
[2023-11-29T20:57:45.255+0000] {logging_mixin.py:154} INFO - [2023-11-29T20:57:45.255+0000] {dag.py:2941} INFO - Sync 1 DAGs
[2023-11-29T20:57:45.268+0000] {logging_mixin.py:154} INFO - [2023-11-29T20:57:45.267+0000] {dag.py:3722} INFO - Setting next_dagrun for example_xcom to 2021-01-01T00:00:00+00:00, run_after=2021-01-01T00:00:00+00:00
[2023-11-29T20:57:45.277+0000] {processor.py:179} INFO - Processing /home/airflow/.local/lib/python3.8/site-packages/airflow/example_dags/example_xcom.py took 0.045 seconds
[2023-11-29T20:58:15.334+0000] {processor.py:157} INFO - Started process (PID=776) to work on /home/airflow/.local/lib/python3.8/site-packages/airflow/example_dags/example_xcom.py
[2023-11-29T20:58:15.334+0000] {processor.py:829} INFO - Processing file /home/airflow/.local/lib/python3.8/site-packages/airflow/example_dags/example_xcom.py for tasks to queue
[2023-11-29T20:58:15.336+0000] {logging_mixin.py:154} INFO - [2023-11-29T20:58:15.336+0000] {dagbag.py:536} INFO - Filling up the DagBag from /home/airflow/.local/lib/python3.8/site-packages/airflow/example_dags/example_xcom.py
[2023-11-29T20:58:15.341+0000] {processor.py:839} INFO - DAG(s) dict_keys(['example_xcom']) retrieved from /home/airflow/.local/lib/python3.8/site-packages/airflow/example_dags/example_xcom.py
[2023-11-29T20:58:15.354+0000] {logging_mixin.py:154} INFO - [2023-11-29T20:58:15.354+0000] {dag.py:2941} INFO - Sync 1 DAGs
[2023-11-29T20:58:15.366+0000] {logging_mixin.py:154} INFO - [2023-11-29T20:58:15.366+0000] {dag.py:3722} INFO - Setting next_dagrun for example_xcom to 2021-01-01T00:00:00+00:00, run_after=2021-01-01T00:00:00+00:00
[2023-11-29T20:58:15.376+0000] {processor.py:179} INFO - Processing /home/airflow/.local/lib/python3.8/site-packages/airflow/example_dags/example_xcom.py took 0.045 seconds
[2023-11-29T20:58:46.391+0000] {processor.py:157} INFO - Started process (PID=830) to work on /home/airflow/.local/lib/python3.8/site-packages/airflow/example_dags/example_xcom.py
[2023-11-29T20:58:46.391+0000] {processor.py:829} INFO - Processing file /home/airflow/.local/lib/python3.8/site-packages/airflow/example_dags/example_xcom.py for tasks to queue
[2023-11-29T20:58:46.393+0000] {logging_mixin.py:154} INFO - [2023-11-29T20:58:46.393+0000] {dagbag.py:536} INFO - Filling up the DagBag from /home/airflow/.local/lib/python3.8/site-packages/airflow/example_dags/example_xcom.py
[2023-11-29T20:58:46.397+0000] {processor.py:839} INFO - DAG(s) dict_keys(['example_xcom']) retrieved from /home/airflow/.local/lib/python3.8/site-packages/airflow/example_dags/example_xcom.py
[2023-11-29T20:58:46.409+0000] {logging_mixin.py:154} INFO - [2023-11-29T20:58:46.409+0000] {dag.py:2941} INFO - Sync 1 DAGs
[2023-11-29T20:58:46.422+0000] {logging_mixin.py:154} INFO - [2023-11-29T20:58:46.421+0000] {dag.py:3722} INFO - Setting next_dagrun for example_xcom to 2021-01-01T00:00:00+00:00, run_after=2021-01-01T00:00:00+00:00
[2023-11-29T20:58:46.431+0000] {processor.py:179} INFO - Processing /home/airflow/.local/lib/python3.8/site-packages/airflow/example_dags/example_xcom.py took 0.043 seconds
[2023-11-29T20:59:17.400+0000] {processor.py:157} INFO - Started process (PID=884) to work on /home/airflow/.local/lib/python3.8/site-packages/airflow/example_dags/example_xcom.py
[2023-11-29T20:59:17.400+0000] {processor.py:829} INFO - Processing file /home/airflow/.local/lib/python3.8/site-packages/airflow/example_dags/example_xcom.py for tasks to queue
[2023-11-29T20:59:17.402+0000] {logging_mixin.py:154} INFO - [2023-11-29T20:59:17.402+0000] {dagbag.py:536} INFO - Filling up the DagBag from /home/airflow/.local/lib/python3.8/site-packages/airflow/example_dags/example_xcom.py
[2023-11-29T20:59:17.407+0000] {processor.py:839} INFO - DAG(s) dict_keys(['example_xcom']) retrieved from /home/airflow/.local/lib/python3.8/site-packages/airflow/example_dags/example_xcom.py
[2023-11-29T20:59:17.419+0000] {logging_mixin.py:154} INFO - [2023-11-29T20:59:17.419+0000] {dag.py:2941} INFO - Sync 1 DAGs
[2023-11-29T20:59:17.431+0000] {logging_mixin.py:154} INFO - [2023-11-29T20:59:17.431+0000] {dag.py:3722} INFO - Setting next_dagrun for example_xcom to 2021-01-01T00:00:00+00:00, run_after=2021-01-01T00:00:00+00:00
[2023-11-29T20:59:17.442+0000] {processor.py:179} INFO - Processing /home/airflow/.local/lib/python3.8/site-packages/airflow/example_dags/example_xcom.py took 0.044 seconds
[2023-11-29T20:59:48.120+0000] {processor.py:157} INFO - Started process (PID=938) to work on /home/airflow/.local/lib/python3.8/site-packages/airflow/example_dags/example_xcom.py
[2023-11-29T20:59:48.121+0000] {processor.py:829} INFO - Processing file /home/airflow/.local/lib/python3.8/site-packages/airflow/example_dags/example_xcom.py for tasks to queue
[2023-11-29T20:59:48.123+0000] {logging_mixin.py:154} INFO - [2023-11-29T20:59:48.122+0000] {dagbag.py:536} INFO - Filling up the DagBag from /home/airflow/.local/lib/python3.8/site-packages/airflow/example_dags/example_xcom.py
[2023-11-29T20:59:48.127+0000] {processor.py:839} INFO - DAG(s) dict_keys(['example_xcom']) retrieved from /home/airflow/.local/lib/python3.8/site-packages/airflow/example_dags/example_xcom.py
[2023-11-29T20:59:48.139+0000] {logging_mixin.py:154} INFO - [2023-11-29T20:59:48.139+0000] {dag.py:2941} INFO - Sync 1 DAGs
[2023-11-29T20:59:48.151+0000] {logging_mixin.py:154} INFO - [2023-11-29T20:59:48.151+0000] {dag.py:3722} INFO - Setting next_dagrun for example_xcom to 2021-01-01T00:00:00+00:00, run_after=2021-01-01T00:00:00+00:00
[2023-11-29T20:59:48.161+0000] {processor.py:179} INFO - Processing /home/airflow/.local/lib/python3.8/site-packages/airflow/example_dags/example_xcom.py took 0.043 seconds
[2023-11-29T21:00:18.937+0000] {processor.py:157} INFO - Started process (PID=992) to work on /home/airflow/.local/lib/python3.8/site-packages/airflow/example_dags/example_xcom.py
[2023-11-29T21:00:18.938+0000] {processor.py:829} INFO - Processing file /home/airflow/.local/lib/python3.8/site-packages/airflow/example_dags/example_xcom.py for tasks to queue
[2023-11-29T21:00:18.940+0000] {logging_mixin.py:154} INFO - [2023-11-29T21:00:18.939+0000] {dagbag.py:536} INFO - Filling up the DagBag from /home/airflow/.local/lib/python3.8/site-packages/airflow/example_dags/example_xcom.py
[2023-11-29T21:00:18.944+0000] {processor.py:839} INFO - DAG(s) dict_keys(['example_xcom']) retrieved from /home/airflow/.local/lib/python3.8/site-packages/airflow/example_dags/example_xcom.py
[2023-11-29T21:00:18.958+0000] {logging_mixin.py:154} INFO - [2023-11-29T21:00:18.957+0000] {dag.py:2941} INFO - Sync 1 DAGs
[2023-11-29T21:00:18.969+0000] {logging_mixin.py:154} INFO - [2023-11-29T21:00:18.969+0000] {dag.py:3722} INFO - Setting next_dagrun for example_xcom to 2021-01-01T00:00:00+00:00, run_after=2021-01-01T00:00:00+00:00
[2023-11-29T21:00:18.979+0000] {processor.py:179} INFO - Processing /home/airflow/.local/lib/python3.8/site-packages/airflow/example_dags/example_xcom.py took 0.044 seconds
[2023-11-29T21:00:49.933+0000] {processor.py:157} INFO - Started process (PID=1046) to work on /home/airflow/.local/lib/python3.8/site-packages/airflow/example_dags/example_xcom.py
[2023-11-29T21:00:49.934+0000] {processor.py:829} INFO - Processing file /home/airflow/.local/lib/python3.8/site-packages/airflow/example_dags/example_xcom.py for tasks to queue
[2023-11-29T21:00:49.935+0000] {logging_mixin.py:154} INFO - [2023-11-29T21:00:49.935+0000] {dagbag.py:536} INFO - Filling up the DagBag from /home/airflow/.local/lib/python3.8/site-packages/airflow/example_dags/example_xcom.py
[2023-11-29T21:00:49.940+0000] {processor.py:839} INFO - DAG(s) dict_keys(['example_xcom']) retrieved from /home/airflow/.local/lib/python3.8/site-packages/airflow/example_dags/example_xcom.py
[2023-11-29T21:00:49.953+0000] {logging_mixin.py:154} INFO - [2023-11-29T21:00:49.953+0000] {dag.py:2941} INFO - Sync 1 DAGs
[2023-11-29T21:00:49.966+0000] {logging_mixin.py:154} INFO - [2023-11-29T21:00:49.966+0000] {dag.py:3722} INFO - Setting next_dagrun for example_xcom to 2021-01-01T00:00:00+00:00, run_after=2021-01-01T00:00:00+00:00
[2023-11-29T21:00:49.977+0000] {processor.py:179} INFO - Processing /home/airflow/.local/lib/python3.8/site-packages/airflow/example_dags/example_xcom.py took 0.046 seconds
[2023-11-29T21:01:20.886+0000] {processor.py:157} INFO - Started process (PID=1100) to work on /home/airflow/.local/lib/python3.8/site-packages/airflow/example_dags/example_xcom.py
[2023-11-29T21:01:20.887+0000] {processor.py:829} INFO - Processing file /home/airflow/.local/lib/python3.8/site-packages/airflow/example_dags/example_xcom.py for tasks to queue
[2023-11-29T21:01:20.889+0000] {logging_mixin.py:154} INFO - [2023-11-29T21:01:20.889+0000] {dagbag.py:536} INFO - Filling up the DagBag from /home/airflow/.local/lib/python3.8/site-packages/airflow/example_dags/example_xcom.py
[2023-11-29T21:01:20.894+0000] {processor.py:839} INFO - DAG(s) dict_keys(['example_xcom']) retrieved from /home/airflow/.local/lib/python3.8/site-packages/airflow/example_dags/example_xcom.py
[2023-11-29T21:01:20.907+0000] {logging_mixin.py:154} INFO - [2023-11-29T21:01:20.907+0000] {dag.py:2941} INFO - Sync 1 DAGs
[2023-11-29T21:01:20.918+0000] {logging_mixin.py:154} INFO - [2023-11-29T21:01:20.918+0000] {dag.py:3722} INFO - Setting next_dagrun for example_xcom to 2021-01-01T00:00:00+00:00, run_after=2021-01-01T00:00:00+00:00
[2023-11-29T21:01:20.929+0000] {processor.py:179} INFO - Processing /home/airflow/.local/lib/python3.8/site-packages/airflow/example_dags/example_xcom.py took 0.045 seconds
[2023-11-29T21:41:08.990+0000] {processor.py:157} INFO - Started process (PID=63) to work on /home/airflow/.local/lib/python3.8/site-packages/airflow/example_dags/example_xcom.py
[2023-11-29T21:41:08.991+0000] {processor.py:829} INFO - Processing file /home/airflow/.local/lib/python3.8/site-packages/airflow/example_dags/example_xcom.py for tasks to queue
[2023-11-29T21:41:08.992+0000] {logging_mixin.py:154} INFO - [2023-11-29T21:41:08.992+0000] {dagbag.py:536} INFO - Filling up the DagBag from /home/airflow/.local/lib/python3.8/site-packages/airflow/example_dags/example_xcom.py
[2023-11-29T21:41:08.997+0000] {processor.py:839} INFO - DAG(s) dict_keys(['example_xcom']) retrieved from /home/airflow/.local/lib/python3.8/site-packages/airflow/example_dags/example_xcom.py
[2023-11-29T21:41:09.059+0000] {logging_mixin.py:154} INFO - [2023-11-29T21:41:09.059+0000] {manager.py:499} INFO - Created Permission View: %s
[2023-11-29T21:41:09.064+0000] {logging_mixin.py:154} INFO - [2023-11-29T21:41:09.064+0000] {manager.py:499} INFO - Created Permission View: %s
[2023-11-29T21:41:09.068+0000] {logging_mixin.py:154} INFO - [2023-11-29T21:41:09.068+0000] {manager.py:499} INFO - Created Permission View: %s
[2023-11-29T21:41:09.069+0000] {logging_mixin.py:154} INFO - [2023-11-29T21:41:09.069+0000] {dag.py:2941} INFO - Sync 1 DAGs
[2023-11-29T21:41:09.075+0000] {logging_mixin.py:154} INFO - [2023-11-29T21:41:09.075+0000] {dag.py:2963} INFO - Creating ORM DAG for example_xcom
[2023-11-29T21:41:09.081+0000] {logging_mixin.py:154} INFO - [2023-11-29T21:41:09.081+0000] {dag.py:3722} INFO - Setting next_dagrun for example_xcom to 2021-01-01T00:00:00+00:00, run_after=2021-01-01T00:00:00+00:00
[2023-11-29T21:41:09.090+0000] {processor.py:179} INFO - Processing /home/airflow/.local/lib/python3.8/site-packages/airflow/example_dags/example_xcom.py took 0.103 seconds
[2023-11-29T21:41:39.487+0000] {processor.py:157} INFO - Started process (PID=117) to work on /home/airflow/.local/lib/python3.8/site-packages/airflow/example_dags/example_xcom.py
[2023-11-29T21:41:39.488+0000] {processor.py:829} INFO - Processing file /home/airflow/.local/lib/python3.8/site-packages/airflow/example_dags/example_xcom.py for tasks to queue
[2023-11-29T21:41:39.490+0000] {logging_mixin.py:154} INFO - [2023-11-29T21:41:39.489+0000] {dagbag.py:536} INFO - Filling up the DagBag from /home/airflow/.local/lib/python3.8/site-packages/airflow/example_dags/example_xcom.py
[2023-11-29T21:41:39.495+0000] {processor.py:839} INFO - DAG(s) dict_keys(['example_xcom']) retrieved from /home/airflow/.local/lib/python3.8/site-packages/airflow/example_dags/example_xcom.py
[2023-11-29T21:41:39.508+0000] {logging_mixin.py:154} INFO - [2023-11-29T21:41:39.508+0000] {dag.py:2941} INFO - Sync 1 DAGs
[2023-11-29T21:41:39.521+0000] {logging_mixin.py:154} INFO - [2023-11-29T21:41:39.521+0000] {dag.py:3722} INFO - Setting next_dagrun for example_xcom to 2021-01-01T00:00:00+00:00, run_after=2021-01-01T00:00:00+00:00
[2023-11-29T21:41:39.531+0000] {processor.py:179} INFO - Processing /home/airflow/.local/lib/python3.8/site-packages/airflow/example_dags/example_xcom.py took 0.046 seconds
[2023-11-29T21:42:10.150+0000] {processor.py:157} INFO - Started process (PID=171) to work on /home/airflow/.local/lib/python3.8/site-packages/airflow/example_dags/example_xcom.py
[2023-11-29T21:42:10.151+0000] {processor.py:829} INFO - Processing file /home/airflow/.local/lib/python3.8/site-packages/airflow/example_dags/example_xcom.py for tasks to queue
[2023-11-29T21:42:10.152+0000] {logging_mixin.py:154} INFO - [2023-11-29T21:42:10.152+0000] {dagbag.py:536} INFO - Filling up the DagBag from /home/airflow/.local/lib/python3.8/site-packages/airflow/example_dags/example_xcom.py
[2023-11-29T21:42:10.157+0000] {processor.py:839} INFO - DAG(s) dict_keys(['example_xcom']) retrieved from /home/airflow/.local/lib/python3.8/site-packages/airflow/example_dags/example_xcom.py
[2023-11-29T21:42:10.171+0000] {logging_mixin.py:154} INFO - [2023-11-29T21:42:10.171+0000] {dag.py:2941} INFO - Sync 1 DAGs
[2023-11-29T21:42:10.183+0000] {logging_mixin.py:154} INFO - [2023-11-29T21:42:10.183+0000] {dag.py:3722} INFO - Setting next_dagrun for example_xcom to 2021-01-01T00:00:00+00:00, run_after=2021-01-01T00:00:00+00:00
[2023-11-29T21:42:10.193+0000] {processor.py:179} INFO - Processing /home/airflow/.local/lib/python3.8/site-packages/airflow/example_dags/example_xcom.py took 0.045 seconds
[2023-11-29T21:42:40.874+0000] {processor.py:157} INFO - Started process (PID=225) to work on /home/airflow/.local/lib/python3.8/site-packages/airflow/example_dags/example_xcom.py
[2023-11-29T21:42:40.875+0000] {processor.py:829} INFO - Processing file /home/airflow/.local/lib/python3.8/site-packages/airflow/example_dags/example_xcom.py for tasks to queue
[2023-11-29T21:42:40.876+0000] {logging_mixin.py:154} INFO - [2023-11-29T21:42:40.876+0000] {dagbag.py:536} INFO - Filling up the DagBag from /home/airflow/.local/lib/python3.8/site-packages/airflow/example_dags/example_xcom.py
[2023-11-29T21:42:40.881+0000] {processor.py:839} INFO - DAG(s) dict_keys(['example_xcom']) retrieved from /home/airflow/.local/lib/python3.8/site-packages/airflow/example_dags/example_xcom.py
[2023-11-29T21:42:40.894+0000] {logging_mixin.py:154} INFO - [2023-11-29T21:42:40.894+0000] {dag.py:2941} INFO - Sync 1 DAGs
[2023-11-29T21:42:40.906+0000] {logging_mixin.py:154} INFO - [2023-11-29T21:42:40.906+0000] {dag.py:3722} INFO - Setting next_dagrun for example_xcom to 2021-01-01T00:00:00+00:00, run_after=2021-01-01T00:00:00+00:00
[2023-11-29T21:42:40.916+0000] {processor.py:179} INFO - Processing /home/airflow/.local/lib/python3.8/site-packages/airflow/example_dags/example_xcom.py took 0.044 seconds
[2023-11-29T21:43:11.066+0000] {processor.py:157} INFO - Started process (PID=279) to work on /home/airflow/.local/lib/python3.8/site-packages/airflow/example_dags/example_xcom.py
[2023-11-29T21:43:11.067+0000] {processor.py:829} INFO - Processing file /home/airflow/.local/lib/python3.8/site-packages/airflow/example_dags/example_xcom.py for tasks to queue
[2023-11-29T21:43:11.068+0000] {logging_mixin.py:154} INFO - [2023-11-29T21:43:11.068+0000] {dagbag.py:536} INFO - Filling up the DagBag from /home/airflow/.local/lib/python3.8/site-packages/airflow/example_dags/example_xcom.py
[2023-11-29T21:43:11.073+0000] {processor.py:839} INFO - DAG(s) dict_keys(['example_xcom']) retrieved from /home/airflow/.local/lib/python3.8/site-packages/airflow/example_dags/example_xcom.py
[2023-11-29T21:43:11.086+0000] {logging_mixin.py:154} INFO - [2023-11-29T21:43:11.086+0000] {dag.py:2941} INFO - Sync 1 DAGs
[2023-11-29T21:43:11.099+0000] {logging_mixin.py:154} INFO - [2023-11-29T21:43:11.099+0000] {dag.py:3722} INFO - Setting next_dagrun for example_xcom to 2021-01-01T00:00:00+00:00, run_after=2021-01-01T00:00:00+00:00
[2023-11-29T21:43:11.109+0000] {processor.py:179} INFO - Processing /home/airflow/.local/lib/python3.8/site-packages/airflow/example_dags/example_xcom.py took 0.045 seconds
[2023-11-29T21:43:41.190+0000] {processor.py:157} INFO - Started process (PID=333) to work on /home/airflow/.local/lib/python3.8/site-packages/airflow/example_dags/example_xcom.py
[2023-11-29T21:43:41.191+0000] {processor.py:829} INFO - Processing file /home/airflow/.local/lib/python3.8/site-packages/airflow/example_dags/example_xcom.py for tasks to queue
[2023-11-29T21:43:41.192+0000] {logging_mixin.py:154} INFO - [2023-11-29T21:43:41.192+0000] {dagbag.py:536} INFO - Filling up the DagBag from /home/airflow/.local/lib/python3.8/site-packages/airflow/example_dags/example_xcom.py
[2023-11-29T21:43:41.197+0000] {processor.py:839} INFO - DAG(s) dict_keys(['example_xcom']) retrieved from /home/airflow/.local/lib/python3.8/site-packages/airflow/example_dags/example_xcom.py
[2023-11-29T21:43:41.212+0000] {logging_mixin.py:154} INFO - [2023-11-29T21:43:41.211+0000] {dag.py:2941} INFO - Sync 1 DAGs
[2023-11-29T21:43:41.224+0000] {logging_mixin.py:154} INFO - [2023-11-29T21:43:41.224+0000] {dag.py:3722} INFO - Setting next_dagrun for example_xcom to 2021-01-01T00:00:00+00:00, run_after=2021-01-01T00:00:00+00:00
[2023-11-29T21:43:41.235+0000] {processor.py:179} INFO - Processing /home/airflow/.local/lib/python3.8/site-packages/airflow/example_dags/example_xcom.py took 0.047 seconds
[2023-11-29T21:44:11.426+0000] {processor.py:157} INFO - Started process (PID=387) to work on /home/airflow/.local/lib/python3.8/site-packages/airflow/example_dags/example_xcom.py
[2023-11-29T21:44:11.427+0000] {processor.py:829} INFO - Processing file /home/airflow/.local/lib/python3.8/site-packages/airflow/example_dags/example_xcom.py for tasks to queue
[2023-11-29T21:44:11.428+0000] {logging_mixin.py:154} INFO - [2023-11-29T21:44:11.428+0000] {dagbag.py:536} INFO - Filling up the DagBag from /home/airflow/.local/lib/python3.8/site-packages/airflow/example_dags/example_xcom.py
[2023-11-29T21:44:11.433+0000] {processor.py:839} INFO - DAG(s) dict_keys(['example_xcom']) retrieved from /home/airflow/.local/lib/python3.8/site-packages/airflow/example_dags/example_xcom.py
[2023-11-29T21:44:11.446+0000] {logging_mixin.py:154} INFO - [2023-11-29T21:44:11.446+0000] {dag.py:2941} INFO - Sync 1 DAGs
[2023-11-29T21:44:11.459+0000] {logging_mixin.py:154} INFO - [2023-11-29T21:44:11.458+0000] {dag.py:3722} INFO - Setting next_dagrun for example_xcom to 2021-01-01T00:00:00+00:00, run_after=2021-01-01T00:00:00+00:00
[2023-11-29T21:44:11.468+0000] {processor.py:179} INFO - Processing /home/airflow/.local/lib/python3.8/site-packages/airflow/example_dags/example_xcom.py took 0.044 seconds
[2023-11-29T21:44:41.686+0000] {processor.py:157} INFO - Started process (PID=441) to work on /home/airflow/.local/lib/python3.8/site-packages/airflow/example_dags/example_xcom.py
[2023-11-29T21:44:41.687+0000] {processor.py:829} INFO - Processing file /home/airflow/.local/lib/python3.8/site-packages/airflow/example_dags/example_xcom.py for tasks to queue
[2023-11-29T21:44:41.689+0000] {logging_mixin.py:154} INFO - [2023-11-29T21:44:41.689+0000] {dagbag.py:536} INFO - Filling up the DagBag from /home/airflow/.local/lib/python3.8/site-packages/airflow/example_dags/example_xcom.py
[2023-11-29T21:44:41.694+0000] {processor.py:839} INFO - DAG(s) dict_keys(['example_xcom']) retrieved from /home/airflow/.local/lib/python3.8/site-packages/airflow/example_dags/example_xcom.py
[2023-11-29T21:44:41.709+0000] {logging_mixin.py:154} INFO - [2023-11-29T21:44:41.708+0000] {dag.py:2941} INFO - Sync 1 DAGs
[2023-11-29T21:44:41.722+0000] {logging_mixin.py:154} INFO - [2023-11-29T21:44:41.722+0000] {dag.py:3722} INFO - Setting next_dagrun for example_xcom to 2021-01-01T00:00:00+00:00, run_after=2021-01-01T00:00:00+00:00
[2023-11-29T21:44:41.732+0000] {processor.py:179} INFO - Processing /home/airflow/.local/lib/python3.8/site-packages/airflow/example_dags/example_xcom.py took 0.048 seconds
[2023-11-29T21:45:11.863+0000] {processor.py:157} INFO - Started process (PID=495) to work on /home/airflow/.local/lib/python3.8/site-packages/airflow/example_dags/example_xcom.py
[2023-11-29T21:45:11.864+0000] {processor.py:829} INFO - Processing file /home/airflow/.local/lib/python3.8/site-packages/airflow/example_dags/example_xcom.py for tasks to queue
[2023-11-29T21:45:11.865+0000] {logging_mixin.py:154} INFO - [2023-11-29T21:45:11.865+0000] {dagbag.py:536} INFO - Filling up the DagBag from /home/airflow/.local/lib/python3.8/site-packages/airflow/example_dags/example_xcom.py
[2023-11-29T21:45:11.870+0000] {processor.py:839} INFO - DAG(s) dict_keys(['example_xcom']) retrieved from /home/airflow/.local/lib/python3.8/site-packages/airflow/example_dags/example_xcom.py
[2023-11-29T21:45:11.883+0000] {logging_mixin.py:154} INFO - [2023-11-29T21:45:11.882+0000] {dag.py:2941} INFO - Sync 1 DAGs
[2023-11-29T21:45:11.895+0000] {logging_mixin.py:154} INFO - [2023-11-29T21:45:11.895+0000] {dag.py:3722} INFO - Setting next_dagrun for example_xcom to 2021-01-01T00:00:00+00:00, run_after=2021-01-01T00:00:00+00:00
[2023-11-29T21:45:11.904+0000] {processor.py:179} INFO - Processing /home/airflow/.local/lib/python3.8/site-packages/airflow/example_dags/example_xcom.py took 0.044 seconds
[2023-11-29T21:45:41.985+0000] {processor.py:157} INFO - Started process (PID=549) to work on /home/airflow/.local/lib/python3.8/site-packages/airflow/example_dags/example_xcom.py
[2023-11-29T21:45:41.986+0000] {processor.py:829} INFO - Processing file /home/airflow/.local/lib/python3.8/site-packages/airflow/example_dags/example_xcom.py for tasks to queue
[2023-11-29T21:45:41.987+0000] {logging_mixin.py:154} INFO - [2023-11-29T21:45:41.987+0000] {dagbag.py:536} INFO - Filling up the DagBag from /home/airflow/.local/lib/python3.8/site-packages/airflow/example_dags/example_xcom.py
[2023-11-29T21:45:41.992+0000] {processor.py:839} INFO - DAG(s) dict_keys(['example_xcom']) retrieved from /home/airflow/.local/lib/python3.8/site-packages/airflow/example_dags/example_xcom.py
[2023-11-29T21:45:42.005+0000] {logging_mixin.py:154} INFO - [2023-11-29T21:45:42.005+0000] {dag.py:2941} INFO - Sync 1 DAGs
[2023-11-29T21:45:42.018+0000] {logging_mixin.py:154} INFO - [2023-11-29T21:45:42.018+0000] {dag.py:3722} INFO - Setting next_dagrun for example_xcom to 2021-01-01T00:00:00+00:00, run_after=2021-01-01T00:00:00+00:00
[2023-11-29T21:45:42.028+0000] {processor.py:179} INFO - Processing /home/airflow/.local/lib/python3.8/site-packages/airflow/example_dags/example_xcom.py took 0.046 seconds
[2023-11-29T21:46:13.162+0000] {processor.py:157} INFO - Started process (PID=603) to work on /home/airflow/.local/lib/python3.8/site-packages/airflow/example_dags/example_xcom.py
[2023-11-29T21:46:13.163+0000] {processor.py:829} INFO - Processing file /home/airflow/.local/lib/python3.8/site-packages/airflow/example_dags/example_xcom.py for tasks to queue
[2023-11-29T21:46:13.165+0000] {logging_mixin.py:154} INFO - [2023-11-29T21:46:13.164+0000] {dagbag.py:536} INFO - Filling up the DagBag from /home/airflow/.local/lib/python3.8/site-packages/airflow/example_dags/example_xcom.py
[2023-11-29T21:46:13.170+0000] {processor.py:839} INFO - DAG(s) dict_keys(['example_xcom']) retrieved from /home/airflow/.local/lib/python3.8/site-packages/airflow/example_dags/example_xcom.py
[2023-11-29T21:46:13.184+0000] {logging_mixin.py:154} INFO - [2023-11-29T21:46:13.184+0000] {dag.py:2941} INFO - Sync 1 DAGs
[2023-11-29T21:46:13.196+0000] {logging_mixin.py:154} INFO - [2023-11-29T21:46:13.196+0000] {dag.py:3722} INFO - Setting next_dagrun for example_xcom to 2021-01-01T00:00:00+00:00, run_after=2021-01-01T00:00:00+00:00
[2023-11-29T21:46:13.206+0000] {processor.py:179} INFO - Processing /home/airflow/.local/lib/python3.8/site-packages/airflow/example_dags/example_xcom.py took 0.047 seconds
