[2023-11-29T20:51:39.403+0000] {processor.py:157} INFO - Started process (PID=58) to work on /home/airflow/.local/lib/python3.8/site-packages/airflow/example_dags/example_branch_python_dop_operator_3.py
[2023-11-29T20:51:39.404+0000] {processor.py:829} INFO - Processing file /home/airflow/.local/lib/python3.8/site-packages/airflow/example_dags/example_branch_python_dop_operator_3.py for tasks to queue
[2023-11-29T20:51:39.406+0000] {logging_mixin.py:154} INFO - [2023-11-29T20:51:39.406+0000] {dagbag.py:536} INFO - Filling up the DagBag from /home/airflow/.local/lib/python3.8/site-packages/airflow/example_dags/example_branch_python_dop_operator_3.py
[2023-11-29T20:51:39.412+0000] {processor.py:839} INFO - DAG(s) dict_keys(['example_branch_dop_operator_v3']) retrieved from /home/airflow/.local/lib/python3.8/site-packages/airflow/example_dags/example_branch_python_dop_operator_3.py
[2023-11-29T20:51:39.486+0000] {logging_mixin.py:154} INFO - [2023-11-29T20:51:39.486+0000] {dag.py:2941} INFO - Sync 1 DAGs
[2023-11-29T20:51:39.503+0000] {logging_mixin.py:154} INFO - [2023-11-29T20:51:39.503+0000] {dag.py:3722} INFO - Setting next_dagrun for example_branch_dop_operator_v3 to 2023-11-29T20:50:00+00:00, run_after=2023-11-29T20:51:00+00:00
[2023-11-29T20:51:39.516+0000] {processor.py:179} INFO - Processing /home/airflow/.local/lib/python3.8/site-packages/airflow/example_dags/example_branch_python_dop_operator_3.py took 0.116 seconds
[2023-11-29T20:52:09.850+0000] {processor.py:157} INFO - Started process (PID=112) to work on /home/airflow/.local/lib/python3.8/site-packages/airflow/example_dags/example_branch_python_dop_operator_3.py
[2023-11-29T20:52:09.850+0000] {processor.py:829} INFO - Processing file /home/airflow/.local/lib/python3.8/site-packages/airflow/example_dags/example_branch_python_dop_operator_3.py for tasks to queue
[2023-11-29T20:52:09.851+0000] {logging_mixin.py:154} INFO - [2023-11-29T20:52:09.851+0000] {dagbag.py:536} INFO - Filling up the DagBag from /home/airflow/.local/lib/python3.8/site-packages/airflow/example_dags/example_branch_python_dop_operator_3.py
[2023-11-29T20:52:09.857+0000] {processor.py:839} INFO - DAG(s) dict_keys(['example_branch_dop_operator_v3']) retrieved from /home/airflow/.local/lib/python3.8/site-packages/airflow/example_dags/example_branch_python_dop_operator_3.py
[2023-11-29T20:52:09.864+0000] {logging_mixin.py:154} INFO - [2023-11-29T20:52:09.864+0000] {dag.py:2941} INFO - Sync 1 DAGs
[2023-11-29T20:52:09.879+0000] {logging_mixin.py:154} INFO - [2023-11-29T20:52:09.879+0000] {dag.py:3722} INFO - Setting next_dagrun for example_branch_dop_operator_v3 to 2023-11-29T20:51:00+00:00, run_after=2023-11-29T20:52:00+00:00
[2023-11-29T20:52:09.889+0000] {processor.py:179} INFO - Processing /home/airflow/.local/lib/python3.8/site-packages/airflow/example_dags/example_branch_python_dop_operator_3.py took 0.041 seconds
[2023-11-29T20:52:40.684+0000] {processor.py:157} INFO - Started process (PID=166) to work on /home/airflow/.local/lib/python3.8/site-packages/airflow/example_dags/example_branch_python_dop_operator_3.py
[2023-11-29T20:52:40.685+0000] {processor.py:829} INFO - Processing file /home/airflow/.local/lib/python3.8/site-packages/airflow/example_dags/example_branch_python_dop_operator_3.py for tasks to queue
[2023-11-29T20:52:40.686+0000] {logging_mixin.py:154} INFO - [2023-11-29T20:52:40.686+0000] {dagbag.py:536} INFO - Filling up the DagBag from /home/airflow/.local/lib/python3.8/site-packages/airflow/example_dags/example_branch_python_dop_operator_3.py
[2023-11-29T20:52:40.692+0000] {processor.py:839} INFO - DAG(s) dict_keys(['example_branch_dop_operator_v3']) retrieved from /home/airflow/.local/lib/python3.8/site-packages/airflow/example_dags/example_branch_python_dop_operator_3.py
[2023-11-29T20:52:40.704+0000] {logging_mixin.py:154} INFO - [2023-11-29T20:52:40.704+0000] {dag.py:2941} INFO - Sync 1 DAGs
[2023-11-29T20:52:40.718+0000] {logging_mixin.py:154} INFO - [2023-11-29T20:52:40.718+0000] {dag.py:3722} INFO - Setting next_dagrun for example_branch_dop_operator_v3 to 2023-11-29T20:51:00+00:00, run_after=2023-11-29T20:52:00+00:00
[2023-11-29T20:52:40.727+0000] {processor.py:179} INFO - Processing /home/airflow/.local/lib/python3.8/site-packages/airflow/example_dags/example_branch_python_dop_operator_3.py took 0.045 seconds
[2023-11-29T20:53:10.836+0000] {processor.py:157} INFO - Started process (PID=220) to work on /home/airflow/.local/lib/python3.8/site-packages/airflow/example_dags/example_branch_python_dop_operator_3.py
[2023-11-29T20:53:10.836+0000] {processor.py:829} INFO - Processing file /home/airflow/.local/lib/python3.8/site-packages/airflow/example_dags/example_branch_python_dop_operator_3.py for tasks to queue
[2023-11-29T20:53:10.838+0000] {logging_mixin.py:154} INFO - [2023-11-29T20:53:10.838+0000] {dagbag.py:536} INFO - Filling up the DagBag from /home/airflow/.local/lib/python3.8/site-packages/airflow/example_dags/example_branch_python_dop_operator_3.py
[2023-11-29T20:53:10.843+0000] {processor.py:839} INFO - DAG(s) dict_keys(['example_branch_dop_operator_v3']) retrieved from /home/airflow/.local/lib/python3.8/site-packages/airflow/example_dags/example_branch_python_dop_operator_3.py
[2023-11-29T20:53:10.856+0000] {logging_mixin.py:154} INFO - [2023-11-29T20:53:10.856+0000] {dag.py:2941} INFO - Sync 1 DAGs
[2023-11-29T20:53:10.870+0000] {logging_mixin.py:154} INFO - [2023-11-29T20:53:10.870+0000] {dag.py:3722} INFO - Setting next_dagrun for example_branch_dop_operator_v3 to 2023-11-29T20:52:00+00:00, run_after=2023-11-29T20:53:00+00:00
[2023-11-29T20:53:10.879+0000] {processor.py:179} INFO - Processing /home/airflow/.local/lib/python3.8/site-packages/airflow/example_dags/example_branch_python_dop_operator_3.py took 0.046 seconds
[2023-11-29T20:53:40.975+0000] {processor.py:157} INFO - Started process (PID=274) to work on /home/airflow/.local/lib/python3.8/site-packages/airflow/example_dags/example_branch_python_dop_operator_3.py
[2023-11-29T20:53:40.975+0000] {processor.py:829} INFO - Processing file /home/airflow/.local/lib/python3.8/site-packages/airflow/example_dags/example_branch_python_dop_operator_3.py for tasks to queue
[2023-11-29T20:53:40.977+0000] {logging_mixin.py:154} INFO - [2023-11-29T20:53:40.977+0000] {dagbag.py:536} INFO - Filling up the DagBag from /home/airflow/.local/lib/python3.8/site-packages/airflow/example_dags/example_branch_python_dop_operator_3.py
[2023-11-29T20:53:40.982+0000] {processor.py:839} INFO - DAG(s) dict_keys(['example_branch_dop_operator_v3']) retrieved from /home/airflow/.local/lib/python3.8/site-packages/airflow/example_dags/example_branch_python_dop_operator_3.py
[2023-11-29T20:53:40.996+0000] {logging_mixin.py:154} INFO - [2023-11-29T20:53:40.996+0000] {dag.py:2941} INFO - Sync 1 DAGs
[2023-11-29T20:53:41.011+0000] {logging_mixin.py:154} INFO - [2023-11-29T20:53:41.010+0000] {dag.py:3722} INFO - Setting next_dagrun for example_branch_dop_operator_v3 to 2023-11-29T20:52:00+00:00, run_after=2023-11-29T20:53:00+00:00
[2023-11-29T20:53:41.020+0000] {processor.py:179} INFO - Processing /home/airflow/.local/lib/python3.8/site-packages/airflow/example_dags/example_branch_python_dop_operator_3.py took 0.048 seconds
[2023-11-29T20:54:11.083+0000] {processor.py:157} INFO - Started process (PID=328) to work on /home/airflow/.local/lib/python3.8/site-packages/airflow/example_dags/example_branch_python_dop_operator_3.py
[2023-11-29T20:54:11.084+0000] {processor.py:829} INFO - Processing file /home/airflow/.local/lib/python3.8/site-packages/airflow/example_dags/example_branch_python_dop_operator_3.py for tasks to queue
[2023-11-29T20:54:11.085+0000] {logging_mixin.py:154} INFO - [2023-11-29T20:54:11.085+0000] {dagbag.py:536} INFO - Filling up the DagBag from /home/airflow/.local/lib/python3.8/site-packages/airflow/example_dags/example_branch_python_dop_operator_3.py
[2023-11-29T20:54:11.091+0000] {processor.py:839} INFO - DAG(s) dict_keys(['example_branch_dop_operator_v3']) retrieved from /home/airflow/.local/lib/python3.8/site-packages/airflow/example_dags/example_branch_python_dop_operator_3.py
[2023-11-29T20:54:11.103+0000] {logging_mixin.py:154} INFO - [2023-11-29T20:54:11.102+0000] {dag.py:2941} INFO - Sync 1 DAGs
[2023-11-29T20:54:11.117+0000] {logging_mixin.py:154} INFO - [2023-11-29T20:54:11.117+0000] {dag.py:3722} INFO - Setting next_dagrun for example_branch_dop_operator_v3 to 2023-11-29T20:53:00+00:00, run_after=2023-11-29T20:54:00+00:00
[2023-11-29T20:54:11.126+0000] {processor.py:179} INFO - Processing /home/airflow/.local/lib/python3.8/site-packages/airflow/example_dags/example_branch_python_dop_operator_3.py took 0.045 seconds
[2023-11-29T20:54:41.183+0000] {processor.py:157} INFO - Started process (PID=382) to work on /home/airflow/.local/lib/python3.8/site-packages/airflow/example_dags/example_branch_python_dop_operator_3.py
[2023-11-29T20:54:41.183+0000] {processor.py:829} INFO - Processing file /home/airflow/.local/lib/python3.8/site-packages/airflow/example_dags/example_branch_python_dop_operator_3.py for tasks to queue
[2023-11-29T20:54:41.185+0000] {logging_mixin.py:154} INFO - [2023-11-29T20:54:41.185+0000] {dagbag.py:536} INFO - Filling up the DagBag from /home/airflow/.local/lib/python3.8/site-packages/airflow/example_dags/example_branch_python_dop_operator_3.py
[2023-11-29T20:54:41.190+0000] {processor.py:839} INFO - DAG(s) dict_keys(['example_branch_dop_operator_v3']) retrieved from /home/airflow/.local/lib/python3.8/site-packages/airflow/example_dags/example_branch_python_dop_operator_3.py
[2023-11-29T20:54:41.203+0000] {logging_mixin.py:154} INFO - [2023-11-29T20:54:41.203+0000] {dag.py:2941} INFO - Sync 1 DAGs
[2023-11-29T20:54:41.217+0000] {logging_mixin.py:154} INFO - [2023-11-29T20:54:41.217+0000] {dag.py:3722} INFO - Setting next_dagrun for example_branch_dop_operator_v3 to 2023-11-29T20:53:00+00:00, run_after=2023-11-29T20:54:00+00:00
[2023-11-29T20:54:41.227+0000] {processor.py:179} INFO - Processing /home/airflow/.local/lib/python3.8/site-packages/airflow/example_dags/example_branch_python_dop_operator_3.py took 0.047 seconds
[2023-11-29T20:55:11.262+0000] {processor.py:157} INFO - Started process (PID=436) to work on /home/airflow/.local/lib/python3.8/site-packages/airflow/example_dags/example_branch_python_dop_operator_3.py
[2023-11-29T20:55:11.262+0000] {processor.py:829} INFO - Processing file /home/airflow/.local/lib/python3.8/site-packages/airflow/example_dags/example_branch_python_dop_operator_3.py for tasks to queue
[2023-11-29T20:55:11.264+0000] {logging_mixin.py:154} INFO - [2023-11-29T20:55:11.264+0000] {dagbag.py:536} INFO - Filling up the DagBag from /home/airflow/.local/lib/python3.8/site-packages/airflow/example_dags/example_branch_python_dop_operator_3.py
[2023-11-29T20:55:11.269+0000] {processor.py:839} INFO - DAG(s) dict_keys(['example_branch_dop_operator_v3']) retrieved from /home/airflow/.local/lib/python3.8/site-packages/airflow/example_dags/example_branch_python_dop_operator_3.py
[2023-11-29T20:55:11.281+0000] {logging_mixin.py:154} INFO - [2023-11-29T20:55:11.281+0000] {dag.py:2941} INFO - Sync 1 DAGs
[2023-11-29T20:55:11.295+0000] {logging_mixin.py:154} INFO - [2023-11-29T20:55:11.295+0000] {dag.py:3722} INFO - Setting next_dagrun for example_branch_dop_operator_v3 to 2023-11-29T20:54:00+00:00, run_after=2023-11-29T20:55:00+00:00
[2023-11-29T20:55:11.304+0000] {processor.py:179} INFO - Processing /home/airflow/.local/lib/python3.8/site-packages/airflow/example_dags/example_branch_python_dop_operator_3.py took 0.045 seconds
[2023-11-29T20:55:41.425+0000] {processor.py:157} INFO - Started process (PID=490) to work on /home/airflow/.local/lib/python3.8/site-packages/airflow/example_dags/example_branch_python_dop_operator_3.py
[2023-11-29T20:55:41.425+0000] {processor.py:829} INFO - Processing file /home/airflow/.local/lib/python3.8/site-packages/airflow/example_dags/example_branch_python_dop_operator_3.py for tasks to queue
[2023-11-29T20:55:41.427+0000] {logging_mixin.py:154} INFO - [2023-11-29T20:55:41.427+0000] {dagbag.py:536} INFO - Filling up the DagBag from /home/airflow/.local/lib/python3.8/site-packages/airflow/example_dags/example_branch_python_dop_operator_3.py
[2023-11-29T20:55:41.432+0000] {processor.py:839} INFO - DAG(s) dict_keys(['example_branch_dop_operator_v3']) retrieved from /home/airflow/.local/lib/python3.8/site-packages/airflow/example_dags/example_branch_python_dop_operator_3.py
[2023-11-29T20:55:41.444+0000] {logging_mixin.py:154} INFO - [2023-11-29T20:55:41.444+0000] {dag.py:2941} INFO - Sync 1 DAGs
[2023-11-29T20:55:41.458+0000] {logging_mixin.py:154} INFO - [2023-11-29T20:55:41.458+0000] {dag.py:3722} INFO - Setting next_dagrun for example_branch_dop_operator_v3 to 2023-11-29T20:54:00+00:00, run_after=2023-11-29T20:55:00+00:00
[2023-11-29T20:55:41.468+0000] {processor.py:179} INFO - Processing /home/airflow/.local/lib/python3.8/site-packages/airflow/example_dags/example_branch_python_dop_operator_3.py took 0.045 seconds
[2023-11-29T20:56:11.522+0000] {processor.py:157} INFO - Started process (PID=544) to work on /home/airflow/.local/lib/python3.8/site-packages/airflow/example_dags/example_branch_python_dop_operator_3.py
[2023-11-29T20:56:11.522+0000] {processor.py:829} INFO - Processing file /home/airflow/.local/lib/python3.8/site-packages/airflow/example_dags/example_branch_python_dop_operator_3.py for tasks to queue
[2023-11-29T20:56:11.524+0000] {logging_mixin.py:154} INFO - [2023-11-29T20:56:11.524+0000] {dagbag.py:536} INFO - Filling up the DagBag from /home/airflow/.local/lib/python3.8/site-packages/airflow/example_dags/example_branch_python_dop_operator_3.py
[2023-11-29T20:56:11.529+0000] {processor.py:839} INFO - DAG(s) dict_keys(['example_branch_dop_operator_v3']) retrieved from /home/airflow/.local/lib/python3.8/site-packages/airflow/example_dags/example_branch_python_dop_operator_3.py
[2023-11-29T20:56:11.541+0000] {logging_mixin.py:154} INFO - [2023-11-29T20:56:11.541+0000] {dag.py:2941} INFO - Sync 1 DAGs
[2023-11-29T20:56:11.555+0000] {logging_mixin.py:154} INFO - [2023-11-29T20:56:11.555+0000] {dag.py:3722} INFO - Setting next_dagrun for example_branch_dop_operator_v3 to 2023-11-29T20:55:00+00:00, run_after=2023-11-29T20:56:00+00:00
[2023-11-29T20:56:11.565+0000] {processor.py:179} INFO - Processing /home/airflow/.local/lib/python3.8/site-packages/airflow/example_dags/example_branch_python_dop_operator_3.py took 0.045 seconds
[2023-11-29T20:56:42.478+0000] {processor.py:157} INFO - Started process (PID=598) to work on /home/airflow/.local/lib/python3.8/site-packages/airflow/example_dags/example_branch_python_dop_operator_3.py
[2023-11-29T20:56:42.478+0000] {processor.py:829} INFO - Processing file /home/airflow/.local/lib/python3.8/site-packages/airflow/example_dags/example_branch_python_dop_operator_3.py for tasks to queue
[2023-11-29T20:56:42.480+0000] {logging_mixin.py:154} INFO - [2023-11-29T20:56:42.480+0000] {dagbag.py:536} INFO - Filling up the DagBag from /home/airflow/.local/lib/python3.8/site-packages/airflow/example_dags/example_branch_python_dop_operator_3.py
[2023-11-29T20:56:42.485+0000] {processor.py:839} INFO - DAG(s) dict_keys(['example_branch_dop_operator_v3']) retrieved from /home/airflow/.local/lib/python3.8/site-packages/airflow/example_dags/example_branch_python_dop_operator_3.py
[2023-11-29T20:56:42.497+0000] {logging_mixin.py:154} INFO - [2023-11-29T20:56:42.497+0000] {dag.py:2941} INFO - Sync 1 DAGs
[2023-11-29T20:56:42.512+0000] {logging_mixin.py:154} INFO - [2023-11-29T20:56:42.512+0000] {dag.py:3722} INFO - Setting next_dagrun for example_branch_dop_operator_v3 to 2023-11-29T20:55:00+00:00, run_after=2023-11-29T20:56:00+00:00
[2023-11-29T20:56:42.522+0000] {processor.py:179} INFO - Processing /home/airflow/.local/lib/python3.8/site-packages/airflow/example_dags/example_branch_python_dop_operator_3.py took 0.046 seconds
[2023-11-29T20:57:12.538+0000] {processor.py:157} INFO - Started process (PID=652) to work on /home/airflow/.local/lib/python3.8/site-packages/airflow/example_dags/example_branch_python_dop_operator_3.py
[2023-11-29T20:57:12.539+0000] {processor.py:829} INFO - Processing file /home/airflow/.local/lib/python3.8/site-packages/airflow/example_dags/example_branch_python_dop_operator_3.py for tasks to queue
[2023-11-29T20:57:12.541+0000] {logging_mixin.py:154} INFO - [2023-11-29T20:57:12.540+0000] {dagbag.py:536} INFO - Filling up the DagBag from /home/airflow/.local/lib/python3.8/site-packages/airflow/example_dags/example_branch_python_dop_operator_3.py
[2023-11-29T20:57:12.546+0000] {processor.py:839} INFO - DAG(s) dict_keys(['example_branch_dop_operator_v3']) retrieved from /home/airflow/.local/lib/python3.8/site-packages/airflow/example_dags/example_branch_python_dop_operator_3.py
[2023-11-29T20:57:12.558+0000] {logging_mixin.py:154} INFO - [2023-11-29T20:57:12.558+0000] {dag.py:2941} INFO - Sync 1 DAGs
[2023-11-29T20:57:12.571+0000] {logging_mixin.py:154} INFO - [2023-11-29T20:57:12.571+0000] {dag.py:3722} INFO - Setting next_dagrun for example_branch_dop_operator_v3 to 2023-11-29T20:56:00+00:00, run_after=2023-11-29T20:57:00+00:00
[2023-11-29T20:57:12.580+0000] {processor.py:179} INFO - Processing /home/airflow/.local/lib/python3.8/site-packages/airflow/example_dags/example_branch_python_dop_operator_3.py took 0.044 seconds
[2023-11-29T20:57:42.652+0000] {processor.py:157} INFO - Started process (PID=706) to work on /home/airflow/.local/lib/python3.8/site-packages/airflow/example_dags/example_branch_python_dop_operator_3.py
[2023-11-29T20:57:42.653+0000] {processor.py:829} INFO - Processing file /home/airflow/.local/lib/python3.8/site-packages/airflow/example_dags/example_branch_python_dop_operator_3.py for tasks to queue
[2023-11-29T20:57:42.654+0000] {logging_mixin.py:154} INFO - [2023-11-29T20:57:42.654+0000] {dagbag.py:536} INFO - Filling up the DagBag from /home/airflow/.local/lib/python3.8/site-packages/airflow/example_dags/example_branch_python_dop_operator_3.py
[2023-11-29T20:57:42.660+0000] {processor.py:839} INFO - DAG(s) dict_keys(['example_branch_dop_operator_v3']) retrieved from /home/airflow/.local/lib/python3.8/site-packages/airflow/example_dags/example_branch_python_dop_operator_3.py
[2023-11-29T20:57:42.673+0000] {logging_mixin.py:154} INFO - [2023-11-29T20:57:42.673+0000] {dag.py:2941} INFO - Sync 1 DAGs
[2023-11-29T20:57:42.687+0000] {logging_mixin.py:154} INFO - [2023-11-29T20:57:42.687+0000] {dag.py:3722} INFO - Setting next_dagrun for example_branch_dop_operator_v3 to 2023-11-29T20:56:00+00:00, run_after=2023-11-29T20:57:00+00:00
[2023-11-29T20:57:42.696+0000] {processor.py:179} INFO - Processing /home/airflow/.local/lib/python3.8/site-packages/airflow/example_dags/example_branch_python_dop_operator_3.py took 0.047 seconds
[2023-11-29T20:58:12.737+0000] {processor.py:157} INFO - Started process (PID=760) to work on /home/airflow/.local/lib/python3.8/site-packages/airflow/example_dags/example_branch_python_dop_operator_3.py
[2023-11-29T20:58:12.738+0000] {processor.py:829} INFO - Processing file /home/airflow/.local/lib/python3.8/site-packages/airflow/example_dags/example_branch_python_dop_operator_3.py for tasks to queue
[2023-11-29T20:58:12.739+0000] {logging_mixin.py:154} INFO - [2023-11-29T20:58:12.739+0000] {dagbag.py:536} INFO - Filling up the DagBag from /home/airflow/.local/lib/python3.8/site-packages/airflow/example_dags/example_branch_python_dop_operator_3.py
[2023-11-29T20:58:12.745+0000] {processor.py:839} INFO - DAG(s) dict_keys(['example_branch_dop_operator_v3']) retrieved from /home/airflow/.local/lib/python3.8/site-packages/airflow/example_dags/example_branch_python_dop_operator_3.py
[2023-11-29T20:58:12.757+0000] {logging_mixin.py:154} INFO - [2023-11-29T20:58:12.757+0000] {dag.py:2941} INFO - Sync 1 DAGs
[2023-11-29T20:58:12.771+0000] {logging_mixin.py:154} INFO - [2023-11-29T20:58:12.771+0000] {dag.py:3722} INFO - Setting next_dagrun for example_branch_dop_operator_v3 to 2023-11-29T20:57:00+00:00, run_after=2023-11-29T20:58:00+00:00
[2023-11-29T20:58:12.780+0000] {processor.py:179} INFO - Processing /home/airflow/.local/lib/python3.8/site-packages/airflow/example_dags/example_branch_python_dop_operator_3.py took 0.044 seconds
[2023-11-29T20:58:42.866+0000] {processor.py:157} INFO - Started process (PID=814) to work on /home/airflow/.local/lib/python3.8/site-packages/airflow/example_dags/example_branch_python_dop_operator_3.py
[2023-11-29T20:58:42.867+0000] {processor.py:829} INFO - Processing file /home/airflow/.local/lib/python3.8/site-packages/airflow/example_dags/example_branch_python_dop_operator_3.py for tasks to queue
[2023-11-29T20:58:42.869+0000] {logging_mixin.py:154} INFO - [2023-11-29T20:58:42.868+0000] {dagbag.py:536} INFO - Filling up the DagBag from /home/airflow/.local/lib/python3.8/site-packages/airflow/example_dags/example_branch_python_dop_operator_3.py
[2023-11-29T20:58:42.874+0000] {processor.py:839} INFO - DAG(s) dict_keys(['example_branch_dop_operator_v3']) retrieved from /home/airflow/.local/lib/python3.8/site-packages/airflow/example_dags/example_branch_python_dop_operator_3.py
[2023-11-29T20:58:42.886+0000] {logging_mixin.py:154} INFO - [2023-11-29T20:58:42.886+0000] {dag.py:2941} INFO - Sync 1 DAGs
[2023-11-29T20:58:42.901+0000] {logging_mixin.py:154} INFO - [2023-11-29T20:58:42.901+0000] {dag.py:3722} INFO - Setting next_dagrun for example_branch_dop_operator_v3 to 2023-11-29T20:57:00+00:00, run_after=2023-11-29T20:58:00+00:00
[2023-11-29T20:58:42.911+0000] {processor.py:179} INFO - Processing /home/airflow/.local/lib/python3.8/site-packages/airflow/example_dags/example_branch_python_dop_operator_3.py took 0.046 seconds
[2023-11-29T20:59:13.822+0000] {processor.py:157} INFO - Started process (PID=868) to work on /home/airflow/.local/lib/python3.8/site-packages/airflow/example_dags/example_branch_python_dop_operator_3.py
[2023-11-29T20:59:13.822+0000] {processor.py:829} INFO - Processing file /home/airflow/.local/lib/python3.8/site-packages/airflow/example_dags/example_branch_python_dop_operator_3.py for tasks to queue
[2023-11-29T20:59:13.824+0000] {logging_mixin.py:154} INFO - [2023-11-29T20:59:13.824+0000] {dagbag.py:536} INFO - Filling up the DagBag from /home/airflow/.local/lib/python3.8/site-packages/airflow/example_dags/example_branch_python_dop_operator_3.py
[2023-11-29T20:59:13.830+0000] {processor.py:839} INFO - DAG(s) dict_keys(['example_branch_dop_operator_v3']) retrieved from /home/airflow/.local/lib/python3.8/site-packages/airflow/example_dags/example_branch_python_dop_operator_3.py
[2023-11-29T20:59:13.841+0000] {logging_mixin.py:154} INFO - [2023-11-29T20:59:13.841+0000] {dag.py:2941} INFO - Sync 1 DAGs
[2023-11-29T20:59:13.857+0000] {logging_mixin.py:154} INFO - [2023-11-29T20:59:13.856+0000] {dag.py:3722} INFO - Setting next_dagrun for example_branch_dop_operator_v3 to 2023-11-29T20:58:00+00:00, run_after=2023-11-29T20:59:00+00:00
[2023-11-29T20:59:13.866+0000] {processor.py:179} INFO - Processing /home/airflow/.local/lib/python3.8/site-packages/airflow/example_dags/example_branch_python_dop_operator_3.py took 0.047 seconds
[2023-11-29T20:59:44.606+0000] {processor.py:157} INFO - Started process (PID=922) to work on /home/airflow/.local/lib/python3.8/site-packages/airflow/example_dags/example_branch_python_dop_operator_3.py
[2023-11-29T20:59:44.607+0000] {processor.py:829} INFO - Processing file /home/airflow/.local/lib/python3.8/site-packages/airflow/example_dags/example_branch_python_dop_operator_3.py for tasks to queue
[2023-11-29T20:59:44.608+0000] {logging_mixin.py:154} INFO - [2023-11-29T20:59:44.608+0000] {dagbag.py:536} INFO - Filling up the DagBag from /home/airflow/.local/lib/python3.8/site-packages/airflow/example_dags/example_branch_python_dop_operator_3.py
[2023-11-29T20:59:44.614+0000] {processor.py:839} INFO - DAG(s) dict_keys(['example_branch_dop_operator_v3']) retrieved from /home/airflow/.local/lib/python3.8/site-packages/airflow/example_dags/example_branch_python_dop_operator_3.py
[2023-11-29T20:59:44.628+0000] {logging_mixin.py:154} INFO - [2023-11-29T20:59:44.628+0000] {dag.py:2941} INFO - Sync 1 DAGs
[2023-11-29T20:59:44.643+0000] {logging_mixin.py:154} INFO - [2023-11-29T20:59:44.643+0000] {dag.py:3722} INFO - Setting next_dagrun for example_branch_dop_operator_v3 to 2023-11-29T20:58:00+00:00, run_after=2023-11-29T20:59:00+00:00
[2023-11-29T20:59:44.655+0000] {processor.py:179} INFO - Processing /home/airflow/.local/lib/python3.8/site-packages/airflow/example_dags/example_branch_python_dop_operator_3.py took 0.051 seconds
[2023-11-29T21:00:15.414+0000] {processor.py:157} INFO - Started process (PID=976) to work on /home/airflow/.local/lib/python3.8/site-packages/airflow/example_dags/example_branch_python_dop_operator_3.py
[2023-11-29T21:00:15.415+0000] {processor.py:829} INFO - Processing file /home/airflow/.local/lib/python3.8/site-packages/airflow/example_dags/example_branch_python_dop_operator_3.py for tasks to queue
[2023-11-29T21:00:15.416+0000] {logging_mixin.py:154} INFO - [2023-11-29T21:00:15.416+0000] {dagbag.py:536} INFO - Filling up the DagBag from /home/airflow/.local/lib/python3.8/site-packages/airflow/example_dags/example_branch_python_dop_operator_3.py
[2023-11-29T21:00:15.422+0000] {processor.py:839} INFO - DAG(s) dict_keys(['example_branch_dop_operator_v3']) retrieved from /home/airflow/.local/lib/python3.8/site-packages/airflow/example_dags/example_branch_python_dop_operator_3.py
[2023-11-29T21:00:15.434+0000] {logging_mixin.py:154} INFO - [2023-11-29T21:00:15.434+0000] {dag.py:2941} INFO - Sync 1 DAGs
[2023-11-29T21:00:15.449+0000] {logging_mixin.py:154} INFO - [2023-11-29T21:00:15.449+0000] {dag.py:3722} INFO - Setting next_dagrun for example_branch_dop_operator_v3 to 2023-11-29T20:59:00+00:00, run_after=2023-11-29T21:00:00+00:00
[2023-11-29T21:00:15.459+0000] {processor.py:179} INFO - Processing /home/airflow/.local/lib/python3.8/site-packages/airflow/example_dags/example_branch_python_dop_operator_3.py took 0.048 seconds
[2023-11-29T21:00:46.396+0000] {processor.py:157} INFO - Started process (PID=1030) to work on /home/airflow/.local/lib/python3.8/site-packages/airflow/example_dags/example_branch_python_dop_operator_3.py
[2023-11-29T21:00:46.397+0000] {processor.py:829} INFO - Processing file /home/airflow/.local/lib/python3.8/site-packages/airflow/example_dags/example_branch_python_dop_operator_3.py for tasks to queue
[2023-11-29T21:00:46.399+0000] {logging_mixin.py:154} INFO - [2023-11-29T21:00:46.398+0000] {dagbag.py:536} INFO - Filling up the DagBag from /home/airflow/.local/lib/python3.8/site-packages/airflow/example_dags/example_branch_python_dop_operator_3.py
[2023-11-29T21:00:46.404+0000] {processor.py:839} INFO - DAG(s) dict_keys(['example_branch_dop_operator_v3']) retrieved from /home/airflow/.local/lib/python3.8/site-packages/airflow/example_dags/example_branch_python_dop_operator_3.py
[2023-11-29T21:00:46.416+0000] {logging_mixin.py:154} INFO - [2023-11-29T21:00:46.416+0000] {dag.py:2941} INFO - Sync 1 DAGs
[2023-11-29T21:00:46.430+0000] {logging_mixin.py:154} INFO - [2023-11-29T21:00:46.430+0000] {dag.py:3722} INFO - Setting next_dagrun for example_branch_dop_operator_v3 to 2023-11-29T20:59:00+00:00, run_after=2023-11-29T21:00:00+00:00
[2023-11-29T21:00:46.438+0000] {processor.py:179} INFO - Processing /home/airflow/.local/lib/python3.8/site-packages/airflow/example_dags/example_branch_python_dop_operator_3.py took 0.044 seconds
[2023-11-29T21:01:17.377+0000] {processor.py:157} INFO - Started process (PID=1084) to work on /home/airflow/.local/lib/python3.8/site-packages/airflow/example_dags/example_branch_python_dop_operator_3.py
[2023-11-29T21:01:17.378+0000] {processor.py:829} INFO - Processing file /home/airflow/.local/lib/python3.8/site-packages/airflow/example_dags/example_branch_python_dop_operator_3.py for tasks to queue
[2023-11-29T21:01:17.379+0000] {logging_mixin.py:154} INFO - [2023-11-29T21:01:17.379+0000] {dagbag.py:536} INFO - Filling up the DagBag from /home/airflow/.local/lib/python3.8/site-packages/airflow/example_dags/example_branch_python_dop_operator_3.py
[2023-11-29T21:01:17.384+0000] {processor.py:839} INFO - DAG(s) dict_keys(['example_branch_dop_operator_v3']) retrieved from /home/airflow/.local/lib/python3.8/site-packages/airflow/example_dags/example_branch_python_dop_operator_3.py
[2023-11-29T21:01:17.396+0000] {logging_mixin.py:154} INFO - [2023-11-29T21:01:17.396+0000] {dag.py:2941} INFO - Sync 1 DAGs
[2023-11-29T21:01:17.409+0000] {logging_mixin.py:154} INFO - [2023-11-29T21:01:17.409+0000] {dag.py:3722} INFO - Setting next_dagrun for example_branch_dop_operator_v3 to 2023-11-29T21:00:00+00:00, run_after=2023-11-29T21:01:00+00:00
[2023-11-29T21:01:17.418+0000] {processor.py:179} INFO - Processing /home/airflow/.local/lib/python3.8/site-packages/airflow/example_dags/example_branch_python_dop_operator_3.py took 0.043 seconds
[2023-11-29T21:01:48.184+0000] {processor.py:157} INFO - Started process (PID=1138) to work on /home/airflow/.local/lib/python3.8/site-packages/airflow/example_dags/example_branch_python_dop_operator_3.py
[2023-11-29T21:01:48.185+0000] {processor.py:829} INFO - Processing file /home/airflow/.local/lib/python3.8/site-packages/airflow/example_dags/example_branch_python_dop_operator_3.py for tasks to queue
[2023-11-29T21:01:48.186+0000] {logging_mixin.py:154} INFO - [2023-11-29T21:01:48.186+0000] {dagbag.py:536} INFO - Filling up the DagBag from /home/airflow/.local/lib/python3.8/site-packages/airflow/example_dags/example_branch_python_dop_operator_3.py
[2023-11-29T21:01:48.192+0000] {processor.py:839} INFO - DAG(s) dict_keys(['example_branch_dop_operator_v3']) retrieved from /home/airflow/.local/lib/python3.8/site-packages/airflow/example_dags/example_branch_python_dop_operator_3.py
[2023-11-29T21:01:48.204+0000] {logging_mixin.py:154} INFO - [2023-11-29T21:01:48.204+0000] {dag.py:2941} INFO - Sync 1 DAGs
[2023-11-29T21:01:48.218+0000] {logging_mixin.py:154} INFO - [2023-11-29T21:01:48.218+0000] {dag.py:3722} INFO - Setting next_dagrun for example_branch_dop_operator_v3 to 2023-11-29T21:00:00+00:00, run_after=2023-11-29T21:01:00+00:00
[2023-11-29T21:01:48.229+0000] {processor.py:179} INFO - Processing /home/airflow/.local/lib/python3.8/site-packages/airflow/example_dags/example_branch_python_dop_operator_3.py took 0.047 seconds
[2023-11-29T21:41:09.338+0000] {processor.py:157} INFO - Started process (PID=69) to work on /home/airflow/.local/lib/python3.8/site-packages/airflow/example_dags/example_branch_python_dop_operator_3.py
[2023-11-29T21:41:09.339+0000] {processor.py:829} INFO - Processing file /home/airflow/.local/lib/python3.8/site-packages/airflow/example_dags/example_branch_python_dop_operator_3.py for tasks to queue
[2023-11-29T21:41:09.340+0000] {logging_mixin.py:154} INFO - [2023-11-29T21:41:09.340+0000] {dagbag.py:536} INFO - Filling up the DagBag from /home/airflow/.local/lib/python3.8/site-packages/airflow/example_dags/example_branch_python_dop_operator_3.py
[2023-11-29T21:41:09.346+0000] {processor.py:839} INFO - DAG(s) dict_keys(['example_branch_dop_operator_v3']) retrieved from /home/airflow/.local/lib/python3.8/site-packages/airflow/example_dags/example_branch_python_dop_operator_3.py
[2023-11-29T21:41:09.406+0000] {logging_mixin.py:154} INFO - [2023-11-29T21:41:09.406+0000] {manager.py:499} INFO - Created Permission View: %s
[2023-11-29T21:41:09.411+0000] {logging_mixin.py:154} INFO - [2023-11-29T21:41:09.411+0000] {manager.py:499} INFO - Created Permission View: %s
[2023-11-29T21:41:09.414+0000] {logging_mixin.py:154} INFO - [2023-11-29T21:41:09.414+0000] {manager.py:499} INFO - Created Permission View: %s
[2023-11-29T21:41:09.415+0000] {logging_mixin.py:154} INFO - [2023-11-29T21:41:09.415+0000] {dag.py:2941} INFO - Sync 1 DAGs
[2023-11-29T21:41:09.421+0000] {logging_mixin.py:154} INFO - [2023-11-29T21:41:09.421+0000] {dag.py:2963} INFO - Creating ORM DAG for example_branch_dop_operator_v3
[2023-11-29T21:41:09.429+0000] {logging_mixin.py:154} INFO - [2023-11-29T21:41:09.429+0000] {dag.py:3722} INFO - Setting next_dagrun for example_branch_dop_operator_v3 to 2023-11-29T21:40:00+00:00, run_after=2023-11-29T21:41:00+00:00
[2023-11-29T21:41:09.441+0000] {processor.py:179} INFO - Processing /home/airflow/.local/lib/python3.8/site-packages/airflow/example_dags/example_branch_python_dop_operator_3.py took 0.105 seconds
[2023-11-29T21:41:39.664+0000] {processor.py:157} INFO - Started process (PID=123) to work on /home/airflow/.local/lib/python3.8/site-packages/airflow/example_dags/example_branch_python_dop_operator_3.py
[2023-11-29T21:41:39.664+0000] {processor.py:829} INFO - Processing file /home/airflow/.local/lib/python3.8/site-packages/airflow/example_dags/example_branch_python_dop_operator_3.py for tasks to queue
[2023-11-29T21:41:39.666+0000] {logging_mixin.py:154} INFO - [2023-11-29T21:41:39.666+0000] {dagbag.py:536} INFO - Filling up the DagBag from /home/airflow/.local/lib/python3.8/site-packages/airflow/example_dags/example_branch_python_dop_operator_3.py
[2023-11-29T21:41:39.672+0000] {processor.py:839} INFO - DAG(s) dict_keys(['example_branch_dop_operator_v3']) retrieved from /home/airflow/.local/lib/python3.8/site-packages/airflow/example_dags/example_branch_python_dop_operator_3.py
[2023-11-29T21:41:39.684+0000] {logging_mixin.py:154} INFO - [2023-11-29T21:41:39.684+0000] {dag.py:2941} INFO - Sync 1 DAGs
[2023-11-29T21:41:39.699+0000] {logging_mixin.py:154} INFO - [2023-11-29T21:41:39.699+0000] {dag.py:3722} INFO - Setting next_dagrun for example_branch_dop_operator_v3 to 2023-11-29T21:40:00+00:00, run_after=2023-11-29T21:41:00+00:00
[2023-11-29T21:41:39.708+0000] {processor.py:179} INFO - Processing /home/airflow/.local/lib/python3.8/site-packages/airflow/example_dags/example_branch_python_dop_operator_3.py took 0.047 seconds
[2023-11-29T21:42:10.325+0000] {processor.py:157} INFO - Started process (PID=177) to work on /home/airflow/.local/lib/python3.8/site-packages/airflow/example_dags/example_branch_python_dop_operator_3.py
[2023-11-29T21:42:10.326+0000] {processor.py:829} INFO - Processing file /home/airflow/.local/lib/python3.8/site-packages/airflow/example_dags/example_branch_python_dop_operator_3.py for tasks to queue
[2023-11-29T21:42:10.328+0000] {logging_mixin.py:154} INFO - [2023-11-29T21:42:10.328+0000] {dagbag.py:536} INFO - Filling up the DagBag from /home/airflow/.local/lib/python3.8/site-packages/airflow/example_dags/example_branch_python_dop_operator_3.py
[2023-11-29T21:42:10.334+0000] {processor.py:839} INFO - DAG(s) dict_keys(['example_branch_dop_operator_v3']) retrieved from /home/airflow/.local/lib/python3.8/site-packages/airflow/example_dags/example_branch_python_dop_operator_3.py
[2023-11-29T21:42:10.347+0000] {logging_mixin.py:154} INFO - [2023-11-29T21:42:10.347+0000] {dag.py:2941} INFO - Sync 1 DAGs
[2023-11-29T21:42:10.362+0000] {logging_mixin.py:154} INFO - [2023-11-29T21:42:10.362+0000] {dag.py:3722} INFO - Setting next_dagrun for example_branch_dop_operator_v3 to 2023-11-29T21:41:00+00:00, run_after=2023-11-29T21:42:00+00:00
[2023-11-29T21:42:10.372+0000] {processor.py:179} INFO - Processing /home/airflow/.local/lib/python3.8/site-packages/airflow/example_dags/example_branch_python_dop_operator_3.py took 0.048 seconds
[2023-11-29T21:42:41.043+0000] {processor.py:157} INFO - Started process (PID=231) to work on /home/airflow/.local/lib/python3.8/site-packages/airflow/example_dags/example_branch_python_dop_operator_3.py
[2023-11-29T21:42:41.044+0000] {processor.py:829} INFO - Processing file /home/airflow/.local/lib/python3.8/site-packages/airflow/example_dags/example_branch_python_dop_operator_3.py for tasks to queue
[2023-11-29T21:42:41.046+0000] {logging_mixin.py:154} INFO - [2023-11-29T21:42:41.046+0000] {dagbag.py:536} INFO - Filling up the DagBag from /home/airflow/.local/lib/python3.8/site-packages/airflow/example_dags/example_branch_python_dop_operator_3.py
[2023-11-29T21:42:41.052+0000] {processor.py:839} INFO - DAG(s) dict_keys(['example_branch_dop_operator_v3']) retrieved from /home/airflow/.local/lib/python3.8/site-packages/airflow/example_dags/example_branch_python_dop_operator_3.py
[2023-11-29T21:42:41.065+0000] {logging_mixin.py:154} INFO - [2023-11-29T21:42:41.065+0000] {dag.py:2941} INFO - Sync 1 DAGs
[2023-11-29T21:42:41.080+0000] {logging_mixin.py:154} INFO - [2023-11-29T21:42:41.080+0000] {dag.py:3722} INFO - Setting next_dagrun for example_branch_dop_operator_v3 to 2023-11-29T21:41:00+00:00, run_after=2023-11-29T21:42:00+00:00
[2023-11-29T21:42:41.090+0000] {processor.py:179} INFO - Processing /home/airflow/.local/lib/python3.8/site-packages/airflow/example_dags/example_branch_python_dop_operator_3.py took 0.048 seconds
[2023-11-29T21:43:11.240+0000] {processor.py:157} INFO - Started process (PID=285) to work on /home/airflow/.local/lib/python3.8/site-packages/airflow/example_dags/example_branch_python_dop_operator_3.py
[2023-11-29T21:43:11.241+0000] {processor.py:829} INFO - Processing file /home/airflow/.local/lib/python3.8/site-packages/airflow/example_dags/example_branch_python_dop_operator_3.py for tasks to queue
[2023-11-29T21:43:11.243+0000] {logging_mixin.py:154} INFO - [2023-11-29T21:43:11.243+0000] {dagbag.py:536} INFO - Filling up the DagBag from /home/airflow/.local/lib/python3.8/site-packages/airflow/example_dags/example_branch_python_dop_operator_3.py
[2023-11-29T21:43:11.249+0000] {processor.py:839} INFO - DAG(s) dict_keys(['example_branch_dop_operator_v3']) retrieved from /home/airflow/.local/lib/python3.8/site-packages/airflow/example_dags/example_branch_python_dop_operator_3.py
[2023-11-29T21:43:11.262+0000] {logging_mixin.py:154} INFO - [2023-11-29T21:43:11.262+0000] {dag.py:2941} INFO - Sync 1 DAGs
[2023-11-29T21:43:11.277+0000] {logging_mixin.py:154} INFO - [2023-11-29T21:43:11.277+0000] {dag.py:3722} INFO - Setting next_dagrun for example_branch_dop_operator_v3 to 2023-11-29T21:42:00+00:00, run_after=2023-11-29T21:43:00+00:00
[2023-11-29T21:43:11.288+0000] {processor.py:179} INFO - Processing /home/airflow/.local/lib/python3.8/site-packages/airflow/example_dags/example_branch_python_dop_operator_3.py took 0.050 seconds
[2023-11-29T21:43:41.367+0000] {processor.py:157} INFO - Started process (PID=339) to work on /home/airflow/.local/lib/python3.8/site-packages/airflow/example_dags/example_branch_python_dop_operator_3.py
[2023-11-29T21:43:41.367+0000] {processor.py:829} INFO - Processing file /home/airflow/.local/lib/python3.8/site-packages/airflow/example_dags/example_branch_python_dop_operator_3.py for tasks to queue
[2023-11-29T21:43:41.369+0000] {logging_mixin.py:154} INFO - [2023-11-29T21:43:41.369+0000] {dagbag.py:536} INFO - Filling up the DagBag from /home/airflow/.local/lib/python3.8/site-packages/airflow/example_dags/example_branch_python_dop_operator_3.py
[2023-11-29T21:43:41.375+0000] {processor.py:839} INFO - DAG(s) dict_keys(['example_branch_dop_operator_v3']) retrieved from /home/airflow/.local/lib/python3.8/site-packages/airflow/example_dags/example_branch_python_dop_operator_3.py
[2023-11-29T21:43:41.387+0000] {logging_mixin.py:154} INFO - [2023-11-29T21:43:41.387+0000] {dag.py:2941} INFO - Sync 1 DAGs
[2023-11-29T21:43:41.403+0000] {logging_mixin.py:154} INFO - [2023-11-29T21:43:41.403+0000] {dag.py:3722} INFO - Setting next_dagrun for example_branch_dop_operator_v3 to 2023-11-29T21:42:00+00:00, run_after=2023-11-29T21:43:00+00:00
[2023-11-29T21:43:41.413+0000] {processor.py:179} INFO - Processing /home/airflow/.local/lib/python3.8/site-packages/airflow/example_dags/example_branch_python_dop_operator_3.py took 0.049 seconds
[2023-11-29T21:44:11.601+0000] {processor.py:157} INFO - Started process (PID=393) to work on /home/airflow/.local/lib/python3.8/site-packages/airflow/example_dags/example_branch_python_dop_operator_3.py
[2023-11-29T21:44:11.601+0000] {processor.py:829} INFO - Processing file /home/airflow/.local/lib/python3.8/site-packages/airflow/example_dags/example_branch_python_dop_operator_3.py for tasks to queue
[2023-11-29T21:44:11.603+0000] {logging_mixin.py:154} INFO - [2023-11-29T21:44:11.603+0000] {dagbag.py:536} INFO - Filling up the DagBag from /home/airflow/.local/lib/python3.8/site-packages/airflow/example_dags/example_branch_python_dop_operator_3.py
[2023-11-29T21:44:11.608+0000] {processor.py:839} INFO - DAG(s) dict_keys(['example_branch_dop_operator_v3']) retrieved from /home/airflow/.local/lib/python3.8/site-packages/airflow/example_dags/example_branch_python_dop_operator_3.py
[2023-11-29T21:44:11.621+0000] {logging_mixin.py:154} INFO - [2023-11-29T21:44:11.621+0000] {dag.py:2941} INFO - Sync 1 DAGs
[2023-11-29T21:44:11.636+0000] {logging_mixin.py:154} INFO - [2023-11-29T21:44:11.636+0000] {dag.py:3722} INFO - Setting next_dagrun for example_branch_dop_operator_v3 to 2023-11-29T21:43:00+00:00, run_after=2023-11-29T21:44:00+00:00
[2023-11-29T21:44:11.647+0000] {processor.py:179} INFO - Processing /home/airflow/.local/lib/python3.8/site-packages/airflow/example_dags/example_branch_python_dop_operator_3.py took 0.048 seconds
[2023-11-29T21:44:41.872+0000] {processor.py:157} INFO - Started process (PID=447) to work on /home/airflow/.local/lib/python3.8/site-packages/airflow/example_dags/example_branch_python_dop_operator_3.py
[2023-11-29T21:44:41.873+0000] {processor.py:829} INFO - Processing file /home/airflow/.local/lib/python3.8/site-packages/airflow/example_dags/example_branch_python_dop_operator_3.py for tasks to queue
[2023-11-29T21:44:41.875+0000] {logging_mixin.py:154} INFO - [2023-11-29T21:44:41.875+0000] {dagbag.py:536} INFO - Filling up the DagBag from /home/airflow/.local/lib/python3.8/site-packages/airflow/example_dags/example_branch_python_dop_operator_3.py
[2023-11-29T21:44:41.880+0000] {processor.py:839} INFO - DAG(s) dict_keys(['example_branch_dop_operator_v3']) retrieved from /home/airflow/.local/lib/python3.8/site-packages/airflow/example_dags/example_branch_python_dop_operator_3.py
[2023-11-29T21:44:41.893+0000] {logging_mixin.py:154} INFO - [2023-11-29T21:44:41.893+0000] {dag.py:2941} INFO - Sync 1 DAGs
[2023-11-29T21:44:41.908+0000] {logging_mixin.py:154} INFO - [2023-11-29T21:44:41.908+0000] {dag.py:3722} INFO - Setting next_dagrun for example_branch_dop_operator_v3 to 2023-11-29T21:43:00+00:00, run_after=2023-11-29T21:44:00+00:00
[2023-11-29T21:44:41.918+0000] {processor.py:179} INFO - Processing /home/airflow/.local/lib/python3.8/site-packages/airflow/example_dags/example_branch_python_dop_operator_3.py took 0.048 seconds
[2023-11-29T21:45:12.034+0000] {processor.py:157} INFO - Started process (PID=501) to work on /home/airflow/.local/lib/python3.8/site-packages/airflow/example_dags/example_branch_python_dop_operator_3.py
[2023-11-29T21:45:12.035+0000] {processor.py:829} INFO - Processing file /home/airflow/.local/lib/python3.8/site-packages/airflow/example_dags/example_branch_python_dop_operator_3.py for tasks to queue
[2023-11-29T21:45:12.037+0000] {logging_mixin.py:154} INFO - [2023-11-29T21:45:12.036+0000] {dagbag.py:536} INFO - Filling up the DagBag from /home/airflow/.local/lib/python3.8/site-packages/airflow/example_dags/example_branch_python_dop_operator_3.py
[2023-11-29T21:45:12.042+0000] {processor.py:839} INFO - DAG(s) dict_keys(['example_branch_dop_operator_v3']) retrieved from /home/airflow/.local/lib/python3.8/site-packages/airflow/example_dags/example_branch_python_dop_operator_3.py
[2023-11-29T21:45:12.055+0000] {logging_mixin.py:154} INFO - [2023-11-29T21:45:12.054+0000] {dag.py:2941} INFO - Sync 1 DAGs
[2023-11-29T21:45:12.070+0000] {logging_mixin.py:154} INFO - [2023-11-29T21:45:12.070+0000] {dag.py:3722} INFO - Setting next_dagrun for example_branch_dop_operator_v3 to 2023-11-29T21:44:00+00:00, run_after=2023-11-29T21:45:00+00:00
[2023-11-29T21:45:12.080+0000] {processor.py:179} INFO - Processing /home/airflow/.local/lib/python3.8/site-packages/airflow/example_dags/example_branch_python_dop_operator_3.py took 0.049 seconds
[2023-11-29T21:45:42.166+0000] {processor.py:157} INFO - Started process (PID=555) to work on /home/airflow/.local/lib/python3.8/site-packages/airflow/example_dags/example_branch_python_dop_operator_3.py
[2023-11-29T21:45:42.167+0000] {processor.py:829} INFO - Processing file /home/airflow/.local/lib/python3.8/site-packages/airflow/example_dags/example_branch_python_dop_operator_3.py for tasks to queue
[2023-11-29T21:45:42.169+0000] {logging_mixin.py:154} INFO - [2023-11-29T21:45:42.168+0000] {dagbag.py:536} INFO - Filling up the DagBag from /home/airflow/.local/lib/python3.8/site-packages/airflow/example_dags/example_branch_python_dop_operator_3.py
[2023-11-29T21:45:42.174+0000] {processor.py:839} INFO - DAG(s) dict_keys(['example_branch_dop_operator_v3']) retrieved from /home/airflow/.local/lib/python3.8/site-packages/airflow/example_dags/example_branch_python_dop_operator_3.py
[2023-11-29T21:45:42.187+0000] {logging_mixin.py:154} INFO - [2023-11-29T21:45:42.187+0000] {dag.py:2941} INFO - Sync 1 DAGs
[2023-11-29T21:45:42.204+0000] {logging_mixin.py:154} INFO - [2023-11-29T21:45:42.203+0000] {dag.py:3722} INFO - Setting next_dagrun for example_branch_dop_operator_v3 to 2023-11-29T21:44:00+00:00, run_after=2023-11-29T21:45:00+00:00
[2023-11-29T21:45:42.215+0000] {processor.py:179} INFO - Processing /home/airflow/.local/lib/python3.8/site-packages/airflow/example_dags/example_branch_python_dop_operator_3.py took 0.051 seconds
[2023-11-29T21:46:13.340+0000] {processor.py:157} INFO - Started process (PID=609) to work on /home/airflow/.local/lib/python3.8/site-packages/airflow/example_dags/example_branch_python_dop_operator_3.py
[2023-11-29T21:46:13.341+0000] {processor.py:829} INFO - Processing file /home/airflow/.local/lib/python3.8/site-packages/airflow/example_dags/example_branch_python_dop_operator_3.py for tasks to queue
[2023-11-29T21:46:13.343+0000] {logging_mixin.py:154} INFO - [2023-11-29T21:46:13.342+0000] {dagbag.py:536} INFO - Filling up the DagBag from /home/airflow/.local/lib/python3.8/site-packages/airflow/example_dags/example_branch_python_dop_operator_3.py
[2023-11-29T21:46:13.348+0000] {processor.py:839} INFO - DAG(s) dict_keys(['example_branch_dop_operator_v3']) retrieved from /home/airflow/.local/lib/python3.8/site-packages/airflow/example_dags/example_branch_python_dop_operator_3.py
[2023-11-29T21:46:13.361+0000] {logging_mixin.py:154} INFO - [2023-11-29T21:46:13.361+0000] {dag.py:2941} INFO - Sync 1 DAGs
[2023-11-29T21:46:13.377+0000] {logging_mixin.py:154} INFO - [2023-11-29T21:46:13.376+0000] {dag.py:3722} INFO - Setting next_dagrun for example_branch_dop_operator_v3 to 2023-11-29T21:45:00+00:00, run_after=2023-11-29T21:46:00+00:00
[2023-11-29T21:46:13.387+0000] {processor.py:179} INFO - Processing /home/airflow/.local/lib/python3.8/site-packages/airflow/example_dags/example_branch_python_dop_operator_3.py took 0.049 seconds
