[2023-11-29T20:51:40.540+0000] {processor.py:157} INFO - Started process (PID=76) to work on /home/airflow/.local/lib/python3.8/site-packages/airflow/example_dags/example_short_circuit_decorator.py
[2023-11-29T20:51:40.541+0000] {processor.py:829} INFO - Processing file /home/airflow/.local/lib/python3.8/site-packages/airflow/example_dags/example_short_circuit_decorator.py for tasks to queue
[2023-11-29T20:51:40.542+0000] {logging_mixin.py:154} INFO - [2023-11-29T20:51:40.542+0000] {dagbag.py:536} INFO - Filling up the DagBag from /home/airflow/.local/lib/python3.8/site-packages/airflow/example_dags/example_short_circuit_decorator.py
[2023-11-29T20:51:40.548+0000] {processor.py:839} INFO - DAG(s) dict_keys(['example_short_circuit_decorator']) retrieved from /home/airflow/.local/lib/python3.8/site-packages/airflow/example_dags/example_short_circuit_decorator.py
[2023-11-29T20:51:40.620+0000] {logging_mixin.py:154} INFO - [2023-11-29T20:51:40.620+0000] {dag.py:2941} INFO - Sync 1 DAGs
[2023-11-29T20:51:40.632+0000] {logging_mixin.py:154} INFO - [2023-11-29T20:51:40.632+0000] {dag.py:3722} INFO - Setting next_dagrun for example_short_circuit_decorator to 2023-11-28T20:51:40.632547+00:00, run_after=2023-11-29T20:51:40.632547+00:00
[2023-11-29T20:51:40.644+0000] {processor.py:179} INFO - Processing /home/airflow/.local/lib/python3.8/site-packages/airflow/example_dags/example_short_circuit_decorator.py took 0.106 seconds
[2023-11-29T20:52:11.388+0000] {processor.py:157} INFO - Started process (PID=130) to work on /home/airflow/.local/lib/python3.8/site-packages/airflow/example_dags/example_short_circuit_decorator.py
[2023-11-29T20:52:11.389+0000] {processor.py:829} INFO - Processing file /home/airflow/.local/lib/python3.8/site-packages/airflow/example_dags/example_short_circuit_decorator.py for tasks to queue
[2023-11-29T20:52:11.390+0000] {logging_mixin.py:154} INFO - [2023-11-29T20:52:11.390+0000] {dagbag.py:536} INFO - Filling up the DagBag from /home/airflow/.local/lib/python3.8/site-packages/airflow/example_dags/example_short_circuit_decorator.py
[2023-11-29T20:52:11.396+0000] {processor.py:839} INFO - DAG(s) dict_keys(['example_short_circuit_decorator']) retrieved from /home/airflow/.local/lib/python3.8/site-packages/airflow/example_dags/example_short_circuit_decorator.py
[2023-11-29T20:52:11.404+0000] {logging_mixin.py:154} INFO - [2023-11-29T20:52:11.404+0000] {dag.py:2941} INFO - Sync 1 DAGs
[2023-11-29T20:52:11.418+0000] {logging_mixin.py:154} INFO - [2023-11-29T20:52:11.418+0000] {dag.py:3722} INFO - Setting next_dagrun for example_short_circuit_decorator to 2023-11-28T20:52:11.417872+00:00, run_after=2023-11-29T20:52:11.417872+00:00
[2023-11-29T20:52:11.428+0000] {processor.py:179} INFO - Processing /home/airflow/.local/lib/python3.8/site-packages/airflow/example_dags/example_short_circuit_decorator.py took 0.043 seconds
[2023-11-29T20:52:42.323+0000] {processor.py:157} INFO - Started process (PID=184) to work on /home/airflow/.local/lib/python3.8/site-packages/airflow/example_dags/example_short_circuit_decorator.py
[2023-11-29T20:52:42.324+0000] {processor.py:829} INFO - Processing file /home/airflow/.local/lib/python3.8/site-packages/airflow/example_dags/example_short_circuit_decorator.py for tasks to queue
[2023-11-29T20:52:42.325+0000] {logging_mixin.py:154} INFO - [2023-11-29T20:52:42.325+0000] {dagbag.py:536} INFO - Filling up the DagBag from /home/airflow/.local/lib/python3.8/site-packages/airflow/example_dags/example_short_circuit_decorator.py
[2023-11-29T20:52:42.331+0000] {processor.py:839} INFO - DAG(s) dict_keys(['example_short_circuit_decorator']) retrieved from /home/airflow/.local/lib/python3.8/site-packages/airflow/example_dags/example_short_circuit_decorator.py
[2023-11-29T20:52:42.344+0000] {logging_mixin.py:154} INFO - [2023-11-29T20:52:42.344+0000] {dag.py:2941} INFO - Sync 1 DAGs
[2023-11-29T20:52:42.356+0000] {logging_mixin.py:154} INFO - [2023-11-29T20:52:42.356+0000] {dag.py:3722} INFO - Setting next_dagrun for example_short_circuit_decorator to 2023-11-28T20:52:42.356219+00:00, run_after=2023-11-29T20:52:42.356219+00:00
[2023-11-29T20:52:42.365+0000] {processor.py:179} INFO - Processing /home/airflow/.local/lib/python3.8/site-packages/airflow/example_dags/example_short_circuit_decorator.py took 0.045 seconds
[2023-11-29T20:53:12.384+0000] {processor.py:157} INFO - Started process (PID=237) to work on /home/airflow/.local/lib/python3.8/site-packages/airflow/example_dags/example_short_circuit_decorator.py
[2023-11-29T20:53:12.385+0000] {processor.py:829} INFO - Processing file /home/airflow/.local/lib/python3.8/site-packages/airflow/example_dags/example_short_circuit_decorator.py for tasks to queue
[2023-11-29T20:53:12.386+0000] {logging_mixin.py:154} INFO - [2023-11-29T20:53:12.386+0000] {dagbag.py:536} INFO - Filling up the DagBag from /home/airflow/.local/lib/python3.8/site-packages/airflow/example_dags/example_short_circuit_decorator.py
[2023-11-29T20:53:12.392+0000] {processor.py:839} INFO - DAG(s) dict_keys(['example_short_circuit_decorator']) retrieved from /home/airflow/.local/lib/python3.8/site-packages/airflow/example_dags/example_short_circuit_decorator.py
[2023-11-29T20:53:12.405+0000] {logging_mixin.py:154} INFO - [2023-11-29T20:53:12.405+0000] {dag.py:2941} INFO - Sync 1 DAGs
[2023-11-29T20:53:12.417+0000] {logging_mixin.py:154} INFO - [2023-11-29T20:53:12.417+0000] {dag.py:3722} INFO - Setting next_dagrun for example_short_circuit_decorator to 2023-11-28T20:53:12.417017+00:00, run_after=2023-11-29T20:53:12.417017+00:00
[2023-11-29T20:53:12.426+0000] {processor.py:179} INFO - Processing /home/airflow/.local/lib/python3.8/site-packages/airflow/example_dags/example_short_circuit_decorator.py took 0.045 seconds
[2023-11-29T20:53:42.581+0000] {processor.py:157} INFO - Started process (PID=291) to work on /home/airflow/.local/lib/python3.8/site-packages/airflow/example_dags/example_short_circuit_decorator.py
[2023-11-29T20:53:42.582+0000] {processor.py:829} INFO - Processing file /home/airflow/.local/lib/python3.8/site-packages/airflow/example_dags/example_short_circuit_decorator.py for tasks to queue
[2023-11-29T20:53:42.584+0000] {logging_mixin.py:154} INFO - [2023-11-29T20:53:42.583+0000] {dagbag.py:536} INFO - Filling up the DagBag from /home/airflow/.local/lib/python3.8/site-packages/airflow/example_dags/example_short_circuit_decorator.py
[2023-11-29T20:53:42.589+0000] {processor.py:839} INFO - DAG(s) dict_keys(['example_short_circuit_decorator']) retrieved from /home/airflow/.local/lib/python3.8/site-packages/airflow/example_dags/example_short_circuit_decorator.py
[2023-11-29T20:53:42.603+0000] {logging_mixin.py:154} INFO - [2023-11-29T20:53:42.603+0000] {dag.py:2941} INFO - Sync 1 DAGs
[2023-11-29T20:53:42.615+0000] {logging_mixin.py:154} INFO - [2023-11-29T20:53:42.615+0000] {dag.py:3722} INFO - Setting next_dagrun for example_short_circuit_decorator to 2023-11-28T20:53:42.615151+00:00, run_after=2023-11-29T20:53:42.615151+00:00
[2023-11-29T20:53:42.625+0000] {processor.py:179} INFO - Processing /home/airflow/.local/lib/python3.8/site-packages/airflow/example_dags/example_short_circuit_decorator.py took 0.046 seconds
[2023-11-29T20:54:12.690+0000] {processor.py:157} INFO - Started process (PID=345) to work on /home/airflow/.local/lib/python3.8/site-packages/airflow/example_dags/example_short_circuit_decorator.py
[2023-11-29T20:54:12.690+0000] {processor.py:829} INFO - Processing file /home/airflow/.local/lib/python3.8/site-packages/airflow/example_dags/example_short_circuit_decorator.py for tasks to queue
[2023-11-29T20:54:12.692+0000] {logging_mixin.py:154} INFO - [2023-11-29T20:54:12.692+0000] {dagbag.py:536} INFO - Filling up the DagBag from /home/airflow/.local/lib/python3.8/site-packages/airflow/example_dags/example_short_circuit_decorator.py
[2023-11-29T20:54:12.698+0000] {processor.py:839} INFO - DAG(s) dict_keys(['example_short_circuit_decorator']) retrieved from /home/airflow/.local/lib/python3.8/site-packages/airflow/example_dags/example_short_circuit_decorator.py
[2023-11-29T20:54:12.712+0000] {logging_mixin.py:154} INFO - [2023-11-29T20:54:12.712+0000] {dag.py:2941} INFO - Sync 1 DAGs
[2023-11-29T20:54:12.725+0000] {logging_mixin.py:154} INFO - [2023-11-29T20:54:12.725+0000] {dag.py:3722} INFO - Setting next_dagrun for example_short_circuit_decorator to 2023-11-28T20:54:12.724957+00:00, run_after=2023-11-29T20:54:12.724957+00:00
[2023-11-29T20:54:12.735+0000] {processor.py:179} INFO - Processing /home/airflow/.local/lib/python3.8/site-packages/airflow/example_dags/example_short_circuit_decorator.py took 0.048 seconds
[2023-11-29T20:54:42.804+0000] {processor.py:157} INFO - Started process (PID=399) to work on /home/airflow/.local/lib/python3.8/site-packages/airflow/example_dags/example_short_circuit_decorator.py
[2023-11-29T20:54:42.805+0000] {processor.py:829} INFO - Processing file /home/airflow/.local/lib/python3.8/site-packages/airflow/example_dags/example_short_circuit_decorator.py for tasks to queue
[2023-11-29T20:54:42.807+0000] {logging_mixin.py:154} INFO - [2023-11-29T20:54:42.806+0000] {dagbag.py:536} INFO - Filling up the DagBag from /home/airflow/.local/lib/python3.8/site-packages/airflow/example_dags/example_short_circuit_decorator.py
[2023-11-29T20:54:42.812+0000] {processor.py:839} INFO - DAG(s) dict_keys(['example_short_circuit_decorator']) retrieved from /home/airflow/.local/lib/python3.8/site-packages/airflow/example_dags/example_short_circuit_decorator.py
[2023-11-29T20:54:42.826+0000] {logging_mixin.py:154} INFO - [2023-11-29T20:54:42.826+0000] {dag.py:2941} INFO - Sync 1 DAGs
[2023-11-29T20:54:42.838+0000] {logging_mixin.py:154} INFO - [2023-11-29T20:54:42.838+0000] {dag.py:3722} INFO - Setting next_dagrun for example_short_circuit_decorator to 2023-11-28T20:54:42.838438+00:00, run_after=2023-11-29T20:54:42.838438+00:00
[2023-11-29T20:54:42.848+0000] {processor.py:179} INFO - Processing /home/airflow/.local/lib/python3.8/site-packages/airflow/example_dags/example_short_circuit_decorator.py took 0.046 seconds
[2023-11-29T20:55:12.943+0000] {processor.py:157} INFO - Started process (PID=453) to work on /home/airflow/.local/lib/python3.8/site-packages/airflow/example_dags/example_short_circuit_decorator.py
[2023-11-29T20:55:12.944+0000] {processor.py:829} INFO - Processing file /home/airflow/.local/lib/python3.8/site-packages/airflow/example_dags/example_short_circuit_decorator.py for tasks to queue
[2023-11-29T20:55:12.946+0000] {logging_mixin.py:154} INFO - [2023-11-29T20:55:12.946+0000] {dagbag.py:536} INFO - Filling up the DagBag from /home/airflow/.local/lib/python3.8/site-packages/airflow/example_dags/example_short_circuit_decorator.py
[2023-11-29T20:55:12.952+0000] {processor.py:839} INFO - DAG(s) dict_keys(['example_short_circuit_decorator']) retrieved from /home/airflow/.local/lib/python3.8/site-packages/airflow/example_dags/example_short_circuit_decorator.py
[2023-11-29T20:55:12.965+0000] {logging_mixin.py:154} INFO - [2023-11-29T20:55:12.965+0000] {dag.py:2941} INFO - Sync 1 DAGs
[2023-11-29T20:55:12.978+0000] {logging_mixin.py:154} INFO - [2023-11-29T20:55:12.978+0000] {dag.py:3722} INFO - Setting next_dagrun for example_short_circuit_decorator to 2023-11-28T20:55:12.978028+00:00, run_after=2023-11-29T20:55:12.978028+00:00
[2023-11-29T20:55:12.988+0000] {processor.py:179} INFO - Processing /home/airflow/.local/lib/python3.8/site-packages/airflow/example_dags/example_short_circuit_decorator.py took 0.047 seconds
[2023-11-29T20:55:43.974+0000] {processor.py:157} INFO - Started process (PID=507) to work on /home/airflow/.local/lib/python3.8/site-packages/airflow/example_dags/example_short_circuit_decorator.py
[2023-11-29T20:55:43.975+0000] {processor.py:829} INFO - Processing file /home/airflow/.local/lib/python3.8/site-packages/airflow/example_dags/example_short_circuit_decorator.py for tasks to queue
[2023-11-29T20:55:43.976+0000] {logging_mixin.py:154} INFO - [2023-11-29T20:55:43.976+0000] {dagbag.py:536} INFO - Filling up the DagBag from /home/airflow/.local/lib/python3.8/site-packages/airflow/example_dags/example_short_circuit_decorator.py
[2023-11-29T20:55:43.982+0000] {processor.py:839} INFO - DAG(s) dict_keys(['example_short_circuit_decorator']) retrieved from /home/airflow/.local/lib/python3.8/site-packages/airflow/example_dags/example_short_circuit_decorator.py
[2023-11-29T20:55:43.996+0000] {logging_mixin.py:154} INFO - [2023-11-29T20:55:43.996+0000] {dag.py:2941} INFO - Sync 1 DAGs
[2023-11-29T20:55:44.007+0000] {logging_mixin.py:154} INFO - [2023-11-29T20:55:44.007+0000] {dag.py:3722} INFO - Setting next_dagrun for example_short_circuit_decorator to 2023-11-28T20:55:44.007623+00:00, run_after=2023-11-29T20:55:44.007623+00:00
[2023-11-29T20:55:44.017+0000] {processor.py:179} INFO - Processing /home/airflow/.local/lib/python3.8/site-packages/airflow/example_dags/example_short_circuit_decorator.py took 0.045 seconds
[2023-11-29T20:56:14.074+0000] {processor.py:157} INFO - Started process (PID=561) to work on /home/airflow/.local/lib/python3.8/site-packages/airflow/example_dags/example_short_circuit_decorator.py
[2023-11-29T20:56:14.075+0000] {processor.py:829} INFO - Processing file /home/airflow/.local/lib/python3.8/site-packages/airflow/example_dags/example_short_circuit_decorator.py for tasks to queue
[2023-11-29T20:56:14.076+0000] {logging_mixin.py:154} INFO - [2023-11-29T20:56:14.076+0000] {dagbag.py:536} INFO - Filling up the DagBag from /home/airflow/.local/lib/python3.8/site-packages/airflow/example_dags/example_short_circuit_decorator.py
[2023-11-29T20:56:14.082+0000] {processor.py:839} INFO - DAG(s) dict_keys(['example_short_circuit_decorator']) retrieved from /home/airflow/.local/lib/python3.8/site-packages/airflow/example_dags/example_short_circuit_decorator.py
[2023-11-29T20:56:14.095+0000] {logging_mixin.py:154} INFO - [2023-11-29T20:56:14.095+0000] {dag.py:2941} INFO - Sync 1 DAGs
[2023-11-29T20:56:14.107+0000] {logging_mixin.py:154} INFO - [2023-11-29T20:56:14.107+0000] {dag.py:3722} INFO - Setting next_dagrun for example_short_circuit_decorator to 2023-11-28T20:56:14.107232+00:00, run_after=2023-11-29T20:56:14.107232+00:00
[2023-11-29T20:56:14.118+0000] {processor.py:179} INFO - Processing /home/airflow/.local/lib/python3.8/site-packages/airflow/example_dags/example_short_circuit_decorator.py took 0.046 seconds
[2023-11-29T20:56:44.999+0000] {processor.py:157} INFO - Started process (PID=615) to work on /home/airflow/.local/lib/python3.8/site-packages/airflow/example_dags/example_short_circuit_decorator.py
[2023-11-29T20:56:45.000+0000] {processor.py:829} INFO - Processing file /home/airflow/.local/lib/python3.8/site-packages/airflow/example_dags/example_short_circuit_decorator.py for tasks to queue
[2023-11-29T20:56:45.001+0000] {logging_mixin.py:154} INFO - [2023-11-29T20:56:45.001+0000] {dagbag.py:536} INFO - Filling up the DagBag from /home/airflow/.local/lib/python3.8/site-packages/airflow/example_dags/example_short_circuit_decorator.py
[2023-11-29T20:56:45.007+0000] {processor.py:839} INFO - DAG(s) dict_keys(['example_short_circuit_decorator']) retrieved from /home/airflow/.local/lib/python3.8/site-packages/airflow/example_dags/example_short_circuit_decorator.py
[2023-11-29T20:56:45.020+0000] {logging_mixin.py:154} INFO - [2023-11-29T20:56:45.020+0000] {dag.py:2941} INFO - Sync 1 DAGs
[2023-11-29T20:56:45.032+0000] {logging_mixin.py:154} INFO - [2023-11-29T20:56:45.032+0000] {dag.py:3722} INFO - Setting next_dagrun for example_short_circuit_decorator to 2023-11-28T20:56:45.032671+00:00, run_after=2023-11-29T20:56:45.032671+00:00
[2023-11-29T20:56:45.042+0000] {processor.py:179} INFO - Processing /home/airflow/.local/lib/python3.8/site-packages/airflow/example_dags/example_short_circuit_decorator.py took 0.045 seconds
[2023-11-29T20:57:15.151+0000] {processor.py:157} INFO - Started process (PID=669) to work on /home/airflow/.local/lib/python3.8/site-packages/airflow/example_dags/example_short_circuit_decorator.py
[2023-11-29T20:57:15.152+0000] {processor.py:829} INFO - Processing file /home/airflow/.local/lib/python3.8/site-packages/airflow/example_dags/example_short_circuit_decorator.py for tasks to queue
[2023-11-29T20:57:15.154+0000] {logging_mixin.py:154} INFO - [2023-11-29T20:57:15.154+0000] {dagbag.py:536} INFO - Filling up the DagBag from /home/airflow/.local/lib/python3.8/site-packages/airflow/example_dags/example_short_circuit_decorator.py
[2023-11-29T20:57:15.159+0000] {processor.py:839} INFO - DAG(s) dict_keys(['example_short_circuit_decorator']) retrieved from /home/airflow/.local/lib/python3.8/site-packages/airflow/example_dags/example_short_circuit_decorator.py
[2023-11-29T20:57:15.178+0000] {logging_mixin.py:154} INFO - [2023-11-29T20:57:15.178+0000] {dag.py:2941} INFO - Sync 1 DAGs
[2023-11-29T20:57:15.190+0000] {logging_mixin.py:154} INFO - [2023-11-29T20:57:15.190+0000] {dag.py:3722} INFO - Setting next_dagrun for example_short_circuit_decorator to 2023-11-28T20:57:15.190110+00:00, run_after=2023-11-29T20:57:15.190110+00:00
[2023-11-29T20:57:15.201+0000] {processor.py:179} INFO - Processing /home/airflow/.local/lib/python3.8/site-packages/airflow/example_dags/example_short_circuit_decorator.py took 0.051 seconds
[2023-11-29T20:57:45.292+0000] {processor.py:157} INFO - Started process (PID=723) to work on /home/airflow/.local/lib/python3.8/site-packages/airflow/example_dags/example_short_circuit_decorator.py
[2023-11-29T20:57:45.292+0000] {processor.py:829} INFO - Processing file /home/airflow/.local/lib/python3.8/site-packages/airflow/example_dags/example_short_circuit_decorator.py for tasks to queue
[2023-11-29T20:57:45.294+0000] {logging_mixin.py:154} INFO - [2023-11-29T20:57:45.294+0000] {dagbag.py:536} INFO - Filling up the DagBag from /home/airflow/.local/lib/python3.8/site-packages/airflow/example_dags/example_short_circuit_decorator.py
[2023-11-29T20:57:45.299+0000] {processor.py:839} INFO - DAG(s) dict_keys(['example_short_circuit_decorator']) retrieved from /home/airflow/.local/lib/python3.8/site-packages/airflow/example_dags/example_short_circuit_decorator.py
[2023-11-29T20:57:45.319+0000] {logging_mixin.py:154} INFO - [2023-11-29T20:57:45.319+0000] {dag.py:2941} INFO - Sync 1 DAGs
[2023-11-29T20:57:45.331+0000] {logging_mixin.py:154} INFO - [2023-11-29T20:57:45.331+0000] {dag.py:3722} INFO - Setting next_dagrun for example_short_circuit_decorator to 2023-11-28T20:57:45.331408+00:00, run_after=2023-11-29T20:57:45.331408+00:00
[2023-11-29T20:57:45.342+0000] {processor.py:179} INFO - Processing /home/airflow/.local/lib/python3.8/site-packages/airflow/example_dags/example_short_circuit_decorator.py took 0.053 seconds
[2023-11-29T20:58:15.361+0000] {processor.py:157} INFO - Started process (PID=777) to work on /home/airflow/.local/lib/python3.8/site-packages/airflow/example_dags/example_short_circuit_decorator.py
[2023-11-29T20:58:15.362+0000] {processor.py:829} INFO - Processing file /home/airflow/.local/lib/python3.8/site-packages/airflow/example_dags/example_short_circuit_decorator.py for tasks to queue
[2023-11-29T20:58:15.363+0000] {logging_mixin.py:154} INFO - [2023-11-29T20:58:15.363+0000] {dagbag.py:536} INFO - Filling up the DagBag from /home/airflow/.local/lib/python3.8/site-packages/airflow/example_dags/example_short_circuit_decorator.py
[2023-11-29T20:58:15.369+0000] {processor.py:839} INFO - DAG(s) dict_keys(['example_short_circuit_decorator']) retrieved from /home/airflow/.local/lib/python3.8/site-packages/airflow/example_dags/example_short_circuit_decorator.py
[2023-11-29T20:58:15.383+0000] {logging_mixin.py:154} INFO - [2023-11-29T20:58:15.383+0000] {dag.py:2941} INFO - Sync 1 DAGs
[2023-11-29T20:58:15.395+0000] {logging_mixin.py:154} INFO - [2023-11-29T20:58:15.395+0000] {dag.py:3722} INFO - Setting next_dagrun for example_short_circuit_decorator to 2023-11-28T20:58:15.395254+00:00, run_after=2023-11-29T20:58:15.395254+00:00
[2023-11-29T20:58:15.405+0000] {processor.py:179} INFO - Processing /home/airflow/.local/lib/python3.8/site-packages/airflow/example_dags/example_short_circuit_decorator.py took 0.046 seconds
[2023-11-29T20:58:46.428+0000] {processor.py:157} INFO - Started process (PID=831) to work on /home/airflow/.local/lib/python3.8/site-packages/airflow/example_dags/example_short_circuit_decorator.py
[2023-11-29T20:58:46.429+0000] {processor.py:829} INFO - Processing file /home/airflow/.local/lib/python3.8/site-packages/airflow/example_dags/example_short_circuit_decorator.py for tasks to queue
[2023-11-29T20:58:46.431+0000] {logging_mixin.py:154} INFO - [2023-11-29T20:58:46.431+0000] {dagbag.py:536} INFO - Filling up the DagBag from /home/airflow/.local/lib/python3.8/site-packages/airflow/example_dags/example_short_circuit_decorator.py
[2023-11-29T20:58:46.437+0000] {processor.py:839} INFO - DAG(s) dict_keys(['example_short_circuit_decorator']) retrieved from /home/airflow/.local/lib/python3.8/site-packages/airflow/example_dags/example_short_circuit_decorator.py
[2023-11-29T20:58:46.450+0000] {logging_mixin.py:154} INFO - [2023-11-29T20:58:46.450+0000] {dag.py:2941} INFO - Sync 1 DAGs
[2023-11-29T20:58:46.463+0000] {logging_mixin.py:154} INFO - [2023-11-29T20:58:46.463+0000] {dag.py:3722} INFO - Setting next_dagrun for example_short_circuit_decorator to 2023-11-28T20:58:46.462943+00:00, run_after=2023-11-29T20:58:46.462943+00:00
[2023-11-29T20:58:46.472+0000] {processor.py:179} INFO - Processing /home/airflow/.local/lib/python3.8/site-packages/airflow/example_dags/example_short_circuit_decorator.py took 0.046 seconds
[2023-11-29T20:59:17.437+0000] {processor.py:157} INFO - Started process (PID=885) to work on /home/airflow/.local/lib/python3.8/site-packages/airflow/example_dags/example_short_circuit_decorator.py
[2023-11-29T20:59:17.438+0000] {processor.py:829} INFO - Processing file /home/airflow/.local/lib/python3.8/site-packages/airflow/example_dags/example_short_circuit_decorator.py for tasks to queue
[2023-11-29T20:59:17.439+0000] {logging_mixin.py:154} INFO - [2023-11-29T20:59:17.439+0000] {dagbag.py:536} INFO - Filling up the DagBag from /home/airflow/.local/lib/python3.8/site-packages/airflow/example_dags/example_short_circuit_decorator.py
[2023-11-29T20:59:17.445+0000] {processor.py:839} INFO - DAG(s) dict_keys(['example_short_circuit_decorator']) retrieved from /home/airflow/.local/lib/python3.8/site-packages/airflow/example_dags/example_short_circuit_decorator.py
[2023-11-29T20:59:17.459+0000] {logging_mixin.py:154} INFO - [2023-11-29T20:59:17.459+0000] {dag.py:2941} INFO - Sync 1 DAGs
[2023-11-29T20:59:17.471+0000] {logging_mixin.py:154} INFO - [2023-11-29T20:59:17.471+0000] {dag.py:3722} INFO - Setting next_dagrun for example_short_circuit_decorator to 2023-11-28T20:59:17.471050+00:00, run_after=2023-11-29T20:59:17.471050+00:00
[2023-11-29T20:59:17.481+0000] {processor.py:179} INFO - Processing /home/airflow/.local/lib/python3.8/site-packages/airflow/example_dags/example_short_circuit_decorator.py took 0.046 seconds
[2023-11-29T20:59:48.158+0000] {processor.py:157} INFO - Started process (PID=939) to work on /home/airflow/.local/lib/python3.8/site-packages/airflow/example_dags/example_short_circuit_decorator.py
[2023-11-29T20:59:48.159+0000] {processor.py:829} INFO - Processing file /home/airflow/.local/lib/python3.8/site-packages/airflow/example_dags/example_short_circuit_decorator.py for tasks to queue
[2023-11-29T20:59:48.161+0000] {logging_mixin.py:154} INFO - [2023-11-29T20:59:48.160+0000] {dagbag.py:536} INFO - Filling up the DagBag from /home/airflow/.local/lib/python3.8/site-packages/airflow/example_dags/example_short_circuit_decorator.py
[2023-11-29T20:59:48.166+0000] {processor.py:839} INFO - DAG(s) dict_keys(['example_short_circuit_decorator']) retrieved from /home/airflow/.local/lib/python3.8/site-packages/airflow/example_dags/example_short_circuit_decorator.py
[2023-11-29T20:59:48.179+0000] {logging_mixin.py:154} INFO - [2023-11-29T20:59:48.179+0000] {dag.py:2941} INFO - Sync 1 DAGs
[2023-11-29T20:59:48.192+0000] {logging_mixin.py:154} INFO - [2023-11-29T20:59:48.191+0000] {dag.py:3722} INFO - Setting next_dagrun for example_short_circuit_decorator to 2023-11-28T20:59:48.191835+00:00, run_after=2023-11-29T20:59:48.191835+00:00
[2023-11-29T20:59:48.201+0000] {processor.py:179} INFO - Processing /home/airflow/.local/lib/python3.8/site-packages/airflow/example_dags/example_short_circuit_decorator.py took 0.045 seconds
[2023-11-29T21:00:18.976+0000] {processor.py:157} INFO - Started process (PID=993) to work on /home/airflow/.local/lib/python3.8/site-packages/airflow/example_dags/example_short_circuit_decorator.py
[2023-11-29T21:00:18.977+0000] {processor.py:829} INFO - Processing file /home/airflow/.local/lib/python3.8/site-packages/airflow/example_dags/example_short_circuit_decorator.py for tasks to queue
[2023-11-29T21:00:18.979+0000] {logging_mixin.py:154} INFO - [2023-11-29T21:00:18.978+0000] {dagbag.py:536} INFO - Filling up the DagBag from /home/airflow/.local/lib/python3.8/site-packages/airflow/example_dags/example_short_circuit_decorator.py
[2023-11-29T21:00:18.984+0000] {processor.py:839} INFO - DAG(s) dict_keys(['example_short_circuit_decorator']) retrieved from /home/airflow/.local/lib/python3.8/site-packages/airflow/example_dags/example_short_circuit_decorator.py
[2023-11-29T21:00:18.998+0000] {logging_mixin.py:154} INFO - [2023-11-29T21:00:18.997+0000] {dag.py:2941} INFO - Sync 1 DAGs
[2023-11-29T21:00:19.010+0000] {logging_mixin.py:154} INFO - [2023-11-29T21:00:19.010+0000] {dag.py:3722} INFO - Setting next_dagrun for example_short_circuit_decorator to 2023-11-28T21:00:19.009897+00:00, run_after=2023-11-29T21:00:19.009897+00:00
[2023-11-29T21:00:19.019+0000] {processor.py:179} INFO - Processing /home/airflow/.local/lib/python3.8/site-packages/airflow/example_dags/example_short_circuit_decorator.py took 0.045 seconds
[2023-11-29T21:00:49.972+0000] {processor.py:157} INFO - Started process (PID=1047) to work on /home/airflow/.local/lib/python3.8/site-packages/airflow/example_dags/example_short_circuit_decorator.py
[2023-11-29T21:00:49.972+0000] {processor.py:829} INFO - Processing file /home/airflow/.local/lib/python3.8/site-packages/airflow/example_dags/example_short_circuit_decorator.py for tasks to queue
[2023-11-29T21:00:49.974+0000] {logging_mixin.py:154} INFO - [2023-11-29T21:00:49.974+0000] {dagbag.py:536} INFO - Filling up the DagBag from /home/airflow/.local/lib/python3.8/site-packages/airflow/example_dags/example_short_circuit_decorator.py
[2023-11-29T21:00:49.980+0000] {processor.py:839} INFO - DAG(s) dict_keys(['example_short_circuit_decorator']) retrieved from /home/airflow/.local/lib/python3.8/site-packages/airflow/example_dags/example_short_circuit_decorator.py
[2023-11-29T21:00:49.993+0000] {logging_mixin.py:154} INFO - [2023-11-29T21:00:49.993+0000] {dag.py:2941} INFO - Sync 1 DAGs
[2023-11-29T21:00:50.006+0000] {logging_mixin.py:154} INFO - [2023-11-29T21:00:50.006+0000] {dag.py:3722} INFO - Setting next_dagrun for example_short_circuit_decorator to 2023-11-28T21:00:50.006507+00:00, run_after=2023-11-29T21:00:50.006507+00:00
[2023-11-29T21:00:50.016+0000] {processor.py:179} INFO - Processing /home/airflow/.local/lib/python3.8/site-packages/airflow/example_dags/example_short_circuit_decorator.py took 0.047 seconds
[2023-11-29T21:01:20.926+0000] {processor.py:157} INFO - Started process (PID=1101) to work on /home/airflow/.local/lib/python3.8/site-packages/airflow/example_dags/example_short_circuit_decorator.py
[2023-11-29T21:01:20.927+0000] {processor.py:829} INFO - Processing file /home/airflow/.local/lib/python3.8/site-packages/airflow/example_dags/example_short_circuit_decorator.py for tasks to queue
[2023-11-29T21:01:20.928+0000] {logging_mixin.py:154} INFO - [2023-11-29T21:01:20.928+0000] {dagbag.py:536} INFO - Filling up the DagBag from /home/airflow/.local/lib/python3.8/site-packages/airflow/example_dags/example_short_circuit_decorator.py
[2023-11-29T21:01:20.934+0000] {processor.py:839} INFO - DAG(s) dict_keys(['example_short_circuit_decorator']) retrieved from /home/airflow/.local/lib/python3.8/site-packages/airflow/example_dags/example_short_circuit_decorator.py
[2023-11-29T21:01:20.948+0000] {logging_mixin.py:154} INFO - [2023-11-29T21:01:20.948+0000] {dag.py:2941} INFO - Sync 1 DAGs
[2023-11-29T21:01:20.960+0000] {logging_mixin.py:154} INFO - [2023-11-29T21:01:20.959+0000] {dag.py:3722} INFO - Setting next_dagrun for example_short_circuit_decorator to 2023-11-28T21:01:20.959733+00:00, run_after=2023-11-29T21:01:20.959733+00:00
[2023-11-29T21:01:20.969+0000] {processor.py:179} INFO - Processing /home/airflow/.local/lib/python3.8/site-packages/airflow/example_dags/example_short_circuit_decorator.py took 0.046 seconds
[2023-11-29T21:41:09.073+0000] {processor.py:157} INFO - Started process (PID=64) to work on /home/airflow/.local/lib/python3.8/site-packages/airflow/example_dags/example_short_circuit_decorator.py
[2023-11-29T21:41:09.074+0000] {processor.py:829} INFO - Processing file /home/airflow/.local/lib/python3.8/site-packages/airflow/example_dags/example_short_circuit_decorator.py for tasks to queue
[2023-11-29T21:41:09.076+0000] {logging_mixin.py:154} INFO - [2023-11-29T21:41:09.075+0000] {dagbag.py:536} INFO - Filling up the DagBag from /home/airflow/.local/lib/python3.8/site-packages/airflow/example_dags/example_short_circuit_decorator.py
[2023-11-29T21:41:09.082+0000] {processor.py:839} INFO - DAG(s) dict_keys(['example_short_circuit_decorator']) retrieved from /home/airflow/.local/lib/python3.8/site-packages/airflow/example_dags/example_short_circuit_decorator.py
[2023-11-29T21:41:09.145+0000] {logging_mixin.py:154} INFO - [2023-11-29T21:41:09.145+0000] {manager.py:499} INFO - Created Permission View: %s
[2023-11-29T21:41:09.150+0000] {logging_mixin.py:154} INFO - [2023-11-29T21:41:09.150+0000] {manager.py:499} INFO - Created Permission View: %s
[2023-11-29T21:41:09.153+0000] {logging_mixin.py:154} INFO - [2023-11-29T21:41:09.153+0000] {manager.py:499} INFO - Created Permission View: %s
[2023-11-29T21:41:09.154+0000] {logging_mixin.py:154} INFO - [2023-11-29T21:41:09.154+0000] {dag.py:2941} INFO - Sync 1 DAGs
[2023-11-29T21:41:09.160+0000] {logging_mixin.py:154} INFO - [2023-11-29T21:41:09.160+0000] {dag.py:2963} INFO - Creating ORM DAG for example_short_circuit_decorator
[2023-11-29T21:41:09.166+0000] {logging_mixin.py:154} INFO - [2023-11-29T21:41:09.166+0000] {dag.py:3722} INFO - Setting next_dagrun for example_short_circuit_decorator to 2023-11-28T21:41:09.166291+00:00, run_after=2023-11-29T21:41:09.166291+00:00
[2023-11-29T21:41:09.175+0000] {processor.py:179} INFO - Processing /home/airflow/.local/lib/python3.8/site-packages/airflow/example_dags/example_short_circuit_decorator.py took 0.104 seconds
[2023-11-29T21:41:39.512+0000] {processor.py:157} INFO - Started process (PID=118) to work on /home/airflow/.local/lib/python3.8/site-packages/airflow/example_dags/example_short_circuit_decorator.py
[2023-11-29T21:41:39.513+0000] {processor.py:829} INFO - Processing file /home/airflow/.local/lib/python3.8/site-packages/airflow/example_dags/example_short_circuit_decorator.py for tasks to queue
[2023-11-29T21:41:39.514+0000] {logging_mixin.py:154} INFO - [2023-11-29T21:41:39.514+0000] {dagbag.py:536} INFO - Filling up the DagBag from /home/airflow/.local/lib/python3.8/site-packages/airflow/example_dags/example_short_circuit_decorator.py
[2023-11-29T21:41:39.520+0000] {processor.py:839} INFO - DAG(s) dict_keys(['example_short_circuit_decorator']) retrieved from /home/airflow/.local/lib/python3.8/site-packages/airflow/example_dags/example_short_circuit_decorator.py
[2023-11-29T21:41:39.535+0000] {logging_mixin.py:154} INFO - [2023-11-29T21:41:39.535+0000] {dag.py:2941} INFO - Sync 1 DAGs
[2023-11-29T21:41:39.547+0000] {logging_mixin.py:154} INFO - [2023-11-29T21:41:39.547+0000] {dag.py:3722} INFO - Setting next_dagrun for example_short_circuit_decorator to 2023-11-28T21:41:39.547621+00:00, run_after=2023-11-29T21:41:39.547621+00:00
[2023-11-29T21:41:39.558+0000] {processor.py:179} INFO - Processing /home/airflow/.local/lib/python3.8/site-packages/airflow/example_dags/example_short_circuit_decorator.py took 0.049 seconds
[2023-11-29T21:42:10.175+0000] {processor.py:157} INFO - Started process (PID=172) to work on /home/airflow/.local/lib/python3.8/site-packages/airflow/example_dags/example_short_circuit_decorator.py
[2023-11-29T21:42:10.176+0000] {processor.py:829} INFO - Processing file /home/airflow/.local/lib/python3.8/site-packages/airflow/example_dags/example_short_circuit_decorator.py for tasks to queue
[2023-11-29T21:42:10.177+0000] {logging_mixin.py:154} INFO - [2023-11-29T21:42:10.177+0000] {dagbag.py:536} INFO - Filling up the DagBag from /home/airflow/.local/lib/python3.8/site-packages/airflow/example_dags/example_short_circuit_decorator.py
[2023-11-29T21:42:10.183+0000] {processor.py:839} INFO - DAG(s) dict_keys(['example_short_circuit_decorator']) retrieved from /home/airflow/.local/lib/python3.8/site-packages/airflow/example_dags/example_short_circuit_decorator.py
[2023-11-29T21:42:10.197+0000] {logging_mixin.py:154} INFO - [2023-11-29T21:42:10.197+0000] {dag.py:2941} INFO - Sync 1 DAGs
[2023-11-29T21:42:10.210+0000] {logging_mixin.py:154} INFO - [2023-11-29T21:42:10.210+0000] {dag.py:3722} INFO - Setting next_dagrun for example_short_circuit_decorator to 2023-11-28T21:42:10.210591+00:00, run_after=2023-11-29T21:42:10.210591+00:00
[2023-11-29T21:42:10.221+0000] {processor.py:179} INFO - Processing /home/airflow/.local/lib/python3.8/site-packages/airflow/example_dags/example_short_circuit_decorator.py took 0.048 seconds
[2023-11-29T21:42:40.904+0000] {processor.py:157} INFO - Started process (PID=226) to work on /home/airflow/.local/lib/python3.8/site-packages/airflow/example_dags/example_short_circuit_decorator.py
[2023-11-29T21:42:40.904+0000] {processor.py:829} INFO - Processing file /home/airflow/.local/lib/python3.8/site-packages/airflow/example_dags/example_short_circuit_decorator.py for tasks to queue
[2023-11-29T21:42:40.906+0000] {logging_mixin.py:154} INFO - [2023-11-29T21:42:40.906+0000] {dagbag.py:536} INFO - Filling up the DagBag from /home/airflow/.local/lib/python3.8/site-packages/airflow/example_dags/example_short_circuit_decorator.py
[2023-11-29T21:42:40.912+0000] {processor.py:839} INFO - DAG(s) dict_keys(['example_short_circuit_decorator']) retrieved from /home/airflow/.local/lib/python3.8/site-packages/airflow/example_dags/example_short_circuit_decorator.py
[2023-11-29T21:42:40.925+0000] {logging_mixin.py:154} INFO - [2023-11-29T21:42:40.925+0000] {dag.py:2941} INFO - Sync 1 DAGs
[2023-11-29T21:42:40.938+0000] {logging_mixin.py:154} INFO - [2023-11-29T21:42:40.937+0000] {dag.py:3722} INFO - Setting next_dagrun for example_short_circuit_decorator to 2023-11-28T21:42:40.937733+00:00, run_after=2023-11-29T21:42:40.937733+00:00
[2023-11-29T21:42:40.947+0000] {processor.py:179} INFO - Processing /home/airflow/.local/lib/python3.8/site-packages/airflow/example_dags/example_short_circuit_decorator.py took 0.046 seconds
[2023-11-29T21:43:11.092+0000] {processor.py:157} INFO - Started process (PID=280) to work on /home/airflow/.local/lib/python3.8/site-packages/airflow/example_dags/example_short_circuit_decorator.py
[2023-11-29T21:43:11.093+0000] {processor.py:829} INFO - Processing file /home/airflow/.local/lib/python3.8/site-packages/airflow/example_dags/example_short_circuit_decorator.py for tasks to queue
[2023-11-29T21:43:11.095+0000] {logging_mixin.py:154} INFO - [2023-11-29T21:43:11.094+0000] {dagbag.py:536} INFO - Filling up the DagBag from /home/airflow/.local/lib/python3.8/site-packages/airflow/example_dags/example_short_circuit_decorator.py
[2023-11-29T21:43:11.101+0000] {processor.py:839} INFO - DAG(s) dict_keys(['example_short_circuit_decorator']) retrieved from /home/airflow/.local/lib/python3.8/site-packages/airflow/example_dags/example_short_circuit_decorator.py
[2023-11-29T21:43:11.115+0000] {logging_mixin.py:154} INFO - [2023-11-29T21:43:11.115+0000] {dag.py:2941} INFO - Sync 1 DAGs
[2023-11-29T21:43:11.128+0000] {logging_mixin.py:154} INFO - [2023-11-29T21:43:11.128+0000] {dag.py:3722} INFO - Setting next_dagrun for example_short_circuit_decorator to 2023-11-28T21:43:11.128082+00:00, run_after=2023-11-29T21:43:11.128082+00:00
[2023-11-29T21:43:11.138+0000] {processor.py:179} INFO - Processing /home/airflow/.local/lib/python3.8/site-packages/airflow/example_dags/example_short_circuit_decorator.py took 0.048 seconds
[2023-11-29T21:43:41.225+0000] {processor.py:157} INFO - Started process (PID=334) to work on /home/airflow/.local/lib/python3.8/site-packages/airflow/example_dags/example_short_circuit_decorator.py
[2023-11-29T21:43:41.226+0000] {processor.py:829} INFO - Processing file /home/airflow/.local/lib/python3.8/site-packages/airflow/example_dags/example_short_circuit_decorator.py for tasks to queue
[2023-11-29T21:43:41.228+0000] {logging_mixin.py:154} INFO - [2023-11-29T21:43:41.227+0000] {dagbag.py:536} INFO - Filling up the DagBag from /home/airflow/.local/lib/python3.8/site-packages/airflow/example_dags/example_short_circuit_decorator.py
[2023-11-29T21:43:41.234+0000] {processor.py:839} INFO - DAG(s) dict_keys(['example_short_circuit_decorator']) retrieved from /home/airflow/.local/lib/python3.8/site-packages/airflow/example_dags/example_short_circuit_decorator.py
[2023-11-29T21:43:41.249+0000] {logging_mixin.py:154} INFO - [2023-11-29T21:43:41.249+0000] {dag.py:2941} INFO - Sync 1 DAGs
[2023-11-29T21:43:41.262+0000] {logging_mixin.py:154} INFO - [2023-11-29T21:43:41.262+0000] {dag.py:3722} INFO - Setting next_dagrun for example_short_circuit_decorator to 2023-11-28T21:43:41.262356+00:00, run_after=2023-11-29T21:43:41.262356+00:00
[2023-11-29T21:43:41.272+0000] {processor.py:179} INFO - Processing /home/airflow/.local/lib/python3.8/site-packages/airflow/example_dags/example_short_circuit_decorator.py took 0.049 seconds
[2023-11-29T21:44:11.453+0000] {processor.py:157} INFO - Started process (PID=388) to work on /home/airflow/.local/lib/python3.8/site-packages/airflow/example_dags/example_short_circuit_decorator.py
[2023-11-29T21:44:11.453+0000] {processor.py:829} INFO - Processing file /home/airflow/.local/lib/python3.8/site-packages/airflow/example_dags/example_short_circuit_decorator.py for tasks to queue
[2023-11-29T21:44:11.455+0000] {logging_mixin.py:154} INFO - [2023-11-29T21:44:11.455+0000] {dagbag.py:536} INFO - Filling up the DagBag from /home/airflow/.local/lib/python3.8/site-packages/airflow/example_dags/example_short_circuit_decorator.py
[2023-11-29T21:44:11.461+0000] {processor.py:839} INFO - DAG(s) dict_keys(['example_short_circuit_decorator']) retrieved from /home/airflow/.local/lib/python3.8/site-packages/airflow/example_dags/example_short_circuit_decorator.py
[2023-11-29T21:44:11.475+0000] {logging_mixin.py:154} INFO - [2023-11-29T21:44:11.474+0000] {dag.py:2941} INFO - Sync 1 DAGs
[2023-11-29T21:44:11.487+0000] {logging_mixin.py:154} INFO - [2023-11-29T21:44:11.487+0000] {dag.py:3722} INFO - Setting next_dagrun for example_short_circuit_decorator to 2023-11-28T21:44:11.487168+00:00, run_after=2023-11-29T21:44:11.487168+00:00
[2023-11-29T21:44:11.496+0000] {processor.py:179} INFO - Processing /home/airflow/.local/lib/python3.8/site-packages/airflow/example_dags/example_short_circuit_decorator.py took 0.046 seconds
[2023-11-29T21:44:41.715+0000] {processor.py:157} INFO - Started process (PID=442) to work on /home/airflow/.local/lib/python3.8/site-packages/airflow/example_dags/example_short_circuit_decorator.py
[2023-11-29T21:44:41.716+0000] {processor.py:829} INFO - Processing file /home/airflow/.local/lib/python3.8/site-packages/airflow/example_dags/example_short_circuit_decorator.py for tasks to queue
[2023-11-29T21:44:41.717+0000] {logging_mixin.py:154} INFO - [2023-11-29T21:44:41.717+0000] {dagbag.py:536} INFO - Filling up the DagBag from /home/airflow/.local/lib/python3.8/site-packages/airflow/example_dags/example_short_circuit_decorator.py
[2023-11-29T21:44:41.723+0000] {processor.py:839} INFO - DAG(s) dict_keys(['example_short_circuit_decorator']) retrieved from /home/airflow/.local/lib/python3.8/site-packages/airflow/example_dags/example_short_circuit_decorator.py
[2023-11-29T21:44:41.738+0000] {logging_mixin.py:154} INFO - [2023-11-29T21:44:41.738+0000] {dag.py:2941} INFO - Sync 1 DAGs
[2023-11-29T21:44:41.752+0000] {logging_mixin.py:154} INFO - [2023-11-29T21:44:41.752+0000] {dag.py:3722} INFO - Setting next_dagrun for example_short_circuit_decorator to 2023-11-28T21:44:41.751980+00:00, run_after=2023-11-29T21:44:41.751980+00:00
[2023-11-29T21:44:41.763+0000] {processor.py:179} INFO - Processing /home/airflow/.local/lib/python3.8/site-packages/airflow/example_dags/example_short_circuit_decorator.py took 0.050 seconds
[2023-11-29T21:45:11.884+0000] {processor.py:157} INFO - Started process (PID=496) to work on /home/airflow/.local/lib/python3.8/site-packages/airflow/example_dags/example_short_circuit_decorator.py
[2023-11-29T21:45:11.885+0000] {processor.py:829} INFO - Processing file /home/airflow/.local/lib/python3.8/site-packages/airflow/example_dags/example_short_circuit_decorator.py for tasks to queue
[2023-11-29T21:45:11.887+0000] {logging_mixin.py:154} INFO - [2023-11-29T21:45:11.887+0000] {dagbag.py:536} INFO - Filling up the DagBag from /home/airflow/.local/lib/python3.8/site-packages/airflow/example_dags/example_short_circuit_decorator.py
[2023-11-29T21:45:11.893+0000] {processor.py:839} INFO - DAG(s) dict_keys(['example_short_circuit_decorator']) retrieved from /home/airflow/.local/lib/python3.8/site-packages/airflow/example_dags/example_short_circuit_decorator.py
[2023-11-29T21:45:11.907+0000] {logging_mixin.py:154} INFO - [2023-11-29T21:45:11.907+0000] {dag.py:2941} INFO - Sync 1 DAGs
[2023-11-29T21:45:11.920+0000] {logging_mixin.py:154} INFO - [2023-11-29T21:45:11.919+0000] {dag.py:3722} INFO - Setting next_dagrun for example_short_circuit_decorator to 2023-11-28T21:45:11.919721+00:00, run_after=2023-11-29T21:45:11.919721+00:00
[2023-11-29T21:45:11.929+0000] {processor.py:179} INFO - Processing /home/airflow/.local/lib/python3.8/site-packages/airflow/example_dags/example_short_circuit_decorator.py took 0.047 seconds
[2023-11-29T21:45:42.009+0000] {processor.py:157} INFO - Started process (PID=550) to work on /home/airflow/.local/lib/python3.8/site-packages/airflow/example_dags/example_short_circuit_decorator.py
[2023-11-29T21:45:42.010+0000] {processor.py:829} INFO - Processing file /home/airflow/.local/lib/python3.8/site-packages/airflow/example_dags/example_short_circuit_decorator.py for tasks to queue
[2023-11-29T21:45:42.011+0000] {logging_mixin.py:154} INFO - [2023-11-29T21:45:42.011+0000] {dagbag.py:536} INFO - Filling up the DagBag from /home/airflow/.local/lib/python3.8/site-packages/airflow/example_dags/example_short_circuit_decorator.py
[2023-11-29T21:45:42.017+0000] {processor.py:839} INFO - DAG(s) dict_keys(['example_short_circuit_decorator']) retrieved from /home/airflow/.local/lib/python3.8/site-packages/airflow/example_dags/example_short_circuit_decorator.py
[2023-11-29T21:45:42.031+0000] {logging_mixin.py:154} INFO - [2023-11-29T21:45:42.031+0000] {dag.py:2941} INFO - Sync 1 DAGs
[2023-11-29T21:45:42.044+0000] {logging_mixin.py:154} INFO - [2023-11-29T21:45:42.044+0000] {dag.py:3722} INFO - Setting next_dagrun for example_short_circuit_decorator to 2023-11-28T21:45:42.044074+00:00, run_after=2023-11-29T21:45:42.044074+00:00
[2023-11-29T21:45:42.055+0000] {processor.py:179} INFO - Processing /home/airflow/.local/lib/python3.8/site-packages/airflow/example_dags/example_short_circuit_decorator.py took 0.048 seconds
[2023-11-29T21:46:13.165+0000] {processor.py:157} INFO - Started process (PID=604) to work on /home/airflow/.local/lib/python3.8/site-packages/airflow/example_dags/example_short_circuit_decorator.py
[2023-11-29T21:46:13.166+0000] {processor.py:829} INFO - Processing file /home/airflow/.local/lib/python3.8/site-packages/airflow/example_dags/example_short_circuit_decorator.py for tasks to queue
[2023-11-29T21:46:13.168+0000] {logging_mixin.py:154} INFO - [2023-11-29T21:46:13.168+0000] {dagbag.py:536} INFO - Filling up the DagBag from /home/airflow/.local/lib/python3.8/site-packages/airflow/example_dags/example_short_circuit_decorator.py
[2023-11-29T21:46:13.174+0000] {processor.py:839} INFO - DAG(s) dict_keys(['example_short_circuit_decorator']) retrieved from /home/airflow/.local/lib/python3.8/site-packages/airflow/example_dags/example_short_circuit_decorator.py
[2023-11-29T21:46:13.187+0000] {logging_mixin.py:154} INFO - [2023-11-29T21:46:13.187+0000] {dag.py:2941} INFO - Sync 1 DAGs
[2023-11-29T21:46:13.199+0000] {logging_mixin.py:154} INFO - [2023-11-29T21:46:13.199+0000] {dag.py:3722} INFO - Setting next_dagrun for example_short_circuit_decorator to 2023-11-28T21:46:13.199111+00:00, run_after=2023-11-29T21:46:13.199111+00:00
[2023-11-29T21:46:13.209+0000] {processor.py:179} INFO - Processing /home/airflow/.local/lib/python3.8/site-packages/airflow/example_dags/example_short_circuit_decorator.py took 0.046 seconds
[2023-11-29T21:46:44.293+0000] {processor.py:157} INFO - Started process (PID=658) to work on /home/airflow/.local/lib/python3.8/site-packages/airflow/example_dags/example_short_circuit_decorator.py
[2023-11-29T21:46:44.294+0000] {processor.py:829} INFO - Processing file /home/airflow/.local/lib/python3.8/site-packages/airflow/example_dags/example_short_circuit_decorator.py for tasks to queue
[2023-11-29T21:46:44.296+0000] {logging_mixin.py:154} INFO - [2023-11-29T21:46:44.296+0000] {dagbag.py:536} INFO - Filling up the DagBag from /home/airflow/.local/lib/python3.8/site-packages/airflow/example_dags/example_short_circuit_decorator.py
[2023-11-29T21:46:44.302+0000] {processor.py:839} INFO - DAG(s) dict_keys(['example_short_circuit_decorator']) retrieved from /home/airflow/.local/lib/python3.8/site-packages/airflow/example_dags/example_short_circuit_decorator.py
[2023-11-29T21:46:44.316+0000] {logging_mixin.py:154} INFO - [2023-11-29T21:46:44.316+0000] {dag.py:2941} INFO - Sync 1 DAGs
[2023-11-29T21:46:44.328+0000] {logging_mixin.py:154} INFO - [2023-11-29T21:46:44.328+0000] {dag.py:3722} INFO - Setting next_dagrun for example_short_circuit_decorator to 2023-11-28T21:46:44.327997+00:00, run_after=2023-11-29T21:46:44.327997+00:00
[2023-11-29T21:46:44.337+0000] {processor.py:179} INFO - Processing /home/airflow/.local/lib/python3.8/site-packages/airflow/example_dags/example_short_circuit_decorator.py took 0.047 seconds
