[2023-11-29T20:51:39.324+0000] {processor.py:157} INFO - Started process (PID=57) to work on /home/airflow/.local/lib/python3.8/site-packages/airflow/example_dags/example_latest_only.py
[2023-11-29T20:51:39.325+0000] {processor.py:829} INFO - Processing file /home/airflow/.local/lib/python3.8/site-packages/airflow/example_dags/example_latest_only.py for tasks to queue
[2023-11-29T20:51:39.327+0000] {logging_mixin.py:154} INFO - [2023-11-29T20:51:39.326+0000] {dagbag.py:536} INFO - Filling up the DagBag from /home/airflow/.local/lib/python3.8/site-packages/airflow/example_dags/example_latest_only.py
[2023-11-29T20:51:39.331+0000] {processor.py:839} INFO - DAG(s) dict_keys(['latest_only']) retrieved from /home/airflow/.local/lib/python3.8/site-packages/airflow/example_dags/example_latest_only.py
[2023-11-29T20:51:39.411+0000] {logging_mixin.py:154} INFO - [2023-11-29T20:51:39.411+0000] {dag.py:2941} INFO - Sync 1 DAGs
[2023-11-29T20:51:39.424+0000] {logging_mixin.py:154} INFO - [2023-11-29T20:51:39.424+0000] {dag.py:3722} INFO - Setting next_dagrun for latest_only to 2023-11-29T16:51:39.424137+00:00, run_after=2023-11-29T20:51:39.424137+00:00
[2023-11-29T20:51:39.436+0000] {processor.py:179} INFO - Processing /home/airflow/.local/lib/python3.8/site-packages/airflow/example_dags/example_latest_only.py took 0.116 seconds
[2023-11-29T20:52:09.847+0000] {processor.py:157} INFO - Started process (PID=111) to work on /home/airflow/.local/lib/python3.8/site-packages/airflow/example_dags/example_latest_only.py
[2023-11-29T20:52:09.848+0000] {processor.py:829} INFO - Processing file /home/airflow/.local/lib/python3.8/site-packages/airflow/example_dags/example_latest_only.py for tasks to queue
[2023-11-29T20:52:09.849+0000] {logging_mixin.py:154} INFO - [2023-11-29T20:52:09.849+0000] {dagbag.py:536} INFO - Filling up the DagBag from /home/airflow/.local/lib/python3.8/site-packages/airflow/example_dags/example_latest_only.py
[2023-11-29T20:52:09.853+0000] {processor.py:839} INFO - DAG(s) dict_keys(['latest_only']) retrieved from /home/airflow/.local/lib/python3.8/site-packages/airflow/example_dags/example_latest_only.py
[2023-11-29T20:52:09.861+0000] {logging_mixin.py:154} INFO - [2023-11-29T20:52:09.861+0000] {dag.py:2941} INFO - Sync 1 DAGs
[2023-11-29T20:52:09.873+0000] {logging_mixin.py:154} INFO - [2023-11-29T20:52:09.873+0000] {dag.py:3722} INFO - Setting next_dagrun for latest_only to 2023-11-29T16:52:09.873674+00:00, run_after=2023-11-29T20:52:09.873674+00:00
[2023-11-29T20:52:09.883+0000] {processor.py:179} INFO - Processing /home/airflow/.local/lib/python3.8/site-packages/airflow/example_dags/example_latest_only.py took 0.038 seconds
[2023-11-29T20:52:40.637+0000] {processor.py:157} INFO - Started process (PID=165) to work on /home/airflow/.local/lib/python3.8/site-packages/airflow/example_dags/example_latest_only.py
[2023-11-29T20:52:40.638+0000] {processor.py:829} INFO - Processing file /home/airflow/.local/lib/python3.8/site-packages/airflow/example_dags/example_latest_only.py for tasks to queue
[2023-11-29T20:52:40.639+0000] {logging_mixin.py:154} INFO - [2023-11-29T20:52:40.639+0000] {dagbag.py:536} INFO - Filling up the DagBag from /home/airflow/.local/lib/python3.8/site-packages/airflow/example_dags/example_latest_only.py
[2023-11-29T20:52:40.642+0000] {processor.py:839} INFO - DAG(s) dict_keys(['latest_only']) retrieved from /home/airflow/.local/lib/python3.8/site-packages/airflow/example_dags/example_latest_only.py
[2023-11-29T20:52:40.654+0000] {logging_mixin.py:154} INFO - [2023-11-29T20:52:40.653+0000] {dag.py:2941} INFO - Sync 1 DAGs
[2023-11-29T20:52:40.666+0000] {logging_mixin.py:154} INFO - [2023-11-29T20:52:40.666+0000] {dag.py:3722} INFO - Setting next_dagrun for latest_only to 2023-11-29T16:52:40.666137+00:00, run_after=2023-11-29T20:52:40.666137+00:00
[2023-11-29T20:52:40.675+0000] {processor.py:179} INFO - Processing /home/airflow/.local/lib/python3.8/site-packages/airflow/example_dags/example_latest_only.py took 0.040 seconds
[2023-11-29T20:53:10.790+0000] {processor.py:157} INFO - Started process (PID=219) to work on /home/airflow/.local/lib/python3.8/site-packages/airflow/example_dags/example_latest_only.py
[2023-11-29T20:53:10.790+0000] {processor.py:829} INFO - Processing file /home/airflow/.local/lib/python3.8/site-packages/airflow/example_dags/example_latest_only.py for tasks to queue
[2023-11-29T20:53:10.792+0000] {logging_mixin.py:154} INFO - [2023-11-29T20:53:10.792+0000] {dagbag.py:536} INFO - Filling up the DagBag from /home/airflow/.local/lib/python3.8/site-packages/airflow/example_dags/example_latest_only.py
[2023-11-29T20:53:10.795+0000] {processor.py:839} INFO - DAG(s) dict_keys(['latest_only']) retrieved from /home/airflow/.local/lib/python3.8/site-packages/airflow/example_dags/example_latest_only.py
[2023-11-29T20:53:10.806+0000] {logging_mixin.py:154} INFO - [2023-11-29T20:53:10.806+0000] {dag.py:2941} INFO - Sync 1 DAGs
[2023-11-29T20:53:10.818+0000] {logging_mixin.py:154} INFO - [2023-11-29T20:53:10.818+0000] {dag.py:3722} INFO - Setting next_dagrun for latest_only to 2023-11-29T16:53:10.818392+00:00, run_after=2023-11-29T20:53:10.818392+00:00
[2023-11-29T20:53:10.828+0000] {processor.py:179} INFO - Processing /home/airflow/.local/lib/python3.8/site-packages/airflow/example_dags/example_latest_only.py took 0.040 seconds
[2023-11-29T20:53:40.927+0000] {processor.py:157} INFO - Started process (PID=273) to work on /home/airflow/.local/lib/python3.8/site-packages/airflow/example_dags/example_latest_only.py
[2023-11-29T20:53:40.928+0000] {processor.py:829} INFO - Processing file /home/airflow/.local/lib/python3.8/site-packages/airflow/example_dags/example_latest_only.py for tasks to queue
[2023-11-29T20:53:40.929+0000] {logging_mixin.py:154} INFO - [2023-11-29T20:53:40.929+0000] {dagbag.py:536} INFO - Filling up the DagBag from /home/airflow/.local/lib/python3.8/site-packages/airflow/example_dags/example_latest_only.py
[2023-11-29T20:53:40.932+0000] {processor.py:839} INFO - DAG(s) dict_keys(['latest_only']) retrieved from /home/airflow/.local/lib/python3.8/site-packages/airflow/example_dags/example_latest_only.py
[2023-11-29T20:53:40.944+0000] {logging_mixin.py:154} INFO - [2023-11-29T20:53:40.944+0000] {dag.py:2941} INFO - Sync 1 DAGs
[2023-11-29T20:53:40.956+0000] {logging_mixin.py:154} INFO - [2023-11-29T20:53:40.956+0000] {dag.py:3722} INFO - Setting next_dagrun for latest_only to 2023-11-29T16:53:40.956066+00:00, run_after=2023-11-29T20:53:40.956066+00:00
[2023-11-29T20:53:40.966+0000] {processor.py:179} INFO - Processing /home/airflow/.local/lib/python3.8/site-packages/airflow/example_dags/example_latest_only.py took 0.041 seconds
[2023-11-29T20:54:11.081+0000] {processor.py:157} INFO - Started process (PID=327) to work on /home/airflow/.local/lib/python3.8/site-packages/airflow/example_dags/example_latest_only.py
[2023-11-29T20:54:11.081+0000] {processor.py:829} INFO - Processing file /home/airflow/.local/lib/python3.8/site-packages/airflow/example_dags/example_latest_only.py for tasks to queue
[2023-11-29T20:54:11.083+0000] {logging_mixin.py:154} INFO - [2023-11-29T20:54:11.083+0000] {dagbag.py:536} INFO - Filling up the DagBag from /home/airflow/.local/lib/python3.8/site-packages/airflow/example_dags/example_latest_only.py
[2023-11-29T20:54:11.086+0000] {processor.py:839} INFO - DAG(s) dict_keys(['latest_only']) retrieved from /home/airflow/.local/lib/python3.8/site-packages/airflow/example_dags/example_latest_only.py
[2023-11-29T20:54:11.098+0000] {logging_mixin.py:154} INFO - [2023-11-29T20:54:11.098+0000] {dag.py:2941} INFO - Sync 1 DAGs
[2023-11-29T20:54:11.110+0000] {logging_mixin.py:154} INFO - [2023-11-29T20:54:11.110+0000] {dag.py:3722} INFO - Setting next_dagrun for latest_only to 2023-11-29T16:54:11.110675+00:00, run_after=2023-11-29T20:54:11.110675+00:00
[2023-11-29T20:54:11.119+0000] {processor.py:179} INFO - Processing /home/airflow/.local/lib/python3.8/site-packages/airflow/example_dags/example_latest_only.py took 0.041 seconds
[2023-11-29T20:54:41.180+0000] {processor.py:157} INFO - Started process (PID=381) to work on /home/airflow/.local/lib/python3.8/site-packages/airflow/example_dags/example_latest_only.py
[2023-11-29T20:54:41.181+0000] {processor.py:829} INFO - Processing file /home/airflow/.local/lib/python3.8/site-packages/airflow/example_dags/example_latest_only.py for tasks to queue
[2023-11-29T20:54:41.182+0000] {logging_mixin.py:154} INFO - [2023-11-29T20:54:41.182+0000] {dagbag.py:536} INFO - Filling up the DagBag from /home/airflow/.local/lib/python3.8/site-packages/airflow/example_dags/example_latest_only.py
[2023-11-29T20:54:41.186+0000] {processor.py:839} INFO - DAG(s) dict_keys(['latest_only']) retrieved from /home/airflow/.local/lib/python3.8/site-packages/airflow/example_dags/example_latest_only.py
[2023-11-29T20:54:41.199+0000] {logging_mixin.py:154} INFO - [2023-11-29T20:54:41.199+0000] {dag.py:2941} INFO - Sync 1 DAGs
[2023-11-29T20:54:41.211+0000] {logging_mixin.py:154} INFO - [2023-11-29T20:54:41.211+0000] {dag.py:3722} INFO - Setting next_dagrun for latest_only to 2023-11-29T16:54:41.211423+00:00, run_after=2023-11-29T20:54:41.211423+00:00
[2023-11-29T20:54:41.221+0000] {processor.py:179} INFO - Processing /home/airflow/.local/lib/python3.8/site-packages/airflow/example_dags/example_latest_only.py took 0.044 seconds
[2023-11-29T20:55:11.259+0000] {processor.py:157} INFO - Started process (PID=435) to work on /home/airflow/.local/lib/python3.8/site-packages/airflow/example_dags/example_latest_only.py
[2023-11-29T20:55:11.260+0000] {processor.py:829} INFO - Processing file /home/airflow/.local/lib/python3.8/site-packages/airflow/example_dags/example_latest_only.py for tasks to queue
[2023-11-29T20:55:11.261+0000] {logging_mixin.py:154} INFO - [2023-11-29T20:55:11.261+0000] {dagbag.py:536} INFO - Filling up the DagBag from /home/airflow/.local/lib/python3.8/site-packages/airflow/example_dags/example_latest_only.py
[2023-11-29T20:55:11.265+0000] {processor.py:839} INFO - DAG(s) dict_keys(['latest_only']) retrieved from /home/airflow/.local/lib/python3.8/site-packages/airflow/example_dags/example_latest_only.py
[2023-11-29T20:55:11.277+0000] {logging_mixin.py:154} INFO - [2023-11-29T20:55:11.277+0000] {dag.py:2941} INFO - Sync 1 DAGs
[2023-11-29T20:55:11.290+0000] {logging_mixin.py:154} INFO - [2023-11-29T20:55:11.290+0000] {dag.py:3722} INFO - Setting next_dagrun for latest_only to 2023-11-29T16:55:11.289896+00:00, run_after=2023-11-29T20:55:11.289896+00:00
[2023-11-29T20:55:11.299+0000] {processor.py:179} INFO - Processing /home/airflow/.local/lib/python3.8/site-packages/airflow/example_dags/example_latest_only.py took 0.043 seconds
[2023-11-29T20:55:41.378+0000] {processor.py:157} INFO - Started process (PID=489) to work on /home/airflow/.local/lib/python3.8/site-packages/airflow/example_dags/example_latest_only.py
[2023-11-29T20:55:41.378+0000] {processor.py:829} INFO - Processing file /home/airflow/.local/lib/python3.8/site-packages/airflow/example_dags/example_latest_only.py for tasks to queue
[2023-11-29T20:55:41.380+0000] {logging_mixin.py:154} INFO - [2023-11-29T20:55:41.380+0000] {dagbag.py:536} INFO - Filling up the DagBag from /home/airflow/.local/lib/python3.8/site-packages/airflow/example_dags/example_latest_only.py
[2023-11-29T20:55:41.383+0000] {processor.py:839} INFO - DAG(s) dict_keys(['latest_only']) retrieved from /home/airflow/.local/lib/python3.8/site-packages/airflow/example_dags/example_latest_only.py
[2023-11-29T20:55:41.395+0000] {logging_mixin.py:154} INFO - [2023-11-29T20:55:41.395+0000] {dag.py:2941} INFO - Sync 1 DAGs
[2023-11-29T20:55:41.407+0000] {logging_mixin.py:154} INFO - [2023-11-29T20:55:41.407+0000] {dag.py:3722} INFO - Setting next_dagrun for latest_only to 2023-11-29T16:55:41.406909+00:00, run_after=2023-11-29T20:55:41.406909+00:00
[2023-11-29T20:55:41.417+0000] {processor.py:179} INFO - Processing /home/airflow/.local/lib/python3.8/site-packages/airflow/example_dags/example_latest_only.py took 0.041 seconds
[2023-11-29T20:56:11.475+0000] {processor.py:157} INFO - Started process (PID=543) to work on /home/airflow/.local/lib/python3.8/site-packages/airflow/example_dags/example_latest_only.py
[2023-11-29T20:56:11.475+0000] {processor.py:829} INFO - Processing file /home/airflow/.local/lib/python3.8/site-packages/airflow/example_dags/example_latest_only.py for tasks to queue
[2023-11-29T20:56:11.477+0000] {logging_mixin.py:154} INFO - [2023-11-29T20:56:11.477+0000] {dagbag.py:536} INFO - Filling up the DagBag from /home/airflow/.local/lib/python3.8/site-packages/airflow/example_dags/example_latest_only.py
[2023-11-29T20:56:11.480+0000] {processor.py:839} INFO - DAG(s) dict_keys(['latest_only']) retrieved from /home/airflow/.local/lib/python3.8/site-packages/airflow/example_dags/example_latest_only.py
[2023-11-29T20:56:11.491+0000] {logging_mixin.py:154} INFO - [2023-11-29T20:56:11.491+0000] {dag.py:2941} INFO - Sync 1 DAGs
[2023-11-29T20:56:11.503+0000] {logging_mixin.py:154} INFO - [2023-11-29T20:56:11.503+0000] {dag.py:3722} INFO - Setting next_dagrun for latest_only to 2023-11-29T16:56:11.503722+00:00, run_after=2023-11-29T20:56:11.503722+00:00
[2023-11-29T20:56:11.513+0000] {processor.py:179} INFO - Processing /home/airflow/.local/lib/python3.8/site-packages/airflow/example_dags/example_latest_only.py took 0.041 seconds
[2023-11-29T20:56:42.475+0000] {processor.py:157} INFO - Started process (PID=597) to work on /home/airflow/.local/lib/python3.8/site-packages/airflow/example_dags/example_latest_only.py
[2023-11-29T20:56:42.476+0000] {processor.py:829} INFO - Processing file /home/airflow/.local/lib/python3.8/site-packages/airflow/example_dags/example_latest_only.py for tasks to queue
[2023-11-29T20:56:42.477+0000] {logging_mixin.py:154} INFO - [2023-11-29T20:56:42.477+0000] {dagbag.py:536} INFO - Filling up the DagBag from /home/airflow/.local/lib/python3.8/site-packages/airflow/example_dags/example_latest_only.py
[2023-11-29T20:56:42.481+0000] {processor.py:839} INFO - DAG(s) dict_keys(['latest_only']) retrieved from /home/airflow/.local/lib/python3.8/site-packages/airflow/example_dags/example_latest_only.py
[2023-11-29T20:56:42.494+0000] {logging_mixin.py:154} INFO - [2023-11-29T20:56:42.493+0000] {dag.py:2941} INFO - Sync 1 DAGs
[2023-11-29T20:56:42.506+0000] {logging_mixin.py:154} INFO - [2023-11-29T20:56:42.506+0000] {dag.py:3722} INFO - Setting next_dagrun for latest_only to 2023-11-29T16:56:42.506644+00:00, run_after=2023-11-29T20:56:42.506644+00:00
[2023-11-29T20:56:42.517+0000] {processor.py:179} INFO - Processing /home/airflow/.local/lib/python3.8/site-packages/airflow/example_dags/example_latest_only.py took 0.043 seconds
[2023-11-29T20:57:12.536+0000] {processor.py:157} INFO - Started process (PID=651) to work on /home/airflow/.local/lib/python3.8/site-packages/airflow/example_dags/example_latest_only.py
[2023-11-29T20:57:12.536+0000] {processor.py:829} INFO - Processing file /home/airflow/.local/lib/python3.8/site-packages/airflow/example_dags/example_latest_only.py for tasks to queue
[2023-11-29T20:57:12.538+0000] {logging_mixin.py:154} INFO - [2023-11-29T20:57:12.537+0000] {dagbag.py:536} INFO - Filling up the DagBag from /home/airflow/.local/lib/python3.8/site-packages/airflow/example_dags/example_latest_only.py
[2023-11-29T20:57:12.541+0000] {processor.py:839} INFO - DAG(s) dict_keys(['latest_only']) retrieved from /home/airflow/.local/lib/python3.8/site-packages/airflow/example_dags/example_latest_only.py
[2023-11-29T20:57:12.553+0000] {logging_mixin.py:154} INFO - [2023-11-29T20:57:12.553+0000] {dag.py:2941} INFO - Sync 1 DAGs
[2023-11-29T20:57:12.565+0000] {logging_mixin.py:154} INFO - [2023-11-29T20:57:12.565+0000] {dag.py:3722} INFO - Setting next_dagrun for latest_only to 2023-11-29T16:57:12.565321+00:00, run_after=2023-11-29T20:57:12.565321+00:00
[2023-11-29T20:57:12.574+0000] {processor.py:179} INFO - Processing /home/airflow/.local/lib/python3.8/site-packages/airflow/example_dags/example_latest_only.py took 0.041 seconds
[2023-11-29T20:57:42.605+0000] {processor.py:157} INFO - Started process (PID=705) to work on /home/airflow/.local/lib/python3.8/site-packages/airflow/example_dags/example_latest_only.py
[2023-11-29T20:57:42.606+0000] {processor.py:829} INFO - Processing file /home/airflow/.local/lib/python3.8/site-packages/airflow/example_dags/example_latest_only.py for tasks to queue
[2023-11-29T20:57:42.608+0000] {logging_mixin.py:154} INFO - [2023-11-29T20:57:42.608+0000] {dagbag.py:536} INFO - Filling up the DagBag from /home/airflow/.local/lib/python3.8/site-packages/airflow/example_dags/example_latest_only.py
[2023-11-29T20:57:42.611+0000] {processor.py:839} INFO - DAG(s) dict_keys(['latest_only']) retrieved from /home/airflow/.local/lib/python3.8/site-packages/airflow/example_dags/example_latest_only.py
[2023-11-29T20:57:42.622+0000] {logging_mixin.py:154} INFO - [2023-11-29T20:57:42.622+0000] {dag.py:2941} INFO - Sync 1 DAGs
[2023-11-29T20:57:42.634+0000] {logging_mixin.py:154} INFO - [2023-11-29T20:57:42.634+0000] {dag.py:3722} INFO - Setting next_dagrun for latest_only to 2023-11-29T16:57:42.633905+00:00, run_after=2023-11-29T20:57:42.633905+00:00
[2023-11-29T20:57:42.643+0000] {processor.py:179} INFO - Processing /home/airflow/.local/lib/python3.8/site-packages/airflow/example_dags/example_latest_only.py took 0.039 seconds
[2023-11-29T20:58:12.686+0000] {processor.py:157} INFO - Started process (PID=759) to work on /home/airflow/.local/lib/python3.8/site-packages/airflow/example_dags/example_latest_only.py
[2023-11-29T20:58:12.687+0000] {processor.py:829} INFO - Processing file /home/airflow/.local/lib/python3.8/site-packages/airflow/example_dags/example_latest_only.py for tasks to queue
[2023-11-29T20:58:12.689+0000] {logging_mixin.py:154} INFO - [2023-11-29T20:58:12.688+0000] {dagbag.py:536} INFO - Filling up the DagBag from /home/airflow/.local/lib/python3.8/site-packages/airflow/example_dags/example_latest_only.py
[2023-11-29T20:58:12.692+0000] {processor.py:839} INFO - DAG(s) dict_keys(['latest_only']) retrieved from /home/airflow/.local/lib/python3.8/site-packages/airflow/example_dags/example_latest_only.py
[2023-11-29T20:58:12.704+0000] {logging_mixin.py:154} INFO - [2023-11-29T20:58:12.704+0000] {dag.py:2941} INFO - Sync 1 DAGs
[2023-11-29T20:58:12.716+0000] {logging_mixin.py:154} INFO - [2023-11-29T20:58:12.716+0000] {dag.py:3722} INFO - Setting next_dagrun for latest_only to 2023-11-29T16:58:12.716434+00:00, run_after=2023-11-29T20:58:12.716434+00:00
[2023-11-29T20:58:12.725+0000] {processor.py:179} INFO - Processing /home/airflow/.local/lib/python3.8/site-packages/airflow/example_dags/example_latest_only.py took 0.041 seconds
[2023-11-29T20:58:42.860+0000] {processor.py:157} INFO - Started process (PID=813) to work on /home/airflow/.local/lib/python3.8/site-packages/airflow/example_dags/example_latest_only.py
[2023-11-29T20:58:42.860+0000] {processor.py:829} INFO - Processing file /home/airflow/.local/lib/python3.8/site-packages/airflow/example_dags/example_latest_only.py for tasks to queue
[2023-11-29T20:58:42.862+0000] {logging_mixin.py:154} INFO - [2023-11-29T20:58:42.862+0000] {dagbag.py:536} INFO - Filling up the DagBag from /home/airflow/.local/lib/python3.8/site-packages/airflow/example_dags/example_latest_only.py
[2023-11-29T20:58:42.865+0000] {processor.py:839} INFO - DAG(s) dict_keys(['latest_only']) retrieved from /home/airflow/.local/lib/python3.8/site-packages/airflow/example_dags/example_latest_only.py
[2023-11-29T20:58:42.878+0000] {logging_mixin.py:154} INFO - [2023-11-29T20:58:42.878+0000] {dag.py:2941} INFO - Sync 1 DAGs
[2023-11-29T20:58:42.891+0000] {logging_mixin.py:154} INFO - [2023-11-29T20:58:42.891+0000] {dag.py:3722} INFO - Setting next_dagrun for latest_only to 2023-11-29T16:58:42.891255+00:00, run_after=2023-11-29T20:58:42.891255+00:00
[2023-11-29T20:58:42.901+0000] {processor.py:179} INFO - Processing /home/airflow/.local/lib/python3.8/site-packages/airflow/example_dags/example_latest_only.py took 0.043 seconds
[2023-11-29T20:59:13.772+0000] {processor.py:157} INFO - Started process (PID=867) to work on /home/airflow/.local/lib/python3.8/site-packages/airflow/example_dags/example_latest_only.py
[2023-11-29T20:59:13.773+0000] {processor.py:829} INFO - Processing file /home/airflow/.local/lib/python3.8/site-packages/airflow/example_dags/example_latest_only.py for tasks to queue
[2023-11-29T20:59:13.774+0000] {logging_mixin.py:154} INFO - [2023-11-29T20:59:13.774+0000] {dagbag.py:536} INFO - Filling up the DagBag from /home/airflow/.local/lib/python3.8/site-packages/airflow/example_dags/example_latest_only.py
[2023-11-29T20:59:13.778+0000] {processor.py:839} INFO - DAG(s) dict_keys(['latest_only']) retrieved from /home/airflow/.local/lib/python3.8/site-packages/airflow/example_dags/example_latest_only.py
[2023-11-29T20:59:13.790+0000] {logging_mixin.py:154} INFO - [2023-11-29T20:59:13.790+0000] {dag.py:2941} INFO - Sync 1 DAGs
[2023-11-29T20:59:13.803+0000] {logging_mixin.py:154} INFO - [2023-11-29T20:59:13.803+0000] {dag.py:3722} INFO - Setting next_dagrun for latest_only to 2023-11-29T16:59:13.802846+00:00, run_after=2023-11-29T20:59:13.802846+00:00
[2023-11-29T20:59:13.814+0000] {processor.py:179} INFO - Processing /home/airflow/.local/lib/python3.8/site-packages/airflow/example_dags/example_latest_only.py took 0.044 seconds
[2023-11-29T20:59:44.594+0000] {processor.py:157} INFO - Started process (PID=921) to work on /home/airflow/.local/lib/python3.8/site-packages/airflow/example_dags/example_latest_only.py
[2023-11-29T20:59:44.595+0000] {processor.py:829} INFO - Processing file /home/airflow/.local/lib/python3.8/site-packages/airflow/example_dags/example_latest_only.py for tasks to queue
[2023-11-29T20:59:44.596+0000] {logging_mixin.py:154} INFO - [2023-11-29T20:59:44.596+0000] {dagbag.py:536} INFO - Filling up the DagBag from /home/airflow/.local/lib/python3.8/site-packages/airflow/example_dags/example_latest_only.py
[2023-11-29T20:59:44.600+0000] {processor.py:839} INFO - DAG(s) dict_keys(['latest_only']) retrieved from /home/airflow/.local/lib/python3.8/site-packages/airflow/example_dags/example_latest_only.py
[2023-11-29T20:59:44.612+0000] {logging_mixin.py:154} INFO - [2023-11-29T20:59:44.612+0000] {dag.py:2941} INFO - Sync 1 DAGs
[2023-11-29T20:59:44.625+0000] {logging_mixin.py:154} INFO - [2023-11-29T20:59:44.625+0000] {dag.py:3722} INFO - Setting next_dagrun for latest_only to 2023-11-29T16:59:44.625145+00:00, run_after=2023-11-29T20:59:44.625145+00:00
[2023-11-29T20:59:44.635+0000] {processor.py:179} INFO - Processing /home/airflow/.local/lib/python3.8/site-packages/airflow/example_dags/example_latest_only.py took 0.043 seconds
[2023-11-29T21:00:15.400+0000] {processor.py:157} INFO - Started process (PID=975) to work on /home/airflow/.local/lib/python3.8/site-packages/airflow/example_dags/example_latest_only.py
[2023-11-29T21:00:15.401+0000] {processor.py:829} INFO - Processing file /home/airflow/.local/lib/python3.8/site-packages/airflow/example_dags/example_latest_only.py for tasks to queue
[2023-11-29T21:00:15.402+0000] {logging_mixin.py:154} INFO - [2023-11-29T21:00:15.402+0000] {dagbag.py:536} INFO - Filling up the DagBag from /home/airflow/.local/lib/python3.8/site-packages/airflow/example_dags/example_latest_only.py
[2023-11-29T21:00:15.406+0000] {processor.py:839} INFO - DAG(s) dict_keys(['latest_only']) retrieved from /home/airflow/.local/lib/python3.8/site-packages/airflow/example_dags/example_latest_only.py
[2023-11-29T21:00:15.418+0000] {logging_mixin.py:154} INFO - [2023-11-29T21:00:15.418+0000] {dag.py:2941} INFO - Sync 1 DAGs
[2023-11-29T21:00:15.430+0000] {logging_mixin.py:154} INFO - [2023-11-29T21:00:15.430+0000] {dag.py:3722} INFO - Setting next_dagrun for latest_only to 2023-11-29T17:00:15.430634+00:00, run_after=2023-11-29T21:00:15.430634+00:00
[2023-11-29T21:00:15.440+0000] {processor.py:179} INFO - Processing /home/airflow/.local/lib/python3.8/site-packages/airflow/example_dags/example_latest_only.py took 0.042 seconds
[2023-11-29T21:00:46.349+0000] {processor.py:157} INFO - Started process (PID=1029) to work on /home/airflow/.local/lib/python3.8/site-packages/airflow/example_dags/example_latest_only.py
[2023-11-29T21:00:46.350+0000] {processor.py:829} INFO - Processing file /home/airflow/.local/lib/python3.8/site-packages/airflow/example_dags/example_latest_only.py for tasks to queue
[2023-11-29T21:00:46.352+0000] {logging_mixin.py:154} INFO - [2023-11-29T21:00:46.351+0000] {dagbag.py:536} INFO - Filling up the DagBag from /home/airflow/.local/lib/python3.8/site-packages/airflow/example_dags/example_latest_only.py
[2023-11-29T21:00:46.355+0000] {processor.py:839} INFO - DAG(s) dict_keys(['latest_only']) retrieved from /home/airflow/.local/lib/python3.8/site-packages/airflow/example_dags/example_latest_only.py
[2023-11-29T21:00:46.366+0000] {logging_mixin.py:154} INFO - [2023-11-29T21:00:46.366+0000] {dag.py:2941} INFO - Sync 1 DAGs
[2023-11-29T21:00:46.378+0000] {logging_mixin.py:154} INFO - [2023-11-29T21:00:46.378+0000] {dag.py:3722} INFO - Setting next_dagrun for latest_only to 2023-11-29T17:00:46.378624+00:00, run_after=2023-11-29T21:00:46.378624+00:00
[2023-11-29T21:00:46.387+0000] {processor.py:179} INFO - Processing /home/airflow/.local/lib/python3.8/site-packages/airflow/example_dags/example_latest_only.py took 0.040 seconds
[2023-11-29T21:01:17.332+0000] {processor.py:157} INFO - Started process (PID=1083) to work on /home/airflow/.local/lib/python3.8/site-packages/airflow/example_dags/example_latest_only.py
[2023-11-29T21:01:17.332+0000] {processor.py:829} INFO - Processing file /home/airflow/.local/lib/python3.8/site-packages/airflow/example_dags/example_latest_only.py for tasks to queue
[2023-11-29T21:01:17.334+0000] {logging_mixin.py:154} INFO - [2023-11-29T21:01:17.334+0000] {dagbag.py:536} INFO - Filling up the DagBag from /home/airflow/.local/lib/python3.8/site-packages/airflow/example_dags/example_latest_only.py
[2023-11-29T21:01:17.337+0000] {processor.py:839} INFO - DAG(s) dict_keys(['latest_only']) retrieved from /home/airflow/.local/lib/python3.8/site-packages/airflow/example_dags/example_latest_only.py
[2023-11-29T21:01:17.348+0000] {logging_mixin.py:154} INFO - [2023-11-29T21:01:17.348+0000] {dag.py:2941} INFO - Sync 1 DAGs
[2023-11-29T21:01:17.360+0000] {logging_mixin.py:154} INFO - [2023-11-29T21:01:17.359+0000] {dag.py:3722} INFO - Setting next_dagrun for latest_only to 2023-11-29T17:01:17.359780+00:00, run_after=2023-11-29T21:01:17.359780+00:00
[2023-11-29T21:01:17.369+0000] {processor.py:179} INFO - Processing /home/airflow/.local/lib/python3.8/site-packages/airflow/example_dags/example_latest_only.py took 0.039 seconds
[2023-11-29T21:01:48.164+0000] {processor.py:157} INFO - Started process (PID=1137) to work on /home/airflow/.local/lib/python3.8/site-packages/airflow/example_dags/example_latest_only.py
[2023-11-29T21:01:48.165+0000] {processor.py:829} INFO - Processing file /home/airflow/.local/lib/python3.8/site-packages/airflow/example_dags/example_latest_only.py for tasks to queue
[2023-11-29T21:01:48.166+0000] {logging_mixin.py:154} INFO - [2023-11-29T21:01:48.166+0000] {dagbag.py:536} INFO - Filling up the DagBag from /home/airflow/.local/lib/python3.8/site-packages/airflow/example_dags/example_latest_only.py
[2023-11-29T21:01:48.170+0000] {processor.py:839} INFO - DAG(s) dict_keys(['latest_only']) retrieved from /home/airflow/.local/lib/python3.8/site-packages/airflow/example_dags/example_latest_only.py
[2023-11-29T21:01:48.182+0000] {logging_mixin.py:154} INFO - [2023-11-29T21:01:48.182+0000] {dag.py:2941} INFO - Sync 1 DAGs
[2023-11-29T21:01:48.195+0000] {logging_mixin.py:154} INFO - [2023-11-29T21:01:48.195+0000] {dag.py:3722} INFO - Setting next_dagrun for latest_only to 2023-11-29T17:01:48.195019+00:00, run_after=2023-11-29T21:01:48.195019+00:00
[2023-11-29T21:01:48.205+0000] {processor.py:179} INFO - Processing /home/airflow/.local/lib/python3.8/site-packages/airflow/example_dags/example_latest_only.py took 0.043 seconds
[2023-11-29T21:41:09.104+0000] {processor.py:157} INFO - Started process (PID=65) to work on /home/airflow/.local/lib/python3.8/site-packages/airflow/example_dags/example_latest_only.py
[2023-11-29T21:41:09.105+0000] {processor.py:829} INFO - Processing file /home/airflow/.local/lib/python3.8/site-packages/airflow/example_dags/example_latest_only.py for tasks to queue
[2023-11-29T21:41:09.107+0000] {logging_mixin.py:154} INFO - [2023-11-29T21:41:09.107+0000] {dagbag.py:536} INFO - Filling up the DagBag from /home/airflow/.local/lib/python3.8/site-packages/airflow/example_dags/example_latest_only.py
[2023-11-29T21:41:09.111+0000] {processor.py:839} INFO - DAG(s) dict_keys(['latest_only']) retrieved from /home/airflow/.local/lib/python3.8/site-packages/airflow/example_dags/example_latest_only.py
[2023-11-29T21:41:09.173+0000] {logging_mixin.py:154} INFO - [2023-11-29T21:41:09.173+0000] {manager.py:499} INFO - Created Permission View: %s
[2023-11-29T21:41:09.179+0000] {logging_mixin.py:154} INFO - [2023-11-29T21:41:09.179+0000] {manager.py:499} INFO - Created Permission View: %s
[2023-11-29T21:41:09.182+0000] {logging_mixin.py:154} INFO - [2023-11-29T21:41:09.182+0000] {manager.py:499} INFO - Created Permission View: %s
[2023-11-29T21:41:09.183+0000] {logging_mixin.py:154} INFO - [2023-11-29T21:41:09.183+0000] {dag.py:2941} INFO - Sync 1 DAGs
[2023-11-29T21:41:09.189+0000] {logging_mixin.py:154} INFO - [2023-11-29T21:41:09.189+0000] {dag.py:2963} INFO - Creating ORM DAG for latest_only
[2023-11-29T21:41:09.194+0000] {logging_mixin.py:154} INFO - [2023-11-29T21:41:09.194+0000] {dag.py:3722} INFO - Setting next_dagrun for latest_only to 2023-11-29T17:41:09.194600+00:00, run_after=2023-11-29T21:41:09.194600+00:00
[2023-11-29T21:41:09.205+0000] {processor.py:179} INFO - Processing /home/airflow/.local/lib/python3.8/site-packages/airflow/example_dags/example_latest_only.py took 0.103 seconds
[2023-11-29T21:41:39.545+0000] {processor.py:157} INFO - Started process (PID=119) to work on /home/airflow/.local/lib/python3.8/site-packages/airflow/example_dags/example_latest_only.py
[2023-11-29T21:41:39.546+0000] {processor.py:829} INFO - Processing file /home/airflow/.local/lib/python3.8/site-packages/airflow/example_dags/example_latest_only.py for tasks to queue
[2023-11-29T21:41:39.547+0000] {logging_mixin.py:154} INFO - [2023-11-29T21:41:39.547+0000] {dagbag.py:536} INFO - Filling up the DagBag from /home/airflow/.local/lib/python3.8/site-packages/airflow/example_dags/example_latest_only.py
[2023-11-29T21:41:39.551+0000] {processor.py:839} INFO - DAG(s) dict_keys(['latest_only']) retrieved from /home/airflow/.local/lib/python3.8/site-packages/airflow/example_dags/example_latest_only.py
[2023-11-29T21:41:39.564+0000] {logging_mixin.py:154} INFO - [2023-11-29T21:41:39.564+0000] {dag.py:2941} INFO - Sync 1 DAGs
[2023-11-29T21:41:39.577+0000] {logging_mixin.py:154} INFO - [2023-11-29T21:41:39.577+0000] {dag.py:3722} INFO - Setting next_dagrun for latest_only to 2023-11-29T17:41:39.577235+00:00, run_after=2023-11-29T21:41:39.577235+00:00
[2023-11-29T21:41:39.588+0000] {processor.py:179} INFO - Processing /home/airflow/.local/lib/python3.8/site-packages/airflow/example_dags/example_latest_only.py took 0.045 seconds
[2023-11-29T21:42:10.207+0000] {processor.py:157} INFO - Started process (PID=173) to work on /home/airflow/.local/lib/python3.8/site-packages/airflow/example_dags/example_latest_only.py
[2023-11-29T21:42:10.207+0000] {processor.py:829} INFO - Processing file /home/airflow/.local/lib/python3.8/site-packages/airflow/example_dags/example_latest_only.py for tasks to queue
[2023-11-29T21:42:10.209+0000] {logging_mixin.py:154} INFO - [2023-11-29T21:42:10.209+0000] {dagbag.py:536} INFO - Filling up the DagBag from /home/airflow/.local/lib/python3.8/site-packages/airflow/example_dags/example_latest_only.py
[2023-11-29T21:42:10.213+0000] {processor.py:839} INFO - DAG(s) dict_keys(['latest_only']) retrieved from /home/airflow/.local/lib/python3.8/site-packages/airflow/example_dags/example_latest_only.py
[2023-11-29T21:42:10.226+0000] {logging_mixin.py:154} INFO - [2023-11-29T21:42:10.226+0000] {dag.py:2941} INFO - Sync 1 DAGs
[2023-11-29T21:42:10.238+0000] {logging_mixin.py:154} INFO - [2023-11-29T21:42:10.238+0000] {dag.py:3722} INFO - Setting next_dagrun for latest_only to 2023-11-29T17:42:10.238667+00:00, run_after=2023-11-29T21:42:10.238667+00:00
[2023-11-29T21:42:10.249+0000] {processor.py:179} INFO - Processing /home/airflow/.local/lib/python3.8/site-packages/airflow/example_dags/example_latest_only.py took 0.044 seconds
[2023-11-29T21:42:40.929+0000] {processor.py:157} INFO - Started process (PID=227) to work on /home/airflow/.local/lib/python3.8/site-packages/airflow/example_dags/example_latest_only.py
[2023-11-29T21:42:40.929+0000] {processor.py:829} INFO - Processing file /home/airflow/.local/lib/python3.8/site-packages/airflow/example_dags/example_latest_only.py for tasks to queue
[2023-11-29T21:42:40.931+0000] {logging_mixin.py:154} INFO - [2023-11-29T21:42:40.931+0000] {dagbag.py:536} INFO - Filling up the DagBag from /home/airflow/.local/lib/python3.8/site-packages/airflow/example_dags/example_latest_only.py
[2023-11-29T21:42:40.934+0000] {processor.py:839} INFO - DAG(s) dict_keys(['latest_only']) retrieved from /home/airflow/.local/lib/python3.8/site-packages/airflow/example_dags/example_latest_only.py
[2023-11-29T21:42:40.947+0000] {logging_mixin.py:154} INFO - [2023-11-29T21:42:40.947+0000] {dag.py:2941} INFO - Sync 1 DAGs
[2023-11-29T21:42:40.960+0000] {logging_mixin.py:154} INFO - [2023-11-29T21:42:40.960+0000] {dag.py:3722} INFO - Setting next_dagrun for latest_only to 2023-11-29T17:42:40.959889+00:00, run_after=2023-11-29T21:42:40.959889+00:00
[2023-11-29T21:42:40.969+0000] {processor.py:179} INFO - Processing /home/airflow/.local/lib/python3.8/site-packages/airflow/example_dags/example_latest_only.py took 0.043 seconds
[2023-11-29T21:43:11.123+0000] {processor.py:157} INFO - Started process (PID=281) to work on /home/airflow/.local/lib/python3.8/site-packages/airflow/example_dags/example_latest_only.py
[2023-11-29T21:43:11.124+0000] {processor.py:829} INFO - Processing file /home/airflow/.local/lib/python3.8/site-packages/airflow/example_dags/example_latest_only.py for tasks to queue
[2023-11-29T21:43:11.125+0000] {logging_mixin.py:154} INFO - [2023-11-29T21:43:11.125+0000] {dagbag.py:536} INFO - Filling up the DagBag from /home/airflow/.local/lib/python3.8/site-packages/airflow/example_dags/example_latest_only.py
[2023-11-29T21:43:11.129+0000] {processor.py:839} INFO - DAG(s) dict_keys(['latest_only']) retrieved from /home/airflow/.local/lib/python3.8/site-packages/airflow/example_dags/example_latest_only.py
[2023-11-29T21:43:11.142+0000] {logging_mixin.py:154} INFO - [2023-11-29T21:43:11.142+0000] {dag.py:2941} INFO - Sync 1 DAGs
[2023-11-29T21:43:11.154+0000] {logging_mixin.py:154} INFO - [2023-11-29T21:43:11.154+0000] {dag.py:3722} INFO - Setting next_dagrun for latest_only to 2023-11-29T17:43:11.154534+00:00, run_after=2023-11-29T21:43:11.154534+00:00
[2023-11-29T21:43:11.164+0000] {processor.py:179} INFO - Processing /home/airflow/.local/lib/python3.8/site-packages/airflow/example_dags/example_latest_only.py took 0.044 seconds
[2023-11-29T21:43:41.249+0000] {processor.py:157} INFO - Started process (PID=335) to work on /home/airflow/.local/lib/python3.8/site-packages/airflow/example_dags/example_latest_only.py
[2023-11-29T21:43:41.250+0000] {processor.py:829} INFO - Processing file /home/airflow/.local/lib/python3.8/site-packages/airflow/example_dags/example_latest_only.py for tasks to queue
[2023-11-29T21:43:41.251+0000] {logging_mixin.py:154} INFO - [2023-11-29T21:43:41.251+0000] {dagbag.py:536} INFO - Filling up the DagBag from /home/airflow/.local/lib/python3.8/site-packages/airflow/example_dags/example_latest_only.py
[2023-11-29T21:43:41.255+0000] {processor.py:839} INFO - DAG(s) dict_keys(['latest_only']) retrieved from /home/airflow/.local/lib/python3.8/site-packages/airflow/example_dags/example_latest_only.py
[2023-11-29T21:43:41.268+0000] {logging_mixin.py:154} INFO - [2023-11-29T21:43:41.268+0000] {dag.py:2941} INFO - Sync 1 DAGs
[2023-11-29T21:43:41.281+0000] {logging_mixin.py:154} INFO - [2023-11-29T21:43:41.281+0000] {dag.py:3722} INFO - Setting next_dagrun for latest_only to 2023-11-29T17:43:41.281150+00:00, run_after=2023-11-29T21:43:41.281150+00:00
[2023-11-29T21:43:41.291+0000] {processor.py:179} INFO - Processing /home/airflow/.local/lib/python3.8/site-packages/airflow/example_dags/example_latest_only.py took 0.044 seconds
[2023-11-29T21:44:11.482+0000] {processor.py:157} INFO - Started process (PID=389) to work on /home/airflow/.local/lib/python3.8/site-packages/airflow/example_dags/example_latest_only.py
[2023-11-29T21:44:11.482+0000] {processor.py:829} INFO - Processing file /home/airflow/.local/lib/python3.8/site-packages/airflow/example_dags/example_latest_only.py for tasks to queue
[2023-11-29T21:44:11.484+0000] {logging_mixin.py:154} INFO - [2023-11-29T21:44:11.484+0000] {dagbag.py:536} INFO - Filling up the DagBag from /home/airflow/.local/lib/python3.8/site-packages/airflow/example_dags/example_latest_only.py
[2023-11-29T21:44:11.487+0000] {processor.py:839} INFO - DAG(s) dict_keys(['latest_only']) retrieved from /home/airflow/.local/lib/python3.8/site-packages/airflow/example_dags/example_latest_only.py
[2023-11-29T21:44:11.500+0000] {logging_mixin.py:154} INFO - [2023-11-29T21:44:11.500+0000] {dag.py:2941} INFO - Sync 1 DAGs
[2023-11-29T21:44:11.512+0000] {logging_mixin.py:154} INFO - [2023-11-29T21:44:11.512+0000] {dag.py:3722} INFO - Setting next_dagrun for latest_only to 2023-11-29T17:44:11.512628+00:00, run_after=2023-11-29T21:44:11.512628+00:00
[2023-11-29T21:44:11.523+0000] {processor.py:179} INFO - Processing /home/airflow/.local/lib/python3.8/site-packages/airflow/example_dags/example_latest_only.py took 0.044 seconds
[2023-11-29T21:44:41.747+0000] {processor.py:157} INFO - Started process (PID=443) to work on /home/airflow/.local/lib/python3.8/site-packages/airflow/example_dags/example_latest_only.py
[2023-11-29T21:44:41.748+0000] {processor.py:829} INFO - Processing file /home/airflow/.local/lib/python3.8/site-packages/airflow/example_dags/example_latest_only.py for tasks to queue
[2023-11-29T21:44:41.750+0000] {logging_mixin.py:154} INFO - [2023-11-29T21:44:41.750+0000] {dagbag.py:536} INFO - Filling up the DagBag from /home/airflow/.local/lib/python3.8/site-packages/airflow/example_dags/example_latest_only.py
[2023-11-29T21:44:41.754+0000] {processor.py:839} INFO - DAG(s) dict_keys(['latest_only']) retrieved from /home/airflow/.local/lib/python3.8/site-packages/airflow/example_dags/example_latest_only.py
[2023-11-29T21:44:41.767+0000] {logging_mixin.py:154} INFO - [2023-11-29T21:44:41.767+0000] {dag.py:2941} INFO - Sync 1 DAGs
[2023-11-29T21:44:41.780+0000] {logging_mixin.py:154} INFO - [2023-11-29T21:44:41.780+0000] {dag.py:3722} INFO - Setting next_dagrun for latest_only to 2023-11-29T17:44:41.780168+00:00, run_after=2023-11-29T21:44:41.780168+00:00
[2023-11-29T21:44:41.790+0000] {processor.py:179} INFO - Processing /home/airflow/.local/lib/python3.8/site-packages/airflow/example_dags/example_latest_only.py took 0.045 seconds
[2023-11-29T21:45:11.917+0000] {processor.py:157} INFO - Started process (PID=497) to work on /home/airflow/.local/lib/python3.8/site-packages/airflow/example_dags/example_latest_only.py
[2023-11-29T21:45:11.918+0000] {processor.py:829} INFO - Processing file /home/airflow/.local/lib/python3.8/site-packages/airflow/example_dags/example_latest_only.py for tasks to queue
[2023-11-29T21:45:11.920+0000] {logging_mixin.py:154} INFO - [2023-11-29T21:45:11.919+0000] {dagbag.py:536} INFO - Filling up the DagBag from /home/airflow/.local/lib/python3.8/site-packages/airflow/example_dags/example_latest_only.py
[2023-11-29T21:45:11.923+0000] {processor.py:839} INFO - DAG(s) dict_keys(['latest_only']) retrieved from /home/airflow/.local/lib/python3.8/site-packages/airflow/example_dags/example_latest_only.py
[2023-11-29T21:45:11.936+0000] {logging_mixin.py:154} INFO - [2023-11-29T21:45:11.936+0000] {dag.py:2941} INFO - Sync 1 DAGs
[2023-11-29T21:45:11.950+0000] {logging_mixin.py:154} INFO - [2023-11-29T21:45:11.950+0000] {dag.py:3722} INFO - Setting next_dagrun for latest_only to 2023-11-29T17:45:11.949998+00:00, run_after=2023-11-29T21:45:11.949998+00:00
[2023-11-29T21:45:11.960+0000] {processor.py:179} INFO - Processing /home/airflow/.local/lib/python3.8/site-packages/airflow/example_dags/example_latest_only.py took 0.045 seconds
[2023-11-29T21:45:42.042+0000] {processor.py:157} INFO - Started process (PID=551) to work on /home/airflow/.local/lib/python3.8/site-packages/airflow/example_dags/example_latest_only.py
[2023-11-29T21:45:42.043+0000] {processor.py:829} INFO - Processing file /home/airflow/.local/lib/python3.8/site-packages/airflow/example_dags/example_latest_only.py for tasks to queue
[2023-11-29T21:45:42.045+0000] {logging_mixin.py:154} INFO - [2023-11-29T21:45:42.045+0000] {dagbag.py:536} INFO - Filling up the DagBag from /home/airflow/.local/lib/python3.8/site-packages/airflow/example_dags/example_latest_only.py
[2023-11-29T21:45:42.048+0000] {processor.py:839} INFO - DAG(s) dict_keys(['latest_only']) retrieved from /home/airflow/.local/lib/python3.8/site-packages/airflow/example_dags/example_latest_only.py
[2023-11-29T21:45:42.061+0000] {logging_mixin.py:154} INFO - [2023-11-29T21:45:42.061+0000] {dag.py:2941} INFO - Sync 1 DAGs
[2023-11-29T21:45:42.074+0000] {logging_mixin.py:154} INFO - [2023-11-29T21:45:42.074+0000] {dag.py:3722} INFO - Setting next_dagrun for latest_only to 2023-11-29T17:45:42.074501+00:00, run_after=2023-11-29T21:45:42.074501+00:00
[2023-11-29T21:45:42.087+0000] {processor.py:179} INFO - Processing /home/airflow/.local/lib/python3.8/site-packages/airflow/example_dags/example_latest_only.py took 0.047 seconds
[2023-11-29T21:46:13.220+0000] {processor.py:157} INFO - Started process (PID=605) to work on /home/airflow/.local/lib/python3.8/site-packages/airflow/example_dags/example_latest_only.py
[2023-11-29T21:46:13.221+0000] {processor.py:829} INFO - Processing file /home/airflow/.local/lib/python3.8/site-packages/airflow/example_dags/example_latest_only.py for tasks to queue
[2023-11-29T21:46:13.222+0000] {logging_mixin.py:154} INFO - [2023-11-29T21:46:13.222+0000] {dagbag.py:536} INFO - Filling up the DagBag from /home/airflow/.local/lib/python3.8/site-packages/airflow/example_dags/example_latest_only.py
[2023-11-29T21:46:13.226+0000] {processor.py:839} INFO - DAG(s) dict_keys(['latest_only']) retrieved from /home/airflow/.local/lib/python3.8/site-packages/airflow/example_dags/example_latest_only.py
[2023-11-29T21:46:13.238+0000] {logging_mixin.py:154} INFO - [2023-11-29T21:46:13.238+0000] {dag.py:2941} INFO - Sync 1 DAGs
[2023-11-29T21:46:13.250+0000] {logging_mixin.py:154} INFO - [2023-11-29T21:46:13.250+0000] {dag.py:3722} INFO - Setting next_dagrun for latest_only to 2023-11-29T17:46:13.250493+00:00, run_after=2023-11-29T21:46:13.250493+00:00
[2023-11-29T21:46:13.261+0000] {processor.py:179} INFO - Processing /home/airflow/.local/lib/python3.8/site-packages/airflow/example_dags/example_latest_only.py took 0.043 seconds
[2023-11-29T21:46:44.296+0000] {processor.py:157} INFO - Started process (PID=659) to work on /home/airflow/.local/lib/python3.8/site-packages/airflow/example_dags/example_latest_only.py
[2023-11-29T21:46:44.296+0000] {processor.py:829} INFO - Processing file /home/airflow/.local/lib/python3.8/site-packages/airflow/example_dags/example_latest_only.py for tasks to queue
[2023-11-29T21:46:44.298+0000] {logging_mixin.py:154} INFO - [2023-11-29T21:46:44.298+0000] {dagbag.py:536} INFO - Filling up the DagBag from /home/airflow/.local/lib/python3.8/site-packages/airflow/example_dags/example_latest_only.py
[2023-11-29T21:46:44.301+0000] {processor.py:839} INFO - DAG(s) dict_keys(['latest_only']) retrieved from /home/airflow/.local/lib/python3.8/site-packages/airflow/example_dags/example_latest_only.py
[2023-11-29T21:46:44.315+0000] {logging_mixin.py:154} INFO - [2023-11-29T21:46:44.315+0000] {dag.py:2941} INFO - Sync 1 DAGs
[2023-11-29T21:46:44.327+0000] {logging_mixin.py:154} INFO - [2023-11-29T21:46:44.327+0000] {dag.py:3722} INFO - Setting next_dagrun for latest_only to 2023-11-29T17:46:44.327339+00:00, run_after=2023-11-29T21:46:44.327339+00:00
[2023-11-29T21:46:44.337+0000] {processor.py:179} INFO - Processing /home/airflow/.local/lib/python3.8/site-packages/airflow/example_dags/example_latest_only.py took 0.044 seconds
[2023-11-29T21:47:14.365+0000] {processor.py:157} INFO - Started process (PID=713) to work on /home/airflow/.local/lib/python3.8/site-packages/airflow/example_dags/example_latest_only.py
[2023-11-29T21:47:14.365+0000] {processor.py:829} INFO - Processing file /home/airflow/.local/lib/python3.8/site-packages/airflow/example_dags/example_latest_only.py for tasks to queue
[2023-11-29T21:47:14.367+0000] {logging_mixin.py:154} INFO - [2023-11-29T21:47:14.367+0000] {dagbag.py:536} INFO - Filling up the DagBag from /home/airflow/.local/lib/python3.8/site-packages/airflow/example_dags/example_latest_only.py
[2023-11-29T21:47:14.370+0000] {processor.py:839} INFO - DAG(s) dict_keys(['latest_only']) retrieved from /home/airflow/.local/lib/python3.8/site-packages/airflow/example_dags/example_latest_only.py
[2023-11-29T21:47:14.383+0000] {logging_mixin.py:154} INFO - [2023-11-29T21:47:14.383+0000] {dag.py:2941} INFO - Sync 1 DAGs
[2023-11-29T21:47:14.395+0000] {logging_mixin.py:154} INFO - [2023-11-29T21:47:14.395+0000] {dag.py:3722} INFO - Setting next_dagrun for latest_only to 2023-11-29T17:47:14.395431+00:00, run_after=2023-11-29T21:47:14.395431+00:00
[2023-11-29T21:47:14.406+0000] {processor.py:179} INFO - Processing /home/airflow/.local/lib/python3.8/site-packages/airflow/example_dags/example_latest_only.py took 0.043 seconds
[2023-11-29T21:47:44.555+0000] {processor.py:157} INFO - Started process (PID=767) to work on /home/airflow/.local/lib/python3.8/site-packages/airflow/example_dags/example_latest_only.py
[2023-11-29T21:47:44.556+0000] {processor.py:829} INFO - Processing file /home/airflow/.local/lib/python3.8/site-packages/airflow/example_dags/example_latest_only.py for tasks to queue
[2023-11-29T21:47:44.558+0000] {logging_mixin.py:154} INFO - [2023-11-29T21:47:44.558+0000] {dagbag.py:536} INFO - Filling up the DagBag from /home/airflow/.local/lib/python3.8/site-packages/airflow/example_dags/example_latest_only.py
[2023-11-29T21:47:44.561+0000] {processor.py:839} INFO - DAG(s) dict_keys(['latest_only']) retrieved from /home/airflow/.local/lib/python3.8/site-packages/airflow/example_dags/example_latest_only.py
[2023-11-29T21:47:44.574+0000] {logging_mixin.py:154} INFO - [2023-11-29T21:47:44.574+0000] {dag.py:2941} INFO - Sync 1 DAGs
[2023-11-29T21:47:44.587+0000] {logging_mixin.py:154} INFO - [2023-11-29T21:47:44.587+0000] {dag.py:3722} INFO - Setting next_dagrun for latest_only to 2023-11-29T17:47:44.586850+00:00, run_after=2023-11-29T21:47:44.586850+00:00
[2023-11-29T21:47:44.596+0000] {processor.py:179} INFO - Processing /home/airflow/.local/lib/python3.8/site-packages/airflow/example_dags/example_latest_only.py took 0.043 seconds
