[2023-11-29T20:51:38.205+0000] {processor.py:157} INFO - Started process (PID=41) to work on /home/airflow/.local/lib/python3.8/site-packages/airflow/example_dags/example_trigger_target_dag.py
[2023-11-29T20:51:38.206+0000] {processor.py:829} INFO - Processing file /home/airflow/.local/lib/python3.8/site-packages/airflow/example_dags/example_trigger_target_dag.py for tasks to queue
[2023-11-29T20:51:38.208+0000] {logging_mixin.py:154} INFO - [2023-11-29T20:51:38.208+0000] {dagbag.py:536} INFO - Filling up the DagBag from /home/airflow/.local/lib/python3.8/site-packages/airflow/example_dags/example_trigger_target_dag.py
[2023-11-29T20:51:38.215+0000] {processor.py:839} INFO - DAG(s) dict_keys(['example_trigger_target_dag']) retrieved from /home/airflow/.local/lib/python3.8/site-packages/airflow/example_dags/example_trigger_target_dag.py
[2023-11-29T20:51:38.288+0000] {logging_mixin.py:154} INFO - [2023-11-29T20:51:38.288+0000] {dag.py:2941} INFO - Sync 1 DAGs
[2023-11-29T20:51:38.296+0000] {logging_mixin.py:154} INFO - [2023-11-29T20:51:38.296+0000] {dag.py:3722} INFO - Setting next_dagrun for example_trigger_target_dag to None, run_after=None
[2023-11-29T20:51:38.309+0000] {processor.py:179} INFO - Processing /home/airflow/.local/lib/python3.8/site-packages/airflow/example_dags/example_trigger_target_dag.py took 0.106 seconds
[2023-11-29T20:52:09.336+0000] {processor.py:157} INFO - Started process (PID=95) to work on /home/airflow/.local/lib/python3.8/site-packages/airflow/example_dags/example_trigger_target_dag.py
[2023-11-29T20:52:09.337+0000] {processor.py:829} INFO - Processing file /home/airflow/.local/lib/python3.8/site-packages/airflow/example_dags/example_trigger_target_dag.py for tasks to queue
[2023-11-29T20:52:09.340+0000] {logging_mixin.py:154} INFO - [2023-11-29T20:52:09.340+0000] {dagbag.py:536} INFO - Filling up the DagBag from /home/airflow/.local/lib/python3.8/site-packages/airflow/example_dags/example_trigger_target_dag.py
[2023-11-29T20:52:09.346+0000] {processor.py:839} INFO - DAG(s) dict_keys(['example_trigger_target_dag']) retrieved from /home/airflow/.local/lib/python3.8/site-packages/airflow/example_dags/example_trigger_target_dag.py
[2023-11-29T20:52:09.357+0000] {logging_mixin.py:154} INFO - [2023-11-29T20:52:09.356+0000] {dag.py:2941} INFO - Sync 1 DAGs
[2023-11-29T20:52:09.367+0000] {logging_mixin.py:154} INFO - [2023-11-29T20:52:09.366+0000] {dag.py:3722} INFO - Setting next_dagrun for example_trigger_target_dag to None, run_after=None
[2023-11-29T20:52:09.380+0000] {processor.py:179} INFO - Processing /home/airflow/.local/lib/python3.8/site-packages/airflow/example_dags/example_trigger_target_dag.py took 0.049 seconds
[2023-11-29T20:52:40.124+0000] {processor.py:157} INFO - Started process (PID=149) to work on /home/airflow/.local/lib/python3.8/site-packages/airflow/example_dags/example_trigger_target_dag.py
[2023-11-29T20:52:40.125+0000] {processor.py:829} INFO - Processing file /home/airflow/.local/lib/python3.8/site-packages/airflow/example_dags/example_trigger_target_dag.py for tasks to queue
[2023-11-29T20:52:40.127+0000] {logging_mixin.py:154} INFO - [2023-11-29T20:52:40.127+0000] {dagbag.py:536} INFO - Filling up the DagBag from /home/airflow/.local/lib/python3.8/site-packages/airflow/example_dags/example_trigger_target_dag.py
[2023-11-29T20:52:40.134+0000] {processor.py:839} INFO - DAG(s) dict_keys(['example_trigger_target_dag']) retrieved from /home/airflow/.local/lib/python3.8/site-packages/airflow/example_dags/example_trigger_target_dag.py
[2023-11-29T20:52:40.150+0000] {logging_mixin.py:154} INFO - [2023-11-29T20:52:40.150+0000] {dag.py:2941} INFO - Sync 1 DAGs
[2023-11-29T20:52:40.158+0000] {logging_mixin.py:154} INFO - [2023-11-29T20:52:40.158+0000] {dag.py:3722} INFO - Setting next_dagrun for example_trigger_target_dag to None, run_after=None
[2023-11-29T20:52:40.168+0000] {processor.py:179} INFO - Processing /home/airflow/.local/lib/python3.8/site-packages/airflow/example_dags/example_trigger_target_dag.py took 0.049 seconds
[2023-11-29T20:53:10.273+0000] {processor.py:157} INFO - Started process (PID=203) to work on /home/airflow/.local/lib/python3.8/site-packages/airflow/example_dags/example_trigger_target_dag.py
[2023-11-29T20:53:10.275+0000] {processor.py:829} INFO - Processing file /home/airflow/.local/lib/python3.8/site-packages/airflow/example_dags/example_trigger_target_dag.py for tasks to queue
[2023-11-29T20:53:10.278+0000] {logging_mixin.py:154} INFO - [2023-11-29T20:53:10.278+0000] {dagbag.py:536} INFO - Filling up the DagBag from /home/airflow/.local/lib/python3.8/site-packages/airflow/example_dags/example_trigger_target_dag.py
[2023-11-29T20:53:10.285+0000] {processor.py:839} INFO - DAG(s) dict_keys(['example_trigger_target_dag']) retrieved from /home/airflow/.local/lib/python3.8/site-packages/airflow/example_dags/example_trigger_target_dag.py
[2023-11-29T20:53:10.301+0000] {logging_mixin.py:154} INFO - [2023-11-29T20:53:10.301+0000] {dag.py:2941} INFO - Sync 1 DAGs
[2023-11-29T20:53:10.309+0000] {logging_mixin.py:154} INFO - [2023-11-29T20:53:10.309+0000] {dag.py:3722} INFO - Setting next_dagrun for example_trigger_target_dag to None, run_after=None
[2023-11-29T20:53:10.320+0000] {processor.py:179} INFO - Processing /home/airflow/.local/lib/python3.8/site-packages/airflow/example_dags/example_trigger_target_dag.py took 0.053 seconds
[2023-11-29T20:53:40.411+0000] {processor.py:157} INFO - Started process (PID=257) to work on /home/airflow/.local/lib/python3.8/site-packages/airflow/example_dags/example_trigger_target_dag.py
[2023-11-29T20:53:40.413+0000] {processor.py:829} INFO - Processing file /home/airflow/.local/lib/python3.8/site-packages/airflow/example_dags/example_trigger_target_dag.py for tasks to queue
[2023-11-29T20:53:40.415+0000] {logging_mixin.py:154} INFO - [2023-11-29T20:53:40.415+0000] {dagbag.py:536} INFO - Filling up the DagBag from /home/airflow/.local/lib/python3.8/site-packages/airflow/example_dags/example_trigger_target_dag.py
[2023-11-29T20:53:40.421+0000] {processor.py:839} INFO - DAG(s) dict_keys(['example_trigger_target_dag']) retrieved from /home/airflow/.local/lib/python3.8/site-packages/airflow/example_dags/example_trigger_target_dag.py
[2023-11-29T20:53:40.435+0000] {logging_mixin.py:154} INFO - [2023-11-29T20:53:40.435+0000] {dag.py:2941} INFO - Sync 1 DAGs
[2023-11-29T20:53:40.444+0000] {logging_mixin.py:154} INFO - [2023-11-29T20:53:40.444+0000] {dag.py:3722} INFO - Setting next_dagrun for example_trigger_target_dag to None, run_after=None
[2023-11-29T20:53:40.455+0000] {processor.py:179} INFO - Processing /home/airflow/.local/lib/python3.8/site-packages/airflow/example_dags/example_trigger_target_dag.py took 0.049 seconds
[2023-11-29T20:54:10.519+0000] {processor.py:157} INFO - Started process (PID=311) to work on /home/airflow/.local/lib/python3.8/site-packages/airflow/example_dags/example_trigger_target_dag.py
[2023-11-29T20:54:10.521+0000] {processor.py:829} INFO - Processing file /home/airflow/.local/lib/python3.8/site-packages/airflow/example_dags/example_trigger_target_dag.py for tasks to queue
[2023-11-29T20:54:10.524+0000] {logging_mixin.py:154} INFO - [2023-11-29T20:54:10.524+0000] {dagbag.py:536} INFO - Filling up the DagBag from /home/airflow/.local/lib/python3.8/site-packages/airflow/example_dags/example_trigger_target_dag.py
[2023-11-29T20:54:10.532+0000] {processor.py:839} INFO - DAG(s) dict_keys(['example_trigger_target_dag']) retrieved from /home/airflow/.local/lib/python3.8/site-packages/airflow/example_dags/example_trigger_target_dag.py
[2023-11-29T20:54:10.550+0000] {logging_mixin.py:154} INFO - [2023-11-29T20:54:10.550+0000] {dag.py:2941} INFO - Sync 1 DAGs
[2023-11-29T20:54:10.558+0000] {logging_mixin.py:154} INFO - [2023-11-29T20:54:10.558+0000] {dag.py:3722} INFO - Setting next_dagrun for example_trigger_target_dag to None, run_after=None
[2023-11-29T20:54:10.569+0000] {processor.py:179} INFO - Processing /home/airflow/.local/lib/python3.8/site-packages/airflow/example_dags/example_trigger_target_dag.py took 0.056 seconds
[2023-11-29T20:54:40.608+0000] {processor.py:157} INFO - Started process (PID=365) to work on /home/airflow/.local/lib/python3.8/site-packages/airflow/example_dags/example_trigger_target_dag.py
[2023-11-29T20:54:40.609+0000] {processor.py:829} INFO - Processing file /home/airflow/.local/lib/python3.8/site-packages/airflow/example_dags/example_trigger_target_dag.py for tasks to queue
[2023-11-29T20:54:40.612+0000] {logging_mixin.py:154} INFO - [2023-11-29T20:54:40.612+0000] {dagbag.py:536} INFO - Filling up the DagBag from /home/airflow/.local/lib/python3.8/site-packages/airflow/example_dags/example_trigger_target_dag.py
[2023-11-29T20:54:40.618+0000] {processor.py:839} INFO - DAG(s) dict_keys(['example_trigger_target_dag']) retrieved from /home/airflow/.local/lib/python3.8/site-packages/airflow/example_dags/example_trigger_target_dag.py
[2023-11-29T20:54:40.637+0000] {logging_mixin.py:154} INFO - [2023-11-29T20:54:40.636+0000] {dag.py:2941} INFO - Sync 1 DAGs
[2023-11-29T20:54:40.645+0000] {logging_mixin.py:154} INFO - [2023-11-29T20:54:40.645+0000] {dag.py:3722} INFO - Setting next_dagrun for example_trigger_target_dag to None, run_after=None
[2023-11-29T20:54:40.657+0000] {processor.py:179} INFO - Processing /home/airflow/.local/lib/python3.8/site-packages/airflow/example_dags/example_trigger_target_dag.py took 0.054 seconds
[2023-11-29T20:55:10.703+0000] {processor.py:157} INFO - Started process (PID=419) to work on /home/airflow/.local/lib/python3.8/site-packages/airflow/example_dags/example_trigger_target_dag.py
[2023-11-29T20:55:10.704+0000] {processor.py:829} INFO - Processing file /home/airflow/.local/lib/python3.8/site-packages/airflow/example_dags/example_trigger_target_dag.py for tasks to queue
[2023-11-29T20:55:10.705+0000] {logging_mixin.py:154} INFO - [2023-11-29T20:55:10.705+0000] {dagbag.py:536} INFO - Filling up the DagBag from /home/airflow/.local/lib/python3.8/site-packages/airflow/example_dags/example_trigger_target_dag.py
[2023-11-29T20:55:10.709+0000] {processor.py:839} INFO - DAG(s) dict_keys(['example_trigger_target_dag']) retrieved from /home/airflow/.local/lib/python3.8/site-packages/airflow/example_dags/example_trigger_target_dag.py
[2023-11-29T20:55:10.722+0000] {logging_mixin.py:154} INFO - [2023-11-29T20:55:10.721+0000] {dag.py:2941} INFO - Sync 1 DAGs
[2023-11-29T20:55:10.730+0000] {logging_mixin.py:154} INFO - [2023-11-29T20:55:10.729+0000] {dag.py:3722} INFO - Setting next_dagrun for example_trigger_target_dag to None, run_after=None
[2023-11-29T20:55:10.741+0000] {processor.py:179} INFO - Processing /home/airflow/.local/lib/python3.8/site-packages/airflow/example_dags/example_trigger_target_dag.py took 0.041 seconds
[2023-11-29T20:55:40.788+0000] {processor.py:157} INFO - Started process (PID=473) to work on /home/airflow/.local/lib/python3.8/site-packages/airflow/example_dags/example_trigger_target_dag.py
[2023-11-29T20:55:40.789+0000] {processor.py:829} INFO - Processing file /home/airflow/.local/lib/python3.8/site-packages/airflow/example_dags/example_trigger_target_dag.py for tasks to queue
[2023-11-29T20:55:40.790+0000] {logging_mixin.py:154} INFO - [2023-11-29T20:55:40.790+0000] {dagbag.py:536} INFO - Filling up the DagBag from /home/airflow/.local/lib/python3.8/site-packages/airflow/example_dags/example_trigger_target_dag.py
[2023-11-29T20:55:40.794+0000] {processor.py:839} INFO - DAG(s) dict_keys(['example_trigger_target_dag']) retrieved from /home/airflow/.local/lib/python3.8/site-packages/airflow/example_dags/example_trigger_target_dag.py
[2023-11-29T20:55:40.807+0000] {logging_mixin.py:154} INFO - [2023-11-29T20:55:40.806+0000] {dag.py:2941} INFO - Sync 1 DAGs
[2023-11-29T20:55:40.814+0000] {logging_mixin.py:154} INFO - [2023-11-29T20:55:40.814+0000] {dag.py:3722} INFO - Setting next_dagrun for example_trigger_target_dag to None, run_after=None
[2023-11-29T20:55:40.825+0000] {processor.py:179} INFO - Processing /home/airflow/.local/lib/python3.8/site-packages/airflow/example_dags/example_trigger_target_dag.py took 0.039 seconds
[2023-11-29T20:56:10.962+0000] {processor.py:157} INFO - Started process (PID=527) to work on /home/airflow/.local/lib/python3.8/site-packages/airflow/example_dags/example_trigger_target_dag.py
[2023-11-29T20:56:10.964+0000] {processor.py:829} INFO - Processing file /home/airflow/.local/lib/python3.8/site-packages/airflow/example_dags/example_trigger_target_dag.py for tasks to queue
[2023-11-29T20:56:10.967+0000] {logging_mixin.py:154} INFO - [2023-11-29T20:56:10.966+0000] {dagbag.py:536} INFO - Filling up the DagBag from /home/airflow/.local/lib/python3.8/site-packages/airflow/example_dags/example_trigger_target_dag.py
[2023-11-29T20:56:10.975+0000] {processor.py:839} INFO - DAG(s) dict_keys(['example_trigger_target_dag']) retrieved from /home/airflow/.local/lib/python3.8/site-packages/airflow/example_dags/example_trigger_target_dag.py
[2023-11-29T20:56:10.991+0000] {logging_mixin.py:154} INFO - [2023-11-29T20:56:10.991+0000] {dag.py:2941} INFO - Sync 1 DAGs
[2023-11-29T20:56:10.999+0000] {logging_mixin.py:154} INFO - [2023-11-29T20:56:10.999+0000] {dag.py:3722} INFO - Setting next_dagrun for example_trigger_target_dag to None, run_after=None
[2023-11-29T20:56:11.009+0000] {processor.py:179} INFO - Processing /home/airflow/.local/lib/python3.8/site-packages/airflow/example_dags/example_trigger_target_dag.py took 0.053 seconds
[2023-11-29T20:56:41.892+0000] {processor.py:157} INFO - Started process (PID=581) to work on /home/airflow/.local/lib/python3.8/site-packages/airflow/example_dags/example_trigger_target_dag.py
[2023-11-29T20:56:41.893+0000] {processor.py:829} INFO - Processing file /home/airflow/.local/lib/python3.8/site-packages/airflow/example_dags/example_trigger_target_dag.py for tasks to queue
[2023-11-29T20:56:41.896+0000] {logging_mixin.py:154} INFO - [2023-11-29T20:56:41.896+0000] {dagbag.py:536} INFO - Filling up the DagBag from /home/airflow/.local/lib/python3.8/site-packages/airflow/example_dags/example_trigger_target_dag.py
[2023-11-29T20:56:41.900+0000] {processor.py:839} INFO - DAG(s) dict_keys(['example_trigger_target_dag']) retrieved from /home/airflow/.local/lib/python3.8/site-packages/airflow/example_dags/example_trigger_target_dag.py
[2023-11-29T20:56:41.914+0000] {logging_mixin.py:154} INFO - [2023-11-29T20:56:41.914+0000] {dag.py:2941} INFO - Sync 1 DAGs
[2023-11-29T20:56:41.921+0000] {logging_mixin.py:154} INFO - [2023-11-29T20:56:41.921+0000] {dag.py:3722} INFO - Setting next_dagrun for example_trigger_target_dag to None, run_after=None
[2023-11-29T20:56:41.933+0000] {processor.py:179} INFO - Processing /home/airflow/.local/lib/python3.8/site-packages/airflow/example_dags/example_trigger_target_dag.py took 0.044 seconds
[2023-11-29T20:57:11.945+0000] {processor.py:157} INFO - Started process (PID=635) to work on /home/airflow/.local/lib/python3.8/site-packages/airflow/example_dags/example_trigger_target_dag.py
[2023-11-29T20:57:11.945+0000] {processor.py:829} INFO - Processing file /home/airflow/.local/lib/python3.8/site-packages/airflow/example_dags/example_trigger_target_dag.py for tasks to queue
[2023-11-29T20:57:11.947+0000] {logging_mixin.py:154} INFO - [2023-11-29T20:57:11.947+0000] {dagbag.py:536} INFO - Filling up the DagBag from /home/airflow/.local/lib/python3.8/site-packages/airflow/example_dags/example_trigger_target_dag.py
[2023-11-29T20:57:11.951+0000] {processor.py:839} INFO - DAG(s) dict_keys(['example_trigger_target_dag']) retrieved from /home/airflow/.local/lib/python3.8/site-packages/airflow/example_dags/example_trigger_target_dag.py
[2023-11-29T20:57:11.964+0000] {logging_mixin.py:154} INFO - [2023-11-29T20:57:11.963+0000] {dag.py:2941} INFO - Sync 1 DAGs
[2023-11-29T20:57:11.970+0000] {logging_mixin.py:154} INFO - [2023-11-29T20:57:11.970+0000] {dag.py:3722} INFO - Setting next_dagrun for example_trigger_target_dag to None, run_after=None
[2023-11-29T20:57:11.979+0000] {processor.py:179} INFO - Processing /home/airflow/.local/lib/python3.8/site-packages/airflow/example_dags/example_trigger_target_dag.py took 0.037 seconds
[2023-11-29T20:57:42.094+0000] {processor.py:157} INFO - Started process (PID=689) to work on /home/airflow/.local/lib/python3.8/site-packages/airflow/example_dags/example_trigger_target_dag.py
[2023-11-29T20:57:42.094+0000] {processor.py:829} INFO - Processing file /home/airflow/.local/lib/python3.8/site-packages/airflow/example_dags/example_trigger_target_dag.py for tasks to queue
[2023-11-29T20:57:42.096+0000] {logging_mixin.py:154} INFO - [2023-11-29T20:57:42.096+0000] {dagbag.py:536} INFO - Filling up the DagBag from /home/airflow/.local/lib/python3.8/site-packages/airflow/example_dags/example_trigger_target_dag.py
[2023-11-29T20:57:42.100+0000] {processor.py:839} INFO - DAG(s) dict_keys(['example_trigger_target_dag']) retrieved from /home/airflow/.local/lib/python3.8/site-packages/airflow/example_dags/example_trigger_target_dag.py
[2023-11-29T20:57:42.112+0000] {logging_mixin.py:154} INFO - [2023-11-29T20:57:42.112+0000] {dag.py:2941} INFO - Sync 1 DAGs
[2023-11-29T20:57:42.119+0000] {logging_mixin.py:154} INFO - [2023-11-29T20:57:42.119+0000] {dag.py:3722} INFO - Setting next_dagrun for example_trigger_target_dag to None, run_after=None
[2023-11-29T20:57:42.129+0000] {processor.py:179} INFO - Processing /home/airflow/.local/lib/python3.8/site-packages/airflow/example_dags/example_trigger_target_dag.py took 0.038 seconds
[2023-11-29T20:58:12.221+0000] {processor.py:157} INFO - Started process (PID=743) to work on /home/airflow/.local/lib/python3.8/site-packages/airflow/example_dags/example_trigger_target_dag.py
[2023-11-29T20:58:12.221+0000] {processor.py:829} INFO - Processing file /home/airflow/.local/lib/python3.8/site-packages/airflow/example_dags/example_trigger_target_dag.py for tasks to queue
[2023-11-29T20:58:12.223+0000] {logging_mixin.py:154} INFO - [2023-11-29T20:58:12.222+0000] {dagbag.py:536} INFO - Filling up the DagBag from /home/airflow/.local/lib/python3.8/site-packages/airflow/example_dags/example_trigger_target_dag.py
[2023-11-29T20:58:12.227+0000] {processor.py:839} INFO - DAG(s) dict_keys(['example_trigger_target_dag']) retrieved from /home/airflow/.local/lib/python3.8/site-packages/airflow/example_dags/example_trigger_target_dag.py
[2023-11-29T20:58:12.239+0000] {logging_mixin.py:154} INFO - [2023-11-29T20:58:12.239+0000] {dag.py:2941} INFO - Sync 1 DAGs
[2023-11-29T20:58:12.247+0000] {logging_mixin.py:154} INFO - [2023-11-29T20:58:12.247+0000] {dag.py:3722} INFO - Setting next_dagrun for example_trigger_target_dag to None, run_after=None
[2023-11-29T20:58:12.258+0000] {processor.py:179} INFO - Processing /home/airflow/.local/lib/python3.8/site-packages/airflow/example_dags/example_trigger_target_dag.py took 0.040 seconds
[2023-11-29T20:58:42.349+0000] {processor.py:157} INFO - Started process (PID=797) to work on /home/airflow/.local/lib/python3.8/site-packages/airflow/example_dags/example_trigger_target_dag.py
[2023-11-29T20:58:42.349+0000] {processor.py:829} INFO - Processing file /home/airflow/.local/lib/python3.8/site-packages/airflow/example_dags/example_trigger_target_dag.py for tasks to queue
[2023-11-29T20:58:42.351+0000] {logging_mixin.py:154} INFO - [2023-11-29T20:58:42.351+0000] {dagbag.py:536} INFO - Filling up the DagBag from /home/airflow/.local/lib/python3.8/site-packages/airflow/example_dags/example_trigger_target_dag.py
[2023-11-29T20:58:42.355+0000] {processor.py:839} INFO - DAG(s) dict_keys(['example_trigger_target_dag']) retrieved from /home/airflow/.local/lib/python3.8/site-packages/airflow/example_dags/example_trigger_target_dag.py
[2023-11-29T20:58:42.367+0000] {logging_mixin.py:154} INFO - [2023-11-29T20:58:42.367+0000] {dag.py:2941} INFO - Sync 1 DAGs
[2023-11-29T20:58:42.374+0000] {logging_mixin.py:154} INFO - [2023-11-29T20:58:42.374+0000] {dag.py:3722} INFO - Setting next_dagrun for example_trigger_target_dag to None, run_after=None
[2023-11-29T20:58:42.384+0000] {processor.py:179} INFO - Processing /home/airflow/.local/lib/python3.8/site-packages/airflow/example_dags/example_trigger_target_dag.py took 0.037 seconds
[2023-11-29T20:59:13.272+0000] {processor.py:157} INFO - Started process (PID=851) to work on /home/airflow/.local/lib/python3.8/site-packages/airflow/example_dags/example_trigger_target_dag.py
[2023-11-29T20:59:13.272+0000] {processor.py:829} INFO - Processing file /home/airflow/.local/lib/python3.8/site-packages/airflow/example_dags/example_trigger_target_dag.py for tasks to queue
[2023-11-29T20:59:13.274+0000] {logging_mixin.py:154} INFO - [2023-11-29T20:59:13.274+0000] {dagbag.py:536} INFO - Filling up the DagBag from /home/airflow/.local/lib/python3.8/site-packages/airflow/example_dags/example_trigger_target_dag.py
[2023-11-29T20:59:13.278+0000] {processor.py:839} INFO - DAG(s) dict_keys(['example_trigger_target_dag']) retrieved from /home/airflow/.local/lib/python3.8/site-packages/airflow/example_dags/example_trigger_target_dag.py
[2023-11-29T20:59:13.290+0000] {logging_mixin.py:154} INFO - [2023-11-29T20:59:13.290+0000] {dag.py:2941} INFO - Sync 1 DAGs
[2023-11-29T20:59:13.297+0000] {logging_mixin.py:154} INFO - [2023-11-29T20:59:13.297+0000] {dag.py:3722} INFO - Setting next_dagrun for example_trigger_target_dag to None, run_after=None
[2023-11-29T20:59:13.307+0000] {processor.py:179} INFO - Processing /home/airflow/.local/lib/python3.8/site-packages/airflow/example_dags/example_trigger_target_dag.py took 0.038 seconds
[2023-11-29T20:59:44.140+0000] {processor.py:157} INFO - Started process (PID=905) to work on /home/airflow/.local/lib/python3.8/site-packages/airflow/example_dags/example_trigger_target_dag.py
[2023-11-29T20:59:44.141+0000] {processor.py:829} INFO - Processing file /home/airflow/.local/lib/python3.8/site-packages/airflow/example_dags/example_trigger_target_dag.py for tasks to queue
[2023-11-29T20:59:44.142+0000] {logging_mixin.py:154} INFO - [2023-11-29T20:59:44.142+0000] {dagbag.py:536} INFO - Filling up the DagBag from /home/airflow/.local/lib/python3.8/site-packages/airflow/example_dags/example_trigger_target_dag.py
[2023-11-29T20:59:44.146+0000] {processor.py:839} INFO - DAG(s) dict_keys(['example_trigger_target_dag']) retrieved from /home/airflow/.local/lib/python3.8/site-packages/airflow/example_dags/example_trigger_target_dag.py
[2023-11-29T20:59:44.158+0000] {logging_mixin.py:154} INFO - [2023-11-29T20:59:44.158+0000] {dag.py:2941} INFO - Sync 1 DAGs
[2023-11-29T20:59:44.166+0000] {logging_mixin.py:154} INFO - [2023-11-29T20:59:44.165+0000] {dag.py:3722} INFO - Setting next_dagrun for example_trigger_target_dag to None, run_after=None
[2023-11-29T20:59:44.175+0000] {processor.py:179} INFO - Processing /home/airflow/.local/lib/python3.8/site-packages/airflow/example_dags/example_trigger_target_dag.py took 0.037 seconds
[2023-11-29T21:00:14.937+0000] {processor.py:157} INFO - Started process (PID=959) to work on /home/airflow/.local/lib/python3.8/site-packages/airflow/example_dags/example_trigger_target_dag.py
[2023-11-29T21:00:14.937+0000] {processor.py:829} INFO - Processing file /home/airflow/.local/lib/python3.8/site-packages/airflow/example_dags/example_trigger_target_dag.py for tasks to queue
[2023-11-29T21:00:14.939+0000] {logging_mixin.py:154} INFO - [2023-11-29T21:00:14.939+0000] {dagbag.py:536} INFO - Filling up the DagBag from /home/airflow/.local/lib/python3.8/site-packages/airflow/example_dags/example_trigger_target_dag.py
[2023-11-29T21:00:14.943+0000] {processor.py:839} INFO - DAG(s) dict_keys(['example_trigger_target_dag']) retrieved from /home/airflow/.local/lib/python3.8/site-packages/airflow/example_dags/example_trigger_target_dag.py
[2023-11-29T21:00:14.955+0000] {logging_mixin.py:154} INFO - [2023-11-29T21:00:14.955+0000] {dag.py:2941} INFO - Sync 1 DAGs
[2023-11-29T21:00:14.962+0000] {logging_mixin.py:154} INFO - [2023-11-29T21:00:14.962+0000] {dag.py:3722} INFO - Setting next_dagrun for example_trigger_target_dag to None, run_after=None
[2023-11-29T21:00:14.972+0000] {processor.py:179} INFO - Processing /home/airflow/.local/lib/python3.8/site-packages/airflow/example_dags/example_trigger_target_dag.py took 0.038 seconds
[2023-11-29T21:00:45.839+0000] {processor.py:157} INFO - Started process (PID=1013) to work on /home/airflow/.local/lib/python3.8/site-packages/airflow/example_dags/example_trigger_target_dag.py
[2023-11-29T21:00:45.840+0000] {processor.py:829} INFO - Processing file /home/airflow/.local/lib/python3.8/site-packages/airflow/example_dags/example_trigger_target_dag.py for tasks to queue
[2023-11-29T21:00:45.842+0000] {logging_mixin.py:154} INFO - [2023-11-29T21:00:45.841+0000] {dagbag.py:536} INFO - Filling up the DagBag from /home/airflow/.local/lib/python3.8/site-packages/airflow/example_dags/example_trigger_target_dag.py
[2023-11-29T21:00:45.846+0000] {processor.py:839} INFO - DAG(s) dict_keys(['example_trigger_target_dag']) retrieved from /home/airflow/.local/lib/python3.8/site-packages/airflow/example_dags/example_trigger_target_dag.py
[2023-11-29T21:00:45.858+0000] {logging_mixin.py:154} INFO - [2023-11-29T21:00:45.858+0000] {dag.py:2941} INFO - Sync 1 DAGs
[2023-11-29T21:00:45.865+0000] {logging_mixin.py:154} INFO - [2023-11-29T21:00:45.865+0000] {dag.py:3722} INFO - Setting next_dagrun for example_trigger_target_dag to None, run_after=None
[2023-11-29T21:00:45.875+0000] {processor.py:179} INFO - Processing /home/airflow/.local/lib/python3.8/site-packages/airflow/example_dags/example_trigger_target_dag.py took 0.038 seconds
[2023-11-29T21:01:16.819+0000] {processor.py:157} INFO - Started process (PID=1067) to work on /home/airflow/.local/lib/python3.8/site-packages/airflow/example_dags/example_trigger_target_dag.py
[2023-11-29T21:01:16.820+0000] {processor.py:829} INFO - Processing file /home/airflow/.local/lib/python3.8/site-packages/airflow/example_dags/example_trigger_target_dag.py for tasks to queue
[2023-11-29T21:01:16.822+0000] {logging_mixin.py:154} INFO - [2023-11-29T21:01:16.821+0000] {dagbag.py:536} INFO - Filling up the DagBag from /home/airflow/.local/lib/python3.8/site-packages/airflow/example_dags/example_trigger_target_dag.py
[2023-11-29T21:01:16.826+0000] {processor.py:839} INFO - DAG(s) dict_keys(['example_trigger_target_dag']) retrieved from /home/airflow/.local/lib/python3.8/site-packages/airflow/example_dags/example_trigger_target_dag.py
[2023-11-29T21:01:16.838+0000] {logging_mixin.py:154} INFO - [2023-11-29T21:01:16.838+0000] {dag.py:2941} INFO - Sync 1 DAGs
[2023-11-29T21:01:16.845+0000] {logging_mixin.py:154} INFO - [2023-11-29T21:01:16.845+0000] {dag.py:3722} INFO - Setting next_dagrun for example_trigger_target_dag to None, run_after=None
[2023-11-29T21:01:16.855+0000] {processor.py:179} INFO - Processing /home/airflow/.local/lib/python3.8/site-packages/airflow/example_dags/example_trigger_target_dag.py took 0.038 seconds
[2023-11-29T21:01:47.702+0000] {processor.py:157} INFO - Started process (PID=1121) to work on /home/airflow/.local/lib/python3.8/site-packages/airflow/example_dags/example_trigger_target_dag.py
[2023-11-29T21:01:47.703+0000] {processor.py:829} INFO - Processing file /home/airflow/.local/lib/python3.8/site-packages/airflow/example_dags/example_trigger_target_dag.py for tasks to queue
[2023-11-29T21:01:47.705+0000] {logging_mixin.py:154} INFO - [2023-11-29T21:01:47.705+0000] {dagbag.py:536} INFO - Filling up the DagBag from /home/airflow/.local/lib/python3.8/site-packages/airflow/example_dags/example_trigger_target_dag.py
[2023-11-29T21:01:47.709+0000] {processor.py:839} INFO - DAG(s) dict_keys(['example_trigger_target_dag']) retrieved from /home/airflow/.local/lib/python3.8/site-packages/airflow/example_dags/example_trigger_target_dag.py
[2023-11-29T21:01:47.721+0000] {logging_mixin.py:154} INFO - [2023-11-29T21:01:47.721+0000] {dag.py:2941} INFO - Sync 1 DAGs
[2023-11-29T21:01:47.728+0000] {logging_mixin.py:154} INFO - [2023-11-29T21:01:47.728+0000] {dag.py:3722} INFO - Setting next_dagrun for example_trigger_target_dag to None, run_after=None
[2023-11-29T21:01:47.738+0000] {processor.py:179} INFO - Processing /home/airflow/.local/lib/python3.8/site-packages/airflow/example_dags/example_trigger_target_dag.py took 0.037 seconds
[2023-11-29T21:41:08.738+0000] {processor.py:157} INFO - Started process (PID=59) to work on /home/airflow/.local/lib/python3.8/site-packages/airflow/example_dags/example_trigger_target_dag.py
[2023-11-29T21:41:08.739+0000] {processor.py:829} INFO - Processing file /home/airflow/.local/lib/python3.8/site-packages/airflow/example_dags/example_trigger_target_dag.py for tasks to queue
[2023-11-29T21:41:08.741+0000] {logging_mixin.py:154} INFO - [2023-11-29T21:41:08.740+0000] {dagbag.py:536} INFO - Filling up the DagBag from /home/airflow/.local/lib/python3.8/site-packages/airflow/example_dags/example_trigger_target_dag.py
[2023-11-29T21:41:08.745+0000] {processor.py:839} INFO - DAG(s) dict_keys(['example_trigger_target_dag']) retrieved from /home/airflow/.local/lib/python3.8/site-packages/airflow/example_dags/example_trigger_target_dag.py
[2023-11-29T21:41:08.813+0000] {logging_mixin.py:154} INFO - [2023-11-29T21:41:08.813+0000] {manager.py:499} INFO - Created Permission View: %s
[2023-11-29T21:41:08.820+0000] {logging_mixin.py:154} INFO - [2023-11-29T21:41:08.820+0000] {manager.py:499} INFO - Created Permission View: %s
[2023-11-29T21:41:08.824+0000] {logging_mixin.py:154} INFO - [2023-11-29T21:41:08.824+0000] {manager.py:499} INFO - Created Permission View: %s
[2023-11-29T21:41:08.824+0000] {logging_mixin.py:154} INFO - [2023-11-29T21:41:08.824+0000] {dag.py:2941} INFO - Sync 1 DAGs
[2023-11-29T21:41:08.833+0000] {logging_mixin.py:154} INFO - [2023-11-29T21:41:08.833+0000] {dag.py:2963} INFO - Creating ORM DAG for example_trigger_target_dag
[2023-11-29T21:41:08.833+0000] {logging_mixin.py:154} INFO - [2023-11-29T21:41:08.833+0000] {dag.py:3722} INFO - Setting next_dagrun for example_trigger_target_dag to None, run_after=None
[2023-11-29T21:41:08.844+0000] {processor.py:179} INFO - Processing /home/airflow/.local/lib/python3.8/site-packages/airflow/example_dags/example_trigger_target_dag.py took 0.109 seconds
[2023-11-29T21:41:39.379+0000] {processor.py:157} INFO - Started process (PID=113) to work on /home/airflow/.local/lib/python3.8/site-packages/airflow/example_dags/example_trigger_target_dag.py
[2023-11-29T21:41:39.380+0000] {processor.py:829} INFO - Processing file /home/airflow/.local/lib/python3.8/site-packages/airflow/example_dags/example_trigger_target_dag.py for tasks to queue
[2023-11-29T21:41:39.382+0000] {logging_mixin.py:154} INFO - [2023-11-29T21:41:39.382+0000] {dagbag.py:536} INFO - Filling up the DagBag from /home/airflow/.local/lib/python3.8/site-packages/airflow/example_dags/example_trigger_target_dag.py
[2023-11-29T21:41:39.386+0000] {processor.py:839} INFO - DAG(s) dict_keys(['example_trigger_target_dag']) retrieved from /home/airflow/.local/lib/python3.8/site-packages/airflow/example_dags/example_trigger_target_dag.py
[2023-11-29T21:41:39.398+0000] {logging_mixin.py:154} INFO - [2023-11-29T21:41:39.398+0000] {dag.py:2941} INFO - Sync 1 DAGs
[2023-11-29T21:41:39.406+0000] {logging_mixin.py:154} INFO - [2023-11-29T21:41:39.406+0000] {dag.py:3722} INFO - Setting next_dagrun for example_trigger_target_dag to None, run_after=None
[2023-11-29T21:41:39.416+0000] {processor.py:179} INFO - Processing /home/airflow/.local/lib/python3.8/site-packages/airflow/example_dags/example_trigger_target_dag.py took 0.039 seconds
[2023-11-29T21:42:10.040+0000] {processor.py:157} INFO - Started process (PID=167) to work on /home/airflow/.local/lib/python3.8/site-packages/airflow/example_dags/example_trigger_target_dag.py
[2023-11-29T21:42:10.041+0000] {processor.py:829} INFO - Processing file /home/airflow/.local/lib/python3.8/site-packages/airflow/example_dags/example_trigger_target_dag.py for tasks to queue
[2023-11-29T21:42:10.042+0000] {logging_mixin.py:154} INFO - [2023-11-29T21:42:10.042+0000] {dagbag.py:536} INFO - Filling up the DagBag from /home/airflow/.local/lib/python3.8/site-packages/airflow/example_dags/example_trigger_target_dag.py
[2023-11-29T21:42:10.047+0000] {processor.py:839} INFO - DAG(s) dict_keys(['example_trigger_target_dag']) retrieved from /home/airflow/.local/lib/python3.8/site-packages/airflow/example_dags/example_trigger_target_dag.py
[2023-11-29T21:42:10.059+0000] {logging_mixin.py:154} INFO - [2023-11-29T21:42:10.059+0000] {dag.py:2941} INFO - Sync 1 DAGs
[2023-11-29T21:42:10.066+0000] {logging_mixin.py:154} INFO - [2023-11-29T21:42:10.066+0000] {dag.py:3722} INFO - Setting next_dagrun for example_trigger_target_dag to None, run_after=None
[2023-11-29T21:42:10.077+0000] {processor.py:179} INFO - Processing /home/airflow/.local/lib/python3.8/site-packages/airflow/example_dags/example_trigger_target_dag.py took 0.039 seconds
[2023-11-29T21:42:40.768+0000] {processor.py:157} INFO - Started process (PID=221) to work on /home/airflow/.local/lib/python3.8/site-packages/airflow/example_dags/example_trigger_target_dag.py
[2023-11-29T21:42:40.769+0000] {processor.py:829} INFO - Processing file /home/airflow/.local/lib/python3.8/site-packages/airflow/example_dags/example_trigger_target_dag.py for tasks to queue
[2023-11-29T21:42:40.770+0000] {logging_mixin.py:154} INFO - [2023-11-29T21:42:40.770+0000] {dagbag.py:536} INFO - Filling up the DagBag from /home/airflow/.local/lib/python3.8/site-packages/airflow/example_dags/example_trigger_target_dag.py
[2023-11-29T21:42:40.774+0000] {processor.py:839} INFO - DAG(s) dict_keys(['example_trigger_target_dag']) retrieved from /home/airflow/.local/lib/python3.8/site-packages/airflow/example_dags/example_trigger_target_dag.py
[2023-11-29T21:42:40.787+0000] {logging_mixin.py:154} INFO - [2023-11-29T21:42:40.786+0000] {dag.py:2941} INFO - Sync 1 DAGs
[2023-11-29T21:42:40.794+0000] {logging_mixin.py:154} INFO - [2023-11-29T21:42:40.794+0000] {dag.py:3722} INFO - Setting next_dagrun for example_trigger_target_dag to None, run_after=None
[2023-11-29T21:42:40.804+0000] {processor.py:179} INFO - Processing /home/airflow/.local/lib/python3.8/site-packages/airflow/example_dags/example_trigger_target_dag.py took 0.038 seconds
[2023-11-29T21:43:10.950+0000] {processor.py:157} INFO - Started process (PID=275) to work on /home/airflow/.local/lib/python3.8/site-packages/airflow/example_dags/example_trigger_target_dag.py
[2023-11-29T21:43:10.950+0000] {processor.py:829} INFO - Processing file /home/airflow/.local/lib/python3.8/site-packages/airflow/example_dags/example_trigger_target_dag.py for tasks to queue
[2023-11-29T21:43:10.952+0000] {logging_mixin.py:154} INFO - [2023-11-29T21:43:10.952+0000] {dagbag.py:536} INFO - Filling up the DagBag from /home/airflow/.local/lib/python3.8/site-packages/airflow/example_dags/example_trigger_target_dag.py
[2023-11-29T21:43:10.956+0000] {processor.py:839} INFO - DAG(s) dict_keys(['example_trigger_target_dag']) retrieved from /home/airflow/.local/lib/python3.8/site-packages/airflow/example_dags/example_trigger_target_dag.py
[2023-11-29T21:43:10.968+0000] {logging_mixin.py:154} INFO - [2023-11-29T21:43:10.968+0000] {dag.py:2941} INFO - Sync 1 DAGs
[2023-11-29T21:43:10.979+0000] {logging_mixin.py:154} INFO - [2023-11-29T21:43:10.979+0000] {dag.py:3722} INFO - Setting next_dagrun for example_trigger_target_dag to None, run_after=None
[2023-11-29T21:43:10.990+0000] {processor.py:179} INFO - Processing /home/airflow/.local/lib/python3.8/site-packages/airflow/example_dags/example_trigger_target_dag.py took 0.043 seconds
[2023-11-29T21:43:41.078+0000] {processor.py:157} INFO - Started process (PID=329) to work on /home/airflow/.local/lib/python3.8/site-packages/airflow/example_dags/example_trigger_target_dag.py
[2023-11-29T21:43:41.079+0000] {processor.py:829} INFO - Processing file /home/airflow/.local/lib/python3.8/site-packages/airflow/example_dags/example_trigger_target_dag.py for tasks to queue
[2023-11-29T21:43:41.081+0000] {logging_mixin.py:154} INFO - [2023-11-29T21:43:41.080+0000] {dagbag.py:536} INFO - Filling up the DagBag from /home/airflow/.local/lib/python3.8/site-packages/airflow/example_dags/example_trigger_target_dag.py
[2023-11-29T21:43:41.085+0000] {processor.py:839} INFO - DAG(s) dict_keys(['example_trigger_target_dag']) retrieved from /home/airflow/.local/lib/python3.8/site-packages/airflow/example_dags/example_trigger_target_dag.py
[2023-11-29T21:43:41.097+0000] {logging_mixin.py:154} INFO - [2023-11-29T21:43:41.097+0000] {dag.py:2941} INFO - Sync 1 DAGs
[2023-11-29T21:43:41.104+0000] {logging_mixin.py:154} INFO - [2023-11-29T21:43:41.104+0000] {dag.py:3722} INFO - Setting next_dagrun for example_trigger_target_dag to None, run_after=None
[2023-11-29T21:43:41.114+0000] {processor.py:179} INFO - Processing /home/airflow/.local/lib/python3.8/site-packages/airflow/example_dags/example_trigger_target_dag.py took 0.038 seconds
[2023-11-29T21:44:11.318+0000] {processor.py:157} INFO - Started process (PID=383) to work on /home/airflow/.local/lib/python3.8/site-packages/airflow/example_dags/example_trigger_target_dag.py
[2023-11-29T21:44:11.319+0000] {processor.py:829} INFO - Processing file /home/airflow/.local/lib/python3.8/site-packages/airflow/example_dags/example_trigger_target_dag.py for tasks to queue
[2023-11-29T21:44:11.321+0000] {logging_mixin.py:154} INFO - [2023-11-29T21:44:11.321+0000] {dagbag.py:536} INFO - Filling up the DagBag from /home/airflow/.local/lib/python3.8/site-packages/airflow/example_dags/example_trigger_target_dag.py
[2023-11-29T21:44:11.325+0000] {processor.py:839} INFO - DAG(s) dict_keys(['example_trigger_target_dag']) retrieved from /home/airflow/.local/lib/python3.8/site-packages/airflow/example_dags/example_trigger_target_dag.py
[2023-11-29T21:44:11.337+0000] {logging_mixin.py:154} INFO - [2023-11-29T21:44:11.337+0000] {dag.py:2941} INFO - Sync 1 DAGs
[2023-11-29T21:44:11.345+0000] {logging_mixin.py:154} INFO - [2023-11-29T21:44:11.345+0000] {dag.py:3722} INFO - Setting next_dagrun for example_trigger_target_dag to None, run_after=None
[2023-11-29T21:44:11.354+0000] {processor.py:179} INFO - Processing /home/airflow/.local/lib/python3.8/site-packages/airflow/example_dags/example_trigger_target_dag.py took 0.038 seconds
[2023-11-29T21:44:41.570+0000] {processor.py:157} INFO - Started process (PID=437) to work on /home/airflow/.local/lib/python3.8/site-packages/airflow/example_dags/example_trigger_target_dag.py
[2023-11-29T21:44:41.570+0000] {processor.py:829} INFO - Processing file /home/airflow/.local/lib/python3.8/site-packages/airflow/example_dags/example_trigger_target_dag.py for tasks to queue
[2023-11-29T21:44:41.572+0000] {logging_mixin.py:154} INFO - [2023-11-29T21:44:41.572+0000] {dagbag.py:536} INFO - Filling up the DagBag from /home/airflow/.local/lib/python3.8/site-packages/airflow/example_dags/example_trigger_target_dag.py
[2023-11-29T21:44:41.576+0000] {processor.py:839} INFO - DAG(s) dict_keys(['example_trigger_target_dag']) retrieved from /home/airflow/.local/lib/python3.8/site-packages/airflow/example_dags/example_trigger_target_dag.py
[2023-11-29T21:44:41.590+0000] {logging_mixin.py:154} INFO - [2023-11-29T21:44:41.590+0000] {dag.py:2941} INFO - Sync 1 DAGs
[2023-11-29T21:44:41.598+0000] {logging_mixin.py:154} INFO - [2023-11-29T21:44:41.597+0000] {dag.py:3722} INFO - Setting next_dagrun for example_trigger_target_dag to None, run_after=None
[2023-11-29T21:44:41.609+0000] {processor.py:179} INFO - Processing /home/airflow/.local/lib/python3.8/site-packages/airflow/example_dags/example_trigger_target_dag.py took 0.041 seconds
[2023-11-29T21:45:11.755+0000] {processor.py:157} INFO - Started process (PID=491) to work on /home/airflow/.local/lib/python3.8/site-packages/airflow/example_dags/example_trigger_target_dag.py
[2023-11-29T21:45:11.756+0000] {processor.py:829} INFO - Processing file /home/airflow/.local/lib/python3.8/site-packages/airflow/example_dags/example_trigger_target_dag.py for tasks to queue
[2023-11-29T21:45:11.757+0000] {logging_mixin.py:154} INFO - [2023-11-29T21:45:11.757+0000] {dagbag.py:536} INFO - Filling up the DagBag from /home/airflow/.local/lib/python3.8/site-packages/airflow/example_dags/example_trigger_target_dag.py
[2023-11-29T21:45:11.761+0000] {processor.py:839} INFO - DAG(s) dict_keys(['example_trigger_target_dag']) retrieved from /home/airflow/.local/lib/python3.8/site-packages/airflow/example_dags/example_trigger_target_dag.py
[2023-11-29T21:45:11.773+0000] {logging_mixin.py:154} INFO - [2023-11-29T21:45:11.773+0000] {dag.py:2941} INFO - Sync 1 DAGs
[2023-11-29T21:45:11.781+0000] {logging_mixin.py:154} INFO - [2023-11-29T21:45:11.781+0000] {dag.py:3722} INFO - Setting next_dagrun for example_trigger_target_dag to None, run_after=None
[2023-11-29T21:45:11.791+0000] {processor.py:179} INFO - Processing /home/airflow/.local/lib/python3.8/site-packages/airflow/example_dags/example_trigger_target_dag.py took 0.038 seconds
[2023-11-29T21:45:41.879+0000] {processor.py:157} INFO - Started process (PID=545) to work on /home/airflow/.local/lib/python3.8/site-packages/airflow/example_dags/example_trigger_target_dag.py
[2023-11-29T21:45:41.880+0000] {processor.py:829} INFO - Processing file /home/airflow/.local/lib/python3.8/site-packages/airflow/example_dags/example_trigger_target_dag.py for tasks to queue
[2023-11-29T21:45:41.882+0000] {logging_mixin.py:154} INFO - [2023-11-29T21:45:41.882+0000] {dagbag.py:536} INFO - Filling up the DagBag from /home/airflow/.local/lib/python3.8/site-packages/airflow/example_dags/example_trigger_target_dag.py
[2023-11-29T21:45:41.886+0000] {processor.py:839} INFO - DAG(s) dict_keys(['example_trigger_target_dag']) retrieved from /home/airflow/.local/lib/python3.8/site-packages/airflow/example_dags/example_trigger_target_dag.py
[2023-11-29T21:45:41.898+0000] {logging_mixin.py:154} INFO - [2023-11-29T21:45:41.897+0000] {dag.py:2941} INFO - Sync 1 DAGs
[2023-11-29T21:45:41.905+0000] {logging_mixin.py:154} INFO - [2023-11-29T21:45:41.905+0000] {dag.py:3722} INFO - Setting next_dagrun for example_trigger_target_dag to None, run_after=None
[2023-11-29T21:45:41.914+0000] {processor.py:179} INFO - Processing /home/airflow/.local/lib/python3.8/site-packages/airflow/example_dags/example_trigger_target_dag.py took 0.037 seconds
[2023-11-29T21:46:12.991+0000] {processor.py:157} INFO - Started process (PID=599) to work on /home/airflow/.local/lib/python3.8/site-packages/airflow/example_dags/example_trigger_target_dag.py
[2023-11-29T21:46:12.992+0000] {processor.py:829} INFO - Processing file /home/airflow/.local/lib/python3.8/site-packages/airflow/example_dags/example_trigger_target_dag.py for tasks to queue
[2023-11-29T21:46:12.993+0000] {logging_mixin.py:154} INFO - [2023-11-29T21:46:12.993+0000] {dagbag.py:536} INFO - Filling up the DagBag from /home/airflow/.local/lib/python3.8/site-packages/airflow/example_dags/example_trigger_target_dag.py
[2023-11-29T21:46:12.997+0000] {processor.py:839} INFO - DAG(s) dict_keys(['example_trigger_target_dag']) retrieved from /home/airflow/.local/lib/python3.8/site-packages/airflow/example_dags/example_trigger_target_dag.py
[2023-11-29T21:46:13.010+0000] {logging_mixin.py:154} INFO - [2023-11-29T21:46:13.010+0000] {dag.py:2941} INFO - Sync 1 DAGs
[2023-11-29T21:46:13.018+0000] {logging_mixin.py:154} INFO - [2023-11-29T21:46:13.018+0000] {dag.py:3722} INFO - Setting next_dagrun for example_trigger_target_dag to None, run_after=None
[2023-11-29T21:46:13.027+0000] {processor.py:179} INFO - Processing /home/airflow/.local/lib/python3.8/site-packages/airflow/example_dags/example_trigger_target_dag.py took 0.038 seconds
