[2023-11-29T20:51:39.838+0000] {processor.py:157} INFO - Started process (PID=65) to work on /home/airflow/.local/lib/python3.8/site-packages/airflow/example_dags/example_task_group.py
[2023-11-29T20:51:39.839+0000] {processor.py:829} INFO - Processing file /home/airflow/.local/lib/python3.8/site-packages/airflow/example_dags/example_task_group.py for tasks to queue
[2023-11-29T20:51:39.842+0000] {logging_mixin.py:154} INFO - [2023-11-29T20:51:39.842+0000] {dagbag.py:536} INFO - Filling up the DagBag from /home/airflow/.local/lib/python3.8/site-packages/airflow/example_dags/example_task_group.py
[2023-11-29T20:51:39.847+0000] {processor.py:839} INFO - DAG(s) dict_keys(['example_task_group']) retrieved from /home/airflow/.local/lib/python3.8/site-packages/airflow/example_dags/example_task_group.py
[2023-11-29T20:51:39.909+0000] {logging_mixin.py:154} INFO - [2023-11-29T20:51:39.909+0000] {dag.py:2941} INFO - Sync 1 DAGs
[2023-11-29T20:51:39.920+0000] {logging_mixin.py:154} INFO - [2023-11-29T20:51:39.920+0000] {dag.py:3722} INFO - Setting next_dagrun for example_task_group to 2023-11-28T20:51:39.920478+00:00, run_after=2023-11-29T20:51:39.920478+00:00
[2023-11-29T20:51:39.933+0000] {processor.py:179} INFO - Processing /home/airflow/.local/lib/python3.8/site-packages/airflow/example_dags/example_task_group.py took 0.097 seconds
[2023-11-29T20:52:10.046+0000] {processor.py:157} INFO - Started process (PID=119) to work on /home/airflow/.local/lib/python3.8/site-packages/airflow/example_dags/example_task_group.py
[2023-11-29T20:52:10.046+0000] {processor.py:829} INFO - Processing file /home/airflow/.local/lib/python3.8/site-packages/airflow/example_dags/example_task_group.py for tasks to queue
[2023-11-29T20:52:10.048+0000] {logging_mixin.py:154} INFO - [2023-11-29T20:52:10.048+0000] {dagbag.py:536} INFO - Filling up the DagBag from /home/airflow/.local/lib/python3.8/site-packages/airflow/example_dags/example_task_group.py
[2023-11-29T20:52:10.052+0000] {processor.py:839} INFO - DAG(s) dict_keys(['example_task_group']) retrieved from /home/airflow/.local/lib/python3.8/site-packages/airflow/example_dags/example_task_group.py
[2023-11-29T20:52:10.059+0000] {logging_mixin.py:154} INFO - [2023-11-29T20:52:10.059+0000] {dag.py:2941} INFO - Sync 1 DAGs
[2023-11-29T20:52:10.071+0000] {logging_mixin.py:154} INFO - [2023-11-29T20:52:10.071+0000] {dag.py:3722} INFO - Setting next_dagrun for example_task_group to 2023-11-28T20:52:10.071413+00:00, run_after=2023-11-29T20:52:10.071413+00:00
[2023-11-29T20:52:10.080+0000] {processor.py:179} INFO - Processing /home/airflow/.local/lib/python3.8/site-packages/airflow/example_dags/example_task_group.py took 0.037 seconds
[2023-11-29T20:52:40.947+0000] {processor.py:157} INFO - Started process (PID=173) to work on /home/airflow/.local/lib/python3.8/site-packages/airflow/example_dags/example_task_group.py
[2023-11-29T20:52:40.947+0000] {processor.py:829} INFO - Processing file /home/airflow/.local/lib/python3.8/site-packages/airflow/example_dags/example_task_group.py for tasks to queue
[2023-11-29T20:52:40.949+0000] {logging_mixin.py:154} INFO - [2023-11-29T20:52:40.949+0000] {dagbag.py:536} INFO - Filling up the DagBag from /home/airflow/.local/lib/python3.8/site-packages/airflow/example_dags/example_task_group.py
[2023-11-29T20:52:40.954+0000] {processor.py:839} INFO - DAG(s) dict_keys(['example_task_group']) retrieved from /home/airflow/.local/lib/python3.8/site-packages/airflow/example_dags/example_task_group.py
[2023-11-29T20:52:40.967+0000] {logging_mixin.py:154} INFO - [2023-11-29T20:52:40.967+0000] {dag.py:2941} INFO - Sync 1 DAGs
[2023-11-29T20:52:40.979+0000] {logging_mixin.py:154} INFO - [2023-11-29T20:52:40.979+0000] {dag.py:3722} INFO - Setting next_dagrun for example_task_group to 2023-11-28T20:52:40.978920+00:00, run_after=2023-11-29T20:52:40.978920+00:00
[2023-11-29T20:52:40.988+0000] {processor.py:179} INFO - Processing /home/airflow/.local/lib/python3.8/site-packages/airflow/example_dags/example_task_group.py took 0.043 seconds
[2023-11-29T20:53:11.056+0000] {processor.py:157} INFO - Started process (PID=227) to work on /home/airflow/.local/lib/python3.8/site-packages/airflow/example_dags/example_task_group.py
[2023-11-29T20:53:11.056+0000] {processor.py:829} INFO - Processing file /home/airflow/.local/lib/python3.8/site-packages/airflow/example_dags/example_task_group.py for tasks to queue
[2023-11-29T20:53:11.058+0000] {logging_mixin.py:154} INFO - [2023-11-29T20:53:11.058+0000] {dagbag.py:536} INFO - Filling up the DagBag from /home/airflow/.local/lib/python3.8/site-packages/airflow/example_dags/example_task_group.py
[2023-11-29T20:53:11.063+0000] {processor.py:839} INFO - DAG(s) dict_keys(['example_task_group']) retrieved from /home/airflow/.local/lib/python3.8/site-packages/airflow/example_dags/example_task_group.py
[2023-11-29T20:53:11.076+0000] {logging_mixin.py:154} INFO - [2023-11-29T20:53:11.076+0000] {dag.py:2941} INFO - Sync 1 DAGs
[2023-11-29T20:53:11.088+0000] {logging_mixin.py:154} INFO - [2023-11-29T20:53:11.088+0000] {dag.py:3722} INFO - Setting next_dagrun for example_task_group to 2023-11-28T20:53:11.088546+00:00, run_after=2023-11-29T20:53:11.088546+00:00
[2023-11-29T20:53:11.097+0000] {processor.py:179} INFO - Processing /home/airflow/.local/lib/python3.8/site-packages/airflow/example_dags/example_task_group.py took 0.044 seconds
[2023-11-29T20:53:41.250+0000] {processor.py:157} INFO - Started process (PID=281) to work on /home/airflow/.local/lib/python3.8/site-packages/airflow/example_dags/example_task_group.py
[2023-11-29T20:53:41.251+0000] {processor.py:829} INFO - Processing file /home/airflow/.local/lib/python3.8/site-packages/airflow/example_dags/example_task_group.py for tasks to queue
[2023-11-29T20:53:41.253+0000] {logging_mixin.py:154} INFO - [2023-11-29T20:53:41.253+0000] {dagbag.py:536} INFO - Filling up the DagBag from /home/airflow/.local/lib/python3.8/site-packages/airflow/example_dags/example_task_group.py
[2023-11-29T20:53:41.257+0000] {processor.py:839} INFO - DAG(s) dict_keys(['example_task_group']) retrieved from /home/airflow/.local/lib/python3.8/site-packages/airflow/example_dags/example_task_group.py
[2023-11-29T20:53:41.270+0000] {logging_mixin.py:154} INFO - [2023-11-29T20:53:41.270+0000] {dag.py:2941} INFO - Sync 1 DAGs
[2023-11-29T20:53:41.282+0000] {logging_mixin.py:154} INFO - [2023-11-29T20:53:41.282+0000] {dag.py:3722} INFO - Setting next_dagrun for example_task_group to 2023-11-28T20:53:41.281933+00:00, run_after=2023-11-29T20:53:41.281933+00:00
[2023-11-29T20:53:41.291+0000] {processor.py:179} INFO - Processing /home/airflow/.local/lib/python3.8/site-packages/airflow/example_dags/example_task_group.py took 0.043 seconds
[2023-11-29T20:54:11.347+0000] {processor.py:157} INFO - Started process (PID=335) to work on /home/airflow/.local/lib/python3.8/site-packages/airflow/example_dags/example_task_group.py
[2023-11-29T20:54:11.348+0000] {processor.py:829} INFO - Processing file /home/airflow/.local/lib/python3.8/site-packages/airflow/example_dags/example_task_group.py for tasks to queue
[2023-11-29T20:54:11.350+0000] {logging_mixin.py:154} INFO - [2023-11-29T20:54:11.350+0000] {dagbag.py:536} INFO - Filling up the DagBag from /home/airflow/.local/lib/python3.8/site-packages/airflow/example_dags/example_task_group.py
[2023-11-29T20:54:11.354+0000] {processor.py:839} INFO - DAG(s) dict_keys(['example_task_group']) retrieved from /home/airflow/.local/lib/python3.8/site-packages/airflow/example_dags/example_task_group.py
[2023-11-29T20:54:11.368+0000] {logging_mixin.py:154} INFO - [2023-11-29T20:54:11.368+0000] {dag.py:2941} INFO - Sync 1 DAGs
[2023-11-29T20:54:11.380+0000] {logging_mixin.py:154} INFO - [2023-11-29T20:54:11.380+0000] {dag.py:3722} INFO - Setting next_dagrun for example_task_group to 2023-11-28T20:54:11.380260+00:00, run_after=2023-11-29T20:54:11.380260+00:00
[2023-11-29T20:54:11.391+0000] {processor.py:179} INFO - Processing /home/airflow/.local/lib/python3.8/site-packages/airflow/example_dags/example_task_group.py took 0.046 seconds
[2023-11-29T20:54:41.441+0000] {processor.py:157} INFO - Started process (PID=389) to work on /home/airflow/.local/lib/python3.8/site-packages/airflow/example_dags/example_task_group.py
[2023-11-29T20:54:41.442+0000] {processor.py:829} INFO - Processing file /home/airflow/.local/lib/python3.8/site-packages/airflow/example_dags/example_task_group.py for tasks to queue
[2023-11-29T20:54:41.444+0000] {logging_mixin.py:154} INFO - [2023-11-29T20:54:41.443+0000] {dagbag.py:536} INFO - Filling up the DagBag from /home/airflow/.local/lib/python3.8/site-packages/airflow/example_dags/example_task_group.py
[2023-11-29T20:54:41.448+0000] {processor.py:839} INFO - DAG(s) dict_keys(['example_task_group']) retrieved from /home/airflow/.local/lib/python3.8/site-packages/airflow/example_dags/example_task_group.py
[2023-11-29T20:54:41.461+0000] {logging_mixin.py:154} INFO - [2023-11-29T20:54:41.461+0000] {dag.py:2941} INFO - Sync 1 DAGs
[2023-11-29T20:54:41.474+0000] {logging_mixin.py:154} INFO - [2023-11-29T20:54:41.473+0000] {dag.py:3722} INFO - Setting next_dagrun for example_task_group to 2023-11-28T20:54:41.473823+00:00, run_after=2023-11-29T20:54:41.473823+00:00
[2023-11-29T20:54:41.483+0000] {processor.py:179} INFO - Processing /home/airflow/.local/lib/python3.8/site-packages/airflow/example_dags/example_task_group.py took 0.044 seconds
[2023-11-29T20:55:11.563+0000] {processor.py:157} INFO - Started process (PID=443) to work on /home/airflow/.local/lib/python3.8/site-packages/airflow/example_dags/example_task_group.py
[2023-11-29T20:55:11.563+0000] {processor.py:829} INFO - Processing file /home/airflow/.local/lib/python3.8/site-packages/airflow/example_dags/example_task_group.py for tasks to queue
[2023-11-29T20:55:11.565+0000] {logging_mixin.py:154} INFO - [2023-11-29T20:55:11.565+0000] {dagbag.py:536} INFO - Filling up the DagBag from /home/airflow/.local/lib/python3.8/site-packages/airflow/example_dags/example_task_group.py
[2023-11-29T20:55:11.570+0000] {processor.py:839} INFO - DAG(s) dict_keys(['example_task_group']) retrieved from /home/airflow/.local/lib/python3.8/site-packages/airflow/example_dags/example_task_group.py
[2023-11-29T20:55:11.583+0000] {logging_mixin.py:154} INFO - [2023-11-29T20:55:11.583+0000] {dag.py:2941} INFO - Sync 1 DAGs
[2023-11-29T20:55:11.594+0000] {logging_mixin.py:154} INFO - [2023-11-29T20:55:11.594+0000] {dag.py:3722} INFO - Setting next_dagrun for example_task_group to 2023-11-28T20:55:11.594604+00:00, run_after=2023-11-29T20:55:11.594604+00:00
[2023-11-29T20:55:11.603+0000] {processor.py:179} INFO - Processing /home/airflow/.local/lib/python3.8/site-packages/airflow/example_dags/example_task_group.py took 0.043 seconds
[2023-11-29T20:55:41.641+0000] {processor.py:157} INFO - Started process (PID=497) to work on /home/airflow/.local/lib/python3.8/site-packages/airflow/example_dags/example_task_group.py
[2023-11-29T20:55:41.641+0000] {processor.py:829} INFO - Processing file /home/airflow/.local/lib/python3.8/site-packages/airflow/example_dags/example_task_group.py for tasks to queue
[2023-11-29T20:55:41.643+0000] {logging_mixin.py:154} INFO - [2023-11-29T20:55:41.643+0000] {dagbag.py:536} INFO - Filling up the DagBag from /home/airflow/.local/lib/python3.8/site-packages/airflow/example_dags/example_task_group.py
[2023-11-29T20:55:41.647+0000] {processor.py:839} INFO - DAG(s) dict_keys(['example_task_group']) retrieved from /home/airflow/.local/lib/python3.8/site-packages/airflow/example_dags/example_task_group.py
[2023-11-29T20:55:41.660+0000] {logging_mixin.py:154} INFO - [2023-11-29T20:55:41.660+0000] {dag.py:2941} INFO - Sync 1 DAGs
[2023-11-29T20:55:41.672+0000] {logging_mixin.py:154} INFO - [2023-11-29T20:55:41.672+0000] {dag.py:3722} INFO - Setting next_dagrun for example_task_group to 2023-11-28T20:55:41.671875+00:00, run_after=2023-11-29T20:55:41.671875+00:00
[2023-11-29T20:55:41.681+0000] {processor.py:179} INFO - Processing /home/airflow/.local/lib/python3.8/site-packages/airflow/example_dags/example_task_group.py took 0.042 seconds
[2023-11-29T20:56:11.737+0000] {processor.py:157} INFO - Started process (PID=551) to work on /home/airflow/.local/lib/python3.8/site-packages/airflow/example_dags/example_task_group.py
[2023-11-29T20:56:11.738+0000] {processor.py:829} INFO - Processing file /home/airflow/.local/lib/python3.8/site-packages/airflow/example_dags/example_task_group.py for tasks to queue
[2023-11-29T20:56:11.739+0000] {logging_mixin.py:154} INFO - [2023-11-29T20:56:11.739+0000] {dagbag.py:536} INFO - Filling up the DagBag from /home/airflow/.local/lib/python3.8/site-packages/airflow/example_dags/example_task_group.py
[2023-11-29T20:56:11.743+0000] {processor.py:839} INFO - DAG(s) dict_keys(['example_task_group']) retrieved from /home/airflow/.local/lib/python3.8/site-packages/airflow/example_dags/example_task_group.py
[2023-11-29T20:56:11.756+0000] {logging_mixin.py:154} INFO - [2023-11-29T20:56:11.756+0000] {dag.py:2941} INFO - Sync 1 DAGs
[2023-11-29T20:56:11.768+0000] {logging_mixin.py:154} INFO - [2023-11-29T20:56:11.768+0000] {dag.py:3722} INFO - Setting next_dagrun for example_task_group to 2023-11-28T20:56:11.768447+00:00, run_after=2023-11-29T20:56:11.768447+00:00
[2023-11-29T20:56:11.778+0000] {processor.py:179} INFO - Processing /home/airflow/.local/lib/python3.8/site-packages/airflow/example_dags/example_task_group.py took 0.043 seconds
[2023-11-29T20:56:42.692+0000] {processor.py:157} INFO - Started process (PID=605) to work on /home/airflow/.local/lib/python3.8/site-packages/airflow/example_dags/example_task_group.py
[2023-11-29T20:56:42.693+0000] {processor.py:829} INFO - Processing file /home/airflow/.local/lib/python3.8/site-packages/airflow/example_dags/example_task_group.py for tasks to queue
[2023-11-29T20:56:42.694+0000] {logging_mixin.py:154} INFO - [2023-11-29T20:56:42.694+0000] {dagbag.py:536} INFO - Filling up the DagBag from /home/airflow/.local/lib/python3.8/site-packages/airflow/example_dags/example_task_group.py
[2023-11-29T20:56:42.698+0000] {processor.py:839} INFO - DAG(s) dict_keys(['example_task_group']) retrieved from /home/airflow/.local/lib/python3.8/site-packages/airflow/example_dags/example_task_group.py
[2023-11-29T20:56:42.711+0000] {logging_mixin.py:154} INFO - [2023-11-29T20:56:42.711+0000] {dag.py:2941} INFO - Sync 1 DAGs
[2023-11-29T20:56:42.724+0000] {logging_mixin.py:154} INFO - [2023-11-29T20:56:42.724+0000] {dag.py:3722} INFO - Setting next_dagrun for example_task_group to 2023-11-28T20:56:42.724285+00:00, run_after=2023-11-29T20:56:42.724285+00:00
[2023-11-29T20:56:42.733+0000] {processor.py:179} INFO - Processing /home/airflow/.local/lib/python3.8/site-packages/airflow/example_dags/example_task_group.py took 0.044 seconds
[2023-11-29T20:57:12.845+0000] {processor.py:157} INFO - Started process (PID=659) to work on /home/airflow/.local/lib/python3.8/site-packages/airflow/example_dags/example_task_group.py
[2023-11-29T20:57:12.846+0000] {processor.py:829} INFO - Processing file /home/airflow/.local/lib/python3.8/site-packages/airflow/example_dags/example_task_group.py for tasks to queue
[2023-11-29T20:57:12.848+0000] {logging_mixin.py:154} INFO - [2023-11-29T20:57:12.847+0000] {dagbag.py:536} INFO - Filling up the DagBag from /home/airflow/.local/lib/python3.8/site-packages/airflow/example_dags/example_task_group.py
[2023-11-29T20:57:12.852+0000] {processor.py:839} INFO - DAG(s) dict_keys(['example_task_group']) retrieved from /home/airflow/.local/lib/python3.8/site-packages/airflow/example_dags/example_task_group.py
[2023-11-29T20:57:12.864+0000] {logging_mixin.py:154} INFO - [2023-11-29T20:57:12.864+0000] {dag.py:2941} INFO - Sync 1 DAGs
[2023-11-29T20:57:12.876+0000] {logging_mixin.py:154} INFO - [2023-11-29T20:57:12.876+0000] {dag.py:3722} INFO - Setting next_dagrun for example_task_group to 2023-11-28T20:57:12.876377+00:00, run_after=2023-11-29T20:57:12.876377+00:00
[2023-11-29T20:57:12.885+0000] {processor.py:179} INFO - Processing /home/airflow/.local/lib/python3.8/site-packages/airflow/example_dags/example_task_group.py took 0.042 seconds
[2023-11-29T20:57:42.921+0000] {processor.py:157} INFO - Started process (PID=713) to work on /home/airflow/.local/lib/python3.8/site-packages/airflow/example_dags/example_task_group.py
[2023-11-29T20:57:42.922+0000] {processor.py:829} INFO - Processing file /home/airflow/.local/lib/python3.8/site-packages/airflow/example_dags/example_task_group.py for tasks to queue
[2023-11-29T20:57:42.924+0000] {logging_mixin.py:154} INFO - [2023-11-29T20:57:42.924+0000] {dagbag.py:536} INFO - Filling up the DagBag from /home/airflow/.local/lib/python3.8/site-packages/airflow/example_dags/example_task_group.py
[2023-11-29T20:57:42.928+0000] {processor.py:839} INFO - DAG(s) dict_keys(['example_task_group']) retrieved from /home/airflow/.local/lib/python3.8/site-packages/airflow/example_dags/example_task_group.py
[2023-11-29T20:57:42.940+0000] {logging_mixin.py:154} INFO - [2023-11-29T20:57:42.940+0000] {dag.py:2941} INFO - Sync 1 DAGs
[2023-11-29T20:57:42.951+0000] {logging_mixin.py:154} INFO - [2023-11-29T20:57:42.951+0000] {dag.py:3722} INFO - Setting next_dagrun for example_task_group to 2023-11-28T20:57:42.951510+00:00, run_after=2023-11-29T20:57:42.951510+00:00
[2023-11-29T20:57:42.960+0000] {processor.py:179} INFO - Processing /home/airflow/.local/lib/python3.8/site-packages/airflow/example_dags/example_task_group.py took 0.041 seconds
[2023-11-29T20:58:13.007+0000] {processor.py:157} INFO - Started process (PID=767) to work on /home/airflow/.local/lib/python3.8/site-packages/airflow/example_dags/example_task_group.py
[2023-11-29T20:58:13.008+0000] {processor.py:829} INFO - Processing file /home/airflow/.local/lib/python3.8/site-packages/airflow/example_dags/example_task_group.py for tasks to queue
[2023-11-29T20:58:13.010+0000] {logging_mixin.py:154} INFO - [2023-11-29T20:58:13.010+0000] {dagbag.py:536} INFO - Filling up the DagBag from /home/airflow/.local/lib/python3.8/site-packages/airflow/example_dags/example_task_group.py
[2023-11-29T20:58:13.014+0000] {processor.py:839} INFO - DAG(s) dict_keys(['example_task_group']) retrieved from /home/airflow/.local/lib/python3.8/site-packages/airflow/example_dags/example_task_group.py
[2023-11-29T20:58:13.027+0000] {logging_mixin.py:154} INFO - [2023-11-29T20:58:13.027+0000] {dag.py:2941} INFO - Sync 1 DAGs
[2023-11-29T20:58:13.039+0000] {logging_mixin.py:154} INFO - [2023-11-29T20:58:13.039+0000] {dag.py:3722} INFO - Setting next_dagrun for example_task_group to 2023-11-28T20:58:13.039002+00:00, run_after=2023-11-29T20:58:13.039002+00:00
[2023-11-29T20:58:13.048+0000] {processor.py:179} INFO - Processing /home/airflow/.local/lib/python3.8/site-packages/airflow/example_dags/example_task_group.py took 0.042 seconds
[2023-11-29T20:58:43.072+0000] {processor.py:157} INFO - Started process (PID=821) to work on /home/airflow/.local/lib/python3.8/site-packages/airflow/example_dags/example_task_group.py
[2023-11-29T20:58:43.073+0000] {processor.py:829} INFO - Processing file /home/airflow/.local/lib/python3.8/site-packages/airflow/example_dags/example_task_group.py for tasks to queue
[2023-11-29T20:58:43.075+0000] {logging_mixin.py:154} INFO - [2023-11-29T20:58:43.074+0000] {dagbag.py:536} INFO - Filling up the DagBag from /home/airflow/.local/lib/python3.8/site-packages/airflow/example_dags/example_task_group.py
[2023-11-29T20:58:43.079+0000] {processor.py:839} INFO - DAG(s) dict_keys(['example_task_group']) retrieved from /home/airflow/.local/lib/python3.8/site-packages/airflow/example_dags/example_task_group.py
[2023-11-29T20:58:43.090+0000] {logging_mixin.py:154} INFO - [2023-11-29T20:58:43.090+0000] {dag.py:2941} INFO - Sync 1 DAGs
[2023-11-29T20:58:43.103+0000] {logging_mixin.py:154} INFO - [2023-11-29T20:58:43.102+0000] {dag.py:3722} INFO - Setting next_dagrun for example_task_group to 2023-11-28T20:58:43.102777+00:00, run_after=2023-11-29T20:58:43.102777+00:00
[2023-11-29T20:58:43.112+0000] {processor.py:179} INFO - Processing /home/airflow/.local/lib/python3.8/site-packages/airflow/example_dags/example_task_group.py took 0.042 seconds
[2023-11-29T20:59:14.082+0000] {processor.py:157} INFO - Started process (PID=875) to work on /home/airflow/.local/lib/python3.8/site-packages/airflow/example_dags/example_task_group.py
[2023-11-29T20:59:14.082+0000] {processor.py:829} INFO - Processing file /home/airflow/.local/lib/python3.8/site-packages/airflow/example_dags/example_task_group.py for tasks to queue
[2023-11-29T20:59:14.084+0000] {logging_mixin.py:154} INFO - [2023-11-29T20:59:14.084+0000] {dagbag.py:536} INFO - Filling up the DagBag from /home/airflow/.local/lib/python3.8/site-packages/airflow/example_dags/example_task_group.py
[2023-11-29T20:59:14.089+0000] {processor.py:839} INFO - DAG(s) dict_keys(['example_task_group']) retrieved from /home/airflow/.local/lib/python3.8/site-packages/airflow/example_dags/example_task_group.py
[2023-11-29T20:59:14.102+0000] {logging_mixin.py:154} INFO - [2023-11-29T20:59:14.102+0000] {dag.py:2941} INFO - Sync 1 DAGs
[2023-11-29T20:59:14.114+0000] {logging_mixin.py:154} INFO - [2023-11-29T20:59:14.114+0000] {dag.py:3722} INFO - Setting next_dagrun for example_task_group to 2023-11-28T20:59:14.114054+00:00, run_after=2023-11-29T20:59:14.114054+00:00
[2023-11-29T20:59:14.123+0000] {processor.py:179} INFO - Processing /home/airflow/.local/lib/python3.8/site-packages/airflow/example_dags/example_task_group.py took 0.044 seconds
[2023-11-29T20:59:44.807+0000] {processor.py:157} INFO - Started process (PID=929) to work on /home/airflow/.local/lib/python3.8/site-packages/airflow/example_dags/example_task_group.py
[2023-11-29T20:59:44.808+0000] {processor.py:829} INFO - Processing file /home/airflow/.local/lib/python3.8/site-packages/airflow/example_dags/example_task_group.py for tasks to queue
[2023-11-29T20:59:44.810+0000] {logging_mixin.py:154} INFO - [2023-11-29T20:59:44.810+0000] {dagbag.py:536} INFO - Filling up the DagBag from /home/airflow/.local/lib/python3.8/site-packages/airflow/example_dags/example_task_group.py
[2023-11-29T20:59:44.814+0000] {processor.py:839} INFO - DAG(s) dict_keys(['example_task_group']) retrieved from /home/airflow/.local/lib/python3.8/site-packages/airflow/example_dags/example_task_group.py
[2023-11-29T20:59:44.827+0000] {logging_mixin.py:154} INFO - [2023-11-29T20:59:44.827+0000] {dag.py:2941} INFO - Sync 1 DAGs
[2023-11-29T20:59:44.839+0000] {logging_mixin.py:154} INFO - [2023-11-29T20:59:44.839+0000] {dag.py:3722} INFO - Setting next_dagrun for example_task_group to 2023-11-28T20:59:44.839491+00:00, run_after=2023-11-29T20:59:44.839491+00:00
[2023-11-29T20:59:44.849+0000] {processor.py:179} INFO - Processing /home/airflow/.local/lib/python3.8/site-packages/airflow/example_dags/example_task_group.py took 0.044 seconds
[2023-11-29T21:00:15.613+0000] {processor.py:157} INFO - Started process (PID=983) to work on /home/airflow/.local/lib/python3.8/site-packages/airflow/example_dags/example_task_group.py
[2023-11-29T21:00:15.614+0000] {processor.py:829} INFO - Processing file /home/airflow/.local/lib/python3.8/site-packages/airflow/example_dags/example_task_group.py for tasks to queue
[2023-11-29T21:00:15.616+0000] {logging_mixin.py:154} INFO - [2023-11-29T21:00:15.616+0000] {dagbag.py:536} INFO - Filling up the DagBag from /home/airflow/.local/lib/python3.8/site-packages/airflow/example_dags/example_task_group.py
[2023-11-29T21:00:15.620+0000] {processor.py:839} INFO - DAG(s) dict_keys(['example_task_group']) retrieved from /home/airflow/.local/lib/python3.8/site-packages/airflow/example_dags/example_task_group.py
[2023-11-29T21:00:15.633+0000] {logging_mixin.py:154} INFO - [2023-11-29T21:00:15.633+0000] {dag.py:2941} INFO - Sync 1 DAGs
[2023-11-29T21:00:15.645+0000] {logging_mixin.py:154} INFO - [2023-11-29T21:00:15.645+0000] {dag.py:3722} INFO - Setting next_dagrun for example_task_group to 2023-11-28T21:00:15.645384+00:00, run_after=2023-11-29T21:00:15.645384+00:00
[2023-11-29T21:00:15.655+0000] {processor.py:179} INFO - Processing /home/airflow/.local/lib/python3.8/site-packages/airflow/example_dags/example_task_group.py took 0.044 seconds
[2023-11-29T21:00:46.660+0000] {processor.py:157} INFO - Started process (PID=1037) to work on /home/airflow/.local/lib/python3.8/site-packages/airflow/example_dags/example_task_group.py
[2023-11-29T21:00:46.661+0000] {processor.py:829} INFO - Processing file /home/airflow/.local/lib/python3.8/site-packages/airflow/example_dags/example_task_group.py for tasks to queue
[2023-11-29T21:00:46.662+0000] {logging_mixin.py:154} INFO - [2023-11-29T21:00:46.662+0000] {dagbag.py:536} INFO - Filling up the DagBag from /home/airflow/.local/lib/python3.8/site-packages/airflow/example_dags/example_task_group.py
[2023-11-29T21:00:46.667+0000] {processor.py:839} INFO - DAG(s) dict_keys(['example_task_group']) retrieved from /home/airflow/.local/lib/python3.8/site-packages/airflow/example_dags/example_task_group.py
[2023-11-29T21:00:46.680+0000] {logging_mixin.py:154} INFO - [2023-11-29T21:00:46.680+0000] {dag.py:2941} INFO - Sync 1 DAGs
[2023-11-29T21:00:46.692+0000] {logging_mixin.py:154} INFO - [2023-11-29T21:00:46.692+0000] {dag.py:3722} INFO - Setting next_dagrun for example_task_group to 2023-11-28T21:00:46.691895+00:00, run_after=2023-11-29T21:00:46.691895+00:00
[2023-11-29T21:00:46.701+0000] {processor.py:179} INFO - Processing /home/airflow/.local/lib/python3.8/site-packages/airflow/example_dags/example_task_group.py took 0.043 seconds
[2023-11-29T21:01:17.587+0000] {processor.py:157} INFO - Started process (PID=1091) to work on /home/airflow/.local/lib/python3.8/site-packages/airflow/example_dags/example_task_group.py
[2023-11-29T21:01:17.588+0000] {processor.py:829} INFO - Processing file /home/airflow/.local/lib/python3.8/site-packages/airflow/example_dags/example_task_group.py for tasks to queue
[2023-11-29T21:01:17.590+0000] {logging_mixin.py:154} INFO - [2023-11-29T21:01:17.589+0000] {dagbag.py:536} INFO - Filling up the DagBag from /home/airflow/.local/lib/python3.8/site-packages/airflow/example_dags/example_task_group.py
[2023-11-29T21:01:17.594+0000] {processor.py:839} INFO - DAG(s) dict_keys(['example_task_group']) retrieved from /home/airflow/.local/lib/python3.8/site-packages/airflow/example_dags/example_task_group.py
[2023-11-29T21:01:17.606+0000] {logging_mixin.py:154} INFO - [2023-11-29T21:01:17.606+0000] {dag.py:2941} INFO - Sync 1 DAGs
[2023-11-29T21:01:17.618+0000] {logging_mixin.py:154} INFO - [2023-11-29T21:01:17.618+0000] {dag.py:3722} INFO - Setting next_dagrun for example_task_group to 2023-11-28T21:01:17.618392+00:00, run_after=2023-11-29T21:01:17.618392+00:00
[2023-11-29T21:01:17.627+0000] {processor.py:179} INFO - Processing /home/airflow/.local/lib/python3.8/site-packages/airflow/example_dags/example_task_group.py took 0.043 seconds
[2023-11-29T21:01:48.377+0000] {processor.py:157} INFO - Started process (PID=1145) to work on /home/airflow/.local/lib/python3.8/site-packages/airflow/example_dags/example_task_group.py
[2023-11-29T21:01:48.378+0000] {processor.py:829} INFO - Processing file /home/airflow/.local/lib/python3.8/site-packages/airflow/example_dags/example_task_group.py for tasks to queue
[2023-11-29T21:01:48.380+0000] {logging_mixin.py:154} INFO - [2023-11-29T21:01:48.379+0000] {dagbag.py:536} INFO - Filling up the DagBag from /home/airflow/.local/lib/python3.8/site-packages/airflow/example_dags/example_task_group.py
[2023-11-29T21:01:48.384+0000] {processor.py:839} INFO - DAG(s) dict_keys(['example_task_group']) retrieved from /home/airflow/.local/lib/python3.8/site-packages/airflow/example_dags/example_task_group.py
[2023-11-29T21:01:48.397+0000] {logging_mixin.py:154} INFO - [2023-11-29T21:01:48.397+0000] {dag.py:2941} INFO - Sync 1 DAGs
[2023-11-29T21:01:48.410+0000] {logging_mixin.py:154} INFO - [2023-11-29T21:01:48.410+0000] {dag.py:3722} INFO - Setting next_dagrun for example_task_group to 2023-11-28T21:01:48.410020+00:00, run_after=2023-11-29T21:01:48.410020+00:00
[2023-11-29T21:01:48.420+0000] {processor.py:179} INFO - Processing /home/airflow/.local/lib/python3.8/site-packages/airflow/example_dags/example_task_group.py took 0.045 seconds
[2023-11-29T21:41:09.806+0000] {processor.py:157} INFO - Started process (PID=75) to work on /home/airflow/.local/lib/python3.8/site-packages/airflow/example_dags/example_task_group.py
[2023-11-29T21:41:09.807+0000] {processor.py:829} INFO - Processing file /home/airflow/.local/lib/python3.8/site-packages/airflow/example_dags/example_task_group.py for tasks to queue
[2023-11-29T21:41:09.809+0000] {logging_mixin.py:154} INFO - [2023-11-29T21:41:09.808+0000] {dagbag.py:536} INFO - Filling up the DagBag from /home/airflow/.local/lib/python3.8/site-packages/airflow/example_dags/example_task_group.py
[2023-11-29T21:41:09.814+0000] {processor.py:839} INFO - DAG(s) dict_keys(['example_task_group']) retrieved from /home/airflow/.local/lib/python3.8/site-packages/airflow/example_dags/example_task_group.py
[2023-11-29T21:41:09.875+0000] {logging_mixin.py:154} INFO - [2023-11-29T21:41:09.875+0000] {manager.py:499} INFO - Created Permission View: %s
[2023-11-29T21:41:09.880+0000] {logging_mixin.py:154} INFO - [2023-11-29T21:41:09.880+0000] {manager.py:499} INFO - Created Permission View: %s
[2023-11-29T21:41:09.883+0000] {logging_mixin.py:154} INFO - [2023-11-29T21:41:09.883+0000] {manager.py:499} INFO - Created Permission View: %s
[2023-11-29T21:41:09.883+0000] {logging_mixin.py:154} INFO - [2023-11-29T21:41:09.883+0000] {dag.py:2941} INFO - Sync 1 DAGs
[2023-11-29T21:41:09.890+0000] {logging_mixin.py:154} INFO - [2023-11-29T21:41:09.889+0000] {dag.py:2963} INFO - Creating ORM DAG for example_task_group
[2023-11-29T21:41:09.895+0000] {logging_mixin.py:154} INFO - [2023-11-29T21:41:09.895+0000] {dag.py:3722} INFO - Setting next_dagrun for example_task_group to 2023-11-28T21:41:09.895291+00:00, run_after=2023-11-29T21:41:09.895291+00:00
[2023-11-29T21:41:10.002+0000] {processor.py:179} INFO - Processing /home/airflow/.local/lib/python3.8/site-packages/airflow/example_dags/example_task_group.py took 0.198 seconds
[2023-11-29T21:41:40.881+0000] {processor.py:157} INFO - Started process (PID=129) to work on /home/airflow/.local/lib/python3.8/site-packages/airflow/example_dags/example_task_group.py
[2023-11-29T21:41:40.882+0000] {processor.py:829} INFO - Processing file /home/airflow/.local/lib/python3.8/site-packages/airflow/example_dags/example_task_group.py for tasks to queue
[2023-11-29T21:41:40.884+0000] {logging_mixin.py:154} INFO - [2023-11-29T21:41:40.884+0000] {dagbag.py:536} INFO - Filling up the DagBag from /home/airflow/.local/lib/python3.8/site-packages/airflow/example_dags/example_task_group.py
[2023-11-29T21:41:40.889+0000] {processor.py:839} INFO - DAG(s) dict_keys(['example_task_group']) retrieved from /home/airflow/.local/lib/python3.8/site-packages/airflow/example_dags/example_task_group.py
[2023-11-29T21:41:40.903+0000] {logging_mixin.py:154} INFO - [2023-11-29T21:41:40.902+0000] {dag.py:2941} INFO - Sync 1 DAGs
[2023-11-29T21:41:40.915+0000] {logging_mixin.py:154} INFO - [2023-11-29T21:41:40.915+0000] {dag.py:3722} INFO - Setting next_dagrun for example_task_group to 2023-11-28T21:41:40.915532+00:00, run_after=2023-11-29T21:41:40.915532+00:00
[2023-11-29T21:41:40.926+0000] {processor.py:179} INFO - Processing /home/airflow/.local/lib/python3.8/site-packages/airflow/example_dags/example_task_group.py took 0.047 seconds
[2023-11-29T21:42:11.528+0000] {processor.py:157} INFO - Started process (PID=183) to work on /home/airflow/.local/lib/python3.8/site-packages/airflow/example_dags/example_task_group.py
[2023-11-29T21:42:11.528+0000] {processor.py:829} INFO - Processing file /home/airflow/.local/lib/python3.8/site-packages/airflow/example_dags/example_task_group.py for tasks to queue
[2023-11-29T21:42:11.530+0000] {logging_mixin.py:154} INFO - [2023-11-29T21:42:11.530+0000] {dagbag.py:536} INFO - Filling up the DagBag from /home/airflow/.local/lib/python3.8/site-packages/airflow/example_dags/example_task_group.py
[2023-11-29T21:42:11.535+0000] {processor.py:839} INFO - DAG(s) dict_keys(['example_task_group']) retrieved from /home/airflow/.local/lib/python3.8/site-packages/airflow/example_dags/example_task_group.py
[2023-11-29T21:42:11.548+0000] {logging_mixin.py:154} INFO - [2023-11-29T21:42:11.548+0000] {dag.py:2941} INFO - Sync 1 DAGs
[2023-11-29T21:42:11.559+0000] {logging_mixin.py:154} INFO - [2023-11-29T21:42:11.559+0000] {dag.py:3722} INFO - Setting next_dagrun for example_task_group to 2023-11-28T21:42:11.559702+00:00, run_after=2023-11-29T21:42:11.559702+00:00
[2023-11-29T21:42:11.569+0000] {processor.py:179} INFO - Processing /home/airflow/.local/lib/python3.8/site-packages/airflow/example_dags/example_task_group.py took 0.044 seconds
[2023-11-29T21:42:42.265+0000] {processor.py:157} INFO - Started process (PID=237) to work on /home/airflow/.local/lib/python3.8/site-packages/airflow/example_dags/example_task_group.py
[2023-11-29T21:42:42.265+0000] {processor.py:829} INFO - Processing file /home/airflow/.local/lib/python3.8/site-packages/airflow/example_dags/example_task_group.py for tasks to queue
[2023-11-29T21:42:42.267+0000] {logging_mixin.py:154} INFO - [2023-11-29T21:42:42.267+0000] {dagbag.py:536} INFO - Filling up the DagBag from /home/airflow/.local/lib/python3.8/site-packages/airflow/example_dags/example_task_group.py
[2023-11-29T21:42:42.272+0000] {processor.py:839} INFO - DAG(s) dict_keys(['example_task_group']) retrieved from /home/airflow/.local/lib/python3.8/site-packages/airflow/example_dags/example_task_group.py
[2023-11-29T21:42:42.285+0000] {logging_mixin.py:154} INFO - [2023-11-29T21:42:42.285+0000] {dag.py:2941} INFO - Sync 1 DAGs
[2023-11-29T21:42:42.298+0000] {logging_mixin.py:154} INFO - [2023-11-29T21:42:42.298+0000] {dag.py:3722} INFO - Setting next_dagrun for example_task_group to 2023-11-28T21:42:42.297903+00:00, run_after=2023-11-29T21:42:42.297903+00:00
[2023-11-29T21:42:42.308+0000] {processor.py:179} INFO - Processing /home/airflow/.local/lib/python3.8/site-packages/airflow/example_dags/example_task_group.py took 0.046 seconds
[2023-11-29T21:43:12.465+0000] {processor.py:157} INFO - Started process (PID=291) to work on /home/airflow/.local/lib/python3.8/site-packages/airflow/example_dags/example_task_group.py
[2023-11-29T21:43:12.466+0000] {processor.py:829} INFO - Processing file /home/airflow/.local/lib/python3.8/site-packages/airflow/example_dags/example_task_group.py for tasks to queue
[2023-11-29T21:43:12.467+0000] {logging_mixin.py:154} INFO - [2023-11-29T21:43:12.467+0000] {dagbag.py:536} INFO - Filling up the DagBag from /home/airflow/.local/lib/python3.8/site-packages/airflow/example_dags/example_task_group.py
[2023-11-29T21:43:12.473+0000] {processor.py:839} INFO - DAG(s) dict_keys(['example_task_group']) retrieved from /home/airflow/.local/lib/python3.8/site-packages/airflow/example_dags/example_task_group.py
[2023-11-29T21:43:12.487+0000] {logging_mixin.py:154} INFO - [2023-11-29T21:43:12.487+0000] {dag.py:2941} INFO - Sync 1 DAGs
[2023-11-29T21:43:12.500+0000] {logging_mixin.py:154} INFO - [2023-11-29T21:43:12.500+0000] {dag.py:3722} INFO - Setting next_dagrun for example_task_group to 2023-11-28T21:43:12.500428+00:00, run_after=2023-11-29T21:43:12.500428+00:00
[2023-11-29T21:43:12.511+0000] {processor.py:179} INFO - Processing /home/airflow/.local/lib/python3.8/site-packages/airflow/example_dags/example_task_group.py took 0.049 seconds
[2023-11-29T21:43:42.590+0000] {processor.py:157} INFO - Started process (PID=345) to work on /home/airflow/.local/lib/python3.8/site-packages/airflow/example_dags/example_task_group.py
[2023-11-29T21:43:42.591+0000] {processor.py:829} INFO - Processing file /home/airflow/.local/lib/python3.8/site-packages/airflow/example_dags/example_task_group.py for tasks to queue
[2023-11-29T21:43:42.593+0000] {logging_mixin.py:154} INFO - [2023-11-29T21:43:42.592+0000] {dagbag.py:536} INFO - Filling up the DagBag from /home/airflow/.local/lib/python3.8/site-packages/airflow/example_dags/example_task_group.py
[2023-11-29T21:43:42.597+0000] {processor.py:839} INFO - DAG(s) dict_keys(['example_task_group']) retrieved from /home/airflow/.local/lib/python3.8/site-packages/airflow/example_dags/example_task_group.py
[2023-11-29T21:43:42.611+0000] {logging_mixin.py:154} INFO - [2023-11-29T21:43:42.611+0000] {dag.py:2941} INFO - Sync 1 DAGs
[2023-11-29T21:43:42.622+0000] {logging_mixin.py:154} INFO - [2023-11-29T21:43:42.622+0000] {dag.py:3722} INFO - Setting next_dagrun for example_task_group to 2023-11-28T21:43:42.622722+00:00, run_after=2023-11-29T21:43:42.622722+00:00
[2023-11-29T21:43:42.632+0000] {processor.py:179} INFO - Processing /home/airflow/.local/lib/python3.8/site-packages/airflow/example_dags/example_task_group.py took 0.044 seconds
[2023-11-29T21:44:12.811+0000] {processor.py:157} INFO - Started process (PID=399) to work on /home/airflow/.local/lib/python3.8/site-packages/airflow/example_dags/example_task_group.py
[2023-11-29T21:44:12.811+0000] {processor.py:829} INFO - Processing file /home/airflow/.local/lib/python3.8/site-packages/airflow/example_dags/example_task_group.py for tasks to queue
[2023-11-29T21:44:12.813+0000] {logging_mixin.py:154} INFO - [2023-11-29T21:44:12.812+0000] {dagbag.py:536} INFO - Filling up the DagBag from /home/airflow/.local/lib/python3.8/site-packages/airflow/example_dags/example_task_group.py
[2023-11-29T21:44:12.817+0000] {processor.py:839} INFO - DAG(s) dict_keys(['example_task_group']) retrieved from /home/airflow/.local/lib/python3.8/site-packages/airflow/example_dags/example_task_group.py
[2023-11-29T21:44:12.831+0000] {logging_mixin.py:154} INFO - [2023-11-29T21:44:12.831+0000] {dag.py:2941} INFO - Sync 1 DAGs
[2023-11-29T21:44:12.843+0000] {logging_mixin.py:154} INFO - [2023-11-29T21:44:12.843+0000] {dag.py:3722} INFO - Setting next_dagrun for example_task_group to 2023-11-28T21:44:12.843269+00:00, run_after=2023-11-29T21:44:12.843269+00:00
[2023-11-29T21:44:12.853+0000] {processor.py:179} INFO - Processing /home/airflow/.local/lib/python3.8/site-packages/airflow/example_dags/example_task_group.py took 0.045 seconds
[2023-11-29T21:44:43.064+0000] {processor.py:157} INFO - Started process (PID=453) to work on /home/airflow/.local/lib/python3.8/site-packages/airflow/example_dags/example_task_group.py
[2023-11-29T21:44:43.065+0000] {processor.py:829} INFO - Processing file /home/airflow/.local/lib/python3.8/site-packages/airflow/example_dags/example_task_group.py for tasks to queue
[2023-11-29T21:44:43.067+0000] {logging_mixin.py:154} INFO - [2023-11-29T21:44:43.067+0000] {dagbag.py:536} INFO - Filling up the DagBag from /home/airflow/.local/lib/python3.8/site-packages/airflow/example_dags/example_task_group.py
[2023-11-29T21:44:43.071+0000] {processor.py:839} INFO - DAG(s) dict_keys(['example_task_group']) retrieved from /home/airflow/.local/lib/python3.8/site-packages/airflow/example_dags/example_task_group.py
[2023-11-29T21:44:43.084+0000] {logging_mixin.py:154} INFO - [2023-11-29T21:44:43.084+0000] {dag.py:2941} INFO - Sync 1 DAGs
[2023-11-29T21:44:43.097+0000] {logging_mixin.py:154} INFO - [2023-11-29T21:44:43.097+0000] {dag.py:3722} INFO - Setting next_dagrun for example_task_group to 2023-11-28T21:44:43.097426+00:00, run_after=2023-11-29T21:44:43.097426+00:00
[2023-11-29T21:44:43.110+0000] {processor.py:179} INFO - Processing /home/airflow/.local/lib/python3.8/site-packages/airflow/example_dags/example_task_group.py took 0.047 seconds
[2023-11-29T21:45:13.235+0000] {processor.py:157} INFO - Started process (PID=507) to work on /home/airflow/.local/lib/python3.8/site-packages/airflow/example_dags/example_task_group.py
[2023-11-29T21:45:13.236+0000] {processor.py:829} INFO - Processing file /home/airflow/.local/lib/python3.8/site-packages/airflow/example_dags/example_task_group.py for tasks to queue
[2023-11-29T21:45:13.238+0000] {logging_mixin.py:154} INFO - [2023-11-29T21:45:13.237+0000] {dagbag.py:536} INFO - Filling up the DagBag from /home/airflow/.local/lib/python3.8/site-packages/airflow/example_dags/example_task_group.py
[2023-11-29T21:45:13.242+0000] {processor.py:839} INFO - DAG(s) dict_keys(['example_task_group']) retrieved from /home/airflow/.local/lib/python3.8/site-packages/airflow/example_dags/example_task_group.py
[2023-11-29T21:45:13.256+0000] {logging_mixin.py:154} INFO - [2023-11-29T21:45:13.256+0000] {dag.py:2941} INFO - Sync 1 DAGs
[2023-11-29T21:45:13.268+0000] {logging_mixin.py:154} INFO - [2023-11-29T21:45:13.268+0000] {dag.py:3722} INFO - Setting next_dagrun for example_task_group to 2023-11-28T21:45:13.268177+00:00, run_after=2023-11-29T21:45:13.268177+00:00
[2023-11-29T21:45:13.278+0000] {processor.py:179} INFO - Processing /home/airflow/.local/lib/python3.8/site-packages/airflow/example_dags/example_task_group.py took 0.045 seconds
[2023-11-29T21:45:43.368+0000] {processor.py:157} INFO - Started process (PID=561) to work on /home/airflow/.local/lib/python3.8/site-packages/airflow/example_dags/example_task_group.py
[2023-11-29T21:45:43.368+0000] {processor.py:829} INFO - Processing file /home/airflow/.local/lib/python3.8/site-packages/airflow/example_dags/example_task_group.py for tasks to queue
[2023-11-29T21:45:43.370+0000] {logging_mixin.py:154} INFO - [2023-11-29T21:45:43.370+0000] {dagbag.py:536} INFO - Filling up the DagBag from /home/airflow/.local/lib/python3.8/site-packages/airflow/example_dags/example_task_group.py
[2023-11-29T21:45:43.375+0000] {processor.py:839} INFO - DAG(s) dict_keys(['example_task_group']) retrieved from /home/airflow/.local/lib/python3.8/site-packages/airflow/example_dags/example_task_group.py
[2023-11-29T21:45:43.388+0000] {logging_mixin.py:154} INFO - [2023-11-29T21:45:43.388+0000] {dag.py:2941} INFO - Sync 1 DAGs
[2023-11-29T21:45:43.400+0000] {logging_mixin.py:154} INFO - [2023-11-29T21:45:43.400+0000] {dag.py:3722} INFO - Setting next_dagrun for example_task_group to 2023-11-28T21:45:43.400621+00:00, run_after=2023-11-29T21:45:43.400621+00:00
[2023-11-29T21:45:43.410+0000] {processor.py:179} INFO - Processing /home/airflow/.local/lib/python3.8/site-packages/airflow/example_dags/example_task_group.py took 0.045 seconds
[2023-11-29T21:46:13.561+0000] {processor.py:157} INFO - Started process (PID=615) to work on /home/airflow/.local/lib/python3.8/site-packages/airflow/example_dags/example_task_group.py
[2023-11-29T21:46:13.561+0000] {processor.py:829} INFO - Processing file /home/airflow/.local/lib/python3.8/site-packages/airflow/example_dags/example_task_group.py for tasks to queue
[2023-11-29T21:46:13.563+0000] {logging_mixin.py:154} INFO - [2023-11-29T21:46:13.563+0000] {dagbag.py:536} INFO - Filling up the DagBag from /home/airflow/.local/lib/python3.8/site-packages/airflow/example_dags/example_task_group.py
[2023-11-29T21:46:13.568+0000] {processor.py:839} INFO - DAG(s) dict_keys(['example_task_group']) retrieved from /home/airflow/.local/lib/python3.8/site-packages/airflow/example_dags/example_task_group.py
[2023-11-29T21:46:13.582+0000] {logging_mixin.py:154} INFO - [2023-11-29T21:46:13.581+0000] {dag.py:2941} INFO - Sync 1 DAGs
[2023-11-29T21:46:13.594+0000] {logging_mixin.py:154} INFO - [2023-11-29T21:46:13.593+0000] {dag.py:3722} INFO - Setting next_dagrun for example_task_group to 2023-11-28T21:46:13.593767+00:00, run_after=2023-11-29T21:46:13.593767+00:00
[2023-11-29T21:46:13.603+0000] {processor.py:179} INFO - Processing /home/airflow/.local/lib/python3.8/site-packages/airflow/example_dags/example_task_group.py took 0.045 seconds
