[2023-11-29T20:51:38.717+0000] {processor.py:157} INFO - Started process (PID=48) to work on /home/airflow/.local/lib/python3.8/site-packages/airflow/example_dags/example_branch_operator_decorator.py
[2023-11-29T20:51:38.718+0000] {processor.py:829} INFO - Processing file /home/airflow/.local/lib/python3.8/site-packages/airflow/example_dags/example_branch_operator_decorator.py for tasks to queue
[2023-11-29T20:51:38.720+0000] {logging_mixin.py:154} INFO - [2023-11-29T20:51:38.720+0000] {dagbag.py:536} INFO - Filling up the DagBag from /home/airflow/.local/lib/python3.8/site-packages/airflow/example_dags/example_branch_operator_decorator.py
[2023-11-29T20:51:38.728+0000] {processor.py:839} INFO - DAG(s) dict_keys(['example_branch_python_operator_decorator']) retrieved from /home/airflow/.local/lib/python3.8/site-packages/airflow/example_dags/example_branch_operator_decorator.py
[2023-11-29T20:51:38.806+0000] {logging_mixin.py:154} INFO - [2023-11-29T20:51:38.806+0000] {dag.py:2941} INFO - Sync 1 DAGs
[2023-11-29T20:51:38.822+0000] {logging_mixin.py:154} INFO - [2023-11-29T20:51:38.822+0000] {dag.py:3722} INFO - Setting next_dagrun for example_branch_python_operator_decorator to 2023-11-28T00:00:00+00:00, run_after=2023-11-29T00:00:00+00:00
[2023-11-29T20:51:38.837+0000] {processor.py:179} INFO - Processing /home/airflow/.local/lib/python3.8/site-packages/airflow/example_dags/example_branch_operator_decorator.py took 0.122 seconds
[2023-11-29T20:52:09.544+0000] {processor.py:157} INFO - Started process (PID=102) to work on /home/airflow/.local/lib/python3.8/site-packages/airflow/example_dags/example_branch_operator_decorator.py
[2023-11-29T20:52:09.544+0000] {processor.py:829} INFO - Processing file /home/airflow/.local/lib/python3.8/site-packages/airflow/example_dags/example_branch_operator_decorator.py for tasks to queue
[2023-11-29T20:52:09.546+0000] {logging_mixin.py:154} INFO - [2023-11-29T20:52:09.545+0000] {dagbag.py:536} INFO - Filling up the DagBag from /home/airflow/.local/lib/python3.8/site-packages/airflow/example_dags/example_branch_operator_decorator.py
[2023-11-29T20:52:09.552+0000] {processor.py:839} INFO - DAG(s) dict_keys(['example_branch_python_operator_decorator']) retrieved from /home/airflow/.local/lib/python3.8/site-packages/airflow/example_dags/example_branch_operator_decorator.py
[2023-11-29T20:52:09.560+0000] {logging_mixin.py:154} INFO - [2023-11-29T20:52:09.560+0000] {dag.py:2941} INFO - Sync 1 DAGs
[2023-11-29T20:52:09.574+0000] {logging_mixin.py:154} INFO - [2023-11-29T20:52:09.574+0000] {dag.py:3722} INFO - Setting next_dagrun for example_branch_python_operator_decorator to 2023-11-28T00:00:00+00:00, run_after=2023-11-29T00:00:00+00:00
[2023-11-29T20:52:09.584+0000] {processor.py:179} INFO - Processing /home/airflow/.local/lib/python3.8/site-packages/airflow/example_dags/example_branch_operator_decorator.py took 0.042 seconds
[2023-11-29T20:52:40.349+0000] {processor.py:157} INFO - Started process (PID=156) to work on /home/airflow/.local/lib/python3.8/site-packages/airflow/example_dags/example_branch_operator_decorator.py
[2023-11-29T20:52:40.349+0000] {processor.py:829} INFO - Processing file /home/airflow/.local/lib/python3.8/site-packages/airflow/example_dags/example_branch_operator_decorator.py for tasks to queue
[2023-11-29T20:52:40.350+0000] {logging_mixin.py:154} INFO - [2023-11-29T20:52:40.350+0000] {dagbag.py:536} INFO - Filling up the DagBag from /home/airflow/.local/lib/python3.8/site-packages/airflow/example_dags/example_branch_operator_decorator.py
[2023-11-29T20:52:40.357+0000] {processor.py:839} INFO - DAG(s) dict_keys(['example_branch_python_operator_decorator']) retrieved from /home/airflow/.local/lib/python3.8/site-packages/airflow/example_dags/example_branch_operator_decorator.py
[2023-11-29T20:52:40.370+0000] {logging_mixin.py:154} INFO - [2023-11-29T20:52:40.370+0000] {dag.py:2941} INFO - Sync 1 DAGs
[2023-11-29T20:52:40.383+0000] {logging_mixin.py:154} INFO - [2023-11-29T20:52:40.383+0000] {dag.py:3722} INFO - Setting next_dagrun for example_branch_python_operator_decorator to 2023-11-28T00:00:00+00:00, run_after=2023-11-29T00:00:00+00:00
[2023-11-29T20:52:40.392+0000] {processor.py:179} INFO - Processing /home/airflow/.local/lib/python3.8/site-packages/airflow/example_dags/example_branch_operator_decorator.py took 0.046 seconds
[2023-11-29T20:53:10.507+0000] {processor.py:157} INFO - Started process (PID=210) to work on /home/airflow/.local/lib/python3.8/site-packages/airflow/example_dags/example_branch_operator_decorator.py
[2023-11-29T20:53:10.507+0000] {processor.py:829} INFO - Processing file /home/airflow/.local/lib/python3.8/site-packages/airflow/example_dags/example_branch_operator_decorator.py for tasks to queue
[2023-11-29T20:53:10.509+0000] {logging_mixin.py:154} INFO - [2023-11-29T20:53:10.509+0000] {dagbag.py:536} INFO - Filling up the DagBag from /home/airflow/.local/lib/python3.8/site-packages/airflow/example_dags/example_branch_operator_decorator.py
[2023-11-29T20:53:10.515+0000] {processor.py:839} INFO - DAG(s) dict_keys(['example_branch_python_operator_decorator']) retrieved from /home/airflow/.local/lib/python3.8/site-packages/airflow/example_dags/example_branch_operator_decorator.py
[2023-11-29T20:53:10.529+0000] {logging_mixin.py:154} INFO - [2023-11-29T20:53:10.529+0000] {dag.py:2941} INFO - Sync 1 DAGs
[2023-11-29T20:53:10.542+0000] {logging_mixin.py:154} INFO - [2023-11-29T20:53:10.541+0000] {dag.py:3722} INFO - Setting next_dagrun for example_branch_python_operator_decorator to 2023-11-28T00:00:00+00:00, run_after=2023-11-29T00:00:00+00:00
[2023-11-29T20:53:10.551+0000] {processor.py:179} INFO - Processing /home/airflow/.local/lib/python3.8/site-packages/airflow/example_dags/example_branch_operator_decorator.py took 0.047 seconds
[2023-11-29T20:53:40.587+0000] {processor.py:157} INFO - Started process (PID=264) to work on /home/airflow/.local/lib/python3.8/site-packages/airflow/example_dags/example_branch_operator_decorator.py
[2023-11-29T20:53:40.587+0000] {processor.py:829} INFO - Processing file /home/airflow/.local/lib/python3.8/site-packages/airflow/example_dags/example_branch_operator_decorator.py for tasks to queue
[2023-11-29T20:53:40.589+0000] {logging_mixin.py:154} INFO - [2023-11-29T20:53:40.589+0000] {dagbag.py:536} INFO - Filling up the DagBag from /home/airflow/.local/lib/python3.8/site-packages/airflow/example_dags/example_branch_operator_decorator.py
[2023-11-29T20:53:40.595+0000] {processor.py:839} INFO - DAG(s) dict_keys(['example_branch_python_operator_decorator']) retrieved from /home/airflow/.local/lib/python3.8/site-packages/airflow/example_dags/example_branch_operator_decorator.py
[2023-11-29T20:53:40.609+0000] {logging_mixin.py:154} INFO - [2023-11-29T20:53:40.609+0000] {dag.py:2941} INFO - Sync 1 DAGs
[2023-11-29T20:53:40.621+0000] {logging_mixin.py:154} INFO - [2023-11-29T20:53:40.621+0000] {dag.py:3722} INFO - Setting next_dagrun for example_branch_python_operator_decorator to 2023-11-28T00:00:00+00:00, run_after=2023-11-29T00:00:00+00:00
[2023-11-29T20:53:40.630+0000] {processor.py:179} INFO - Processing /home/airflow/.local/lib/python3.8/site-packages/airflow/example_dags/example_branch_operator_decorator.py took 0.045 seconds
[2023-11-29T20:54:10.700+0000] {processor.py:157} INFO - Started process (PID=318) to work on /home/airflow/.local/lib/python3.8/site-packages/airflow/example_dags/example_branch_operator_decorator.py
[2023-11-29T20:54:10.701+0000] {processor.py:829} INFO - Processing file /home/airflow/.local/lib/python3.8/site-packages/airflow/example_dags/example_branch_operator_decorator.py for tasks to queue
[2023-11-29T20:54:10.702+0000] {logging_mixin.py:154} INFO - [2023-11-29T20:54:10.702+0000] {dagbag.py:536} INFO - Filling up the DagBag from /home/airflow/.local/lib/python3.8/site-packages/airflow/example_dags/example_branch_operator_decorator.py
[2023-11-29T20:54:10.708+0000] {processor.py:839} INFO - DAG(s) dict_keys(['example_branch_python_operator_decorator']) retrieved from /home/airflow/.local/lib/python3.8/site-packages/airflow/example_dags/example_branch_operator_decorator.py
[2023-11-29T20:54:10.723+0000] {logging_mixin.py:154} INFO - [2023-11-29T20:54:10.723+0000] {dag.py:2941} INFO - Sync 1 DAGs
[2023-11-29T20:54:10.736+0000] {logging_mixin.py:154} INFO - [2023-11-29T20:54:10.736+0000] {dag.py:3722} INFO - Setting next_dagrun for example_branch_python_operator_decorator to 2023-11-28T00:00:00+00:00, run_after=2023-11-29T00:00:00+00:00
[2023-11-29T20:54:10.745+0000] {processor.py:179} INFO - Processing /home/airflow/.local/lib/python3.8/site-packages/airflow/example_dags/example_branch_operator_decorator.py took 0.047 seconds
[2023-11-29T20:54:40.792+0000] {processor.py:157} INFO - Started process (PID=372) to work on /home/airflow/.local/lib/python3.8/site-packages/airflow/example_dags/example_branch_operator_decorator.py
[2023-11-29T20:54:40.792+0000] {processor.py:829} INFO - Processing file /home/airflow/.local/lib/python3.8/site-packages/airflow/example_dags/example_branch_operator_decorator.py for tasks to queue
[2023-11-29T20:54:40.794+0000] {logging_mixin.py:154} INFO - [2023-11-29T20:54:40.793+0000] {dagbag.py:536} INFO - Filling up the DagBag from /home/airflow/.local/lib/python3.8/site-packages/airflow/example_dags/example_branch_operator_decorator.py
[2023-11-29T20:54:40.799+0000] {processor.py:839} INFO - DAG(s) dict_keys(['example_branch_python_operator_decorator']) retrieved from /home/airflow/.local/lib/python3.8/site-packages/airflow/example_dags/example_branch_operator_decorator.py
[2023-11-29T20:54:40.813+0000] {logging_mixin.py:154} INFO - [2023-11-29T20:54:40.813+0000] {dag.py:2941} INFO - Sync 1 DAGs
[2023-11-29T20:54:40.826+0000] {logging_mixin.py:154} INFO - [2023-11-29T20:54:40.825+0000] {dag.py:3722} INFO - Setting next_dagrun for example_branch_python_operator_decorator to 2023-11-28T00:00:00+00:00, run_after=2023-11-29T00:00:00+00:00
[2023-11-29T20:54:40.836+0000] {processor.py:179} INFO - Processing /home/airflow/.local/lib/python3.8/site-packages/airflow/example_dags/example_branch_operator_decorator.py took 0.046 seconds
[2023-11-29T20:55:10.869+0000] {processor.py:157} INFO - Started process (PID=426) to work on /home/airflow/.local/lib/python3.8/site-packages/airflow/example_dags/example_branch_operator_decorator.py
[2023-11-29T20:55:10.870+0000] {processor.py:829} INFO - Processing file /home/airflow/.local/lib/python3.8/site-packages/airflow/example_dags/example_branch_operator_decorator.py for tasks to queue
[2023-11-29T20:55:10.871+0000] {logging_mixin.py:154} INFO - [2023-11-29T20:55:10.871+0000] {dagbag.py:536} INFO - Filling up the DagBag from /home/airflow/.local/lib/python3.8/site-packages/airflow/example_dags/example_branch_operator_decorator.py
[2023-11-29T20:55:10.877+0000] {processor.py:839} INFO - DAG(s) dict_keys(['example_branch_python_operator_decorator']) retrieved from /home/airflow/.local/lib/python3.8/site-packages/airflow/example_dags/example_branch_operator_decorator.py
[2023-11-29T20:55:10.891+0000] {logging_mixin.py:154} INFO - [2023-11-29T20:55:10.891+0000] {dag.py:2941} INFO - Sync 1 DAGs
[2023-11-29T20:55:10.903+0000] {logging_mixin.py:154} INFO - [2023-11-29T20:55:10.903+0000] {dag.py:3722} INFO - Setting next_dagrun for example_branch_python_operator_decorator to 2023-11-28T00:00:00+00:00, run_after=2023-11-29T00:00:00+00:00
[2023-11-29T20:55:10.914+0000] {processor.py:179} INFO - Processing /home/airflow/.local/lib/python3.8/site-packages/airflow/example_dags/example_branch_operator_decorator.py took 0.047 seconds
[2023-11-29T20:55:41.005+0000] {processor.py:157} INFO - Started process (PID=480) to work on /home/airflow/.local/lib/python3.8/site-packages/airflow/example_dags/example_branch_operator_decorator.py
[2023-11-29T20:55:41.006+0000] {processor.py:829} INFO - Processing file /home/airflow/.local/lib/python3.8/site-packages/airflow/example_dags/example_branch_operator_decorator.py for tasks to queue
[2023-11-29T20:55:41.007+0000] {logging_mixin.py:154} INFO - [2023-11-29T20:55:41.007+0000] {dagbag.py:536} INFO - Filling up the DagBag from /home/airflow/.local/lib/python3.8/site-packages/airflow/example_dags/example_branch_operator_decorator.py
[2023-11-29T20:55:41.013+0000] {processor.py:839} INFO - DAG(s) dict_keys(['example_branch_python_operator_decorator']) retrieved from /home/airflow/.local/lib/python3.8/site-packages/airflow/example_dags/example_branch_operator_decorator.py
[2023-11-29T20:55:41.027+0000] {logging_mixin.py:154} INFO - [2023-11-29T20:55:41.027+0000] {dag.py:2941} INFO - Sync 1 DAGs
[2023-11-29T20:55:41.040+0000] {logging_mixin.py:154} INFO - [2023-11-29T20:55:41.040+0000] {dag.py:3722} INFO - Setting next_dagrun for example_branch_python_operator_decorator to 2023-11-28T00:00:00+00:00, run_after=2023-11-29T00:00:00+00:00
[2023-11-29T20:55:41.052+0000] {processor.py:179} INFO - Processing /home/airflow/.local/lib/python3.8/site-packages/airflow/example_dags/example_branch_operator_decorator.py took 0.049 seconds
[2023-11-29T20:56:11.181+0000] {processor.py:157} INFO - Started process (PID=534) to work on /home/airflow/.local/lib/python3.8/site-packages/airflow/example_dags/example_branch_operator_decorator.py
[2023-11-29T20:56:11.181+0000] {processor.py:829} INFO - Processing file /home/airflow/.local/lib/python3.8/site-packages/airflow/example_dags/example_branch_operator_decorator.py for tasks to queue
[2023-11-29T20:56:11.183+0000] {logging_mixin.py:154} INFO - [2023-11-29T20:56:11.183+0000] {dagbag.py:536} INFO - Filling up the DagBag from /home/airflow/.local/lib/python3.8/site-packages/airflow/example_dags/example_branch_operator_decorator.py
[2023-11-29T20:56:11.189+0000] {processor.py:839} INFO - DAG(s) dict_keys(['example_branch_python_operator_decorator']) retrieved from /home/airflow/.local/lib/python3.8/site-packages/airflow/example_dags/example_branch_operator_decorator.py
[2023-11-29T20:56:11.202+0000] {logging_mixin.py:154} INFO - [2023-11-29T20:56:11.202+0000] {dag.py:2941} INFO - Sync 1 DAGs
[2023-11-29T20:56:11.216+0000] {logging_mixin.py:154} INFO - [2023-11-29T20:56:11.216+0000] {dag.py:3722} INFO - Setting next_dagrun for example_branch_python_operator_decorator to 2023-11-28T00:00:00+00:00, run_after=2023-11-29T00:00:00+00:00
[2023-11-29T20:56:11.226+0000] {processor.py:179} INFO - Processing /home/airflow/.local/lib/python3.8/site-packages/airflow/example_dags/example_branch_operator_decorator.py took 0.048 seconds
[2023-11-29T20:56:42.122+0000] {processor.py:157} INFO - Started process (PID=588) to work on /home/airflow/.local/lib/python3.8/site-packages/airflow/example_dags/example_branch_operator_decorator.py
[2023-11-29T20:56:42.123+0000] {processor.py:829} INFO - Processing file /home/airflow/.local/lib/python3.8/site-packages/airflow/example_dags/example_branch_operator_decorator.py for tasks to queue
[2023-11-29T20:56:42.124+0000] {logging_mixin.py:154} INFO - [2023-11-29T20:56:42.124+0000] {dagbag.py:536} INFO - Filling up the DagBag from /home/airflow/.local/lib/python3.8/site-packages/airflow/example_dags/example_branch_operator_decorator.py
[2023-11-29T20:56:42.130+0000] {processor.py:839} INFO - DAG(s) dict_keys(['example_branch_python_operator_decorator']) retrieved from /home/airflow/.local/lib/python3.8/site-packages/airflow/example_dags/example_branch_operator_decorator.py
[2023-11-29T20:56:42.144+0000] {logging_mixin.py:154} INFO - [2023-11-29T20:56:42.144+0000] {dag.py:2941} INFO - Sync 1 DAGs
[2023-11-29T20:56:42.158+0000] {logging_mixin.py:154} INFO - [2023-11-29T20:56:42.158+0000] {dag.py:3722} INFO - Setting next_dagrun for example_branch_python_operator_decorator to 2023-11-28T00:00:00+00:00, run_after=2023-11-29T00:00:00+00:00
[2023-11-29T20:56:42.167+0000] {processor.py:179} INFO - Processing /home/airflow/.local/lib/python3.8/site-packages/airflow/example_dags/example_branch_operator_decorator.py took 0.047 seconds
[2023-11-29T20:57:12.208+0000] {processor.py:157} INFO - Started process (PID=642) to work on /home/airflow/.local/lib/python3.8/site-packages/airflow/example_dags/example_branch_operator_decorator.py
[2023-11-29T20:57:12.209+0000] {processor.py:829} INFO - Processing file /home/airflow/.local/lib/python3.8/site-packages/airflow/example_dags/example_branch_operator_decorator.py for tasks to queue
[2023-11-29T20:57:12.211+0000] {logging_mixin.py:154} INFO - [2023-11-29T20:57:12.210+0000] {dagbag.py:536} INFO - Filling up the DagBag from /home/airflow/.local/lib/python3.8/site-packages/airflow/example_dags/example_branch_operator_decorator.py
[2023-11-29T20:57:12.217+0000] {processor.py:839} INFO - DAG(s) dict_keys(['example_branch_python_operator_decorator']) retrieved from /home/airflow/.local/lib/python3.8/site-packages/airflow/example_dags/example_branch_operator_decorator.py
[2023-11-29T20:57:12.232+0000] {logging_mixin.py:154} INFO - [2023-11-29T20:57:12.231+0000] {dag.py:2941} INFO - Sync 1 DAGs
[2023-11-29T20:57:12.244+0000] {logging_mixin.py:154} INFO - [2023-11-29T20:57:12.244+0000] {dag.py:3722} INFO - Setting next_dagrun for example_branch_python_operator_decorator to 2023-11-28T00:00:00+00:00, run_after=2023-11-29T00:00:00+00:00
[2023-11-29T20:57:12.254+0000] {processor.py:179} INFO - Processing /home/airflow/.local/lib/python3.8/site-packages/airflow/example_dags/example_branch_operator_decorator.py took 0.047 seconds
[2023-11-29T20:57:42.274+0000] {processor.py:157} INFO - Started process (PID=696) to work on /home/airflow/.local/lib/python3.8/site-packages/airflow/example_dags/example_branch_operator_decorator.py
[2023-11-29T20:57:42.274+0000] {processor.py:829} INFO - Processing file /home/airflow/.local/lib/python3.8/site-packages/airflow/example_dags/example_branch_operator_decorator.py for tasks to queue
[2023-11-29T20:57:42.276+0000] {logging_mixin.py:154} INFO - [2023-11-29T20:57:42.276+0000] {dagbag.py:536} INFO - Filling up the DagBag from /home/airflow/.local/lib/python3.8/site-packages/airflow/example_dags/example_branch_operator_decorator.py
[2023-11-29T20:57:42.282+0000] {processor.py:839} INFO - DAG(s) dict_keys(['example_branch_python_operator_decorator']) retrieved from /home/airflow/.local/lib/python3.8/site-packages/airflow/example_dags/example_branch_operator_decorator.py
[2023-11-29T20:57:42.295+0000] {logging_mixin.py:154} INFO - [2023-11-29T20:57:42.295+0000] {dag.py:2941} INFO - Sync 1 DAGs
[2023-11-29T20:57:42.310+0000] {logging_mixin.py:154} INFO - [2023-11-29T20:57:42.310+0000] {dag.py:3722} INFO - Setting next_dagrun for example_branch_python_operator_decorator to 2023-11-28T00:00:00+00:00, run_after=2023-11-29T00:00:00+00:00
[2023-11-29T20:57:42.322+0000] {processor.py:179} INFO - Processing /home/airflow/.local/lib/python3.8/site-packages/airflow/example_dags/example_branch_operator_decorator.py took 0.051 seconds
[2023-11-29T20:58:12.409+0000] {processor.py:157} INFO - Started process (PID=750) to work on /home/airflow/.local/lib/python3.8/site-packages/airflow/example_dags/example_branch_operator_decorator.py
[2023-11-29T20:58:12.409+0000] {processor.py:829} INFO - Processing file /home/airflow/.local/lib/python3.8/site-packages/airflow/example_dags/example_branch_operator_decorator.py for tasks to queue
[2023-11-29T20:58:12.411+0000] {logging_mixin.py:154} INFO - [2023-11-29T20:58:12.411+0000] {dagbag.py:536} INFO - Filling up the DagBag from /home/airflow/.local/lib/python3.8/site-packages/airflow/example_dags/example_branch_operator_decorator.py
[2023-11-29T20:58:12.417+0000] {processor.py:839} INFO - DAG(s) dict_keys(['example_branch_python_operator_decorator']) retrieved from /home/airflow/.local/lib/python3.8/site-packages/airflow/example_dags/example_branch_operator_decorator.py
[2023-11-29T20:58:12.431+0000] {logging_mixin.py:154} INFO - [2023-11-29T20:58:12.431+0000] {dag.py:2941} INFO - Sync 1 DAGs
[2023-11-29T20:58:12.444+0000] {logging_mixin.py:154} INFO - [2023-11-29T20:58:12.444+0000] {dag.py:3722} INFO - Setting next_dagrun for example_branch_python_operator_decorator to 2023-11-28T00:00:00+00:00, run_after=2023-11-29T00:00:00+00:00
[2023-11-29T20:58:12.454+0000] {processor.py:179} INFO - Processing /home/airflow/.local/lib/python3.8/site-packages/airflow/example_dags/example_branch_operator_decorator.py took 0.048 seconds
[2023-11-29T20:58:42.578+0000] {processor.py:157} INFO - Started process (PID=804) to work on /home/airflow/.local/lib/python3.8/site-packages/airflow/example_dags/example_branch_operator_decorator.py
[2023-11-29T20:58:42.579+0000] {processor.py:829} INFO - Processing file /home/airflow/.local/lib/python3.8/site-packages/airflow/example_dags/example_branch_operator_decorator.py for tasks to queue
[2023-11-29T20:58:42.580+0000] {logging_mixin.py:154} INFO - [2023-11-29T20:58:42.580+0000] {dagbag.py:536} INFO - Filling up the DagBag from /home/airflow/.local/lib/python3.8/site-packages/airflow/example_dags/example_branch_operator_decorator.py
[2023-11-29T20:58:42.586+0000] {processor.py:839} INFO - DAG(s) dict_keys(['example_branch_python_operator_decorator']) retrieved from /home/airflow/.local/lib/python3.8/site-packages/airflow/example_dags/example_branch_operator_decorator.py
[2023-11-29T20:58:42.600+0000] {logging_mixin.py:154} INFO - [2023-11-29T20:58:42.600+0000] {dag.py:2941} INFO - Sync 1 DAGs
[2023-11-29T20:58:42.613+0000] {logging_mixin.py:154} INFO - [2023-11-29T20:58:42.613+0000] {dag.py:3722} INFO - Setting next_dagrun for example_branch_python_operator_decorator to 2023-11-28T00:00:00+00:00, run_after=2023-11-29T00:00:00+00:00
[2023-11-29T20:58:42.622+0000] {processor.py:179} INFO - Processing /home/airflow/.local/lib/python3.8/site-packages/airflow/example_dags/example_branch_operator_decorator.py took 0.046 seconds
[2023-11-29T20:59:13.446+0000] {processor.py:157} INFO - Started process (PID=858) to work on /home/airflow/.local/lib/python3.8/site-packages/airflow/example_dags/example_branch_operator_decorator.py
[2023-11-29T20:59:13.447+0000] {processor.py:829} INFO - Processing file /home/airflow/.local/lib/python3.8/site-packages/airflow/example_dags/example_branch_operator_decorator.py for tasks to queue
[2023-11-29T20:59:13.448+0000] {logging_mixin.py:154} INFO - [2023-11-29T20:59:13.448+0000] {dagbag.py:536} INFO - Filling up the DagBag from /home/airflow/.local/lib/python3.8/site-packages/airflow/example_dags/example_branch_operator_decorator.py
[2023-11-29T20:59:13.455+0000] {processor.py:839} INFO - DAG(s) dict_keys(['example_branch_python_operator_decorator']) retrieved from /home/airflow/.local/lib/python3.8/site-packages/airflow/example_dags/example_branch_operator_decorator.py
[2023-11-29T20:59:13.468+0000] {logging_mixin.py:154} INFO - [2023-11-29T20:59:13.468+0000] {dag.py:2941} INFO - Sync 1 DAGs
[2023-11-29T20:59:13.480+0000] {logging_mixin.py:154} INFO - [2023-11-29T20:59:13.480+0000] {dag.py:3722} INFO - Setting next_dagrun for example_branch_python_operator_decorator to 2023-11-28T00:00:00+00:00, run_after=2023-11-29T00:00:00+00:00
[2023-11-29T20:59:13.489+0000] {processor.py:179} INFO - Processing /home/airflow/.local/lib/python3.8/site-packages/airflow/example_dags/example_branch_operator_decorator.py took 0.045 seconds
[2023-11-29T20:59:44.320+0000] {processor.py:157} INFO - Started process (PID=912) to work on /home/airflow/.local/lib/python3.8/site-packages/airflow/example_dags/example_branch_operator_decorator.py
[2023-11-29T20:59:44.321+0000] {processor.py:829} INFO - Processing file /home/airflow/.local/lib/python3.8/site-packages/airflow/example_dags/example_branch_operator_decorator.py for tasks to queue
[2023-11-29T20:59:44.322+0000] {logging_mixin.py:154} INFO - [2023-11-29T20:59:44.322+0000] {dagbag.py:536} INFO - Filling up the DagBag from /home/airflow/.local/lib/python3.8/site-packages/airflow/example_dags/example_branch_operator_decorator.py
[2023-11-29T20:59:44.328+0000] {processor.py:839} INFO - DAG(s) dict_keys(['example_branch_python_operator_decorator']) retrieved from /home/airflow/.local/lib/python3.8/site-packages/airflow/example_dags/example_branch_operator_decorator.py
[2023-11-29T20:59:44.342+0000] {logging_mixin.py:154} INFO - [2023-11-29T20:59:44.342+0000] {dag.py:2941} INFO - Sync 1 DAGs
[2023-11-29T20:59:44.354+0000] {logging_mixin.py:154} INFO - [2023-11-29T20:59:44.354+0000] {dag.py:3722} INFO - Setting next_dagrun for example_branch_python_operator_decorator to 2023-11-28T00:00:00+00:00, run_after=2023-11-29T00:00:00+00:00
[2023-11-29T20:59:44.363+0000] {processor.py:179} INFO - Processing /home/airflow/.local/lib/python3.8/site-packages/airflow/example_dags/example_branch_operator_decorator.py took 0.045 seconds
[2023-11-29T21:00:15.118+0000] {processor.py:157} INFO - Started process (PID=966) to work on /home/airflow/.local/lib/python3.8/site-packages/airflow/example_dags/example_branch_operator_decorator.py
[2023-11-29T21:00:15.119+0000] {processor.py:829} INFO - Processing file /home/airflow/.local/lib/python3.8/site-packages/airflow/example_dags/example_branch_operator_decorator.py for tasks to queue
[2023-11-29T21:00:15.120+0000] {logging_mixin.py:154} INFO - [2023-11-29T21:00:15.120+0000] {dagbag.py:536} INFO - Filling up the DagBag from /home/airflow/.local/lib/python3.8/site-packages/airflow/example_dags/example_branch_operator_decorator.py
[2023-11-29T21:00:15.126+0000] {processor.py:839} INFO - DAG(s) dict_keys(['example_branch_python_operator_decorator']) retrieved from /home/airflow/.local/lib/python3.8/site-packages/airflow/example_dags/example_branch_operator_decorator.py
[2023-11-29T21:00:15.139+0000] {logging_mixin.py:154} INFO - [2023-11-29T21:00:15.139+0000] {dag.py:2941} INFO - Sync 1 DAGs
[2023-11-29T21:00:15.151+0000] {logging_mixin.py:154} INFO - [2023-11-29T21:00:15.151+0000] {dag.py:3722} INFO - Setting next_dagrun for example_branch_python_operator_decorator to 2023-11-28T00:00:00+00:00, run_after=2023-11-29T00:00:00+00:00
[2023-11-29T21:00:15.161+0000] {processor.py:179} INFO - Processing /home/airflow/.local/lib/python3.8/site-packages/airflow/example_dags/example_branch_operator_decorator.py took 0.045 seconds
[2023-11-29T21:00:46.018+0000] {processor.py:157} INFO - Started process (PID=1020) to work on /home/airflow/.local/lib/python3.8/site-packages/airflow/example_dags/example_branch_operator_decorator.py
[2023-11-29T21:00:46.019+0000] {processor.py:829} INFO - Processing file /home/airflow/.local/lib/python3.8/site-packages/airflow/example_dags/example_branch_operator_decorator.py for tasks to queue
[2023-11-29T21:00:46.020+0000] {logging_mixin.py:154} INFO - [2023-11-29T21:00:46.020+0000] {dagbag.py:536} INFO - Filling up the DagBag from /home/airflow/.local/lib/python3.8/site-packages/airflow/example_dags/example_branch_operator_decorator.py
[2023-11-29T21:00:46.026+0000] {processor.py:839} INFO - DAG(s) dict_keys(['example_branch_python_operator_decorator']) retrieved from /home/airflow/.local/lib/python3.8/site-packages/airflow/example_dags/example_branch_operator_decorator.py
[2023-11-29T21:00:46.039+0000] {logging_mixin.py:154} INFO - [2023-11-29T21:00:46.039+0000] {dag.py:2941} INFO - Sync 1 DAGs
[2023-11-29T21:00:46.052+0000] {logging_mixin.py:154} INFO - [2023-11-29T21:00:46.052+0000] {dag.py:3722} INFO - Setting next_dagrun for example_branch_python_operator_decorator to 2023-11-28T00:00:00+00:00, run_after=2023-11-29T00:00:00+00:00
[2023-11-29T21:00:46.061+0000] {processor.py:179} INFO - Processing /home/airflow/.local/lib/python3.8/site-packages/airflow/example_dags/example_branch_operator_decorator.py took 0.045 seconds
[2023-11-29T21:01:16.999+0000] {processor.py:157} INFO - Started process (PID=1074) to work on /home/airflow/.local/lib/python3.8/site-packages/airflow/example_dags/example_branch_operator_decorator.py
[2023-11-29T21:01:17.000+0000] {processor.py:829} INFO - Processing file /home/airflow/.local/lib/python3.8/site-packages/airflow/example_dags/example_branch_operator_decorator.py for tasks to queue
[2023-11-29T21:01:17.001+0000] {logging_mixin.py:154} INFO - [2023-11-29T21:01:17.001+0000] {dagbag.py:536} INFO - Filling up the DagBag from /home/airflow/.local/lib/python3.8/site-packages/airflow/example_dags/example_branch_operator_decorator.py
[2023-11-29T21:01:17.007+0000] {processor.py:839} INFO - DAG(s) dict_keys(['example_branch_python_operator_decorator']) retrieved from /home/airflow/.local/lib/python3.8/site-packages/airflow/example_dags/example_branch_operator_decorator.py
[2023-11-29T21:01:17.021+0000] {logging_mixin.py:154} INFO - [2023-11-29T21:01:17.020+0000] {dag.py:2941} INFO - Sync 1 DAGs
[2023-11-29T21:01:17.033+0000] {logging_mixin.py:154} INFO - [2023-11-29T21:01:17.033+0000] {dag.py:3722} INFO - Setting next_dagrun for example_branch_python_operator_decorator to 2023-11-28T00:00:00+00:00, run_after=2023-11-29T00:00:00+00:00
[2023-11-29T21:01:17.042+0000] {processor.py:179} INFO - Processing /home/airflow/.local/lib/python3.8/site-packages/airflow/example_dags/example_branch_operator_decorator.py took 0.045 seconds
[2023-11-29T21:01:47.890+0000] {processor.py:157} INFO - Started process (PID=1128) to work on /home/airflow/.local/lib/python3.8/site-packages/airflow/example_dags/example_branch_operator_decorator.py
[2023-11-29T21:01:47.891+0000] {processor.py:829} INFO - Processing file /home/airflow/.local/lib/python3.8/site-packages/airflow/example_dags/example_branch_operator_decorator.py for tasks to queue
[2023-11-29T21:01:47.892+0000] {logging_mixin.py:154} INFO - [2023-11-29T21:01:47.892+0000] {dagbag.py:536} INFO - Filling up the DagBag from /home/airflow/.local/lib/python3.8/site-packages/airflow/example_dags/example_branch_operator_decorator.py
[2023-11-29T21:01:47.898+0000] {processor.py:839} INFO - DAG(s) dict_keys(['example_branch_python_operator_decorator']) retrieved from /home/airflow/.local/lib/python3.8/site-packages/airflow/example_dags/example_branch_operator_decorator.py
[2023-11-29T21:01:47.912+0000] {logging_mixin.py:154} INFO - [2023-11-29T21:01:47.912+0000] {dag.py:2941} INFO - Sync 1 DAGs
[2023-11-29T21:01:47.924+0000] {logging_mixin.py:154} INFO - [2023-11-29T21:01:47.924+0000] {dag.py:3722} INFO - Setting next_dagrun for example_branch_python_operator_decorator to 2023-11-28T00:00:00+00:00, run_after=2023-11-29T00:00:00+00:00
[2023-11-29T21:01:47.934+0000] {processor.py:179} INFO - Processing /home/airflow/.local/lib/python3.8/site-packages/airflow/example_dags/example_branch_operator_decorator.py took 0.047 seconds
[2023-11-29T21:41:08.613+0000] {processor.py:157} INFO - Started process (PID=57) to work on /home/airflow/.local/lib/python3.8/site-packages/airflow/example_dags/example_branch_operator_decorator.py
[2023-11-29T21:41:08.615+0000] {processor.py:829} INFO - Processing file /home/airflow/.local/lib/python3.8/site-packages/airflow/example_dags/example_branch_operator_decorator.py for tasks to queue
[2023-11-29T21:41:08.616+0000] {logging_mixin.py:154} INFO - [2023-11-29T21:41:08.616+0000] {dagbag.py:536} INFO - Filling up the DagBag from /home/airflow/.local/lib/python3.8/site-packages/airflow/example_dags/example_branch_operator_decorator.py
[2023-11-29T21:41:08.623+0000] {processor.py:839} INFO - DAG(s) dict_keys(['example_branch_python_operator_decorator']) retrieved from /home/airflow/.local/lib/python3.8/site-packages/airflow/example_dags/example_branch_operator_decorator.py
[2023-11-29T21:41:08.688+0000] {logging_mixin.py:154} INFO - [2023-11-29T21:41:08.687+0000] {manager.py:499} INFO - Created Permission View: %s
[2023-11-29T21:41:08.693+0000] {logging_mixin.py:154} INFO - [2023-11-29T21:41:08.693+0000] {manager.py:499} INFO - Created Permission View: %s
[2023-11-29T21:41:08.696+0000] {logging_mixin.py:154} INFO - [2023-11-29T21:41:08.696+0000] {manager.py:499} INFO - Created Permission View: %s
[2023-11-29T21:41:08.696+0000] {logging_mixin.py:154} INFO - [2023-11-29T21:41:08.696+0000] {dag.py:2941} INFO - Sync 1 DAGs
[2023-11-29T21:41:08.703+0000] {logging_mixin.py:154} INFO - [2023-11-29T21:41:08.703+0000] {dag.py:2963} INFO - Creating ORM DAG for example_branch_python_operator_decorator
[2023-11-29T21:41:08.710+0000] {logging_mixin.py:154} INFO - [2023-11-29T21:41:08.710+0000] {dag.py:3722} INFO - Setting next_dagrun for example_branch_python_operator_decorator to 2023-11-28T00:00:00+00:00, run_after=2023-11-29T00:00:00+00:00
[2023-11-29T21:41:08.722+0000] {processor.py:179} INFO - Processing /home/airflow/.local/lib/python3.8/site-packages/airflow/example_dags/example_branch_operator_decorator.py took 0.111 seconds
[2023-11-29T21:41:39.320+0000] {processor.py:157} INFO - Started process (PID=111) to work on /home/airflow/.local/lib/python3.8/site-packages/airflow/example_dags/example_branch_operator_decorator.py
[2023-11-29T21:41:39.320+0000] {processor.py:829} INFO - Processing file /home/airflow/.local/lib/python3.8/site-packages/airflow/example_dags/example_branch_operator_decorator.py for tasks to queue
[2023-11-29T21:41:39.322+0000] {logging_mixin.py:154} INFO - [2023-11-29T21:41:39.322+0000] {dagbag.py:536} INFO - Filling up the DagBag from /home/airflow/.local/lib/python3.8/site-packages/airflow/example_dags/example_branch_operator_decorator.py
[2023-11-29T21:41:39.329+0000] {processor.py:839} INFO - DAG(s) dict_keys(['example_branch_python_operator_decorator']) retrieved from /home/airflow/.local/lib/python3.8/site-packages/airflow/example_dags/example_branch_operator_decorator.py
[2023-11-29T21:41:39.343+0000] {logging_mixin.py:154} INFO - [2023-11-29T21:41:39.343+0000] {dag.py:2941} INFO - Sync 1 DAGs
[2023-11-29T21:41:39.356+0000] {logging_mixin.py:154} INFO - [2023-11-29T21:41:39.356+0000] {dag.py:3722} INFO - Setting next_dagrun for example_branch_python_operator_decorator to 2023-11-28T00:00:00+00:00, run_after=2023-11-29T00:00:00+00:00
[2023-11-29T21:41:39.366+0000] {processor.py:179} INFO - Processing /home/airflow/.local/lib/python3.8/site-packages/airflow/example_dags/example_branch_operator_decorator.py took 0.049 seconds
[2023-11-29T21:42:09.978+0000] {processor.py:157} INFO - Started process (PID=165) to work on /home/airflow/.local/lib/python3.8/site-packages/airflow/example_dags/example_branch_operator_decorator.py
[2023-11-29T21:42:09.979+0000] {processor.py:829} INFO - Processing file /home/airflow/.local/lib/python3.8/site-packages/airflow/example_dags/example_branch_operator_decorator.py for tasks to queue
[2023-11-29T21:42:09.981+0000] {logging_mixin.py:154} INFO - [2023-11-29T21:42:09.981+0000] {dagbag.py:536} INFO - Filling up the DagBag from /home/airflow/.local/lib/python3.8/site-packages/airflow/example_dags/example_branch_operator_decorator.py
[2023-11-29T21:42:09.988+0000] {processor.py:839} INFO - DAG(s) dict_keys(['example_branch_python_operator_decorator']) retrieved from /home/airflow/.local/lib/python3.8/site-packages/airflow/example_dags/example_branch_operator_decorator.py
[2023-11-29T21:42:10.002+0000] {logging_mixin.py:154} INFO - [2023-11-29T21:42:10.002+0000] {dag.py:2941} INFO - Sync 1 DAGs
[2023-11-29T21:42:10.016+0000] {logging_mixin.py:154} INFO - [2023-11-29T21:42:10.016+0000] {dag.py:3722} INFO - Setting next_dagrun for example_branch_python_operator_decorator to 2023-11-28T00:00:00+00:00, run_after=2023-11-29T00:00:00+00:00
[2023-11-29T21:42:10.026+0000] {processor.py:179} INFO - Processing /home/airflow/.local/lib/python3.8/site-packages/airflow/example_dags/example_branch_operator_decorator.py took 0.050 seconds
[2023-11-29T21:42:40.709+0000] {processor.py:157} INFO - Started process (PID=219) to work on /home/airflow/.local/lib/python3.8/site-packages/airflow/example_dags/example_branch_operator_decorator.py
[2023-11-29T21:42:40.710+0000] {processor.py:829} INFO - Processing file /home/airflow/.local/lib/python3.8/site-packages/airflow/example_dags/example_branch_operator_decorator.py for tasks to queue
[2023-11-29T21:42:40.712+0000] {logging_mixin.py:154} INFO - [2023-11-29T21:42:40.712+0000] {dagbag.py:536} INFO - Filling up the DagBag from /home/airflow/.local/lib/python3.8/site-packages/airflow/example_dags/example_branch_operator_decorator.py
[2023-11-29T21:42:40.718+0000] {processor.py:839} INFO - DAG(s) dict_keys(['example_branch_python_operator_decorator']) retrieved from /home/airflow/.local/lib/python3.8/site-packages/airflow/example_dags/example_branch_operator_decorator.py
[2023-11-29T21:42:40.732+0000] {logging_mixin.py:154} INFO - [2023-11-29T21:42:40.732+0000] {dag.py:2941} INFO - Sync 1 DAGs
[2023-11-29T21:42:40.745+0000] {logging_mixin.py:154} INFO - [2023-11-29T21:42:40.745+0000] {dag.py:3722} INFO - Setting next_dagrun for example_branch_python_operator_decorator to 2023-11-28T00:00:00+00:00, run_after=2023-11-29T00:00:00+00:00
[2023-11-29T21:42:40.755+0000] {processor.py:179} INFO - Processing /home/airflow/.local/lib/python3.8/site-packages/airflow/example_dags/example_branch_operator_decorator.py took 0.048 seconds
[2023-11-29T21:43:10.890+0000] {processor.py:157} INFO - Started process (PID=273) to work on /home/airflow/.local/lib/python3.8/site-packages/airflow/example_dags/example_branch_operator_decorator.py
[2023-11-29T21:43:10.890+0000] {processor.py:829} INFO - Processing file /home/airflow/.local/lib/python3.8/site-packages/airflow/example_dags/example_branch_operator_decorator.py for tasks to queue
[2023-11-29T21:43:10.892+0000] {logging_mixin.py:154} INFO - [2023-11-29T21:43:10.892+0000] {dagbag.py:536} INFO - Filling up the DagBag from /home/airflow/.local/lib/python3.8/site-packages/airflow/example_dags/example_branch_operator_decorator.py
[2023-11-29T21:43:10.898+0000] {processor.py:839} INFO - DAG(s) dict_keys(['example_branch_python_operator_decorator']) retrieved from /home/airflow/.local/lib/python3.8/site-packages/airflow/example_dags/example_branch_operator_decorator.py
[2023-11-29T21:43:10.913+0000] {logging_mixin.py:154} INFO - [2023-11-29T21:43:10.913+0000] {dag.py:2941} INFO - Sync 1 DAGs
[2023-11-29T21:43:10.926+0000] {logging_mixin.py:154} INFO - [2023-11-29T21:43:10.926+0000] {dag.py:3722} INFO - Setting next_dagrun for example_branch_python_operator_decorator to 2023-11-28T00:00:00+00:00, run_after=2023-11-29T00:00:00+00:00
[2023-11-29T21:43:10.936+0000] {processor.py:179} INFO - Processing /home/airflow/.local/lib/python3.8/site-packages/airflow/example_dags/example_branch_operator_decorator.py took 0.048 seconds
[2023-11-29T21:43:41.019+0000] {processor.py:157} INFO - Started process (PID=327) to work on /home/airflow/.local/lib/python3.8/site-packages/airflow/example_dags/example_branch_operator_decorator.py
[2023-11-29T21:43:41.019+0000] {processor.py:829} INFO - Processing file /home/airflow/.local/lib/python3.8/site-packages/airflow/example_dags/example_branch_operator_decorator.py for tasks to queue
[2023-11-29T21:43:41.021+0000] {logging_mixin.py:154} INFO - [2023-11-29T21:43:41.021+0000] {dagbag.py:536} INFO - Filling up the DagBag from /home/airflow/.local/lib/python3.8/site-packages/airflow/example_dags/example_branch_operator_decorator.py
[2023-11-29T21:43:41.027+0000] {processor.py:839} INFO - DAG(s) dict_keys(['example_branch_python_operator_decorator']) retrieved from /home/airflow/.local/lib/python3.8/site-packages/airflow/example_dags/example_branch_operator_decorator.py
[2023-11-29T21:43:41.041+0000] {logging_mixin.py:154} INFO - [2023-11-29T21:43:41.041+0000] {dag.py:2941} INFO - Sync 1 DAGs
[2023-11-29T21:43:41.055+0000] {logging_mixin.py:154} INFO - [2023-11-29T21:43:41.055+0000] {dag.py:3722} INFO - Setting next_dagrun for example_branch_python_operator_decorator to 2023-11-28T00:00:00+00:00, run_after=2023-11-29T00:00:00+00:00
[2023-11-29T21:43:41.065+0000] {processor.py:179} INFO - Processing /home/airflow/.local/lib/python3.8/site-packages/airflow/example_dags/example_branch_operator_decorator.py took 0.048 seconds
[2023-11-29T21:44:11.259+0000] {processor.py:157} INFO - Started process (PID=381) to work on /home/airflow/.local/lib/python3.8/site-packages/airflow/example_dags/example_branch_operator_decorator.py
[2023-11-29T21:44:11.259+0000] {processor.py:829} INFO - Processing file /home/airflow/.local/lib/python3.8/site-packages/airflow/example_dags/example_branch_operator_decorator.py for tasks to queue
[2023-11-29T21:44:11.261+0000] {logging_mixin.py:154} INFO - [2023-11-29T21:44:11.261+0000] {dagbag.py:536} INFO - Filling up the DagBag from /home/airflow/.local/lib/python3.8/site-packages/airflow/example_dags/example_branch_operator_decorator.py
[2023-11-29T21:44:11.267+0000] {processor.py:839} INFO - DAG(s) dict_keys(['example_branch_python_operator_decorator']) retrieved from /home/airflow/.local/lib/python3.8/site-packages/airflow/example_dags/example_branch_operator_decorator.py
[2023-11-29T21:44:11.282+0000] {logging_mixin.py:154} INFO - [2023-11-29T21:44:11.282+0000] {dag.py:2941} INFO - Sync 1 DAGs
[2023-11-29T21:44:11.295+0000] {logging_mixin.py:154} INFO - [2023-11-29T21:44:11.295+0000] {dag.py:3722} INFO - Setting next_dagrun for example_branch_python_operator_decorator to 2023-11-28T00:00:00+00:00, run_after=2023-11-29T00:00:00+00:00
[2023-11-29T21:44:11.305+0000] {processor.py:179} INFO - Processing /home/airflow/.local/lib/python3.8/site-packages/airflow/example_dags/example_branch_operator_decorator.py took 0.048 seconds
[2023-11-29T21:44:41.508+0000] {processor.py:157} INFO - Started process (PID=435) to work on /home/airflow/.local/lib/python3.8/site-packages/airflow/example_dags/example_branch_operator_decorator.py
[2023-11-29T21:44:41.509+0000] {processor.py:829} INFO - Processing file /home/airflow/.local/lib/python3.8/site-packages/airflow/example_dags/example_branch_operator_decorator.py for tasks to queue
[2023-11-29T21:44:41.510+0000] {logging_mixin.py:154} INFO - [2023-11-29T21:44:41.510+0000] {dagbag.py:536} INFO - Filling up the DagBag from /home/airflow/.local/lib/python3.8/site-packages/airflow/example_dags/example_branch_operator_decorator.py
[2023-11-29T21:44:41.517+0000] {processor.py:839} INFO - DAG(s) dict_keys(['example_branch_python_operator_decorator']) retrieved from /home/airflow/.local/lib/python3.8/site-packages/airflow/example_dags/example_branch_operator_decorator.py
[2023-11-29T21:44:41.531+0000] {logging_mixin.py:154} INFO - [2023-11-29T21:44:41.531+0000] {dag.py:2941} INFO - Sync 1 DAGs
[2023-11-29T21:44:41.545+0000] {logging_mixin.py:154} INFO - [2023-11-29T21:44:41.545+0000] {dag.py:3722} INFO - Setting next_dagrun for example_branch_python_operator_decorator to 2023-11-28T00:00:00+00:00, run_after=2023-11-29T00:00:00+00:00
[2023-11-29T21:44:41.555+0000] {processor.py:179} INFO - Processing /home/airflow/.local/lib/python3.8/site-packages/airflow/example_dags/example_branch_operator_decorator.py took 0.050 seconds
[2023-11-29T21:45:11.696+0000] {processor.py:157} INFO - Started process (PID=489) to work on /home/airflow/.local/lib/python3.8/site-packages/airflow/example_dags/example_branch_operator_decorator.py
[2023-11-29T21:45:11.696+0000] {processor.py:829} INFO - Processing file /home/airflow/.local/lib/python3.8/site-packages/airflow/example_dags/example_branch_operator_decorator.py for tasks to queue
[2023-11-29T21:45:11.698+0000] {logging_mixin.py:154} INFO - [2023-11-29T21:45:11.698+0000] {dagbag.py:536} INFO - Filling up the DagBag from /home/airflow/.local/lib/python3.8/site-packages/airflow/example_dags/example_branch_operator_decorator.py
[2023-11-29T21:45:11.704+0000] {processor.py:839} INFO - DAG(s) dict_keys(['example_branch_python_operator_decorator']) retrieved from /home/airflow/.local/lib/python3.8/site-packages/airflow/example_dags/example_branch_operator_decorator.py
[2023-11-29T21:45:11.718+0000] {logging_mixin.py:154} INFO - [2023-11-29T21:45:11.718+0000] {dag.py:2941} INFO - Sync 1 DAGs
[2023-11-29T21:45:11.732+0000] {logging_mixin.py:154} INFO - [2023-11-29T21:45:11.732+0000] {dag.py:3722} INFO - Setting next_dagrun for example_branch_python_operator_decorator to 2023-11-28T00:00:00+00:00, run_after=2023-11-29T00:00:00+00:00
[2023-11-29T21:45:11.741+0000] {processor.py:179} INFO - Processing /home/airflow/.local/lib/python3.8/site-packages/airflow/example_dags/example_branch_operator_decorator.py took 0.048 seconds
[2023-11-29T21:45:41.814+0000] {processor.py:157} INFO - Started process (PID=543) to work on /home/airflow/.local/lib/python3.8/site-packages/airflow/example_dags/example_branch_operator_decorator.py
[2023-11-29T21:45:41.819+0000] {processor.py:829} INFO - Processing file /home/airflow/.local/lib/python3.8/site-packages/airflow/example_dags/example_branch_operator_decorator.py for tasks to queue
[2023-11-29T21:45:41.821+0000] {logging_mixin.py:154} INFO - [2023-11-29T21:45:41.820+0000] {dagbag.py:536} INFO - Filling up the DagBag from /home/airflow/.local/lib/python3.8/site-packages/airflow/example_dags/example_branch_operator_decorator.py
[2023-11-29T21:45:41.827+0000] {processor.py:839} INFO - DAG(s) dict_keys(['example_branch_python_operator_decorator']) retrieved from /home/airflow/.local/lib/python3.8/site-packages/airflow/example_dags/example_branch_operator_decorator.py
[2023-11-29T21:45:41.841+0000] {logging_mixin.py:154} INFO - [2023-11-29T21:45:41.841+0000] {dag.py:2941} INFO - Sync 1 DAGs
[2023-11-29T21:45:41.855+0000] {logging_mixin.py:154} INFO - [2023-11-29T21:45:41.854+0000] {dag.py:3722} INFO - Setting next_dagrun for example_branch_python_operator_decorator to 2023-11-28T00:00:00+00:00, run_after=2023-11-29T00:00:00+00:00
[2023-11-29T21:45:41.866+0000] {processor.py:179} INFO - Processing /home/airflow/.local/lib/python3.8/site-packages/airflow/example_dags/example_branch_operator_decorator.py took 0.054 seconds
[2023-11-29T21:46:12.932+0000] {processor.py:157} INFO - Started process (PID=597) to work on /home/airflow/.local/lib/python3.8/site-packages/airflow/example_dags/example_branch_operator_decorator.py
[2023-11-29T21:46:12.932+0000] {processor.py:829} INFO - Processing file /home/airflow/.local/lib/python3.8/site-packages/airflow/example_dags/example_branch_operator_decorator.py for tasks to queue
[2023-11-29T21:46:12.934+0000] {logging_mixin.py:154} INFO - [2023-11-29T21:46:12.934+0000] {dagbag.py:536} INFO - Filling up the DagBag from /home/airflow/.local/lib/python3.8/site-packages/airflow/example_dags/example_branch_operator_decorator.py
[2023-11-29T21:46:12.941+0000] {processor.py:839} INFO - DAG(s) dict_keys(['example_branch_python_operator_decorator']) retrieved from /home/airflow/.local/lib/python3.8/site-packages/airflow/example_dags/example_branch_operator_decorator.py
[2023-11-29T21:46:12.955+0000] {logging_mixin.py:154} INFO - [2023-11-29T21:46:12.955+0000] {dag.py:2941} INFO - Sync 1 DAGs
[2023-11-29T21:46:12.969+0000] {logging_mixin.py:154} INFO - [2023-11-29T21:46:12.969+0000] {dag.py:3722} INFO - Setting next_dagrun for example_branch_python_operator_decorator to 2023-11-28T00:00:00+00:00, run_after=2023-11-29T00:00:00+00:00
[2023-11-29T21:46:12.978+0000] {processor.py:179} INFO - Processing /home/airflow/.local/lib/python3.8/site-packages/airflow/example_dags/example_branch_operator_decorator.py took 0.049 seconds
[2023-11-29T21:46:44.006+0000] {processor.py:157} INFO - Started process (PID=651) to work on /home/airflow/.local/lib/python3.8/site-packages/airflow/example_dags/example_branch_operator_decorator.py
[2023-11-29T21:46:44.007+0000] {processor.py:829} INFO - Processing file /home/airflow/.local/lib/python3.8/site-packages/airflow/example_dags/example_branch_operator_decorator.py for tasks to queue
[2023-11-29T21:46:44.009+0000] {logging_mixin.py:154} INFO - [2023-11-29T21:46:44.009+0000] {dagbag.py:536} INFO - Filling up the DagBag from /home/airflow/.local/lib/python3.8/site-packages/airflow/example_dags/example_branch_operator_decorator.py
[2023-11-29T21:46:44.015+0000] {processor.py:839} INFO - DAG(s) dict_keys(['example_branch_python_operator_decorator']) retrieved from /home/airflow/.local/lib/python3.8/site-packages/airflow/example_dags/example_branch_operator_decorator.py
[2023-11-29T21:46:44.030+0000] {logging_mixin.py:154} INFO - [2023-11-29T21:46:44.030+0000] {dag.py:2941} INFO - Sync 1 DAGs
[2023-11-29T21:46:44.042+0000] {logging_mixin.py:154} INFO - [2023-11-29T21:46:44.042+0000] {dag.py:3722} INFO - Setting next_dagrun for example_branch_python_operator_decorator to 2023-11-28T00:00:00+00:00, run_after=2023-11-29T00:00:00+00:00
[2023-11-29T21:46:44.051+0000] {processor.py:179} INFO - Processing /home/airflow/.local/lib/python3.8/site-packages/airflow/example_dags/example_branch_operator_decorator.py took 0.047 seconds
[2023-11-29T21:47:14.109+0000] {processor.py:157} INFO - Started process (PID=705) to work on /home/airflow/.local/lib/python3.8/site-packages/airflow/example_dags/example_branch_operator_decorator.py
[2023-11-29T21:47:14.110+0000] {processor.py:829} INFO - Processing file /home/airflow/.local/lib/python3.8/site-packages/airflow/example_dags/example_branch_operator_decorator.py for tasks to queue
[2023-11-29T21:47:14.111+0000] {logging_mixin.py:154} INFO - [2023-11-29T21:47:14.111+0000] {dagbag.py:536} INFO - Filling up the DagBag from /home/airflow/.local/lib/python3.8/site-packages/airflow/example_dags/example_branch_operator_decorator.py
[2023-11-29T21:47:14.118+0000] {processor.py:839} INFO - DAG(s) dict_keys(['example_branch_python_operator_decorator']) retrieved from /home/airflow/.local/lib/python3.8/site-packages/airflow/example_dags/example_branch_operator_decorator.py
[2023-11-29T21:47:14.131+0000] {logging_mixin.py:154} INFO - [2023-11-29T21:47:14.131+0000] {dag.py:2941} INFO - Sync 1 DAGs
[2023-11-29T21:47:14.145+0000] {logging_mixin.py:154} INFO - [2023-11-29T21:47:14.145+0000] {dag.py:3722} INFO - Setting next_dagrun for example_branch_python_operator_decorator to 2023-11-28T00:00:00+00:00, run_after=2023-11-29T00:00:00+00:00
[2023-11-29T21:47:14.155+0000] {processor.py:179} INFO - Processing /home/airflow/.local/lib/python3.8/site-packages/airflow/example_dags/example_branch_operator_decorator.py took 0.048 seconds
[2023-11-29T21:47:44.329+0000] {processor.py:157} INFO - Started process (PID=759) to work on /home/airflow/.local/lib/python3.8/site-packages/airflow/example_dags/example_branch_operator_decorator.py
[2023-11-29T21:47:44.329+0000] {processor.py:829} INFO - Processing file /home/airflow/.local/lib/python3.8/site-packages/airflow/example_dags/example_branch_operator_decorator.py for tasks to queue
[2023-11-29T21:47:44.331+0000] {logging_mixin.py:154} INFO - [2023-11-29T21:47:44.331+0000] {dagbag.py:536} INFO - Filling up the DagBag from /home/airflow/.local/lib/python3.8/site-packages/airflow/example_dags/example_branch_operator_decorator.py
[2023-11-29T21:47:44.338+0000] {processor.py:839} INFO - DAG(s) dict_keys(['example_branch_python_operator_decorator']) retrieved from /home/airflow/.local/lib/python3.8/site-packages/airflow/example_dags/example_branch_operator_decorator.py
[2023-11-29T21:47:44.351+0000] {logging_mixin.py:154} INFO - [2023-11-29T21:47:44.351+0000] {dag.py:2941} INFO - Sync 1 DAGs
[2023-11-29T21:47:44.365+0000] {logging_mixin.py:154} INFO - [2023-11-29T21:47:44.365+0000] {dag.py:3722} INFO - Setting next_dagrun for example_branch_python_operator_decorator to 2023-11-28T00:00:00+00:00, run_after=2023-11-29T00:00:00+00:00
[2023-11-29T21:47:44.374+0000] {processor.py:179} INFO - Processing /home/airflow/.local/lib/python3.8/site-packages/airflow/example_dags/example_branch_operator_decorator.py took 0.048 seconds
