[2023-11-29T20:51:38.461+0000] {processor.py:157} INFO - Started process (PID=44) to work on /home/airflow/.local/lib/python3.8/site-packages/airflow/example_dags/example_sensor_decorator.py
[2023-11-29T20:51:38.462+0000] {processor.py:829} INFO - Processing file /home/airflow/.local/lib/python3.8/site-packages/airflow/example_dags/example_sensor_decorator.py for tasks to queue
[2023-11-29T20:51:38.464+0000] {logging_mixin.py:154} INFO - [2023-11-29T20:51:38.464+0000] {dagbag.py:536} INFO - Filling up the DagBag from /home/airflow/.local/lib/python3.8/site-packages/airflow/example_dags/example_sensor_decorator.py
[2023-11-29T20:51:38.469+0000] {processor.py:839} INFO - DAG(s) dict_keys(['example_sensor_decorator']) retrieved from /home/airflow/.local/lib/python3.8/site-packages/airflow/example_dags/example_sensor_decorator.py
[2023-11-29T20:51:38.548+0000] {logging_mixin.py:154} INFO - [2023-11-29T20:51:38.548+0000] {dag.py:2941} INFO - Sync 1 DAGs
[2023-11-29T20:51:38.556+0000] {logging_mixin.py:154} INFO - [2023-11-29T20:51:38.556+0000] {dag.py:3722} INFO - Setting next_dagrun for example_sensor_decorator to None, run_after=None
[2023-11-29T20:51:38.570+0000] {processor.py:179} INFO - Processing /home/airflow/.local/lib/python3.8/site-packages/airflow/example_dags/example_sensor_decorator.py took 0.112 seconds
[2023-11-29T20:52:09.402+0000] {processor.py:157} INFO - Started process (PID=98) to work on /home/airflow/.local/lib/python3.8/site-packages/airflow/example_dags/example_sensor_decorator.py
[2023-11-29T20:52:09.402+0000] {processor.py:829} INFO - Processing file /home/airflow/.local/lib/python3.8/site-packages/airflow/example_dags/example_sensor_decorator.py for tasks to queue
[2023-11-29T20:52:09.404+0000] {logging_mixin.py:154} INFO - [2023-11-29T20:52:09.404+0000] {dagbag.py:536} INFO - Filling up the DagBag from /home/airflow/.local/lib/python3.8/site-packages/airflow/example_dags/example_sensor_decorator.py
[2023-11-29T20:52:09.408+0000] {processor.py:839} INFO - DAG(s) dict_keys(['example_sensor_decorator']) retrieved from /home/airflow/.local/lib/python3.8/site-packages/airflow/example_dags/example_sensor_decorator.py
[2023-11-29T20:52:09.416+0000] {logging_mixin.py:154} INFO - [2023-11-29T20:52:09.416+0000] {dag.py:2941} INFO - Sync 1 DAGs
[2023-11-29T20:52:09.424+0000] {logging_mixin.py:154} INFO - [2023-11-29T20:52:09.424+0000] {dag.py:3722} INFO - Setting next_dagrun for example_sensor_decorator to None, run_after=None
[2023-11-29T20:52:09.434+0000] {processor.py:179} INFO - Processing /home/airflow/.local/lib/python3.8/site-packages/airflow/example_dags/example_sensor_decorator.py took 0.035 seconds
[2023-11-29T20:52:40.188+0000] {processor.py:157} INFO - Started process (PID=152) to work on /home/airflow/.local/lib/python3.8/site-packages/airflow/example_dags/example_sensor_decorator.py
[2023-11-29T20:52:40.189+0000] {processor.py:829} INFO - Processing file /home/airflow/.local/lib/python3.8/site-packages/airflow/example_dags/example_sensor_decorator.py for tasks to queue
[2023-11-29T20:52:40.190+0000] {logging_mixin.py:154} INFO - [2023-11-29T20:52:40.190+0000] {dagbag.py:536} INFO - Filling up the DagBag from /home/airflow/.local/lib/python3.8/site-packages/airflow/example_dags/example_sensor_decorator.py
[2023-11-29T20:52:40.194+0000] {processor.py:839} INFO - DAG(s) dict_keys(['example_sensor_decorator']) retrieved from /home/airflow/.local/lib/python3.8/site-packages/airflow/example_dags/example_sensor_decorator.py
[2023-11-29T20:52:40.205+0000] {logging_mixin.py:154} INFO - [2023-11-29T20:52:40.205+0000] {dag.py:2941} INFO - Sync 1 DAGs
[2023-11-29T20:52:40.212+0000] {logging_mixin.py:154} INFO - [2023-11-29T20:52:40.212+0000] {dag.py:3722} INFO - Setting next_dagrun for example_sensor_decorator to None, run_after=None
[2023-11-29T20:52:40.222+0000] {processor.py:179} INFO - Processing /home/airflow/.local/lib/python3.8/site-packages/airflow/example_dags/example_sensor_decorator.py took 0.036 seconds
[2023-11-29T20:53:10.340+0000] {processor.py:157} INFO - Started process (PID=206) to work on /home/airflow/.local/lib/python3.8/site-packages/airflow/example_dags/example_sensor_decorator.py
[2023-11-29T20:53:10.341+0000] {processor.py:829} INFO - Processing file /home/airflow/.local/lib/python3.8/site-packages/airflow/example_dags/example_sensor_decorator.py for tasks to queue
[2023-11-29T20:53:10.343+0000] {logging_mixin.py:154} INFO - [2023-11-29T20:53:10.342+0000] {dagbag.py:536} INFO - Filling up the DagBag from /home/airflow/.local/lib/python3.8/site-packages/airflow/example_dags/example_sensor_decorator.py
[2023-11-29T20:53:10.347+0000] {processor.py:839} INFO - DAG(s) dict_keys(['example_sensor_decorator']) retrieved from /home/airflow/.local/lib/python3.8/site-packages/airflow/example_dags/example_sensor_decorator.py
[2023-11-29T20:53:10.359+0000] {logging_mixin.py:154} INFO - [2023-11-29T20:53:10.359+0000] {dag.py:2941} INFO - Sync 1 DAGs
[2023-11-29T20:53:10.366+0000] {logging_mixin.py:154} INFO - [2023-11-29T20:53:10.366+0000] {dag.py:3722} INFO - Setting next_dagrun for example_sensor_decorator to None, run_after=None
[2023-11-29T20:53:10.375+0000] {processor.py:179} INFO - Processing /home/airflow/.local/lib/python3.8/site-packages/airflow/example_dags/example_sensor_decorator.py took 0.037 seconds
[2023-11-29T20:53:40.468+0000] {processor.py:157} INFO - Started process (PID=259) to work on /home/airflow/.local/lib/python3.8/site-packages/airflow/example_dags/example_sensor_decorator.py
[2023-11-29T20:53:40.468+0000] {processor.py:829} INFO - Processing file /home/airflow/.local/lib/python3.8/site-packages/airflow/example_dags/example_sensor_decorator.py for tasks to queue
[2023-11-29T20:53:40.470+0000] {logging_mixin.py:154} INFO - [2023-11-29T20:53:40.470+0000] {dagbag.py:536} INFO - Filling up the DagBag from /home/airflow/.local/lib/python3.8/site-packages/airflow/example_dags/example_sensor_decorator.py
[2023-11-29T20:53:40.474+0000] {processor.py:839} INFO - DAG(s) dict_keys(['example_sensor_decorator']) retrieved from /home/airflow/.local/lib/python3.8/site-packages/airflow/example_dags/example_sensor_decorator.py
[2023-11-29T20:53:40.487+0000] {logging_mixin.py:154} INFO - [2023-11-29T20:53:40.487+0000] {dag.py:2941} INFO - Sync 1 DAGs
[2023-11-29T20:53:40.494+0000] {logging_mixin.py:154} INFO - [2023-11-29T20:53:40.494+0000] {dag.py:3722} INFO - Setting next_dagrun for example_sensor_decorator to None, run_after=None
[2023-11-29T20:53:40.504+0000] {processor.py:179} INFO - Processing /home/airflow/.local/lib/python3.8/site-packages/airflow/example_dags/example_sensor_decorator.py took 0.038 seconds
[2023-11-29T20:54:10.587+0000] {processor.py:157} INFO - Started process (PID=314) to work on /home/airflow/.local/lib/python3.8/site-packages/airflow/example_dags/example_sensor_decorator.py
[2023-11-29T20:54:10.588+0000] {processor.py:829} INFO - Processing file /home/airflow/.local/lib/python3.8/site-packages/airflow/example_dags/example_sensor_decorator.py for tasks to queue
[2023-11-29T20:54:10.589+0000] {logging_mixin.py:154} INFO - [2023-11-29T20:54:10.589+0000] {dagbag.py:536} INFO - Filling up the DagBag from /home/airflow/.local/lib/python3.8/site-packages/airflow/example_dags/example_sensor_decorator.py
[2023-11-29T20:54:10.593+0000] {processor.py:839} INFO - DAG(s) dict_keys(['example_sensor_decorator']) retrieved from /home/airflow/.local/lib/python3.8/site-packages/airflow/example_dags/example_sensor_decorator.py
[2023-11-29T20:54:10.604+0000] {logging_mixin.py:154} INFO - [2023-11-29T20:54:10.604+0000] {dag.py:2941} INFO - Sync 1 DAGs
[2023-11-29T20:54:10.611+0000] {logging_mixin.py:154} INFO - [2023-11-29T20:54:10.611+0000] {dag.py:3722} INFO - Setting next_dagrun for example_sensor_decorator to None, run_after=None
[2023-11-29T20:54:10.621+0000] {processor.py:179} INFO - Processing /home/airflow/.local/lib/python3.8/site-packages/airflow/example_dags/example_sensor_decorator.py took 0.037 seconds
[2023-11-29T20:54:40.692+0000] {processor.py:157} INFO - Started process (PID=368) to work on /home/airflow/.local/lib/python3.8/site-packages/airflow/example_dags/example_sensor_decorator.py
[2023-11-29T20:54:40.692+0000] {processor.py:829} INFO - Processing file /home/airflow/.local/lib/python3.8/site-packages/airflow/example_dags/example_sensor_decorator.py for tasks to queue
[2023-11-29T20:54:40.694+0000] {logging_mixin.py:154} INFO - [2023-11-29T20:54:40.694+0000] {dagbag.py:536} INFO - Filling up the DagBag from /home/airflow/.local/lib/python3.8/site-packages/airflow/example_dags/example_sensor_decorator.py
[2023-11-29T20:54:40.698+0000] {processor.py:839} INFO - DAG(s) dict_keys(['example_sensor_decorator']) retrieved from /home/airflow/.local/lib/python3.8/site-packages/airflow/example_dags/example_sensor_decorator.py
[2023-11-29T20:54:40.710+0000] {logging_mixin.py:154} INFO - [2023-11-29T20:54:40.710+0000] {dag.py:2941} INFO - Sync 1 DAGs
[2023-11-29T20:54:40.717+0000] {logging_mixin.py:154} INFO - [2023-11-29T20:54:40.717+0000] {dag.py:3722} INFO - Setting next_dagrun for example_sensor_decorator to None, run_after=None
[2023-11-29T20:54:40.727+0000] {processor.py:179} INFO - Processing /home/airflow/.local/lib/python3.8/site-packages/airflow/example_dags/example_sensor_decorator.py took 0.038 seconds
[2023-11-29T20:55:10.761+0000] {processor.py:157} INFO - Started process (PID=422) to work on /home/airflow/.local/lib/python3.8/site-packages/airflow/example_dags/example_sensor_decorator.py
[2023-11-29T20:55:10.761+0000] {processor.py:829} INFO - Processing file /home/airflow/.local/lib/python3.8/site-packages/airflow/example_dags/example_sensor_decorator.py for tasks to queue
[2023-11-29T20:55:10.763+0000] {logging_mixin.py:154} INFO - [2023-11-29T20:55:10.762+0000] {dagbag.py:536} INFO - Filling up the DagBag from /home/airflow/.local/lib/python3.8/site-packages/airflow/example_dags/example_sensor_decorator.py
[2023-11-29T20:55:10.767+0000] {processor.py:839} INFO - DAG(s) dict_keys(['example_sensor_decorator']) retrieved from /home/airflow/.local/lib/python3.8/site-packages/airflow/example_dags/example_sensor_decorator.py
[2023-11-29T20:55:10.779+0000] {logging_mixin.py:154} INFO - [2023-11-29T20:55:10.779+0000] {dag.py:2941} INFO - Sync 1 DAGs
[2023-11-29T20:55:10.786+0000] {logging_mixin.py:154} INFO - [2023-11-29T20:55:10.786+0000] {dag.py:3722} INFO - Setting next_dagrun for example_sensor_decorator to None, run_after=None
[2023-11-29T20:55:10.796+0000] {processor.py:179} INFO - Processing /home/airflow/.local/lib/python3.8/site-packages/airflow/example_dags/example_sensor_decorator.py took 0.037 seconds
[2023-11-29T20:55:40.845+0000] {processor.py:157} INFO - Started process (PID=476) to work on /home/airflow/.local/lib/python3.8/site-packages/airflow/example_dags/example_sensor_decorator.py
[2023-11-29T20:55:40.846+0000] {processor.py:829} INFO - Processing file /home/airflow/.local/lib/python3.8/site-packages/airflow/example_dags/example_sensor_decorator.py for tasks to queue
[2023-11-29T20:55:40.847+0000] {logging_mixin.py:154} INFO - [2023-11-29T20:55:40.847+0000] {dagbag.py:536} INFO - Filling up the DagBag from /home/airflow/.local/lib/python3.8/site-packages/airflow/example_dags/example_sensor_decorator.py
[2023-11-29T20:55:40.851+0000] {processor.py:839} INFO - DAG(s) dict_keys(['example_sensor_decorator']) retrieved from /home/airflow/.local/lib/python3.8/site-packages/airflow/example_dags/example_sensor_decorator.py
[2023-11-29T20:55:40.863+0000] {logging_mixin.py:154} INFO - [2023-11-29T20:55:40.862+0000] {dag.py:2941} INFO - Sync 1 DAGs
[2023-11-29T20:55:40.870+0000] {logging_mixin.py:154} INFO - [2023-11-29T20:55:40.870+0000] {dag.py:3722} INFO - Setting next_dagrun for example_sensor_decorator to None, run_after=None
[2023-11-29T20:55:40.880+0000] {processor.py:179} INFO - Processing /home/airflow/.local/lib/python3.8/site-packages/airflow/example_dags/example_sensor_decorator.py took 0.037 seconds
[2023-11-29T20:56:11.030+0000] {processor.py:157} INFO - Started process (PID=530) to work on /home/airflow/.local/lib/python3.8/site-packages/airflow/example_dags/example_sensor_decorator.py
[2023-11-29T20:56:11.031+0000] {processor.py:829} INFO - Processing file /home/airflow/.local/lib/python3.8/site-packages/airflow/example_dags/example_sensor_decorator.py for tasks to queue
[2023-11-29T20:56:11.032+0000] {logging_mixin.py:154} INFO - [2023-11-29T20:56:11.032+0000] {dagbag.py:536} INFO - Filling up the DagBag from /home/airflow/.local/lib/python3.8/site-packages/airflow/example_dags/example_sensor_decorator.py
[2023-11-29T20:56:11.036+0000] {processor.py:839} INFO - DAG(s) dict_keys(['example_sensor_decorator']) retrieved from /home/airflow/.local/lib/python3.8/site-packages/airflow/example_dags/example_sensor_decorator.py
[2023-11-29T20:56:11.048+0000] {logging_mixin.py:154} INFO - [2023-11-29T20:56:11.048+0000] {dag.py:2941} INFO - Sync 1 DAGs
[2023-11-29T20:56:11.055+0000] {logging_mixin.py:154} INFO - [2023-11-29T20:56:11.055+0000] {dag.py:3722} INFO - Setting next_dagrun for example_sensor_decorator to None, run_after=None
[2023-11-29T20:56:11.065+0000] {processor.py:179} INFO - Processing /home/airflow/.local/lib/python3.8/site-packages/airflow/example_dags/example_sensor_decorator.py took 0.037 seconds
[2023-11-29T20:56:41.951+0000] {processor.py:157} INFO - Started process (PID=584) to work on /home/airflow/.local/lib/python3.8/site-packages/airflow/example_dags/example_sensor_decorator.py
[2023-11-29T20:56:41.952+0000] {processor.py:829} INFO - Processing file /home/airflow/.local/lib/python3.8/site-packages/airflow/example_dags/example_sensor_decorator.py for tasks to queue
[2023-11-29T20:56:41.954+0000] {logging_mixin.py:154} INFO - [2023-11-29T20:56:41.953+0000] {dagbag.py:536} INFO - Filling up the DagBag from /home/airflow/.local/lib/python3.8/site-packages/airflow/example_dags/example_sensor_decorator.py
[2023-11-29T20:56:41.957+0000] {processor.py:839} INFO - DAG(s) dict_keys(['example_sensor_decorator']) retrieved from /home/airflow/.local/lib/python3.8/site-packages/airflow/example_dags/example_sensor_decorator.py
[2023-11-29T20:56:41.969+0000] {logging_mixin.py:154} INFO - [2023-11-29T20:56:41.969+0000] {dag.py:2941} INFO - Sync 1 DAGs
[2023-11-29T20:56:41.976+0000] {logging_mixin.py:154} INFO - [2023-11-29T20:56:41.976+0000] {dag.py:3722} INFO - Setting next_dagrun for example_sensor_decorator to None, run_after=None
[2023-11-29T20:56:41.985+0000] {processor.py:179} INFO - Processing /home/airflow/.local/lib/python3.8/site-packages/airflow/example_dags/example_sensor_decorator.py took 0.036 seconds
[2023-11-29T20:57:12.045+0000] {processor.py:157} INFO - Started process (PID=638) to work on /home/airflow/.local/lib/python3.8/site-packages/airflow/example_dags/example_sensor_decorator.py
[2023-11-29T20:57:12.045+0000] {processor.py:829} INFO - Processing file /home/airflow/.local/lib/python3.8/site-packages/airflow/example_dags/example_sensor_decorator.py for tasks to queue
[2023-11-29T20:57:12.047+0000] {logging_mixin.py:154} INFO - [2023-11-29T20:57:12.047+0000] {dagbag.py:536} INFO - Filling up the DagBag from /home/airflow/.local/lib/python3.8/site-packages/airflow/example_dags/example_sensor_decorator.py
[2023-11-29T20:57:12.050+0000] {processor.py:839} INFO - DAG(s) dict_keys(['example_sensor_decorator']) retrieved from /home/airflow/.local/lib/python3.8/site-packages/airflow/example_dags/example_sensor_decorator.py
[2023-11-29T20:57:12.063+0000] {logging_mixin.py:154} INFO - [2023-11-29T20:57:12.063+0000] {dag.py:2941} INFO - Sync 1 DAGs
[2023-11-29T20:57:12.070+0000] {logging_mixin.py:154} INFO - [2023-11-29T20:57:12.070+0000] {dag.py:3722} INFO - Setting next_dagrun for example_sensor_decorator to None, run_after=None
[2023-11-29T20:57:12.079+0000] {processor.py:179} INFO - Processing /home/airflow/.local/lib/python3.8/site-packages/airflow/example_dags/example_sensor_decorator.py took 0.037 seconds
[2023-11-29T20:57:42.176+0000] {processor.py:157} INFO - Started process (PID=692) to work on /home/airflow/.local/lib/python3.8/site-packages/airflow/example_dags/example_sensor_decorator.py
[2023-11-29T20:57:42.176+0000] {processor.py:829} INFO - Processing file /home/airflow/.local/lib/python3.8/site-packages/airflow/example_dags/example_sensor_decorator.py for tasks to queue
[2023-11-29T20:57:42.178+0000] {logging_mixin.py:154} INFO - [2023-11-29T20:57:42.178+0000] {dagbag.py:536} INFO - Filling up the DagBag from /home/airflow/.local/lib/python3.8/site-packages/airflow/example_dags/example_sensor_decorator.py
[2023-11-29T20:57:42.183+0000] {processor.py:839} INFO - DAG(s) dict_keys(['example_sensor_decorator']) retrieved from /home/airflow/.local/lib/python3.8/site-packages/airflow/example_dags/example_sensor_decorator.py
[2023-11-29T20:57:42.195+0000] {logging_mixin.py:154} INFO - [2023-11-29T20:57:42.195+0000] {dag.py:2941} INFO - Sync 1 DAGs
[2023-11-29T20:57:42.202+0000] {logging_mixin.py:154} INFO - [2023-11-29T20:57:42.202+0000] {dag.py:3722} INFO - Setting next_dagrun for example_sensor_decorator to None, run_after=None
[2023-11-29T20:57:42.211+0000] {processor.py:179} INFO - Processing /home/airflow/.local/lib/python3.8/site-packages/airflow/example_dags/example_sensor_decorator.py took 0.038 seconds
[2023-11-29T20:58:12.308+0000] {processor.py:157} INFO - Started process (PID=746) to work on /home/airflow/.local/lib/python3.8/site-packages/airflow/example_dags/example_sensor_decorator.py
[2023-11-29T20:58:12.309+0000] {processor.py:829} INFO - Processing file /home/airflow/.local/lib/python3.8/site-packages/airflow/example_dags/example_sensor_decorator.py for tasks to queue
[2023-11-29T20:58:12.310+0000] {logging_mixin.py:154} INFO - [2023-11-29T20:58:12.310+0000] {dagbag.py:536} INFO - Filling up the DagBag from /home/airflow/.local/lib/python3.8/site-packages/airflow/example_dags/example_sensor_decorator.py
[2023-11-29T20:58:12.314+0000] {processor.py:839} INFO - DAG(s) dict_keys(['example_sensor_decorator']) retrieved from /home/airflow/.local/lib/python3.8/site-packages/airflow/example_dags/example_sensor_decorator.py
[2023-11-29T20:58:12.327+0000] {logging_mixin.py:154} INFO - [2023-11-29T20:58:12.327+0000] {dag.py:2941} INFO - Sync 1 DAGs
[2023-11-29T20:58:12.335+0000] {logging_mixin.py:154} INFO - [2023-11-29T20:58:12.335+0000] {dag.py:3722} INFO - Setting next_dagrun for example_sensor_decorator to None, run_after=None
[2023-11-29T20:58:12.344+0000] {processor.py:179} INFO - Processing /home/airflow/.local/lib/python3.8/site-packages/airflow/example_dags/example_sensor_decorator.py took 0.039 seconds
[2023-11-29T20:58:42.417+0000] {processor.py:157} INFO - Started process (PID=800) to work on /home/airflow/.local/lib/python3.8/site-packages/airflow/example_dags/example_sensor_decorator.py
[2023-11-29T20:58:42.418+0000] {processor.py:829} INFO - Processing file /home/airflow/.local/lib/python3.8/site-packages/airflow/example_dags/example_sensor_decorator.py for tasks to queue
[2023-11-29T20:58:42.419+0000] {logging_mixin.py:154} INFO - [2023-11-29T20:58:42.419+0000] {dagbag.py:536} INFO - Filling up the DagBag from /home/airflow/.local/lib/python3.8/site-packages/airflow/example_dags/example_sensor_decorator.py
[2023-11-29T20:58:42.423+0000] {processor.py:839} INFO - DAG(s) dict_keys(['example_sensor_decorator']) retrieved from /home/airflow/.local/lib/python3.8/site-packages/airflow/example_dags/example_sensor_decorator.py
[2023-11-29T20:58:42.436+0000] {logging_mixin.py:154} INFO - [2023-11-29T20:58:42.436+0000] {dag.py:2941} INFO - Sync 1 DAGs
[2023-11-29T20:58:42.443+0000] {logging_mixin.py:154} INFO - [2023-11-29T20:58:42.443+0000] {dag.py:3722} INFO - Setting next_dagrun for example_sensor_decorator to None, run_after=None
[2023-11-29T20:58:42.453+0000] {processor.py:179} INFO - Processing /home/airflow/.local/lib/python3.8/site-packages/airflow/example_dags/example_sensor_decorator.py took 0.038 seconds
[2023-11-29T20:59:13.351+0000] {processor.py:157} INFO - Started process (PID=854) to work on /home/airflow/.local/lib/python3.8/site-packages/airflow/example_dags/example_sensor_decorator.py
[2023-11-29T20:59:13.351+0000] {processor.py:829} INFO - Processing file /home/airflow/.local/lib/python3.8/site-packages/airflow/example_dags/example_sensor_decorator.py for tasks to queue
[2023-11-29T20:59:13.353+0000] {logging_mixin.py:154} INFO - [2023-11-29T20:59:13.353+0000] {dagbag.py:536} INFO - Filling up the DagBag from /home/airflow/.local/lib/python3.8/site-packages/airflow/example_dags/example_sensor_decorator.py
[2023-11-29T20:59:13.357+0000] {processor.py:839} INFO - DAG(s) dict_keys(['example_sensor_decorator']) retrieved from /home/airflow/.local/lib/python3.8/site-packages/airflow/example_dags/example_sensor_decorator.py
[2023-11-29T20:59:13.370+0000] {logging_mixin.py:154} INFO - [2023-11-29T20:59:13.370+0000] {dag.py:2941} INFO - Sync 1 DAGs
[2023-11-29T20:59:13.377+0000] {logging_mixin.py:154} INFO - [2023-11-29T20:59:13.376+0000] {dag.py:3722} INFO - Setting next_dagrun for example_sensor_decorator to None, run_after=None
[2023-11-29T20:59:13.386+0000] {processor.py:179} INFO - Processing /home/airflow/.local/lib/python3.8/site-packages/airflow/example_dags/example_sensor_decorator.py took 0.037 seconds
[2023-11-29T20:59:44.221+0000] {processor.py:157} INFO - Started process (PID=908) to work on /home/airflow/.local/lib/python3.8/site-packages/airflow/example_dags/example_sensor_decorator.py
[2023-11-29T20:59:44.222+0000] {processor.py:829} INFO - Processing file /home/airflow/.local/lib/python3.8/site-packages/airflow/example_dags/example_sensor_decorator.py for tasks to queue
[2023-11-29T20:59:44.224+0000] {logging_mixin.py:154} INFO - [2023-11-29T20:59:44.223+0000] {dagbag.py:536} INFO - Filling up the DagBag from /home/airflow/.local/lib/python3.8/site-packages/airflow/example_dags/example_sensor_decorator.py
[2023-11-29T20:59:44.228+0000] {processor.py:839} INFO - DAG(s) dict_keys(['example_sensor_decorator']) retrieved from /home/airflow/.local/lib/python3.8/site-packages/airflow/example_dags/example_sensor_decorator.py
[2023-11-29T20:59:44.240+0000] {logging_mixin.py:154} INFO - [2023-11-29T20:59:44.240+0000] {dag.py:2941} INFO - Sync 1 DAGs
[2023-11-29T20:59:44.247+0000] {logging_mixin.py:154} INFO - [2023-11-29T20:59:44.247+0000] {dag.py:3722} INFO - Setting next_dagrun for example_sensor_decorator to None, run_after=None
[2023-11-29T20:59:44.258+0000] {processor.py:179} INFO - Processing /home/airflow/.local/lib/python3.8/site-packages/airflow/example_dags/example_sensor_decorator.py took 0.039 seconds
[2023-11-29T21:00:15.021+0000] {processor.py:157} INFO - Started process (PID=962) to work on /home/airflow/.local/lib/python3.8/site-packages/airflow/example_dags/example_sensor_decorator.py
[2023-11-29T21:00:15.021+0000] {processor.py:829} INFO - Processing file /home/airflow/.local/lib/python3.8/site-packages/airflow/example_dags/example_sensor_decorator.py for tasks to queue
[2023-11-29T21:00:15.023+0000] {logging_mixin.py:154} INFO - [2023-11-29T21:00:15.023+0000] {dagbag.py:536} INFO - Filling up the DagBag from /home/airflow/.local/lib/python3.8/site-packages/airflow/example_dags/example_sensor_decorator.py
[2023-11-29T21:00:15.027+0000] {processor.py:839} INFO - DAG(s) dict_keys(['example_sensor_decorator']) retrieved from /home/airflow/.local/lib/python3.8/site-packages/airflow/example_dags/example_sensor_decorator.py
[2023-11-29T21:00:15.039+0000] {logging_mixin.py:154} INFO - [2023-11-29T21:00:15.039+0000] {dag.py:2941} INFO - Sync 1 DAGs
[2023-11-29T21:00:15.047+0000] {logging_mixin.py:154} INFO - [2023-11-29T21:00:15.047+0000] {dag.py:3722} INFO - Setting next_dagrun for example_sensor_decorator to None, run_after=None
[2023-11-29T21:00:15.057+0000] {processor.py:179} INFO - Processing /home/airflow/.local/lib/python3.8/site-packages/airflow/example_dags/example_sensor_decorator.py took 0.038 seconds
[2023-11-29T21:00:45.921+0000] {processor.py:157} INFO - Started process (PID=1016) to work on /home/airflow/.local/lib/python3.8/site-packages/airflow/example_dags/example_sensor_decorator.py
[2023-11-29T21:00:45.922+0000] {processor.py:829} INFO - Processing file /home/airflow/.local/lib/python3.8/site-packages/airflow/example_dags/example_sensor_decorator.py for tasks to queue
[2023-11-29T21:00:45.923+0000] {logging_mixin.py:154} INFO - [2023-11-29T21:00:45.923+0000] {dagbag.py:536} INFO - Filling up the DagBag from /home/airflow/.local/lib/python3.8/site-packages/airflow/example_dags/example_sensor_decorator.py
[2023-11-29T21:00:45.927+0000] {processor.py:839} INFO - DAG(s) dict_keys(['example_sensor_decorator']) retrieved from /home/airflow/.local/lib/python3.8/site-packages/airflow/example_dags/example_sensor_decorator.py
[2023-11-29T21:00:45.940+0000] {logging_mixin.py:154} INFO - [2023-11-29T21:00:45.940+0000] {dag.py:2941} INFO - Sync 1 DAGs
[2023-11-29T21:00:45.947+0000] {logging_mixin.py:154} INFO - [2023-11-29T21:00:45.946+0000] {dag.py:3722} INFO - Setting next_dagrun for example_sensor_decorator to None, run_after=None
[2023-11-29T21:00:45.957+0000] {processor.py:179} INFO - Processing /home/airflow/.local/lib/python3.8/site-packages/airflow/example_dags/example_sensor_decorator.py took 0.038 seconds
[2023-11-29T21:01:16.900+0000] {processor.py:157} INFO - Started process (PID=1070) to work on /home/airflow/.local/lib/python3.8/site-packages/airflow/example_dags/example_sensor_decorator.py
[2023-11-29T21:01:16.901+0000] {processor.py:829} INFO - Processing file /home/airflow/.local/lib/python3.8/site-packages/airflow/example_dags/example_sensor_decorator.py for tasks to queue
[2023-11-29T21:01:16.902+0000] {logging_mixin.py:154} INFO - [2023-11-29T21:01:16.902+0000] {dagbag.py:536} INFO - Filling up the DagBag from /home/airflow/.local/lib/python3.8/site-packages/airflow/example_dags/example_sensor_decorator.py
[2023-11-29T21:01:16.906+0000] {processor.py:839} INFO - DAG(s) dict_keys(['example_sensor_decorator']) retrieved from /home/airflow/.local/lib/python3.8/site-packages/airflow/example_dags/example_sensor_decorator.py
[2023-11-29T21:01:16.918+0000] {logging_mixin.py:154} INFO - [2023-11-29T21:01:16.918+0000] {dag.py:2941} INFO - Sync 1 DAGs
[2023-11-29T21:01:16.925+0000] {logging_mixin.py:154} INFO - [2023-11-29T21:01:16.925+0000] {dag.py:3722} INFO - Setting next_dagrun for example_sensor_decorator to None, run_after=None
[2023-11-29T21:01:16.938+0000] {processor.py:179} INFO - Processing /home/airflow/.local/lib/python3.8/site-packages/airflow/example_dags/example_sensor_decorator.py took 0.040 seconds
[2023-11-29T21:01:47.785+0000] {processor.py:157} INFO - Started process (PID=1124) to work on /home/airflow/.local/lib/python3.8/site-packages/airflow/example_dags/example_sensor_decorator.py
[2023-11-29T21:01:47.786+0000] {processor.py:829} INFO - Processing file /home/airflow/.local/lib/python3.8/site-packages/airflow/example_dags/example_sensor_decorator.py for tasks to queue
[2023-11-29T21:01:47.787+0000] {logging_mixin.py:154} INFO - [2023-11-29T21:01:47.787+0000] {dagbag.py:536} INFO - Filling up the DagBag from /home/airflow/.local/lib/python3.8/site-packages/airflow/example_dags/example_sensor_decorator.py
[2023-11-29T21:01:47.791+0000] {processor.py:839} INFO - DAG(s) dict_keys(['example_sensor_decorator']) retrieved from /home/airflow/.local/lib/python3.8/site-packages/airflow/example_dags/example_sensor_decorator.py
[2023-11-29T21:01:47.804+0000] {logging_mixin.py:154} INFO - [2023-11-29T21:01:47.804+0000] {dag.py:2941} INFO - Sync 1 DAGs
[2023-11-29T21:01:47.811+0000] {logging_mixin.py:154} INFO - [2023-11-29T21:01:47.811+0000] {dag.py:3722} INFO - Setting next_dagrun for example_sensor_decorator to None, run_after=None
[2023-11-29T21:01:47.822+0000] {processor.py:179} INFO - Processing /home/airflow/.local/lib/python3.8/site-packages/airflow/example_dags/example_sensor_decorator.py took 0.039 seconds
[2023-11-29T21:41:08.031+0000] {processor.py:157} INFO - Started process (PID=48) to work on /home/airflow/.local/lib/python3.8/site-packages/airflow/example_dags/example_sensor_decorator.py
[2023-11-29T21:41:08.032+0000] {processor.py:829} INFO - Processing file /home/airflow/.local/lib/python3.8/site-packages/airflow/example_dags/example_sensor_decorator.py for tasks to queue
[2023-11-29T21:41:08.034+0000] {logging_mixin.py:154} INFO - [2023-11-29T21:41:08.034+0000] {dagbag.py:536} INFO - Filling up the DagBag from /home/airflow/.local/lib/python3.8/site-packages/airflow/example_dags/example_sensor_decorator.py
[2023-11-29T21:41:08.038+0000] {processor.py:839} INFO - DAG(s) dict_keys(['example_sensor_decorator']) retrieved from /home/airflow/.local/lib/python3.8/site-packages/airflow/example_dags/example_sensor_decorator.py
[2023-11-29T21:41:08.103+0000] {logging_mixin.py:154} INFO - [2023-11-29T21:41:08.103+0000] {manager.py:499} INFO - Created Permission View: %s
[2023-11-29T21:41:08.110+0000] {logging_mixin.py:154} INFO - [2023-11-29T21:41:08.109+0000] {manager.py:499} INFO - Created Permission View: %s
[2023-11-29T21:41:08.113+0000] {logging_mixin.py:154} INFO - [2023-11-29T21:41:08.113+0000] {manager.py:499} INFO - Created Permission View: %s
[2023-11-29T21:41:08.114+0000] {logging_mixin.py:154} INFO - [2023-11-29T21:41:08.114+0000] {dag.py:2941} INFO - Sync 1 DAGs
[2023-11-29T21:41:08.120+0000] {logging_mixin.py:154} INFO - [2023-11-29T21:41:08.120+0000] {dag.py:2963} INFO - Creating ORM DAG for example_sensor_decorator
[2023-11-29T21:41:08.121+0000] {logging_mixin.py:154} INFO - [2023-11-29T21:41:08.121+0000] {dag.py:3722} INFO - Setting next_dagrun for example_sensor_decorator to None, run_after=None
[2023-11-29T21:41:08.131+0000] {processor.py:179} INFO - Processing /home/airflow/.local/lib/python3.8/site-packages/airflow/example_dags/example_sensor_decorator.py took 0.103 seconds
[2023-11-29T21:41:39.051+0000] {processor.py:157} INFO - Started process (PID=102) to work on /home/airflow/.local/lib/python3.8/site-packages/airflow/example_dags/example_sensor_decorator.py
[2023-11-29T21:41:39.052+0000] {processor.py:829} INFO - Processing file /home/airflow/.local/lib/python3.8/site-packages/airflow/example_dags/example_sensor_decorator.py for tasks to queue
[2023-11-29T21:41:39.054+0000] {logging_mixin.py:154} INFO - [2023-11-29T21:41:39.054+0000] {dagbag.py:536} INFO - Filling up the DagBag from /home/airflow/.local/lib/python3.8/site-packages/airflow/example_dags/example_sensor_decorator.py
[2023-11-29T21:41:39.059+0000] {processor.py:839} INFO - DAG(s) dict_keys(['example_sensor_decorator']) retrieved from /home/airflow/.local/lib/python3.8/site-packages/airflow/example_dags/example_sensor_decorator.py
[2023-11-29T21:41:39.072+0000] {logging_mixin.py:154} INFO - [2023-11-29T21:41:39.072+0000] {dag.py:2941} INFO - Sync 1 DAGs
[2023-11-29T21:41:39.079+0000] {logging_mixin.py:154} INFO - [2023-11-29T21:41:39.079+0000] {dag.py:3722} INFO - Setting next_dagrun for example_sensor_decorator to None, run_after=None
[2023-11-29T21:41:39.091+0000] {processor.py:179} INFO - Processing /home/airflow/.local/lib/python3.8/site-packages/airflow/example_dags/example_sensor_decorator.py took 0.042 seconds
[2023-11-29T21:42:09.703+0000] {processor.py:157} INFO - Started process (PID=156) to work on /home/airflow/.local/lib/python3.8/site-packages/airflow/example_dags/example_sensor_decorator.py
[2023-11-29T21:42:09.703+0000] {processor.py:829} INFO - Processing file /home/airflow/.local/lib/python3.8/site-packages/airflow/example_dags/example_sensor_decorator.py for tasks to queue
[2023-11-29T21:42:09.705+0000] {logging_mixin.py:154} INFO - [2023-11-29T21:42:09.705+0000] {dagbag.py:536} INFO - Filling up the DagBag from /home/airflow/.local/lib/python3.8/site-packages/airflow/example_dags/example_sensor_decorator.py
[2023-11-29T21:42:09.713+0000] {processor.py:839} INFO - DAG(s) dict_keys(['example_sensor_decorator']) retrieved from /home/airflow/.local/lib/python3.8/site-packages/airflow/example_dags/example_sensor_decorator.py
[2023-11-29T21:42:09.726+0000] {logging_mixin.py:154} INFO - [2023-11-29T21:42:09.726+0000] {dag.py:2941} INFO - Sync 1 DAGs
[2023-11-29T21:42:09.733+0000] {logging_mixin.py:154} INFO - [2023-11-29T21:42:09.733+0000] {dag.py:3722} INFO - Setting next_dagrun for example_sensor_decorator to None, run_after=None
[2023-11-29T21:42:09.745+0000] {processor.py:179} INFO - Processing /home/airflow/.local/lib/python3.8/site-packages/airflow/example_dags/example_sensor_decorator.py took 0.045 seconds
[2023-11-29T21:42:40.436+0000] {processor.py:157} INFO - Started process (PID=210) to work on /home/airflow/.local/lib/python3.8/site-packages/airflow/example_dags/example_sensor_decorator.py
[2023-11-29T21:42:40.437+0000] {processor.py:829} INFO - Processing file /home/airflow/.local/lib/python3.8/site-packages/airflow/example_dags/example_sensor_decorator.py for tasks to queue
[2023-11-29T21:42:40.440+0000] {logging_mixin.py:154} INFO - [2023-11-29T21:42:40.439+0000] {dagbag.py:536} INFO - Filling up the DagBag from /home/airflow/.local/lib/python3.8/site-packages/airflow/example_dags/example_sensor_decorator.py
[2023-11-29T21:42:40.447+0000] {processor.py:839} INFO - DAG(s) dict_keys(['example_sensor_decorator']) retrieved from /home/airflow/.local/lib/python3.8/site-packages/airflow/example_dags/example_sensor_decorator.py
[2023-11-29T21:42:40.463+0000] {logging_mixin.py:154} INFO - [2023-11-29T21:42:40.463+0000] {dag.py:2941} INFO - Sync 1 DAGs
[2023-11-29T21:42:40.471+0000] {logging_mixin.py:154} INFO - [2023-11-29T21:42:40.471+0000] {dag.py:3722} INFO - Setting next_dagrun for example_sensor_decorator to None, run_after=None
[2023-11-29T21:42:40.482+0000] {processor.py:179} INFO - Processing /home/airflow/.local/lib/python3.8/site-packages/airflow/example_dags/example_sensor_decorator.py took 0.051 seconds
[2023-11-29T21:43:10.604+0000] {processor.py:157} INFO - Started process (PID=264) to work on /home/airflow/.local/lib/python3.8/site-packages/airflow/example_dags/example_sensor_decorator.py
[2023-11-29T21:43:10.605+0000] {processor.py:829} INFO - Processing file /home/airflow/.local/lib/python3.8/site-packages/airflow/example_dags/example_sensor_decorator.py for tasks to queue
[2023-11-29T21:43:10.608+0000] {logging_mixin.py:154} INFO - [2023-11-29T21:43:10.608+0000] {dagbag.py:536} INFO - Filling up the DagBag from /home/airflow/.local/lib/python3.8/site-packages/airflow/example_dags/example_sensor_decorator.py
[2023-11-29T21:43:10.615+0000] {processor.py:839} INFO - DAG(s) dict_keys(['example_sensor_decorator']) retrieved from /home/airflow/.local/lib/python3.8/site-packages/airflow/example_dags/example_sensor_decorator.py
[2023-11-29T21:43:10.631+0000] {logging_mixin.py:154} INFO - [2023-11-29T21:43:10.631+0000] {dag.py:2941} INFO - Sync 1 DAGs
[2023-11-29T21:43:10.639+0000] {logging_mixin.py:154} INFO - [2023-11-29T21:43:10.639+0000] {dag.py:3722} INFO - Setting next_dagrun for example_sensor_decorator to None, run_after=None
[2023-11-29T21:43:10.649+0000] {processor.py:179} INFO - Processing /home/airflow/.local/lib/python3.8/site-packages/airflow/example_dags/example_sensor_decorator.py took 0.050 seconds
[2023-11-29T21:43:40.746+0000] {processor.py:157} INFO - Started process (PID=318) to work on /home/airflow/.local/lib/python3.8/site-packages/airflow/example_dags/example_sensor_decorator.py
[2023-11-29T21:43:40.747+0000] {processor.py:829} INFO - Processing file /home/airflow/.local/lib/python3.8/site-packages/airflow/example_dags/example_sensor_decorator.py for tasks to queue
[2023-11-29T21:43:40.750+0000] {logging_mixin.py:154} INFO - [2023-11-29T21:43:40.750+0000] {dagbag.py:536} INFO - Filling up the DagBag from /home/airflow/.local/lib/python3.8/site-packages/airflow/example_dags/example_sensor_decorator.py
[2023-11-29T21:43:40.756+0000] {processor.py:839} INFO - DAG(s) dict_keys(['example_sensor_decorator']) retrieved from /home/airflow/.local/lib/python3.8/site-packages/airflow/example_dags/example_sensor_decorator.py
[2023-11-29T21:43:40.771+0000] {logging_mixin.py:154} INFO - [2023-11-29T21:43:40.770+0000] {dag.py:2941} INFO - Sync 1 DAGs
[2023-11-29T21:43:40.778+0000] {logging_mixin.py:154} INFO - [2023-11-29T21:43:40.778+0000] {dag.py:3722} INFO - Setting next_dagrun for example_sensor_decorator to None, run_after=None
[2023-11-29T21:43:40.789+0000] {processor.py:179} INFO - Processing /home/airflow/.local/lib/python3.8/site-packages/airflow/example_dags/example_sensor_decorator.py took 0.047 seconds
[2023-11-29T21:44:10.977+0000] {processor.py:157} INFO - Started process (PID=372) to work on /home/airflow/.local/lib/python3.8/site-packages/airflow/example_dags/example_sensor_decorator.py
[2023-11-29T21:44:10.978+0000] {processor.py:829} INFO - Processing file /home/airflow/.local/lib/python3.8/site-packages/airflow/example_dags/example_sensor_decorator.py for tasks to queue
[2023-11-29T21:44:10.981+0000] {logging_mixin.py:154} INFO - [2023-11-29T21:44:10.981+0000] {dagbag.py:536} INFO - Filling up the DagBag from /home/airflow/.local/lib/python3.8/site-packages/airflow/example_dags/example_sensor_decorator.py
[2023-11-29T21:44:10.988+0000] {processor.py:839} INFO - DAG(s) dict_keys(['example_sensor_decorator']) retrieved from /home/airflow/.local/lib/python3.8/site-packages/airflow/example_dags/example_sensor_decorator.py
[2023-11-29T21:44:11.005+0000] {logging_mixin.py:154} INFO - [2023-11-29T21:44:11.004+0000] {dag.py:2941} INFO - Sync 1 DAGs
[2023-11-29T21:44:11.012+0000] {logging_mixin.py:154} INFO - [2023-11-29T21:44:11.012+0000] {dag.py:3722} INFO - Setting next_dagrun for example_sensor_decorator to None, run_after=None
[2023-11-29T21:44:11.023+0000] {processor.py:179} INFO - Processing /home/airflow/.local/lib/python3.8/site-packages/airflow/example_dags/example_sensor_decorator.py took 0.051 seconds
