[2023-11-29T20:51:38.332+0000] {processor.py:157} INFO - Started process (PID=43) to work on /home/airflow/.local/lib/python3.8/site-packages/airflow/example_dags/example_bash_operator.py
[2023-11-29T20:51:38.333+0000] {processor.py:829} INFO - Processing file /home/airflow/.local/lib/python3.8/site-packages/airflow/example_dags/example_bash_operator.py for tasks to queue
[2023-11-29T20:51:38.335+0000] {logging_mixin.py:154} INFO - [2023-11-29T20:51:38.335+0000] {dagbag.py:536} INFO - Filling up the DagBag from /home/airflow/.local/lib/python3.8/site-packages/airflow/example_dags/example_bash_operator.py
[2023-11-29T20:51:38.346+0000] {processor.py:839} INFO - DAG(s) dict_keys(['example_bash_operator']) retrieved from /home/airflow/.local/lib/python3.8/site-packages/airflow/example_dags/example_bash_operator.py
[2023-11-29T20:51:38.428+0000] {logging_mixin.py:154} INFO - [2023-11-29T20:51:38.428+0000] {dag.py:2941} INFO - Sync 1 DAGs
[2023-11-29T20:51:38.444+0000] {logging_mixin.py:154} INFO - [2023-11-29T20:51:38.444+0000] {dag.py:3722} INFO - Setting next_dagrun for example_bash_operator to 2023-11-28T00:00:00+00:00, run_after=2023-11-29T00:00:00+00:00
[2023-11-29T20:51:38.456+0000] {processor.py:179} INFO - Processing /home/airflow/.local/lib/python3.8/site-packages/airflow/example_dags/example_bash_operator.py took 0.129 seconds
[2023-11-29T20:52:09.392+0000] {processor.py:157} INFO - Started process (PID=97) to work on /home/airflow/.local/lib/python3.8/site-packages/airflow/example_dags/example_bash_operator.py
[2023-11-29T20:52:09.393+0000] {processor.py:829} INFO - Processing file /home/airflow/.local/lib/python3.8/site-packages/airflow/example_dags/example_bash_operator.py for tasks to queue
[2023-11-29T20:52:09.395+0000] {logging_mixin.py:154} INFO - [2023-11-29T20:52:09.394+0000] {dagbag.py:536} INFO - Filling up the DagBag from /home/airflow/.local/lib/python3.8/site-packages/airflow/example_dags/example_bash_operator.py
[2023-11-29T20:52:09.402+0000] {processor.py:839} INFO - DAG(s) dict_keys(['example_bash_operator']) retrieved from /home/airflow/.local/lib/python3.8/site-packages/airflow/example_dags/example_bash_operator.py
[2023-11-29T20:52:09.410+0000] {logging_mixin.py:154} INFO - [2023-11-29T20:52:09.410+0000] {dag.py:2941} INFO - Sync 1 DAGs
[2023-11-29T20:52:09.424+0000] {logging_mixin.py:154} INFO - [2023-11-29T20:52:09.424+0000] {dag.py:3722} INFO - Setting next_dagrun for example_bash_operator to 2023-11-28T00:00:00+00:00, run_after=2023-11-29T00:00:00+00:00
[2023-11-29T20:52:09.434+0000] {processor.py:179} INFO - Processing /home/airflow/.local/lib/python3.8/site-packages/airflow/example_dags/example_bash_operator.py took 0.044 seconds
[2023-11-29T20:52:40.180+0000] {processor.py:157} INFO - Started process (PID=151) to work on /home/airflow/.local/lib/python3.8/site-packages/airflow/example_dags/example_bash_operator.py
[2023-11-29T20:52:40.181+0000] {processor.py:829} INFO - Processing file /home/airflow/.local/lib/python3.8/site-packages/airflow/example_dags/example_bash_operator.py for tasks to queue
[2023-11-29T20:52:40.182+0000] {logging_mixin.py:154} INFO - [2023-11-29T20:52:40.182+0000] {dagbag.py:536} INFO - Filling up the DagBag from /home/airflow/.local/lib/python3.8/site-packages/airflow/example_dags/example_bash_operator.py
[2023-11-29T20:52:40.190+0000] {processor.py:839} INFO - DAG(s) dict_keys(['example_bash_operator']) retrieved from /home/airflow/.local/lib/python3.8/site-packages/airflow/example_dags/example_bash_operator.py
[2023-11-29T20:52:40.205+0000] {logging_mixin.py:154} INFO - [2023-11-29T20:52:40.205+0000] {dag.py:2941} INFO - Sync 1 DAGs
[2023-11-29T20:52:40.219+0000] {logging_mixin.py:154} INFO - [2023-11-29T20:52:40.218+0000] {dag.py:3722} INFO - Setting next_dagrun for example_bash_operator to 2023-11-28T00:00:00+00:00, run_after=2023-11-29T00:00:00+00:00
[2023-11-29T20:52:40.228+0000] {processor.py:179} INFO - Processing /home/airflow/.local/lib/python3.8/site-packages/airflow/example_dags/example_bash_operator.py took 0.050 seconds
[2023-11-29T20:53:10.333+0000] {processor.py:157} INFO - Started process (PID=205) to work on /home/airflow/.local/lib/python3.8/site-packages/airflow/example_dags/example_bash_operator.py
[2023-11-29T20:53:10.334+0000] {processor.py:829} INFO - Processing file /home/airflow/.local/lib/python3.8/site-packages/airflow/example_dags/example_bash_operator.py for tasks to queue
[2023-11-29T20:53:10.336+0000] {logging_mixin.py:154} INFO - [2023-11-29T20:53:10.335+0000] {dagbag.py:536} INFO - Filling up the DagBag from /home/airflow/.local/lib/python3.8/site-packages/airflow/example_dags/example_bash_operator.py
[2023-11-29T20:53:10.343+0000] {processor.py:839} INFO - DAG(s) dict_keys(['example_bash_operator']) retrieved from /home/airflow/.local/lib/python3.8/site-packages/airflow/example_dags/example_bash_operator.py
[2023-11-29T20:53:10.359+0000] {logging_mixin.py:154} INFO - [2023-11-29T20:53:10.359+0000] {dag.py:2941} INFO - Sync 1 DAGs
[2023-11-29T20:53:10.372+0000] {logging_mixin.py:154} INFO - [2023-11-29T20:53:10.372+0000] {dag.py:3722} INFO - Setting next_dagrun for example_bash_operator to 2023-11-28T00:00:00+00:00, run_after=2023-11-29T00:00:00+00:00
[2023-11-29T20:53:10.381+0000] {processor.py:179} INFO - Processing /home/airflow/.local/lib/python3.8/site-packages/airflow/example_dags/example_bash_operator.py took 0.050 seconds
[2023-11-29T20:53:40.475+0000] {processor.py:157} INFO - Started process (PID=260) to work on /home/airflow/.local/lib/python3.8/site-packages/airflow/example_dags/example_bash_operator.py
[2023-11-29T20:53:40.476+0000] {processor.py:829} INFO - Processing file /home/airflow/.local/lib/python3.8/site-packages/airflow/example_dags/example_bash_operator.py for tasks to queue
[2023-11-29T20:53:40.478+0000] {logging_mixin.py:154} INFO - [2023-11-29T20:53:40.477+0000] {dagbag.py:536} INFO - Filling up the DagBag from /home/airflow/.local/lib/python3.8/site-packages/airflow/example_dags/example_bash_operator.py
[2023-11-29T20:53:40.485+0000] {processor.py:839} INFO - DAG(s) dict_keys(['example_bash_operator']) retrieved from /home/airflow/.local/lib/python3.8/site-packages/airflow/example_dags/example_bash_operator.py
[2023-11-29T20:53:40.501+0000] {logging_mixin.py:154} INFO - [2023-11-29T20:53:40.501+0000] {dag.py:2941} INFO - Sync 1 DAGs
[2023-11-29T20:53:40.514+0000] {logging_mixin.py:154} INFO - [2023-11-29T20:53:40.514+0000] {dag.py:3722} INFO - Setting next_dagrun for example_bash_operator to 2023-11-28T00:00:00+00:00, run_after=2023-11-29T00:00:00+00:00
[2023-11-29T20:53:40.524+0000] {processor.py:179} INFO - Processing /home/airflow/.local/lib/python3.8/site-packages/airflow/example_dags/example_bash_operator.py took 0.051 seconds
[2023-11-29T20:54:10.581+0000] {processor.py:157} INFO - Started process (PID=313) to work on /home/airflow/.local/lib/python3.8/site-packages/airflow/example_dags/example_bash_operator.py
[2023-11-29T20:54:10.582+0000] {processor.py:829} INFO - Processing file /home/airflow/.local/lib/python3.8/site-packages/airflow/example_dags/example_bash_operator.py for tasks to queue
[2023-11-29T20:54:10.583+0000] {logging_mixin.py:154} INFO - [2023-11-29T20:54:10.583+0000] {dagbag.py:536} INFO - Filling up the DagBag from /home/airflow/.local/lib/python3.8/site-packages/airflow/example_dags/example_bash_operator.py
[2023-11-29T20:54:10.590+0000] {processor.py:839} INFO - DAG(s) dict_keys(['example_bash_operator']) retrieved from /home/airflow/.local/lib/python3.8/site-packages/airflow/example_dags/example_bash_operator.py
[2023-11-29T20:54:10.607+0000] {logging_mixin.py:154} INFO - [2023-11-29T20:54:10.607+0000] {dag.py:2941} INFO - Sync 1 DAGs
[2023-11-29T20:54:10.619+0000] {logging_mixin.py:154} INFO - [2023-11-29T20:54:10.619+0000] {dag.py:3722} INFO - Setting next_dagrun for example_bash_operator to 2023-11-28T00:00:00+00:00, run_after=2023-11-29T00:00:00+00:00
[2023-11-29T20:54:10.629+0000] {processor.py:179} INFO - Processing /home/airflow/.local/lib/python3.8/site-packages/airflow/example_dags/example_bash_operator.py took 0.050 seconds
[2023-11-29T20:54:40.670+0000] {processor.py:157} INFO - Started process (PID=367) to work on /home/airflow/.local/lib/python3.8/site-packages/airflow/example_dags/example_bash_operator.py
[2023-11-29T20:54:40.671+0000] {processor.py:829} INFO - Processing file /home/airflow/.local/lib/python3.8/site-packages/airflow/example_dags/example_bash_operator.py for tasks to queue
[2023-11-29T20:54:40.672+0000] {logging_mixin.py:154} INFO - [2023-11-29T20:54:40.672+0000] {dagbag.py:536} INFO - Filling up the DagBag from /home/airflow/.local/lib/python3.8/site-packages/airflow/example_dags/example_bash_operator.py
[2023-11-29T20:54:40.680+0000] {processor.py:839} INFO - DAG(s) dict_keys(['example_bash_operator']) retrieved from /home/airflow/.local/lib/python3.8/site-packages/airflow/example_dags/example_bash_operator.py
[2023-11-29T20:54:40.696+0000] {logging_mixin.py:154} INFO - [2023-11-29T20:54:40.696+0000] {dag.py:2941} INFO - Sync 1 DAGs
[2023-11-29T20:54:40.708+0000] {logging_mixin.py:154} INFO - [2023-11-29T20:54:40.708+0000] {dag.py:3722} INFO - Setting next_dagrun for example_bash_operator to 2023-11-28T00:00:00+00:00, run_after=2023-11-29T00:00:00+00:00
[2023-11-29T20:54:40.719+0000] {processor.py:179} INFO - Processing /home/airflow/.local/lib/python3.8/site-packages/airflow/example_dags/example_bash_operator.py took 0.051 seconds
[2023-11-29T20:55:10.754+0000] {processor.py:157} INFO - Started process (PID=421) to work on /home/airflow/.local/lib/python3.8/site-packages/airflow/example_dags/example_bash_operator.py
[2023-11-29T20:55:10.755+0000] {processor.py:829} INFO - Processing file /home/airflow/.local/lib/python3.8/site-packages/airflow/example_dags/example_bash_operator.py for tasks to queue
[2023-11-29T20:55:10.757+0000] {logging_mixin.py:154} INFO - [2023-11-29T20:55:10.756+0000] {dagbag.py:536} INFO - Filling up the DagBag from /home/airflow/.local/lib/python3.8/site-packages/airflow/example_dags/example_bash_operator.py
[2023-11-29T20:55:10.764+0000] {processor.py:839} INFO - DAG(s) dict_keys(['example_bash_operator']) retrieved from /home/airflow/.local/lib/python3.8/site-packages/airflow/example_dags/example_bash_operator.py
[2023-11-29T20:55:10.780+0000] {logging_mixin.py:154} INFO - [2023-11-29T20:55:10.780+0000] {dag.py:2941} INFO - Sync 1 DAGs
[2023-11-29T20:55:10.793+0000] {logging_mixin.py:154} INFO - [2023-11-29T20:55:10.792+0000] {dag.py:3722} INFO - Setting next_dagrun for example_bash_operator to 2023-11-28T00:00:00+00:00, run_after=2023-11-29T00:00:00+00:00
[2023-11-29T20:55:10.803+0000] {processor.py:179} INFO - Processing /home/airflow/.local/lib/python3.8/site-packages/airflow/example_dags/example_bash_operator.py took 0.050 seconds
[2023-11-29T20:55:40.837+0000] {processor.py:157} INFO - Started process (PID=475) to work on /home/airflow/.local/lib/python3.8/site-packages/airflow/example_dags/example_bash_operator.py
[2023-11-29T20:55:40.838+0000] {processor.py:829} INFO - Processing file /home/airflow/.local/lib/python3.8/site-packages/airflow/example_dags/example_bash_operator.py for tasks to queue
[2023-11-29T20:55:40.840+0000] {logging_mixin.py:154} INFO - [2023-11-29T20:55:40.839+0000] {dagbag.py:536} INFO - Filling up the DagBag from /home/airflow/.local/lib/python3.8/site-packages/airflow/example_dags/example_bash_operator.py
[2023-11-29T20:55:40.847+0000] {processor.py:839} INFO - DAG(s) dict_keys(['example_bash_operator']) retrieved from /home/airflow/.local/lib/python3.8/site-packages/airflow/example_dags/example_bash_operator.py
[2023-11-29T20:55:40.863+0000] {logging_mixin.py:154} INFO - [2023-11-29T20:55:40.863+0000] {dag.py:2941} INFO - Sync 1 DAGs
[2023-11-29T20:55:40.876+0000] {logging_mixin.py:154} INFO - [2023-11-29T20:55:40.875+0000] {dag.py:3722} INFO - Setting next_dagrun for example_bash_operator to 2023-11-28T00:00:00+00:00, run_after=2023-11-29T00:00:00+00:00
[2023-11-29T20:55:40.885+0000] {processor.py:179} INFO - Processing /home/airflow/.local/lib/python3.8/site-packages/airflow/example_dags/example_bash_operator.py took 0.050 seconds
[2023-11-29T20:56:11.022+0000] {processor.py:157} INFO - Started process (PID=529) to work on /home/airflow/.local/lib/python3.8/site-packages/airflow/example_dags/example_bash_operator.py
[2023-11-29T20:56:11.023+0000] {processor.py:829} INFO - Processing file /home/airflow/.local/lib/python3.8/site-packages/airflow/example_dags/example_bash_operator.py for tasks to queue
[2023-11-29T20:56:11.024+0000] {logging_mixin.py:154} INFO - [2023-11-29T20:56:11.024+0000] {dagbag.py:536} INFO - Filling up the DagBag from /home/airflow/.local/lib/python3.8/site-packages/airflow/example_dags/example_bash_operator.py
[2023-11-29T20:56:11.032+0000] {processor.py:839} INFO - DAG(s) dict_keys(['example_bash_operator']) retrieved from /home/airflow/.local/lib/python3.8/site-packages/airflow/example_dags/example_bash_operator.py
[2023-11-29T20:56:11.048+0000] {logging_mixin.py:154} INFO - [2023-11-29T20:56:11.048+0000] {dag.py:2941} INFO - Sync 1 DAGs
[2023-11-29T20:56:11.061+0000] {logging_mixin.py:154} INFO - [2023-11-29T20:56:11.061+0000] {dag.py:3722} INFO - Setting next_dagrun for example_bash_operator to 2023-11-28T00:00:00+00:00, run_after=2023-11-29T00:00:00+00:00
[2023-11-29T20:56:11.070+0000] {processor.py:179} INFO - Processing /home/airflow/.local/lib/python3.8/site-packages/airflow/example_dags/example_bash_operator.py took 0.051 seconds
[2023-11-29T20:56:41.945+0000] {processor.py:157} INFO - Started process (PID=583) to work on /home/airflow/.local/lib/python3.8/site-packages/airflow/example_dags/example_bash_operator.py
[2023-11-29T20:56:41.945+0000] {processor.py:829} INFO - Processing file /home/airflow/.local/lib/python3.8/site-packages/airflow/example_dags/example_bash_operator.py for tasks to queue
[2023-11-29T20:56:41.947+0000] {logging_mixin.py:154} INFO - [2023-11-29T20:56:41.947+0000] {dagbag.py:536} INFO - Filling up the DagBag from /home/airflow/.local/lib/python3.8/site-packages/airflow/example_dags/example_bash_operator.py
[2023-11-29T20:56:41.954+0000] {processor.py:839} INFO - DAG(s) dict_keys(['example_bash_operator']) retrieved from /home/airflow/.local/lib/python3.8/site-packages/airflow/example_dags/example_bash_operator.py
[2023-11-29T20:56:41.970+0000] {logging_mixin.py:154} INFO - [2023-11-29T20:56:41.970+0000] {dag.py:2941} INFO - Sync 1 DAGs
[2023-11-29T20:56:41.982+0000] {logging_mixin.py:154} INFO - [2023-11-29T20:56:41.982+0000] {dag.py:3722} INFO - Setting next_dagrun for example_bash_operator to 2023-11-28T00:00:00+00:00, run_after=2023-11-29T00:00:00+00:00
[2023-11-29T20:56:41.992+0000] {processor.py:179} INFO - Processing /home/airflow/.local/lib/python3.8/site-packages/airflow/example_dags/example_bash_operator.py took 0.050 seconds
[2023-11-29T20:57:12.042+0000] {processor.py:157} INFO - Started process (PID=637) to work on /home/airflow/.local/lib/python3.8/site-packages/airflow/example_dags/example_bash_operator.py
[2023-11-29T20:57:12.043+0000] {processor.py:829} INFO - Processing file /home/airflow/.local/lib/python3.8/site-packages/airflow/example_dags/example_bash_operator.py for tasks to queue
[2023-11-29T20:57:12.044+0000] {logging_mixin.py:154} INFO - [2023-11-29T20:57:12.044+0000] {dagbag.py:536} INFO - Filling up the DagBag from /home/airflow/.local/lib/python3.8/site-packages/airflow/example_dags/example_bash_operator.py
[2023-11-29T20:57:12.051+0000] {processor.py:839} INFO - DAG(s) dict_keys(['example_bash_operator']) retrieved from /home/airflow/.local/lib/python3.8/site-packages/airflow/example_dags/example_bash_operator.py
[2023-11-29T20:57:12.067+0000] {logging_mixin.py:154} INFO - [2023-11-29T20:57:12.067+0000] {dag.py:2941} INFO - Sync 1 DAGs
[2023-11-29T20:57:12.079+0000] {logging_mixin.py:154} INFO - [2023-11-29T20:57:12.079+0000] {dag.py:3722} INFO - Setting next_dagrun for example_bash_operator to 2023-11-28T00:00:00+00:00, run_after=2023-11-29T00:00:00+00:00
[2023-11-29T20:57:12.088+0000] {processor.py:179} INFO - Processing /home/airflow/.local/lib/python3.8/site-packages/airflow/example_dags/example_bash_operator.py took 0.049 seconds
[2023-11-29T20:57:42.143+0000] {processor.py:157} INFO - Started process (PID=691) to work on /home/airflow/.local/lib/python3.8/site-packages/airflow/example_dags/example_bash_operator.py
[2023-11-29T20:57:42.144+0000] {processor.py:829} INFO - Processing file /home/airflow/.local/lib/python3.8/site-packages/airflow/example_dags/example_bash_operator.py for tasks to queue
[2023-11-29T20:57:42.145+0000] {logging_mixin.py:154} INFO - [2023-11-29T20:57:42.145+0000] {dagbag.py:536} INFO - Filling up the DagBag from /home/airflow/.local/lib/python3.8/site-packages/airflow/example_dags/example_bash_operator.py
[2023-11-29T20:57:42.153+0000] {processor.py:839} INFO - DAG(s) dict_keys(['example_bash_operator']) retrieved from /home/airflow/.local/lib/python3.8/site-packages/airflow/example_dags/example_bash_operator.py
[2023-11-29T20:57:42.169+0000] {logging_mixin.py:154} INFO - [2023-11-29T20:57:42.169+0000] {dag.py:2941} INFO - Sync 1 DAGs
[2023-11-29T20:57:42.182+0000] {logging_mixin.py:154} INFO - [2023-11-29T20:57:42.182+0000] {dag.py:3722} INFO - Setting next_dagrun for example_bash_operator to 2023-11-28T00:00:00+00:00, run_after=2023-11-29T00:00:00+00:00
[2023-11-29T20:57:42.192+0000] {processor.py:179} INFO - Processing /home/airflow/.local/lib/python3.8/site-packages/airflow/example_dags/example_bash_operator.py took 0.052 seconds
[2023-11-29T20:58:12.272+0000] {processor.py:157} INFO - Started process (PID=745) to work on /home/airflow/.local/lib/python3.8/site-packages/airflow/example_dags/example_bash_operator.py
[2023-11-29T20:58:12.273+0000] {processor.py:829} INFO - Processing file /home/airflow/.local/lib/python3.8/site-packages/airflow/example_dags/example_bash_operator.py for tasks to queue
[2023-11-29T20:58:12.274+0000] {logging_mixin.py:154} INFO - [2023-11-29T20:58:12.274+0000] {dagbag.py:536} INFO - Filling up the DagBag from /home/airflow/.local/lib/python3.8/site-packages/airflow/example_dags/example_bash_operator.py
[2023-11-29T20:58:12.281+0000] {processor.py:839} INFO - DAG(s) dict_keys(['example_bash_operator']) retrieved from /home/airflow/.local/lib/python3.8/site-packages/airflow/example_dags/example_bash_operator.py
[2023-11-29T20:58:12.299+0000] {logging_mixin.py:154} INFO - [2023-11-29T20:58:12.298+0000] {dag.py:2941} INFO - Sync 1 DAGs
[2023-11-29T20:58:12.312+0000] {logging_mixin.py:154} INFO - [2023-11-29T20:58:12.312+0000] {dag.py:3722} INFO - Setting next_dagrun for example_bash_operator to 2023-11-28T00:00:00+00:00, run_after=2023-11-29T00:00:00+00:00
[2023-11-29T20:58:12.322+0000] {processor.py:179} INFO - Processing /home/airflow/.local/lib/python3.8/site-packages/airflow/example_dags/example_bash_operator.py took 0.053 seconds
[2023-11-29T20:58:42.397+0000] {processor.py:157} INFO - Started process (PID=799) to work on /home/airflow/.local/lib/python3.8/site-packages/airflow/example_dags/example_bash_operator.py
[2023-11-29T20:58:42.398+0000] {processor.py:829} INFO - Processing file /home/airflow/.local/lib/python3.8/site-packages/airflow/example_dags/example_bash_operator.py for tasks to queue
[2023-11-29T20:58:42.400+0000] {logging_mixin.py:154} INFO - [2023-11-29T20:58:42.399+0000] {dagbag.py:536} INFO - Filling up the DagBag from /home/airflow/.local/lib/python3.8/site-packages/airflow/example_dags/example_bash_operator.py
[2023-11-29T20:58:42.407+0000] {processor.py:839} INFO - DAG(s) dict_keys(['example_bash_operator']) retrieved from /home/airflow/.local/lib/python3.8/site-packages/airflow/example_dags/example_bash_operator.py
[2023-11-29T20:58:42.423+0000] {logging_mixin.py:154} INFO - [2023-11-29T20:58:42.423+0000] {dag.py:2941} INFO - Sync 1 DAGs
[2023-11-29T20:58:42.436+0000] {logging_mixin.py:154} INFO - [2023-11-29T20:58:42.436+0000] {dag.py:3722} INFO - Setting next_dagrun for example_bash_operator to 2023-11-28T00:00:00+00:00, run_after=2023-11-29T00:00:00+00:00
[2023-11-29T20:58:42.446+0000] {processor.py:179} INFO - Processing /home/airflow/.local/lib/python3.8/site-packages/airflow/example_dags/example_bash_operator.py took 0.051 seconds
[2023-11-29T20:59:13.320+0000] {processor.py:157} INFO - Started process (PID=853) to work on /home/airflow/.local/lib/python3.8/site-packages/airflow/example_dags/example_bash_operator.py
[2023-11-29T20:59:13.321+0000] {processor.py:829} INFO - Processing file /home/airflow/.local/lib/python3.8/site-packages/airflow/example_dags/example_bash_operator.py for tasks to queue
[2023-11-29T20:59:13.322+0000] {logging_mixin.py:154} INFO - [2023-11-29T20:59:13.322+0000] {dagbag.py:536} INFO - Filling up the DagBag from /home/airflow/.local/lib/python3.8/site-packages/airflow/example_dags/example_bash_operator.py
[2023-11-29T20:59:13.329+0000] {processor.py:839} INFO - DAG(s) dict_keys(['example_bash_operator']) retrieved from /home/airflow/.local/lib/python3.8/site-packages/airflow/example_dags/example_bash_operator.py
[2023-11-29T20:59:13.345+0000] {logging_mixin.py:154} INFO - [2023-11-29T20:59:13.344+0000] {dag.py:2941} INFO - Sync 1 DAGs
[2023-11-29T20:59:13.357+0000] {logging_mixin.py:154} INFO - [2023-11-29T20:59:13.357+0000] {dag.py:3722} INFO - Setting next_dagrun for example_bash_operator to 2023-11-28T00:00:00+00:00, run_after=2023-11-29T00:00:00+00:00
[2023-11-29T20:59:13.367+0000] {processor.py:179} INFO - Processing /home/airflow/.local/lib/python3.8/site-packages/airflow/example_dags/example_bash_operator.py took 0.049 seconds
[2023-11-29T20:59:44.189+0000] {processor.py:157} INFO - Started process (PID=907) to work on /home/airflow/.local/lib/python3.8/site-packages/airflow/example_dags/example_bash_operator.py
[2023-11-29T20:59:44.190+0000] {processor.py:829} INFO - Processing file /home/airflow/.local/lib/python3.8/site-packages/airflow/example_dags/example_bash_operator.py for tasks to queue
[2023-11-29T20:59:44.191+0000] {logging_mixin.py:154} INFO - [2023-11-29T20:59:44.191+0000] {dagbag.py:536} INFO - Filling up the DagBag from /home/airflow/.local/lib/python3.8/site-packages/airflow/example_dags/example_bash_operator.py
[2023-11-29T20:59:44.198+0000] {processor.py:839} INFO - DAG(s) dict_keys(['example_bash_operator']) retrieved from /home/airflow/.local/lib/python3.8/site-packages/airflow/example_dags/example_bash_operator.py
[2023-11-29T20:59:44.215+0000] {logging_mixin.py:154} INFO - [2023-11-29T20:59:44.215+0000] {dag.py:2941} INFO - Sync 1 DAGs
[2023-11-29T20:59:44.228+0000] {logging_mixin.py:154} INFO - [2023-11-29T20:59:44.228+0000] {dag.py:3722} INFO - Setting next_dagrun for example_bash_operator to 2023-11-28T00:00:00+00:00, run_after=2023-11-29T00:00:00+00:00
[2023-11-29T20:59:44.238+0000] {processor.py:179} INFO - Processing /home/airflow/.local/lib/python3.8/site-packages/airflow/example_dags/example_bash_operator.py took 0.051 seconds
[2023-11-29T21:00:14.986+0000] {processor.py:157} INFO - Started process (PID=961) to work on /home/airflow/.local/lib/python3.8/site-packages/airflow/example_dags/example_bash_operator.py
[2023-11-29T21:00:14.986+0000] {processor.py:829} INFO - Processing file /home/airflow/.local/lib/python3.8/site-packages/airflow/example_dags/example_bash_operator.py for tasks to queue
[2023-11-29T21:00:14.988+0000] {logging_mixin.py:154} INFO - [2023-11-29T21:00:14.988+0000] {dagbag.py:536} INFO - Filling up the DagBag from /home/airflow/.local/lib/python3.8/site-packages/airflow/example_dags/example_bash_operator.py
[2023-11-29T21:00:14.995+0000] {processor.py:839} INFO - DAG(s) dict_keys(['example_bash_operator']) retrieved from /home/airflow/.local/lib/python3.8/site-packages/airflow/example_dags/example_bash_operator.py
[2023-11-29T21:00:15.012+0000] {logging_mixin.py:154} INFO - [2023-11-29T21:00:15.012+0000] {dag.py:2941} INFO - Sync 1 DAGs
[2023-11-29T21:00:15.025+0000] {logging_mixin.py:154} INFO - [2023-11-29T21:00:15.025+0000] {dag.py:3722} INFO - Setting next_dagrun for example_bash_operator to 2023-11-28T00:00:00+00:00, run_after=2023-11-29T00:00:00+00:00
[2023-11-29T21:00:15.035+0000] {processor.py:179} INFO - Processing /home/airflow/.local/lib/python3.8/site-packages/airflow/example_dags/example_bash_operator.py took 0.052 seconds
[2023-11-29T21:00:45.889+0000] {processor.py:157} INFO - Started process (PID=1015) to work on /home/airflow/.local/lib/python3.8/site-packages/airflow/example_dags/example_bash_operator.py
[2023-11-29T21:00:45.890+0000] {processor.py:829} INFO - Processing file /home/airflow/.local/lib/python3.8/site-packages/airflow/example_dags/example_bash_operator.py for tasks to queue
[2023-11-29T21:00:45.891+0000] {logging_mixin.py:154} INFO - [2023-11-29T21:00:45.891+0000] {dagbag.py:536} INFO - Filling up the DagBag from /home/airflow/.local/lib/python3.8/site-packages/airflow/example_dags/example_bash_operator.py
[2023-11-29T21:00:45.899+0000] {processor.py:839} INFO - DAG(s) dict_keys(['example_bash_operator']) retrieved from /home/airflow/.local/lib/python3.8/site-packages/airflow/example_dags/example_bash_operator.py
[2023-11-29T21:00:45.915+0000] {logging_mixin.py:154} INFO - [2023-11-29T21:00:45.915+0000] {dag.py:2941} INFO - Sync 1 DAGs
[2023-11-29T21:00:45.928+0000] {logging_mixin.py:154} INFO - [2023-11-29T21:00:45.928+0000] {dag.py:3722} INFO - Setting next_dagrun for example_bash_operator to 2023-11-28T00:00:00+00:00, run_after=2023-11-29T00:00:00+00:00
[2023-11-29T21:00:45.938+0000] {processor.py:179} INFO - Processing /home/airflow/.local/lib/python3.8/site-packages/airflow/example_dags/example_bash_operator.py took 0.052 seconds
[2023-11-29T21:01:16.868+0000] {processor.py:157} INFO - Started process (PID=1069) to work on /home/airflow/.local/lib/python3.8/site-packages/airflow/example_dags/example_bash_operator.py
[2023-11-29T21:01:16.869+0000] {processor.py:829} INFO - Processing file /home/airflow/.local/lib/python3.8/site-packages/airflow/example_dags/example_bash_operator.py for tasks to queue
[2023-11-29T21:01:16.871+0000] {logging_mixin.py:154} INFO - [2023-11-29T21:01:16.870+0000] {dagbag.py:536} INFO - Filling up the DagBag from /home/airflow/.local/lib/python3.8/site-packages/airflow/example_dags/example_bash_operator.py
[2023-11-29T21:01:16.878+0000] {processor.py:839} INFO - DAG(s) dict_keys(['example_bash_operator']) retrieved from /home/airflow/.local/lib/python3.8/site-packages/airflow/example_dags/example_bash_operator.py
[2023-11-29T21:01:16.894+0000] {logging_mixin.py:154} INFO - [2023-11-29T21:01:16.894+0000] {dag.py:2941} INFO - Sync 1 DAGs
[2023-11-29T21:01:16.907+0000] {logging_mixin.py:154} INFO - [2023-11-29T21:01:16.907+0000] {dag.py:3722} INFO - Setting next_dagrun for example_bash_operator to 2023-11-28T00:00:00+00:00, run_after=2023-11-29T00:00:00+00:00
[2023-11-29T21:01:16.917+0000] {processor.py:179} INFO - Processing /home/airflow/.local/lib/python3.8/site-packages/airflow/example_dags/example_bash_operator.py took 0.051 seconds
[2023-11-29T21:01:47.751+0000] {processor.py:157} INFO - Started process (PID=1123) to work on /home/airflow/.local/lib/python3.8/site-packages/airflow/example_dags/example_bash_operator.py
[2023-11-29T21:01:47.751+0000] {processor.py:829} INFO - Processing file /home/airflow/.local/lib/python3.8/site-packages/airflow/example_dags/example_bash_operator.py for tasks to queue
[2023-11-29T21:01:47.753+0000] {logging_mixin.py:154} INFO - [2023-11-29T21:01:47.753+0000] {dagbag.py:536} INFO - Filling up the DagBag from /home/airflow/.local/lib/python3.8/site-packages/airflow/example_dags/example_bash_operator.py
[2023-11-29T21:01:47.760+0000] {processor.py:839} INFO - DAG(s) dict_keys(['example_bash_operator']) retrieved from /home/airflow/.local/lib/python3.8/site-packages/airflow/example_dags/example_bash_operator.py
[2023-11-29T21:01:47.776+0000] {logging_mixin.py:154} INFO - [2023-11-29T21:01:47.776+0000] {dag.py:2941} INFO - Sync 1 DAGs
[2023-11-29T21:01:47.789+0000] {logging_mixin.py:154} INFO - [2023-11-29T21:01:47.789+0000] {dag.py:3722} INFO - Setting next_dagrun for example_bash_operator to 2023-11-28T00:00:00+00:00, run_after=2023-11-29T00:00:00+00:00
[2023-11-29T21:01:47.799+0000] {processor.py:179} INFO - Processing /home/airflow/.local/lib/python3.8/site-packages/airflow/example_dags/example_bash_operator.py took 0.051 seconds
[2023-11-29T21:41:07.562+0000] {processor.py:157} INFO - Started process (PID=41) to work on /home/airflow/.local/lib/python3.8/site-packages/airflow/example_dags/example_bash_operator.py
[2023-11-29T21:41:07.562+0000] {processor.py:829} INFO - Processing file /home/airflow/.local/lib/python3.8/site-packages/airflow/example_dags/example_bash_operator.py for tasks to queue
[2023-11-29T21:41:07.565+0000] {logging_mixin.py:154} INFO - [2023-11-29T21:41:07.564+0000] {dagbag.py:536} INFO - Filling up the DagBag from /home/airflow/.local/lib/python3.8/site-packages/airflow/example_dags/example_bash_operator.py
[2023-11-29T21:41:07.575+0000] {processor.py:839} INFO - DAG(s) dict_keys(['example_bash_operator']) retrieved from /home/airflow/.local/lib/python3.8/site-packages/airflow/example_dags/example_bash_operator.py
[2023-11-29T21:41:07.643+0000] {logging_mixin.py:154} INFO - [2023-11-29T21:41:07.643+0000] {manager.py:499} INFO - Created Permission View: %s
[2023-11-29T21:41:07.649+0000] {logging_mixin.py:154} INFO - [2023-11-29T21:41:07.649+0000] {manager.py:499} INFO - Created Permission View: %s
[2023-11-29T21:41:07.655+0000] {logging_mixin.py:154} INFO - [2023-11-29T21:41:07.654+0000] {manager.py:499} INFO - Created Permission View: %s
[2023-11-29T21:41:07.655+0000] {logging_mixin.py:154} INFO - [2023-11-29T21:41:07.655+0000] {dag.py:2941} INFO - Sync 1 DAGs
[2023-11-29T21:41:07.662+0000] {logging_mixin.py:154} INFO - [2023-11-29T21:41:07.661+0000] {dag.py:2963} INFO - Creating ORM DAG for example_bash_operator
[2023-11-29T21:41:07.669+0000] {logging_mixin.py:154} INFO - [2023-11-29T21:41:07.669+0000] {dag.py:3722} INFO - Setting next_dagrun for example_bash_operator to 2023-11-28T00:00:00+00:00, run_after=2023-11-29T00:00:00+00:00
[2023-11-29T21:41:07.681+0000] {processor.py:179} INFO - Processing /home/airflow/.local/lib/python3.8/site-packages/airflow/example_dags/example_bash_operator.py took 0.122 seconds
[2023-11-29T21:41:37.792+0000] {processor.py:157} INFO - Started process (PID=95) to work on /home/airflow/.local/lib/python3.8/site-packages/airflow/example_dags/example_bash_operator.py
[2023-11-29T21:41:37.793+0000] {processor.py:829} INFO - Processing file /home/airflow/.local/lib/python3.8/site-packages/airflow/example_dags/example_bash_operator.py for tasks to queue
[2023-11-29T21:41:37.795+0000] {logging_mixin.py:154} INFO - [2023-11-29T21:41:37.795+0000] {dagbag.py:536} INFO - Filling up the DagBag from /home/airflow/.local/lib/python3.8/site-packages/airflow/example_dags/example_bash_operator.py
[2023-11-29T21:41:37.803+0000] {processor.py:839} INFO - DAG(s) dict_keys(['example_bash_operator']) retrieved from /home/airflow/.local/lib/python3.8/site-packages/airflow/example_dags/example_bash_operator.py
[2023-11-29T21:41:37.822+0000] {logging_mixin.py:154} INFO - [2023-11-29T21:41:37.822+0000] {dag.py:2941} INFO - Sync 1 DAGs
[2023-11-29T21:41:37.836+0000] {logging_mixin.py:154} INFO - [2023-11-29T21:41:37.836+0000] {dag.py:3722} INFO - Setting next_dagrun for example_bash_operator to 2023-11-28T00:00:00+00:00, run_after=2023-11-29T00:00:00+00:00
[2023-11-29T21:41:37.849+0000] {processor.py:179} INFO - Processing /home/airflow/.local/lib/python3.8/site-packages/airflow/example_dags/example_bash_operator.py took 0.059 seconds
[2023-11-29T21:42:08.500+0000] {processor.py:157} INFO - Started process (PID=149) to work on /home/airflow/.local/lib/python3.8/site-packages/airflow/example_dags/example_bash_operator.py
[2023-11-29T21:42:08.500+0000] {processor.py:829} INFO - Processing file /home/airflow/.local/lib/python3.8/site-packages/airflow/example_dags/example_bash_operator.py for tasks to queue
[2023-11-29T21:42:08.502+0000] {logging_mixin.py:154} INFO - [2023-11-29T21:42:08.502+0000] {dagbag.py:536} INFO - Filling up the DagBag from /home/airflow/.local/lib/python3.8/site-packages/airflow/example_dags/example_bash_operator.py
[2023-11-29T21:42:08.509+0000] {processor.py:839} INFO - DAG(s) dict_keys(['example_bash_operator']) retrieved from /home/airflow/.local/lib/python3.8/site-packages/airflow/example_dags/example_bash_operator.py
[2023-11-29T21:42:08.526+0000] {logging_mixin.py:154} INFO - [2023-11-29T21:42:08.526+0000] {dag.py:2941} INFO - Sync 1 DAGs
[2023-11-29T21:42:08.539+0000] {logging_mixin.py:154} INFO - [2023-11-29T21:42:08.539+0000] {dag.py:3722} INFO - Setting next_dagrun for example_bash_operator to 2023-11-28T00:00:00+00:00, run_after=2023-11-29T00:00:00+00:00
[2023-11-29T21:42:08.549+0000] {processor.py:179} INFO - Processing /home/airflow/.local/lib/python3.8/site-packages/airflow/example_dags/example_bash_operator.py took 0.052 seconds
[2023-11-29T21:42:39.162+0000] {processor.py:157} INFO - Started process (PID=203) to work on /home/airflow/.local/lib/python3.8/site-packages/airflow/example_dags/example_bash_operator.py
[2023-11-29T21:42:39.163+0000] {processor.py:829} INFO - Processing file /home/airflow/.local/lib/python3.8/site-packages/airflow/example_dags/example_bash_operator.py for tasks to queue
[2023-11-29T21:42:39.164+0000] {logging_mixin.py:154} INFO - [2023-11-29T21:42:39.164+0000] {dagbag.py:536} INFO - Filling up the DagBag from /home/airflow/.local/lib/python3.8/site-packages/airflow/example_dags/example_bash_operator.py
[2023-11-29T21:42:39.172+0000] {processor.py:839} INFO - DAG(s) dict_keys(['example_bash_operator']) retrieved from /home/airflow/.local/lib/python3.8/site-packages/airflow/example_dags/example_bash_operator.py
[2023-11-29T21:42:39.190+0000] {logging_mixin.py:154} INFO - [2023-11-29T21:42:39.190+0000] {dag.py:2941} INFO - Sync 1 DAGs
[2023-11-29T21:42:39.205+0000] {logging_mixin.py:154} INFO - [2023-11-29T21:42:39.204+0000] {dag.py:3722} INFO - Setting next_dagrun for example_bash_operator to 2023-11-28T00:00:00+00:00, run_after=2023-11-29T00:00:00+00:00
[2023-11-29T21:42:39.216+0000] {processor.py:179} INFO - Processing /home/airflow/.local/lib/python3.8/site-packages/airflow/example_dags/example_bash_operator.py took 0.056 seconds
[2023-11-29T21:43:09.250+0000] {processor.py:157} INFO - Started process (PID=256) to work on /home/airflow/.local/lib/python3.8/site-packages/airflow/example_dags/example_bash_operator.py
[2023-11-29T21:43:09.250+0000] {processor.py:829} INFO - Processing file /home/airflow/.local/lib/python3.8/site-packages/airflow/example_dags/example_bash_operator.py for tasks to queue
[2023-11-29T21:43:09.252+0000] {logging_mixin.py:154} INFO - [2023-11-29T21:43:09.251+0000] {dagbag.py:536} INFO - Filling up the DagBag from /home/airflow/.local/lib/python3.8/site-packages/airflow/example_dags/example_bash_operator.py
[2023-11-29T21:43:09.258+0000] {processor.py:839} INFO - DAG(s) dict_keys(['example_bash_operator']) retrieved from /home/airflow/.local/lib/python3.8/site-packages/airflow/example_dags/example_bash_operator.py
[2023-11-29T21:43:09.274+0000] {logging_mixin.py:154} INFO - [2023-11-29T21:43:09.274+0000] {dag.py:2941} INFO - Sync 1 DAGs
[2023-11-29T21:43:09.286+0000] {logging_mixin.py:154} INFO - [2023-11-29T21:43:09.286+0000] {dag.py:3722} INFO - Setting next_dagrun for example_bash_operator to 2023-11-28T00:00:00+00:00, run_after=2023-11-29T00:00:00+00:00
[2023-11-29T21:43:09.295+0000] {processor.py:179} INFO - Processing /home/airflow/.local/lib/python3.8/site-packages/airflow/example_dags/example_bash_operator.py took 0.047 seconds
[2023-11-29T21:43:39.348+0000] {processor.py:157} INFO - Started process (PID=310) to work on /home/airflow/.local/lib/python3.8/site-packages/airflow/example_dags/example_bash_operator.py
[2023-11-29T21:43:39.349+0000] {processor.py:829} INFO - Processing file /home/airflow/.local/lib/python3.8/site-packages/airflow/example_dags/example_bash_operator.py for tasks to queue
[2023-11-29T21:43:39.350+0000] {logging_mixin.py:154} INFO - [2023-11-29T21:43:39.350+0000] {dagbag.py:536} INFO - Filling up the DagBag from /home/airflow/.local/lib/python3.8/site-packages/airflow/example_dags/example_bash_operator.py
[2023-11-29T21:43:39.357+0000] {processor.py:839} INFO - DAG(s) dict_keys(['example_bash_operator']) retrieved from /home/airflow/.local/lib/python3.8/site-packages/airflow/example_dags/example_bash_operator.py
[2023-11-29T21:43:39.372+0000] {logging_mixin.py:154} INFO - [2023-11-29T21:43:39.372+0000] {dag.py:2941} INFO - Sync 1 DAGs
[2023-11-29T21:43:39.385+0000] {logging_mixin.py:154} INFO - [2023-11-29T21:43:39.385+0000] {dag.py:3722} INFO - Setting next_dagrun for example_bash_operator to 2023-11-28T00:00:00+00:00, run_after=2023-11-29T00:00:00+00:00
[2023-11-29T21:43:39.394+0000] {processor.py:179} INFO - Processing /home/airflow/.local/lib/python3.8/site-packages/airflow/example_dags/example_bash_operator.py took 0.048 seconds
[2023-11-29T21:44:09.481+0000] {processor.py:157} INFO - Started process (PID=364) to work on /home/airflow/.local/lib/python3.8/site-packages/airflow/example_dags/example_bash_operator.py
[2023-11-29T21:44:09.481+0000] {processor.py:829} INFO - Processing file /home/airflow/.local/lib/python3.8/site-packages/airflow/example_dags/example_bash_operator.py for tasks to queue
[2023-11-29T21:44:09.483+0000] {logging_mixin.py:154} INFO - [2023-11-29T21:44:09.483+0000] {dagbag.py:536} INFO - Filling up the DagBag from /home/airflow/.local/lib/python3.8/site-packages/airflow/example_dags/example_bash_operator.py
[2023-11-29T21:44:09.490+0000] {processor.py:839} INFO - DAG(s) dict_keys(['example_bash_operator']) retrieved from /home/airflow/.local/lib/python3.8/site-packages/airflow/example_dags/example_bash_operator.py
[2023-11-29T21:44:09.506+0000] {logging_mixin.py:154} INFO - [2023-11-29T21:44:09.505+0000] {dag.py:2941} INFO - Sync 1 DAGs
[2023-11-29T21:44:09.518+0000] {logging_mixin.py:154} INFO - [2023-11-29T21:44:09.518+0000] {dag.py:3722} INFO - Setting next_dagrun for example_bash_operator to 2023-11-28T00:00:00+00:00, run_after=2023-11-29T00:00:00+00:00
[2023-11-29T21:44:09.527+0000] {processor.py:179} INFO - Processing /home/airflow/.local/lib/python3.8/site-packages/airflow/example_dags/example_bash_operator.py took 0.049 seconds
[2023-11-29T21:44:39.718+0000] {processor.py:157} INFO - Started process (PID=418) to work on /home/airflow/.local/lib/python3.8/site-packages/airflow/example_dags/example_bash_operator.py
[2023-11-29T21:44:39.719+0000] {processor.py:829} INFO - Processing file /home/airflow/.local/lib/python3.8/site-packages/airflow/example_dags/example_bash_operator.py for tasks to queue
[2023-11-29T21:44:39.720+0000] {logging_mixin.py:154} INFO - [2023-11-29T21:44:39.720+0000] {dagbag.py:536} INFO - Filling up the DagBag from /home/airflow/.local/lib/python3.8/site-packages/airflow/example_dags/example_bash_operator.py
[2023-11-29T21:44:39.727+0000] {processor.py:839} INFO - DAG(s) dict_keys(['example_bash_operator']) retrieved from /home/airflow/.local/lib/python3.8/site-packages/airflow/example_dags/example_bash_operator.py
[2023-11-29T21:44:39.744+0000] {logging_mixin.py:154} INFO - [2023-11-29T21:44:39.744+0000] {dag.py:2941} INFO - Sync 1 DAGs
[2023-11-29T21:44:39.756+0000] {logging_mixin.py:154} INFO - [2023-11-29T21:44:39.756+0000] {dag.py:3722} INFO - Setting next_dagrun for example_bash_operator to 2023-11-28T00:00:00+00:00, run_after=2023-11-29T00:00:00+00:00
[2023-11-29T21:44:39.766+0000] {processor.py:179} INFO - Processing /home/airflow/.local/lib/python3.8/site-packages/airflow/example_dags/example_bash_operator.py took 0.050 seconds
[2023-11-29T21:45:09.954+0000] {processor.py:157} INFO - Started process (PID=472) to work on /home/airflow/.local/lib/python3.8/site-packages/airflow/example_dags/example_bash_operator.py
[2023-11-29T21:45:09.954+0000] {processor.py:829} INFO - Processing file /home/airflow/.local/lib/python3.8/site-packages/airflow/example_dags/example_bash_operator.py for tasks to queue
[2023-11-29T21:45:09.956+0000] {logging_mixin.py:154} INFO - [2023-11-29T21:45:09.956+0000] {dagbag.py:536} INFO - Filling up the DagBag from /home/airflow/.local/lib/python3.8/site-packages/airflow/example_dags/example_bash_operator.py
[2023-11-29T21:45:09.963+0000] {processor.py:839} INFO - DAG(s) dict_keys(['example_bash_operator']) retrieved from /home/airflow/.local/lib/python3.8/site-packages/airflow/example_dags/example_bash_operator.py
[2023-11-29T21:45:09.979+0000] {logging_mixin.py:154} INFO - [2023-11-29T21:45:09.979+0000] {dag.py:2941} INFO - Sync 1 DAGs
[2023-11-29T21:45:09.992+0000] {logging_mixin.py:154} INFO - [2023-11-29T21:45:09.992+0000] {dag.py:3722} INFO - Setting next_dagrun for example_bash_operator to 2023-11-28T00:00:00+00:00, run_after=2023-11-29T00:00:00+00:00
[2023-11-29T21:45:10.001+0000] {processor.py:179} INFO - Processing /home/airflow/.local/lib/python3.8/site-packages/airflow/example_dags/example_bash_operator.py took 0.049 seconds
[2023-11-29T21:45:40.070+0000] {processor.py:157} INFO - Started process (PID=526) to work on /home/airflow/.local/lib/python3.8/site-packages/airflow/example_dags/example_bash_operator.py
[2023-11-29T21:45:40.071+0000] {processor.py:829} INFO - Processing file /home/airflow/.local/lib/python3.8/site-packages/airflow/example_dags/example_bash_operator.py for tasks to queue
[2023-11-29T21:45:40.074+0000] {logging_mixin.py:154} INFO - [2023-11-29T21:45:40.074+0000] {dagbag.py:536} INFO - Filling up the DagBag from /home/airflow/.local/lib/python3.8/site-packages/airflow/example_dags/example_bash_operator.py
[2023-11-29T21:45:40.084+0000] {processor.py:839} INFO - DAG(s) dict_keys(['example_bash_operator']) retrieved from /home/airflow/.local/lib/python3.8/site-packages/airflow/example_dags/example_bash_operator.py
[2023-11-29T21:45:40.104+0000] {logging_mixin.py:154} INFO - [2023-11-29T21:45:40.104+0000] {dag.py:2941} INFO - Sync 1 DAGs
[2023-11-29T21:45:40.121+0000] {logging_mixin.py:154} INFO - [2023-11-29T21:45:40.120+0000] {dag.py:3722} INFO - Setting next_dagrun for example_bash_operator to 2023-11-28T00:00:00+00:00, run_after=2023-11-29T00:00:00+00:00
[2023-11-29T21:45:40.134+0000] {processor.py:179} INFO - Processing /home/airflow/.local/lib/python3.8/site-packages/airflow/example_dags/example_bash_operator.py took 0.068 seconds
[2023-11-29T21:46:10.247+0000] {processor.py:157} INFO - Started process (PID=580) to work on /home/airflow/.local/lib/python3.8/site-packages/airflow/example_dags/example_bash_operator.py
[2023-11-29T21:46:10.247+0000] {processor.py:829} INFO - Processing file /home/airflow/.local/lib/python3.8/site-packages/airflow/example_dags/example_bash_operator.py for tasks to queue
[2023-11-29T21:46:10.249+0000] {logging_mixin.py:154} INFO - [2023-11-29T21:46:10.249+0000] {dagbag.py:536} INFO - Filling up the DagBag from /home/airflow/.local/lib/python3.8/site-packages/airflow/example_dags/example_bash_operator.py
[2023-11-29T21:46:10.256+0000] {processor.py:839} INFO - DAG(s) dict_keys(['example_bash_operator']) retrieved from /home/airflow/.local/lib/python3.8/site-packages/airflow/example_dags/example_bash_operator.py
[2023-11-29T21:46:10.273+0000] {logging_mixin.py:154} INFO - [2023-11-29T21:46:10.273+0000] {dag.py:2941} INFO - Sync 1 DAGs
[2023-11-29T21:46:10.285+0000] {logging_mixin.py:154} INFO - [2023-11-29T21:46:10.285+0000] {dag.py:3722} INFO - Setting next_dagrun for example_bash_operator to 2023-11-28T00:00:00+00:00, run_after=2023-11-29T00:00:00+00:00
[2023-11-29T21:46:10.294+0000] {processor.py:179} INFO - Processing /home/airflow/.local/lib/python3.8/site-packages/airflow/example_dags/example_bash_operator.py took 0.050 seconds
[2023-11-29T21:46:40.325+0000] {processor.py:157} INFO - Started process (PID=634) to work on /home/airflow/.local/lib/python3.8/site-packages/airflow/example_dags/example_bash_operator.py
[2023-11-29T21:46:40.326+0000] {processor.py:829} INFO - Processing file /home/airflow/.local/lib/python3.8/site-packages/airflow/example_dags/example_bash_operator.py for tasks to queue
[2023-11-29T21:46:40.328+0000] {logging_mixin.py:154} INFO - [2023-11-29T21:46:40.327+0000] {dagbag.py:536} INFO - Filling up the DagBag from /home/airflow/.local/lib/python3.8/site-packages/airflow/example_dags/example_bash_operator.py
[2023-11-29T21:46:40.335+0000] {processor.py:839} INFO - DAG(s) dict_keys(['example_bash_operator']) retrieved from /home/airflow/.local/lib/python3.8/site-packages/airflow/example_dags/example_bash_operator.py
[2023-11-29T21:46:40.351+0000] {logging_mixin.py:154} INFO - [2023-11-29T21:46:40.351+0000] {dag.py:2941} INFO - Sync 1 DAGs
[2023-11-29T21:46:40.364+0000] {logging_mixin.py:154} INFO - [2023-11-29T21:46:40.364+0000] {dag.py:3722} INFO - Setting next_dagrun for example_bash_operator to 2023-11-28T00:00:00+00:00, run_after=2023-11-29T00:00:00+00:00
[2023-11-29T21:46:40.374+0000] {processor.py:179} INFO - Processing /home/airflow/.local/lib/python3.8/site-packages/airflow/example_dags/example_bash_operator.py took 0.052 seconds
