[2023-11-29T20:51:38.618+0000] {processor.py:157} INFO - Started process (PID=47) to work on /home/airflow/.local/lib/python3.8/site-packages/airflow/example_dags/example_kubernetes_executor.py
[2023-11-29T20:51:38.619+0000] {processor.py:829} INFO - Processing file /home/airflow/.local/lib/python3.8/site-packages/airflow/example_dags/example_kubernetes_executor.py for tasks to queue
[2023-11-29T20:51:38.621+0000] {logging_mixin.py:154} INFO - [2023-11-29T20:51:38.621+0000] {dagbag.py:536} INFO - Filling up the DagBag from /home/airflow/.local/lib/python3.8/site-packages/airflow/example_dags/example_kubernetes_executor.py
[2023-11-29T20:51:38.631+0000] {processor.py:839} INFO - DAG(s) dict_keys(['example_kubernetes_executor']) retrieved from /home/airflow/.local/lib/python3.8/site-packages/airflow/example_dags/example_kubernetes_executor.py
[2023-11-29T20:51:38.730+0000] {logging_mixin.py:154} INFO - [2023-11-29T20:51:38.730+0000] {dag.py:2941} INFO - Sync 1 DAGs
[2023-11-29T20:51:38.737+0000] {logging_mixin.py:154} INFO - [2023-11-29T20:51:38.737+0000] {dag.py:3722} INFO - Setting next_dagrun for example_kubernetes_executor to None, run_after=None
[2023-11-29T20:51:38.750+0000] {processor.py:179} INFO - Processing /home/airflow/.local/lib/python3.8/site-packages/airflow/example_dags/example_kubernetes_executor.py took 0.135 seconds
[2023-11-29T20:52:09.496+0000] {processor.py:157} INFO - Started process (PID=101) to work on /home/airflow/.local/lib/python3.8/site-packages/airflow/example_dags/example_kubernetes_executor.py
[2023-11-29T20:52:09.496+0000] {processor.py:829} INFO - Processing file /home/airflow/.local/lib/python3.8/site-packages/airflow/example_dags/example_kubernetes_executor.py for tasks to queue
[2023-11-29T20:52:09.498+0000] {logging_mixin.py:154} INFO - [2023-11-29T20:52:09.498+0000] {dagbag.py:536} INFO - Filling up the DagBag from /home/airflow/.local/lib/python3.8/site-packages/airflow/example_dags/example_kubernetes_executor.py
[2023-11-29T20:52:09.506+0000] {processor.py:839} INFO - DAG(s) dict_keys(['example_kubernetes_executor']) retrieved from /home/airflow/.local/lib/python3.8/site-packages/airflow/example_dags/example_kubernetes_executor.py
[2023-11-29T20:52:09.514+0000] {logging_mixin.py:154} INFO - [2023-11-29T20:52:09.514+0000] {dag.py:2941} INFO - Sync 1 DAGs
[2023-11-29T20:52:09.522+0000] {logging_mixin.py:154} INFO - [2023-11-29T20:52:09.522+0000] {dag.py:3722} INFO - Setting next_dagrun for example_kubernetes_executor to None, run_after=None
[2023-11-29T20:52:09.531+0000] {processor.py:179} INFO - Processing /home/airflow/.local/lib/python3.8/site-packages/airflow/example_dags/example_kubernetes_executor.py took 0.037 seconds
[2023-11-29T20:52:40.289+0000] {processor.py:157} INFO - Started process (PID=155) to work on /home/airflow/.local/lib/python3.8/site-packages/airflow/example_dags/example_kubernetes_executor.py
[2023-11-29T20:52:40.290+0000] {processor.py:829} INFO - Processing file /home/airflow/.local/lib/python3.8/site-packages/airflow/example_dags/example_kubernetes_executor.py for tasks to queue
[2023-11-29T20:52:40.291+0000] {logging_mixin.py:154} INFO - [2023-11-29T20:52:40.291+0000] {dagbag.py:536} INFO - Filling up the DagBag from /home/airflow/.local/lib/python3.8/site-packages/airflow/example_dags/example_kubernetes_executor.py
[2023-11-29T20:52:40.299+0000] {processor.py:839} INFO - DAG(s) dict_keys(['example_kubernetes_executor']) retrieved from /home/airflow/.local/lib/python3.8/site-packages/airflow/example_dags/example_kubernetes_executor.py
[2023-11-29T20:52:40.321+0000] {logging_mixin.py:154} INFO - [2023-11-29T20:52:40.320+0000] {dag.py:2941} INFO - Sync 1 DAGs
[2023-11-29T20:52:40.327+0000] {logging_mixin.py:154} INFO - [2023-11-29T20:52:40.327+0000] {dag.py:3722} INFO - Setting next_dagrun for example_kubernetes_executor to None, run_after=None
[2023-11-29T20:52:40.336+0000] {processor.py:179} INFO - Processing /home/airflow/.local/lib/python3.8/site-packages/airflow/example_dags/example_kubernetes_executor.py took 0.049 seconds
[2023-11-29T20:53:10.445+0000] {processor.py:157} INFO - Started process (PID=209) to work on /home/airflow/.local/lib/python3.8/site-packages/airflow/example_dags/example_kubernetes_executor.py
[2023-11-29T20:53:10.445+0000] {processor.py:829} INFO - Processing file /home/airflow/.local/lib/python3.8/site-packages/airflow/example_dags/example_kubernetes_executor.py for tasks to queue
[2023-11-29T20:53:10.447+0000] {logging_mixin.py:154} INFO - [2023-11-29T20:53:10.447+0000] {dagbag.py:536} INFO - Filling up the DagBag from /home/airflow/.local/lib/python3.8/site-packages/airflow/example_dags/example_kubernetes_executor.py
[2023-11-29T20:53:10.455+0000] {processor.py:839} INFO - DAG(s) dict_keys(['example_kubernetes_executor']) retrieved from /home/airflow/.local/lib/python3.8/site-packages/airflow/example_dags/example_kubernetes_executor.py
[2023-11-29T20:53:10.477+0000] {logging_mixin.py:154} INFO - [2023-11-29T20:53:10.477+0000] {dag.py:2941} INFO - Sync 1 DAGs
[2023-11-29T20:53:10.484+0000] {logging_mixin.py:154} INFO - [2023-11-29T20:53:10.483+0000] {dag.py:3722} INFO - Setting next_dagrun for example_kubernetes_executor to None, run_after=None
[2023-11-29T20:53:10.493+0000] {processor.py:179} INFO - Processing /home/airflow/.local/lib/python3.8/site-packages/airflow/example_dags/example_kubernetes_executor.py took 0.050 seconds
[2023-11-29T20:53:40.575+0000] {processor.py:157} INFO - Started process (PID=263) to work on /home/airflow/.local/lib/python3.8/site-packages/airflow/example_dags/example_kubernetes_executor.py
[2023-11-29T20:53:40.576+0000] {processor.py:829} INFO - Processing file /home/airflow/.local/lib/python3.8/site-packages/airflow/example_dags/example_kubernetes_executor.py for tasks to queue
[2023-11-29T20:53:40.578+0000] {logging_mixin.py:154} INFO - [2023-11-29T20:53:40.578+0000] {dagbag.py:536} INFO - Filling up the DagBag from /home/airflow/.local/lib/python3.8/site-packages/airflow/example_dags/example_kubernetes_executor.py
[2023-11-29T20:53:40.586+0000] {processor.py:839} INFO - DAG(s) dict_keys(['example_kubernetes_executor']) retrieved from /home/airflow/.local/lib/python3.8/site-packages/airflow/example_dags/example_kubernetes_executor.py
[2023-11-29T20:53:40.608+0000] {logging_mixin.py:154} INFO - [2023-11-29T20:53:40.608+0000] {dag.py:2941} INFO - Sync 1 DAGs
[2023-11-29T20:53:40.615+0000] {logging_mixin.py:154} INFO - [2023-11-29T20:53:40.615+0000] {dag.py:3722} INFO - Setting next_dagrun for example_kubernetes_executor to None, run_after=None
[2023-11-29T20:53:40.624+0000] {processor.py:179} INFO - Processing /home/airflow/.local/lib/python3.8/site-packages/airflow/example_dags/example_kubernetes_executor.py took 0.051 seconds
[2023-11-29T20:54:10.698+0000] {processor.py:157} INFO - Started process (PID=317) to work on /home/airflow/.local/lib/python3.8/site-packages/airflow/example_dags/example_kubernetes_executor.py
[2023-11-29T20:54:10.701+0000] {processor.py:829} INFO - Processing file /home/airflow/.local/lib/python3.8/site-packages/airflow/example_dags/example_kubernetes_executor.py for tasks to queue
[2023-11-29T20:54:10.702+0000] {logging_mixin.py:154} INFO - [2023-11-29T20:54:10.702+0000] {dagbag.py:536} INFO - Filling up the DagBag from /home/airflow/.local/lib/python3.8/site-packages/airflow/example_dags/example_kubernetes_executor.py
[2023-11-29T20:54:10.710+0000] {processor.py:839} INFO - DAG(s) dict_keys(['example_kubernetes_executor']) retrieved from /home/airflow/.local/lib/python3.8/site-packages/airflow/example_dags/example_kubernetes_executor.py
[2023-11-29T20:54:10.731+0000] {logging_mixin.py:154} INFO - [2023-11-29T20:54:10.731+0000] {dag.py:2941} INFO - Sync 1 DAGs
[2023-11-29T20:54:10.738+0000] {logging_mixin.py:154} INFO - [2023-11-29T20:54:10.738+0000] {dag.py:3722} INFO - Setting next_dagrun for example_kubernetes_executor to None, run_after=None
[2023-11-29T20:54:10.747+0000] {processor.py:179} INFO - Processing /home/airflow/.local/lib/python3.8/site-packages/airflow/example_dags/example_kubernetes_executor.py took 0.052 seconds
[2023-11-29T20:54:40.789+0000] {processor.py:157} INFO - Started process (PID=371) to work on /home/airflow/.local/lib/python3.8/site-packages/airflow/example_dags/example_kubernetes_executor.py
[2023-11-29T20:54:40.790+0000] {processor.py:829} INFO - Processing file /home/airflow/.local/lib/python3.8/site-packages/airflow/example_dags/example_kubernetes_executor.py for tasks to queue
[2023-11-29T20:54:40.791+0000] {logging_mixin.py:154} INFO - [2023-11-29T20:54:40.791+0000] {dagbag.py:536} INFO - Filling up the DagBag from /home/airflow/.local/lib/python3.8/site-packages/airflow/example_dags/example_kubernetes_executor.py
[2023-11-29T20:54:40.799+0000] {processor.py:839} INFO - DAG(s) dict_keys(['example_kubernetes_executor']) retrieved from /home/airflow/.local/lib/python3.8/site-packages/airflow/example_dags/example_kubernetes_executor.py
[2023-11-29T20:54:40.821+0000] {logging_mixin.py:154} INFO - [2023-11-29T20:54:40.821+0000] {dag.py:2941} INFO - Sync 1 DAGs
[2023-11-29T20:54:40.828+0000] {logging_mixin.py:154} INFO - [2023-11-29T20:54:40.828+0000] {dag.py:3722} INFO - Setting next_dagrun for example_kubernetes_executor to None, run_after=None
[2023-11-29T20:54:40.837+0000] {processor.py:179} INFO - Processing /home/airflow/.local/lib/python3.8/site-packages/airflow/example_dags/example_kubernetes_executor.py took 0.051 seconds
[2023-11-29T20:55:10.866+0000] {processor.py:157} INFO - Started process (PID=425) to work on /home/airflow/.local/lib/python3.8/site-packages/airflow/example_dags/example_kubernetes_executor.py
[2023-11-29T20:55:10.867+0000] {processor.py:829} INFO - Processing file /home/airflow/.local/lib/python3.8/site-packages/airflow/example_dags/example_kubernetes_executor.py for tasks to queue
[2023-11-29T20:55:10.869+0000] {logging_mixin.py:154} INFO - [2023-11-29T20:55:10.869+0000] {dagbag.py:536} INFO - Filling up the DagBag from /home/airflow/.local/lib/python3.8/site-packages/airflow/example_dags/example_kubernetes_executor.py
[2023-11-29T20:55:10.877+0000] {processor.py:839} INFO - DAG(s) dict_keys(['example_kubernetes_executor']) retrieved from /home/airflow/.local/lib/python3.8/site-packages/airflow/example_dags/example_kubernetes_executor.py
[2023-11-29T20:55:10.899+0000] {logging_mixin.py:154} INFO - [2023-11-29T20:55:10.899+0000] {dag.py:2941} INFO - Sync 1 DAGs
[2023-11-29T20:55:10.905+0000] {logging_mixin.py:154} INFO - [2023-11-29T20:55:10.905+0000] {dag.py:3722} INFO - Setting next_dagrun for example_kubernetes_executor to None, run_after=None
[2023-11-29T20:55:10.916+0000] {processor.py:179} INFO - Processing /home/airflow/.local/lib/python3.8/site-packages/airflow/example_dags/example_kubernetes_executor.py took 0.052 seconds
[2023-11-29T20:55:41.002+0000] {processor.py:157} INFO - Started process (PID=479) to work on /home/airflow/.local/lib/python3.8/site-packages/airflow/example_dags/example_kubernetes_executor.py
[2023-11-29T20:55:41.003+0000] {processor.py:829} INFO - Processing file /home/airflow/.local/lib/python3.8/site-packages/airflow/example_dags/example_kubernetes_executor.py for tasks to queue
[2023-11-29T20:55:41.005+0000] {logging_mixin.py:154} INFO - [2023-11-29T20:55:41.004+0000] {dagbag.py:536} INFO - Filling up the DagBag from /home/airflow/.local/lib/python3.8/site-packages/airflow/example_dags/example_kubernetes_executor.py
[2023-11-29T20:55:41.012+0000] {processor.py:839} INFO - DAG(s) dict_keys(['example_kubernetes_executor']) retrieved from /home/airflow/.local/lib/python3.8/site-packages/airflow/example_dags/example_kubernetes_executor.py
[2023-11-29T20:55:41.036+0000] {logging_mixin.py:154} INFO - [2023-11-29T20:55:41.036+0000] {dag.py:2941} INFO - Sync 1 DAGs
[2023-11-29T20:55:41.044+0000] {logging_mixin.py:154} INFO - [2023-11-29T20:55:41.043+0000] {dag.py:3722} INFO - Setting next_dagrun for example_kubernetes_executor to None, run_after=None
[2023-11-29T20:55:41.055+0000] {processor.py:179} INFO - Processing /home/airflow/.local/lib/python3.8/site-packages/airflow/example_dags/example_kubernetes_executor.py took 0.055 seconds
[2023-11-29T20:56:11.135+0000] {processor.py:157} INFO - Started process (PID=533) to work on /home/airflow/.local/lib/python3.8/site-packages/airflow/example_dags/example_kubernetes_executor.py
[2023-11-29T20:56:11.136+0000] {processor.py:829} INFO - Processing file /home/airflow/.local/lib/python3.8/site-packages/airflow/example_dags/example_kubernetes_executor.py for tasks to queue
[2023-11-29T20:56:11.137+0000] {logging_mixin.py:154} INFO - [2023-11-29T20:56:11.137+0000] {dagbag.py:536} INFO - Filling up the DagBag from /home/airflow/.local/lib/python3.8/site-packages/airflow/example_dags/example_kubernetes_executor.py
[2023-11-29T20:56:11.145+0000] {processor.py:839} INFO - DAG(s) dict_keys(['example_kubernetes_executor']) retrieved from /home/airflow/.local/lib/python3.8/site-packages/airflow/example_dags/example_kubernetes_executor.py
[2023-11-29T20:56:11.166+0000] {logging_mixin.py:154} INFO - [2023-11-29T20:56:11.166+0000] {dag.py:2941} INFO - Sync 1 DAGs
[2023-11-29T20:56:11.173+0000] {logging_mixin.py:154} INFO - [2023-11-29T20:56:11.173+0000] {dag.py:3722} INFO - Setting next_dagrun for example_kubernetes_executor to None, run_after=None
[2023-11-29T20:56:11.183+0000] {processor.py:179} INFO - Processing /home/airflow/.local/lib/python3.8/site-packages/airflow/example_dags/example_kubernetes_executor.py took 0.050 seconds
[2023-11-29T20:56:42.060+0000] {processor.py:157} INFO - Started process (PID=587) to work on /home/airflow/.local/lib/python3.8/site-packages/airflow/example_dags/example_kubernetes_executor.py
[2023-11-29T20:56:42.060+0000] {processor.py:829} INFO - Processing file /home/airflow/.local/lib/python3.8/site-packages/airflow/example_dags/example_kubernetes_executor.py for tasks to queue
[2023-11-29T20:56:42.062+0000] {logging_mixin.py:154} INFO - [2023-11-29T20:56:42.062+0000] {dagbag.py:536} INFO - Filling up the DagBag from /home/airflow/.local/lib/python3.8/site-packages/airflow/example_dags/example_kubernetes_executor.py
[2023-11-29T20:56:42.071+0000] {processor.py:839} INFO - DAG(s) dict_keys(['example_kubernetes_executor']) retrieved from /home/airflow/.local/lib/python3.8/site-packages/airflow/example_dags/example_kubernetes_executor.py
[2023-11-29T20:56:42.093+0000] {logging_mixin.py:154} INFO - [2023-11-29T20:56:42.092+0000] {dag.py:2941} INFO - Sync 1 DAGs
[2023-11-29T20:56:42.100+0000] {logging_mixin.py:154} INFO - [2023-11-29T20:56:42.100+0000] {dag.py:3722} INFO - Setting next_dagrun for example_kubernetes_executor to None, run_after=None
[2023-11-29T20:56:42.109+0000] {processor.py:179} INFO - Processing /home/airflow/.local/lib/python3.8/site-packages/airflow/example_dags/example_kubernetes_executor.py took 0.051 seconds
[2023-11-29T20:57:12.149+0000] {processor.py:157} INFO - Started process (PID=641) to work on /home/airflow/.local/lib/python3.8/site-packages/airflow/example_dags/example_kubernetes_executor.py
[2023-11-29T20:57:12.149+0000] {processor.py:829} INFO - Processing file /home/airflow/.local/lib/python3.8/site-packages/airflow/example_dags/example_kubernetes_executor.py for tasks to queue
[2023-11-29T20:57:12.151+0000] {logging_mixin.py:154} INFO - [2023-11-29T20:57:12.151+0000] {dagbag.py:536} INFO - Filling up the DagBag from /home/airflow/.local/lib/python3.8/site-packages/airflow/example_dags/example_kubernetes_executor.py
[2023-11-29T20:57:12.159+0000] {processor.py:839} INFO - DAG(s) dict_keys(['example_kubernetes_executor']) retrieved from /home/airflow/.local/lib/python3.8/site-packages/airflow/example_dags/example_kubernetes_executor.py
[2023-11-29T20:57:12.180+0000] {logging_mixin.py:154} INFO - [2023-11-29T20:57:12.180+0000] {dag.py:2941} INFO - Sync 1 DAGs
[2023-11-29T20:57:12.187+0000] {logging_mixin.py:154} INFO - [2023-11-29T20:57:12.187+0000] {dag.py:3722} INFO - Setting next_dagrun for example_kubernetes_executor to None, run_after=None
[2023-11-29T20:57:12.195+0000] {processor.py:179} INFO - Processing /home/airflow/.local/lib/python3.8/site-packages/airflow/example_dags/example_kubernetes_executor.py took 0.049 seconds
[2023-11-29T20:57:42.262+0000] {processor.py:157} INFO - Started process (PID=695) to work on /home/airflow/.local/lib/python3.8/site-packages/airflow/example_dags/example_kubernetes_executor.py
[2023-11-29T20:57:42.263+0000] {processor.py:829} INFO - Processing file /home/airflow/.local/lib/python3.8/site-packages/airflow/example_dags/example_kubernetes_executor.py for tasks to queue
[2023-11-29T20:57:42.265+0000] {logging_mixin.py:154} INFO - [2023-11-29T20:57:42.264+0000] {dagbag.py:536} INFO - Filling up the DagBag from /home/airflow/.local/lib/python3.8/site-packages/airflow/example_dags/example_kubernetes_executor.py
[2023-11-29T20:57:42.273+0000] {processor.py:839} INFO - DAG(s) dict_keys(['example_kubernetes_executor']) retrieved from /home/airflow/.local/lib/python3.8/site-packages/airflow/example_dags/example_kubernetes_executor.py
[2023-11-29T20:57:42.294+0000] {logging_mixin.py:154} INFO - [2023-11-29T20:57:42.294+0000] {dag.py:2941} INFO - Sync 1 DAGs
[2023-11-29T20:57:42.302+0000] {logging_mixin.py:154} INFO - [2023-11-29T20:57:42.302+0000] {dag.py:3722} INFO - Setting next_dagrun for example_kubernetes_executor to None, run_after=None
[2023-11-29T20:57:42.316+0000] {processor.py:179} INFO - Processing /home/airflow/.local/lib/python3.8/site-packages/airflow/example_dags/example_kubernetes_executor.py took 0.057 seconds
[2023-11-29T20:58:12.394+0000] {processor.py:157} INFO - Started process (PID=749) to work on /home/airflow/.local/lib/python3.8/site-packages/airflow/example_dags/example_kubernetes_executor.py
[2023-11-29T20:58:12.395+0000] {processor.py:829} INFO - Processing file /home/airflow/.local/lib/python3.8/site-packages/airflow/example_dags/example_kubernetes_executor.py for tasks to queue
[2023-11-29T20:58:12.396+0000] {logging_mixin.py:154} INFO - [2023-11-29T20:58:12.396+0000] {dagbag.py:536} INFO - Filling up the DagBag from /home/airflow/.local/lib/python3.8/site-packages/airflow/example_dags/example_kubernetes_executor.py
[2023-11-29T20:58:12.404+0000] {processor.py:839} INFO - DAG(s) dict_keys(['example_kubernetes_executor']) retrieved from /home/airflow/.local/lib/python3.8/site-packages/airflow/example_dags/example_kubernetes_executor.py
[2023-11-29T20:58:12.427+0000] {logging_mixin.py:154} INFO - [2023-11-29T20:58:12.427+0000] {dag.py:2941} INFO - Sync 1 DAGs
[2023-11-29T20:58:12.435+0000] {logging_mixin.py:154} INFO - [2023-11-29T20:58:12.435+0000] {dag.py:3722} INFO - Setting next_dagrun for example_kubernetes_executor to None, run_after=None
[2023-11-29T20:58:12.445+0000] {processor.py:179} INFO - Processing /home/airflow/.local/lib/python3.8/site-packages/airflow/example_dags/example_kubernetes_executor.py took 0.053 seconds
[2023-11-29T20:58:42.515+0000] {processor.py:157} INFO - Started process (PID=803) to work on /home/airflow/.local/lib/python3.8/site-packages/airflow/example_dags/example_kubernetes_executor.py
[2023-11-29T20:58:42.516+0000] {processor.py:829} INFO - Processing file /home/airflow/.local/lib/python3.8/site-packages/airflow/example_dags/example_kubernetes_executor.py for tasks to queue
[2023-11-29T20:58:42.517+0000] {logging_mixin.py:154} INFO - [2023-11-29T20:58:42.517+0000] {dagbag.py:536} INFO - Filling up the DagBag from /home/airflow/.local/lib/python3.8/site-packages/airflow/example_dags/example_kubernetes_executor.py
[2023-11-29T20:58:42.525+0000] {processor.py:839} INFO - DAG(s) dict_keys(['example_kubernetes_executor']) retrieved from /home/airflow/.local/lib/python3.8/site-packages/airflow/example_dags/example_kubernetes_executor.py
[2023-11-29T20:58:42.548+0000] {logging_mixin.py:154} INFO - [2023-11-29T20:58:42.548+0000] {dag.py:2941} INFO - Sync 1 DAGs
[2023-11-29T20:58:42.555+0000] {logging_mixin.py:154} INFO - [2023-11-29T20:58:42.555+0000] {dag.py:3722} INFO - Setting next_dagrun for example_kubernetes_executor to None, run_after=None
[2023-11-29T20:58:42.565+0000] {processor.py:179} INFO - Processing /home/airflow/.local/lib/python3.8/site-packages/airflow/example_dags/example_kubernetes_executor.py took 0.052 seconds
[2023-11-29T20:59:13.436+0000] {processor.py:157} INFO - Started process (PID=857) to work on /home/airflow/.local/lib/python3.8/site-packages/airflow/example_dags/example_kubernetes_executor.py
[2023-11-29T20:59:13.437+0000] {processor.py:829} INFO - Processing file /home/airflow/.local/lib/python3.8/site-packages/airflow/example_dags/example_kubernetes_executor.py for tasks to queue
[2023-11-29T20:59:13.439+0000] {logging_mixin.py:154} INFO - [2023-11-29T20:59:13.438+0000] {dagbag.py:536} INFO - Filling up the DagBag from /home/airflow/.local/lib/python3.8/site-packages/airflow/example_dags/example_kubernetes_executor.py
[2023-11-29T20:59:13.447+0000] {processor.py:839} INFO - DAG(s) dict_keys(['example_kubernetes_executor']) retrieved from /home/airflow/.local/lib/python3.8/site-packages/airflow/example_dags/example_kubernetes_executor.py
[2023-11-29T20:59:13.468+0000] {logging_mixin.py:154} INFO - [2023-11-29T20:59:13.468+0000] {dag.py:2941} INFO - Sync 1 DAGs
[2023-11-29T20:59:13.475+0000] {logging_mixin.py:154} INFO - [2023-11-29T20:59:13.474+0000] {dag.py:3722} INFO - Setting next_dagrun for example_kubernetes_executor to None, run_after=None
[2023-11-29T20:59:13.484+0000] {processor.py:179} INFO - Processing /home/airflow/.local/lib/python3.8/site-packages/airflow/example_dags/example_kubernetes_executor.py took 0.050 seconds
[2023-11-29T20:59:44.307+0000] {processor.py:157} INFO - Started process (PID=911) to work on /home/airflow/.local/lib/python3.8/site-packages/airflow/example_dags/example_kubernetes_executor.py
[2023-11-29T20:59:44.308+0000] {processor.py:829} INFO - Processing file /home/airflow/.local/lib/python3.8/site-packages/airflow/example_dags/example_kubernetes_executor.py for tasks to queue
[2023-11-29T20:59:44.309+0000] {logging_mixin.py:154} INFO - [2023-11-29T20:59:44.309+0000] {dagbag.py:536} INFO - Filling up the DagBag from /home/airflow/.local/lib/python3.8/site-packages/airflow/example_dags/example_kubernetes_executor.py
[2023-11-29T20:59:44.318+0000] {processor.py:839} INFO - DAG(s) dict_keys(['example_kubernetes_executor']) retrieved from /home/airflow/.local/lib/python3.8/site-packages/airflow/example_dags/example_kubernetes_executor.py
[2023-11-29T20:59:44.340+0000] {logging_mixin.py:154} INFO - [2023-11-29T20:59:44.340+0000] {dag.py:2941} INFO - Sync 1 DAGs
[2023-11-29T20:59:44.347+0000] {logging_mixin.py:154} INFO - [2023-11-29T20:59:44.347+0000] {dag.py:3722} INFO - Setting next_dagrun for example_kubernetes_executor to None, run_after=None
[2023-11-29T20:59:44.356+0000] {processor.py:179} INFO - Processing /home/airflow/.local/lib/python3.8/site-packages/airflow/example_dags/example_kubernetes_executor.py took 0.051 seconds
[2023-11-29T21:00:15.105+0000] {processor.py:157} INFO - Started process (PID=965) to work on /home/airflow/.local/lib/python3.8/site-packages/airflow/example_dags/example_kubernetes_executor.py
[2023-11-29T21:00:15.105+0000] {processor.py:829} INFO - Processing file /home/airflow/.local/lib/python3.8/site-packages/airflow/example_dags/example_kubernetes_executor.py for tasks to queue
[2023-11-29T21:00:15.107+0000] {logging_mixin.py:154} INFO - [2023-11-29T21:00:15.107+0000] {dagbag.py:536} INFO - Filling up the DagBag from /home/airflow/.local/lib/python3.8/site-packages/airflow/example_dags/example_kubernetes_executor.py
[2023-11-29T21:00:15.116+0000] {processor.py:839} INFO - DAG(s) dict_keys(['example_kubernetes_executor']) retrieved from /home/airflow/.local/lib/python3.8/site-packages/airflow/example_dags/example_kubernetes_executor.py
[2023-11-29T21:00:15.138+0000] {logging_mixin.py:154} INFO - [2023-11-29T21:00:15.137+0000] {dag.py:2941} INFO - Sync 1 DAGs
[2023-11-29T21:00:15.145+0000] {logging_mixin.py:154} INFO - [2023-11-29T21:00:15.145+0000] {dag.py:3722} INFO - Setting next_dagrun for example_kubernetes_executor to None, run_after=None
[2023-11-29T21:00:15.155+0000] {processor.py:179} INFO - Processing /home/airflow/.local/lib/python3.8/site-packages/airflow/example_dags/example_kubernetes_executor.py took 0.052 seconds
[2023-11-29T21:00:46.008+0000] {processor.py:157} INFO - Started process (PID=1019) to work on /home/airflow/.local/lib/python3.8/site-packages/airflow/example_dags/example_kubernetes_executor.py
[2023-11-29T21:00:46.009+0000] {processor.py:829} INFO - Processing file /home/airflow/.local/lib/python3.8/site-packages/airflow/example_dags/example_kubernetes_executor.py for tasks to queue
[2023-11-29T21:00:46.011+0000] {logging_mixin.py:154} INFO - [2023-11-29T21:00:46.011+0000] {dagbag.py:536} INFO - Filling up the DagBag from /home/airflow/.local/lib/python3.8/site-packages/airflow/example_dags/example_kubernetes_executor.py
[2023-11-29T21:00:46.019+0000] {processor.py:839} INFO - DAG(s) dict_keys(['example_kubernetes_executor']) retrieved from /home/airflow/.local/lib/python3.8/site-packages/airflow/example_dags/example_kubernetes_executor.py
[2023-11-29T21:00:46.040+0000] {logging_mixin.py:154} INFO - [2023-11-29T21:00:46.040+0000] {dag.py:2941} INFO - Sync 1 DAGs
[2023-11-29T21:00:46.047+0000] {logging_mixin.py:154} INFO - [2023-11-29T21:00:46.047+0000] {dag.py:3722} INFO - Setting next_dagrun for example_kubernetes_executor to None, run_after=None
[2023-11-29T21:00:46.056+0000] {processor.py:179} INFO - Processing /home/airflow/.local/lib/python3.8/site-packages/airflow/example_dags/example_kubernetes_executor.py took 0.050 seconds
[2023-11-29T21:01:16.992+0000] {processor.py:157} INFO - Started process (PID=1073) to work on /home/airflow/.local/lib/python3.8/site-packages/airflow/example_dags/example_kubernetes_executor.py
[2023-11-29T21:01:16.992+0000] {processor.py:829} INFO - Processing file /home/airflow/.local/lib/python3.8/site-packages/airflow/example_dags/example_kubernetes_executor.py for tasks to queue
[2023-11-29T21:01:16.994+0000] {logging_mixin.py:154} INFO - [2023-11-29T21:01:16.994+0000] {dagbag.py:536} INFO - Filling up the DagBag from /home/airflow/.local/lib/python3.8/site-packages/airflow/example_dags/example_kubernetes_executor.py
[2023-11-29T21:01:17.002+0000] {processor.py:839} INFO - DAG(s) dict_keys(['example_kubernetes_executor']) retrieved from /home/airflow/.local/lib/python3.8/site-packages/airflow/example_dags/example_kubernetes_executor.py
[2023-11-29T21:01:17.024+0000] {logging_mixin.py:154} INFO - [2023-11-29T21:01:17.024+0000] {dag.py:2941} INFO - Sync 1 DAGs
[2023-11-29T21:01:17.030+0000] {logging_mixin.py:154} INFO - [2023-11-29T21:01:17.030+0000] {dag.py:3722} INFO - Setting next_dagrun for example_kubernetes_executor to None, run_after=None
[2023-11-29T21:01:17.040+0000] {processor.py:179} INFO - Processing /home/airflow/.local/lib/python3.8/site-packages/airflow/example_dags/example_kubernetes_executor.py took 0.050 seconds
[2023-11-29T21:01:47.873+0000] {processor.py:157} INFO - Started process (PID=1127) to work on /home/airflow/.local/lib/python3.8/site-packages/airflow/example_dags/example_kubernetes_executor.py
[2023-11-29T21:01:47.873+0000] {processor.py:829} INFO - Processing file /home/airflow/.local/lib/python3.8/site-packages/airflow/example_dags/example_kubernetes_executor.py for tasks to queue
[2023-11-29T21:01:47.875+0000] {logging_mixin.py:154} INFO - [2023-11-29T21:01:47.875+0000] {dagbag.py:536} INFO - Filling up the DagBag from /home/airflow/.local/lib/python3.8/site-packages/airflow/example_dags/example_kubernetes_executor.py
[2023-11-29T21:01:47.883+0000] {processor.py:839} INFO - DAG(s) dict_keys(['example_kubernetes_executor']) retrieved from /home/airflow/.local/lib/python3.8/site-packages/airflow/example_dags/example_kubernetes_executor.py
[2023-11-29T21:01:47.906+0000] {logging_mixin.py:154} INFO - [2023-11-29T21:01:47.905+0000] {dag.py:2941} INFO - Sync 1 DAGs
[2023-11-29T21:01:47.912+0000] {logging_mixin.py:154} INFO - [2023-11-29T21:01:47.912+0000] {dag.py:3722} INFO - Setting next_dagrun for example_kubernetes_executor to None, run_after=None
[2023-11-29T21:01:47.922+0000] {processor.py:179} INFO - Processing /home/airflow/.local/lib/python3.8/site-packages/airflow/example_dags/example_kubernetes_executor.py took 0.051 seconds
[2023-11-29T21:41:09.566+0000] {processor.py:157} INFO - Started process (PID=72) to work on /home/airflow/.local/lib/python3.8/site-packages/airflow/example_dags/example_kubernetes_executor.py
[2023-11-29T21:41:09.567+0000] {processor.py:829} INFO - Processing file /home/airflow/.local/lib/python3.8/site-packages/airflow/example_dags/example_kubernetes_executor.py for tasks to queue
[2023-11-29T21:41:09.569+0000] {logging_mixin.py:154} INFO - [2023-11-29T21:41:09.569+0000] {dagbag.py:536} INFO - Filling up the DagBag from /home/airflow/.local/lib/python3.8/site-packages/airflow/example_dags/example_kubernetes_executor.py
[2023-11-29T21:41:09.579+0000] {processor.py:839} INFO - DAG(s) dict_keys(['example_kubernetes_executor']) retrieved from /home/airflow/.local/lib/python3.8/site-packages/airflow/example_dags/example_kubernetes_executor.py
[2023-11-29T21:41:09.649+0000] {logging_mixin.py:154} INFO - [2023-11-29T21:41:09.648+0000] {manager.py:499} INFO - Created Permission View: %s
[2023-11-29T21:41:09.654+0000] {logging_mixin.py:154} INFO - [2023-11-29T21:41:09.654+0000] {manager.py:499} INFO - Created Permission View: %s
[2023-11-29T21:41:09.658+0000] {logging_mixin.py:154} INFO - [2023-11-29T21:41:09.658+0000] {manager.py:499} INFO - Created Permission View: %s
[2023-11-29T21:41:09.658+0000] {logging_mixin.py:154} INFO - [2023-11-29T21:41:09.658+0000] {dag.py:2941} INFO - Sync 1 DAGs
[2023-11-29T21:41:09.665+0000] {logging_mixin.py:154} INFO - [2023-11-29T21:41:09.665+0000] {dag.py:2963} INFO - Creating ORM DAG for example_kubernetes_executor
[2023-11-29T21:41:09.665+0000] {logging_mixin.py:154} INFO - [2023-11-29T21:41:09.665+0000] {dag.py:3722} INFO - Setting next_dagrun for example_kubernetes_executor to None, run_after=None
[2023-11-29T21:41:09.788+0000] {processor.py:179} INFO - Processing /home/airflow/.local/lib/python3.8/site-packages/airflow/example_dags/example_kubernetes_executor.py took 0.224 seconds
[2023-11-29T21:41:40.814+0000] {processor.py:157} INFO - Started process (PID=127) to work on /home/airflow/.local/lib/python3.8/site-packages/airflow/example_dags/example_kubernetes_executor.py
[2023-11-29T21:41:40.815+0000] {processor.py:829} INFO - Processing file /home/airflow/.local/lib/python3.8/site-packages/airflow/example_dags/example_kubernetes_executor.py for tasks to queue
[2023-11-29T21:41:40.819+0000] {logging_mixin.py:154} INFO - [2023-11-29T21:41:40.818+0000] {dagbag.py:536} INFO - Filling up the DagBag from /home/airflow/.local/lib/python3.8/site-packages/airflow/example_dags/example_kubernetes_executor.py
[2023-11-29T21:41:40.833+0000] {processor.py:839} INFO - DAG(s) dict_keys(['example_kubernetes_executor']) retrieved from /home/airflow/.local/lib/python3.8/site-packages/airflow/example_dags/example_kubernetes_executor.py
[2023-11-29T21:41:40.858+0000] {logging_mixin.py:154} INFO - [2023-11-29T21:41:40.858+0000] {dag.py:2941} INFO - Sync 1 DAGs
[2023-11-29T21:41:40.865+0000] {logging_mixin.py:154} INFO - [2023-11-29T21:41:40.865+0000] {dag.py:3722} INFO - Setting next_dagrun for example_kubernetes_executor to None, run_after=None
[2023-11-29T21:41:40.875+0000] {processor.py:179} INFO - Processing /home/airflow/.local/lib/python3.8/site-packages/airflow/example_dags/example_kubernetes_executor.py took 0.068 seconds
[2023-11-29T21:42:11.466+0000] {processor.py:157} INFO - Started process (PID=181) to work on /home/airflow/.local/lib/python3.8/site-packages/airflow/example_dags/example_kubernetes_executor.py
[2023-11-29T21:42:11.467+0000] {processor.py:829} INFO - Processing file /home/airflow/.local/lib/python3.8/site-packages/airflow/example_dags/example_kubernetes_executor.py for tasks to queue
[2023-11-29T21:42:11.468+0000] {logging_mixin.py:154} INFO - [2023-11-29T21:42:11.468+0000] {dagbag.py:536} INFO - Filling up the DagBag from /home/airflow/.local/lib/python3.8/site-packages/airflow/example_dags/example_kubernetes_executor.py
[2023-11-29T21:42:11.477+0000] {processor.py:839} INFO - DAG(s) dict_keys(['example_kubernetes_executor']) retrieved from /home/airflow/.local/lib/python3.8/site-packages/airflow/example_dags/example_kubernetes_executor.py
[2023-11-29T21:42:11.499+0000] {logging_mixin.py:154} INFO - [2023-11-29T21:42:11.499+0000] {dag.py:2941} INFO - Sync 1 DAGs
[2023-11-29T21:42:11.506+0000] {logging_mixin.py:154} INFO - [2023-11-29T21:42:11.506+0000] {dag.py:3722} INFO - Setting next_dagrun for example_kubernetes_executor to None, run_after=None
[2023-11-29T21:42:11.516+0000] {processor.py:179} INFO - Processing /home/airflow/.local/lib/python3.8/site-packages/airflow/example_dags/example_kubernetes_executor.py took 0.053 seconds
[2023-11-29T21:42:42.197+0000] {processor.py:157} INFO - Started process (PID=235) to work on /home/airflow/.local/lib/python3.8/site-packages/airflow/example_dags/example_kubernetes_executor.py
[2023-11-29T21:42:42.198+0000] {processor.py:829} INFO - Processing file /home/airflow/.local/lib/python3.8/site-packages/airflow/example_dags/example_kubernetes_executor.py for tasks to queue
[2023-11-29T21:42:42.202+0000] {logging_mixin.py:154} INFO - [2023-11-29T21:42:42.201+0000] {dagbag.py:536} INFO - Filling up the DagBag from /home/airflow/.local/lib/python3.8/site-packages/airflow/example_dags/example_kubernetes_executor.py
[2023-11-29T21:42:42.217+0000] {processor.py:839} INFO - DAG(s) dict_keys(['example_kubernetes_executor']) retrieved from /home/airflow/.local/lib/python3.8/site-packages/airflow/example_dags/example_kubernetes_executor.py
[2023-11-29T21:42:42.242+0000] {logging_mixin.py:154} INFO - [2023-11-29T21:42:42.241+0000] {dag.py:2941} INFO - Sync 1 DAGs
[2023-11-29T21:42:42.249+0000] {logging_mixin.py:154} INFO - [2023-11-29T21:42:42.249+0000] {dag.py:3722} INFO - Setting next_dagrun for example_kubernetes_executor to None, run_after=None
[2023-11-29T21:42:42.258+0000] {processor.py:179} INFO - Processing /home/airflow/.local/lib/python3.8/site-packages/airflow/example_dags/example_kubernetes_executor.py took 0.068 seconds
[2023-11-29T21:43:12.390+0000] {processor.py:157} INFO - Started process (PID=289) to work on /home/airflow/.local/lib/python3.8/site-packages/airflow/example_dags/example_kubernetes_executor.py
[2023-11-29T21:43:12.391+0000] {processor.py:829} INFO - Processing file /home/airflow/.local/lib/python3.8/site-packages/airflow/example_dags/example_kubernetes_executor.py for tasks to queue
[2023-11-29T21:43:12.395+0000] {logging_mixin.py:154} INFO - [2023-11-29T21:43:12.395+0000] {dagbag.py:536} INFO - Filling up the DagBag from /home/airflow/.local/lib/python3.8/site-packages/airflow/example_dags/example_kubernetes_executor.py
[2023-11-29T21:43:12.411+0000] {processor.py:839} INFO - DAG(s) dict_keys(['example_kubernetes_executor']) retrieved from /home/airflow/.local/lib/python3.8/site-packages/airflow/example_dags/example_kubernetes_executor.py
[2023-11-29T21:43:12.438+0000] {logging_mixin.py:154} INFO - [2023-11-29T21:43:12.438+0000] {dag.py:2941} INFO - Sync 1 DAGs
[2023-11-29T21:43:12.445+0000] {logging_mixin.py:154} INFO - [2023-11-29T21:43:12.445+0000] {dag.py:3722} INFO - Setting next_dagrun for example_kubernetes_executor to None, run_after=None
[2023-11-29T21:43:12.456+0000] {processor.py:179} INFO - Processing /home/airflow/.local/lib/python3.8/site-packages/airflow/example_dags/example_kubernetes_executor.py took 0.072 seconds
[2023-11-29T21:43:42.526+0000] {processor.py:157} INFO - Started process (PID=343) to work on /home/airflow/.local/lib/python3.8/site-packages/airflow/example_dags/example_kubernetes_executor.py
[2023-11-29T21:43:42.527+0000] {processor.py:829} INFO - Processing file /home/airflow/.local/lib/python3.8/site-packages/airflow/example_dags/example_kubernetes_executor.py for tasks to queue
[2023-11-29T21:43:42.530+0000] {logging_mixin.py:154} INFO - [2023-11-29T21:43:42.530+0000] {dagbag.py:536} INFO - Filling up the DagBag from /home/airflow/.local/lib/python3.8/site-packages/airflow/example_dags/example_kubernetes_executor.py
[2023-11-29T21:43:42.543+0000] {processor.py:839} INFO - DAG(s) dict_keys(['example_kubernetes_executor']) retrieved from /home/airflow/.local/lib/python3.8/site-packages/airflow/example_dags/example_kubernetes_executor.py
[2023-11-29T21:43:42.567+0000] {logging_mixin.py:154} INFO - [2023-11-29T21:43:42.567+0000] {dag.py:2941} INFO - Sync 1 DAGs
[2023-11-29T21:43:42.574+0000] {logging_mixin.py:154} INFO - [2023-11-29T21:43:42.574+0000] {dag.py:3722} INFO - Setting next_dagrun for example_kubernetes_executor to None, run_after=None
[2023-11-29T21:43:42.583+0000] {processor.py:179} INFO - Processing /home/airflow/.local/lib/python3.8/site-packages/airflow/example_dags/example_kubernetes_executor.py took 0.063 seconds
[2023-11-29T21:44:12.746+0000] {processor.py:157} INFO - Started process (PID=397) to work on /home/airflow/.local/lib/python3.8/site-packages/airflow/example_dags/example_kubernetes_executor.py
[2023-11-29T21:44:12.748+0000] {processor.py:829} INFO - Processing file /home/airflow/.local/lib/python3.8/site-packages/airflow/example_dags/example_kubernetes_executor.py for tasks to queue
[2023-11-29T21:44:12.751+0000] {logging_mixin.py:154} INFO - [2023-11-29T21:44:12.751+0000] {dagbag.py:536} INFO - Filling up the DagBag from /home/airflow/.local/lib/python3.8/site-packages/airflow/example_dags/example_kubernetes_executor.py
[2023-11-29T21:44:12.763+0000] {processor.py:839} INFO - DAG(s) dict_keys(['example_kubernetes_executor']) retrieved from /home/airflow/.local/lib/python3.8/site-packages/airflow/example_dags/example_kubernetes_executor.py
[2023-11-29T21:44:12.787+0000] {logging_mixin.py:154} INFO - [2023-11-29T21:44:12.787+0000] {dag.py:2941} INFO - Sync 1 DAGs
[2023-11-29T21:44:12.795+0000] {logging_mixin.py:154} INFO - [2023-11-29T21:44:12.795+0000] {dag.py:3722} INFO - Setting next_dagrun for example_kubernetes_executor to None, run_after=None
[2023-11-29T21:44:12.804+0000] {processor.py:179} INFO - Processing /home/airflow/.local/lib/python3.8/site-packages/airflow/example_dags/example_kubernetes_executor.py took 0.063 seconds
[2023-11-29T21:44:43.007+0000] {processor.py:157} INFO - Started process (PID=451) to work on /home/airflow/.local/lib/python3.8/site-packages/airflow/example_dags/example_kubernetes_executor.py
[2023-11-29T21:44:43.008+0000] {processor.py:829} INFO - Processing file /home/airflow/.local/lib/python3.8/site-packages/airflow/example_dags/example_kubernetes_executor.py for tasks to queue
[2023-11-29T21:44:43.009+0000] {logging_mixin.py:154} INFO - [2023-11-29T21:44:43.009+0000] {dagbag.py:536} INFO - Filling up the DagBag from /home/airflow/.local/lib/python3.8/site-packages/airflow/example_dags/example_kubernetes_executor.py
[2023-11-29T21:44:43.022+0000] {processor.py:839} INFO - DAG(s) dict_keys(['example_kubernetes_executor']) retrieved from /home/airflow/.local/lib/python3.8/site-packages/airflow/example_dags/example_kubernetes_executor.py
[2023-11-29T21:44:43.045+0000] {logging_mixin.py:154} INFO - [2023-11-29T21:44:43.045+0000] {dag.py:2941} INFO - Sync 1 DAGs
[2023-11-29T21:44:43.052+0000] {logging_mixin.py:154} INFO - [2023-11-29T21:44:43.051+0000] {dag.py:3722} INFO - Setting next_dagrun for example_kubernetes_executor to None, run_after=None
[2023-11-29T21:44:43.062+0000] {processor.py:179} INFO - Processing /home/airflow/.local/lib/python3.8/site-packages/airflow/example_dags/example_kubernetes_executor.py took 0.058 seconds
[2023-11-29T21:45:13.175+0000] {processor.py:157} INFO - Started process (PID=505) to work on /home/airflow/.local/lib/python3.8/site-packages/airflow/example_dags/example_kubernetes_executor.py
[2023-11-29T21:45:13.176+0000] {processor.py:829} INFO - Processing file /home/airflow/.local/lib/python3.8/site-packages/airflow/example_dags/example_kubernetes_executor.py for tasks to queue
[2023-11-29T21:45:13.178+0000] {logging_mixin.py:154} INFO - [2023-11-29T21:45:13.177+0000] {dagbag.py:536} INFO - Filling up the DagBag from /home/airflow/.local/lib/python3.8/site-packages/airflow/example_dags/example_kubernetes_executor.py
[2023-11-29T21:45:13.186+0000] {processor.py:839} INFO - DAG(s) dict_keys(['example_kubernetes_executor']) retrieved from /home/airflow/.local/lib/python3.8/site-packages/airflow/example_dags/example_kubernetes_executor.py
[2023-11-29T21:45:13.213+0000] {logging_mixin.py:154} INFO - [2023-11-29T21:45:13.213+0000] {dag.py:2941} INFO - Sync 1 DAGs
[2023-11-29T21:45:13.219+0000] {logging_mixin.py:154} INFO - [2023-11-29T21:45:13.219+0000] {dag.py:3722} INFO - Setting next_dagrun for example_kubernetes_executor to None, run_after=None
[2023-11-29T21:45:13.230+0000] {processor.py:179} INFO - Processing /home/airflow/.local/lib/python3.8/site-packages/airflow/example_dags/example_kubernetes_executor.py took 0.058 seconds
[2023-11-29T21:45:43.305+0000] {processor.py:157} INFO - Started process (PID=559) to work on /home/airflow/.local/lib/python3.8/site-packages/airflow/example_dags/example_kubernetes_executor.py
[2023-11-29T21:45:43.306+0000] {processor.py:829} INFO - Processing file /home/airflow/.local/lib/python3.8/site-packages/airflow/example_dags/example_kubernetes_executor.py for tasks to queue
[2023-11-29T21:45:43.308+0000] {logging_mixin.py:154} INFO - [2023-11-29T21:45:43.308+0000] {dagbag.py:536} INFO - Filling up the DagBag from /home/airflow/.local/lib/python3.8/site-packages/airflow/example_dags/example_kubernetes_executor.py
[2023-11-29T21:45:43.317+0000] {processor.py:839} INFO - DAG(s) dict_keys(['example_kubernetes_executor']) retrieved from /home/airflow/.local/lib/python3.8/site-packages/airflow/example_dags/example_kubernetes_executor.py
[2023-11-29T21:45:43.343+0000] {logging_mixin.py:154} INFO - [2023-11-29T21:45:43.343+0000] {dag.py:2941} INFO - Sync 1 DAGs
[2023-11-29T21:45:43.351+0000] {logging_mixin.py:154} INFO - [2023-11-29T21:45:43.350+0000] {dag.py:3722} INFO - Setting next_dagrun for example_kubernetes_executor to None, run_after=None
[2023-11-29T21:45:43.361+0000] {processor.py:179} INFO - Processing /home/airflow/.local/lib/python3.8/site-packages/airflow/example_dags/example_kubernetes_executor.py took 0.059 seconds
[2023-11-29T21:46:13.504+0000] {processor.py:157} INFO - Started process (PID=613) to work on /home/airflow/.local/lib/python3.8/site-packages/airflow/example_dags/example_kubernetes_executor.py
[2023-11-29T21:46:13.504+0000] {processor.py:829} INFO - Processing file /home/airflow/.local/lib/python3.8/site-packages/airflow/example_dags/example_kubernetes_executor.py for tasks to queue
[2023-11-29T21:46:13.506+0000] {logging_mixin.py:154} INFO - [2023-11-29T21:46:13.506+0000] {dagbag.py:536} INFO - Filling up the DagBag from /home/airflow/.local/lib/python3.8/site-packages/airflow/example_dags/example_kubernetes_executor.py
[2023-11-29T21:46:13.514+0000] {processor.py:839} INFO - DAG(s) dict_keys(['example_kubernetes_executor']) retrieved from /home/airflow/.local/lib/python3.8/site-packages/airflow/example_dags/example_kubernetes_executor.py
[2023-11-29T21:46:13.536+0000] {logging_mixin.py:154} INFO - [2023-11-29T21:46:13.536+0000] {dag.py:2941} INFO - Sync 1 DAGs
[2023-11-29T21:46:13.542+0000] {logging_mixin.py:154} INFO - [2023-11-29T21:46:13.542+0000] {dag.py:3722} INFO - Setting next_dagrun for example_kubernetes_executor to None, run_after=None
[2023-11-29T21:46:13.553+0000] {processor.py:179} INFO - Processing /home/airflow/.local/lib/python3.8/site-packages/airflow/example_dags/example_kubernetes_executor.py took 0.052 seconds
