[2023-11-29T20:51:40.106+0000] {processor.py:157} INFO - Started process (PID=70) to work on /home/airflow/.local/lib/python3.8/site-packages/airflow/example_dags/example_branch_operator.py
[2023-11-29T20:51:40.107+0000] {processor.py:829} INFO - Processing file /home/airflow/.local/lib/python3.8/site-packages/airflow/example_dags/example_branch_operator.py for tasks to queue
[2023-11-29T20:51:40.109+0000] {logging_mixin.py:154} INFO - [2023-11-29T20:51:40.108+0000] {dagbag.py:536} INFO - Filling up the DagBag from /home/airflow/.local/lib/python3.8/site-packages/airflow/example_dags/example_branch_operator.py
[2023-11-29T20:51:40.115+0000] {processor.py:839} INFO - DAG(s) dict_keys(['example_branch_operator']) retrieved from /home/airflow/.local/lib/python3.8/site-packages/airflow/example_dags/example_branch_operator.py
[2023-11-29T20:51:40.183+0000] {logging_mixin.py:154} INFO - [2023-11-29T20:51:40.183+0000] {dag.py:2941} INFO - Sync 1 DAGs
[2023-11-29T20:51:40.196+0000] {logging_mixin.py:154} INFO - [2023-11-29T20:51:40.196+0000] {dag.py:3722} INFO - Setting next_dagrun for example_branch_operator to 2023-11-28T00:00:00+00:00, run_after=2023-11-29T00:00:00+00:00
[2023-11-29T20:51:40.209+0000] {processor.py:179} INFO - Processing /home/airflow/.local/lib/python3.8/site-packages/airflow/example_dags/example_branch_operator.py took 0.106 seconds
[2023-11-29T20:52:11.169+0000] {processor.py:157} INFO - Started process (PID=124) to work on /home/airflow/.local/lib/python3.8/site-packages/airflow/example_dags/example_branch_operator.py
[2023-11-29T20:52:11.169+0000] {processor.py:829} INFO - Processing file /home/airflow/.local/lib/python3.8/site-packages/airflow/example_dags/example_branch_operator.py for tasks to queue
[2023-11-29T20:52:11.171+0000] {logging_mixin.py:154} INFO - [2023-11-29T20:52:11.171+0000] {dagbag.py:536} INFO - Filling up the DagBag from /home/airflow/.local/lib/python3.8/site-packages/airflow/example_dags/example_branch_operator.py
[2023-11-29T20:52:11.179+0000] {processor.py:839} INFO - DAG(s) dict_keys(['example_branch_operator']) retrieved from /home/airflow/.local/lib/python3.8/site-packages/airflow/example_dags/example_branch_operator.py
[2023-11-29T20:52:11.189+0000] {logging_mixin.py:154} INFO - [2023-11-29T20:52:11.189+0000] {dag.py:2941} INFO - Sync 1 DAGs
[2023-11-29T20:52:11.202+0000] {logging_mixin.py:154} INFO - [2023-11-29T20:52:11.202+0000] {dag.py:3722} INFO - Setting next_dagrun for example_branch_operator to 2023-11-28T00:00:00+00:00, run_after=2023-11-29T00:00:00+00:00
[2023-11-29T20:52:11.213+0000] {processor.py:179} INFO - Processing /home/airflow/.local/lib/python3.8/site-packages/airflow/example_dags/example_branch_operator.py took 0.047 seconds
[2023-11-29T20:52:42.095+0000] {processor.py:157} INFO - Started process (PID=178) to work on /home/airflow/.local/lib/python3.8/site-packages/airflow/example_dags/example_branch_operator.py
[2023-11-29T20:52:42.096+0000] {processor.py:829} INFO - Processing file /home/airflow/.local/lib/python3.8/site-packages/airflow/example_dags/example_branch_operator.py for tasks to queue
[2023-11-29T20:52:42.099+0000] {logging_mixin.py:154} INFO - [2023-11-29T20:52:42.099+0000] {dagbag.py:536} INFO - Filling up the DagBag from /home/airflow/.local/lib/python3.8/site-packages/airflow/example_dags/example_branch_operator.py
[2023-11-29T20:52:42.107+0000] {processor.py:839} INFO - DAG(s) dict_keys(['example_branch_operator']) retrieved from /home/airflow/.local/lib/python3.8/site-packages/airflow/example_dags/example_branch_operator.py
[2023-11-29T20:52:42.122+0000] {logging_mixin.py:154} INFO - [2023-11-29T20:52:42.122+0000] {dag.py:2941} INFO - Sync 1 DAGs
[2023-11-29T20:52:42.136+0000] {logging_mixin.py:154} INFO - [2023-11-29T20:52:42.136+0000] {dag.py:3722} INFO - Setting next_dagrun for example_branch_operator to 2023-11-28T00:00:00+00:00, run_after=2023-11-29T00:00:00+00:00
[2023-11-29T20:52:42.146+0000] {processor.py:179} INFO - Processing /home/airflow/.local/lib/python3.8/site-packages/airflow/example_dags/example_branch_operator.py took 0.056 seconds
[2023-11-29T20:53:12.210+0000] {processor.py:157} INFO - Started process (PID=232) to work on /home/airflow/.local/lib/python3.8/site-packages/airflow/example_dags/example_branch_operator.py
[2023-11-29T20:53:12.211+0000] {processor.py:829} INFO - Processing file /home/airflow/.local/lib/python3.8/site-packages/airflow/example_dags/example_branch_operator.py for tasks to queue
[2023-11-29T20:53:12.213+0000] {logging_mixin.py:154} INFO - [2023-11-29T20:53:12.213+0000] {dagbag.py:536} INFO - Filling up the DagBag from /home/airflow/.local/lib/python3.8/site-packages/airflow/example_dags/example_branch_operator.py
[2023-11-29T20:53:12.222+0000] {processor.py:839} INFO - DAG(s) dict_keys(['example_branch_operator']) retrieved from /home/airflow/.local/lib/python3.8/site-packages/airflow/example_dags/example_branch_operator.py
[2023-11-29T20:53:12.237+0000] {logging_mixin.py:154} INFO - [2023-11-29T20:53:12.237+0000] {dag.py:2941} INFO - Sync 1 DAGs
[2023-11-29T20:53:12.251+0000] {logging_mixin.py:154} INFO - [2023-11-29T20:53:12.251+0000] {dag.py:3722} INFO - Setting next_dagrun for example_branch_operator to 2023-11-28T00:00:00+00:00, run_after=2023-11-29T00:00:00+00:00
[2023-11-29T20:53:12.261+0000] {processor.py:179} INFO - Processing /home/airflow/.local/lib/python3.8/site-packages/airflow/example_dags/example_branch_operator.py took 0.056 seconds
[2023-11-29T20:53:42.406+0000] {processor.py:157} INFO - Started process (PID=286) to work on /home/airflow/.local/lib/python3.8/site-packages/airflow/example_dags/example_branch_operator.py
[2023-11-29T20:53:42.408+0000] {processor.py:829} INFO - Processing file /home/airflow/.local/lib/python3.8/site-packages/airflow/example_dags/example_branch_operator.py for tasks to queue
[2023-11-29T20:53:42.411+0000] {logging_mixin.py:154} INFO - [2023-11-29T20:53:42.411+0000] {dagbag.py:536} INFO - Filling up the DagBag from /home/airflow/.local/lib/python3.8/site-packages/airflow/example_dags/example_branch_operator.py
[2023-11-29T20:53:42.420+0000] {processor.py:839} INFO - DAG(s) dict_keys(['example_branch_operator']) retrieved from /home/airflow/.local/lib/python3.8/site-packages/airflow/example_dags/example_branch_operator.py
[2023-11-29T20:53:42.435+0000] {logging_mixin.py:154} INFO - [2023-11-29T20:53:42.435+0000] {dag.py:2941} INFO - Sync 1 DAGs
[2023-11-29T20:53:42.448+0000] {logging_mixin.py:154} INFO - [2023-11-29T20:53:42.448+0000] {dag.py:3722} INFO - Setting next_dagrun for example_branch_operator to 2023-11-28T00:00:00+00:00, run_after=2023-11-29T00:00:00+00:00
[2023-11-29T20:53:42.459+0000] {processor.py:179} INFO - Processing /home/airflow/.local/lib/python3.8/site-packages/airflow/example_dags/example_branch_operator.py took 0.056 seconds
[2023-11-29T20:54:12.505+0000] {processor.py:157} INFO - Started process (PID=339) to work on /home/airflow/.local/lib/python3.8/site-packages/airflow/example_dags/example_branch_operator.py
[2023-11-29T20:54:12.507+0000] {processor.py:829} INFO - Processing file /home/airflow/.local/lib/python3.8/site-packages/airflow/example_dags/example_branch_operator.py for tasks to queue
[2023-11-29T20:54:12.512+0000] {logging_mixin.py:154} INFO - [2023-11-29T20:54:12.511+0000] {dagbag.py:536} INFO - Filling up the DagBag from /home/airflow/.local/lib/python3.8/site-packages/airflow/example_dags/example_branch_operator.py
[2023-11-29T20:54:12.523+0000] {processor.py:839} INFO - DAG(s) dict_keys(['example_branch_operator']) retrieved from /home/airflow/.local/lib/python3.8/site-packages/airflow/example_dags/example_branch_operator.py
[2023-11-29T20:54:12.541+0000] {logging_mixin.py:154} INFO - [2023-11-29T20:54:12.541+0000] {dag.py:2941} INFO - Sync 1 DAGs
[2023-11-29T20:54:12.554+0000] {logging_mixin.py:154} INFO - [2023-11-29T20:54:12.554+0000] {dag.py:3722} INFO - Setting next_dagrun for example_branch_operator to 2023-11-28T00:00:00+00:00, run_after=2023-11-29T00:00:00+00:00
[2023-11-29T20:54:12.564+0000] {processor.py:179} INFO - Processing /home/airflow/.local/lib/python3.8/site-packages/airflow/example_dags/example_branch_operator.py took 0.066 seconds
[2023-11-29T20:54:42.629+0000] {processor.py:157} INFO - Started process (PID=394) to work on /home/airflow/.local/lib/python3.8/site-packages/airflow/example_dags/example_branch_operator.py
[2023-11-29T20:54:42.630+0000] {processor.py:829} INFO - Processing file /home/airflow/.local/lib/python3.8/site-packages/airflow/example_dags/example_branch_operator.py for tasks to queue
[2023-11-29T20:54:42.633+0000] {logging_mixin.py:154} INFO - [2023-11-29T20:54:42.632+0000] {dagbag.py:536} INFO - Filling up the DagBag from /home/airflow/.local/lib/python3.8/site-packages/airflow/example_dags/example_branch_operator.py
[2023-11-29T20:54:42.640+0000] {processor.py:839} INFO - DAG(s) dict_keys(['example_branch_operator']) retrieved from /home/airflow/.local/lib/python3.8/site-packages/airflow/example_dags/example_branch_operator.py
[2023-11-29T20:54:42.655+0000] {logging_mixin.py:154} INFO - [2023-11-29T20:54:42.655+0000] {dag.py:2941} INFO - Sync 1 DAGs
[2023-11-29T20:54:42.669+0000] {logging_mixin.py:154} INFO - [2023-11-29T20:54:42.669+0000] {dag.py:3722} INFO - Setting next_dagrun for example_branch_operator to 2023-11-28T00:00:00+00:00, run_after=2023-11-29T00:00:00+00:00
[2023-11-29T20:54:42.679+0000] {processor.py:179} INFO - Processing /home/airflow/.local/lib/python3.8/site-packages/airflow/example_dags/example_branch_operator.py took 0.054 seconds
[2023-11-29T20:55:12.760+0000] {processor.py:157} INFO - Started process (PID=448) to work on /home/airflow/.local/lib/python3.8/site-packages/airflow/example_dags/example_branch_operator.py
[2023-11-29T20:55:12.761+0000] {processor.py:829} INFO - Processing file /home/airflow/.local/lib/python3.8/site-packages/airflow/example_dags/example_branch_operator.py for tasks to queue
[2023-11-29T20:55:12.763+0000] {logging_mixin.py:154} INFO - [2023-11-29T20:55:12.763+0000] {dagbag.py:536} INFO - Filling up the DagBag from /home/airflow/.local/lib/python3.8/site-packages/airflow/example_dags/example_branch_operator.py
[2023-11-29T20:55:12.769+0000] {processor.py:839} INFO - DAG(s) dict_keys(['example_branch_operator']) retrieved from /home/airflow/.local/lib/python3.8/site-packages/airflow/example_dags/example_branch_operator.py
[2023-11-29T20:55:12.785+0000] {logging_mixin.py:154} INFO - [2023-11-29T20:55:12.785+0000] {dag.py:2941} INFO - Sync 1 DAGs
[2023-11-29T20:55:12.801+0000] {logging_mixin.py:154} INFO - [2023-11-29T20:55:12.801+0000] {dag.py:3722} INFO - Setting next_dagrun for example_branch_operator to 2023-11-28T00:00:00+00:00, run_after=2023-11-29T00:00:00+00:00
[2023-11-29T20:55:12.812+0000] {processor.py:179} INFO - Processing /home/airflow/.local/lib/python3.8/site-packages/airflow/example_dags/example_branch_operator.py took 0.054 seconds
[2023-11-29T20:55:43.799+0000] {processor.py:157} INFO - Started process (PID=502) to work on /home/airflow/.local/lib/python3.8/site-packages/airflow/example_dags/example_branch_operator.py
[2023-11-29T20:55:43.800+0000] {processor.py:829} INFO - Processing file /home/airflow/.local/lib/python3.8/site-packages/airflow/example_dags/example_branch_operator.py for tasks to queue
[2023-11-29T20:55:43.803+0000] {logging_mixin.py:154} INFO - [2023-11-29T20:55:43.803+0000] {dagbag.py:536} INFO - Filling up the DagBag from /home/airflow/.local/lib/python3.8/site-packages/airflow/example_dags/example_branch_operator.py
[2023-11-29T20:55:43.812+0000] {processor.py:839} INFO - DAG(s) dict_keys(['example_branch_operator']) retrieved from /home/airflow/.local/lib/python3.8/site-packages/airflow/example_dags/example_branch_operator.py
[2023-11-29T20:55:43.827+0000] {logging_mixin.py:154} INFO - [2023-11-29T20:55:43.827+0000] {dag.py:2941} INFO - Sync 1 DAGs
[2023-11-29T20:55:43.840+0000] {logging_mixin.py:154} INFO - [2023-11-29T20:55:43.840+0000] {dag.py:3722} INFO - Setting next_dagrun for example_branch_operator to 2023-11-28T00:00:00+00:00, run_after=2023-11-29T00:00:00+00:00
[2023-11-29T20:55:43.850+0000] {processor.py:179} INFO - Processing /home/airflow/.local/lib/python3.8/site-packages/airflow/example_dags/example_branch_operator.py took 0.056 seconds
[2023-11-29T20:56:13.891+0000] {processor.py:157} INFO - Started process (PID=555) to work on /home/airflow/.local/lib/python3.8/site-packages/airflow/example_dags/example_branch_operator.py
[2023-11-29T20:56:13.893+0000] {processor.py:829} INFO - Processing file /home/airflow/.local/lib/python3.8/site-packages/airflow/example_dags/example_branch_operator.py for tasks to queue
[2023-11-29T20:56:13.897+0000] {logging_mixin.py:154} INFO - [2023-11-29T20:56:13.896+0000] {dagbag.py:536} INFO - Filling up the DagBag from /home/airflow/.local/lib/python3.8/site-packages/airflow/example_dags/example_branch_operator.py
[2023-11-29T20:56:13.907+0000] {processor.py:839} INFO - DAG(s) dict_keys(['example_branch_operator']) retrieved from /home/airflow/.local/lib/python3.8/site-packages/airflow/example_dags/example_branch_operator.py
[2023-11-29T20:56:13.925+0000] {logging_mixin.py:154} INFO - [2023-11-29T20:56:13.925+0000] {dag.py:2941} INFO - Sync 1 DAGs
[2023-11-29T20:56:13.939+0000] {logging_mixin.py:154} INFO - [2023-11-29T20:56:13.939+0000] {dag.py:3722} INFO - Setting next_dagrun for example_branch_operator to 2023-11-28T00:00:00+00:00, run_after=2023-11-29T00:00:00+00:00
[2023-11-29T20:56:13.950+0000] {processor.py:179} INFO - Processing /home/airflow/.local/lib/python3.8/site-packages/airflow/example_dags/example_branch_operator.py took 0.064 seconds
[2023-11-29T20:56:44.830+0000] {processor.py:157} INFO - Started process (PID=610) to work on /home/airflow/.local/lib/python3.8/site-packages/airflow/example_dags/example_branch_operator.py
[2023-11-29T20:56:44.831+0000] {processor.py:829} INFO - Processing file /home/airflow/.local/lib/python3.8/site-packages/airflow/example_dags/example_branch_operator.py for tasks to queue
[2023-11-29T20:56:44.833+0000] {logging_mixin.py:154} INFO - [2023-11-29T20:56:44.832+0000] {dagbag.py:536} INFO - Filling up the DagBag from /home/airflow/.local/lib/python3.8/site-packages/airflow/example_dags/example_branch_operator.py
[2023-11-29T20:56:44.839+0000] {processor.py:839} INFO - DAG(s) dict_keys(['example_branch_operator']) retrieved from /home/airflow/.local/lib/python3.8/site-packages/airflow/example_dags/example_branch_operator.py
[2023-11-29T20:56:44.855+0000] {logging_mixin.py:154} INFO - [2023-11-29T20:56:44.854+0000] {dag.py:2941} INFO - Sync 1 DAGs
[2023-11-29T20:56:44.868+0000] {logging_mixin.py:154} INFO - [2023-11-29T20:56:44.868+0000] {dag.py:3722} INFO - Setting next_dagrun for example_branch_operator to 2023-11-28T00:00:00+00:00, run_after=2023-11-29T00:00:00+00:00
[2023-11-29T20:56:44.878+0000] {processor.py:179} INFO - Processing /home/airflow/.local/lib/python3.8/site-packages/airflow/example_dags/example_branch_operator.py took 0.051 seconds
[2023-11-29T20:57:14.979+0000] {processor.py:157} INFO - Started process (PID=664) to work on /home/airflow/.local/lib/python3.8/site-packages/airflow/example_dags/example_branch_operator.py
[2023-11-29T20:57:14.979+0000] {processor.py:829} INFO - Processing file /home/airflow/.local/lib/python3.8/site-packages/airflow/example_dags/example_branch_operator.py for tasks to queue
[2023-11-29T20:57:14.981+0000] {logging_mixin.py:154} INFO - [2023-11-29T20:57:14.980+0000] {dagbag.py:536} INFO - Filling up the DagBag from /home/airflow/.local/lib/python3.8/site-packages/airflow/example_dags/example_branch_operator.py
[2023-11-29T20:57:14.986+0000] {processor.py:839} INFO - DAG(s) dict_keys(['example_branch_operator']) retrieved from /home/airflow/.local/lib/python3.8/site-packages/airflow/example_dags/example_branch_operator.py
[2023-11-29T20:57:14.999+0000] {logging_mixin.py:154} INFO - [2023-11-29T20:57:14.999+0000] {dag.py:2941} INFO - Sync 1 DAGs
[2023-11-29T20:57:15.012+0000] {logging_mixin.py:154} INFO - [2023-11-29T20:57:15.012+0000] {dag.py:3722} INFO - Setting next_dagrun for example_branch_operator to 2023-11-28T00:00:00+00:00, run_after=2023-11-29T00:00:00+00:00
[2023-11-29T20:57:15.023+0000] {processor.py:179} INFO - Processing /home/airflow/.local/lib/python3.8/site-packages/airflow/example_dags/example_branch_operator.py took 0.047 seconds
[2023-11-29T20:57:45.043+0000] {processor.py:157} INFO - Started process (PID=717) to work on /home/airflow/.local/lib/python3.8/site-packages/airflow/example_dags/example_branch_operator.py
[2023-11-29T20:57:45.044+0000] {processor.py:829} INFO - Processing file /home/airflow/.local/lib/python3.8/site-packages/airflow/example_dags/example_branch_operator.py for tasks to queue
[2023-11-29T20:57:45.045+0000] {logging_mixin.py:154} INFO - [2023-11-29T20:57:45.045+0000] {dagbag.py:536} INFO - Filling up the DagBag from /home/airflow/.local/lib/python3.8/site-packages/airflow/example_dags/example_branch_operator.py
[2023-11-29T20:57:45.051+0000] {processor.py:839} INFO - DAG(s) dict_keys(['example_branch_operator']) retrieved from /home/airflow/.local/lib/python3.8/site-packages/airflow/example_dags/example_branch_operator.py
[2023-11-29T20:57:45.071+0000] {logging_mixin.py:154} INFO - [2023-11-29T20:57:45.071+0000] {dag.py:2941} INFO - Sync 1 DAGs
[2023-11-29T20:57:45.086+0000] {logging_mixin.py:154} INFO - [2023-11-29T20:57:45.086+0000] {dag.py:3722} INFO - Setting next_dagrun for example_branch_operator to 2023-11-28T00:00:00+00:00, run_after=2023-11-29T00:00:00+00:00
[2023-11-29T20:57:45.099+0000] {processor.py:179} INFO - Processing /home/airflow/.local/lib/python3.8/site-packages/airflow/example_dags/example_branch_operator.py took 0.059 seconds
[2023-11-29T20:58:15.176+0000] {processor.py:157} INFO - Started process (PID=771) to work on /home/airflow/.local/lib/python3.8/site-packages/airflow/example_dags/example_branch_operator.py
[2023-11-29T20:58:15.177+0000] {processor.py:829} INFO - Processing file /home/airflow/.local/lib/python3.8/site-packages/airflow/example_dags/example_branch_operator.py for tasks to queue
[2023-11-29T20:58:15.182+0000] {logging_mixin.py:154} INFO - [2023-11-29T20:58:15.181+0000] {dagbag.py:536} INFO - Filling up the DagBag from /home/airflow/.local/lib/python3.8/site-packages/airflow/example_dags/example_branch_operator.py
[2023-11-29T20:58:15.192+0000] {processor.py:839} INFO - DAG(s) dict_keys(['example_branch_operator']) retrieved from /home/airflow/.local/lib/python3.8/site-packages/airflow/example_dags/example_branch_operator.py
[2023-11-29T20:58:15.209+0000] {logging_mixin.py:154} INFO - [2023-11-29T20:58:15.209+0000] {dag.py:2941} INFO - Sync 1 DAGs
[2023-11-29T20:58:15.223+0000] {logging_mixin.py:154} INFO - [2023-11-29T20:58:15.223+0000] {dag.py:3722} INFO - Setting next_dagrun for example_branch_operator to 2023-11-28T00:00:00+00:00, run_after=2023-11-29T00:00:00+00:00
[2023-11-29T20:58:15.233+0000] {processor.py:179} INFO - Processing /home/airflow/.local/lib/python3.8/site-packages/airflow/example_dags/example_branch_operator.py took 0.062 seconds
[2023-11-29T20:58:46.255+0000] {processor.py:157} INFO - Started process (PID=826) to work on /home/airflow/.local/lib/python3.8/site-packages/airflow/example_dags/example_branch_operator.py
[2023-11-29T20:58:46.256+0000] {processor.py:829} INFO - Processing file /home/airflow/.local/lib/python3.8/site-packages/airflow/example_dags/example_branch_operator.py for tasks to queue
[2023-11-29T20:58:46.259+0000] {logging_mixin.py:154} INFO - [2023-11-29T20:58:46.258+0000] {dagbag.py:536} INFO - Filling up the DagBag from /home/airflow/.local/lib/python3.8/site-packages/airflow/example_dags/example_branch_operator.py
[2023-11-29T20:58:46.266+0000] {processor.py:839} INFO - DAG(s) dict_keys(['example_branch_operator']) retrieved from /home/airflow/.local/lib/python3.8/site-packages/airflow/example_dags/example_branch_operator.py
[2023-11-29T20:58:46.281+0000] {logging_mixin.py:154} INFO - [2023-11-29T20:58:46.281+0000] {dag.py:2941} INFO - Sync 1 DAGs
[2023-11-29T20:58:46.295+0000] {logging_mixin.py:154} INFO - [2023-11-29T20:58:46.295+0000] {dag.py:3722} INFO - Setting next_dagrun for example_branch_operator to 2023-11-28T00:00:00+00:00, run_after=2023-11-29T00:00:00+00:00
[2023-11-29T20:58:46.305+0000] {processor.py:179} INFO - Processing /home/airflow/.local/lib/python3.8/site-packages/airflow/example_dags/example_branch_operator.py took 0.053 seconds
[2023-11-29T20:59:17.260+0000] {processor.py:157} INFO - Started process (PID=880) to work on /home/airflow/.local/lib/python3.8/site-packages/airflow/example_dags/example_branch_operator.py
[2023-11-29T20:59:17.261+0000] {processor.py:829} INFO - Processing file /home/airflow/.local/lib/python3.8/site-packages/airflow/example_dags/example_branch_operator.py for tasks to queue
[2023-11-29T20:59:17.264+0000] {logging_mixin.py:154} INFO - [2023-11-29T20:59:17.264+0000] {dagbag.py:536} INFO - Filling up the DagBag from /home/airflow/.local/lib/python3.8/site-packages/airflow/example_dags/example_branch_operator.py
[2023-11-29T20:59:17.273+0000] {processor.py:839} INFO - DAG(s) dict_keys(['example_branch_operator']) retrieved from /home/airflow/.local/lib/python3.8/site-packages/airflow/example_dags/example_branch_operator.py
[2023-11-29T20:59:17.288+0000] {logging_mixin.py:154} INFO - [2023-11-29T20:59:17.288+0000] {dag.py:2941} INFO - Sync 1 DAGs
[2023-11-29T20:59:17.302+0000] {logging_mixin.py:154} INFO - [2023-11-29T20:59:17.302+0000] {dag.py:3722} INFO - Setting next_dagrun for example_branch_operator to 2023-11-28T00:00:00+00:00, run_after=2023-11-29T00:00:00+00:00
[2023-11-29T20:59:17.313+0000] {processor.py:179} INFO - Processing /home/airflow/.local/lib/python3.8/site-packages/airflow/example_dags/example_branch_operator.py took 0.058 seconds
[2023-11-29T20:59:47.987+0000] {processor.py:157} INFO - Started process (PID=934) to work on /home/airflow/.local/lib/python3.8/site-packages/airflow/example_dags/example_branch_operator.py
[2023-11-29T20:59:47.988+0000] {processor.py:829} INFO - Processing file /home/airflow/.local/lib/python3.8/site-packages/airflow/example_dags/example_branch_operator.py for tasks to queue
[2023-11-29T20:59:47.990+0000] {logging_mixin.py:154} INFO - [2023-11-29T20:59:47.990+0000] {dagbag.py:536} INFO - Filling up the DagBag from /home/airflow/.local/lib/python3.8/site-packages/airflow/example_dags/example_branch_operator.py
[2023-11-29T20:59:47.998+0000] {processor.py:839} INFO - DAG(s) dict_keys(['example_branch_operator']) retrieved from /home/airflow/.local/lib/python3.8/site-packages/airflow/example_dags/example_branch_operator.py
[2023-11-29T20:59:48.013+0000] {logging_mixin.py:154} INFO - [2023-11-29T20:59:48.013+0000] {dag.py:2941} INFO - Sync 1 DAGs
[2023-11-29T20:59:48.026+0000] {logging_mixin.py:154} INFO - [2023-11-29T20:59:48.026+0000] {dag.py:3722} INFO - Setting next_dagrun for example_branch_operator to 2023-11-28T00:00:00+00:00, run_after=2023-11-29T00:00:00+00:00
[2023-11-29T20:59:48.036+0000] {processor.py:179} INFO - Processing /home/airflow/.local/lib/python3.8/site-packages/airflow/example_dags/example_branch_operator.py took 0.054 seconds
[2023-11-29T21:00:18.803+0000] {processor.py:157} INFO - Started process (PID=988) to work on /home/airflow/.local/lib/python3.8/site-packages/airflow/example_dags/example_branch_operator.py
[2023-11-29T21:00:18.804+0000] {processor.py:829} INFO - Processing file /home/airflow/.local/lib/python3.8/site-packages/airflow/example_dags/example_branch_operator.py for tasks to queue
[2023-11-29T21:00:18.806+0000] {logging_mixin.py:154} INFO - [2023-11-29T21:00:18.806+0000] {dagbag.py:536} INFO - Filling up the DagBag from /home/airflow/.local/lib/python3.8/site-packages/airflow/example_dags/example_branch_operator.py
[2023-11-29T21:00:18.814+0000] {processor.py:839} INFO - DAG(s) dict_keys(['example_branch_operator']) retrieved from /home/airflow/.local/lib/python3.8/site-packages/airflow/example_dags/example_branch_operator.py
[2023-11-29T21:00:18.830+0000] {logging_mixin.py:154} INFO - [2023-11-29T21:00:18.830+0000] {dag.py:2941} INFO - Sync 1 DAGs
[2023-11-29T21:00:18.843+0000] {logging_mixin.py:154} INFO - [2023-11-29T21:00:18.843+0000] {dag.py:3722} INFO - Setting next_dagrun for example_branch_operator to 2023-11-28T00:00:00+00:00, run_after=2023-11-29T00:00:00+00:00
[2023-11-29T21:00:18.853+0000] {processor.py:179} INFO - Processing /home/airflow/.local/lib/python3.8/site-packages/airflow/example_dags/example_branch_operator.py took 0.054 seconds
[2023-11-29T21:00:49.794+0000] {processor.py:157} INFO - Started process (PID=1042) to work on /home/airflow/.local/lib/python3.8/site-packages/airflow/example_dags/example_branch_operator.py
[2023-11-29T21:00:49.795+0000] {processor.py:829} INFO - Processing file /home/airflow/.local/lib/python3.8/site-packages/airflow/example_dags/example_branch_operator.py for tasks to queue
[2023-11-29T21:00:49.798+0000] {logging_mixin.py:154} INFO - [2023-11-29T21:00:49.798+0000] {dagbag.py:536} INFO - Filling up the DagBag from /home/airflow/.local/lib/python3.8/site-packages/airflow/example_dags/example_branch_operator.py
[2023-11-29T21:00:49.806+0000] {processor.py:839} INFO - DAG(s) dict_keys(['example_branch_operator']) retrieved from /home/airflow/.local/lib/python3.8/site-packages/airflow/example_dags/example_branch_operator.py
[2023-11-29T21:00:49.822+0000] {logging_mixin.py:154} INFO - [2023-11-29T21:00:49.822+0000] {dag.py:2941} INFO - Sync 1 DAGs
[2023-11-29T21:00:49.835+0000] {logging_mixin.py:154} INFO - [2023-11-29T21:00:49.835+0000] {dag.py:3722} INFO - Setting next_dagrun for example_branch_operator to 2023-11-28T00:00:00+00:00, run_after=2023-11-29T00:00:00+00:00
[2023-11-29T21:00:49.846+0000] {processor.py:179} INFO - Processing /home/airflow/.local/lib/python3.8/site-packages/airflow/example_dags/example_branch_operator.py took 0.056 seconds
[2023-11-29T21:01:20.754+0000] {processor.py:157} INFO - Started process (PID=1096) to work on /home/airflow/.local/lib/python3.8/site-packages/airflow/example_dags/example_branch_operator.py
[2023-11-29T21:01:20.755+0000] {processor.py:829} INFO - Processing file /home/airflow/.local/lib/python3.8/site-packages/airflow/example_dags/example_branch_operator.py for tasks to queue
[2023-11-29T21:01:20.757+0000] {logging_mixin.py:154} INFO - [2023-11-29T21:01:20.757+0000] {dagbag.py:536} INFO - Filling up the DagBag from /home/airflow/.local/lib/python3.8/site-packages/airflow/example_dags/example_branch_operator.py
[2023-11-29T21:01:20.763+0000] {processor.py:839} INFO - DAG(s) dict_keys(['example_branch_operator']) retrieved from /home/airflow/.local/lib/python3.8/site-packages/airflow/example_dags/example_branch_operator.py
[2023-11-29T21:01:20.778+0000] {logging_mixin.py:154} INFO - [2023-11-29T21:01:20.778+0000] {dag.py:2941} INFO - Sync 1 DAGs
[2023-11-29T21:01:20.791+0000] {logging_mixin.py:154} INFO - [2023-11-29T21:01:20.790+0000] {dag.py:3722} INFO - Setting next_dagrun for example_branch_operator to 2023-11-28T00:00:00+00:00, run_after=2023-11-29T00:00:00+00:00
[2023-11-29T21:01:20.801+0000] {processor.py:179} INFO - Processing /home/airflow/.local/lib/python3.8/site-packages/airflow/example_dags/example_branch_operator.py took 0.050 seconds
[2023-11-29T21:41:08.796+0000] {processor.py:157} INFO - Started process (PID=60) to work on /home/airflow/.local/lib/python3.8/site-packages/airflow/example_dags/example_branch_operator.py
[2023-11-29T21:41:08.798+0000] {processor.py:829} INFO - Processing file /home/airflow/.local/lib/python3.8/site-packages/airflow/example_dags/example_branch_operator.py for tasks to queue
[2023-11-29T21:41:08.800+0000] {logging_mixin.py:154} INFO - [2023-11-29T21:41:08.800+0000] {dagbag.py:536} INFO - Filling up the DagBag from /home/airflow/.local/lib/python3.8/site-packages/airflow/example_dags/example_branch_operator.py
[2023-11-29T21:41:08.807+0000] {processor.py:839} INFO - DAG(s) dict_keys(['example_branch_operator']) retrieved from /home/airflow/.local/lib/python3.8/site-packages/airflow/example_dags/example_branch_operator.py
[2023-11-29T21:41:08.903+0000] {logging_mixin.py:154} INFO - [2023-11-29T21:41:08.903+0000] {manager.py:499} INFO - Created Permission View: %s
[2023-11-29T21:41:08.909+0000] {logging_mixin.py:154} INFO - [2023-11-29T21:41:08.909+0000] {manager.py:499} INFO - Created Permission View: %s
[2023-11-29T21:41:08.913+0000] {logging_mixin.py:154} INFO - [2023-11-29T21:41:08.913+0000] {manager.py:499} INFO - Created Permission View: %s
[2023-11-29T21:41:08.913+0000] {logging_mixin.py:154} INFO - [2023-11-29T21:41:08.913+0000] {dag.py:2941} INFO - Sync 1 DAGs
[2023-11-29T21:41:08.921+0000] {logging_mixin.py:154} INFO - [2023-11-29T21:41:08.921+0000] {dag.py:2963} INFO - Creating ORM DAG for example_branch_operator
[2023-11-29T21:41:08.929+0000] {logging_mixin.py:154} INFO - [2023-11-29T21:41:08.929+0000] {dag.py:3722} INFO - Setting next_dagrun for example_branch_operator to 2023-11-28T00:00:00+00:00, run_after=2023-11-29T00:00:00+00:00
[2023-11-29T21:41:08.940+0000] {processor.py:179} INFO - Processing /home/airflow/.local/lib/python3.8/site-packages/airflow/example_dags/example_branch_operator.py took 0.149 seconds
[2023-11-29T21:41:39.391+0000] {processor.py:157} INFO - Started process (PID=114) to work on /home/airflow/.local/lib/python3.8/site-packages/airflow/example_dags/example_branch_operator.py
[2023-11-29T21:41:39.392+0000] {processor.py:829} INFO - Processing file /home/airflow/.local/lib/python3.8/site-packages/airflow/example_dags/example_branch_operator.py for tasks to queue
[2023-11-29T21:41:39.393+0000] {logging_mixin.py:154} INFO - [2023-11-29T21:41:39.393+0000] {dagbag.py:536} INFO - Filling up the DagBag from /home/airflow/.local/lib/python3.8/site-packages/airflow/example_dags/example_branch_operator.py
[2023-11-29T21:41:39.399+0000] {processor.py:839} INFO - DAG(s) dict_keys(['example_branch_operator']) retrieved from /home/airflow/.local/lib/python3.8/site-packages/airflow/example_dags/example_branch_operator.py
[2023-11-29T21:41:39.413+0000] {logging_mixin.py:154} INFO - [2023-11-29T21:41:39.413+0000] {dag.py:2941} INFO - Sync 1 DAGs
[2023-11-29T21:41:39.426+0000] {logging_mixin.py:154} INFO - [2023-11-29T21:41:39.426+0000] {dag.py:3722} INFO - Setting next_dagrun for example_branch_operator to 2023-11-28T00:00:00+00:00, run_after=2023-11-29T00:00:00+00:00
[2023-11-29T21:41:39.436+0000] {processor.py:179} INFO - Processing /home/airflow/.local/lib/python3.8/site-packages/airflow/example_dags/example_branch_operator.py took 0.047 seconds
[2023-11-29T21:42:10.053+0000] {processor.py:157} INFO - Started process (PID=168) to work on /home/airflow/.local/lib/python3.8/site-packages/airflow/example_dags/example_branch_operator.py
[2023-11-29T21:42:10.053+0000] {processor.py:829} INFO - Processing file /home/airflow/.local/lib/python3.8/site-packages/airflow/example_dags/example_branch_operator.py for tasks to queue
[2023-11-29T21:42:10.055+0000] {logging_mixin.py:154} INFO - [2023-11-29T21:42:10.055+0000] {dagbag.py:536} INFO - Filling up the DagBag from /home/airflow/.local/lib/python3.8/site-packages/airflow/example_dags/example_branch_operator.py
[2023-11-29T21:42:10.061+0000] {processor.py:839} INFO - DAG(s) dict_keys(['example_branch_operator']) retrieved from /home/airflow/.local/lib/python3.8/site-packages/airflow/example_dags/example_branch_operator.py
[2023-11-29T21:42:10.074+0000] {logging_mixin.py:154} INFO - [2023-11-29T21:42:10.074+0000] {dag.py:2941} INFO - Sync 1 DAGs
[2023-11-29T21:42:10.088+0000] {logging_mixin.py:154} INFO - [2023-11-29T21:42:10.088+0000] {dag.py:3722} INFO - Setting next_dagrun for example_branch_operator to 2023-11-28T00:00:00+00:00, run_after=2023-11-29T00:00:00+00:00
[2023-11-29T21:42:10.098+0000] {processor.py:179} INFO - Processing /home/airflow/.local/lib/python3.8/site-packages/airflow/example_dags/example_branch_operator.py took 0.048 seconds
[2023-11-29T21:42:40.785+0000] {processor.py:157} INFO - Started process (PID=222) to work on /home/airflow/.local/lib/python3.8/site-packages/airflow/example_dags/example_branch_operator.py
[2023-11-29T21:42:40.786+0000] {processor.py:829} INFO - Processing file /home/airflow/.local/lib/python3.8/site-packages/airflow/example_dags/example_branch_operator.py for tasks to queue
[2023-11-29T21:42:40.788+0000] {logging_mixin.py:154} INFO - [2023-11-29T21:42:40.788+0000] {dagbag.py:536} INFO - Filling up the DagBag from /home/airflow/.local/lib/python3.8/site-packages/airflow/example_dags/example_branch_operator.py
[2023-11-29T21:42:40.794+0000] {processor.py:839} INFO - DAG(s) dict_keys(['example_branch_operator']) retrieved from /home/airflow/.local/lib/python3.8/site-packages/airflow/example_dags/example_branch_operator.py
[2023-11-29T21:42:40.808+0000] {logging_mixin.py:154} INFO - [2023-11-29T21:42:40.808+0000] {dag.py:2941} INFO - Sync 1 DAGs
[2023-11-29T21:42:40.821+0000] {logging_mixin.py:154} INFO - [2023-11-29T21:42:40.821+0000] {dag.py:3722} INFO - Setting next_dagrun for example_branch_operator to 2023-11-28T00:00:00+00:00, run_after=2023-11-29T00:00:00+00:00
[2023-11-29T21:42:40.830+0000] {processor.py:179} INFO - Processing /home/airflow/.local/lib/python3.8/site-packages/airflow/example_dags/example_branch_operator.py took 0.047 seconds
[2023-11-29T21:43:10.966+0000] {processor.py:157} INFO - Started process (PID=276) to work on /home/airflow/.local/lib/python3.8/site-packages/airflow/example_dags/example_branch_operator.py
[2023-11-29T21:43:10.967+0000] {processor.py:829} INFO - Processing file /home/airflow/.local/lib/python3.8/site-packages/airflow/example_dags/example_branch_operator.py for tasks to queue
[2023-11-29T21:43:10.968+0000] {logging_mixin.py:154} INFO - [2023-11-29T21:43:10.968+0000] {dagbag.py:536} INFO - Filling up the DagBag from /home/airflow/.local/lib/python3.8/site-packages/airflow/example_dags/example_branch_operator.py
[2023-11-29T21:43:10.976+0000] {processor.py:839} INFO - DAG(s) dict_keys(['example_branch_operator']) retrieved from /home/airflow/.local/lib/python3.8/site-packages/airflow/example_dags/example_branch_operator.py
[2023-11-29T21:43:10.992+0000] {logging_mixin.py:154} INFO - [2023-11-29T21:43:10.992+0000] {dag.py:2941} INFO - Sync 1 DAGs
[2023-11-29T21:43:11.006+0000] {logging_mixin.py:154} INFO - [2023-11-29T21:43:11.006+0000] {dag.py:3722} INFO - Setting next_dagrun for example_branch_operator to 2023-11-28T00:00:00+00:00, run_after=2023-11-29T00:00:00+00:00
[2023-11-29T21:43:11.016+0000] {processor.py:179} INFO - Processing /home/airflow/.local/lib/python3.8/site-packages/airflow/example_dags/example_branch_operator.py took 0.053 seconds
[2023-11-29T21:43:41.094+0000] {processor.py:157} INFO - Started process (PID=330) to work on /home/airflow/.local/lib/python3.8/site-packages/airflow/example_dags/example_branch_operator.py
[2023-11-29T21:43:41.094+0000] {processor.py:829} INFO - Processing file /home/airflow/.local/lib/python3.8/site-packages/airflow/example_dags/example_branch_operator.py for tasks to queue
[2023-11-29T21:43:41.096+0000] {logging_mixin.py:154} INFO - [2023-11-29T21:43:41.096+0000] {dagbag.py:536} INFO - Filling up the DagBag from /home/airflow/.local/lib/python3.8/site-packages/airflow/example_dags/example_branch_operator.py
[2023-11-29T21:43:41.101+0000] {processor.py:839} INFO - DAG(s) dict_keys(['example_branch_operator']) retrieved from /home/airflow/.local/lib/python3.8/site-packages/airflow/example_dags/example_branch_operator.py
[2023-11-29T21:43:41.116+0000] {logging_mixin.py:154} INFO - [2023-11-29T21:43:41.116+0000] {dag.py:2941} INFO - Sync 1 DAGs
[2023-11-29T21:43:41.129+0000] {logging_mixin.py:154} INFO - [2023-11-29T21:43:41.129+0000] {dag.py:3722} INFO - Setting next_dagrun for example_branch_operator to 2023-11-28T00:00:00+00:00, run_after=2023-11-29T00:00:00+00:00
[2023-11-29T21:43:41.141+0000] {processor.py:179} INFO - Processing /home/airflow/.local/lib/python3.8/site-packages/airflow/example_dags/example_branch_operator.py took 0.049 seconds
[2023-11-29T21:44:11.333+0000] {processor.py:157} INFO - Started process (PID=384) to work on /home/airflow/.local/lib/python3.8/site-packages/airflow/example_dags/example_branch_operator.py
[2023-11-29T21:44:11.333+0000] {processor.py:829} INFO - Processing file /home/airflow/.local/lib/python3.8/site-packages/airflow/example_dags/example_branch_operator.py for tasks to queue
[2023-11-29T21:44:11.335+0000] {logging_mixin.py:154} INFO - [2023-11-29T21:44:11.335+0000] {dagbag.py:536} INFO - Filling up the DagBag from /home/airflow/.local/lib/python3.8/site-packages/airflow/example_dags/example_branch_operator.py
[2023-11-29T21:44:11.341+0000] {processor.py:839} INFO - DAG(s) dict_keys(['example_branch_operator']) retrieved from /home/airflow/.local/lib/python3.8/site-packages/airflow/example_dags/example_branch_operator.py
[2023-11-29T21:44:11.355+0000] {logging_mixin.py:154} INFO - [2023-11-29T21:44:11.355+0000] {dag.py:2941} INFO - Sync 1 DAGs
[2023-11-29T21:44:11.368+0000] {logging_mixin.py:154} INFO - [2023-11-29T21:44:11.368+0000] {dag.py:3722} INFO - Setting next_dagrun for example_branch_operator to 2023-11-28T00:00:00+00:00, run_after=2023-11-29T00:00:00+00:00
[2023-11-29T21:44:11.378+0000] {processor.py:179} INFO - Processing /home/airflow/.local/lib/python3.8/site-packages/airflow/example_dags/example_branch_operator.py took 0.047 seconds
[2023-11-29T21:44:41.585+0000] {processor.py:157} INFO - Started process (PID=438) to work on /home/airflow/.local/lib/python3.8/site-packages/airflow/example_dags/example_branch_operator.py
[2023-11-29T21:44:41.585+0000] {processor.py:829} INFO - Processing file /home/airflow/.local/lib/python3.8/site-packages/airflow/example_dags/example_branch_operator.py for tasks to queue
[2023-11-29T21:44:41.587+0000] {logging_mixin.py:154} INFO - [2023-11-29T21:44:41.587+0000] {dagbag.py:536} INFO - Filling up the DagBag from /home/airflow/.local/lib/python3.8/site-packages/airflow/example_dags/example_branch_operator.py
[2023-11-29T21:44:41.594+0000] {processor.py:839} INFO - DAG(s) dict_keys(['example_branch_operator']) retrieved from /home/airflow/.local/lib/python3.8/site-packages/airflow/example_dags/example_branch_operator.py
[2023-11-29T21:44:41.608+0000] {logging_mixin.py:154} INFO - [2023-11-29T21:44:41.608+0000] {dag.py:2941} INFO - Sync 1 DAGs
[2023-11-29T21:44:41.622+0000] {logging_mixin.py:154} INFO - [2023-11-29T21:44:41.622+0000] {dag.py:3722} INFO - Setting next_dagrun for example_branch_operator to 2023-11-28T00:00:00+00:00, run_after=2023-11-29T00:00:00+00:00
[2023-11-29T21:44:41.633+0000] {processor.py:179} INFO - Processing /home/airflow/.local/lib/python3.8/site-packages/airflow/example_dags/example_branch_operator.py took 0.051 seconds
[2023-11-29T21:45:11.767+0000] {processor.py:157} INFO - Started process (PID=492) to work on /home/airflow/.local/lib/python3.8/site-packages/airflow/example_dags/example_branch_operator.py
[2023-11-29T21:45:11.768+0000] {processor.py:829} INFO - Processing file /home/airflow/.local/lib/python3.8/site-packages/airflow/example_dags/example_branch_operator.py for tasks to queue
[2023-11-29T21:45:11.770+0000] {logging_mixin.py:154} INFO - [2023-11-29T21:45:11.769+0000] {dagbag.py:536} INFO - Filling up the DagBag from /home/airflow/.local/lib/python3.8/site-packages/airflow/example_dags/example_branch_operator.py
[2023-11-29T21:45:11.776+0000] {processor.py:839} INFO - DAG(s) dict_keys(['example_branch_operator']) retrieved from /home/airflow/.local/lib/python3.8/site-packages/airflow/example_dags/example_branch_operator.py
[2023-11-29T21:45:11.789+0000] {logging_mixin.py:154} INFO - [2023-11-29T21:45:11.789+0000] {dag.py:2941} INFO - Sync 1 DAGs
[2023-11-29T21:45:11.802+0000] {logging_mixin.py:154} INFO - [2023-11-29T21:45:11.802+0000] {dag.py:3722} INFO - Setting next_dagrun for example_branch_operator to 2023-11-28T00:00:00+00:00, run_after=2023-11-29T00:00:00+00:00
[2023-11-29T21:45:11.812+0000] {processor.py:179} INFO - Processing /home/airflow/.local/lib/python3.8/site-packages/airflow/example_dags/example_branch_operator.py took 0.047 seconds
[2023-11-29T21:45:41.892+0000] {processor.py:157} INFO - Started process (PID=546) to work on /home/airflow/.local/lib/python3.8/site-packages/airflow/example_dags/example_branch_operator.py
[2023-11-29T21:45:41.893+0000] {processor.py:829} INFO - Processing file /home/airflow/.local/lib/python3.8/site-packages/airflow/example_dags/example_branch_operator.py for tasks to queue
[2023-11-29T21:45:41.894+0000] {logging_mixin.py:154} INFO - [2023-11-29T21:45:41.894+0000] {dagbag.py:536} INFO - Filling up the DagBag from /home/airflow/.local/lib/python3.8/site-packages/airflow/example_dags/example_branch_operator.py
[2023-11-29T21:45:41.900+0000] {processor.py:839} INFO - DAG(s) dict_keys(['example_branch_operator']) retrieved from /home/airflow/.local/lib/python3.8/site-packages/airflow/example_dags/example_branch_operator.py
[2023-11-29T21:45:41.913+0000] {logging_mixin.py:154} INFO - [2023-11-29T21:45:41.913+0000] {dag.py:2941} INFO - Sync 1 DAGs
[2023-11-29T21:45:41.926+0000] {logging_mixin.py:154} INFO - [2023-11-29T21:45:41.926+0000] {dag.py:3722} INFO - Setting next_dagrun for example_branch_operator to 2023-11-28T00:00:00+00:00, run_after=2023-11-29T00:00:00+00:00
[2023-11-29T21:45:41.936+0000] {processor.py:179} INFO - Processing /home/airflow/.local/lib/python3.8/site-packages/airflow/example_dags/example_branch_operator.py took 0.046 seconds
[2023-11-29T21:46:13.041+0000] {processor.py:157} INFO - Started process (PID=600) to work on /home/airflow/.local/lib/python3.8/site-packages/airflow/example_dags/example_branch_operator.py
[2023-11-29T21:46:13.041+0000] {processor.py:829} INFO - Processing file /home/airflow/.local/lib/python3.8/site-packages/airflow/example_dags/example_branch_operator.py for tasks to queue
[2023-11-29T21:46:13.043+0000] {logging_mixin.py:154} INFO - [2023-11-29T21:46:13.043+0000] {dagbag.py:536} INFO - Filling up the DagBag from /home/airflow/.local/lib/python3.8/site-packages/airflow/example_dags/example_branch_operator.py
[2023-11-29T21:46:13.049+0000] {processor.py:839} INFO - DAG(s) dict_keys(['example_branch_operator']) retrieved from /home/airflow/.local/lib/python3.8/site-packages/airflow/example_dags/example_branch_operator.py
[2023-11-29T21:46:13.064+0000] {logging_mixin.py:154} INFO - [2023-11-29T21:46:13.064+0000] {dag.py:2941} INFO - Sync 1 DAGs
[2023-11-29T21:46:13.077+0000] {logging_mixin.py:154} INFO - [2023-11-29T21:46:13.077+0000] {dag.py:3722} INFO - Setting next_dagrun for example_branch_operator to 2023-11-28T00:00:00+00:00, run_after=2023-11-29T00:00:00+00:00
[2023-11-29T21:46:13.087+0000] {processor.py:179} INFO - Processing /home/airflow/.local/lib/python3.8/site-packages/airflow/example_dags/example_branch_operator.py took 0.049 seconds
[2023-11-29T21:46:44.117+0000] {processor.py:157} INFO - Started process (PID=654) to work on /home/airflow/.local/lib/python3.8/site-packages/airflow/example_dags/example_branch_operator.py
[2023-11-29T21:46:44.117+0000] {processor.py:829} INFO - Processing file /home/airflow/.local/lib/python3.8/site-packages/airflow/example_dags/example_branch_operator.py for tasks to queue
[2023-11-29T21:46:44.119+0000] {logging_mixin.py:154} INFO - [2023-11-29T21:46:44.119+0000] {dagbag.py:536} INFO - Filling up the DagBag from /home/airflow/.local/lib/python3.8/site-packages/airflow/example_dags/example_branch_operator.py
[2023-11-29T21:46:44.125+0000] {processor.py:839} INFO - DAG(s) dict_keys(['example_branch_operator']) retrieved from /home/airflow/.local/lib/python3.8/site-packages/airflow/example_dags/example_branch_operator.py
[2023-11-29T21:46:44.139+0000] {logging_mixin.py:154} INFO - [2023-11-29T21:46:44.139+0000] {dag.py:2941} INFO - Sync 1 DAGs
[2023-11-29T21:46:44.152+0000] {logging_mixin.py:154} INFO - [2023-11-29T21:46:44.152+0000] {dag.py:3722} INFO - Setting next_dagrun for example_branch_operator to 2023-11-28T00:00:00+00:00, run_after=2023-11-29T00:00:00+00:00
[2023-11-29T21:46:44.161+0000] {processor.py:179} INFO - Processing /home/airflow/.local/lib/python3.8/site-packages/airflow/example_dags/example_branch_operator.py took 0.047 seconds
[2023-11-29T21:47:14.189+0000] {processor.py:157} INFO - Started process (PID=708) to work on /home/airflow/.local/lib/python3.8/site-packages/airflow/example_dags/example_branch_operator.py
[2023-11-29T21:47:14.190+0000] {processor.py:829} INFO - Processing file /home/airflow/.local/lib/python3.8/site-packages/airflow/example_dags/example_branch_operator.py for tasks to queue
[2023-11-29T21:47:14.191+0000] {logging_mixin.py:154} INFO - [2023-11-29T21:47:14.191+0000] {dagbag.py:536} INFO - Filling up the DagBag from /home/airflow/.local/lib/python3.8/site-packages/airflow/example_dags/example_branch_operator.py
[2023-11-29T21:47:14.197+0000] {processor.py:839} INFO - DAG(s) dict_keys(['example_branch_operator']) retrieved from /home/airflow/.local/lib/python3.8/site-packages/airflow/example_dags/example_branch_operator.py
[2023-11-29T21:47:14.211+0000] {logging_mixin.py:154} INFO - [2023-11-29T21:47:14.211+0000] {dag.py:2941} INFO - Sync 1 DAGs
[2023-11-29T21:47:14.224+0000] {logging_mixin.py:154} INFO - [2023-11-29T21:47:14.224+0000] {dag.py:3722} INFO - Setting next_dagrun for example_branch_operator to 2023-11-28T00:00:00+00:00, run_after=2023-11-29T00:00:00+00:00
[2023-11-29T21:47:14.233+0000] {processor.py:179} INFO - Processing /home/airflow/.local/lib/python3.8/site-packages/airflow/example_dags/example_branch_operator.py took 0.046 seconds
[2023-11-29T21:47:44.396+0000] {processor.py:157} INFO - Started process (PID=762) to work on /home/airflow/.local/lib/python3.8/site-packages/airflow/example_dags/example_branch_operator.py
[2023-11-29T21:47:44.396+0000] {processor.py:829} INFO - Processing file /home/airflow/.local/lib/python3.8/site-packages/airflow/example_dags/example_branch_operator.py for tasks to queue
[2023-11-29T21:47:44.398+0000] {logging_mixin.py:154} INFO - [2023-11-29T21:47:44.398+0000] {dagbag.py:536} INFO - Filling up the DagBag from /home/airflow/.local/lib/python3.8/site-packages/airflow/example_dags/example_branch_operator.py
[2023-11-29T21:47:44.403+0000] {processor.py:839} INFO - DAG(s) dict_keys(['example_branch_operator']) retrieved from /home/airflow/.local/lib/python3.8/site-packages/airflow/example_dags/example_branch_operator.py
[2023-11-29T21:47:44.416+0000] {logging_mixin.py:154} INFO - [2023-11-29T21:47:44.416+0000] {dag.py:2941} INFO - Sync 1 DAGs
[2023-11-29T21:47:44.429+0000] {logging_mixin.py:154} INFO - [2023-11-29T21:47:44.429+0000] {dag.py:3722} INFO - Setting next_dagrun for example_branch_operator to 2023-11-28T00:00:00+00:00, run_after=2023-11-29T00:00:00+00:00
[2023-11-29T21:47:44.439+0000] {processor.py:179} INFO - Processing /home/airflow/.local/lib/python3.8/site-packages/airflow/example_dags/example_branch_operator.py took 0.046 seconds
