[2023-11-29T20:51:38.051+0000] {processor.py:157} INFO - Started process (PID=39) to work on /home/airflow/.local/lib/python3.8/site-packages/airflow/example_dags/example_subdag_operator.py
[2023-11-29T20:51:38.052+0000] {processor.py:829} INFO - Processing file /home/airflow/.local/lib/python3.8/site-packages/airflow/example_dags/example_subdag_operator.py for tasks to queue
[2023-11-29T20:51:38.054+0000] {logging_mixin.py:154} INFO - [2023-11-29T20:51:38.054+0000] {dagbag.py:536} INFO - Filling up the DagBag from /home/airflow/.local/lib/python3.8/site-packages/airflow/example_dags/example_subdag_operator.py
[2023-11-29T20:51:38.074+0000] {processor.py:839} INFO - DAG(s) dict_keys(['example_subdag_operator.section-1', 'example_subdag_operator.section-2', 'example_subdag_operator']) retrieved from /home/airflow/.local/lib/python3.8/site-packages/airflow/example_dags/example_subdag_operator.py
[2023-11-29T20:51:38.151+0000] {logging_mixin.py:154} INFO - [2023-11-29T20:51:38.150+0000] {dag.py:2941} INFO - Sync 3 DAGs
[2023-11-29T20:51:38.166+0000] {logging_mixin.py:154} INFO - [2023-11-29T20:51:38.166+0000] {dag.py:3722} INFO - Setting next_dagrun for example_subdag_operator to 2022-01-01T00:00:00+00:00, run_after=2022-01-01T00:00:00+00:00
[2023-11-29T20:51:38.169+0000] {logging_mixin.py:154} INFO - [2023-11-29T20:51:38.169+0000] {dag.py:3722} INFO - Setting next_dagrun for example_subdag_operator.section-1 to None, run_after=None
[2023-11-29T20:51:38.170+0000] {logging_mixin.py:154} INFO - [2023-11-29T20:51:38.170+0000] {dag.py:3722} INFO - Setting next_dagrun for example_subdag_operator.section-2 to None, run_after=None
[2023-11-29T20:51:38.177+0000] {logging_mixin.py:154} INFO - [2023-11-29T20:51:38.177+0000] {dag.py:2941} INFO - Sync 2 DAGs
[2023-11-29T20:51:38.180+0000] {logging_mixin.py:154} INFO - [2023-11-29T20:51:38.180+0000] {dag.py:3722} INFO - Setting next_dagrun for example_subdag_operator.section-1 to None, run_after=None
[2023-11-29T20:51:38.181+0000] {logging_mixin.py:154} INFO - [2023-11-29T20:51:38.181+0000] {dag.py:3722} INFO - Setting next_dagrun for example_subdag_operator.section-2 to None, run_after=None
[2023-11-29T20:51:38.188+0000] {processor.py:179} INFO - Processing /home/airflow/.local/lib/python3.8/site-packages/airflow/example_dags/example_subdag_operator.py took 0.140 seconds
[2023-11-29T20:52:08.237+0000] {processor.py:157} INFO - Started process (PID=93) to work on /home/airflow/.local/lib/python3.8/site-packages/airflow/example_dags/example_subdag_operator.py
[2023-11-29T20:52:08.238+0000] {processor.py:829} INFO - Processing file /home/airflow/.local/lib/python3.8/site-packages/airflow/example_dags/example_subdag_operator.py for tasks to queue
[2023-11-29T20:52:08.240+0000] {logging_mixin.py:154} INFO - [2023-11-29T20:52:08.240+0000] {dagbag.py:536} INFO - Filling up the DagBag from /home/airflow/.local/lib/python3.8/site-packages/airflow/example_dags/example_subdag_operator.py
[2023-11-29T20:52:08.255+0000] {processor.py:839} INFO - DAG(s) dict_keys(['example_subdag_operator.section-1', 'example_subdag_operator.section-2', 'example_subdag_operator']) retrieved from /home/airflow/.local/lib/python3.8/site-packages/airflow/example_dags/example_subdag_operator.py
[2023-11-29T20:52:08.258+0000] {logging_mixin.py:154} INFO - [2023-11-29T20:52:08.258+0000] {dag.py:2941} INFO - Sync 3 DAGs
[2023-11-29T20:52:08.271+0000] {logging_mixin.py:154} INFO - [2023-11-29T20:52:08.270+0000] {dag.py:3722} INFO - Setting next_dagrun for example_subdag_operator to 2022-01-01T00:00:00+00:00, run_after=2022-01-01T00:00:00+00:00
[2023-11-29T20:52:08.273+0000] {logging_mixin.py:154} INFO - [2023-11-29T20:52:08.272+0000] {dag.py:3722} INFO - Setting next_dagrun for example_subdag_operator.section-1 to None, run_after=None
[2023-11-29T20:52:08.274+0000] {logging_mixin.py:154} INFO - [2023-11-29T20:52:08.273+0000] {dag.py:3722} INFO - Setting next_dagrun for example_subdag_operator.section-2 to None, run_after=None
[2023-11-29T20:52:08.278+0000] {logging_mixin.py:154} INFO - [2023-11-29T20:52:08.278+0000] {dag.py:2941} INFO - Sync 2 DAGs
[2023-11-29T20:52:08.281+0000] {logging_mixin.py:154} INFO - [2023-11-29T20:52:08.281+0000] {dag.py:3722} INFO - Setting next_dagrun for example_subdag_operator.section-1 to None, run_after=None
[2023-11-29T20:52:08.281+0000] {logging_mixin.py:154} INFO - [2023-11-29T20:52:08.281+0000] {dag.py:3722} INFO - Setting next_dagrun for example_subdag_operator.section-2 to None, run_after=None
[2023-11-29T20:52:08.288+0000] {processor.py:179} INFO - Processing /home/airflow/.local/lib/python3.8/site-packages/airflow/example_dags/example_subdag_operator.py took 0.052 seconds
[2023-11-29T20:52:39.020+0000] {processor.py:157} INFO - Started process (PID=147) to work on /home/airflow/.local/lib/python3.8/site-packages/airflow/example_dags/example_subdag_operator.py
[2023-11-29T20:52:39.021+0000] {processor.py:829} INFO - Processing file /home/airflow/.local/lib/python3.8/site-packages/airflow/example_dags/example_subdag_operator.py for tasks to queue
[2023-11-29T20:52:39.022+0000] {logging_mixin.py:154} INFO - [2023-11-29T20:52:39.022+0000] {dagbag.py:536} INFO - Filling up the DagBag from /home/airflow/.local/lib/python3.8/site-packages/airflow/example_dags/example_subdag_operator.py
[2023-11-29T20:52:39.038+0000] {processor.py:839} INFO - DAG(s) dict_keys(['example_subdag_operator.section-1', 'example_subdag_operator.section-2', 'example_subdag_operator']) retrieved from /home/airflow/.local/lib/python3.8/site-packages/airflow/example_dags/example_subdag_operator.py
[2023-11-29T20:52:39.046+0000] {logging_mixin.py:154} INFO - [2023-11-29T20:52:39.046+0000] {dag.py:2941} INFO - Sync 3 DAGs
[2023-11-29T20:52:39.059+0000] {logging_mixin.py:154} INFO - [2023-11-29T20:52:39.059+0000] {dag.py:3722} INFO - Setting next_dagrun for example_subdag_operator to 2022-01-01T00:00:00+00:00, run_after=2022-01-01T00:00:00+00:00
[2023-11-29T20:52:39.062+0000] {logging_mixin.py:154} INFO - [2023-11-29T20:52:39.061+0000] {dag.py:3722} INFO - Setting next_dagrun for example_subdag_operator.section-1 to None, run_after=None
[2023-11-29T20:52:39.062+0000] {logging_mixin.py:154} INFO - [2023-11-29T20:52:39.062+0000] {dag.py:3722} INFO - Setting next_dagrun for example_subdag_operator.section-2 to None, run_after=None
[2023-11-29T20:52:39.067+0000] {logging_mixin.py:154} INFO - [2023-11-29T20:52:39.066+0000] {dag.py:2941} INFO - Sync 2 DAGs
[2023-11-29T20:52:39.070+0000] {logging_mixin.py:154} INFO - [2023-11-29T20:52:39.070+0000] {dag.py:3722} INFO - Setting next_dagrun for example_subdag_operator.section-1 to None, run_after=None
[2023-11-29T20:52:39.070+0000] {logging_mixin.py:154} INFO - [2023-11-29T20:52:39.070+0000] {dag.py:3722} INFO - Setting next_dagrun for example_subdag_operator.section-2 to None, run_after=None
[2023-11-29T20:52:39.076+0000] {processor.py:179} INFO - Processing /home/airflow/.local/lib/python3.8/site-packages/airflow/example_dags/example_subdag_operator.py took 0.058 seconds
[2023-11-29T20:53:09.164+0000] {processor.py:157} INFO - Started process (PID=201) to work on /home/airflow/.local/lib/python3.8/site-packages/airflow/example_dags/example_subdag_operator.py
[2023-11-29T20:53:09.165+0000] {processor.py:829} INFO - Processing file /home/airflow/.local/lib/python3.8/site-packages/airflow/example_dags/example_subdag_operator.py for tasks to queue
[2023-11-29T20:53:09.166+0000] {logging_mixin.py:154} INFO - [2023-11-29T20:53:09.166+0000] {dagbag.py:536} INFO - Filling up the DagBag from /home/airflow/.local/lib/python3.8/site-packages/airflow/example_dags/example_subdag_operator.py
[2023-11-29T20:53:09.182+0000] {processor.py:839} INFO - DAG(s) dict_keys(['example_subdag_operator.section-1', 'example_subdag_operator.section-2', 'example_subdag_operator']) retrieved from /home/airflow/.local/lib/python3.8/site-packages/airflow/example_dags/example_subdag_operator.py
[2023-11-29T20:53:09.190+0000] {logging_mixin.py:154} INFO - [2023-11-29T20:53:09.190+0000] {dag.py:2941} INFO - Sync 3 DAGs
[2023-11-29T20:53:09.202+0000] {logging_mixin.py:154} INFO - [2023-11-29T20:53:09.202+0000] {dag.py:3722} INFO - Setting next_dagrun for example_subdag_operator to 2022-01-01T00:00:00+00:00, run_after=2022-01-01T00:00:00+00:00
[2023-11-29T20:53:09.204+0000] {logging_mixin.py:154} INFO - [2023-11-29T20:53:09.204+0000] {dag.py:3722} INFO - Setting next_dagrun for example_subdag_operator.section-1 to None, run_after=None
[2023-11-29T20:53:09.205+0000] {logging_mixin.py:154} INFO - [2023-11-29T20:53:09.205+0000] {dag.py:3722} INFO - Setting next_dagrun for example_subdag_operator.section-2 to None, run_after=None
[2023-11-29T20:53:09.209+0000] {logging_mixin.py:154} INFO - [2023-11-29T20:53:09.209+0000] {dag.py:2941} INFO - Sync 2 DAGs
[2023-11-29T20:53:09.212+0000] {logging_mixin.py:154} INFO - [2023-11-29T20:53:09.212+0000] {dag.py:3722} INFO - Setting next_dagrun for example_subdag_operator.section-1 to None, run_after=None
[2023-11-29T20:53:09.213+0000] {logging_mixin.py:154} INFO - [2023-11-29T20:53:09.213+0000] {dag.py:3722} INFO - Setting next_dagrun for example_subdag_operator.section-2 to None, run_after=None
[2023-11-29T20:53:09.219+0000] {processor.py:179} INFO - Processing /home/airflow/.local/lib/python3.8/site-packages/airflow/example_dags/example_subdag_operator.py took 0.057 seconds
[2023-11-29T20:53:39.307+0000] {processor.py:157} INFO - Started process (PID=255) to work on /home/airflow/.local/lib/python3.8/site-packages/airflow/example_dags/example_subdag_operator.py
[2023-11-29T20:53:39.308+0000] {processor.py:829} INFO - Processing file /home/airflow/.local/lib/python3.8/site-packages/airflow/example_dags/example_subdag_operator.py for tasks to queue
[2023-11-29T20:53:39.309+0000] {logging_mixin.py:154} INFO - [2023-11-29T20:53:39.309+0000] {dagbag.py:536} INFO - Filling up the DagBag from /home/airflow/.local/lib/python3.8/site-packages/airflow/example_dags/example_subdag_operator.py
[2023-11-29T20:53:39.324+0000] {processor.py:839} INFO - DAG(s) dict_keys(['example_subdag_operator.section-1', 'example_subdag_operator.section-2', 'example_subdag_operator']) retrieved from /home/airflow/.local/lib/python3.8/site-packages/airflow/example_dags/example_subdag_operator.py
[2023-11-29T20:53:39.333+0000] {logging_mixin.py:154} INFO - [2023-11-29T20:53:39.332+0000] {dag.py:2941} INFO - Sync 3 DAGs
[2023-11-29T20:53:39.345+0000] {logging_mixin.py:154} INFO - [2023-11-29T20:53:39.345+0000] {dag.py:3722} INFO - Setting next_dagrun for example_subdag_operator to 2022-01-01T00:00:00+00:00, run_after=2022-01-01T00:00:00+00:00
[2023-11-29T20:53:39.347+0000] {logging_mixin.py:154} INFO - [2023-11-29T20:53:39.346+0000] {dag.py:3722} INFO - Setting next_dagrun for example_subdag_operator.section-1 to None, run_after=None
[2023-11-29T20:53:39.347+0000] {logging_mixin.py:154} INFO - [2023-11-29T20:53:39.347+0000] {dag.py:3722} INFO - Setting next_dagrun for example_subdag_operator.section-2 to None, run_after=None
[2023-11-29T20:53:39.351+0000] {logging_mixin.py:154} INFO - [2023-11-29T20:53:39.351+0000] {dag.py:2941} INFO - Sync 2 DAGs
[2023-11-29T20:53:39.354+0000] {logging_mixin.py:154} INFO - [2023-11-29T20:53:39.354+0000] {dag.py:3722} INFO - Setting next_dagrun for example_subdag_operator.section-1 to None, run_after=None
[2023-11-29T20:53:39.354+0000] {logging_mixin.py:154} INFO - [2023-11-29T20:53:39.354+0000] {dag.py:3722} INFO - Setting next_dagrun for example_subdag_operator.section-2 to None, run_after=None
[2023-11-29T20:53:39.359+0000] {processor.py:179} INFO - Processing /home/airflow/.local/lib/python3.8/site-packages/airflow/example_dags/example_subdag_operator.py took 0.055 seconds
[2023-11-29T20:54:09.411+0000] {processor.py:157} INFO - Started process (PID=309) to work on /home/airflow/.local/lib/python3.8/site-packages/airflow/example_dags/example_subdag_operator.py
[2023-11-29T20:54:09.411+0000] {processor.py:829} INFO - Processing file /home/airflow/.local/lib/python3.8/site-packages/airflow/example_dags/example_subdag_operator.py for tasks to queue
[2023-11-29T20:54:09.413+0000] {logging_mixin.py:154} INFO - [2023-11-29T20:54:09.413+0000] {dagbag.py:536} INFO - Filling up the DagBag from /home/airflow/.local/lib/python3.8/site-packages/airflow/example_dags/example_subdag_operator.py
[2023-11-29T20:54:09.429+0000] {processor.py:839} INFO - DAG(s) dict_keys(['example_subdag_operator.section-1', 'example_subdag_operator.section-2', 'example_subdag_operator']) retrieved from /home/airflow/.local/lib/python3.8/site-packages/airflow/example_dags/example_subdag_operator.py
[2023-11-29T20:54:09.437+0000] {logging_mixin.py:154} INFO - [2023-11-29T20:54:09.437+0000] {dag.py:2941} INFO - Sync 3 DAGs
[2023-11-29T20:54:09.449+0000] {logging_mixin.py:154} INFO - [2023-11-29T20:54:09.449+0000] {dag.py:3722} INFO - Setting next_dagrun for example_subdag_operator to 2022-01-01T00:00:00+00:00, run_after=2022-01-01T00:00:00+00:00
[2023-11-29T20:54:09.451+0000] {logging_mixin.py:154} INFO - [2023-11-29T20:54:09.451+0000] {dag.py:3722} INFO - Setting next_dagrun for example_subdag_operator.section-1 to None, run_after=None
[2023-11-29T20:54:09.452+0000] {logging_mixin.py:154} INFO - [2023-11-29T20:54:09.452+0000] {dag.py:3722} INFO - Setting next_dagrun for example_subdag_operator.section-2 to None, run_after=None
[2023-11-29T20:54:09.455+0000] {logging_mixin.py:154} INFO - [2023-11-29T20:54:09.455+0000] {dag.py:2941} INFO - Sync 2 DAGs
[2023-11-29T20:54:09.458+0000] {logging_mixin.py:154} INFO - [2023-11-29T20:54:09.458+0000] {dag.py:3722} INFO - Setting next_dagrun for example_subdag_operator.section-1 to None, run_after=None
[2023-11-29T20:54:09.459+0000] {logging_mixin.py:154} INFO - [2023-11-29T20:54:09.458+0000] {dag.py:3722} INFO - Setting next_dagrun for example_subdag_operator.section-2 to None, run_after=None
[2023-11-29T20:54:09.464+0000] {processor.py:179} INFO - Processing /home/airflow/.local/lib/python3.8/site-packages/airflow/example_dags/example_subdag_operator.py took 0.056 seconds
[2023-11-29T20:54:39.503+0000] {processor.py:157} INFO - Started process (PID=363) to work on /home/airflow/.local/lib/python3.8/site-packages/airflow/example_dags/example_subdag_operator.py
[2023-11-29T20:54:39.504+0000] {processor.py:829} INFO - Processing file /home/airflow/.local/lib/python3.8/site-packages/airflow/example_dags/example_subdag_operator.py for tasks to queue
[2023-11-29T20:54:39.505+0000] {logging_mixin.py:154} INFO - [2023-11-29T20:54:39.505+0000] {dagbag.py:536} INFO - Filling up the DagBag from /home/airflow/.local/lib/python3.8/site-packages/airflow/example_dags/example_subdag_operator.py
[2023-11-29T20:54:39.521+0000] {processor.py:839} INFO - DAG(s) dict_keys(['example_subdag_operator.section-1', 'example_subdag_operator.section-2', 'example_subdag_operator']) retrieved from /home/airflow/.local/lib/python3.8/site-packages/airflow/example_dags/example_subdag_operator.py
[2023-11-29T20:54:39.529+0000] {logging_mixin.py:154} INFO - [2023-11-29T20:54:39.529+0000] {dag.py:2941} INFO - Sync 3 DAGs
[2023-11-29T20:54:39.541+0000] {logging_mixin.py:154} INFO - [2023-11-29T20:54:39.541+0000] {dag.py:3722} INFO - Setting next_dagrun for example_subdag_operator to 2022-01-01T00:00:00+00:00, run_after=2022-01-01T00:00:00+00:00
[2023-11-29T20:54:39.543+0000] {logging_mixin.py:154} INFO - [2023-11-29T20:54:39.542+0000] {dag.py:3722} INFO - Setting next_dagrun for example_subdag_operator.section-1 to None, run_after=None
[2023-11-29T20:54:39.543+0000] {logging_mixin.py:154} INFO - [2023-11-29T20:54:39.543+0000] {dag.py:3722} INFO - Setting next_dagrun for example_subdag_operator.section-2 to None, run_after=None
[2023-11-29T20:54:39.547+0000] {logging_mixin.py:154} INFO - [2023-11-29T20:54:39.547+0000] {dag.py:2941} INFO - Sync 2 DAGs
[2023-11-29T20:54:39.550+0000] {logging_mixin.py:154} INFO - [2023-11-29T20:54:39.550+0000] {dag.py:3722} INFO - Setting next_dagrun for example_subdag_operator.section-1 to None, run_after=None
[2023-11-29T20:54:39.550+0000] {logging_mixin.py:154} INFO - [2023-11-29T20:54:39.550+0000] {dag.py:3722} INFO - Setting next_dagrun for example_subdag_operator.section-2 to None, run_after=None
[2023-11-29T20:54:39.556+0000] {processor.py:179} INFO - Processing /home/airflow/.local/lib/python3.8/site-packages/airflow/example_dags/example_subdag_operator.py took 0.056 seconds
[2023-11-29T20:55:09.621+0000] {processor.py:157} INFO - Started process (PID=417) to work on /home/airflow/.local/lib/python3.8/site-packages/airflow/example_dags/example_subdag_operator.py
[2023-11-29T20:55:09.622+0000] {processor.py:829} INFO - Processing file /home/airflow/.local/lib/python3.8/site-packages/airflow/example_dags/example_subdag_operator.py for tasks to queue
[2023-11-29T20:55:09.623+0000] {logging_mixin.py:154} INFO - [2023-11-29T20:55:09.623+0000] {dagbag.py:536} INFO - Filling up the DagBag from /home/airflow/.local/lib/python3.8/site-packages/airflow/example_dags/example_subdag_operator.py
[2023-11-29T20:55:09.639+0000] {processor.py:839} INFO - DAG(s) dict_keys(['example_subdag_operator.section-1', 'example_subdag_operator.section-2', 'example_subdag_operator']) retrieved from /home/airflow/.local/lib/python3.8/site-packages/airflow/example_dags/example_subdag_operator.py
[2023-11-29T20:55:09.647+0000] {logging_mixin.py:154} INFO - [2023-11-29T20:55:09.647+0000] {dag.py:2941} INFO - Sync 3 DAGs
[2023-11-29T20:55:09.659+0000] {logging_mixin.py:154} INFO - [2023-11-29T20:55:09.659+0000] {dag.py:3722} INFO - Setting next_dagrun for example_subdag_operator to 2022-01-01T00:00:00+00:00, run_after=2022-01-01T00:00:00+00:00
[2023-11-29T20:55:09.661+0000] {logging_mixin.py:154} INFO - [2023-11-29T20:55:09.660+0000] {dag.py:3722} INFO - Setting next_dagrun for example_subdag_operator.section-1 to None, run_after=None
[2023-11-29T20:55:09.662+0000] {logging_mixin.py:154} INFO - [2023-11-29T20:55:09.661+0000] {dag.py:3722} INFO - Setting next_dagrun for example_subdag_operator.section-2 to None, run_after=None
[2023-11-29T20:55:09.666+0000] {logging_mixin.py:154} INFO - [2023-11-29T20:55:09.665+0000] {dag.py:2941} INFO - Sync 2 DAGs
[2023-11-29T20:55:09.668+0000] {logging_mixin.py:154} INFO - [2023-11-29T20:55:09.668+0000] {dag.py:3722} INFO - Setting next_dagrun for example_subdag_operator.section-1 to None, run_after=None
[2023-11-29T20:55:09.669+0000] {logging_mixin.py:154} INFO - [2023-11-29T20:55:09.669+0000] {dag.py:3722} INFO - Setting next_dagrun for example_subdag_operator.section-2 to None, run_after=None
[2023-11-29T20:55:09.675+0000] {processor.py:179} INFO - Processing /home/airflow/.local/lib/python3.8/site-packages/airflow/example_dags/example_subdag_operator.py took 0.056 seconds
[2023-11-29T20:55:39.713+0000] {processor.py:157} INFO - Started process (PID=471) to work on /home/airflow/.local/lib/python3.8/site-packages/airflow/example_dags/example_subdag_operator.py
[2023-11-29T20:55:39.714+0000] {processor.py:829} INFO - Processing file /home/airflow/.local/lib/python3.8/site-packages/airflow/example_dags/example_subdag_operator.py for tasks to queue
[2023-11-29T20:55:39.716+0000] {logging_mixin.py:154} INFO - [2023-11-29T20:55:39.715+0000] {dagbag.py:536} INFO - Filling up the DagBag from /home/airflow/.local/lib/python3.8/site-packages/airflow/example_dags/example_subdag_operator.py
[2023-11-29T20:55:39.730+0000] {processor.py:839} INFO - DAG(s) dict_keys(['example_subdag_operator.section-1', 'example_subdag_operator.section-2', 'example_subdag_operator']) retrieved from /home/airflow/.local/lib/python3.8/site-packages/airflow/example_dags/example_subdag_operator.py
[2023-11-29T20:55:39.739+0000] {logging_mixin.py:154} INFO - [2023-11-29T20:55:39.739+0000] {dag.py:2941} INFO - Sync 3 DAGs
[2023-11-29T20:55:39.750+0000] {logging_mixin.py:154} INFO - [2023-11-29T20:55:39.750+0000] {dag.py:3722} INFO - Setting next_dagrun for example_subdag_operator to 2022-01-01T00:00:00+00:00, run_after=2022-01-01T00:00:00+00:00
[2023-11-29T20:55:39.752+0000] {logging_mixin.py:154} INFO - [2023-11-29T20:55:39.752+0000] {dag.py:3722} INFO - Setting next_dagrun for example_subdag_operator.section-1 to None, run_after=None
[2023-11-29T20:55:39.753+0000] {logging_mixin.py:154} INFO - [2023-11-29T20:55:39.753+0000] {dag.py:3722} INFO - Setting next_dagrun for example_subdag_operator.section-2 to None, run_after=None
[2023-11-29T20:55:39.756+0000] {logging_mixin.py:154} INFO - [2023-11-29T20:55:39.756+0000] {dag.py:2941} INFO - Sync 2 DAGs
[2023-11-29T20:55:39.759+0000] {logging_mixin.py:154} INFO - [2023-11-29T20:55:39.759+0000] {dag.py:3722} INFO - Setting next_dagrun for example_subdag_operator.section-1 to None, run_after=None
[2023-11-29T20:55:39.759+0000] {logging_mixin.py:154} INFO - [2023-11-29T20:55:39.759+0000] {dag.py:3722} INFO - Setting next_dagrun for example_subdag_operator.section-2 to None, run_after=None
[2023-11-29T20:55:39.766+0000] {processor.py:179} INFO - Processing /home/airflow/.local/lib/python3.8/site-packages/airflow/example_dags/example_subdag_operator.py took 0.054 seconds
[2023-11-29T20:56:09.780+0000] {processor.py:157} INFO - Started process (PID=524) to work on /home/airflow/.local/lib/python3.8/site-packages/airflow/example_dags/example_subdag_operator.py
[2023-11-29T20:56:09.781+0000] {processor.py:829} INFO - Processing file /home/airflow/.local/lib/python3.8/site-packages/airflow/example_dags/example_subdag_operator.py for tasks to queue
[2023-11-29T20:56:09.782+0000] {logging_mixin.py:154} INFO - [2023-11-29T20:56:09.782+0000] {dagbag.py:536} INFO - Filling up the DagBag from /home/airflow/.local/lib/python3.8/site-packages/airflow/example_dags/example_subdag_operator.py
[2023-11-29T20:56:09.797+0000] {processor.py:839} INFO - DAG(s) dict_keys(['example_subdag_operator.section-1', 'example_subdag_operator.section-2', 'example_subdag_operator']) retrieved from /home/airflow/.local/lib/python3.8/site-packages/airflow/example_dags/example_subdag_operator.py
[2023-11-29T20:56:09.806+0000] {logging_mixin.py:154} INFO - [2023-11-29T20:56:09.806+0000] {dag.py:2941} INFO - Sync 3 DAGs
[2023-11-29T20:56:09.819+0000] {logging_mixin.py:154} INFO - [2023-11-29T20:56:09.818+0000] {dag.py:3722} INFO - Setting next_dagrun for example_subdag_operator to 2022-01-01T00:00:00+00:00, run_after=2022-01-01T00:00:00+00:00
[2023-11-29T20:56:09.820+0000] {logging_mixin.py:154} INFO - [2023-11-29T20:56:09.820+0000] {dag.py:3722} INFO - Setting next_dagrun for example_subdag_operator.section-1 to None, run_after=None
[2023-11-29T20:56:09.821+0000] {logging_mixin.py:154} INFO - [2023-11-29T20:56:09.821+0000] {dag.py:3722} INFO - Setting next_dagrun for example_subdag_operator.section-2 to None, run_after=None
[2023-11-29T20:56:09.825+0000] {logging_mixin.py:154} INFO - [2023-11-29T20:56:09.825+0000] {dag.py:2941} INFO - Sync 2 DAGs
[2023-11-29T20:56:09.828+0000] {logging_mixin.py:154} INFO - [2023-11-29T20:56:09.828+0000] {dag.py:3722} INFO - Setting next_dagrun for example_subdag_operator.section-1 to None, run_after=None
[2023-11-29T20:56:09.828+0000] {logging_mixin.py:154} INFO - [2023-11-29T20:56:09.828+0000] {dag.py:3722} INFO - Setting next_dagrun for example_subdag_operator.section-2 to None, run_after=None
[2023-11-29T20:56:09.834+0000] {processor.py:179} INFO - Processing /home/airflow/.local/lib/python3.8/site-packages/airflow/example_dags/example_subdag_operator.py took 0.055 seconds
[2023-11-29T20:56:40.802+0000] {processor.py:157} INFO - Started process (PID=579) to work on /home/airflow/.local/lib/python3.8/site-packages/airflow/example_dags/example_subdag_operator.py
[2023-11-29T20:56:40.802+0000] {processor.py:829} INFO - Processing file /home/airflow/.local/lib/python3.8/site-packages/airflow/example_dags/example_subdag_operator.py for tasks to queue
[2023-11-29T20:56:40.804+0000] {logging_mixin.py:154} INFO - [2023-11-29T20:56:40.804+0000] {dagbag.py:536} INFO - Filling up the DagBag from /home/airflow/.local/lib/python3.8/site-packages/airflow/example_dags/example_subdag_operator.py
[2023-11-29T20:56:40.819+0000] {processor.py:839} INFO - DAG(s) dict_keys(['example_subdag_operator.section-1', 'example_subdag_operator.section-2', 'example_subdag_operator']) retrieved from /home/airflow/.local/lib/python3.8/site-packages/airflow/example_dags/example_subdag_operator.py
[2023-11-29T20:56:40.828+0000] {logging_mixin.py:154} INFO - [2023-11-29T20:56:40.828+0000] {dag.py:2941} INFO - Sync 3 DAGs
[2023-11-29T20:56:40.840+0000] {logging_mixin.py:154} INFO - [2023-11-29T20:56:40.840+0000] {dag.py:3722} INFO - Setting next_dagrun for example_subdag_operator to 2022-01-01T00:00:00+00:00, run_after=2022-01-01T00:00:00+00:00
[2023-11-29T20:56:40.843+0000] {logging_mixin.py:154} INFO - [2023-11-29T20:56:40.842+0000] {dag.py:3722} INFO - Setting next_dagrun for example_subdag_operator.section-1 to None, run_after=None
[2023-11-29T20:56:40.843+0000] {logging_mixin.py:154} INFO - [2023-11-29T20:56:40.843+0000] {dag.py:3722} INFO - Setting next_dagrun for example_subdag_operator.section-2 to None, run_after=None
[2023-11-29T20:56:40.848+0000] {logging_mixin.py:154} INFO - [2023-11-29T20:56:40.848+0000] {dag.py:2941} INFO - Sync 2 DAGs
[2023-11-29T20:56:40.851+0000] {logging_mixin.py:154} INFO - [2023-11-29T20:56:40.851+0000] {dag.py:3722} INFO - Setting next_dagrun for example_subdag_operator.section-1 to None, run_after=None
[2023-11-29T20:56:40.851+0000] {logging_mixin.py:154} INFO - [2023-11-29T20:56:40.851+0000] {dag.py:3722} INFO - Setting next_dagrun for example_subdag_operator.section-2 to None, run_after=None
[2023-11-29T20:56:40.857+0000] {processor.py:179} INFO - Processing /home/airflow/.local/lib/python3.8/site-packages/airflow/example_dags/example_subdag_operator.py took 0.058 seconds
[2023-11-29T20:57:11.854+0000] {processor.py:157} INFO - Started process (PID=633) to work on /home/airflow/.local/lib/python3.8/site-packages/airflow/example_dags/example_subdag_operator.py
[2023-11-29T20:57:11.855+0000] {processor.py:829} INFO - Processing file /home/airflow/.local/lib/python3.8/site-packages/airflow/example_dags/example_subdag_operator.py for tasks to queue
[2023-11-29T20:57:11.856+0000] {logging_mixin.py:154} INFO - [2023-11-29T20:57:11.856+0000] {dagbag.py:536} INFO - Filling up the DagBag from /home/airflow/.local/lib/python3.8/site-packages/airflow/example_dags/example_subdag_operator.py
[2023-11-29T20:57:11.871+0000] {processor.py:839} INFO - DAG(s) dict_keys(['example_subdag_operator.section-1', 'example_subdag_operator.section-2', 'example_subdag_operator']) retrieved from /home/airflow/.local/lib/python3.8/site-packages/airflow/example_dags/example_subdag_operator.py
[2023-11-29T20:57:11.879+0000] {logging_mixin.py:154} INFO - [2023-11-29T20:57:11.879+0000] {dag.py:2941} INFO - Sync 3 DAGs
[2023-11-29T20:57:11.891+0000] {logging_mixin.py:154} INFO - [2023-11-29T20:57:11.891+0000] {dag.py:3722} INFO - Setting next_dagrun for example_subdag_operator to 2022-01-01T00:00:00+00:00, run_after=2022-01-01T00:00:00+00:00
[2023-11-29T20:57:11.893+0000] {logging_mixin.py:154} INFO - [2023-11-29T20:57:11.892+0000] {dag.py:3722} INFO - Setting next_dagrun for example_subdag_operator.section-1 to None, run_after=None
[2023-11-29T20:57:11.893+0000] {logging_mixin.py:154} INFO - [2023-11-29T20:57:11.893+0000] {dag.py:3722} INFO - Setting next_dagrun for example_subdag_operator.section-2 to None, run_after=None
[2023-11-29T20:57:11.897+0000] {logging_mixin.py:154} INFO - [2023-11-29T20:57:11.897+0000] {dag.py:2941} INFO - Sync 2 DAGs
[2023-11-29T20:57:11.900+0000] {logging_mixin.py:154} INFO - [2023-11-29T20:57:11.900+0000] {dag.py:3722} INFO - Setting next_dagrun for example_subdag_operator.section-1 to None, run_after=None
[2023-11-29T20:57:11.901+0000] {logging_mixin.py:154} INFO - [2023-11-29T20:57:11.901+0000] {dag.py:3722} INFO - Setting next_dagrun for example_subdag_operator.section-2 to None, run_after=None
[2023-11-29T20:57:11.907+0000] {processor.py:179} INFO - Processing /home/airflow/.local/lib/python3.8/site-packages/airflow/example_dags/example_subdag_operator.py took 0.055 seconds
[2023-11-29T20:57:42.025+0000] {processor.py:157} INFO - Started process (PID=687) to work on /home/airflow/.local/lib/python3.8/site-packages/airflow/example_dags/example_subdag_operator.py
[2023-11-29T20:57:42.026+0000] {processor.py:829} INFO - Processing file /home/airflow/.local/lib/python3.8/site-packages/airflow/example_dags/example_subdag_operator.py for tasks to queue
[2023-11-29T20:57:42.027+0000] {logging_mixin.py:154} INFO - [2023-11-29T20:57:42.027+0000] {dagbag.py:536} INFO - Filling up the DagBag from /home/airflow/.local/lib/python3.8/site-packages/airflow/example_dags/example_subdag_operator.py
[2023-11-29T20:57:42.042+0000] {processor.py:839} INFO - DAG(s) dict_keys(['example_subdag_operator.section-1', 'example_subdag_operator.section-2', 'example_subdag_operator']) retrieved from /home/airflow/.local/lib/python3.8/site-packages/airflow/example_dags/example_subdag_operator.py
[2023-11-29T20:57:42.051+0000] {logging_mixin.py:154} INFO - [2023-11-29T20:57:42.051+0000] {dag.py:2941} INFO - Sync 3 DAGs
[2023-11-29T20:57:42.063+0000] {logging_mixin.py:154} INFO - [2023-11-29T20:57:42.063+0000] {dag.py:3722} INFO - Setting next_dagrun for example_subdag_operator to 2022-01-01T00:00:00+00:00, run_after=2022-01-01T00:00:00+00:00
[2023-11-29T20:57:42.065+0000] {logging_mixin.py:154} INFO - [2023-11-29T20:57:42.065+0000] {dag.py:3722} INFO - Setting next_dagrun for example_subdag_operator.section-1 to None, run_after=None
[2023-11-29T20:57:42.066+0000] {logging_mixin.py:154} INFO - [2023-11-29T20:57:42.066+0000] {dag.py:3722} INFO - Setting next_dagrun for example_subdag_operator.section-2 to None, run_after=None
[2023-11-29T20:57:42.070+0000] {logging_mixin.py:154} INFO - [2023-11-29T20:57:42.070+0000] {dag.py:2941} INFO - Sync 2 DAGs
[2023-11-29T20:57:42.073+0000] {logging_mixin.py:154} INFO - [2023-11-29T20:57:42.073+0000] {dag.py:3722} INFO - Setting next_dagrun for example_subdag_operator.section-1 to None, run_after=None
[2023-11-29T20:57:42.073+0000] {logging_mixin.py:154} INFO - [2023-11-29T20:57:42.073+0000] {dag.py:3722} INFO - Setting next_dagrun for example_subdag_operator.section-2 to None, run_after=None
[2023-11-29T20:57:42.080+0000] {processor.py:179} INFO - Processing /home/airflow/.local/lib/python3.8/site-packages/airflow/example_dags/example_subdag_operator.py took 0.057 seconds
[2023-11-29T20:58:12.147+0000] {processor.py:157} INFO - Started process (PID=741) to work on /home/airflow/.local/lib/python3.8/site-packages/airflow/example_dags/example_subdag_operator.py
[2023-11-29T20:58:12.148+0000] {processor.py:829} INFO - Processing file /home/airflow/.local/lib/python3.8/site-packages/airflow/example_dags/example_subdag_operator.py for tasks to queue
[2023-11-29T20:58:12.150+0000] {logging_mixin.py:154} INFO - [2023-11-29T20:58:12.149+0000] {dagbag.py:536} INFO - Filling up the DagBag from /home/airflow/.local/lib/python3.8/site-packages/airflow/example_dags/example_subdag_operator.py
[2023-11-29T20:58:12.165+0000] {processor.py:839} INFO - DAG(s) dict_keys(['example_subdag_operator.section-1', 'example_subdag_operator.section-2', 'example_subdag_operator']) retrieved from /home/airflow/.local/lib/python3.8/site-packages/airflow/example_dags/example_subdag_operator.py
[2023-11-29T20:58:12.175+0000] {logging_mixin.py:154} INFO - [2023-11-29T20:58:12.174+0000] {dag.py:2941} INFO - Sync 3 DAGs
[2023-11-29T20:58:12.188+0000] {logging_mixin.py:154} INFO - [2023-11-29T20:58:12.188+0000] {dag.py:3722} INFO - Setting next_dagrun for example_subdag_operator to 2022-01-01T00:00:00+00:00, run_after=2022-01-01T00:00:00+00:00
[2023-11-29T20:58:12.190+0000] {logging_mixin.py:154} INFO - [2023-11-29T20:58:12.190+0000] {dag.py:3722} INFO - Setting next_dagrun for example_subdag_operator.section-1 to None, run_after=None
[2023-11-29T20:58:12.191+0000] {logging_mixin.py:154} INFO - [2023-11-29T20:58:12.191+0000] {dag.py:3722} INFO - Setting next_dagrun for example_subdag_operator.section-2 to None, run_after=None
[2023-11-29T20:58:12.195+0000] {logging_mixin.py:154} INFO - [2023-11-29T20:58:12.195+0000] {dag.py:2941} INFO - Sync 2 DAGs
[2023-11-29T20:58:12.199+0000] {logging_mixin.py:154} INFO - [2023-11-29T20:58:12.198+0000] {dag.py:3722} INFO - Setting next_dagrun for example_subdag_operator.section-1 to None, run_after=None
[2023-11-29T20:58:12.199+0000] {logging_mixin.py:154} INFO - [2023-11-29T20:58:12.199+0000] {dag.py:3722} INFO - Setting next_dagrun for example_subdag_operator.section-2 to None, run_after=None
[2023-11-29T20:58:12.205+0000] {processor.py:179} INFO - Processing /home/airflow/.local/lib/python3.8/site-packages/airflow/example_dags/example_subdag_operator.py took 0.061 seconds
[2023-11-29T20:58:42.281+0000] {processor.py:157} INFO - Started process (PID=795) to work on /home/airflow/.local/lib/python3.8/site-packages/airflow/example_dags/example_subdag_operator.py
[2023-11-29T20:58:42.282+0000] {processor.py:829} INFO - Processing file /home/airflow/.local/lib/python3.8/site-packages/airflow/example_dags/example_subdag_operator.py for tasks to queue
[2023-11-29T20:58:42.283+0000] {logging_mixin.py:154} INFO - [2023-11-29T20:58:42.283+0000] {dagbag.py:536} INFO - Filling up the DagBag from /home/airflow/.local/lib/python3.8/site-packages/airflow/example_dags/example_subdag_operator.py
[2023-11-29T20:58:42.298+0000] {processor.py:839} INFO - DAG(s) dict_keys(['example_subdag_operator.section-1', 'example_subdag_operator.section-2', 'example_subdag_operator']) retrieved from /home/airflow/.local/lib/python3.8/site-packages/airflow/example_dags/example_subdag_operator.py
[2023-11-29T20:58:42.307+0000] {logging_mixin.py:154} INFO - [2023-11-29T20:58:42.307+0000] {dag.py:2941} INFO - Sync 3 DAGs
[2023-11-29T20:58:42.319+0000] {logging_mixin.py:154} INFO - [2023-11-29T20:58:42.319+0000] {dag.py:3722} INFO - Setting next_dagrun for example_subdag_operator to 2022-01-01T00:00:00+00:00, run_after=2022-01-01T00:00:00+00:00
[2023-11-29T20:58:42.321+0000] {logging_mixin.py:154} INFO - [2023-11-29T20:58:42.321+0000] {dag.py:3722} INFO - Setting next_dagrun for example_subdag_operator.section-1 to None, run_after=None
[2023-11-29T20:58:42.322+0000] {logging_mixin.py:154} INFO - [2023-11-29T20:58:42.322+0000] {dag.py:3722} INFO - Setting next_dagrun for example_subdag_operator.section-2 to None, run_after=None
[2023-11-29T20:58:42.326+0000] {logging_mixin.py:154} INFO - [2023-11-29T20:58:42.326+0000] {dag.py:2941} INFO - Sync 2 DAGs
[2023-11-29T20:58:42.329+0000] {logging_mixin.py:154} INFO - [2023-11-29T20:58:42.329+0000] {dag.py:3722} INFO - Setting next_dagrun for example_subdag_operator.section-1 to None, run_after=None
[2023-11-29T20:58:42.329+0000] {logging_mixin.py:154} INFO - [2023-11-29T20:58:42.329+0000] {dag.py:3722} INFO - Setting next_dagrun for example_subdag_operator.section-2 to None, run_after=None
[2023-11-29T20:58:42.335+0000] {processor.py:179} INFO - Processing /home/airflow/.local/lib/python3.8/site-packages/airflow/example_dags/example_subdag_operator.py took 0.056 seconds
[2023-11-29T20:59:13.202+0000] {processor.py:157} INFO - Started process (PID=849) to work on /home/airflow/.local/lib/python3.8/site-packages/airflow/example_dags/example_subdag_operator.py
[2023-11-29T20:59:13.203+0000] {processor.py:829} INFO - Processing file /home/airflow/.local/lib/python3.8/site-packages/airflow/example_dags/example_subdag_operator.py for tasks to queue
[2023-11-29T20:59:13.204+0000] {logging_mixin.py:154} INFO - [2023-11-29T20:59:13.204+0000] {dagbag.py:536} INFO - Filling up the DagBag from /home/airflow/.local/lib/python3.8/site-packages/airflow/example_dags/example_subdag_operator.py
[2023-11-29T20:59:13.220+0000] {processor.py:839} INFO - DAG(s) dict_keys(['example_subdag_operator.section-1', 'example_subdag_operator.section-2', 'example_subdag_operator']) retrieved from /home/airflow/.local/lib/python3.8/site-packages/airflow/example_dags/example_subdag_operator.py
[2023-11-29T20:59:13.228+0000] {logging_mixin.py:154} INFO - [2023-11-29T20:59:13.228+0000] {dag.py:2941} INFO - Sync 3 DAGs
[2023-11-29T20:59:13.240+0000] {logging_mixin.py:154} INFO - [2023-11-29T20:59:13.240+0000] {dag.py:3722} INFO - Setting next_dagrun for example_subdag_operator to 2022-01-01T00:00:00+00:00, run_after=2022-01-01T00:00:00+00:00
[2023-11-29T20:59:13.242+0000] {logging_mixin.py:154} INFO - [2023-11-29T20:59:13.242+0000] {dag.py:3722} INFO - Setting next_dagrun for example_subdag_operator.section-1 to None, run_after=None
[2023-11-29T20:59:13.243+0000] {logging_mixin.py:154} INFO - [2023-11-29T20:59:13.243+0000] {dag.py:3722} INFO - Setting next_dagrun for example_subdag_operator.section-2 to None, run_after=None
[2023-11-29T20:59:13.248+0000] {logging_mixin.py:154} INFO - [2023-11-29T20:59:13.248+0000] {dag.py:2941} INFO - Sync 2 DAGs
[2023-11-29T20:59:13.251+0000] {logging_mixin.py:154} INFO - [2023-11-29T20:59:13.251+0000] {dag.py:3722} INFO - Setting next_dagrun for example_subdag_operator.section-1 to None, run_after=None
[2023-11-29T20:59:13.251+0000] {logging_mixin.py:154} INFO - [2023-11-29T20:59:13.251+0000] {dag.py:3722} INFO - Setting next_dagrun for example_subdag_operator.section-2 to None, run_after=None
[2023-11-29T20:59:13.258+0000] {processor.py:179} INFO - Processing /home/airflow/.local/lib/python3.8/site-packages/airflow/example_dags/example_subdag_operator.py took 0.059 seconds
[2023-11-29T20:59:44.073+0000] {processor.py:157} INFO - Started process (PID=903) to work on /home/airflow/.local/lib/python3.8/site-packages/airflow/example_dags/example_subdag_operator.py
[2023-11-29T20:59:44.073+0000] {processor.py:829} INFO - Processing file /home/airflow/.local/lib/python3.8/site-packages/airflow/example_dags/example_subdag_operator.py for tasks to queue
[2023-11-29T20:59:44.075+0000] {logging_mixin.py:154} INFO - [2023-11-29T20:59:44.075+0000] {dagbag.py:536} INFO - Filling up the DagBag from /home/airflow/.local/lib/python3.8/site-packages/airflow/example_dags/example_subdag_operator.py
[2023-11-29T20:59:44.090+0000] {processor.py:839} INFO - DAG(s) dict_keys(['example_subdag_operator.section-1', 'example_subdag_operator.section-2', 'example_subdag_operator']) retrieved from /home/airflow/.local/lib/python3.8/site-packages/airflow/example_dags/example_subdag_operator.py
[2023-11-29T20:59:44.098+0000] {logging_mixin.py:154} INFO - [2023-11-29T20:59:44.098+0000] {dag.py:2941} INFO - Sync 3 DAGs
[2023-11-29T20:59:44.110+0000] {logging_mixin.py:154} INFO - [2023-11-29T20:59:44.110+0000] {dag.py:3722} INFO - Setting next_dagrun for example_subdag_operator to 2022-01-01T00:00:00+00:00, run_after=2022-01-01T00:00:00+00:00
[2023-11-29T20:59:44.112+0000] {logging_mixin.py:154} INFO - [2023-11-29T20:59:44.112+0000] {dag.py:3722} INFO - Setting next_dagrun for example_subdag_operator.section-1 to None, run_after=None
[2023-11-29T20:59:44.113+0000] {logging_mixin.py:154} INFO - [2023-11-29T20:59:44.113+0000] {dag.py:3722} INFO - Setting next_dagrun for example_subdag_operator.section-2 to None, run_after=None
[2023-11-29T20:59:44.117+0000] {logging_mixin.py:154} INFO - [2023-11-29T20:59:44.117+0000] {dag.py:2941} INFO - Sync 2 DAGs
[2023-11-29T20:59:44.120+0000] {logging_mixin.py:154} INFO - [2023-11-29T20:59:44.120+0000] {dag.py:3722} INFO - Setting next_dagrun for example_subdag_operator.section-1 to None, run_after=None
[2023-11-29T20:59:44.121+0000] {logging_mixin.py:154} INFO - [2023-11-29T20:59:44.121+0000] {dag.py:3722} INFO - Setting next_dagrun for example_subdag_operator.section-2 to None, run_after=None
[2023-11-29T20:59:44.127+0000] {processor.py:179} INFO - Processing /home/airflow/.local/lib/python3.8/site-packages/airflow/example_dags/example_subdag_operator.py took 0.056 seconds
[2023-11-29T21:00:14.868+0000] {processor.py:157} INFO - Started process (PID=957) to work on /home/airflow/.local/lib/python3.8/site-packages/airflow/example_dags/example_subdag_operator.py
[2023-11-29T21:00:14.869+0000] {processor.py:829} INFO - Processing file /home/airflow/.local/lib/python3.8/site-packages/airflow/example_dags/example_subdag_operator.py for tasks to queue
[2023-11-29T21:00:14.871+0000] {logging_mixin.py:154} INFO - [2023-11-29T21:00:14.870+0000] {dagbag.py:536} INFO - Filling up the DagBag from /home/airflow/.local/lib/python3.8/site-packages/airflow/example_dags/example_subdag_operator.py
[2023-11-29T21:00:14.885+0000] {processor.py:839} INFO - DAG(s) dict_keys(['example_subdag_operator.section-1', 'example_subdag_operator.section-2', 'example_subdag_operator']) retrieved from /home/airflow/.local/lib/python3.8/site-packages/airflow/example_dags/example_subdag_operator.py
[2023-11-29T21:00:14.894+0000] {logging_mixin.py:154} INFO - [2023-11-29T21:00:14.894+0000] {dag.py:2941} INFO - Sync 3 DAGs
[2023-11-29T21:00:14.907+0000] {logging_mixin.py:154} INFO - [2023-11-29T21:00:14.907+0000] {dag.py:3722} INFO - Setting next_dagrun for example_subdag_operator to 2022-01-01T00:00:00+00:00, run_after=2022-01-01T00:00:00+00:00
[2023-11-29T21:00:14.909+0000] {logging_mixin.py:154} INFO - [2023-11-29T21:00:14.909+0000] {dag.py:3722} INFO - Setting next_dagrun for example_subdag_operator.section-1 to None, run_after=None
[2023-11-29T21:00:14.909+0000] {logging_mixin.py:154} INFO - [2023-11-29T21:00:14.909+0000] {dag.py:3722} INFO - Setting next_dagrun for example_subdag_operator.section-2 to None, run_after=None
[2023-11-29T21:00:14.914+0000] {logging_mixin.py:154} INFO - [2023-11-29T21:00:14.913+0000] {dag.py:2941} INFO - Sync 2 DAGs
[2023-11-29T21:00:14.917+0000] {logging_mixin.py:154} INFO - [2023-11-29T21:00:14.916+0000] {dag.py:3722} INFO - Setting next_dagrun for example_subdag_operator.section-1 to None, run_after=None
[2023-11-29T21:00:14.917+0000] {logging_mixin.py:154} INFO - [2023-11-29T21:00:14.917+0000] {dag.py:3722} INFO - Setting next_dagrun for example_subdag_operator.section-2 to None, run_after=None
[2023-11-29T21:00:14.923+0000] {processor.py:179} INFO - Processing /home/airflow/.local/lib/python3.8/site-packages/airflow/example_dags/example_subdag_operator.py took 0.057 seconds
[2023-11-29T21:00:45.771+0000] {processor.py:157} INFO - Started process (PID=1011) to work on /home/airflow/.local/lib/python3.8/site-packages/airflow/example_dags/example_subdag_operator.py
[2023-11-29T21:00:45.772+0000] {processor.py:829} INFO - Processing file /home/airflow/.local/lib/python3.8/site-packages/airflow/example_dags/example_subdag_operator.py for tasks to queue
[2023-11-29T21:00:45.773+0000] {logging_mixin.py:154} INFO - [2023-11-29T21:00:45.773+0000] {dagbag.py:536} INFO - Filling up the DagBag from /home/airflow/.local/lib/python3.8/site-packages/airflow/example_dags/example_subdag_operator.py
[2023-11-29T21:00:45.788+0000] {processor.py:839} INFO - DAG(s) dict_keys(['example_subdag_operator.section-1', 'example_subdag_operator.section-2', 'example_subdag_operator']) retrieved from /home/airflow/.local/lib/python3.8/site-packages/airflow/example_dags/example_subdag_operator.py
[2023-11-29T21:00:45.797+0000] {logging_mixin.py:154} INFO - [2023-11-29T21:00:45.797+0000] {dag.py:2941} INFO - Sync 3 DAGs
[2023-11-29T21:00:45.809+0000] {logging_mixin.py:154} INFO - [2023-11-29T21:00:45.809+0000] {dag.py:3722} INFO - Setting next_dagrun for example_subdag_operator to 2022-01-01T00:00:00+00:00, run_after=2022-01-01T00:00:00+00:00
[2023-11-29T21:00:45.811+0000] {logging_mixin.py:154} INFO - [2023-11-29T21:00:45.811+0000] {dag.py:3722} INFO - Setting next_dagrun for example_subdag_operator.section-1 to None, run_after=None
[2023-11-29T21:00:45.812+0000] {logging_mixin.py:154} INFO - [2023-11-29T21:00:45.812+0000] {dag.py:3722} INFO - Setting next_dagrun for example_subdag_operator.section-2 to None, run_after=None
[2023-11-29T21:00:45.817+0000] {logging_mixin.py:154} INFO - [2023-11-29T21:00:45.817+0000] {dag.py:2941} INFO - Sync 2 DAGs
[2023-11-29T21:00:45.819+0000] {logging_mixin.py:154} INFO - [2023-11-29T21:00:45.819+0000] {dag.py:3722} INFO - Setting next_dagrun for example_subdag_operator.section-1 to None, run_after=None
[2023-11-29T21:00:45.820+0000] {logging_mixin.py:154} INFO - [2023-11-29T21:00:45.820+0000] {dag.py:3722} INFO - Setting next_dagrun for example_subdag_operator.section-2 to None, run_after=None
[2023-11-29T21:00:45.826+0000] {processor.py:179} INFO - Processing /home/airflow/.local/lib/python3.8/site-packages/airflow/example_dags/example_subdag_operator.py took 0.057 seconds
[2023-11-29T21:01:16.752+0000] {processor.py:157} INFO - Started process (PID=1065) to work on /home/airflow/.local/lib/python3.8/site-packages/airflow/example_dags/example_subdag_operator.py
[2023-11-29T21:01:16.752+0000] {processor.py:829} INFO - Processing file /home/airflow/.local/lib/python3.8/site-packages/airflow/example_dags/example_subdag_operator.py for tasks to queue
[2023-11-29T21:01:16.754+0000] {logging_mixin.py:154} INFO - [2023-11-29T21:01:16.754+0000] {dagbag.py:536} INFO - Filling up the DagBag from /home/airflow/.local/lib/python3.8/site-packages/airflow/example_dags/example_subdag_operator.py
[2023-11-29T21:01:16.769+0000] {processor.py:839} INFO - DAG(s) dict_keys(['example_subdag_operator.section-1', 'example_subdag_operator.section-2', 'example_subdag_operator']) retrieved from /home/airflow/.local/lib/python3.8/site-packages/airflow/example_dags/example_subdag_operator.py
[2023-11-29T21:01:16.777+0000] {logging_mixin.py:154} INFO - [2023-11-29T21:01:16.777+0000] {dag.py:2941} INFO - Sync 3 DAGs
[2023-11-29T21:01:16.789+0000] {logging_mixin.py:154} INFO - [2023-11-29T21:01:16.789+0000] {dag.py:3722} INFO - Setting next_dagrun for example_subdag_operator to 2022-01-01T00:00:00+00:00, run_after=2022-01-01T00:00:00+00:00
[2023-11-29T21:01:16.791+0000] {logging_mixin.py:154} INFO - [2023-11-29T21:01:16.791+0000] {dag.py:3722} INFO - Setting next_dagrun for example_subdag_operator.section-1 to None, run_after=None
[2023-11-29T21:01:16.792+0000] {logging_mixin.py:154} INFO - [2023-11-29T21:01:16.792+0000] {dag.py:3722} INFO - Setting next_dagrun for example_subdag_operator.section-2 to None, run_after=None
[2023-11-29T21:01:16.797+0000] {logging_mixin.py:154} INFO - [2023-11-29T21:01:16.797+0000] {dag.py:2941} INFO - Sync 2 DAGs
[2023-11-29T21:01:16.800+0000] {logging_mixin.py:154} INFO - [2023-11-29T21:01:16.800+0000] {dag.py:3722} INFO - Setting next_dagrun for example_subdag_operator.section-1 to None, run_after=None
[2023-11-29T21:01:16.800+0000] {logging_mixin.py:154} INFO - [2023-11-29T21:01:16.800+0000] {dag.py:3722} INFO - Setting next_dagrun for example_subdag_operator.section-2 to None, run_after=None
[2023-11-29T21:01:16.806+0000] {processor.py:179} INFO - Processing /home/airflow/.local/lib/python3.8/site-packages/airflow/example_dags/example_subdag_operator.py took 0.057 seconds
[2023-11-29T21:01:47.636+0000] {processor.py:157} INFO - Started process (PID=1119) to work on /home/airflow/.local/lib/python3.8/site-packages/airflow/example_dags/example_subdag_operator.py
[2023-11-29T21:01:47.636+0000] {processor.py:829} INFO - Processing file /home/airflow/.local/lib/python3.8/site-packages/airflow/example_dags/example_subdag_operator.py for tasks to queue
[2023-11-29T21:01:47.638+0000] {logging_mixin.py:154} INFO - [2023-11-29T21:01:47.638+0000] {dagbag.py:536} INFO - Filling up the DagBag from /home/airflow/.local/lib/python3.8/site-packages/airflow/example_dags/example_subdag_operator.py
[2023-11-29T21:01:47.652+0000] {processor.py:839} INFO - DAG(s) dict_keys(['example_subdag_operator.section-1', 'example_subdag_operator.section-2', 'example_subdag_operator']) retrieved from /home/airflow/.local/lib/python3.8/site-packages/airflow/example_dags/example_subdag_operator.py
[2023-11-29T21:01:47.661+0000] {logging_mixin.py:154} INFO - [2023-11-29T21:01:47.661+0000] {dag.py:2941} INFO - Sync 3 DAGs
[2023-11-29T21:01:47.673+0000] {logging_mixin.py:154} INFO - [2023-11-29T21:01:47.672+0000] {dag.py:3722} INFO - Setting next_dagrun for example_subdag_operator to 2022-01-01T00:00:00+00:00, run_after=2022-01-01T00:00:00+00:00
[2023-11-29T21:01:47.675+0000] {logging_mixin.py:154} INFO - [2023-11-29T21:01:47.674+0000] {dag.py:3722} INFO - Setting next_dagrun for example_subdag_operator.section-1 to None, run_after=None
[2023-11-29T21:01:47.675+0000] {logging_mixin.py:154} INFO - [2023-11-29T21:01:47.675+0000] {dag.py:3722} INFO - Setting next_dagrun for example_subdag_operator.section-2 to None, run_after=None
[2023-11-29T21:01:47.679+0000] {logging_mixin.py:154} INFO - [2023-11-29T21:01:47.679+0000] {dag.py:2941} INFO - Sync 2 DAGs
[2023-11-29T21:01:47.682+0000] {logging_mixin.py:154} INFO - [2023-11-29T21:01:47.682+0000] {dag.py:3722} INFO - Setting next_dagrun for example_subdag_operator.section-1 to None, run_after=None
[2023-11-29T21:01:47.683+0000] {logging_mixin.py:154} INFO - [2023-11-29T21:01:47.683+0000] {dag.py:3722} INFO - Setting next_dagrun for example_subdag_operator.section-2 to None, run_after=None
[2023-11-29T21:01:47.689+0000] {processor.py:179} INFO - Processing /home/airflow/.local/lib/python3.8/site-packages/airflow/example_dags/example_subdag_operator.py took 0.056 seconds
[2023-11-29T21:41:07.962+0000] {processor.py:157} INFO - Started process (PID=47) to work on /home/airflow/.local/lib/python3.8/site-packages/airflow/example_dags/example_subdag_operator.py
[2023-11-29T21:41:07.964+0000] {processor.py:829} INFO - Processing file /home/airflow/.local/lib/python3.8/site-packages/airflow/example_dags/example_subdag_operator.py for tasks to queue
[2023-11-29T21:41:07.966+0000] {logging_mixin.py:154} INFO - [2023-11-29T21:41:07.966+0000] {dagbag.py:536} INFO - Filling up the DagBag from /home/airflow/.local/lib/python3.8/site-packages/airflow/example_dags/example_subdag_operator.py
[2023-11-29T21:41:07.982+0000] {processor.py:839} INFO - DAG(s) dict_keys(['example_subdag_operator.section-1', 'example_subdag_operator.section-2', 'example_subdag_operator']) retrieved from /home/airflow/.local/lib/python3.8/site-packages/airflow/example_dags/example_subdag_operator.py
[2023-11-29T21:41:08.045+0000] {logging_mixin.py:154} INFO - [2023-11-29T21:41:08.045+0000] {manager.py:499} INFO - Created Permission View: %s
[2023-11-29T21:41:08.051+0000] {logging_mixin.py:154} INFO - [2023-11-29T21:41:08.051+0000] {manager.py:499} INFO - Created Permission View: %s
[2023-11-29T21:41:08.055+0000] {logging_mixin.py:154} INFO - [2023-11-29T21:41:08.055+0000] {manager.py:499} INFO - Created Permission View: %s
[2023-11-29T21:41:08.055+0000] {logging_mixin.py:154} INFO - [2023-11-29T21:41:08.055+0000] {dag.py:2941} INFO - Sync 3 DAGs
[2023-11-29T21:41:08.062+0000] {logging_mixin.py:154} INFO - [2023-11-29T21:41:08.062+0000] {dag.py:2963} INFO - Creating ORM DAG for example_subdag_operator.section-2
[2023-11-29T21:41:08.062+0000] {logging_mixin.py:154} INFO - [2023-11-29T21:41:08.062+0000] {dag.py:2963} INFO - Creating ORM DAG for example_subdag_operator
[2023-11-29T21:41:08.063+0000] {logging_mixin.py:154} INFO - [2023-11-29T21:41:08.063+0000] {dag.py:2963} INFO - Creating ORM DAG for example_subdag_operator.section-1
[2023-11-29T21:41:08.068+0000] {logging_mixin.py:154} INFO - [2023-11-29T21:41:08.068+0000] {dag.py:3722} INFO - Setting next_dagrun for example_subdag_operator to 2022-01-01T00:00:00+00:00, run_after=2022-01-01T00:00:00+00:00
[2023-11-29T21:41:08.069+0000] {logging_mixin.py:154} INFO - [2023-11-29T21:41:08.069+0000] {dag.py:3722} INFO - Setting next_dagrun for example_subdag_operator.section-1 to None, run_after=None
[2023-11-29T21:41:08.069+0000] {logging_mixin.py:154} INFO - [2023-11-29T21:41:08.069+0000] {dag.py:3722} INFO - Setting next_dagrun for example_subdag_operator.section-2 to None, run_after=None
[2023-11-29T21:41:08.075+0000] {logging_mixin.py:154} INFO - [2023-11-29T21:41:08.075+0000] {dag.py:2941} INFO - Sync 2 DAGs
[2023-11-29T21:41:08.078+0000] {logging_mixin.py:154} INFO - [2023-11-29T21:41:08.078+0000] {dag.py:3722} INFO - Setting next_dagrun for example_subdag_operator.section-1 to None, run_after=None
[2023-11-29T21:41:08.080+0000] {logging_mixin.py:154} INFO - [2023-11-29T21:41:08.080+0000] {dag.py:3722} INFO - Setting next_dagrun for example_subdag_operator.section-2 to None, run_after=None
[2023-11-29T21:41:08.089+0000] {processor.py:179} INFO - Processing /home/airflow/.local/lib/python3.8/site-packages/airflow/example_dags/example_subdag_operator.py took 0.129 seconds
[2023-11-29T21:41:39.048+0000] {processor.py:157} INFO - Started process (PID=101) to work on /home/airflow/.local/lib/python3.8/site-packages/airflow/example_dags/example_subdag_operator.py
[2023-11-29T21:41:39.049+0000] {processor.py:829} INFO - Processing file /home/airflow/.local/lib/python3.8/site-packages/airflow/example_dags/example_subdag_operator.py for tasks to queue
[2023-11-29T21:41:39.051+0000] {logging_mixin.py:154} INFO - [2023-11-29T21:41:39.051+0000] {dagbag.py:536} INFO - Filling up the DagBag from /home/airflow/.local/lib/python3.8/site-packages/airflow/example_dags/example_subdag_operator.py
[2023-11-29T21:41:39.068+0000] {processor.py:839} INFO - DAG(s) dict_keys(['example_subdag_operator.section-1', 'example_subdag_operator.section-2', 'example_subdag_operator']) retrieved from /home/airflow/.local/lib/python3.8/site-packages/airflow/example_dags/example_subdag_operator.py
[2023-11-29T21:41:39.077+0000] {logging_mixin.py:154} INFO - [2023-11-29T21:41:39.077+0000] {dag.py:2941} INFO - Sync 3 DAGs
[2023-11-29T21:41:39.089+0000] {logging_mixin.py:154} INFO - [2023-11-29T21:41:39.089+0000] {dag.py:3722} INFO - Setting next_dagrun for example_subdag_operator to 2022-01-01T00:00:00+00:00, run_after=2022-01-01T00:00:00+00:00
[2023-11-29T21:41:39.091+0000] {logging_mixin.py:154} INFO - [2023-11-29T21:41:39.091+0000] {dag.py:3722} INFO - Setting next_dagrun for example_subdag_operator.section-1 to None, run_after=None
[2023-11-29T21:41:39.092+0000] {logging_mixin.py:154} INFO - [2023-11-29T21:41:39.092+0000] {dag.py:3722} INFO - Setting next_dagrun for example_subdag_operator.section-2 to None, run_after=None
[2023-11-29T21:41:39.096+0000] {logging_mixin.py:154} INFO - [2023-11-29T21:41:39.096+0000] {dag.py:2941} INFO - Sync 2 DAGs
[2023-11-29T21:41:39.099+0000] {logging_mixin.py:154} INFO - [2023-11-29T21:41:39.099+0000] {dag.py:3722} INFO - Setting next_dagrun for example_subdag_operator.section-1 to None, run_after=None
[2023-11-29T21:41:39.099+0000] {logging_mixin.py:154} INFO - [2023-11-29T21:41:39.099+0000] {dag.py:3722} INFO - Setting next_dagrun for example_subdag_operator.section-2 to None, run_after=None
[2023-11-29T21:41:39.104+0000] {processor.py:179} INFO - Processing /home/airflow/.local/lib/python3.8/site-packages/airflow/example_dags/example_subdag_operator.py took 0.059 seconds
[2023-11-29T21:42:09.698+0000] {processor.py:157} INFO - Started process (PID=155) to work on /home/airflow/.local/lib/python3.8/site-packages/airflow/example_dags/example_subdag_operator.py
[2023-11-29T21:42:09.699+0000] {processor.py:829} INFO - Processing file /home/airflow/.local/lib/python3.8/site-packages/airflow/example_dags/example_subdag_operator.py for tasks to queue
[2023-11-29T21:42:09.701+0000] {logging_mixin.py:154} INFO - [2023-11-29T21:42:09.701+0000] {dagbag.py:536} INFO - Filling up the DagBag from /home/airflow/.local/lib/python3.8/site-packages/airflow/example_dags/example_subdag_operator.py
[2023-11-29T21:42:09.717+0000] {processor.py:839} INFO - DAG(s) dict_keys(['example_subdag_operator.section-1', 'example_subdag_operator.section-2', 'example_subdag_operator']) retrieved from /home/airflow/.local/lib/python3.8/site-packages/airflow/example_dags/example_subdag_operator.py
[2023-11-29T21:42:09.726+0000] {logging_mixin.py:154} INFO - [2023-11-29T21:42:09.726+0000] {dag.py:2941} INFO - Sync 3 DAGs
[2023-11-29T21:42:09.739+0000] {logging_mixin.py:154} INFO - [2023-11-29T21:42:09.739+0000] {dag.py:3722} INFO - Setting next_dagrun for example_subdag_operator to 2022-01-01T00:00:00+00:00, run_after=2022-01-01T00:00:00+00:00
[2023-11-29T21:42:09.741+0000] {logging_mixin.py:154} INFO - [2023-11-29T21:42:09.741+0000] {dag.py:3722} INFO - Setting next_dagrun for example_subdag_operator.section-1 to None, run_after=None
[2023-11-29T21:42:09.742+0000] {logging_mixin.py:154} INFO - [2023-11-29T21:42:09.742+0000] {dag.py:3722} INFO - Setting next_dagrun for example_subdag_operator.section-2 to None, run_after=None
[2023-11-29T21:42:09.746+0000] {logging_mixin.py:154} INFO - [2023-11-29T21:42:09.746+0000] {dag.py:2941} INFO - Sync 2 DAGs
[2023-11-29T21:42:09.749+0000] {logging_mixin.py:154} INFO - [2023-11-29T21:42:09.749+0000] {dag.py:3722} INFO - Setting next_dagrun for example_subdag_operator.section-1 to None, run_after=None
[2023-11-29T21:42:09.749+0000] {logging_mixin.py:154} INFO - [2023-11-29T21:42:09.749+0000] {dag.py:3722} INFO - Setting next_dagrun for example_subdag_operator.section-2 to None, run_after=None
[2023-11-29T21:42:09.755+0000] {processor.py:179} INFO - Processing /home/airflow/.local/lib/python3.8/site-packages/airflow/example_dags/example_subdag_operator.py took 0.061 seconds
[2023-11-29T21:42:40.430+0000] {processor.py:157} INFO - Started process (PID=209) to work on /home/airflow/.local/lib/python3.8/site-packages/airflow/example_dags/example_subdag_operator.py
[2023-11-29T21:42:40.432+0000] {processor.py:829} INFO - Processing file /home/airflow/.local/lib/python3.8/site-packages/airflow/example_dags/example_subdag_operator.py for tasks to queue
[2023-11-29T21:42:40.436+0000] {logging_mixin.py:154} INFO - [2023-11-29T21:42:40.436+0000] {dagbag.py:536} INFO - Filling up the DagBag from /home/airflow/.local/lib/python3.8/site-packages/airflow/example_dags/example_subdag_operator.py
[2023-11-29T21:42:40.461+0000] {processor.py:839} INFO - DAG(s) dict_keys(['example_subdag_operator.section-1', 'example_subdag_operator.section-2', 'example_subdag_operator']) retrieved from /home/airflow/.local/lib/python3.8/site-packages/airflow/example_dags/example_subdag_operator.py
[2023-11-29T21:42:40.471+0000] {logging_mixin.py:154} INFO - [2023-11-29T21:42:40.471+0000] {dag.py:2941} INFO - Sync 3 DAGs
[2023-11-29T21:42:40.482+0000] {logging_mixin.py:154} INFO - [2023-11-29T21:42:40.482+0000] {dag.py:3722} INFO - Setting next_dagrun for example_subdag_operator to 2022-01-01T00:00:00+00:00, run_after=2022-01-01T00:00:00+00:00
[2023-11-29T21:42:40.484+0000] {logging_mixin.py:154} INFO - [2023-11-29T21:42:40.484+0000] {dag.py:3722} INFO - Setting next_dagrun for example_subdag_operator.section-1 to None, run_after=None
[2023-11-29T21:42:40.485+0000] {logging_mixin.py:154} INFO - [2023-11-29T21:42:40.485+0000] {dag.py:3722} INFO - Setting next_dagrun for example_subdag_operator.section-2 to None, run_after=None
[2023-11-29T21:42:40.489+0000] {logging_mixin.py:154} INFO - [2023-11-29T21:42:40.489+0000] {dag.py:2941} INFO - Sync 2 DAGs
[2023-11-29T21:42:40.493+0000] {logging_mixin.py:154} INFO - [2023-11-29T21:42:40.492+0000] {dag.py:3722} INFO - Setting next_dagrun for example_subdag_operator.section-1 to None, run_after=None
[2023-11-29T21:42:40.493+0000] {logging_mixin.py:154} INFO - [2023-11-29T21:42:40.493+0000] {dag.py:3722} INFO - Setting next_dagrun for example_subdag_operator.section-2 to None, run_after=None
[2023-11-29T21:42:40.499+0000] {processor.py:179} INFO - Processing /home/airflow/.local/lib/python3.8/site-packages/airflow/example_dags/example_subdag_operator.py took 0.075 seconds
[2023-11-29T21:43:10.599+0000] {processor.py:157} INFO - Started process (PID=263) to work on /home/airflow/.local/lib/python3.8/site-packages/airflow/example_dags/example_subdag_operator.py
[2023-11-29T21:43:10.601+0000] {processor.py:829} INFO - Processing file /home/airflow/.local/lib/python3.8/site-packages/airflow/example_dags/example_subdag_operator.py for tasks to queue
[2023-11-29T21:43:10.605+0000] {logging_mixin.py:154} INFO - [2023-11-29T21:43:10.605+0000] {dagbag.py:536} INFO - Filling up the DagBag from /home/airflow/.local/lib/python3.8/site-packages/airflow/example_dags/example_subdag_operator.py
[2023-11-29T21:43:10.629+0000] {processor.py:839} INFO - DAG(s) dict_keys(['example_subdag_operator.section-1', 'example_subdag_operator.section-2', 'example_subdag_operator']) retrieved from /home/airflow/.local/lib/python3.8/site-packages/airflow/example_dags/example_subdag_operator.py
[2023-11-29T21:43:10.639+0000] {logging_mixin.py:154} INFO - [2023-11-29T21:43:10.639+0000] {dag.py:2941} INFO - Sync 3 DAGs
[2023-11-29T21:43:10.651+0000] {logging_mixin.py:154} INFO - [2023-11-29T21:43:10.651+0000] {dag.py:3722} INFO - Setting next_dagrun for example_subdag_operator to 2022-01-01T00:00:00+00:00, run_after=2022-01-01T00:00:00+00:00
[2023-11-29T21:43:10.653+0000] {logging_mixin.py:154} INFO - [2023-11-29T21:43:10.653+0000] {dag.py:3722} INFO - Setting next_dagrun for example_subdag_operator.section-1 to None, run_after=None
[2023-11-29T21:43:10.654+0000] {logging_mixin.py:154} INFO - [2023-11-29T21:43:10.654+0000] {dag.py:3722} INFO - Setting next_dagrun for example_subdag_operator.section-2 to None, run_after=None
[2023-11-29T21:43:10.658+0000] {logging_mixin.py:154} INFO - [2023-11-29T21:43:10.658+0000] {dag.py:2941} INFO - Sync 2 DAGs
[2023-11-29T21:43:10.661+0000] {logging_mixin.py:154} INFO - [2023-11-29T21:43:10.661+0000] {dag.py:3722} INFO - Setting next_dagrun for example_subdag_operator.section-1 to None, run_after=None
[2023-11-29T21:43:10.661+0000] {logging_mixin.py:154} INFO - [2023-11-29T21:43:10.661+0000] {dag.py:3722} INFO - Setting next_dagrun for example_subdag_operator.section-2 to None, run_after=None
[2023-11-29T21:43:10.667+0000] {processor.py:179} INFO - Processing /home/airflow/.local/lib/python3.8/site-packages/airflow/example_dags/example_subdag_operator.py took 0.074 seconds
[2023-11-29T21:43:40.741+0000] {processor.py:157} INFO - Started process (PID=317) to work on /home/airflow/.local/lib/python3.8/site-packages/airflow/example_dags/example_subdag_operator.py
[2023-11-29T21:43:40.742+0000] {processor.py:829} INFO - Processing file /home/airflow/.local/lib/python3.8/site-packages/airflow/example_dags/example_subdag_operator.py for tasks to queue
[2023-11-29T21:43:40.746+0000] {logging_mixin.py:154} INFO - [2023-11-29T21:43:40.745+0000] {dagbag.py:536} INFO - Filling up the DagBag from /home/airflow/.local/lib/python3.8/site-packages/airflow/example_dags/example_subdag_operator.py
[2023-11-29T21:43:40.768+0000] {processor.py:839} INFO - DAG(s) dict_keys(['example_subdag_operator.section-1', 'example_subdag_operator.section-2', 'example_subdag_operator']) retrieved from /home/airflow/.local/lib/python3.8/site-packages/airflow/example_dags/example_subdag_operator.py
[2023-11-29T21:43:40.777+0000] {logging_mixin.py:154} INFO - [2023-11-29T21:43:40.777+0000] {dag.py:2941} INFO - Sync 3 DAGs
[2023-11-29T21:43:40.790+0000] {logging_mixin.py:154} INFO - [2023-11-29T21:43:40.789+0000] {dag.py:3722} INFO - Setting next_dagrun for example_subdag_operator to 2022-01-01T00:00:00+00:00, run_after=2022-01-01T00:00:00+00:00
[2023-11-29T21:43:40.791+0000] {logging_mixin.py:154} INFO - [2023-11-29T21:43:40.791+0000] {dag.py:3722} INFO - Setting next_dagrun for example_subdag_operator.section-1 to None, run_after=None
[2023-11-29T21:43:40.792+0000] {logging_mixin.py:154} INFO - [2023-11-29T21:43:40.792+0000] {dag.py:3722} INFO - Setting next_dagrun for example_subdag_operator.section-2 to None, run_after=None
[2023-11-29T21:43:40.796+0000] {logging_mixin.py:154} INFO - [2023-11-29T21:43:40.796+0000] {dag.py:2941} INFO - Sync 2 DAGs
[2023-11-29T21:43:40.799+0000] {logging_mixin.py:154} INFO - [2023-11-29T21:43:40.799+0000] {dag.py:3722} INFO - Setting next_dagrun for example_subdag_operator.section-1 to None, run_after=None
[2023-11-29T21:43:40.800+0000] {logging_mixin.py:154} INFO - [2023-11-29T21:43:40.800+0000] {dag.py:3722} INFO - Setting next_dagrun for example_subdag_operator.section-2 to None, run_after=None
[2023-11-29T21:43:40.805+0000] {processor.py:179} INFO - Processing /home/airflow/.local/lib/python3.8/site-packages/airflow/example_dags/example_subdag_operator.py took 0.071 seconds
[2023-11-29T21:44:10.972+0000] {processor.py:157} INFO - Started process (PID=371) to work on /home/airflow/.local/lib/python3.8/site-packages/airflow/example_dags/example_subdag_operator.py
[2023-11-29T21:44:10.974+0000] {processor.py:829} INFO - Processing file /home/airflow/.local/lib/python3.8/site-packages/airflow/example_dags/example_subdag_operator.py for tasks to queue
[2023-11-29T21:44:10.977+0000] {logging_mixin.py:154} INFO - [2023-11-29T21:44:10.977+0000] {dagbag.py:536} INFO - Filling up the DagBag from /home/airflow/.local/lib/python3.8/site-packages/airflow/example_dags/example_subdag_operator.py
[2023-11-29T21:44:11.002+0000] {processor.py:839} INFO - DAG(s) dict_keys(['example_subdag_operator.section-1', 'example_subdag_operator.section-2', 'example_subdag_operator']) retrieved from /home/airflow/.local/lib/python3.8/site-packages/airflow/example_dags/example_subdag_operator.py
[2023-11-29T21:44:11.012+0000] {logging_mixin.py:154} INFO - [2023-11-29T21:44:11.012+0000] {dag.py:2941} INFO - Sync 3 DAGs
[2023-11-29T21:44:11.024+0000] {logging_mixin.py:154} INFO - [2023-11-29T21:44:11.024+0000] {dag.py:3722} INFO - Setting next_dagrun for example_subdag_operator to 2022-01-01T00:00:00+00:00, run_after=2022-01-01T00:00:00+00:00
[2023-11-29T21:44:11.026+0000] {logging_mixin.py:154} INFO - [2023-11-29T21:44:11.026+0000] {dag.py:3722} INFO - Setting next_dagrun for example_subdag_operator.section-1 to None, run_after=None
[2023-11-29T21:44:11.027+0000] {logging_mixin.py:154} INFO - [2023-11-29T21:44:11.027+0000] {dag.py:3722} INFO - Setting next_dagrun for example_subdag_operator.section-2 to None, run_after=None
[2023-11-29T21:44:11.031+0000] {logging_mixin.py:154} INFO - [2023-11-29T21:44:11.031+0000] {dag.py:2941} INFO - Sync 2 DAGs
[2023-11-29T21:44:11.035+0000] {logging_mixin.py:154} INFO - [2023-11-29T21:44:11.034+0000] {dag.py:3722} INFO - Setting next_dagrun for example_subdag_operator.section-1 to None, run_after=None
[2023-11-29T21:44:11.035+0000] {logging_mixin.py:154} INFO - [2023-11-29T21:44:11.035+0000] {dag.py:3722} INFO - Setting next_dagrun for example_subdag_operator.section-2 to None, run_after=None
[2023-11-29T21:44:11.042+0000] {processor.py:179} INFO - Processing /home/airflow/.local/lib/python3.8/site-packages/airflow/example_dags/example_subdag_operator.py took 0.076 seconds
[2023-11-29T21:44:41.196+0000] {processor.py:157} INFO - Started process (PID=425) to work on /home/airflow/.local/lib/python3.8/site-packages/airflow/example_dags/example_subdag_operator.py
[2023-11-29T21:44:41.198+0000] {processor.py:829} INFO - Processing file /home/airflow/.local/lib/python3.8/site-packages/airflow/example_dags/example_subdag_operator.py for tasks to queue
[2023-11-29T21:44:41.201+0000] {logging_mixin.py:154} INFO - [2023-11-29T21:44:41.201+0000] {dagbag.py:536} INFO - Filling up the DagBag from /home/airflow/.local/lib/python3.8/site-packages/airflow/example_dags/example_subdag_operator.py
[2023-11-29T21:44:41.228+0000] {processor.py:839} INFO - DAG(s) dict_keys(['example_subdag_operator.section-1', 'example_subdag_operator.section-2', 'example_subdag_operator']) retrieved from /home/airflow/.local/lib/python3.8/site-packages/airflow/example_dags/example_subdag_operator.py
[2023-11-29T21:44:41.238+0000] {logging_mixin.py:154} INFO - [2023-11-29T21:44:41.238+0000] {dag.py:2941} INFO - Sync 3 DAGs
[2023-11-29T21:44:41.251+0000] {logging_mixin.py:154} INFO - [2023-11-29T21:44:41.251+0000] {dag.py:3722} INFO - Setting next_dagrun for example_subdag_operator to 2022-01-01T00:00:00+00:00, run_after=2022-01-01T00:00:00+00:00
[2023-11-29T21:44:41.253+0000] {logging_mixin.py:154} INFO - [2023-11-29T21:44:41.253+0000] {dag.py:3722} INFO - Setting next_dagrun for example_subdag_operator.section-1 to None, run_after=None
[2023-11-29T21:44:41.254+0000] {logging_mixin.py:154} INFO - [2023-11-29T21:44:41.254+0000] {dag.py:3722} INFO - Setting next_dagrun for example_subdag_operator.section-2 to None, run_after=None
[2023-11-29T21:44:41.258+0000] {logging_mixin.py:154} INFO - [2023-11-29T21:44:41.258+0000] {dag.py:2941} INFO - Sync 2 DAGs
[2023-11-29T21:44:41.261+0000] {logging_mixin.py:154} INFO - [2023-11-29T21:44:41.261+0000] {dag.py:3722} INFO - Setting next_dagrun for example_subdag_operator.section-1 to None, run_after=None
[2023-11-29T21:44:41.262+0000] {logging_mixin.py:154} INFO - [2023-11-29T21:44:41.262+0000] {dag.py:3722} INFO - Setting next_dagrun for example_subdag_operator.section-2 to None, run_after=None
[2023-11-29T21:44:41.268+0000] {processor.py:179} INFO - Processing /home/airflow/.local/lib/python3.8/site-packages/airflow/example_dags/example_subdag_operator.py took 0.079 seconds
[2023-11-29T21:45:11.413+0000] {processor.py:157} INFO - Started process (PID=479) to work on /home/airflow/.local/lib/python3.8/site-packages/airflow/example_dags/example_subdag_operator.py
[2023-11-29T21:45:11.415+0000] {processor.py:829} INFO - Processing file /home/airflow/.local/lib/python3.8/site-packages/airflow/example_dags/example_subdag_operator.py for tasks to queue
[2023-11-29T21:45:11.420+0000] {logging_mixin.py:154} INFO - [2023-11-29T21:45:11.420+0000] {dagbag.py:536} INFO - Filling up the DagBag from /home/airflow/.local/lib/python3.8/site-packages/airflow/example_dags/example_subdag_operator.py
[2023-11-29T21:45:11.440+0000] {processor.py:839} INFO - DAG(s) dict_keys(['example_subdag_operator.section-1', 'example_subdag_operator.section-2', 'example_subdag_operator']) retrieved from /home/airflow/.local/lib/python3.8/site-packages/airflow/example_dags/example_subdag_operator.py
[2023-11-29T21:45:11.448+0000] {logging_mixin.py:154} INFO - [2023-11-29T21:45:11.448+0000] {dag.py:2941} INFO - Sync 3 DAGs
[2023-11-29T21:45:11.461+0000] {logging_mixin.py:154} INFO - [2023-11-29T21:45:11.461+0000] {dag.py:3722} INFO - Setting next_dagrun for example_subdag_operator to 2022-01-01T00:00:00+00:00, run_after=2022-01-01T00:00:00+00:00
[2023-11-29T21:45:11.463+0000] {logging_mixin.py:154} INFO - [2023-11-29T21:45:11.463+0000] {dag.py:3722} INFO - Setting next_dagrun for example_subdag_operator.section-1 to None, run_after=None
[2023-11-29T21:45:11.464+0000] {logging_mixin.py:154} INFO - [2023-11-29T21:45:11.464+0000] {dag.py:3722} INFO - Setting next_dagrun for example_subdag_operator.section-2 to None, run_after=None
[2023-11-29T21:45:11.468+0000] {logging_mixin.py:154} INFO - [2023-11-29T21:45:11.468+0000] {dag.py:2941} INFO - Sync 2 DAGs
[2023-11-29T21:45:11.471+0000] {logging_mixin.py:154} INFO - [2023-11-29T21:45:11.471+0000] {dag.py:3722} INFO - Setting next_dagrun for example_subdag_operator.section-1 to None, run_after=None
[2023-11-29T21:45:11.471+0000] {logging_mixin.py:154} INFO - [2023-11-29T21:45:11.471+0000] {dag.py:3722} INFO - Setting next_dagrun for example_subdag_operator.section-2 to None, run_after=None
[2023-11-29T21:45:11.477+0000] {processor.py:179} INFO - Processing /home/airflow/.local/lib/python3.8/site-packages/airflow/example_dags/example_subdag_operator.py took 0.070 seconds
[2023-11-29T21:45:41.546+0000] {processor.py:157} INFO - Started process (PID=533) to work on /home/airflow/.local/lib/python3.8/site-packages/airflow/example_dags/example_subdag_operator.py
[2023-11-29T21:45:41.546+0000] {processor.py:829} INFO - Processing file /home/airflow/.local/lib/python3.8/site-packages/airflow/example_dags/example_subdag_operator.py for tasks to queue
[2023-11-29T21:45:41.548+0000] {logging_mixin.py:154} INFO - [2023-11-29T21:45:41.548+0000] {dagbag.py:536} INFO - Filling up the DagBag from /home/airflow/.local/lib/python3.8/site-packages/airflow/example_dags/example_subdag_operator.py
[2023-11-29T21:45:41.564+0000] {processor.py:839} INFO - DAG(s) dict_keys(['example_subdag_operator.section-1', 'example_subdag_operator.section-2', 'example_subdag_operator']) retrieved from /home/airflow/.local/lib/python3.8/site-packages/airflow/example_dags/example_subdag_operator.py
[2023-11-29T21:45:41.573+0000] {logging_mixin.py:154} INFO - [2023-11-29T21:45:41.573+0000] {dag.py:2941} INFO - Sync 3 DAGs
[2023-11-29T21:45:41.584+0000] {logging_mixin.py:154} INFO - [2023-11-29T21:45:41.584+0000] {dag.py:3722} INFO - Setting next_dagrun for example_subdag_operator to 2022-01-01T00:00:00+00:00, run_after=2022-01-01T00:00:00+00:00
[2023-11-29T21:45:41.587+0000] {logging_mixin.py:154} INFO - [2023-11-29T21:45:41.586+0000] {dag.py:3722} INFO - Setting next_dagrun for example_subdag_operator.section-1 to None, run_after=None
[2023-11-29T21:45:41.588+0000] {logging_mixin.py:154} INFO - [2023-11-29T21:45:41.587+0000] {dag.py:3722} INFO - Setting next_dagrun for example_subdag_operator.section-2 to None, run_after=None
[2023-11-29T21:45:41.592+0000] {logging_mixin.py:154} INFO - [2023-11-29T21:45:41.592+0000] {dag.py:2941} INFO - Sync 2 DAGs
[2023-11-29T21:45:41.595+0000] {logging_mixin.py:154} INFO - [2023-11-29T21:45:41.595+0000] {dag.py:3722} INFO - Setting next_dagrun for example_subdag_operator.section-1 to None, run_after=None
[2023-11-29T21:45:41.596+0000] {logging_mixin.py:154} INFO - [2023-11-29T21:45:41.596+0000] {dag.py:3722} INFO - Setting next_dagrun for example_subdag_operator.section-2 to None, run_after=None
[2023-11-29T21:45:41.602+0000] {processor.py:179} INFO - Processing /home/airflow/.local/lib/python3.8/site-packages/airflow/example_dags/example_subdag_operator.py took 0.059 seconds
[2023-11-29T21:46:12.534+0000] {processor.py:157} INFO - Started process (PID=587) to work on /home/airflow/.local/lib/python3.8/site-packages/airflow/example_dags/example_subdag_operator.py
[2023-11-29T21:46:12.535+0000] {processor.py:829} INFO - Processing file /home/airflow/.local/lib/python3.8/site-packages/airflow/example_dags/example_subdag_operator.py for tasks to queue
[2023-11-29T21:46:12.538+0000] {logging_mixin.py:154} INFO - [2023-11-29T21:46:12.538+0000] {dagbag.py:536} INFO - Filling up the DagBag from /home/airflow/.local/lib/python3.8/site-packages/airflow/example_dags/example_subdag_operator.py
[2023-11-29T21:46:12.560+0000] {processor.py:839} INFO - DAG(s) dict_keys(['example_subdag_operator.section-1', 'example_subdag_operator.section-2', 'example_subdag_operator']) retrieved from /home/airflow/.local/lib/python3.8/site-packages/airflow/example_dags/example_subdag_operator.py
[2023-11-29T21:46:12.570+0000] {logging_mixin.py:154} INFO - [2023-11-29T21:46:12.570+0000] {dag.py:2941} INFO - Sync 3 DAGs
[2023-11-29T21:46:12.581+0000] {logging_mixin.py:154} INFO - [2023-11-29T21:46:12.581+0000] {dag.py:3722} INFO - Setting next_dagrun for example_subdag_operator to 2022-01-01T00:00:00+00:00, run_after=2022-01-01T00:00:00+00:00
[2023-11-29T21:46:12.583+0000] {logging_mixin.py:154} INFO - [2023-11-29T21:46:12.583+0000] {dag.py:3722} INFO - Setting next_dagrun for example_subdag_operator.section-1 to None, run_after=None
[2023-11-29T21:46:12.584+0000] {logging_mixin.py:154} INFO - [2023-11-29T21:46:12.584+0000] {dag.py:3722} INFO - Setting next_dagrun for example_subdag_operator.section-2 to None, run_after=None
[2023-11-29T21:46:12.588+0000] {logging_mixin.py:154} INFO - [2023-11-29T21:46:12.588+0000] {dag.py:2941} INFO - Sync 2 DAGs
[2023-11-29T21:46:12.591+0000] {logging_mixin.py:154} INFO - [2023-11-29T21:46:12.591+0000] {dag.py:3722} INFO - Setting next_dagrun for example_subdag_operator.section-1 to None, run_after=None
[2023-11-29T21:46:12.591+0000] {logging_mixin.py:154} INFO - [2023-11-29T21:46:12.591+0000] {dag.py:3722} INFO - Setting next_dagrun for example_subdag_operator.section-2 to None, run_after=None
[2023-11-29T21:46:12.598+0000] {processor.py:179} INFO - Processing /home/airflow/.local/lib/python3.8/site-packages/airflow/example_dags/example_subdag_operator.py took 0.069 seconds
[2023-11-29T21:46:43.554+0000] {processor.py:157} INFO - Started process (PID=641) to work on /home/airflow/.local/lib/python3.8/site-packages/airflow/example_dags/example_subdag_operator.py
[2023-11-29T21:46:43.556+0000] {processor.py:829} INFO - Processing file /home/airflow/.local/lib/python3.8/site-packages/airflow/example_dags/example_subdag_operator.py for tasks to queue
[2023-11-29T21:46:43.558+0000] {logging_mixin.py:154} INFO - [2023-11-29T21:46:43.558+0000] {dagbag.py:536} INFO - Filling up the DagBag from /home/airflow/.local/lib/python3.8/site-packages/airflow/example_dags/example_subdag_operator.py
[2023-11-29T21:46:43.578+0000] {processor.py:839} INFO - DAG(s) dict_keys(['example_subdag_operator.section-1', 'example_subdag_operator.section-2', 'example_subdag_operator']) retrieved from /home/airflow/.local/lib/python3.8/site-packages/airflow/example_dags/example_subdag_operator.py
[2023-11-29T21:46:43.587+0000] {logging_mixin.py:154} INFO - [2023-11-29T21:46:43.587+0000] {dag.py:2941} INFO - Sync 3 DAGs
[2023-11-29T21:46:43.599+0000] {logging_mixin.py:154} INFO - [2023-11-29T21:46:43.599+0000] {dag.py:3722} INFO - Setting next_dagrun for example_subdag_operator to 2022-01-01T00:00:00+00:00, run_after=2022-01-01T00:00:00+00:00
[2023-11-29T21:46:43.602+0000] {logging_mixin.py:154} INFO - [2023-11-29T21:46:43.601+0000] {dag.py:3722} INFO - Setting next_dagrun for example_subdag_operator.section-1 to None, run_after=None
[2023-11-29T21:46:43.602+0000] {logging_mixin.py:154} INFO - [2023-11-29T21:46:43.602+0000] {dag.py:3722} INFO - Setting next_dagrun for example_subdag_operator.section-2 to None, run_after=None
[2023-11-29T21:46:43.606+0000] {logging_mixin.py:154} INFO - [2023-11-29T21:46:43.606+0000] {dag.py:2941} INFO - Sync 2 DAGs
[2023-11-29T21:46:43.610+0000] {logging_mixin.py:154} INFO - [2023-11-29T21:46:43.610+0000] {dag.py:3722} INFO - Setting next_dagrun for example_subdag_operator.section-1 to None, run_after=None
[2023-11-29T21:46:43.610+0000] {logging_mixin.py:154} INFO - [2023-11-29T21:46:43.610+0000] {dag.py:3722} INFO - Setting next_dagrun for example_subdag_operator.section-2 to None, run_after=None
[2023-11-29T21:46:43.616+0000] {processor.py:179} INFO - Processing /home/airflow/.local/lib/python3.8/site-packages/airflow/example_dags/example_subdag_operator.py took 0.066 seconds
