[2023-11-29T20:51:39.049+0000] {processor.py:157} INFO - Started process (PID=53) to work on /home/airflow/.local/lib/python3.8/site-packages/airflow/example_dags/example_short_circuit_operator.py
[2023-11-29T20:51:39.050+0000] {processor.py:829} INFO - Processing file /home/airflow/.local/lib/python3.8/site-packages/airflow/example_dags/example_short_circuit_operator.py for tasks to queue
[2023-11-29T20:51:39.052+0000] {logging_mixin.py:154} INFO - [2023-11-29T20:51:39.052+0000] {dagbag.py:536} INFO - Filling up the DagBag from /home/airflow/.local/lib/python3.8/site-packages/airflow/example_dags/example_short_circuit_operator.py
[2023-11-29T20:51:39.057+0000] {processor.py:839} INFO - DAG(s) dict_keys(['example_short_circuit_operator']) retrieved from /home/airflow/.local/lib/python3.8/site-packages/airflow/example_dags/example_short_circuit_operator.py
[2023-11-29T20:51:39.139+0000] {logging_mixin.py:154} INFO - [2023-11-29T20:51:39.139+0000] {dag.py:2941} INFO - Sync 1 DAGs
[2023-11-29T20:51:39.152+0000] {logging_mixin.py:154} INFO - [2023-11-29T20:51:39.152+0000] {dag.py:3722} INFO - Setting next_dagrun for example_short_circuit_operator to 2023-11-28T20:51:39.152609+00:00, run_after=2023-11-29T20:51:39.152609+00:00
[2023-11-29T20:51:39.164+0000] {processor.py:179} INFO - Processing /home/airflow/.local/lib/python3.8/site-packages/airflow/example_dags/example_short_circuit_operator.py took 0.118 seconds
[2023-11-29T20:52:09.701+0000] {processor.py:157} INFO - Started process (PID=107) to work on /home/airflow/.local/lib/python3.8/site-packages/airflow/example_dags/example_short_circuit_operator.py
[2023-11-29T20:52:09.702+0000] {processor.py:829} INFO - Processing file /home/airflow/.local/lib/python3.8/site-packages/airflow/example_dags/example_short_circuit_operator.py for tasks to queue
[2023-11-29T20:52:09.703+0000] {logging_mixin.py:154} INFO - [2023-11-29T20:52:09.703+0000] {dagbag.py:536} INFO - Filling up the DagBag from /home/airflow/.local/lib/python3.8/site-packages/airflow/example_dags/example_short_circuit_operator.py
[2023-11-29T20:52:09.708+0000] {processor.py:839} INFO - DAG(s) dict_keys(['example_short_circuit_operator']) retrieved from /home/airflow/.local/lib/python3.8/site-packages/airflow/example_dags/example_short_circuit_operator.py
[2023-11-29T20:52:09.716+0000] {logging_mixin.py:154} INFO - [2023-11-29T20:52:09.716+0000] {dag.py:2941} INFO - Sync 1 DAGs
[2023-11-29T20:52:09.728+0000] {logging_mixin.py:154} INFO - [2023-11-29T20:52:09.728+0000] {dag.py:3722} INFO - Setting next_dagrun for example_short_circuit_operator to 2023-11-28T20:52:09.728072+00:00, run_after=2023-11-29T20:52:09.728072+00:00
[2023-11-29T20:52:09.737+0000] {processor.py:179} INFO - Processing /home/airflow/.local/lib/python3.8/site-packages/airflow/example_dags/example_short_circuit_operator.py took 0.038 seconds
[2023-11-29T20:52:40.525+0000] {processor.py:157} INFO - Started process (PID=161) to work on /home/airflow/.local/lib/python3.8/site-packages/airflow/example_dags/example_short_circuit_operator.py
[2023-11-29T20:52:40.526+0000] {processor.py:829} INFO - Processing file /home/airflow/.local/lib/python3.8/site-packages/airflow/example_dags/example_short_circuit_operator.py for tasks to queue
[2023-11-29T20:52:40.527+0000] {logging_mixin.py:154} INFO - [2023-11-29T20:52:40.527+0000] {dagbag.py:536} INFO - Filling up the DagBag from /home/airflow/.local/lib/python3.8/site-packages/airflow/example_dags/example_short_circuit_operator.py
[2023-11-29T20:52:40.532+0000] {processor.py:839} INFO - DAG(s) dict_keys(['example_short_circuit_operator']) retrieved from /home/airflow/.local/lib/python3.8/site-packages/airflow/example_dags/example_short_circuit_operator.py
[2023-11-29T20:52:40.546+0000] {logging_mixin.py:154} INFO - [2023-11-29T20:52:40.546+0000] {dag.py:2941} INFO - Sync 1 DAGs
[2023-11-29T20:52:40.558+0000] {logging_mixin.py:154} INFO - [2023-11-29T20:52:40.558+0000] {dag.py:3722} INFO - Setting next_dagrun for example_short_circuit_operator to 2023-11-28T20:52:40.558487+00:00, run_after=2023-11-29T20:52:40.558487+00:00
[2023-11-29T20:52:40.568+0000] {processor.py:179} INFO - Processing /home/airflow/.local/lib/python3.8/site-packages/airflow/example_dags/example_short_circuit_operator.py took 0.045 seconds
[2023-11-29T20:53:10.678+0000] {processor.py:157} INFO - Started process (PID=215) to work on /home/airflow/.local/lib/python3.8/site-packages/airflow/example_dags/example_short_circuit_operator.py
[2023-11-29T20:53:10.679+0000] {processor.py:829} INFO - Processing file /home/airflow/.local/lib/python3.8/site-packages/airflow/example_dags/example_short_circuit_operator.py for tasks to queue
[2023-11-29T20:53:10.680+0000] {logging_mixin.py:154} INFO - [2023-11-29T20:53:10.680+0000] {dagbag.py:536} INFO - Filling up the DagBag from /home/airflow/.local/lib/python3.8/site-packages/airflow/example_dags/example_short_circuit_operator.py
[2023-11-29T20:53:10.685+0000] {processor.py:839} INFO - DAG(s) dict_keys(['example_short_circuit_operator']) retrieved from /home/airflow/.local/lib/python3.8/site-packages/airflow/example_dags/example_short_circuit_operator.py
[2023-11-29T20:53:10.699+0000] {logging_mixin.py:154} INFO - [2023-11-29T20:53:10.699+0000] {dag.py:2941} INFO - Sync 1 DAGs
[2023-11-29T20:53:10.711+0000] {logging_mixin.py:154} INFO - [2023-11-29T20:53:10.711+0000] {dag.py:3722} INFO - Setting next_dagrun for example_short_circuit_operator to 2023-11-28T20:53:10.711451+00:00, run_after=2023-11-29T20:53:10.711451+00:00
[2023-11-29T20:53:10.721+0000] {processor.py:179} INFO - Processing /home/airflow/.local/lib/python3.8/site-packages/airflow/example_dags/example_short_circuit_operator.py took 0.045 seconds
[2023-11-29T20:53:40.815+0000] {processor.py:157} INFO - Started process (PID=269) to work on /home/airflow/.local/lib/python3.8/site-packages/airflow/example_dags/example_short_circuit_operator.py
[2023-11-29T20:53:40.816+0000] {processor.py:829} INFO - Processing file /home/airflow/.local/lib/python3.8/site-packages/airflow/example_dags/example_short_circuit_operator.py for tasks to queue
[2023-11-29T20:53:40.817+0000] {logging_mixin.py:154} INFO - [2023-11-29T20:53:40.817+0000] {dagbag.py:536} INFO - Filling up the DagBag from /home/airflow/.local/lib/python3.8/site-packages/airflow/example_dags/example_short_circuit_operator.py
[2023-11-29T20:53:40.822+0000] {processor.py:839} INFO - DAG(s) dict_keys(['example_short_circuit_operator']) retrieved from /home/airflow/.local/lib/python3.8/site-packages/airflow/example_dags/example_short_circuit_operator.py
[2023-11-29T20:53:40.837+0000] {logging_mixin.py:154} INFO - [2023-11-29T20:53:40.836+0000] {dag.py:2941} INFO - Sync 1 DAGs
[2023-11-29T20:53:40.849+0000] {logging_mixin.py:154} INFO - [2023-11-29T20:53:40.848+0000] {dag.py:3722} INFO - Setting next_dagrun for example_short_circuit_operator to 2023-11-28T20:53:40.848794+00:00, run_after=2023-11-29T20:53:40.848794+00:00
[2023-11-29T20:53:40.858+0000] {processor.py:179} INFO - Processing /home/airflow/.local/lib/python3.8/site-packages/airflow/example_dags/example_short_circuit_operator.py took 0.045 seconds
[2023-11-29T20:54:10.923+0000] {processor.py:157} INFO - Started process (PID=323) to work on /home/airflow/.local/lib/python3.8/site-packages/airflow/example_dags/example_short_circuit_operator.py
[2023-11-29T20:54:10.923+0000] {processor.py:829} INFO - Processing file /home/airflow/.local/lib/python3.8/site-packages/airflow/example_dags/example_short_circuit_operator.py for tasks to queue
[2023-11-29T20:54:10.925+0000] {logging_mixin.py:154} INFO - [2023-11-29T20:54:10.924+0000] {dagbag.py:536} INFO - Filling up the DagBag from /home/airflow/.local/lib/python3.8/site-packages/airflow/example_dags/example_short_circuit_operator.py
[2023-11-29T20:54:10.929+0000] {processor.py:839} INFO - DAG(s) dict_keys(['example_short_circuit_operator']) retrieved from /home/airflow/.local/lib/python3.8/site-packages/airflow/example_dags/example_short_circuit_operator.py
[2023-11-29T20:54:10.943+0000] {logging_mixin.py:154} INFO - [2023-11-29T20:54:10.943+0000] {dag.py:2941} INFO - Sync 1 DAGs
[2023-11-29T20:54:10.954+0000] {logging_mixin.py:154} INFO - [2023-11-29T20:54:10.954+0000] {dag.py:3722} INFO - Setting next_dagrun for example_short_circuit_operator to 2023-11-28T20:54:10.954636+00:00, run_after=2023-11-29T20:54:10.954636+00:00
[2023-11-29T20:54:10.963+0000] {processor.py:179} INFO - Processing /home/airflow/.local/lib/python3.8/site-packages/airflow/example_dags/example_short_circuit_operator.py took 0.043 seconds
[2023-11-29T20:54:41.015+0000] {processor.py:157} INFO - Started process (PID=377) to work on /home/airflow/.local/lib/python3.8/site-packages/airflow/example_dags/example_short_circuit_operator.py
[2023-11-29T20:54:41.016+0000] {processor.py:829} INFO - Processing file /home/airflow/.local/lib/python3.8/site-packages/airflow/example_dags/example_short_circuit_operator.py for tasks to queue
[2023-11-29T20:54:41.017+0000] {logging_mixin.py:154} INFO - [2023-11-29T20:54:41.017+0000] {dagbag.py:536} INFO - Filling up the DagBag from /home/airflow/.local/lib/python3.8/site-packages/airflow/example_dags/example_short_circuit_operator.py
[2023-11-29T20:54:41.022+0000] {processor.py:839} INFO - DAG(s) dict_keys(['example_short_circuit_operator']) retrieved from /home/airflow/.local/lib/python3.8/site-packages/airflow/example_dags/example_short_circuit_operator.py
[2023-11-29T20:54:41.035+0000] {logging_mixin.py:154} INFO - [2023-11-29T20:54:41.035+0000] {dag.py:2941} INFO - Sync 1 DAGs
[2023-11-29T20:54:41.047+0000] {logging_mixin.py:154} INFO - [2023-11-29T20:54:41.047+0000] {dag.py:3722} INFO - Setting next_dagrun for example_short_circuit_operator to 2023-11-28T20:54:41.046951+00:00, run_after=2023-11-29T20:54:41.046951+00:00
[2023-11-29T20:54:41.056+0000] {processor.py:179} INFO - Processing /home/airflow/.local/lib/python3.8/site-packages/airflow/example_dags/example_short_circuit_operator.py took 0.044 seconds
[2023-11-29T20:55:11.104+0000] {processor.py:157} INFO - Started process (PID=431) to work on /home/airflow/.local/lib/python3.8/site-packages/airflow/example_dags/example_short_circuit_operator.py
[2023-11-29T20:55:11.105+0000] {processor.py:829} INFO - Processing file /home/airflow/.local/lib/python3.8/site-packages/airflow/example_dags/example_short_circuit_operator.py for tasks to queue
[2023-11-29T20:55:11.106+0000] {logging_mixin.py:154} INFO - [2023-11-29T20:55:11.106+0000] {dagbag.py:536} INFO - Filling up the DagBag from /home/airflow/.local/lib/python3.8/site-packages/airflow/example_dags/example_short_circuit_operator.py
[2023-11-29T20:55:11.111+0000] {processor.py:839} INFO - DAG(s) dict_keys(['example_short_circuit_operator']) retrieved from /home/airflow/.local/lib/python3.8/site-packages/airflow/example_dags/example_short_circuit_operator.py
[2023-11-29T20:55:11.125+0000] {logging_mixin.py:154} INFO - [2023-11-29T20:55:11.125+0000] {dag.py:2941} INFO - Sync 1 DAGs
[2023-11-29T20:55:11.136+0000] {logging_mixin.py:154} INFO - [2023-11-29T20:55:11.136+0000] {dag.py:3722} INFO - Setting next_dagrun for example_short_circuit_operator to 2023-11-28T20:55:11.136168+00:00, run_after=2023-11-29T20:55:11.136168+00:00
[2023-11-29T20:55:11.144+0000] {processor.py:179} INFO - Processing /home/airflow/.local/lib/python3.8/site-packages/airflow/example_dags/example_short_circuit_operator.py took 0.043 seconds
[2023-11-29T20:55:41.252+0000] {processor.py:157} INFO - Started process (PID=485) to work on /home/airflow/.local/lib/python3.8/site-packages/airflow/example_dags/example_short_circuit_operator.py
[2023-11-29T20:55:41.253+0000] {processor.py:829} INFO - Processing file /home/airflow/.local/lib/python3.8/site-packages/airflow/example_dags/example_short_circuit_operator.py for tasks to queue
[2023-11-29T20:55:41.254+0000] {logging_mixin.py:154} INFO - [2023-11-29T20:55:41.254+0000] {dagbag.py:536} INFO - Filling up the DagBag from /home/airflow/.local/lib/python3.8/site-packages/airflow/example_dags/example_short_circuit_operator.py
[2023-11-29T20:55:41.260+0000] {processor.py:839} INFO - DAG(s) dict_keys(['example_short_circuit_operator']) retrieved from /home/airflow/.local/lib/python3.8/site-packages/airflow/example_dags/example_short_circuit_operator.py
[2023-11-29T20:55:41.280+0000] {logging_mixin.py:154} INFO - [2023-11-29T20:55:41.280+0000] {dag.py:2941} INFO - Sync 1 DAGs
[2023-11-29T20:55:41.293+0000] {logging_mixin.py:154} INFO - [2023-11-29T20:55:41.293+0000] {dag.py:3722} INFO - Setting next_dagrun for example_short_circuit_operator to 2023-11-28T20:55:41.293175+00:00, run_after=2023-11-29T20:55:41.293175+00:00
[2023-11-29T20:55:41.305+0000] {processor.py:179} INFO - Processing /home/airflow/.local/lib/python3.8/site-packages/airflow/example_dags/example_short_circuit_operator.py took 0.055 seconds
[2023-11-29T20:56:11.361+0000] {processor.py:157} INFO - Started process (PID=539) to work on /home/airflow/.local/lib/python3.8/site-packages/airflow/example_dags/example_short_circuit_operator.py
[2023-11-29T20:56:11.361+0000] {processor.py:829} INFO - Processing file /home/airflow/.local/lib/python3.8/site-packages/airflow/example_dags/example_short_circuit_operator.py for tasks to queue
[2023-11-29T20:56:11.363+0000] {logging_mixin.py:154} INFO - [2023-11-29T20:56:11.363+0000] {dagbag.py:536} INFO - Filling up the DagBag from /home/airflow/.local/lib/python3.8/site-packages/airflow/example_dags/example_short_circuit_operator.py
[2023-11-29T20:56:11.368+0000] {processor.py:839} INFO - DAG(s) dict_keys(['example_short_circuit_operator']) retrieved from /home/airflow/.local/lib/python3.8/site-packages/airflow/example_dags/example_short_circuit_operator.py
[2023-11-29T20:56:11.382+0000] {logging_mixin.py:154} INFO - [2023-11-29T20:56:11.382+0000] {dag.py:2941} INFO - Sync 1 DAGs
[2023-11-29T20:56:11.394+0000] {logging_mixin.py:154} INFO - [2023-11-29T20:56:11.394+0000] {dag.py:3722} INFO - Setting next_dagrun for example_short_circuit_operator to 2023-11-28T20:56:11.394507+00:00, run_after=2023-11-29T20:56:11.394507+00:00
[2023-11-29T20:56:11.404+0000] {processor.py:179} INFO - Processing /home/airflow/.local/lib/python3.8/site-packages/airflow/example_dags/example_short_circuit_operator.py took 0.046 seconds
[2023-11-29T20:56:42.310+0000] {processor.py:157} INFO - Started process (PID=593) to work on /home/airflow/.local/lib/python3.8/site-packages/airflow/example_dags/example_short_circuit_operator.py
[2023-11-29T20:56:42.311+0000] {processor.py:829} INFO - Processing file /home/airflow/.local/lib/python3.8/site-packages/airflow/example_dags/example_short_circuit_operator.py for tasks to queue
[2023-11-29T20:56:42.312+0000] {logging_mixin.py:154} INFO - [2023-11-29T20:56:42.312+0000] {dagbag.py:536} INFO - Filling up the DagBag from /home/airflow/.local/lib/python3.8/site-packages/airflow/example_dags/example_short_circuit_operator.py
[2023-11-29T20:56:42.317+0000] {processor.py:839} INFO - DAG(s) dict_keys(['example_short_circuit_operator']) retrieved from /home/airflow/.local/lib/python3.8/site-packages/airflow/example_dags/example_short_circuit_operator.py
[2023-11-29T20:56:42.332+0000] {logging_mixin.py:154} INFO - [2023-11-29T20:56:42.332+0000] {dag.py:2941} INFO - Sync 1 DAGs
[2023-11-29T20:56:42.344+0000] {logging_mixin.py:154} INFO - [2023-11-29T20:56:42.344+0000] {dag.py:3722} INFO - Setting next_dagrun for example_short_circuit_operator to 2023-11-28T20:56:42.344403+00:00, run_after=2023-11-29T20:56:42.344403+00:00
[2023-11-29T20:56:42.353+0000] {processor.py:179} INFO - Processing /home/airflow/.local/lib/python3.8/site-packages/airflow/example_dags/example_short_circuit_operator.py took 0.045 seconds
[2023-11-29T20:57:12.382+0000] {processor.py:157} INFO - Started process (PID=647) to work on /home/airflow/.local/lib/python3.8/site-packages/airflow/example_dags/example_short_circuit_operator.py
[2023-11-29T20:57:12.382+0000] {processor.py:829} INFO - Processing file /home/airflow/.local/lib/python3.8/site-packages/airflow/example_dags/example_short_circuit_operator.py for tasks to queue
[2023-11-29T20:57:12.384+0000] {logging_mixin.py:154} INFO - [2023-11-29T20:57:12.384+0000] {dagbag.py:536} INFO - Filling up the DagBag from /home/airflow/.local/lib/python3.8/site-packages/airflow/example_dags/example_short_circuit_operator.py
[2023-11-29T20:57:12.389+0000] {processor.py:839} INFO - DAG(s) dict_keys(['example_short_circuit_operator']) retrieved from /home/airflow/.local/lib/python3.8/site-packages/airflow/example_dags/example_short_circuit_operator.py
[2023-11-29T20:57:12.401+0000] {logging_mixin.py:154} INFO - [2023-11-29T20:57:12.401+0000] {dag.py:2941} INFO - Sync 1 DAGs
[2023-11-29T20:57:12.412+0000] {logging_mixin.py:154} INFO - [2023-11-29T20:57:12.412+0000] {dag.py:3722} INFO - Setting next_dagrun for example_short_circuit_operator to 2023-11-28T20:57:12.412648+00:00, run_after=2023-11-29T20:57:12.412648+00:00
[2023-11-29T20:57:12.421+0000] {processor.py:179} INFO - Processing /home/airflow/.local/lib/python3.8/site-packages/airflow/example_dags/example_short_circuit_operator.py took 0.042 seconds
[2023-11-29T20:57:42.497+0000] {processor.py:157} INFO - Started process (PID=701) to work on /home/airflow/.local/lib/python3.8/site-packages/airflow/example_dags/example_short_circuit_operator.py
[2023-11-29T20:57:42.498+0000] {processor.py:829} INFO - Processing file /home/airflow/.local/lib/python3.8/site-packages/airflow/example_dags/example_short_circuit_operator.py for tasks to queue
[2023-11-29T20:57:42.499+0000] {logging_mixin.py:154} INFO - [2023-11-29T20:57:42.499+0000] {dagbag.py:536} INFO - Filling up the DagBag from /home/airflow/.local/lib/python3.8/site-packages/airflow/example_dags/example_short_circuit_operator.py
[2023-11-29T20:57:42.504+0000] {processor.py:839} INFO - DAG(s) dict_keys(['example_short_circuit_operator']) retrieved from /home/airflow/.local/lib/python3.8/site-packages/airflow/example_dags/example_short_circuit_operator.py
[2023-11-29T20:57:42.518+0000] {logging_mixin.py:154} INFO - [2023-11-29T20:57:42.518+0000] {dag.py:2941} INFO - Sync 1 DAGs
[2023-11-29T20:57:42.529+0000] {logging_mixin.py:154} INFO - [2023-11-29T20:57:42.529+0000] {dag.py:3722} INFO - Setting next_dagrun for example_short_circuit_operator to 2023-11-28T20:57:42.529706+00:00, run_after=2023-11-29T20:57:42.529706+00:00
[2023-11-29T20:57:42.539+0000] {processor.py:179} INFO - Processing /home/airflow/.local/lib/python3.8/site-packages/airflow/example_dags/example_short_circuit_operator.py took 0.043 seconds
[2023-11-29T20:58:12.571+0000] {processor.py:157} INFO - Started process (PID=755) to work on /home/airflow/.local/lib/python3.8/site-packages/airflow/example_dags/example_short_circuit_operator.py
[2023-11-29T20:58:12.572+0000] {processor.py:829} INFO - Processing file /home/airflow/.local/lib/python3.8/site-packages/airflow/example_dags/example_short_circuit_operator.py for tasks to queue
[2023-11-29T20:58:12.574+0000] {logging_mixin.py:154} INFO - [2023-11-29T20:58:12.573+0000] {dagbag.py:536} INFO - Filling up the DagBag from /home/airflow/.local/lib/python3.8/site-packages/airflow/example_dags/example_short_circuit_operator.py
[2023-11-29T20:58:12.578+0000] {processor.py:839} INFO - DAG(s) dict_keys(['example_short_circuit_operator']) retrieved from /home/airflow/.local/lib/python3.8/site-packages/airflow/example_dags/example_short_circuit_operator.py
[2023-11-29T20:58:12.592+0000] {logging_mixin.py:154} INFO - [2023-11-29T20:58:12.592+0000] {dag.py:2941} INFO - Sync 1 DAGs
[2023-11-29T20:58:12.605+0000] {logging_mixin.py:154} INFO - [2023-11-29T20:58:12.605+0000] {dag.py:3722} INFO - Setting next_dagrun for example_short_circuit_operator to 2023-11-28T20:58:12.604935+00:00, run_after=2023-11-29T20:58:12.604935+00:00
[2023-11-29T20:58:12.615+0000] {processor.py:179} INFO - Processing /home/airflow/.local/lib/python3.8/site-packages/airflow/example_dags/example_short_circuit_operator.py took 0.046 seconds
[2023-11-29T20:58:42.747+0000] {processor.py:157} INFO - Started process (PID=809) to work on /home/airflow/.local/lib/python3.8/site-packages/airflow/example_dags/example_short_circuit_operator.py
[2023-11-29T20:58:42.748+0000] {processor.py:829} INFO - Processing file /home/airflow/.local/lib/python3.8/site-packages/airflow/example_dags/example_short_circuit_operator.py for tasks to queue
[2023-11-29T20:58:42.749+0000] {logging_mixin.py:154} INFO - [2023-11-29T20:58:42.749+0000] {dagbag.py:536} INFO - Filling up the DagBag from /home/airflow/.local/lib/python3.8/site-packages/airflow/example_dags/example_short_circuit_operator.py
[2023-11-29T20:58:42.754+0000] {processor.py:839} INFO - DAG(s) dict_keys(['example_short_circuit_operator']) retrieved from /home/airflow/.local/lib/python3.8/site-packages/airflow/example_dags/example_short_circuit_operator.py
[2023-11-29T20:58:42.768+0000] {logging_mixin.py:154} INFO - [2023-11-29T20:58:42.767+0000] {dag.py:2941} INFO - Sync 1 DAGs
[2023-11-29T20:58:42.780+0000] {logging_mixin.py:154} INFO - [2023-11-29T20:58:42.780+0000] {dag.py:3722} INFO - Setting next_dagrun for example_short_circuit_operator to 2023-11-28T20:58:42.780278+00:00, run_after=2023-11-29T20:58:42.780278+00:00
[2023-11-29T20:58:42.790+0000] {processor.py:179} INFO - Processing /home/airflow/.local/lib/python3.8/site-packages/airflow/example_dags/example_short_circuit_operator.py took 0.045 seconds
[2023-11-29T20:59:13.661+0000] {processor.py:157} INFO - Started process (PID=863) to work on /home/airflow/.local/lib/python3.8/site-packages/airflow/example_dags/example_short_circuit_operator.py
[2023-11-29T20:59:13.662+0000] {processor.py:829} INFO - Processing file /home/airflow/.local/lib/python3.8/site-packages/airflow/example_dags/example_short_circuit_operator.py for tasks to queue
[2023-11-29T20:59:13.663+0000] {logging_mixin.py:154} INFO - [2023-11-29T20:59:13.663+0000] {dagbag.py:536} INFO - Filling up the DagBag from /home/airflow/.local/lib/python3.8/site-packages/airflow/example_dags/example_short_circuit_operator.py
[2023-11-29T20:59:13.668+0000] {processor.py:839} INFO - DAG(s) dict_keys(['example_short_circuit_operator']) retrieved from /home/airflow/.local/lib/python3.8/site-packages/airflow/example_dags/example_short_circuit_operator.py
[2023-11-29T20:59:13.682+0000] {logging_mixin.py:154} INFO - [2023-11-29T20:59:13.682+0000] {dag.py:2941} INFO - Sync 1 DAGs
[2023-11-29T20:59:13.694+0000] {logging_mixin.py:154} INFO - [2023-11-29T20:59:13.694+0000] {dag.py:3722} INFO - Setting next_dagrun for example_short_circuit_operator to 2023-11-28T20:59:13.694013+00:00, run_after=2023-11-29T20:59:13.694013+00:00
[2023-11-29T20:59:13.703+0000] {processor.py:179} INFO - Processing /home/airflow/.local/lib/python3.8/site-packages/airflow/example_dags/example_short_circuit_operator.py took 0.044 seconds
[2023-11-29T20:59:44.480+0000] {processor.py:157} INFO - Started process (PID=917) to work on /home/airflow/.local/lib/python3.8/site-packages/airflow/example_dags/example_short_circuit_operator.py
[2023-11-29T20:59:44.480+0000] {processor.py:829} INFO - Processing file /home/airflow/.local/lib/python3.8/site-packages/airflow/example_dags/example_short_circuit_operator.py for tasks to queue
[2023-11-29T20:59:44.482+0000] {logging_mixin.py:154} INFO - [2023-11-29T20:59:44.482+0000] {dagbag.py:536} INFO - Filling up the DagBag from /home/airflow/.local/lib/python3.8/site-packages/airflow/example_dags/example_short_circuit_operator.py
[2023-11-29T20:59:44.487+0000] {processor.py:839} INFO - DAG(s) dict_keys(['example_short_circuit_operator']) retrieved from /home/airflow/.local/lib/python3.8/site-packages/airflow/example_dags/example_short_circuit_operator.py
[2023-11-29T20:59:44.500+0000] {logging_mixin.py:154} INFO - [2023-11-29T20:59:44.500+0000] {dag.py:2941} INFO - Sync 1 DAGs
[2023-11-29T20:59:44.512+0000] {logging_mixin.py:154} INFO - [2023-11-29T20:59:44.512+0000] {dag.py:3722} INFO - Setting next_dagrun for example_short_circuit_operator to 2023-11-28T20:59:44.512477+00:00, run_after=2023-11-29T20:59:44.512477+00:00
[2023-11-29T20:59:44.522+0000] {processor.py:179} INFO - Processing /home/airflow/.local/lib/python3.8/site-packages/airflow/example_dags/example_short_circuit_operator.py took 0.044 seconds
[2023-11-29T21:00:15.280+0000] {processor.py:157} INFO - Started process (PID=971) to work on /home/airflow/.local/lib/python3.8/site-packages/airflow/example_dags/example_short_circuit_operator.py
[2023-11-29T21:00:15.280+0000] {processor.py:829} INFO - Processing file /home/airflow/.local/lib/python3.8/site-packages/airflow/example_dags/example_short_circuit_operator.py for tasks to queue
[2023-11-29T21:00:15.282+0000] {logging_mixin.py:154} INFO - [2023-11-29T21:00:15.282+0000] {dagbag.py:536} INFO - Filling up the DagBag from /home/airflow/.local/lib/python3.8/site-packages/airflow/example_dags/example_short_circuit_operator.py
[2023-11-29T21:00:15.287+0000] {processor.py:839} INFO - DAG(s) dict_keys(['example_short_circuit_operator']) retrieved from /home/airflow/.local/lib/python3.8/site-packages/airflow/example_dags/example_short_circuit_operator.py
[2023-11-29T21:00:15.302+0000] {logging_mixin.py:154} INFO - [2023-11-29T21:00:15.301+0000] {dag.py:2941} INFO - Sync 1 DAGs
[2023-11-29T21:00:15.315+0000] {logging_mixin.py:154} INFO - [2023-11-29T21:00:15.315+0000] {dag.py:3722} INFO - Setting next_dagrun for example_short_circuit_operator to 2023-11-28T21:00:15.315034+00:00, run_after=2023-11-29T21:00:15.315034+00:00
[2023-11-29T21:00:15.325+0000] {processor.py:179} INFO - Processing /home/airflow/.local/lib/python3.8/site-packages/airflow/example_dags/example_short_circuit_operator.py took 0.048 seconds
[2023-11-29T21:00:46.236+0000] {processor.py:157} INFO - Started process (PID=1025) to work on /home/airflow/.local/lib/python3.8/site-packages/airflow/example_dags/example_short_circuit_operator.py
[2023-11-29T21:00:46.237+0000] {processor.py:829} INFO - Processing file /home/airflow/.local/lib/python3.8/site-packages/airflow/example_dags/example_short_circuit_operator.py for tasks to queue
[2023-11-29T21:00:46.238+0000] {logging_mixin.py:154} INFO - [2023-11-29T21:00:46.238+0000] {dagbag.py:536} INFO - Filling up the DagBag from /home/airflow/.local/lib/python3.8/site-packages/airflow/example_dags/example_short_circuit_operator.py
[2023-11-29T21:00:46.243+0000] {processor.py:839} INFO - DAG(s) dict_keys(['example_short_circuit_operator']) retrieved from /home/airflow/.local/lib/python3.8/site-packages/airflow/example_dags/example_short_circuit_operator.py
[2023-11-29T21:00:46.258+0000] {logging_mixin.py:154} INFO - [2023-11-29T21:00:46.258+0000] {dag.py:2941} INFO - Sync 1 DAGs
[2023-11-29T21:00:46.270+0000] {logging_mixin.py:154} INFO - [2023-11-29T21:00:46.270+0000] {dag.py:3722} INFO - Setting next_dagrun for example_short_circuit_operator to 2023-11-28T21:00:46.270582+00:00, run_after=2023-11-29T21:00:46.270582+00:00
[2023-11-29T21:00:46.280+0000] {processor.py:179} INFO - Processing /home/airflow/.local/lib/python3.8/site-packages/airflow/example_dags/example_short_circuit_operator.py took 0.046 seconds
[2023-11-29T21:01:17.220+0000] {processor.py:157} INFO - Started process (PID=1079) to work on /home/airflow/.local/lib/python3.8/site-packages/airflow/example_dags/example_short_circuit_operator.py
[2023-11-29T21:01:17.221+0000] {processor.py:829} INFO - Processing file /home/airflow/.local/lib/python3.8/site-packages/airflow/example_dags/example_short_circuit_operator.py for tasks to queue
[2023-11-29T21:01:17.222+0000] {logging_mixin.py:154} INFO - [2023-11-29T21:01:17.222+0000] {dagbag.py:536} INFO - Filling up the DagBag from /home/airflow/.local/lib/python3.8/site-packages/airflow/example_dags/example_short_circuit_operator.py
[2023-11-29T21:01:17.227+0000] {processor.py:839} INFO - DAG(s) dict_keys(['example_short_circuit_operator']) retrieved from /home/airflow/.local/lib/python3.8/site-packages/airflow/example_dags/example_short_circuit_operator.py
[2023-11-29T21:01:17.241+0000] {logging_mixin.py:154} INFO - [2023-11-29T21:01:17.241+0000] {dag.py:2941} INFO - Sync 1 DAGs
[2023-11-29T21:01:17.253+0000] {logging_mixin.py:154} INFO - [2023-11-29T21:01:17.253+0000] {dag.py:3722} INFO - Setting next_dagrun for example_short_circuit_operator to 2023-11-28T21:01:17.253248+00:00, run_after=2023-11-29T21:01:17.253248+00:00
[2023-11-29T21:01:17.263+0000] {processor.py:179} INFO - Processing /home/airflow/.local/lib/python3.8/site-packages/airflow/example_dags/example_short_circuit_operator.py took 0.045 seconds
[2023-11-29T21:01:48.048+0000] {processor.py:157} INFO - Started process (PID=1133) to work on /home/airflow/.local/lib/python3.8/site-packages/airflow/example_dags/example_short_circuit_operator.py
[2023-11-29T21:01:48.049+0000] {processor.py:829} INFO - Processing file /home/airflow/.local/lib/python3.8/site-packages/airflow/example_dags/example_short_circuit_operator.py for tasks to queue
[2023-11-29T21:01:48.051+0000] {logging_mixin.py:154} INFO - [2023-11-29T21:01:48.051+0000] {dagbag.py:536} INFO - Filling up the DagBag from /home/airflow/.local/lib/python3.8/site-packages/airflow/example_dags/example_short_circuit_operator.py
[2023-11-29T21:01:48.056+0000] {processor.py:839} INFO - DAG(s) dict_keys(['example_short_circuit_operator']) retrieved from /home/airflow/.local/lib/python3.8/site-packages/airflow/example_dags/example_short_circuit_operator.py
[2023-11-29T21:01:48.070+0000] {logging_mixin.py:154} INFO - [2023-11-29T21:01:48.070+0000] {dag.py:2941} INFO - Sync 1 DAGs
[2023-11-29T21:01:48.083+0000] {logging_mixin.py:154} INFO - [2023-11-29T21:01:48.083+0000] {dag.py:3722} INFO - Setting next_dagrun for example_short_circuit_operator to 2023-11-28T21:01:48.082906+00:00, run_after=2023-11-29T21:01:48.082906+00:00
[2023-11-29T21:01:48.093+0000] {processor.py:179} INFO - Processing /home/airflow/.local/lib/python3.8/site-packages/airflow/example_dags/example_short_circuit_operator.py took 0.047 seconds
[2023-11-29T21:41:07.901+0000] {processor.py:157} INFO - Started process (PID=46) to work on /home/airflow/.local/lib/python3.8/site-packages/airflow/example_dags/example_short_circuit_operator.py
[2023-11-29T21:41:07.902+0000] {processor.py:829} INFO - Processing file /home/airflow/.local/lib/python3.8/site-packages/airflow/example_dags/example_short_circuit_operator.py for tasks to queue
[2023-11-29T21:41:07.904+0000] {logging_mixin.py:154} INFO - [2023-11-29T21:41:07.904+0000] {dagbag.py:536} INFO - Filling up the DagBag from /home/airflow/.local/lib/python3.8/site-packages/airflow/example_dags/example_short_circuit_operator.py
[2023-11-29T21:41:07.912+0000] {processor.py:839} INFO - DAG(s) dict_keys(['example_short_circuit_operator']) retrieved from /home/airflow/.local/lib/python3.8/site-packages/airflow/example_dags/example_short_circuit_operator.py
[2023-11-29T21:41:07.984+0000] {logging_mixin.py:154} INFO - [2023-11-29T21:41:07.984+0000] {manager.py:499} INFO - Created Permission View: %s
[2023-11-29T21:41:07.989+0000] {logging_mixin.py:154} INFO - [2023-11-29T21:41:07.989+0000] {manager.py:499} INFO - Created Permission View: %s
[2023-11-29T21:41:07.993+0000] {logging_mixin.py:154} INFO - [2023-11-29T21:41:07.993+0000] {manager.py:499} INFO - Created Permission View: %s
[2023-11-29T21:41:07.993+0000] {logging_mixin.py:154} INFO - [2023-11-29T21:41:07.993+0000] {dag.py:2941} INFO - Sync 1 DAGs
[2023-11-29T21:41:07.999+0000] {logging_mixin.py:154} INFO - [2023-11-29T21:41:07.999+0000] {dag.py:2963} INFO - Creating ORM DAG for example_short_circuit_operator
[2023-11-29T21:41:08.005+0000] {logging_mixin.py:154} INFO - [2023-11-29T21:41:08.005+0000] {dag.py:3722} INFO - Setting next_dagrun for example_short_circuit_operator to 2023-11-28T21:41:08.005249+00:00, run_after=2023-11-29T21:41:08.005249+00:00
[2023-11-29T21:41:08.016+0000] {processor.py:179} INFO - Processing /home/airflow/.local/lib/python3.8/site-packages/airflow/example_dags/example_short_circuit_operator.py took 0.117 seconds
[2023-11-29T21:41:38.039+0000] {processor.py:157} INFO - Started process (PID=100) to work on /home/airflow/.local/lib/python3.8/site-packages/airflow/example_dags/example_short_circuit_operator.py
[2023-11-29T21:41:38.040+0000] {processor.py:829} INFO - Processing file /home/airflow/.local/lib/python3.8/site-packages/airflow/example_dags/example_short_circuit_operator.py for tasks to queue
[2023-11-29T21:41:38.041+0000] {logging_mixin.py:154} INFO - [2023-11-29T21:41:38.041+0000] {dagbag.py:536} INFO - Filling up the DagBag from /home/airflow/.local/lib/python3.8/site-packages/airflow/example_dags/example_short_circuit_operator.py
[2023-11-29T21:41:38.046+0000] {processor.py:839} INFO - DAG(s) dict_keys(['example_short_circuit_operator']) retrieved from /home/airflow/.local/lib/python3.8/site-packages/airflow/example_dags/example_short_circuit_operator.py
[2023-11-29T21:41:38.060+0000] {logging_mixin.py:154} INFO - [2023-11-29T21:41:38.060+0000] {dag.py:2941} INFO - Sync 1 DAGs
[2023-11-29T21:41:38.072+0000] {logging_mixin.py:154} INFO - [2023-11-29T21:41:38.072+0000] {dag.py:3722} INFO - Setting next_dagrun for example_short_circuit_operator to 2023-11-28T21:41:38.072482+00:00, run_after=2023-11-29T21:41:38.072482+00:00
[2023-11-29T21:41:38.081+0000] {processor.py:179} INFO - Processing /home/airflow/.local/lib/python3.8/site-packages/airflow/example_dags/example_short_circuit_operator.py took 0.045 seconds
[2023-11-29T21:42:08.652+0000] {processor.py:157} INFO - Started process (PID=154) to work on /home/airflow/.local/lib/python3.8/site-packages/airflow/example_dags/example_short_circuit_operator.py
[2023-11-29T21:42:08.652+0000] {processor.py:829} INFO - Processing file /home/airflow/.local/lib/python3.8/site-packages/airflow/example_dags/example_short_circuit_operator.py for tasks to queue
[2023-11-29T21:42:08.654+0000] {logging_mixin.py:154} INFO - [2023-11-29T21:42:08.654+0000] {dagbag.py:536} INFO - Filling up the DagBag from /home/airflow/.local/lib/python3.8/site-packages/airflow/example_dags/example_short_circuit_operator.py
[2023-11-29T21:42:08.659+0000] {processor.py:839} INFO - DAG(s) dict_keys(['example_short_circuit_operator']) retrieved from /home/airflow/.local/lib/python3.8/site-packages/airflow/example_dags/example_short_circuit_operator.py
[2023-11-29T21:42:08.673+0000] {logging_mixin.py:154} INFO - [2023-11-29T21:42:08.673+0000] {dag.py:2941} INFO - Sync 1 DAGs
[2023-11-29T21:42:08.685+0000] {logging_mixin.py:154} INFO - [2023-11-29T21:42:08.685+0000] {dag.py:3722} INFO - Setting next_dagrun for example_short_circuit_operator to 2023-11-28T21:42:08.685120+00:00, run_after=2023-11-29T21:42:08.685120+00:00
[2023-11-29T21:42:08.695+0000] {processor.py:179} INFO - Processing /home/airflow/.local/lib/python3.8/site-packages/airflow/example_dags/example_short_circuit_operator.py took 0.045 seconds
[2023-11-29T21:42:39.380+0000] {processor.py:157} INFO - Started process (PID=208) to work on /home/airflow/.local/lib/python3.8/site-packages/airflow/example_dags/example_short_circuit_operator.py
[2023-11-29T21:42:39.380+0000] {processor.py:829} INFO - Processing file /home/airflow/.local/lib/python3.8/site-packages/airflow/example_dags/example_short_circuit_operator.py for tasks to queue
[2023-11-29T21:42:39.382+0000] {logging_mixin.py:154} INFO - [2023-11-29T21:42:39.382+0000] {dagbag.py:536} INFO - Filling up the DagBag from /home/airflow/.local/lib/python3.8/site-packages/airflow/example_dags/example_short_circuit_operator.py
[2023-11-29T21:42:39.387+0000] {processor.py:839} INFO - DAG(s) dict_keys(['example_short_circuit_operator']) retrieved from /home/airflow/.local/lib/python3.8/site-packages/airflow/example_dags/example_short_circuit_operator.py
[2023-11-29T21:42:39.400+0000] {logging_mixin.py:154} INFO - [2023-11-29T21:42:39.400+0000] {dag.py:2941} INFO - Sync 1 DAGs
[2023-11-29T21:42:39.412+0000] {logging_mixin.py:154} INFO - [2023-11-29T21:42:39.412+0000] {dag.py:3722} INFO - Setting next_dagrun for example_short_circuit_operator to 2023-11-28T21:42:39.412267+00:00, run_after=2023-11-29T21:42:39.412267+00:00
[2023-11-29T21:42:39.421+0000] {processor.py:179} INFO - Processing /home/airflow/.local/lib/python3.8/site-packages/airflow/example_dags/example_short_circuit_operator.py took 0.043 seconds
[2023-11-29T21:43:09.532+0000] {processor.py:157} INFO - Started process (PID=262) to work on /home/airflow/.local/lib/python3.8/site-packages/airflow/example_dags/example_short_circuit_operator.py
[2023-11-29T21:43:09.533+0000] {processor.py:829} INFO - Processing file /home/airflow/.local/lib/python3.8/site-packages/airflow/example_dags/example_short_circuit_operator.py for tasks to queue
[2023-11-29T21:43:09.535+0000] {logging_mixin.py:154} INFO - [2023-11-29T21:43:09.534+0000] {dagbag.py:536} INFO - Filling up the DagBag from /home/airflow/.local/lib/python3.8/site-packages/airflow/example_dags/example_short_circuit_operator.py
[2023-11-29T21:43:09.539+0000] {processor.py:839} INFO - DAG(s) dict_keys(['example_short_circuit_operator']) retrieved from /home/airflow/.local/lib/python3.8/site-packages/airflow/example_dags/example_short_circuit_operator.py
[2023-11-29T21:43:09.554+0000] {logging_mixin.py:154} INFO - [2023-11-29T21:43:09.554+0000] {dag.py:2941} INFO - Sync 1 DAGs
[2023-11-29T21:43:09.565+0000] {logging_mixin.py:154} INFO - [2023-11-29T21:43:09.565+0000] {dag.py:3722} INFO - Setting next_dagrun for example_short_circuit_operator to 2023-11-28T21:43:09.565586+00:00, run_after=2023-11-29T21:43:09.565586+00:00
[2023-11-29T21:43:09.574+0000] {processor.py:179} INFO - Processing /home/airflow/.local/lib/python3.8/site-packages/airflow/example_dags/example_short_circuit_operator.py took 0.044 seconds
[2023-11-29T21:43:39.650+0000] {processor.py:157} INFO - Started process (PID=316) to work on /home/airflow/.local/lib/python3.8/site-packages/airflow/example_dags/example_short_circuit_operator.py
[2023-11-29T21:43:39.651+0000] {processor.py:829} INFO - Processing file /home/airflow/.local/lib/python3.8/site-packages/airflow/example_dags/example_short_circuit_operator.py for tasks to queue
[2023-11-29T21:43:39.652+0000] {logging_mixin.py:154} INFO - [2023-11-29T21:43:39.652+0000] {dagbag.py:536} INFO - Filling up the DagBag from /home/airflow/.local/lib/python3.8/site-packages/airflow/example_dags/example_short_circuit_operator.py
[2023-11-29T21:43:39.657+0000] {processor.py:839} INFO - DAG(s) dict_keys(['example_short_circuit_operator']) retrieved from /home/airflow/.local/lib/python3.8/site-packages/airflow/example_dags/example_short_circuit_operator.py
[2023-11-29T21:43:39.671+0000] {logging_mixin.py:154} INFO - [2023-11-29T21:43:39.670+0000] {dag.py:2941} INFO - Sync 1 DAGs
[2023-11-29T21:43:39.683+0000] {logging_mixin.py:154} INFO - [2023-11-29T21:43:39.682+0000] {dag.py:3722} INFO - Setting next_dagrun for example_short_circuit_operator to 2023-11-28T21:43:39.682853+00:00, run_after=2023-11-29T21:43:39.682853+00:00
[2023-11-29T21:43:39.692+0000] {processor.py:179} INFO - Processing /home/airflow/.local/lib/python3.8/site-packages/airflow/example_dags/example_short_circuit_operator.py took 0.044 seconds
[2023-11-29T21:44:09.734+0000] {processor.py:157} INFO - Started process (PID=370) to work on /home/airflow/.local/lib/python3.8/site-packages/airflow/example_dags/example_short_circuit_operator.py
[2023-11-29T21:44:09.735+0000] {processor.py:829} INFO - Processing file /home/airflow/.local/lib/python3.8/site-packages/airflow/example_dags/example_short_circuit_operator.py for tasks to queue
[2023-11-29T21:44:09.736+0000] {logging_mixin.py:154} INFO - [2023-11-29T21:44:09.736+0000] {dagbag.py:536} INFO - Filling up the DagBag from /home/airflow/.local/lib/python3.8/site-packages/airflow/example_dags/example_short_circuit_operator.py
[2023-11-29T21:44:09.741+0000] {processor.py:839} INFO - DAG(s) dict_keys(['example_short_circuit_operator']) retrieved from /home/airflow/.local/lib/python3.8/site-packages/airflow/example_dags/example_short_circuit_operator.py
[2023-11-29T21:44:09.754+0000] {logging_mixin.py:154} INFO - [2023-11-29T21:44:09.754+0000] {dag.py:2941} INFO - Sync 1 DAGs
[2023-11-29T21:44:09.766+0000] {logging_mixin.py:154} INFO - [2023-11-29T21:44:09.766+0000] {dag.py:3722} INFO - Setting next_dagrun for example_short_circuit_operator to 2023-11-28T21:44:09.766093+00:00, run_after=2023-11-29T21:44:09.766093+00:00
[2023-11-29T21:44:09.776+0000] {processor.py:179} INFO - Processing /home/airflow/.local/lib/python3.8/site-packages/airflow/example_dags/example_short_circuit_operator.py took 0.043 seconds
[2023-11-29T21:44:39.896+0000] {processor.py:157} INFO - Started process (PID=423) to work on /home/airflow/.local/lib/python3.8/site-packages/airflow/example_dags/example_short_circuit_operator.py
[2023-11-29T21:44:39.897+0000] {processor.py:829} INFO - Processing file /home/airflow/.local/lib/python3.8/site-packages/airflow/example_dags/example_short_circuit_operator.py for tasks to queue
[2023-11-29T21:44:39.898+0000] {logging_mixin.py:154} INFO - [2023-11-29T21:44:39.898+0000] {dagbag.py:536} INFO - Filling up the DagBag from /home/airflow/.local/lib/python3.8/site-packages/airflow/example_dags/example_short_circuit_operator.py
[2023-11-29T21:44:39.903+0000] {processor.py:839} INFO - DAG(s) dict_keys(['example_short_circuit_operator']) retrieved from /home/airflow/.local/lib/python3.8/site-packages/airflow/example_dags/example_short_circuit_operator.py
[2023-11-29T21:44:39.917+0000] {logging_mixin.py:154} INFO - [2023-11-29T21:44:39.917+0000] {dag.py:2941} INFO - Sync 1 DAGs
[2023-11-29T21:44:39.929+0000] {logging_mixin.py:154} INFO - [2023-11-29T21:44:39.929+0000] {dag.py:3722} INFO - Setting next_dagrun for example_short_circuit_operator to 2023-11-28T21:44:39.929443+00:00, run_after=2023-11-29T21:44:39.929443+00:00
[2023-11-29T21:44:39.938+0000] {processor.py:179} INFO - Processing /home/airflow/.local/lib/python3.8/site-packages/airflow/example_dags/example_short_circuit_operator.py took 0.045 seconds
[2023-11-29T21:45:10.136+0000] {processor.py:157} INFO - Started process (PID=477) to work on /home/airflow/.local/lib/python3.8/site-packages/airflow/example_dags/example_short_circuit_operator.py
[2023-11-29T21:45:10.137+0000] {processor.py:829} INFO - Processing file /home/airflow/.local/lib/python3.8/site-packages/airflow/example_dags/example_short_circuit_operator.py for tasks to queue
[2023-11-29T21:45:10.138+0000] {logging_mixin.py:154} INFO - [2023-11-29T21:45:10.138+0000] {dagbag.py:536} INFO - Filling up the DagBag from /home/airflow/.local/lib/python3.8/site-packages/airflow/example_dags/example_short_circuit_operator.py
[2023-11-29T21:45:10.143+0000] {processor.py:839} INFO - DAG(s) dict_keys(['example_short_circuit_operator']) retrieved from /home/airflow/.local/lib/python3.8/site-packages/airflow/example_dags/example_short_circuit_operator.py
[2023-11-29T21:45:10.156+0000] {logging_mixin.py:154} INFO - [2023-11-29T21:45:10.156+0000] {dag.py:2941} INFO - Sync 1 DAGs
[2023-11-29T21:45:10.168+0000] {logging_mixin.py:154} INFO - [2023-11-29T21:45:10.168+0000] {dag.py:3722} INFO - Setting next_dagrun for example_short_circuit_operator to 2023-11-28T21:45:10.168332+00:00, run_after=2023-11-29T21:45:10.168332+00:00
[2023-11-29T21:45:10.177+0000] {processor.py:179} INFO - Processing /home/airflow/.local/lib/python3.8/site-packages/airflow/example_dags/example_short_circuit_operator.py took 0.044 seconds
[2023-11-29T21:45:40.228+0000] {processor.py:157} INFO - Started process (PID=531) to work on /home/airflow/.local/lib/python3.8/site-packages/airflow/example_dags/example_short_circuit_operator.py
[2023-11-29T21:45:40.228+0000] {processor.py:829} INFO - Processing file /home/airflow/.local/lib/python3.8/site-packages/airflow/example_dags/example_short_circuit_operator.py for tasks to queue
[2023-11-29T21:45:40.230+0000] {logging_mixin.py:154} INFO - [2023-11-29T21:45:40.230+0000] {dagbag.py:536} INFO - Filling up the DagBag from /home/airflow/.local/lib/python3.8/site-packages/airflow/example_dags/example_short_circuit_operator.py
[2023-11-29T21:45:40.234+0000] {processor.py:839} INFO - DAG(s) dict_keys(['example_short_circuit_operator']) retrieved from /home/airflow/.local/lib/python3.8/site-packages/airflow/example_dags/example_short_circuit_operator.py
[2023-11-29T21:45:40.248+0000] {logging_mixin.py:154} INFO - [2023-11-29T21:45:40.248+0000] {dag.py:2941} INFO - Sync 1 DAGs
[2023-11-29T21:45:40.261+0000] {logging_mixin.py:154} INFO - [2023-11-29T21:45:40.261+0000] {dag.py:3722} INFO - Setting next_dagrun for example_short_circuit_operator to 2023-11-28T21:45:40.261235+00:00, run_after=2023-11-29T21:45:40.261235+00:00
[2023-11-29T21:45:40.272+0000] {processor.py:179} INFO - Processing /home/airflow/.local/lib/python3.8/site-packages/airflow/example_dags/example_short_circuit_operator.py took 0.046 seconds
[2023-11-29T21:46:10.428+0000] {processor.py:157} INFO - Started process (PID=585) to work on /home/airflow/.local/lib/python3.8/site-packages/airflow/example_dags/example_short_circuit_operator.py
[2023-11-29T21:46:10.429+0000] {processor.py:829} INFO - Processing file /home/airflow/.local/lib/python3.8/site-packages/airflow/example_dags/example_short_circuit_operator.py for tasks to queue
[2023-11-29T21:46:10.430+0000] {logging_mixin.py:154} INFO - [2023-11-29T21:46:10.430+0000] {dagbag.py:536} INFO - Filling up the DagBag from /home/airflow/.local/lib/python3.8/site-packages/airflow/example_dags/example_short_circuit_operator.py
[2023-11-29T21:46:10.435+0000] {processor.py:839} INFO - DAG(s) dict_keys(['example_short_circuit_operator']) retrieved from /home/airflow/.local/lib/python3.8/site-packages/airflow/example_dags/example_short_circuit_operator.py
[2023-11-29T21:46:10.449+0000] {logging_mixin.py:154} INFO - [2023-11-29T21:46:10.449+0000] {dag.py:2941} INFO - Sync 1 DAGs
[2023-11-29T21:46:10.461+0000] {logging_mixin.py:154} INFO - [2023-11-29T21:46:10.461+0000] {dag.py:3722} INFO - Setting next_dagrun for example_short_circuit_operator to 2023-11-28T21:46:10.460995+00:00, run_after=2023-11-29T21:46:10.460995+00:00
[2023-11-29T21:46:10.471+0000] {processor.py:179} INFO - Processing /home/airflow/.local/lib/python3.8/site-packages/airflow/example_dags/example_short_circuit_operator.py took 0.046 seconds
