[2023-11-29T20:51:39.700+0000] {processor.py:157} INFO - Started process (PID=63) to work on /home/airflow/.local/lib/python3.8/site-packages/airflow/example_dags/example_external_task_marker_dag.py
[2023-11-29T20:51:39.701+0000] {processor.py:829} INFO - Processing file /home/airflow/.local/lib/python3.8/site-packages/airflow/example_dags/example_external_task_marker_dag.py for tasks to queue
[2023-11-29T20:51:39.703+0000] {logging_mixin.py:154} INFO - [2023-11-29T20:51:39.703+0000] {dagbag.py:536} INFO - Filling up the DagBag from /home/airflow/.local/lib/python3.8/site-packages/airflow/example_dags/example_external_task_marker_dag.py
[2023-11-29T20:51:39.709+0000] {processor.py:839} INFO - DAG(s) dict_keys(['example_external_task_marker_parent', 'example_external_task_marker_child']) retrieved from /home/airflow/.local/lib/python3.8/site-packages/airflow/example_dags/example_external_task_marker_dag.py
[2023-11-29T20:51:39.788+0000] {logging_mixin.py:154} INFO - [2023-11-29T20:51:39.788+0000] {dag.py:2941} INFO - Sync 2 DAGs
[2023-11-29T20:51:39.798+0000] {logging_mixin.py:154} INFO - [2023-11-29T20:51:39.798+0000] {dag.py:3722} INFO - Setting next_dagrun for example_external_task_marker_child to None, run_after=None
[2023-11-29T20:51:39.802+0000] {logging_mixin.py:154} INFO - [2023-11-29T20:51:39.802+0000] {dag.py:3722} INFO - Setting next_dagrun for example_external_task_marker_parent to None, run_after=None
[2023-11-29T20:51:39.819+0000] {processor.py:179} INFO - Processing /home/airflow/.local/lib/python3.8/site-packages/airflow/example_dags/example_external_task_marker_dag.py took 0.121 seconds
[2023-11-29T20:52:09.997+0000] {processor.py:157} INFO - Started process (PID=117) to work on /home/airflow/.local/lib/python3.8/site-packages/airflow/example_dags/example_external_task_marker_dag.py
[2023-11-29T20:52:09.998+0000] {processor.py:829} INFO - Processing file /home/airflow/.local/lib/python3.8/site-packages/airflow/example_dags/example_external_task_marker_dag.py for tasks to queue
[2023-11-29T20:52:09.999+0000] {logging_mixin.py:154} INFO - [2023-11-29T20:52:09.999+0000] {dagbag.py:536} INFO - Filling up the DagBag from /home/airflow/.local/lib/python3.8/site-packages/airflow/example_dags/example_external_task_marker_dag.py
[2023-11-29T20:52:10.003+0000] {processor.py:839} INFO - DAG(s) dict_keys(['example_external_task_marker_parent', 'example_external_task_marker_child']) retrieved from /home/airflow/.local/lib/python3.8/site-packages/airflow/example_dags/example_external_task_marker_dag.py
[2023-11-29T20:52:10.012+0000] {logging_mixin.py:154} INFO - [2023-11-29T20:52:10.012+0000] {dag.py:2941} INFO - Sync 2 DAGs
[2023-11-29T20:52:10.020+0000] {logging_mixin.py:154} INFO - [2023-11-29T20:52:10.020+0000] {dag.py:3722} INFO - Setting next_dagrun for example_external_task_marker_child to None, run_after=None
[2023-11-29T20:52:10.022+0000] {logging_mixin.py:154} INFO - [2023-11-29T20:52:10.022+0000] {dag.py:3722} INFO - Setting next_dagrun for example_external_task_marker_parent to None, run_after=None
[2023-11-29T20:52:10.030+0000] {processor.py:179} INFO - Processing /home/airflow/.local/lib/python3.8/site-packages/airflow/example_dags/example_external_task_marker_dag.py took 0.036 seconds
[2023-11-29T20:52:40.841+0000] {processor.py:157} INFO - Started process (PID=171) to work on /home/airflow/.local/lib/python3.8/site-packages/airflow/example_dags/example_external_task_marker_dag.py
[2023-11-29T20:52:40.842+0000] {processor.py:829} INFO - Processing file /home/airflow/.local/lib/python3.8/site-packages/airflow/example_dags/example_external_task_marker_dag.py for tasks to queue
[2023-11-29T20:52:40.843+0000] {logging_mixin.py:154} INFO - [2023-11-29T20:52:40.843+0000] {dagbag.py:536} INFO - Filling up the DagBag from /home/airflow/.local/lib/python3.8/site-packages/airflow/example_dags/example_external_task_marker_dag.py
[2023-11-29T20:52:40.846+0000] {processor.py:839} INFO - DAG(s) dict_keys(['example_external_task_marker_parent', 'example_external_task_marker_child']) retrieved from /home/airflow/.local/lib/python3.8/site-packages/airflow/example_dags/example_external_task_marker_dag.py
[2023-11-29T20:52:40.860+0000] {logging_mixin.py:154} INFO - [2023-11-29T20:52:40.860+0000] {dag.py:2941} INFO - Sync 2 DAGs
[2023-11-29T20:52:40.867+0000] {logging_mixin.py:154} INFO - [2023-11-29T20:52:40.867+0000] {dag.py:3722} INFO - Setting next_dagrun for example_external_task_marker_child to None, run_after=None
[2023-11-29T20:52:40.869+0000] {logging_mixin.py:154} INFO - [2023-11-29T20:52:40.868+0000] {dag.py:3722} INFO - Setting next_dagrun for example_external_task_marker_parent to None, run_after=None
[2023-11-29T20:52:40.877+0000] {processor.py:179} INFO - Processing /home/airflow/.local/lib/python3.8/site-packages/airflow/example_dags/example_external_task_marker_dag.py took 0.038 seconds
[2023-11-29T20:53:10.999+0000] {processor.py:157} INFO - Started process (PID=225) to work on /home/airflow/.local/lib/python3.8/site-packages/airflow/example_dags/example_external_task_marker_dag.py
[2023-11-29T20:53:11.000+0000] {processor.py:829} INFO - Processing file /home/airflow/.local/lib/python3.8/site-packages/airflow/example_dags/example_external_task_marker_dag.py for tasks to queue
[2023-11-29T20:53:11.001+0000] {logging_mixin.py:154} INFO - [2023-11-29T20:53:11.001+0000] {dagbag.py:536} INFO - Filling up the DagBag from /home/airflow/.local/lib/python3.8/site-packages/airflow/example_dags/example_external_task_marker_dag.py
[2023-11-29T20:53:11.006+0000] {processor.py:839} INFO - DAG(s) dict_keys(['example_external_task_marker_child', 'example_external_task_marker_parent']) retrieved from /home/airflow/.local/lib/python3.8/site-packages/airflow/example_dags/example_external_task_marker_dag.py
[2023-11-29T20:53:11.021+0000] {logging_mixin.py:154} INFO - [2023-11-29T20:53:11.020+0000] {dag.py:2941} INFO - Sync 2 DAGs
[2023-11-29T20:53:11.028+0000] {logging_mixin.py:154} INFO - [2023-11-29T20:53:11.028+0000] {dag.py:3722} INFO - Setting next_dagrun for example_external_task_marker_child to None, run_after=None
[2023-11-29T20:53:11.030+0000] {logging_mixin.py:154} INFO - [2023-11-29T20:53:11.030+0000] {dag.py:3722} INFO - Setting next_dagrun for example_external_task_marker_parent to None, run_after=None
[2023-11-29T20:53:11.038+0000] {processor.py:179} INFO - Processing /home/airflow/.local/lib/python3.8/site-packages/airflow/example_dags/example_external_task_marker_dag.py took 0.042 seconds
[2023-11-29T20:53:41.194+0000] {processor.py:157} INFO - Started process (PID=279) to work on /home/airflow/.local/lib/python3.8/site-packages/airflow/example_dags/example_external_task_marker_dag.py
[2023-11-29T20:53:41.195+0000] {processor.py:829} INFO - Processing file /home/airflow/.local/lib/python3.8/site-packages/airflow/example_dags/example_external_task_marker_dag.py for tasks to queue
[2023-11-29T20:53:41.197+0000] {logging_mixin.py:154} INFO - [2023-11-29T20:53:41.196+0000] {dagbag.py:536} INFO - Filling up the DagBag from /home/airflow/.local/lib/python3.8/site-packages/airflow/example_dags/example_external_task_marker_dag.py
[2023-11-29T20:53:41.201+0000] {processor.py:839} INFO - DAG(s) dict_keys(['example_external_task_marker_child', 'example_external_task_marker_parent']) retrieved from /home/airflow/.local/lib/python3.8/site-packages/airflow/example_dags/example_external_task_marker_dag.py
[2023-11-29T20:53:41.217+0000] {logging_mixin.py:154} INFO - [2023-11-29T20:53:41.217+0000] {dag.py:2941} INFO - Sync 2 DAGs
[2023-11-29T20:53:41.225+0000] {logging_mixin.py:154} INFO - [2023-11-29T20:53:41.224+0000] {dag.py:3722} INFO - Setting next_dagrun for example_external_task_marker_child to None, run_after=None
[2023-11-29T20:53:41.227+0000] {logging_mixin.py:154} INFO - [2023-11-29T20:53:41.227+0000] {dag.py:3722} INFO - Setting next_dagrun for example_external_task_marker_parent to None, run_after=None
[2023-11-29T20:53:41.236+0000] {processor.py:179} INFO - Processing /home/airflow/.local/lib/python3.8/site-packages/airflow/example_dags/example_external_task_marker_dag.py took 0.044 seconds
[2023-11-29T20:54:11.293+0000] {processor.py:157} INFO - Started process (PID=333) to work on /home/airflow/.local/lib/python3.8/site-packages/airflow/example_dags/example_external_task_marker_dag.py
[2023-11-29T20:54:11.294+0000] {processor.py:829} INFO - Processing file /home/airflow/.local/lib/python3.8/site-packages/airflow/example_dags/example_external_task_marker_dag.py for tasks to queue
[2023-11-29T20:54:11.295+0000] {logging_mixin.py:154} INFO - [2023-11-29T20:54:11.295+0000] {dagbag.py:536} INFO - Filling up the DagBag from /home/airflow/.local/lib/python3.8/site-packages/airflow/example_dags/example_external_task_marker_dag.py
[2023-11-29T20:54:11.300+0000] {processor.py:839} INFO - DAG(s) dict_keys(['example_external_task_marker_child', 'example_external_task_marker_parent']) retrieved from /home/airflow/.local/lib/python3.8/site-packages/airflow/example_dags/example_external_task_marker_dag.py
[2023-11-29T20:54:11.315+0000] {logging_mixin.py:154} INFO - [2023-11-29T20:54:11.315+0000] {dag.py:2941} INFO - Sync 2 DAGs
[2023-11-29T20:54:11.323+0000] {logging_mixin.py:154} INFO - [2023-11-29T20:54:11.323+0000] {dag.py:3722} INFO - Setting next_dagrun for example_external_task_marker_child to None, run_after=None
[2023-11-29T20:54:11.325+0000] {logging_mixin.py:154} INFO - [2023-11-29T20:54:11.325+0000] {dag.py:3722} INFO - Setting next_dagrun for example_external_task_marker_parent to None, run_after=None
[2023-11-29T20:54:11.334+0000] {processor.py:179} INFO - Processing /home/airflow/.local/lib/python3.8/site-packages/airflow/example_dags/example_external_task_marker_dag.py took 0.043 seconds
[2023-11-29T20:54:41.389+0000] {processor.py:157} INFO - Started process (PID=387) to work on /home/airflow/.local/lib/python3.8/site-packages/airflow/example_dags/example_external_task_marker_dag.py
[2023-11-29T20:54:41.390+0000] {processor.py:829} INFO - Processing file /home/airflow/.local/lib/python3.8/site-packages/airflow/example_dags/example_external_task_marker_dag.py for tasks to queue
[2023-11-29T20:54:41.391+0000] {logging_mixin.py:154} INFO - [2023-11-29T20:54:41.391+0000] {dagbag.py:536} INFO - Filling up the DagBag from /home/airflow/.local/lib/python3.8/site-packages/airflow/example_dags/example_external_task_marker_dag.py
[2023-11-29T20:54:41.395+0000] {processor.py:839} INFO - DAG(s) dict_keys(['example_external_task_marker_parent', 'example_external_task_marker_child']) retrieved from /home/airflow/.local/lib/python3.8/site-packages/airflow/example_dags/example_external_task_marker_dag.py
[2023-11-29T20:54:41.410+0000] {logging_mixin.py:154} INFO - [2023-11-29T20:54:41.409+0000] {dag.py:2941} INFO - Sync 2 DAGs
[2023-11-29T20:54:41.417+0000] {logging_mixin.py:154} INFO - [2023-11-29T20:54:41.417+0000] {dag.py:3722} INFO - Setting next_dagrun for example_external_task_marker_child to None, run_after=None
[2023-11-29T20:54:41.419+0000] {logging_mixin.py:154} INFO - [2023-11-29T20:54:41.419+0000] {dag.py:3722} INFO - Setting next_dagrun for example_external_task_marker_parent to None, run_after=None
[2023-11-29T20:54:41.428+0000] {processor.py:179} INFO - Processing /home/airflow/.local/lib/python3.8/site-packages/airflow/example_dags/example_external_task_marker_dag.py took 0.041 seconds
[2023-11-29T20:55:11.459+0000] {processor.py:157} INFO - Started process (PID=441) to work on /home/airflow/.local/lib/python3.8/site-packages/airflow/example_dags/example_external_task_marker_dag.py
[2023-11-29T20:55:11.460+0000] {processor.py:829} INFO - Processing file /home/airflow/.local/lib/python3.8/site-packages/airflow/example_dags/example_external_task_marker_dag.py for tasks to queue
[2023-11-29T20:55:11.461+0000] {logging_mixin.py:154} INFO - [2023-11-29T20:55:11.461+0000] {dagbag.py:536} INFO - Filling up the DagBag from /home/airflow/.local/lib/python3.8/site-packages/airflow/example_dags/example_external_task_marker_dag.py
[2023-11-29T20:55:11.465+0000] {processor.py:839} INFO - DAG(s) dict_keys(['example_external_task_marker_parent', 'example_external_task_marker_child']) retrieved from /home/airflow/.local/lib/python3.8/site-packages/airflow/example_dags/example_external_task_marker_dag.py
[2023-11-29T20:55:11.479+0000] {logging_mixin.py:154} INFO - [2023-11-29T20:55:11.479+0000] {dag.py:2941} INFO - Sync 2 DAGs
[2023-11-29T20:55:11.486+0000] {logging_mixin.py:154} INFO - [2023-11-29T20:55:11.486+0000] {dag.py:3722} INFO - Setting next_dagrun for example_external_task_marker_child to None, run_after=None
[2023-11-29T20:55:11.488+0000] {logging_mixin.py:154} INFO - [2023-11-29T20:55:11.488+0000] {dag.py:3722} INFO - Setting next_dagrun for example_external_task_marker_parent to None, run_after=None
[2023-11-29T20:55:11.496+0000] {processor.py:179} INFO - Processing /home/airflow/.local/lib/python3.8/site-packages/airflow/example_dags/example_external_task_marker_dag.py took 0.039 seconds
[2023-11-29T20:55:41.585+0000] {processor.py:157} INFO - Started process (PID=495) to work on /home/airflow/.local/lib/python3.8/site-packages/airflow/example_dags/example_external_task_marker_dag.py
[2023-11-29T20:55:41.586+0000] {processor.py:829} INFO - Processing file /home/airflow/.local/lib/python3.8/site-packages/airflow/example_dags/example_external_task_marker_dag.py for tasks to queue
[2023-11-29T20:55:41.587+0000] {logging_mixin.py:154} INFO - [2023-11-29T20:55:41.587+0000] {dagbag.py:536} INFO - Filling up the DagBag from /home/airflow/.local/lib/python3.8/site-packages/airflow/example_dags/example_external_task_marker_dag.py
[2023-11-29T20:55:41.592+0000] {processor.py:839} INFO - DAG(s) dict_keys(['example_external_task_marker_child', 'example_external_task_marker_parent']) retrieved from /home/airflow/.local/lib/python3.8/site-packages/airflow/example_dags/example_external_task_marker_dag.py
[2023-11-29T20:55:41.608+0000] {logging_mixin.py:154} INFO - [2023-11-29T20:55:41.608+0000] {dag.py:2941} INFO - Sync 2 DAGs
[2023-11-29T20:55:41.616+0000] {logging_mixin.py:154} INFO - [2023-11-29T20:55:41.616+0000] {dag.py:3722} INFO - Setting next_dagrun for example_external_task_marker_child to None, run_after=None
[2023-11-29T20:55:41.618+0000] {logging_mixin.py:154} INFO - [2023-11-29T20:55:41.618+0000] {dag.py:3722} INFO - Setting next_dagrun for example_external_task_marker_parent to None, run_after=None
[2023-11-29T20:55:41.627+0000] {processor.py:179} INFO - Processing /home/airflow/.local/lib/python3.8/site-packages/airflow/example_dags/example_external_task_marker_dag.py took 0.044 seconds
[2023-11-29T20:56:11.683+0000] {processor.py:157} INFO - Started process (PID=549) to work on /home/airflow/.local/lib/python3.8/site-packages/airflow/example_dags/example_external_task_marker_dag.py
[2023-11-29T20:56:11.683+0000] {processor.py:829} INFO - Processing file /home/airflow/.local/lib/python3.8/site-packages/airflow/example_dags/example_external_task_marker_dag.py for tasks to queue
[2023-11-29T20:56:11.685+0000] {logging_mixin.py:154} INFO - [2023-11-29T20:56:11.685+0000] {dagbag.py:536} INFO - Filling up the DagBag from /home/airflow/.local/lib/python3.8/site-packages/airflow/example_dags/example_external_task_marker_dag.py
[2023-11-29T20:56:11.688+0000] {processor.py:839} INFO - DAG(s) dict_keys(['example_external_task_marker_parent', 'example_external_task_marker_child']) retrieved from /home/airflow/.local/lib/python3.8/site-packages/airflow/example_dags/example_external_task_marker_dag.py
[2023-11-29T20:56:11.702+0000] {logging_mixin.py:154} INFO - [2023-11-29T20:56:11.702+0000] {dag.py:2941} INFO - Sync 2 DAGs
[2023-11-29T20:56:11.709+0000] {logging_mixin.py:154} INFO - [2023-11-29T20:56:11.709+0000] {dag.py:3722} INFO - Setting next_dagrun for example_external_task_marker_child to None, run_after=None
[2023-11-29T20:56:11.711+0000] {logging_mixin.py:154} INFO - [2023-11-29T20:56:11.711+0000] {dag.py:3722} INFO - Setting next_dagrun for example_external_task_marker_parent to None, run_after=None
[2023-11-29T20:56:11.721+0000] {processor.py:179} INFO - Processing /home/airflow/.local/lib/python3.8/site-packages/airflow/example_dags/example_external_task_marker_dag.py took 0.040 seconds
[2023-11-29T20:56:42.640+0000] {processor.py:157} INFO - Started process (PID=603) to work on /home/airflow/.local/lib/python3.8/site-packages/airflow/example_dags/example_external_task_marker_dag.py
[2023-11-29T20:56:42.640+0000] {processor.py:829} INFO - Processing file /home/airflow/.local/lib/python3.8/site-packages/airflow/example_dags/example_external_task_marker_dag.py for tasks to queue
[2023-11-29T20:56:42.642+0000] {logging_mixin.py:154} INFO - [2023-11-29T20:56:42.642+0000] {dagbag.py:536} INFO - Filling up the DagBag from /home/airflow/.local/lib/python3.8/site-packages/airflow/example_dags/example_external_task_marker_dag.py
[2023-11-29T20:56:42.646+0000] {processor.py:839} INFO - DAG(s) dict_keys(['example_external_task_marker_parent', 'example_external_task_marker_child']) retrieved from /home/airflow/.local/lib/python3.8/site-packages/airflow/example_dags/example_external_task_marker_dag.py
[2023-11-29T20:56:42.660+0000] {logging_mixin.py:154} INFO - [2023-11-29T20:56:42.660+0000] {dag.py:2941} INFO - Sync 2 DAGs
[2023-11-29T20:56:42.667+0000] {logging_mixin.py:154} INFO - [2023-11-29T20:56:42.667+0000] {dag.py:3722} INFO - Setting next_dagrun for example_external_task_marker_child to None, run_after=None
[2023-11-29T20:56:42.669+0000] {logging_mixin.py:154} INFO - [2023-11-29T20:56:42.669+0000] {dag.py:3722} INFO - Setting next_dagrun for example_external_task_marker_parent to None, run_after=None
[2023-11-29T20:56:42.678+0000] {processor.py:179} INFO - Processing /home/airflow/.local/lib/python3.8/site-packages/airflow/example_dags/example_external_task_marker_dag.py took 0.041 seconds
[2023-11-29T20:57:12.737+0000] {processor.py:157} INFO - Started process (PID=657) to work on /home/airflow/.local/lib/python3.8/site-packages/airflow/example_dags/example_external_task_marker_dag.py
[2023-11-29T20:57:12.737+0000] {processor.py:829} INFO - Processing file /home/airflow/.local/lib/python3.8/site-packages/airflow/example_dags/example_external_task_marker_dag.py for tasks to queue
[2023-11-29T20:57:12.739+0000] {logging_mixin.py:154} INFO - [2023-11-29T20:57:12.739+0000] {dagbag.py:536} INFO - Filling up the DagBag from /home/airflow/.local/lib/python3.8/site-packages/airflow/example_dags/example_external_task_marker_dag.py
[2023-11-29T20:57:12.742+0000] {processor.py:839} INFO - DAG(s) dict_keys(['example_external_task_marker_parent', 'example_external_task_marker_child']) retrieved from /home/airflow/.local/lib/python3.8/site-packages/airflow/example_dags/example_external_task_marker_dag.py
[2023-11-29T20:57:12.756+0000] {logging_mixin.py:154} INFO - [2023-11-29T20:57:12.756+0000] {dag.py:2941} INFO - Sync 2 DAGs
[2023-11-29T20:57:12.762+0000] {logging_mixin.py:154} INFO - [2023-11-29T20:57:12.762+0000] {dag.py:3722} INFO - Setting next_dagrun for example_external_task_marker_child to None, run_after=None
[2023-11-29T20:57:12.764+0000] {logging_mixin.py:154} INFO - [2023-11-29T20:57:12.764+0000] {dag.py:3722} INFO - Setting next_dagrun for example_external_task_marker_parent to None, run_after=None
[2023-11-29T20:57:12.773+0000] {processor.py:179} INFO - Processing /home/airflow/.local/lib/python3.8/site-packages/airflow/example_dags/example_external_task_marker_dag.py took 0.038 seconds
[2023-11-29T20:57:42.815+0000] {processor.py:157} INFO - Started process (PID=711) to work on /home/airflow/.local/lib/python3.8/site-packages/airflow/example_dags/example_external_task_marker_dag.py
[2023-11-29T20:57:42.816+0000] {processor.py:829} INFO - Processing file /home/airflow/.local/lib/python3.8/site-packages/airflow/example_dags/example_external_task_marker_dag.py for tasks to queue
[2023-11-29T20:57:42.818+0000] {logging_mixin.py:154} INFO - [2023-11-29T20:57:42.818+0000] {dagbag.py:536} INFO - Filling up the DagBag from /home/airflow/.local/lib/python3.8/site-packages/airflow/example_dags/example_external_task_marker_dag.py
[2023-11-29T20:57:42.822+0000] {processor.py:839} INFO - DAG(s) dict_keys(['example_external_task_marker_parent', 'example_external_task_marker_child']) retrieved from /home/airflow/.local/lib/python3.8/site-packages/airflow/example_dags/example_external_task_marker_dag.py
[2023-11-29T20:57:42.836+0000] {logging_mixin.py:154} INFO - [2023-11-29T20:57:42.835+0000] {dag.py:2941} INFO - Sync 2 DAGs
[2023-11-29T20:57:42.842+0000] {logging_mixin.py:154} INFO - [2023-11-29T20:57:42.842+0000] {dag.py:3722} INFO - Setting next_dagrun for example_external_task_marker_child to None, run_after=None
[2023-11-29T20:57:42.844+0000] {logging_mixin.py:154} INFO - [2023-11-29T20:57:42.844+0000] {dag.py:3722} INFO - Setting next_dagrun for example_external_task_marker_parent to None, run_after=None
[2023-11-29T20:57:42.853+0000] {processor.py:179} INFO - Processing /home/airflow/.local/lib/python3.8/site-packages/airflow/example_dags/example_external_task_marker_dag.py took 0.039 seconds
[2023-11-29T20:58:12.899+0000] {processor.py:157} INFO - Started process (PID=765) to work on /home/airflow/.local/lib/python3.8/site-packages/airflow/example_dags/example_external_task_marker_dag.py
[2023-11-29T20:58:12.900+0000] {processor.py:829} INFO - Processing file /home/airflow/.local/lib/python3.8/site-packages/airflow/example_dags/example_external_task_marker_dag.py for tasks to queue
[2023-11-29T20:58:12.902+0000] {logging_mixin.py:154} INFO - [2023-11-29T20:58:12.902+0000] {dagbag.py:536} INFO - Filling up the DagBag from /home/airflow/.local/lib/python3.8/site-packages/airflow/example_dags/example_external_task_marker_dag.py
[2023-11-29T20:58:12.905+0000] {processor.py:839} INFO - DAG(s) dict_keys(['example_external_task_marker_child', 'example_external_task_marker_parent']) retrieved from /home/airflow/.local/lib/python3.8/site-packages/airflow/example_dags/example_external_task_marker_dag.py
[2023-11-29T20:58:12.919+0000] {logging_mixin.py:154} INFO - [2023-11-29T20:58:12.919+0000] {dag.py:2941} INFO - Sync 2 DAGs
[2023-11-29T20:58:12.926+0000] {logging_mixin.py:154} INFO - [2023-11-29T20:58:12.926+0000] {dag.py:3722} INFO - Setting next_dagrun for example_external_task_marker_child to None, run_after=None
[2023-11-29T20:58:12.927+0000] {logging_mixin.py:154} INFO - [2023-11-29T20:58:12.927+0000] {dag.py:3722} INFO - Setting next_dagrun for example_external_task_marker_parent to None, run_after=None
[2023-11-29T20:58:12.936+0000] {processor.py:179} INFO - Processing /home/airflow/.local/lib/python3.8/site-packages/airflow/example_dags/example_external_task_marker_dag.py took 0.039 seconds
[2023-11-29T20:58:43.019+0000] {processor.py:157} INFO - Started process (PID=819) to work on /home/airflow/.local/lib/python3.8/site-packages/airflow/example_dags/example_external_task_marker_dag.py
[2023-11-29T20:58:43.020+0000] {processor.py:829} INFO - Processing file /home/airflow/.local/lib/python3.8/site-packages/airflow/example_dags/example_external_task_marker_dag.py for tasks to queue
[2023-11-29T20:58:43.022+0000] {logging_mixin.py:154} INFO - [2023-11-29T20:58:43.022+0000] {dagbag.py:536} INFO - Filling up the DagBag from /home/airflow/.local/lib/python3.8/site-packages/airflow/example_dags/example_external_task_marker_dag.py
[2023-11-29T20:58:43.025+0000] {processor.py:839} INFO - DAG(s) dict_keys(['example_external_task_marker_child', 'example_external_task_marker_parent']) retrieved from /home/airflow/.local/lib/python3.8/site-packages/airflow/example_dags/example_external_task_marker_dag.py
[2023-11-29T20:58:43.039+0000] {logging_mixin.py:154} INFO - [2023-11-29T20:58:43.039+0000] {dag.py:2941} INFO - Sync 2 DAGs
[2023-11-29T20:58:43.047+0000] {logging_mixin.py:154} INFO - [2023-11-29T20:58:43.047+0000] {dag.py:3722} INFO - Setting next_dagrun for example_external_task_marker_child to None, run_after=None
[2023-11-29T20:58:43.049+0000] {logging_mixin.py:154} INFO - [2023-11-29T20:58:43.049+0000] {dag.py:3722} INFO - Setting next_dagrun for example_external_task_marker_parent to None, run_after=None
[2023-11-29T20:58:43.058+0000] {processor.py:179} INFO - Processing /home/airflow/.local/lib/python3.8/site-packages/airflow/example_dags/example_external_task_marker_dag.py took 0.041 seconds
[2023-11-29T20:59:13.976+0000] {processor.py:157} INFO - Started process (PID=873) to work on /home/airflow/.local/lib/python3.8/site-packages/airflow/example_dags/example_external_task_marker_dag.py
[2023-11-29T20:59:13.977+0000] {processor.py:829} INFO - Processing file /home/airflow/.local/lib/python3.8/site-packages/airflow/example_dags/example_external_task_marker_dag.py for tasks to queue
[2023-11-29T20:59:13.978+0000] {logging_mixin.py:154} INFO - [2023-11-29T20:59:13.978+0000] {dagbag.py:536} INFO - Filling up the DagBag from /home/airflow/.local/lib/python3.8/site-packages/airflow/example_dags/example_external_task_marker_dag.py
[2023-11-29T20:59:13.982+0000] {processor.py:839} INFO - DAG(s) dict_keys(['example_external_task_marker_child', 'example_external_task_marker_parent']) retrieved from /home/airflow/.local/lib/python3.8/site-packages/airflow/example_dags/example_external_task_marker_dag.py
[2023-11-29T20:59:13.996+0000] {logging_mixin.py:154} INFO - [2023-11-29T20:59:13.996+0000] {dag.py:2941} INFO - Sync 2 DAGs
[2023-11-29T20:59:14.003+0000] {logging_mixin.py:154} INFO - [2023-11-29T20:59:14.003+0000] {dag.py:3722} INFO - Setting next_dagrun for example_external_task_marker_child to None, run_after=None
[2023-11-29T20:59:14.005+0000] {logging_mixin.py:154} INFO - [2023-11-29T20:59:14.005+0000] {dag.py:3722} INFO - Setting next_dagrun for example_external_task_marker_parent to None, run_after=None
[2023-11-29T20:59:14.013+0000] {processor.py:179} INFO - Processing /home/airflow/.local/lib/python3.8/site-packages/airflow/example_dags/example_external_task_marker_dag.py took 0.039 seconds
[2023-11-29T20:59:44.755+0000] {processor.py:157} INFO - Started process (PID=927) to work on /home/airflow/.local/lib/python3.8/site-packages/airflow/example_dags/example_external_task_marker_dag.py
[2023-11-29T20:59:44.756+0000] {processor.py:829} INFO - Processing file /home/airflow/.local/lib/python3.8/site-packages/airflow/example_dags/example_external_task_marker_dag.py for tasks to queue
[2023-11-29T20:59:44.758+0000] {logging_mixin.py:154} INFO - [2023-11-29T20:59:44.758+0000] {dagbag.py:536} INFO - Filling up the DagBag from /home/airflow/.local/lib/python3.8/site-packages/airflow/example_dags/example_external_task_marker_dag.py
[2023-11-29T20:59:44.761+0000] {processor.py:839} INFO - DAG(s) dict_keys(['example_external_task_marker_parent', 'example_external_task_marker_child']) retrieved from /home/airflow/.local/lib/python3.8/site-packages/airflow/example_dags/example_external_task_marker_dag.py
[2023-11-29T20:59:44.775+0000] {logging_mixin.py:154} INFO - [2023-11-29T20:59:44.775+0000] {dag.py:2941} INFO - Sync 2 DAGs
[2023-11-29T20:59:44.783+0000] {logging_mixin.py:154} INFO - [2023-11-29T20:59:44.783+0000] {dag.py:3722} INFO - Setting next_dagrun for example_external_task_marker_child to None, run_after=None
[2023-11-29T20:59:44.785+0000] {logging_mixin.py:154} INFO - [2023-11-29T20:59:44.785+0000] {dag.py:3722} INFO - Setting next_dagrun for example_external_task_marker_parent to None, run_after=None
[2023-11-29T20:59:44.794+0000] {processor.py:179} INFO - Processing /home/airflow/.local/lib/python3.8/site-packages/airflow/example_dags/example_external_task_marker_dag.py took 0.041 seconds
[2023-11-29T21:00:15.559+0000] {processor.py:157} INFO - Started process (PID=981) to work on /home/airflow/.local/lib/python3.8/site-packages/airflow/example_dags/example_external_task_marker_dag.py
[2023-11-29T21:00:15.560+0000] {processor.py:829} INFO - Processing file /home/airflow/.local/lib/python3.8/site-packages/airflow/example_dags/example_external_task_marker_dag.py for tasks to queue
[2023-11-29T21:00:15.561+0000] {logging_mixin.py:154} INFO - [2023-11-29T21:00:15.561+0000] {dagbag.py:536} INFO - Filling up the DagBag from /home/airflow/.local/lib/python3.8/site-packages/airflow/example_dags/example_external_task_marker_dag.py
[2023-11-29T21:00:15.565+0000] {processor.py:839} INFO - DAG(s) dict_keys(['example_external_task_marker_child', 'example_external_task_marker_parent']) retrieved from /home/airflow/.local/lib/python3.8/site-packages/airflow/example_dags/example_external_task_marker_dag.py
[2023-11-29T21:00:15.580+0000] {logging_mixin.py:154} INFO - [2023-11-29T21:00:15.580+0000] {dag.py:2941} INFO - Sync 2 DAGs
[2023-11-29T21:00:15.588+0000] {logging_mixin.py:154} INFO - [2023-11-29T21:00:15.588+0000] {dag.py:3722} INFO - Setting next_dagrun for example_external_task_marker_child to None, run_after=None
[2023-11-29T21:00:15.590+0000] {logging_mixin.py:154} INFO - [2023-11-29T21:00:15.590+0000] {dag.py:3722} INFO - Setting next_dagrun for example_external_task_marker_parent to None, run_after=None
[2023-11-29T21:00:15.600+0000] {processor.py:179} INFO - Processing /home/airflow/.local/lib/python3.8/site-packages/airflow/example_dags/example_external_task_marker_dag.py took 0.043 seconds
[2023-11-29T21:00:46.555+0000] {processor.py:157} INFO - Started process (PID=1035) to work on /home/airflow/.local/lib/python3.8/site-packages/airflow/example_dags/example_external_task_marker_dag.py
[2023-11-29T21:00:46.556+0000] {processor.py:829} INFO - Processing file /home/airflow/.local/lib/python3.8/site-packages/airflow/example_dags/example_external_task_marker_dag.py for tasks to queue
[2023-11-29T21:00:46.557+0000] {logging_mixin.py:154} INFO - [2023-11-29T21:00:46.557+0000] {dagbag.py:536} INFO - Filling up the DagBag from /home/airflow/.local/lib/python3.8/site-packages/airflow/example_dags/example_external_task_marker_dag.py
[2023-11-29T21:00:46.561+0000] {processor.py:839} INFO - DAG(s) dict_keys(['example_external_task_marker_child', 'example_external_task_marker_parent']) retrieved from /home/airflow/.local/lib/python3.8/site-packages/airflow/example_dags/example_external_task_marker_dag.py
[2023-11-29T21:00:46.574+0000] {logging_mixin.py:154} INFO - [2023-11-29T21:00:46.574+0000] {dag.py:2941} INFO - Sync 2 DAGs
[2023-11-29T21:00:46.581+0000] {logging_mixin.py:154} INFO - [2023-11-29T21:00:46.581+0000] {dag.py:3722} INFO - Setting next_dagrun for example_external_task_marker_child to None, run_after=None
[2023-11-29T21:00:46.583+0000] {logging_mixin.py:154} INFO - [2023-11-29T21:00:46.583+0000] {dag.py:3722} INFO - Setting next_dagrun for example_external_task_marker_parent to None, run_after=None
[2023-11-29T21:00:46.592+0000] {processor.py:179} INFO - Processing /home/airflow/.local/lib/python3.8/site-packages/airflow/example_dags/example_external_task_marker_dag.py took 0.039 seconds
[2023-11-29T21:01:17.533+0000] {processor.py:157} INFO - Started process (PID=1089) to work on /home/airflow/.local/lib/python3.8/site-packages/airflow/example_dags/example_external_task_marker_dag.py
[2023-11-29T21:01:17.534+0000] {processor.py:829} INFO - Processing file /home/airflow/.local/lib/python3.8/site-packages/airflow/example_dags/example_external_task_marker_dag.py for tasks to queue
[2023-11-29T21:01:17.535+0000] {logging_mixin.py:154} INFO - [2023-11-29T21:01:17.535+0000] {dagbag.py:536} INFO - Filling up the DagBag from /home/airflow/.local/lib/python3.8/site-packages/airflow/example_dags/example_external_task_marker_dag.py
[2023-11-29T21:01:17.539+0000] {processor.py:839} INFO - DAG(s) dict_keys(['example_external_task_marker_child', 'example_external_task_marker_parent']) retrieved from /home/airflow/.local/lib/python3.8/site-packages/airflow/example_dags/example_external_task_marker_dag.py
[2023-11-29T21:01:17.554+0000] {logging_mixin.py:154} INFO - [2023-11-29T21:01:17.554+0000] {dag.py:2941} INFO - Sync 2 DAGs
[2023-11-29T21:01:17.561+0000] {logging_mixin.py:154} INFO - [2023-11-29T21:01:17.561+0000] {dag.py:3722} INFO - Setting next_dagrun for example_external_task_marker_child to None, run_after=None
[2023-11-29T21:01:17.563+0000] {logging_mixin.py:154} INFO - [2023-11-29T21:01:17.563+0000] {dag.py:3722} INFO - Setting next_dagrun for example_external_task_marker_parent to None, run_after=None
[2023-11-29T21:01:17.571+0000] {processor.py:179} INFO - Processing /home/airflow/.local/lib/python3.8/site-packages/airflow/example_dags/example_external_task_marker_dag.py took 0.040 seconds
[2023-11-29T21:01:48.324+0000] {processor.py:157} INFO - Started process (PID=1143) to work on /home/airflow/.local/lib/python3.8/site-packages/airflow/example_dags/example_external_task_marker_dag.py
[2023-11-29T21:01:48.325+0000] {processor.py:829} INFO - Processing file /home/airflow/.local/lib/python3.8/site-packages/airflow/example_dags/example_external_task_marker_dag.py for tasks to queue
[2023-11-29T21:01:48.327+0000] {logging_mixin.py:154} INFO - [2023-11-29T21:01:48.327+0000] {dagbag.py:536} INFO - Filling up the DagBag from /home/airflow/.local/lib/python3.8/site-packages/airflow/example_dags/example_external_task_marker_dag.py
[2023-11-29T21:01:48.331+0000] {processor.py:839} INFO - DAG(s) dict_keys(['example_external_task_marker_child', 'example_external_task_marker_parent']) retrieved from /home/airflow/.local/lib/python3.8/site-packages/airflow/example_dags/example_external_task_marker_dag.py
[2023-11-29T21:01:48.345+0000] {logging_mixin.py:154} INFO - [2023-11-29T21:01:48.345+0000] {dag.py:2941} INFO - Sync 2 DAGs
[2023-11-29T21:01:48.353+0000] {logging_mixin.py:154} INFO - [2023-11-29T21:01:48.352+0000] {dag.py:3722} INFO - Setting next_dagrun for example_external_task_marker_child to None, run_after=None
[2023-11-29T21:01:48.355+0000] {logging_mixin.py:154} INFO - [2023-11-29T21:01:48.355+0000] {dag.py:3722} INFO - Setting next_dagrun for example_external_task_marker_parent to None, run_after=None
[2023-11-29T21:01:48.363+0000] {processor.py:179} INFO - Processing /home/airflow/.local/lib/python3.8/site-packages/airflow/example_dags/example_external_task_marker_dag.py took 0.041 seconds
[2023-11-29T21:41:08.150+0000] {processor.py:157} INFO - Started process (PID=50) to work on /home/airflow/.local/lib/python3.8/site-packages/airflow/example_dags/example_external_task_marker_dag.py
[2023-11-29T21:41:08.151+0000] {processor.py:829} INFO - Processing file /home/airflow/.local/lib/python3.8/site-packages/airflow/example_dags/example_external_task_marker_dag.py for tasks to queue
[2023-11-29T21:41:08.153+0000] {logging_mixin.py:154} INFO - [2023-11-29T21:41:08.153+0000] {dagbag.py:536} INFO - Filling up the DagBag from /home/airflow/.local/lib/python3.8/site-packages/airflow/example_dags/example_external_task_marker_dag.py
[2023-11-29T21:41:08.159+0000] {processor.py:839} INFO - DAG(s) dict_keys(['example_external_task_marker_child', 'example_external_task_marker_parent']) retrieved from /home/airflow/.local/lib/python3.8/site-packages/airflow/example_dags/example_external_task_marker_dag.py
[2023-11-29T21:41:08.227+0000] {logging_mixin.py:154} INFO - [2023-11-29T21:41:08.227+0000] {manager.py:499} INFO - Created Permission View: %s
[2023-11-29T21:41:08.233+0000] {logging_mixin.py:154} INFO - [2023-11-29T21:41:08.233+0000] {manager.py:499} INFO - Created Permission View: %s
[2023-11-29T21:41:08.237+0000] {logging_mixin.py:154} INFO - [2023-11-29T21:41:08.237+0000] {manager.py:499} INFO - Created Permission View: %s
[2023-11-29T21:41:08.245+0000] {logging_mixin.py:154} INFO - [2023-11-29T21:41:08.245+0000] {manager.py:499} INFO - Created Permission View: %s
[2023-11-29T21:41:08.249+0000] {logging_mixin.py:154} INFO - [2023-11-29T21:41:08.249+0000] {manager.py:499} INFO - Created Permission View: %s
[2023-11-29T21:41:08.253+0000] {logging_mixin.py:154} INFO - [2023-11-29T21:41:08.253+0000] {manager.py:499} INFO - Created Permission View: %s
[2023-11-29T21:41:08.254+0000] {logging_mixin.py:154} INFO - [2023-11-29T21:41:08.254+0000] {dag.py:2941} INFO - Sync 2 DAGs
[2023-11-29T21:41:08.261+0000] {logging_mixin.py:154} INFO - [2023-11-29T21:41:08.261+0000] {dag.py:2963} INFO - Creating ORM DAG for example_external_task_marker_parent
[2023-11-29T21:41:08.261+0000] {logging_mixin.py:154} INFO - [2023-11-29T21:41:08.261+0000] {dag.py:2963} INFO - Creating ORM DAG for example_external_task_marker_child
[2023-11-29T21:41:08.262+0000] {logging_mixin.py:154} INFO - [2023-11-29T21:41:08.262+0000] {dag.py:3722} INFO - Setting next_dagrun for example_external_task_marker_child to None, run_after=None
[2023-11-29T21:41:08.262+0000] {logging_mixin.py:154} INFO - [2023-11-29T21:41:08.262+0000] {dag.py:3722} INFO - Setting next_dagrun for example_external_task_marker_parent to None, run_after=None
[2023-11-29T21:41:08.273+0000] {processor.py:179} INFO - Processing /home/airflow/.local/lib/python3.8/site-packages/airflow/example_dags/example_external_task_marker_dag.py took 0.125 seconds
[2023-11-29T21:41:39.119+0000] {processor.py:157} INFO - Started process (PID=104) to work on /home/airflow/.local/lib/python3.8/site-packages/airflow/example_dags/example_external_task_marker_dag.py
[2023-11-29T21:41:39.120+0000] {processor.py:829} INFO - Processing file /home/airflow/.local/lib/python3.8/site-packages/airflow/example_dags/example_external_task_marker_dag.py for tasks to queue
[2023-11-29T21:41:39.121+0000] {logging_mixin.py:154} INFO - [2023-11-29T21:41:39.121+0000] {dagbag.py:536} INFO - Filling up the DagBag from /home/airflow/.local/lib/python3.8/site-packages/airflow/example_dags/example_external_task_marker_dag.py
[2023-11-29T21:41:39.125+0000] {processor.py:839} INFO - DAG(s) dict_keys(['example_external_task_marker_parent', 'example_external_task_marker_child']) retrieved from /home/airflow/.local/lib/python3.8/site-packages/airflow/example_dags/example_external_task_marker_dag.py
[2023-11-29T21:41:39.140+0000] {logging_mixin.py:154} INFO - [2023-11-29T21:41:39.140+0000] {dag.py:2941} INFO - Sync 2 DAGs
[2023-11-29T21:41:39.147+0000] {logging_mixin.py:154} INFO - [2023-11-29T21:41:39.147+0000] {dag.py:3722} INFO - Setting next_dagrun for example_external_task_marker_child to None, run_after=None
[2023-11-29T21:41:39.150+0000] {logging_mixin.py:154} INFO - [2023-11-29T21:41:39.149+0000] {dag.py:3722} INFO - Setting next_dagrun for example_external_task_marker_parent to None, run_after=None
[2023-11-29T21:41:39.158+0000] {processor.py:179} INFO - Processing /home/airflow/.local/lib/python3.8/site-packages/airflow/example_dags/example_external_task_marker_dag.py took 0.041 seconds
[2023-11-29T21:42:09.770+0000] {processor.py:157} INFO - Started process (PID=158) to work on /home/airflow/.local/lib/python3.8/site-packages/airflow/example_dags/example_external_task_marker_dag.py
[2023-11-29T21:42:09.771+0000] {processor.py:829} INFO - Processing file /home/airflow/.local/lib/python3.8/site-packages/airflow/example_dags/example_external_task_marker_dag.py for tasks to queue
[2023-11-29T21:42:09.772+0000] {logging_mixin.py:154} INFO - [2023-11-29T21:42:09.772+0000] {dagbag.py:536} INFO - Filling up the DagBag from /home/airflow/.local/lib/python3.8/site-packages/airflow/example_dags/example_external_task_marker_dag.py
[2023-11-29T21:42:09.776+0000] {processor.py:839} INFO - DAG(s) dict_keys(['example_external_task_marker_parent', 'example_external_task_marker_child']) retrieved from /home/airflow/.local/lib/python3.8/site-packages/airflow/example_dags/example_external_task_marker_dag.py
[2023-11-29T21:42:09.791+0000] {logging_mixin.py:154} INFO - [2023-11-29T21:42:09.791+0000] {dag.py:2941} INFO - Sync 2 DAGs
[2023-11-29T21:42:09.798+0000] {logging_mixin.py:154} INFO - [2023-11-29T21:42:09.798+0000] {dag.py:3722} INFO - Setting next_dagrun for example_external_task_marker_child to None, run_after=None
[2023-11-29T21:42:09.801+0000] {logging_mixin.py:154} INFO - [2023-11-29T21:42:09.801+0000] {dag.py:3722} INFO - Setting next_dagrun for example_external_task_marker_parent to None, run_after=None
[2023-11-29T21:42:09.811+0000] {processor.py:179} INFO - Processing /home/airflow/.local/lib/python3.8/site-packages/airflow/example_dags/example_external_task_marker_dag.py took 0.043 seconds
[2023-11-29T21:42:40.513+0000] {processor.py:157} INFO - Started process (PID=212) to work on /home/airflow/.local/lib/python3.8/site-packages/airflow/example_dags/example_external_task_marker_dag.py
[2023-11-29T21:42:40.514+0000] {processor.py:829} INFO - Processing file /home/airflow/.local/lib/python3.8/site-packages/airflow/example_dags/example_external_task_marker_dag.py for tasks to queue
[2023-11-29T21:42:40.515+0000] {logging_mixin.py:154} INFO - [2023-11-29T21:42:40.515+0000] {dagbag.py:536} INFO - Filling up the DagBag from /home/airflow/.local/lib/python3.8/site-packages/airflow/example_dags/example_external_task_marker_dag.py
[2023-11-29T21:42:40.519+0000] {processor.py:839} INFO - DAG(s) dict_keys(['example_external_task_marker_child', 'example_external_task_marker_parent']) retrieved from /home/airflow/.local/lib/python3.8/site-packages/airflow/example_dags/example_external_task_marker_dag.py
[2023-11-29T21:42:40.534+0000] {logging_mixin.py:154} INFO - [2023-11-29T21:42:40.534+0000] {dag.py:2941} INFO - Sync 2 DAGs
[2023-11-29T21:42:40.541+0000] {logging_mixin.py:154} INFO - [2023-11-29T21:42:40.541+0000] {dag.py:3722} INFO - Setting next_dagrun for example_external_task_marker_child to None, run_after=None
[2023-11-29T21:42:40.543+0000] {logging_mixin.py:154} INFO - [2023-11-29T21:42:40.543+0000] {dag.py:3722} INFO - Setting next_dagrun for example_external_task_marker_parent to None, run_after=None
[2023-11-29T21:42:40.553+0000] {processor.py:179} INFO - Processing /home/airflow/.local/lib/python3.8/site-packages/airflow/example_dags/example_external_task_marker_dag.py took 0.042 seconds
[2023-11-29T21:43:10.681+0000] {processor.py:157} INFO - Started process (PID=266) to work on /home/airflow/.local/lib/python3.8/site-packages/airflow/example_dags/example_external_task_marker_dag.py
[2023-11-29T21:43:10.682+0000] {processor.py:829} INFO - Processing file /home/airflow/.local/lib/python3.8/site-packages/airflow/example_dags/example_external_task_marker_dag.py for tasks to queue
[2023-11-29T21:43:10.683+0000] {logging_mixin.py:154} INFO - [2023-11-29T21:43:10.683+0000] {dagbag.py:536} INFO - Filling up the DagBag from /home/airflow/.local/lib/python3.8/site-packages/airflow/example_dags/example_external_task_marker_dag.py
[2023-11-29T21:43:10.687+0000] {processor.py:839} INFO - DAG(s) dict_keys(['example_external_task_marker_parent', 'example_external_task_marker_child']) retrieved from /home/airflow/.local/lib/python3.8/site-packages/airflow/example_dags/example_external_task_marker_dag.py
[2023-11-29T21:43:10.702+0000] {logging_mixin.py:154} INFO - [2023-11-29T21:43:10.702+0000] {dag.py:2941} INFO - Sync 2 DAGs
[2023-11-29T21:43:10.710+0000] {logging_mixin.py:154} INFO - [2023-11-29T21:43:10.710+0000] {dag.py:3722} INFO - Setting next_dagrun for example_external_task_marker_child to None, run_after=None
[2023-11-29T21:43:10.712+0000] {logging_mixin.py:154} INFO - [2023-11-29T21:43:10.712+0000] {dag.py:3722} INFO - Setting next_dagrun for example_external_task_marker_parent to None, run_after=None
[2023-11-29T21:43:10.721+0000] {processor.py:179} INFO - Processing /home/airflow/.local/lib/python3.8/site-packages/airflow/example_dags/example_external_task_marker_dag.py took 0.042 seconds
[2023-11-29T21:43:40.819+0000] {processor.py:157} INFO - Started process (PID=320) to work on /home/airflow/.local/lib/python3.8/site-packages/airflow/example_dags/example_external_task_marker_dag.py
[2023-11-29T21:43:40.820+0000] {processor.py:829} INFO - Processing file /home/airflow/.local/lib/python3.8/site-packages/airflow/example_dags/example_external_task_marker_dag.py for tasks to queue
[2023-11-29T21:43:40.821+0000] {logging_mixin.py:154} INFO - [2023-11-29T21:43:40.821+0000] {dagbag.py:536} INFO - Filling up the DagBag from /home/airflow/.local/lib/python3.8/site-packages/airflow/example_dags/example_external_task_marker_dag.py
[2023-11-29T21:43:40.825+0000] {processor.py:839} INFO - DAG(s) dict_keys(['example_external_task_marker_parent', 'example_external_task_marker_child']) retrieved from /home/airflow/.local/lib/python3.8/site-packages/airflow/example_dags/example_external_task_marker_dag.py
[2023-11-29T21:43:40.840+0000] {logging_mixin.py:154} INFO - [2023-11-29T21:43:40.840+0000] {dag.py:2941} INFO - Sync 2 DAGs
[2023-11-29T21:43:40.847+0000] {logging_mixin.py:154} INFO - [2023-11-29T21:43:40.847+0000] {dag.py:3722} INFO - Setting next_dagrun for example_external_task_marker_child to None, run_after=None
[2023-11-29T21:43:40.850+0000] {logging_mixin.py:154} INFO - [2023-11-29T21:43:40.849+0000] {dag.py:3722} INFO - Setting next_dagrun for example_external_task_marker_parent to None, run_after=None
[2023-11-29T21:43:40.859+0000] {processor.py:179} INFO - Processing /home/airflow/.local/lib/python3.8/site-packages/airflow/example_dags/example_external_task_marker_dag.py took 0.042 seconds
[2023-11-29T21:44:11.056+0000] {processor.py:157} INFO - Started process (PID=374) to work on /home/airflow/.local/lib/python3.8/site-packages/airflow/example_dags/example_external_task_marker_dag.py
[2023-11-29T21:44:11.056+0000] {processor.py:829} INFO - Processing file /home/airflow/.local/lib/python3.8/site-packages/airflow/example_dags/example_external_task_marker_dag.py for tasks to queue
[2023-11-29T21:44:11.058+0000] {logging_mixin.py:154} INFO - [2023-11-29T21:44:11.058+0000] {dagbag.py:536} INFO - Filling up the DagBag from /home/airflow/.local/lib/python3.8/site-packages/airflow/example_dags/example_external_task_marker_dag.py
[2023-11-29T21:44:11.062+0000] {processor.py:839} INFO - DAG(s) dict_keys(['example_external_task_marker_child', 'example_external_task_marker_parent']) retrieved from /home/airflow/.local/lib/python3.8/site-packages/airflow/example_dags/example_external_task_marker_dag.py
[2023-11-29T21:44:11.077+0000] {logging_mixin.py:154} INFO - [2023-11-29T21:44:11.077+0000] {dag.py:2941} INFO - Sync 2 DAGs
[2023-11-29T21:44:11.084+0000] {logging_mixin.py:154} INFO - [2023-11-29T21:44:11.084+0000] {dag.py:3722} INFO - Setting next_dagrun for example_external_task_marker_child to None, run_after=None
[2023-11-29T21:44:11.086+0000] {logging_mixin.py:154} INFO - [2023-11-29T21:44:11.086+0000] {dag.py:3722} INFO - Setting next_dagrun for example_external_task_marker_parent to None, run_after=None
[2023-11-29T21:44:11.096+0000] {processor.py:179} INFO - Processing /home/airflow/.local/lib/python3.8/site-packages/airflow/example_dags/example_external_task_marker_dag.py took 0.042 seconds
[2023-11-29T21:44:41.282+0000] {processor.py:157} INFO - Started process (PID=428) to work on /home/airflow/.local/lib/python3.8/site-packages/airflow/example_dags/example_external_task_marker_dag.py
[2023-11-29T21:44:41.283+0000] {processor.py:829} INFO - Processing file /home/airflow/.local/lib/python3.8/site-packages/airflow/example_dags/example_external_task_marker_dag.py for tasks to queue
[2023-11-29T21:44:41.284+0000] {logging_mixin.py:154} INFO - [2023-11-29T21:44:41.284+0000] {dagbag.py:536} INFO - Filling up the DagBag from /home/airflow/.local/lib/python3.8/site-packages/airflow/example_dags/example_external_task_marker_dag.py
[2023-11-29T21:44:41.288+0000] {processor.py:839} INFO - DAG(s) dict_keys(['example_external_task_marker_child', 'example_external_task_marker_parent']) retrieved from /home/airflow/.local/lib/python3.8/site-packages/airflow/example_dags/example_external_task_marker_dag.py
[2023-11-29T21:44:41.304+0000] {logging_mixin.py:154} INFO - [2023-11-29T21:44:41.304+0000] {dag.py:2941} INFO - Sync 2 DAGs
[2023-11-29T21:44:41.312+0000] {logging_mixin.py:154} INFO - [2023-11-29T21:44:41.312+0000] {dag.py:3722} INFO - Setting next_dagrun for example_external_task_marker_child to None, run_after=None
[2023-11-29T21:44:41.314+0000] {logging_mixin.py:154} INFO - [2023-11-29T21:44:41.314+0000] {dag.py:3722} INFO - Setting next_dagrun for example_external_task_marker_parent to None, run_after=None
[2023-11-29T21:44:41.324+0000] {processor.py:179} INFO - Processing /home/airflow/.local/lib/python3.8/site-packages/airflow/example_dags/example_external_task_marker_dag.py took 0.044 seconds
[2023-11-29T21:45:11.491+0000] {processor.py:157} INFO - Started process (PID=482) to work on /home/airflow/.local/lib/python3.8/site-packages/airflow/example_dags/example_external_task_marker_dag.py
[2023-11-29T21:45:11.492+0000] {processor.py:829} INFO - Processing file /home/airflow/.local/lib/python3.8/site-packages/airflow/example_dags/example_external_task_marker_dag.py for tasks to queue
[2023-11-29T21:45:11.494+0000] {logging_mixin.py:154} INFO - [2023-11-29T21:45:11.494+0000] {dagbag.py:536} INFO - Filling up the DagBag from /home/airflow/.local/lib/python3.8/site-packages/airflow/example_dags/example_external_task_marker_dag.py
[2023-11-29T21:45:11.498+0000] {processor.py:839} INFO - DAG(s) dict_keys(['example_external_task_marker_parent', 'example_external_task_marker_child']) retrieved from /home/airflow/.local/lib/python3.8/site-packages/airflow/example_dags/example_external_task_marker_dag.py
[2023-11-29T21:45:11.512+0000] {logging_mixin.py:154} INFO - [2023-11-29T21:45:11.512+0000] {dag.py:2941} INFO - Sync 2 DAGs
[2023-11-29T21:45:11.519+0000] {logging_mixin.py:154} INFO - [2023-11-29T21:45:11.519+0000] {dag.py:3722} INFO - Setting next_dagrun for example_external_task_marker_child to None, run_after=None
[2023-11-29T21:45:11.522+0000] {logging_mixin.py:154} INFO - [2023-11-29T21:45:11.522+0000] {dag.py:3722} INFO - Setting next_dagrun for example_external_task_marker_parent to None, run_after=None
[2023-11-29T21:45:11.531+0000] {processor.py:179} INFO - Processing /home/airflow/.local/lib/python3.8/site-packages/airflow/example_dags/example_external_task_marker_dag.py took 0.042 seconds
[2023-11-29T21:45:41.616+0000] {processor.py:157} INFO - Started process (PID=536) to work on /home/airflow/.local/lib/python3.8/site-packages/airflow/example_dags/example_external_task_marker_dag.py
[2023-11-29T21:45:41.617+0000] {processor.py:829} INFO - Processing file /home/airflow/.local/lib/python3.8/site-packages/airflow/example_dags/example_external_task_marker_dag.py for tasks to queue
[2023-11-29T21:45:41.618+0000] {logging_mixin.py:154} INFO - [2023-11-29T21:45:41.618+0000] {dagbag.py:536} INFO - Filling up the DagBag from /home/airflow/.local/lib/python3.8/site-packages/airflow/example_dags/example_external_task_marker_dag.py
[2023-11-29T21:45:41.622+0000] {processor.py:839} INFO - DAG(s) dict_keys(['example_external_task_marker_child', 'example_external_task_marker_parent']) retrieved from /home/airflow/.local/lib/python3.8/site-packages/airflow/example_dags/example_external_task_marker_dag.py
[2023-11-29T21:45:41.638+0000] {logging_mixin.py:154} INFO - [2023-11-29T21:45:41.637+0000] {dag.py:2941} INFO - Sync 2 DAGs
[2023-11-29T21:45:41.645+0000] {logging_mixin.py:154} INFO - [2023-11-29T21:45:41.645+0000] {dag.py:3722} INFO - Setting next_dagrun for example_external_task_marker_child to None, run_after=None
[2023-11-29T21:45:41.647+0000] {logging_mixin.py:154} INFO - [2023-11-29T21:45:41.647+0000] {dag.py:3722} INFO - Setting next_dagrun for example_external_task_marker_parent to None, run_after=None
[2023-11-29T21:45:41.656+0000] {processor.py:179} INFO - Processing /home/airflow/.local/lib/python3.8/site-packages/airflow/example_dags/example_external_task_marker_dag.py took 0.043 seconds
[2023-11-29T21:46:12.720+0000] {processor.py:157} INFO - Started process (PID=590) to work on /home/airflow/.local/lib/python3.8/site-packages/airflow/example_dags/example_external_task_marker_dag.py
[2023-11-29T21:46:12.721+0000] {processor.py:829} INFO - Processing file /home/airflow/.local/lib/python3.8/site-packages/airflow/example_dags/example_external_task_marker_dag.py for tasks to queue
[2023-11-29T21:46:12.722+0000] {logging_mixin.py:154} INFO - [2023-11-29T21:46:12.722+0000] {dagbag.py:536} INFO - Filling up the DagBag from /home/airflow/.local/lib/python3.8/site-packages/airflow/example_dags/example_external_task_marker_dag.py
[2023-11-29T21:46:12.728+0000] {processor.py:839} INFO - DAG(s) dict_keys(['example_external_task_marker_child', 'example_external_task_marker_parent']) retrieved from /home/airflow/.local/lib/python3.8/site-packages/airflow/example_dags/example_external_task_marker_dag.py
[2023-11-29T21:46:12.745+0000] {logging_mixin.py:154} INFO - [2023-11-29T21:46:12.745+0000] {dag.py:2941} INFO - Sync 2 DAGs
[2023-11-29T21:46:12.752+0000] {logging_mixin.py:154} INFO - [2023-11-29T21:46:12.752+0000] {dag.py:3722} INFO - Setting next_dagrun for example_external_task_marker_child to None, run_after=None
[2023-11-29T21:46:12.754+0000] {logging_mixin.py:154} INFO - [2023-11-29T21:46:12.754+0000] {dag.py:3722} INFO - Setting next_dagrun for example_external_task_marker_parent to None, run_after=None
[2023-11-29T21:46:12.763+0000] {processor.py:179} INFO - Processing /home/airflow/.local/lib/python3.8/site-packages/airflow/example_dags/example_external_task_marker_dag.py took 0.046 seconds
[2023-11-29T21:46:43.738+0000] {processor.py:157} INFO - Started process (PID=644) to work on /home/airflow/.local/lib/python3.8/site-packages/airflow/example_dags/example_external_task_marker_dag.py
[2023-11-29T21:46:43.738+0000] {processor.py:829} INFO - Processing file /home/airflow/.local/lib/python3.8/site-packages/airflow/example_dags/example_external_task_marker_dag.py for tasks to queue
[2023-11-29T21:46:43.740+0000] {logging_mixin.py:154} INFO - [2023-11-29T21:46:43.740+0000] {dagbag.py:536} INFO - Filling up the DagBag from /home/airflow/.local/lib/python3.8/site-packages/airflow/example_dags/example_external_task_marker_dag.py
[2023-11-29T21:46:43.744+0000] {processor.py:839} INFO - DAG(s) dict_keys(['example_external_task_marker_parent', 'example_external_task_marker_child']) retrieved from /home/airflow/.local/lib/python3.8/site-packages/airflow/example_dags/example_external_task_marker_dag.py
[2023-11-29T21:46:43.758+0000] {logging_mixin.py:154} INFO - [2023-11-29T21:46:43.758+0000] {dag.py:2941} INFO - Sync 2 DAGs
[2023-11-29T21:46:43.766+0000] {logging_mixin.py:154} INFO - [2023-11-29T21:46:43.766+0000] {dag.py:3722} INFO - Setting next_dagrun for example_external_task_marker_child to None, run_after=None
[2023-11-29T21:46:43.768+0000] {logging_mixin.py:154} INFO - [2023-11-29T21:46:43.768+0000] {dag.py:3722} INFO - Setting next_dagrun for example_external_task_marker_parent to None, run_after=None
[2023-11-29T21:46:43.776+0000] {processor.py:179} INFO - Processing /home/airflow/.local/lib/python3.8/site-packages/airflow/example_dags/example_external_task_marker_dag.py took 0.041 seconds
[2023-11-29T21:47:13.830+0000] {processor.py:157} INFO - Started process (PID=698) to work on /home/airflow/.local/lib/python3.8/site-packages/airflow/example_dags/example_external_task_marker_dag.py
[2023-11-29T21:47:13.830+0000] {processor.py:829} INFO - Processing file /home/airflow/.local/lib/python3.8/site-packages/airflow/example_dags/example_external_task_marker_dag.py for tasks to queue
[2023-11-29T21:47:13.832+0000] {logging_mixin.py:154} INFO - [2023-11-29T21:47:13.832+0000] {dagbag.py:536} INFO - Filling up the DagBag from /home/airflow/.local/lib/python3.8/site-packages/airflow/example_dags/example_external_task_marker_dag.py
[2023-11-29T21:47:13.836+0000] {processor.py:839} INFO - DAG(s) dict_keys(['example_external_task_marker_parent', 'example_external_task_marker_child']) retrieved from /home/airflow/.local/lib/python3.8/site-packages/airflow/example_dags/example_external_task_marker_dag.py
[2023-11-29T21:47:13.851+0000] {logging_mixin.py:154} INFO - [2023-11-29T21:47:13.851+0000] {dag.py:2941} INFO - Sync 2 DAGs
[2023-11-29T21:47:13.859+0000] {logging_mixin.py:154} INFO - [2023-11-29T21:47:13.858+0000] {dag.py:3722} INFO - Setting next_dagrun for example_external_task_marker_child to None, run_after=None
[2023-11-29T21:47:13.861+0000] {logging_mixin.py:154} INFO - [2023-11-29T21:47:13.861+0000] {dag.py:3722} INFO - Setting next_dagrun for example_external_task_marker_parent to None, run_after=None
[2023-11-29T21:47:13.870+0000] {processor.py:179} INFO - Processing /home/airflow/.local/lib/python3.8/site-packages/airflow/example_dags/example_external_task_marker_dag.py took 0.043 seconds
[2023-11-29T21:47:44.002+0000] {processor.py:157} INFO - Started process (PID=751) to work on /home/airflow/.local/lib/python3.8/site-packages/airflow/example_dags/example_external_task_marker_dag.py
[2023-11-29T21:47:44.003+0000] {processor.py:829} INFO - Processing file /home/airflow/.local/lib/python3.8/site-packages/airflow/example_dags/example_external_task_marker_dag.py for tasks to queue
[2023-11-29T21:47:44.005+0000] {logging_mixin.py:154} INFO - [2023-11-29T21:47:44.004+0000] {dagbag.py:536} INFO - Filling up the DagBag from /home/airflow/.local/lib/python3.8/site-packages/airflow/example_dags/example_external_task_marker_dag.py
[2023-11-29T21:47:44.009+0000] {processor.py:839} INFO - DAG(s) dict_keys(['example_external_task_marker_parent', 'example_external_task_marker_child']) retrieved from /home/airflow/.local/lib/python3.8/site-packages/airflow/example_dags/example_external_task_marker_dag.py
[2023-11-29T21:47:44.026+0000] {logging_mixin.py:154} INFO - [2023-11-29T21:47:44.026+0000] {dag.py:2941} INFO - Sync 2 DAGs
[2023-11-29T21:47:44.034+0000] {logging_mixin.py:154} INFO - [2023-11-29T21:47:44.034+0000] {dag.py:3722} INFO - Setting next_dagrun for example_external_task_marker_child to None, run_after=None
[2023-11-29T21:47:44.036+0000] {logging_mixin.py:154} INFO - [2023-11-29T21:47:44.036+0000] {dag.py:3722} INFO - Setting next_dagrun for example_external_task_marker_parent to None, run_after=None
[2023-11-29T21:47:44.047+0000] {processor.py:179} INFO - Processing /home/airflow/.local/lib/python3.8/site-packages/airflow/example_dags/example_external_task_marker_dag.py took 0.047 seconds
