[2023-11-29T20:51:40.334+0000] {processor.py:157} INFO - Started process (PID=72) to work on /home/airflow/.local/lib/python3.8/site-packages/airflow/example_dags/example_python_operator.py
[2023-11-29T20:51:40.334+0000] {processor.py:829} INFO - Processing file /home/airflow/.local/lib/python3.8/site-packages/airflow/example_dags/example_python_operator.py for tasks to queue
[2023-11-29T20:51:40.336+0000] {logging_mixin.py:154} INFO - [2023-11-29T20:51:40.336+0000] {dagbag.py:536} INFO - Filling up the DagBag from /home/airflow/.local/lib/python3.8/site-packages/airflow/example_dags/example_python_operator.py
[2023-11-29T20:51:40.342+0000] {processor.py:839} INFO - DAG(s) dict_keys(['example_python_operator']) retrieved from /home/airflow/.local/lib/python3.8/site-packages/airflow/example_dags/example_python_operator.py
[2023-11-29T20:51:40.401+0000] {logging_mixin.py:154} INFO - [2023-11-29T20:51:40.401+0000] {dag.py:2941} INFO - Sync 1 DAGs
[2023-11-29T20:51:40.408+0000] {logging_mixin.py:154} INFO - [2023-11-29T20:51:40.408+0000] {dag.py:3722} INFO - Setting next_dagrun for example_python_operator to None, run_after=None
[2023-11-29T20:51:40.419+0000] {processor.py:179} INFO - Processing /home/airflow/.local/lib/python3.8/site-packages/airflow/example_dags/example_python_operator.py took 0.088 seconds
[2023-11-29T20:52:11.237+0000] {processor.py:157} INFO - Started process (PID=126) to work on /home/airflow/.local/lib/python3.8/site-packages/airflow/example_dags/example_python_operator.py
[2023-11-29T20:52:11.237+0000] {processor.py:829} INFO - Processing file /home/airflow/.local/lib/python3.8/site-packages/airflow/example_dags/example_python_operator.py for tasks to queue
[2023-11-29T20:52:11.239+0000] {logging_mixin.py:154} INFO - [2023-11-29T20:52:11.239+0000] {dagbag.py:536} INFO - Filling up the DagBag from /home/airflow/.local/lib/python3.8/site-packages/airflow/example_dags/example_python_operator.py
[2023-11-29T20:52:11.245+0000] {processor.py:839} INFO - DAG(s) dict_keys(['example_python_operator']) retrieved from /home/airflow/.local/lib/python3.8/site-packages/airflow/example_dags/example_python_operator.py
[2023-11-29T20:52:11.253+0000] {logging_mixin.py:154} INFO - [2023-11-29T20:52:11.252+0000] {dag.py:2941} INFO - Sync 1 DAGs
[2023-11-29T20:52:11.260+0000] {logging_mixin.py:154} INFO - [2023-11-29T20:52:11.260+0000] {dag.py:3722} INFO - Setting next_dagrun for example_python_operator to None, run_after=None
[2023-11-29T20:52:11.270+0000] {processor.py:179} INFO - Processing /home/airflow/.local/lib/python3.8/site-packages/airflow/example_dags/example_python_operator.py took 0.035 seconds
[2023-11-29T20:52:42.178+0000] {processor.py:157} INFO - Started process (PID=180) to work on /home/airflow/.local/lib/python3.8/site-packages/airflow/example_dags/example_python_operator.py
[2023-11-29T20:52:42.179+0000] {processor.py:829} INFO - Processing file /home/airflow/.local/lib/python3.8/site-packages/airflow/example_dags/example_python_operator.py for tasks to queue
[2023-11-29T20:52:42.180+0000] {logging_mixin.py:154} INFO - [2023-11-29T20:52:42.180+0000] {dagbag.py:536} INFO - Filling up the DagBag from /home/airflow/.local/lib/python3.8/site-packages/airflow/example_dags/example_python_operator.py
[2023-11-29T20:52:42.186+0000] {processor.py:839} INFO - DAG(s) dict_keys(['example_python_operator']) retrieved from /home/airflow/.local/lib/python3.8/site-packages/airflow/example_dags/example_python_operator.py
[2023-11-29T20:52:42.247+0000] {logging_mixin.py:154} INFO - [2023-11-29T20:52:42.247+0000] {dag.py:2941} INFO - Sync 1 DAGs
[2023-11-29T20:52:42.253+0000] {logging_mixin.py:154} INFO - [2023-11-29T20:52:42.252+0000] {dag.py:3722} INFO - Setting next_dagrun for example_python_operator to None, run_after=None
[2023-11-29T20:52:42.263+0000] {processor.py:179} INFO - Processing /home/airflow/.local/lib/python3.8/site-packages/airflow/example_dags/example_python_operator.py took 0.087 seconds
[2023-11-29T20:53:12.293+0000] {processor.py:157} INFO - Started process (PID=234) to work on /home/airflow/.local/lib/python3.8/site-packages/airflow/example_dags/example_python_operator.py
[2023-11-29T20:53:12.293+0000] {processor.py:829} INFO - Processing file /home/airflow/.local/lib/python3.8/site-packages/airflow/example_dags/example_python_operator.py for tasks to queue
[2023-11-29T20:53:12.295+0000] {logging_mixin.py:154} INFO - [2023-11-29T20:53:12.295+0000] {dagbag.py:536} INFO - Filling up the DagBag from /home/airflow/.local/lib/python3.8/site-packages/airflow/example_dags/example_python_operator.py
[2023-11-29T20:53:12.300+0000] {processor.py:839} INFO - DAG(s) dict_keys(['example_python_operator']) retrieved from /home/airflow/.local/lib/python3.8/site-packages/airflow/example_dags/example_python_operator.py
[2023-11-29T20:53:12.314+0000] {logging_mixin.py:154} INFO - [2023-11-29T20:53:12.314+0000] {dag.py:2941} INFO - Sync 1 DAGs
[2023-11-29T20:53:12.322+0000] {logging_mixin.py:154} INFO - [2023-11-29T20:53:12.322+0000] {dag.py:3722} INFO - Setting next_dagrun for example_python_operator to None, run_after=None
[2023-11-29T20:53:12.332+0000] {processor.py:179} INFO - Processing /home/airflow/.local/lib/python3.8/site-packages/airflow/example_dags/example_python_operator.py took 0.042 seconds
[2023-11-29T20:53:42.489+0000] {processor.py:157} INFO - Started process (PID=288) to work on /home/airflow/.local/lib/python3.8/site-packages/airflow/example_dags/example_python_operator.py
[2023-11-29T20:53:42.490+0000] {processor.py:829} INFO - Processing file /home/airflow/.local/lib/python3.8/site-packages/airflow/example_dags/example_python_operator.py for tasks to queue
[2023-11-29T20:53:42.491+0000] {logging_mixin.py:154} INFO - [2023-11-29T20:53:42.491+0000] {dagbag.py:536} INFO - Filling up the DagBag from /home/airflow/.local/lib/python3.8/site-packages/airflow/example_dags/example_python_operator.py
[2023-11-29T20:53:42.497+0000] {processor.py:839} INFO - DAG(s) dict_keys(['example_python_operator']) retrieved from /home/airflow/.local/lib/python3.8/site-packages/airflow/example_dags/example_python_operator.py
[2023-11-29T20:53:42.511+0000] {logging_mixin.py:154} INFO - [2023-11-29T20:53:42.511+0000] {dag.py:2941} INFO - Sync 1 DAGs
[2023-11-29T20:53:42.518+0000] {logging_mixin.py:154} INFO - [2023-11-29T20:53:42.518+0000] {dag.py:3722} INFO - Setting next_dagrun for example_python_operator to None, run_after=None
[2023-11-29T20:53:42.528+0000] {processor.py:179} INFO - Processing /home/airflow/.local/lib/python3.8/site-packages/airflow/example_dags/example_python_operator.py took 0.041 seconds
[2023-11-29T20:54:12.612+0000] {processor.py:157} INFO - Started process (PID=342) to work on /home/airflow/.local/lib/python3.8/site-packages/airflow/example_dags/example_python_operator.py
[2023-11-29T20:54:12.613+0000] {processor.py:829} INFO - Processing file /home/airflow/.local/lib/python3.8/site-packages/airflow/example_dags/example_python_operator.py for tasks to queue
[2023-11-29T20:54:12.614+0000] {logging_mixin.py:154} INFO - [2023-11-29T20:54:12.614+0000] {dagbag.py:536} INFO - Filling up the DagBag from /home/airflow/.local/lib/python3.8/site-packages/airflow/example_dags/example_python_operator.py
[2023-11-29T20:54:12.620+0000] {processor.py:839} INFO - DAG(s) dict_keys(['example_python_operator']) retrieved from /home/airflow/.local/lib/python3.8/site-packages/airflow/example_dags/example_python_operator.py
[2023-11-29T20:54:12.634+0000] {logging_mixin.py:154} INFO - [2023-11-29T20:54:12.634+0000] {dag.py:2941} INFO - Sync 1 DAGs
[2023-11-29T20:54:12.641+0000] {logging_mixin.py:154} INFO - [2023-11-29T20:54:12.641+0000] {dag.py:3722} INFO - Setting next_dagrun for example_python_operator to None, run_after=None
[2023-11-29T20:54:12.651+0000] {processor.py:179} INFO - Processing /home/airflow/.local/lib/python3.8/site-packages/airflow/example_dags/example_python_operator.py took 0.041 seconds
[2023-11-29T20:54:42.713+0000] {processor.py:157} INFO - Started process (PID=396) to work on /home/airflow/.local/lib/python3.8/site-packages/airflow/example_dags/example_python_operator.py
[2023-11-29T20:54:42.713+0000] {processor.py:829} INFO - Processing file /home/airflow/.local/lib/python3.8/site-packages/airflow/example_dags/example_python_operator.py for tasks to queue
[2023-11-29T20:54:42.715+0000] {logging_mixin.py:154} INFO - [2023-11-29T20:54:42.715+0000] {dagbag.py:536} INFO - Filling up the DagBag from /home/airflow/.local/lib/python3.8/site-packages/airflow/example_dags/example_python_operator.py
[2023-11-29T20:54:42.721+0000] {processor.py:839} INFO - DAG(s) dict_keys(['example_python_operator']) retrieved from /home/airflow/.local/lib/python3.8/site-packages/airflow/example_dags/example_python_operator.py
[2023-11-29T20:54:42.735+0000] {logging_mixin.py:154} INFO - [2023-11-29T20:54:42.735+0000] {dag.py:2941} INFO - Sync 1 DAGs
[2023-11-29T20:54:42.743+0000] {logging_mixin.py:154} INFO - [2023-11-29T20:54:42.743+0000] {dag.py:3722} INFO - Setting next_dagrun for example_python_operator to None, run_after=None
[2023-11-29T20:54:42.753+0000] {processor.py:179} INFO - Processing /home/airflow/.local/lib/python3.8/site-packages/airflow/example_dags/example_python_operator.py took 0.043 seconds
[2023-11-29T20:55:12.846+0000] {processor.py:157} INFO - Started process (PID=450) to work on /home/airflow/.local/lib/python3.8/site-packages/airflow/example_dags/example_python_operator.py
[2023-11-29T20:55:12.847+0000] {processor.py:829} INFO - Processing file /home/airflow/.local/lib/python3.8/site-packages/airflow/example_dags/example_python_operator.py for tasks to queue
[2023-11-29T20:55:12.848+0000] {logging_mixin.py:154} INFO - [2023-11-29T20:55:12.848+0000] {dagbag.py:536} INFO - Filling up the DagBag from /home/airflow/.local/lib/python3.8/site-packages/airflow/example_dags/example_python_operator.py
[2023-11-29T20:55:12.854+0000] {processor.py:839} INFO - DAG(s) dict_keys(['example_python_operator']) retrieved from /home/airflow/.local/lib/python3.8/site-packages/airflow/example_dags/example_python_operator.py
[2023-11-29T20:55:12.868+0000] {logging_mixin.py:154} INFO - [2023-11-29T20:55:12.868+0000] {dag.py:2941} INFO - Sync 1 DAGs
[2023-11-29T20:55:12.876+0000] {logging_mixin.py:154} INFO - [2023-11-29T20:55:12.876+0000] {dag.py:3722} INFO - Setting next_dagrun for example_python_operator to None, run_after=None
[2023-11-29T20:55:12.886+0000] {processor.py:179} INFO - Processing /home/airflow/.local/lib/python3.8/site-packages/airflow/example_dags/example_python_operator.py took 0.042 seconds
[2023-11-29T20:55:43.881+0000] {processor.py:157} INFO - Started process (PID=504) to work on /home/airflow/.local/lib/python3.8/site-packages/airflow/example_dags/example_python_operator.py
[2023-11-29T20:55:43.882+0000] {processor.py:829} INFO - Processing file /home/airflow/.local/lib/python3.8/site-packages/airflow/example_dags/example_python_operator.py for tasks to queue
[2023-11-29T20:55:43.884+0000] {logging_mixin.py:154} INFO - [2023-11-29T20:55:43.883+0000] {dagbag.py:536} INFO - Filling up the DagBag from /home/airflow/.local/lib/python3.8/site-packages/airflow/example_dags/example_python_operator.py
[2023-11-29T20:55:43.890+0000] {processor.py:839} INFO - DAG(s) dict_keys(['example_python_operator']) retrieved from /home/airflow/.local/lib/python3.8/site-packages/airflow/example_dags/example_python_operator.py
[2023-11-29T20:55:43.903+0000] {logging_mixin.py:154} INFO - [2023-11-29T20:55:43.903+0000] {dag.py:2941} INFO - Sync 1 DAGs
[2023-11-29T20:55:43.910+0000] {logging_mixin.py:154} INFO - [2023-11-29T20:55:43.910+0000] {dag.py:3722} INFO - Setting next_dagrun for example_python_operator to None, run_after=None
[2023-11-29T20:55:43.920+0000] {processor.py:179} INFO - Processing /home/airflow/.local/lib/python3.8/site-packages/airflow/example_dags/example_python_operator.py took 0.041 seconds
[2023-11-29T20:56:13.999+0000] {processor.py:157} INFO - Started process (PID=558) to work on /home/airflow/.local/lib/python3.8/site-packages/airflow/example_dags/example_python_operator.py
[2023-11-29T20:56:14.000+0000] {processor.py:829} INFO - Processing file /home/airflow/.local/lib/python3.8/site-packages/airflow/example_dags/example_python_operator.py for tasks to queue
[2023-11-29T20:56:14.002+0000] {logging_mixin.py:154} INFO - [2023-11-29T20:56:14.001+0000] {dagbag.py:536} INFO - Filling up the DagBag from /home/airflow/.local/lib/python3.8/site-packages/airflow/example_dags/example_python_operator.py
[2023-11-29T20:56:14.007+0000] {processor.py:839} INFO - DAG(s) dict_keys(['example_python_operator']) retrieved from /home/airflow/.local/lib/python3.8/site-packages/airflow/example_dags/example_python_operator.py
[2023-11-29T20:56:14.021+0000] {logging_mixin.py:154} INFO - [2023-11-29T20:56:14.021+0000] {dag.py:2941} INFO - Sync 1 DAGs
[2023-11-29T20:56:14.028+0000] {logging_mixin.py:154} INFO - [2023-11-29T20:56:14.028+0000] {dag.py:3722} INFO - Setting next_dagrun for example_python_operator to None, run_after=None
[2023-11-29T20:56:14.037+0000] {processor.py:179} INFO - Processing /home/airflow/.local/lib/python3.8/site-packages/airflow/example_dags/example_python_operator.py took 0.040 seconds
[2023-11-29T20:56:44.908+0000] {processor.py:157} INFO - Started process (PID=612) to work on /home/airflow/.local/lib/python3.8/site-packages/airflow/example_dags/example_python_operator.py
[2023-11-29T20:56:44.909+0000] {processor.py:829} INFO - Processing file /home/airflow/.local/lib/python3.8/site-packages/airflow/example_dags/example_python_operator.py for tasks to queue
[2023-11-29T20:56:44.910+0000] {logging_mixin.py:154} INFO - [2023-11-29T20:56:44.910+0000] {dagbag.py:536} INFO - Filling up the DagBag from /home/airflow/.local/lib/python3.8/site-packages/airflow/example_dags/example_python_operator.py
[2023-11-29T20:56:44.916+0000] {processor.py:839} INFO - DAG(s) dict_keys(['example_python_operator']) retrieved from /home/airflow/.local/lib/python3.8/site-packages/airflow/example_dags/example_python_operator.py
[2023-11-29T20:56:44.930+0000] {logging_mixin.py:154} INFO - [2023-11-29T20:56:44.930+0000] {dag.py:2941} INFO - Sync 1 DAGs
[2023-11-29T20:56:44.937+0000] {logging_mixin.py:154} INFO - [2023-11-29T20:56:44.937+0000] {dag.py:3722} INFO - Setting next_dagrun for example_python_operator to None, run_after=None
[2023-11-29T20:56:44.947+0000] {processor.py:179} INFO - Processing /home/airflow/.local/lib/python3.8/site-packages/airflow/example_dags/example_python_operator.py took 0.041 seconds
[2023-11-29T20:57:15.056+0000] {processor.py:157} INFO - Started process (PID=666) to work on /home/airflow/.local/lib/python3.8/site-packages/airflow/example_dags/example_python_operator.py
[2023-11-29T20:57:15.056+0000] {processor.py:829} INFO - Processing file /home/airflow/.local/lib/python3.8/site-packages/airflow/example_dags/example_python_operator.py for tasks to queue
[2023-11-29T20:57:15.058+0000] {logging_mixin.py:154} INFO - [2023-11-29T20:57:15.058+0000] {dagbag.py:536} INFO - Filling up the DagBag from /home/airflow/.local/lib/python3.8/site-packages/airflow/example_dags/example_python_operator.py
[2023-11-29T20:57:15.064+0000] {processor.py:839} INFO - DAG(s) dict_keys(['example_python_operator']) retrieved from /home/airflow/.local/lib/python3.8/site-packages/airflow/example_dags/example_python_operator.py
[2023-11-29T20:57:15.078+0000] {logging_mixin.py:154} INFO - [2023-11-29T20:57:15.078+0000] {dag.py:2941} INFO - Sync 1 DAGs
[2023-11-29T20:57:15.085+0000] {logging_mixin.py:154} INFO - [2023-11-29T20:57:15.085+0000] {dag.py:3722} INFO - Setting next_dagrun for example_python_operator to None, run_after=None
[2023-11-29T20:57:15.095+0000] {processor.py:179} INFO - Processing /home/airflow/.local/lib/python3.8/site-packages/airflow/example_dags/example_python_operator.py took 0.042 seconds
[2023-11-29T20:57:45.175+0000] {processor.py:157} INFO - Started process (PID=720) to work on /home/airflow/.local/lib/python3.8/site-packages/airflow/example_dags/example_python_operator.py
[2023-11-29T20:57:45.176+0000] {processor.py:829} INFO - Processing file /home/airflow/.local/lib/python3.8/site-packages/airflow/example_dags/example_python_operator.py for tasks to queue
[2023-11-29T20:57:45.177+0000] {logging_mixin.py:154} INFO - [2023-11-29T20:57:45.177+0000] {dagbag.py:536} INFO - Filling up the DagBag from /home/airflow/.local/lib/python3.8/site-packages/airflow/example_dags/example_python_operator.py
[2023-11-29T20:57:45.184+0000] {processor.py:839} INFO - DAG(s) dict_keys(['example_python_operator']) retrieved from /home/airflow/.local/lib/python3.8/site-packages/airflow/example_dags/example_python_operator.py
[2023-11-29T20:57:45.199+0000] {logging_mixin.py:154} INFO - [2023-11-29T20:57:45.199+0000] {dag.py:2941} INFO - Sync 1 DAGs
[2023-11-29T20:57:45.206+0000] {logging_mixin.py:154} INFO - [2023-11-29T20:57:45.206+0000] {dag.py:3722} INFO - Setting next_dagrun for example_python_operator to None, run_after=None
[2023-11-29T20:57:45.217+0000] {processor.py:179} INFO - Processing /home/airflow/.local/lib/python3.8/site-packages/airflow/example_dags/example_python_operator.py took 0.044 seconds
[2023-11-29T20:58:15.280+0000] {processor.py:157} INFO - Started process (PID=774) to work on /home/airflow/.local/lib/python3.8/site-packages/airflow/example_dags/example_python_operator.py
[2023-11-29T20:58:15.281+0000] {processor.py:829} INFO - Processing file /home/airflow/.local/lib/python3.8/site-packages/airflow/example_dags/example_python_operator.py for tasks to queue
[2023-11-29T20:58:15.282+0000] {logging_mixin.py:154} INFO - [2023-11-29T20:58:15.282+0000] {dagbag.py:536} INFO - Filling up the DagBag from /home/airflow/.local/lib/python3.8/site-packages/airflow/example_dags/example_python_operator.py
[2023-11-29T20:58:15.288+0000] {processor.py:839} INFO - DAG(s) dict_keys(['example_python_operator']) retrieved from /home/airflow/.local/lib/python3.8/site-packages/airflow/example_dags/example_python_operator.py
[2023-11-29T20:58:15.302+0000] {logging_mixin.py:154} INFO - [2023-11-29T20:58:15.302+0000] {dag.py:2941} INFO - Sync 1 DAGs
[2023-11-29T20:58:15.310+0000] {logging_mixin.py:154} INFO - [2023-11-29T20:58:15.310+0000] {dag.py:3722} INFO - Setting next_dagrun for example_python_operator to None, run_after=None
[2023-11-29T20:58:15.320+0000] {processor.py:179} INFO - Processing /home/airflow/.local/lib/python3.8/site-packages/airflow/example_dags/example_python_operator.py took 0.043 seconds
[2023-11-29T20:58:46.338+0000] {processor.py:157} INFO - Started process (PID=828) to work on /home/airflow/.local/lib/python3.8/site-packages/airflow/example_dags/example_python_operator.py
[2023-11-29T20:58:46.339+0000] {processor.py:829} INFO - Processing file /home/airflow/.local/lib/python3.8/site-packages/airflow/example_dags/example_python_operator.py for tasks to queue
[2023-11-29T20:58:46.340+0000] {logging_mixin.py:154} INFO - [2023-11-29T20:58:46.340+0000] {dagbag.py:536} INFO - Filling up the DagBag from /home/airflow/.local/lib/python3.8/site-packages/airflow/example_dags/example_python_operator.py
[2023-11-29T20:58:46.346+0000] {processor.py:839} INFO - DAG(s) dict_keys(['example_python_operator']) retrieved from /home/airflow/.local/lib/python3.8/site-packages/airflow/example_dags/example_python_operator.py
[2023-11-29T20:58:46.360+0000] {logging_mixin.py:154} INFO - [2023-11-29T20:58:46.360+0000] {dag.py:2941} INFO - Sync 1 DAGs
[2023-11-29T20:58:46.367+0000] {logging_mixin.py:154} INFO - [2023-11-29T20:58:46.367+0000] {dag.py:3722} INFO - Setting next_dagrun for example_python_operator to None, run_after=None
[2023-11-29T20:58:46.377+0000] {processor.py:179} INFO - Processing /home/airflow/.local/lib/python3.8/site-packages/airflow/example_dags/example_python_operator.py took 0.041 seconds
[2023-11-29T20:59:17.347+0000] {processor.py:157} INFO - Started process (PID=882) to work on /home/airflow/.local/lib/python3.8/site-packages/airflow/example_dags/example_python_operator.py
[2023-11-29T20:59:17.348+0000] {processor.py:829} INFO - Processing file /home/airflow/.local/lib/python3.8/site-packages/airflow/example_dags/example_python_operator.py for tasks to queue
[2023-11-29T20:59:17.349+0000] {logging_mixin.py:154} INFO - [2023-11-29T20:59:17.349+0000] {dagbag.py:536} INFO - Filling up the DagBag from /home/airflow/.local/lib/python3.8/site-packages/airflow/example_dags/example_python_operator.py
[2023-11-29T20:59:17.355+0000] {processor.py:839} INFO - DAG(s) dict_keys(['example_python_operator']) retrieved from /home/airflow/.local/lib/python3.8/site-packages/airflow/example_dags/example_python_operator.py
[2023-11-29T20:59:17.369+0000] {logging_mixin.py:154} INFO - [2023-11-29T20:59:17.369+0000] {dag.py:2941} INFO - Sync 1 DAGs
[2023-11-29T20:59:17.376+0000] {logging_mixin.py:154} INFO - [2023-11-29T20:59:17.376+0000] {dag.py:3722} INFO - Setting next_dagrun for example_python_operator to None, run_after=None
[2023-11-29T20:59:17.386+0000] {processor.py:179} INFO - Processing /home/airflow/.local/lib/python3.8/site-packages/airflow/example_dags/example_python_operator.py took 0.042 seconds
[2023-11-29T20:59:48.068+0000] {processor.py:157} INFO - Started process (PID=936) to work on /home/airflow/.local/lib/python3.8/site-packages/airflow/example_dags/example_python_operator.py
[2023-11-29T20:59:48.069+0000] {processor.py:829} INFO - Processing file /home/airflow/.local/lib/python3.8/site-packages/airflow/example_dags/example_python_operator.py for tasks to queue
[2023-11-29T20:59:48.070+0000] {logging_mixin.py:154} INFO - [2023-11-29T20:59:48.070+0000] {dagbag.py:536} INFO - Filling up the DagBag from /home/airflow/.local/lib/python3.8/site-packages/airflow/example_dags/example_python_operator.py
[2023-11-29T20:59:48.076+0000] {processor.py:839} INFO - DAG(s) dict_keys(['example_python_operator']) retrieved from /home/airflow/.local/lib/python3.8/site-packages/airflow/example_dags/example_python_operator.py
[2023-11-29T20:59:48.090+0000] {logging_mixin.py:154} INFO - [2023-11-29T20:59:48.090+0000] {dag.py:2941} INFO - Sync 1 DAGs
[2023-11-29T20:59:48.097+0000] {logging_mixin.py:154} INFO - [2023-11-29T20:59:48.097+0000] {dag.py:3722} INFO - Setting next_dagrun for example_python_operator to None, run_after=None
[2023-11-29T20:59:48.107+0000] {processor.py:179} INFO - Processing /home/airflow/.local/lib/python3.8/site-packages/airflow/example_dags/example_python_operator.py took 0.041 seconds
[2023-11-29T21:00:18.884+0000] {processor.py:157} INFO - Started process (PID=990) to work on /home/airflow/.local/lib/python3.8/site-packages/airflow/example_dags/example_python_operator.py
[2023-11-29T21:00:18.885+0000] {processor.py:829} INFO - Processing file /home/airflow/.local/lib/python3.8/site-packages/airflow/example_dags/example_python_operator.py for tasks to queue
[2023-11-29T21:00:18.886+0000] {logging_mixin.py:154} INFO - [2023-11-29T21:00:18.886+0000] {dagbag.py:536} INFO - Filling up the DagBag from /home/airflow/.local/lib/python3.8/site-packages/airflow/example_dags/example_python_operator.py
[2023-11-29T21:00:18.892+0000] {processor.py:839} INFO - DAG(s) dict_keys(['example_python_operator']) retrieved from /home/airflow/.local/lib/python3.8/site-packages/airflow/example_dags/example_python_operator.py
[2023-11-29T21:00:18.907+0000] {logging_mixin.py:154} INFO - [2023-11-29T21:00:18.907+0000] {dag.py:2941} INFO - Sync 1 DAGs
[2023-11-29T21:00:18.914+0000] {logging_mixin.py:154} INFO - [2023-11-29T21:00:18.914+0000] {dag.py:3722} INFO - Setting next_dagrun for example_python_operator to None, run_after=None
[2023-11-29T21:00:18.924+0000] {processor.py:179} INFO - Processing /home/airflow/.local/lib/python3.8/site-packages/airflow/example_dags/example_python_operator.py took 0.042 seconds
[2023-11-29T21:00:49.879+0000] {processor.py:157} INFO - Started process (PID=1044) to work on /home/airflow/.local/lib/python3.8/site-packages/airflow/example_dags/example_python_operator.py
[2023-11-29T21:00:49.880+0000] {processor.py:829} INFO - Processing file /home/airflow/.local/lib/python3.8/site-packages/airflow/example_dags/example_python_operator.py for tasks to queue
[2023-11-29T21:00:49.882+0000] {logging_mixin.py:154} INFO - [2023-11-29T21:00:49.881+0000] {dagbag.py:536} INFO - Filling up the DagBag from /home/airflow/.local/lib/python3.8/site-packages/airflow/example_dags/example_python_operator.py
[2023-11-29T21:00:49.887+0000] {processor.py:839} INFO - DAG(s) dict_keys(['example_python_operator']) retrieved from /home/airflow/.local/lib/python3.8/site-packages/airflow/example_dags/example_python_operator.py
[2023-11-29T21:00:49.901+0000] {logging_mixin.py:154} INFO - [2023-11-29T21:00:49.901+0000] {dag.py:2941} INFO - Sync 1 DAGs
[2023-11-29T21:00:49.909+0000] {logging_mixin.py:154} INFO - [2023-11-29T21:00:49.909+0000] {dag.py:3722} INFO - Setting next_dagrun for example_python_operator to None, run_after=None
[2023-11-29T21:00:49.919+0000] {processor.py:179} INFO - Processing /home/airflow/.local/lib/python3.8/site-packages/airflow/example_dags/example_python_operator.py took 0.042 seconds
[2023-11-29T21:01:20.832+0000] {processor.py:157} INFO - Started process (PID=1098) to work on /home/airflow/.local/lib/python3.8/site-packages/airflow/example_dags/example_python_operator.py
[2023-11-29T21:01:20.832+0000] {processor.py:829} INFO - Processing file /home/airflow/.local/lib/python3.8/site-packages/airflow/example_dags/example_python_operator.py for tasks to queue
[2023-11-29T21:01:20.834+0000] {logging_mixin.py:154} INFO - [2023-11-29T21:01:20.834+0000] {dagbag.py:536} INFO - Filling up the DagBag from /home/airflow/.local/lib/python3.8/site-packages/airflow/example_dags/example_python_operator.py
[2023-11-29T21:01:20.840+0000] {processor.py:839} INFO - DAG(s) dict_keys(['example_python_operator']) retrieved from /home/airflow/.local/lib/python3.8/site-packages/airflow/example_dags/example_python_operator.py
[2023-11-29T21:01:20.854+0000] {logging_mixin.py:154} INFO - [2023-11-29T21:01:20.854+0000] {dag.py:2941} INFO - Sync 1 DAGs
[2023-11-29T21:01:20.861+0000] {logging_mixin.py:154} INFO - [2023-11-29T21:01:20.861+0000] {dag.py:3722} INFO - Setting next_dagrun for example_python_operator to None, run_after=None
[2023-11-29T21:01:20.871+0000] {processor.py:179} INFO - Processing /home/airflow/.local/lib/python3.8/site-packages/airflow/example_dags/example_python_operator.py took 0.042 seconds
[2023-11-29T21:41:07.474+0000] {processor.py:157} INFO - Started process (PID=40) to work on /home/airflow/.local/lib/python3.8/site-packages/airflow/example_dags/example_python_operator.py
[2023-11-29T21:41:07.476+0000] {processor.py:829} INFO - Processing file /home/airflow/.local/lib/python3.8/site-packages/airflow/example_dags/example_python_operator.py for tasks to queue
[2023-11-29T21:41:07.478+0000] {logging_mixin.py:154} INFO - [2023-11-29T21:41:07.477+0000] {dagbag.py:536} INFO - Filling up the DagBag from /home/airflow/.local/lib/python3.8/site-packages/airflow/example_dags/example_python_operator.py
[2023-11-29T21:41:07.486+0000] {processor.py:839} INFO - DAG(s) dict_keys(['example_python_operator']) retrieved from /home/airflow/.local/lib/python3.8/site-packages/airflow/example_dags/example_python_operator.py
[2023-11-29T21:41:07.557+0000] {logging_mixin.py:154} INFO - [2023-11-29T21:41:07.557+0000] {manager.py:499} INFO - Created Permission View: %s
[2023-11-29T21:41:07.563+0000] {logging_mixin.py:154} INFO - [2023-11-29T21:41:07.563+0000] {manager.py:499} INFO - Created Permission View: %s
[2023-11-29T21:41:07.567+0000] {logging_mixin.py:154} INFO - [2023-11-29T21:41:07.567+0000] {manager.py:499} INFO - Created Permission View: %s
[2023-11-29T21:41:07.568+0000] {logging_mixin.py:154} INFO - [2023-11-29T21:41:07.568+0000] {dag.py:2941} INFO - Sync 1 DAGs
[2023-11-29T21:41:07.575+0000] {logging_mixin.py:154} INFO - [2023-11-29T21:41:07.575+0000] {dag.py:2963} INFO - Creating ORM DAG for example_python_operator
[2023-11-29T21:41:07.576+0000] {logging_mixin.py:154} INFO - [2023-11-29T21:41:07.576+0000] {dag.py:3722} INFO - Setting next_dagrun for example_python_operator to None, run_after=None
[2023-11-29T21:41:07.586+0000] {processor.py:179} INFO - Processing /home/airflow/.local/lib/python3.8/site-packages/airflow/example_dags/example_python_operator.py took 0.114 seconds
[2023-11-29T21:41:37.734+0000] {processor.py:157} INFO - Started process (PID=94) to work on /home/airflow/.local/lib/python3.8/site-packages/airflow/example_dags/example_python_operator.py
[2023-11-29T21:41:37.735+0000] {processor.py:829} INFO - Processing file /home/airflow/.local/lib/python3.8/site-packages/airflow/example_dags/example_python_operator.py for tasks to queue
[2023-11-29T21:41:37.737+0000] {logging_mixin.py:154} INFO - [2023-11-29T21:41:37.737+0000] {dagbag.py:536} INFO - Filling up the DagBag from /home/airflow/.local/lib/python3.8/site-packages/airflow/example_dags/example_python_operator.py
[2023-11-29T21:41:37.744+0000] {processor.py:839} INFO - DAG(s) dict_keys(['example_python_operator']) retrieved from /home/airflow/.local/lib/python3.8/site-packages/airflow/example_dags/example_python_operator.py
[2023-11-29T21:41:37.758+0000] {logging_mixin.py:154} INFO - [2023-11-29T21:41:37.758+0000] {dag.py:2941} INFO - Sync 1 DAGs
[2023-11-29T21:41:37.767+0000] {logging_mixin.py:154} INFO - [2023-11-29T21:41:37.767+0000] {dag.py:3722} INFO - Setting next_dagrun for example_python_operator to None, run_after=None
[2023-11-29T21:41:37.778+0000] {processor.py:179} INFO - Processing /home/airflow/.local/lib/python3.8/site-packages/airflow/example_dags/example_python_operator.py took 0.046 seconds
[2023-11-29T21:42:08.445+0000] {processor.py:157} INFO - Started process (PID=148) to work on /home/airflow/.local/lib/python3.8/site-packages/airflow/example_dags/example_python_operator.py
[2023-11-29T21:42:08.445+0000] {processor.py:829} INFO - Processing file /home/airflow/.local/lib/python3.8/site-packages/airflow/example_dags/example_python_operator.py for tasks to queue
[2023-11-29T21:42:08.447+0000] {logging_mixin.py:154} INFO - [2023-11-29T21:42:08.447+0000] {dagbag.py:536} INFO - Filling up the DagBag from /home/airflow/.local/lib/python3.8/site-packages/airflow/example_dags/example_python_operator.py
[2023-11-29T21:42:08.453+0000] {processor.py:839} INFO - DAG(s) dict_keys(['example_python_operator']) retrieved from /home/airflow/.local/lib/python3.8/site-packages/airflow/example_dags/example_python_operator.py
[2023-11-29T21:42:08.468+0000] {logging_mixin.py:154} INFO - [2023-11-29T21:42:08.468+0000] {dag.py:2941} INFO - Sync 1 DAGs
[2023-11-29T21:42:08.475+0000] {logging_mixin.py:154} INFO - [2023-11-29T21:42:08.475+0000] {dag.py:3722} INFO - Setting next_dagrun for example_python_operator to None, run_after=None
[2023-11-29T21:42:08.485+0000] {processor.py:179} INFO - Processing /home/airflow/.local/lib/python3.8/site-packages/airflow/example_dags/example_python_operator.py took 0.043 seconds
[2023-11-29T21:42:39.108+0000] {processor.py:157} INFO - Started process (PID=202) to work on /home/airflow/.local/lib/python3.8/site-packages/airflow/example_dags/example_python_operator.py
[2023-11-29T21:42:39.109+0000] {processor.py:829} INFO - Processing file /home/airflow/.local/lib/python3.8/site-packages/airflow/example_dags/example_python_operator.py for tasks to queue
[2023-11-29T21:42:39.111+0000] {logging_mixin.py:154} INFO - [2023-11-29T21:42:39.111+0000] {dagbag.py:536} INFO - Filling up the DagBag from /home/airflow/.local/lib/python3.8/site-packages/airflow/example_dags/example_python_operator.py
[2023-11-29T21:42:39.117+0000] {processor.py:839} INFO - DAG(s) dict_keys(['example_python_operator']) retrieved from /home/airflow/.local/lib/python3.8/site-packages/airflow/example_dags/example_python_operator.py
[2023-11-29T21:42:39.131+0000] {logging_mixin.py:154} INFO - [2023-11-29T21:42:39.131+0000] {dag.py:2941} INFO - Sync 1 DAGs
[2023-11-29T21:42:39.138+0000] {logging_mixin.py:154} INFO - [2023-11-29T21:42:39.138+0000] {dag.py:3722} INFO - Setting next_dagrun for example_python_operator to None, run_after=None
[2023-11-29T21:42:39.148+0000] {processor.py:179} INFO - Processing /home/airflow/.local/lib/python3.8/site-packages/airflow/example_dags/example_python_operator.py took 0.042 seconds
[2023-11-29T21:43:09.199+0000] {processor.py:157} INFO - Started process (PID=255) to work on /home/airflow/.local/lib/python3.8/site-packages/airflow/example_dags/example_python_operator.py
[2023-11-29T21:43:09.200+0000] {processor.py:829} INFO - Processing file /home/airflow/.local/lib/python3.8/site-packages/airflow/example_dags/example_python_operator.py for tasks to queue
[2023-11-29T21:43:09.201+0000] {logging_mixin.py:154} INFO - [2023-11-29T21:43:09.201+0000] {dagbag.py:536} INFO - Filling up the DagBag from /home/airflow/.local/lib/python3.8/site-packages/airflow/example_dags/example_python_operator.py
[2023-11-29T21:43:09.207+0000] {processor.py:839} INFO - DAG(s) dict_keys(['example_python_operator']) retrieved from /home/airflow/.local/lib/python3.8/site-packages/airflow/example_dags/example_python_operator.py
[2023-11-29T21:43:09.221+0000] {logging_mixin.py:154} INFO - [2023-11-29T21:43:09.220+0000] {dag.py:2941} INFO - Sync 1 DAGs
[2023-11-29T21:43:09.227+0000] {logging_mixin.py:154} INFO - [2023-11-29T21:43:09.227+0000] {dag.py:3722} INFO - Setting next_dagrun for example_python_operator to None, run_after=None
[2023-11-29T21:43:09.237+0000] {processor.py:179} INFO - Processing /home/airflow/.local/lib/python3.8/site-packages/airflow/example_dags/example_python_operator.py took 0.040 seconds
[2023-11-29T21:43:39.295+0000] {processor.py:157} INFO - Started process (PID=309) to work on /home/airflow/.local/lib/python3.8/site-packages/airflow/example_dags/example_python_operator.py
[2023-11-29T21:43:39.296+0000] {processor.py:829} INFO - Processing file /home/airflow/.local/lib/python3.8/site-packages/airflow/example_dags/example_python_operator.py for tasks to queue
[2023-11-29T21:43:39.297+0000] {logging_mixin.py:154} INFO - [2023-11-29T21:43:39.297+0000] {dagbag.py:536} INFO - Filling up the DagBag from /home/airflow/.local/lib/python3.8/site-packages/airflow/example_dags/example_python_operator.py
[2023-11-29T21:43:39.303+0000] {processor.py:839} INFO - DAG(s) dict_keys(['example_python_operator']) retrieved from /home/airflow/.local/lib/python3.8/site-packages/airflow/example_dags/example_python_operator.py
[2023-11-29T21:43:39.316+0000] {logging_mixin.py:154} INFO - [2023-11-29T21:43:39.316+0000] {dag.py:2941} INFO - Sync 1 DAGs
[2023-11-29T21:43:39.323+0000] {logging_mixin.py:154} INFO - [2023-11-29T21:43:39.323+0000] {dag.py:3722} INFO - Setting next_dagrun for example_python_operator to None, run_after=None
[2023-11-29T21:43:39.334+0000] {processor.py:179} INFO - Processing /home/airflow/.local/lib/python3.8/site-packages/airflow/example_dags/example_python_operator.py took 0.041 seconds
[2023-11-29T21:44:09.478+0000] {processor.py:157} INFO - Started process (PID=363) to work on /home/airflow/.local/lib/python3.8/site-packages/airflow/example_dags/example_python_operator.py
[2023-11-29T21:44:09.478+0000] {processor.py:829} INFO - Processing file /home/airflow/.local/lib/python3.8/site-packages/airflow/example_dags/example_python_operator.py for tasks to queue
[2023-11-29T21:44:09.480+0000] {logging_mixin.py:154} INFO - [2023-11-29T21:44:09.480+0000] {dagbag.py:536} INFO - Filling up the DagBag from /home/airflow/.local/lib/python3.8/site-packages/airflow/example_dags/example_python_operator.py
[2023-11-29T21:44:09.487+0000] {processor.py:839} INFO - DAG(s) dict_keys(['example_python_operator']) retrieved from /home/airflow/.local/lib/python3.8/site-packages/airflow/example_dags/example_python_operator.py
[2023-11-29T21:44:09.501+0000] {logging_mixin.py:154} INFO - [2023-11-29T21:44:09.501+0000] {dag.py:2941} INFO - Sync 1 DAGs
[2023-11-29T21:44:09.508+0000] {logging_mixin.py:154} INFO - [2023-11-29T21:44:09.508+0000] {dag.py:3722} INFO - Setting next_dagrun for example_python_operator to None, run_after=None
[2023-11-29T21:44:09.518+0000] {processor.py:179} INFO - Processing /home/airflow/.local/lib/python3.8/site-packages/airflow/example_dags/example_python_operator.py took 0.043 seconds
[2023-11-29T21:44:39.715+0000] {processor.py:157} INFO - Started process (PID=417) to work on /home/airflow/.local/lib/python3.8/site-packages/airflow/example_dags/example_python_operator.py
[2023-11-29T21:44:39.716+0000] {processor.py:829} INFO - Processing file /home/airflow/.local/lib/python3.8/site-packages/airflow/example_dags/example_python_operator.py for tasks to queue
[2023-11-29T21:44:39.718+0000] {logging_mixin.py:154} INFO - [2023-11-29T21:44:39.717+0000] {dagbag.py:536} INFO - Filling up the DagBag from /home/airflow/.local/lib/python3.8/site-packages/airflow/example_dags/example_python_operator.py
[2023-11-29T21:44:39.724+0000] {processor.py:839} INFO - DAG(s) dict_keys(['example_python_operator']) retrieved from /home/airflow/.local/lib/python3.8/site-packages/airflow/example_dags/example_python_operator.py
[2023-11-29T21:44:39.738+0000] {logging_mixin.py:154} INFO - [2023-11-29T21:44:39.738+0000] {dag.py:2941} INFO - Sync 1 DAGs
[2023-11-29T21:44:39.745+0000] {logging_mixin.py:154} INFO - [2023-11-29T21:44:39.745+0000] {dag.py:3722} INFO - Setting next_dagrun for example_python_operator to None, run_after=None
[2023-11-29T21:44:39.755+0000] {processor.py:179} INFO - Processing /home/airflow/.local/lib/python3.8/site-packages/airflow/example_dags/example_python_operator.py took 0.042 seconds
[2023-11-29T21:45:09.902+0000] {processor.py:157} INFO - Started process (PID=471) to work on /home/airflow/.local/lib/python3.8/site-packages/airflow/example_dags/example_python_operator.py
[2023-11-29T21:45:09.902+0000] {processor.py:829} INFO - Processing file /home/airflow/.local/lib/python3.8/site-packages/airflow/example_dags/example_python_operator.py for tasks to queue
[2023-11-29T21:45:09.904+0000] {logging_mixin.py:154} INFO - [2023-11-29T21:45:09.904+0000] {dagbag.py:536} INFO - Filling up the DagBag from /home/airflow/.local/lib/python3.8/site-packages/airflow/example_dags/example_python_operator.py
[2023-11-29T21:45:09.909+0000] {processor.py:839} INFO - DAG(s) dict_keys(['example_python_operator']) retrieved from /home/airflow/.local/lib/python3.8/site-packages/airflow/example_dags/example_python_operator.py
[2023-11-29T21:45:09.923+0000] {logging_mixin.py:154} INFO - [2023-11-29T21:45:09.923+0000] {dag.py:2941} INFO - Sync 1 DAGs
[2023-11-29T21:45:09.930+0000] {logging_mixin.py:154} INFO - [2023-11-29T21:45:09.930+0000] {dag.py:3722} INFO - Setting next_dagrun for example_python_operator to None, run_after=None
[2023-11-29T21:45:09.940+0000] {processor.py:179} INFO - Processing /home/airflow/.local/lib/python3.8/site-packages/airflow/example_dags/example_python_operator.py took 0.041 seconds
[2023-11-29T21:45:40.010+0000] {processor.py:157} INFO - Started process (PID=524) to work on /home/airflow/.local/lib/python3.8/site-packages/airflow/example_dags/example_python_operator.py
[2023-11-29T21:45:40.011+0000] {processor.py:829} INFO - Processing file /home/airflow/.local/lib/python3.8/site-packages/airflow/example_dags/example_python_operator.py for tasks to queue
[2023-11-29T21:45:40.012+0000] {logging_mixin.py:154} INFO - [2023-11-29T21:45:40.012+0000] {dagbag.py:536} INFO - Filling up the DagBag from /home/airflow/.local/lib/python3.8/site-packages/airflow/example_dags/example_python_operator.py
[2023-11-29T21:45:40.019+0000] {processor.py:839} INFO - DAG(s) dict_keys(['example_python_operator']) retrieved from /home/airflow/.local/lib/python3.8/site-packages/airflow/example_dags/example_python_operator.py
[2023-11-29T21:45:40.035+0000] {logging_mixin.py:154} INFO - [2023-11-29T21:45:40.035+0000] {dag.py:2941} INFO - Sync 1 DAGs
[2023-11-29T21:45:40.042+0000] {logging_mixin.py:154} INFO - [2023-11-29T21:45:40.042+0000] {dag.py:3722} INFO - Setting next_dagrun for example_python_operator to None, run_after=None
[2023-11-29T21:45:40.054+0000] {processor.py:179} INFO - Processing /home/airflow/.local/lib/python3.8/site-packages/airflow/example_dags/example_python_operator.py took 0.047 seconds
[2023-11-29T21:46:10.194+0000] {processor.py:157} INFO - Started process (PID=579) to work on /home/airflow/.local/lib/python3.8/site-packages/airflow/example_dags/example_python_operator.py
[2023-11-29T21:46:10.195+0000] {processor.py:829} INFO - Processing file /home/airflow/.local/lib/python3.8/site-packages/airflow/example_dags/example_python_operator.py for tasks to queue
[2023-11-29T21:46:10.196+0000] {logging_mixin.py:154} INFO - [2023-11-29T21:46:10.196+0000] {dagbag.py:536} INFO - Filling up the DagBag from /home/airflow/.local/lib/python3.8/site-packages/airflow/example_dags/example_python_operator.py
[2023-11-29T21:46:10.202+0000] {processor.py:839} INFO - DAG(s) dict_keys(['example_python_operator']) retrieved from /home/airflow/.local/lib/python3.8/site-packages/airflow/example_dags/example_python_operator.py
[2023-11-29T21:46:10.216+0000] {logging_mixin.py:154} INFO - [2023-11-29T21:46:10.216+0000] {dag.py:2941} INFO - Sync 1 DAGs
[2023-11-29T21:46:10.223+0000] {logging_mixin.py:154} INFO - [2023-11-29T21:46:10.223+0000] {dag.py:3722} INFO - Setting next_dagrun for example_python_operator to None, run_after=None
[2023-11-29T21:46:10.233+0000] {processor.py:179} INFO - Processing /home/airflow/.local/lib/python3.8/site-packages/airflow/example_dags/example_python_operator.py took 0.041 seconds
