[2023-11-29T20:51:40.065+0000] {processor.py:157} INFO - Started process (PID=69) to work on /home/airflow/.local/lib/python3.8/site-packages/airflow/example_dags/example_datasets.py
[2023-11-29T20:51:40.066+0000] {processor.py:829} INFO - Processing file /home/airflow/.local/lib/python3.8/site-packages/airflow/example_dags/example_datasets.py for tasks to queue
[2023-11-29T20:51:40.067+0000] {logging_mixin.py:154} INFO - [2023-11-29T20:51:40.067+0000] {dagbag.py:536} INFO - Filling up the DagBag from /home/airflow/.local/lib/python3.8/site-packages/airflow/example_dags/example_datasets.py
[2023-11-29T20:51:40.073+0000] {processor.py:839} INFO - DAG(s) dict_keys(['dataset_consumes_1', 'dataset_produces_1', 'dataset_produces_2', 'dataset_consumes_unknown_never_scheduled', 'dataset_consumes_1_never_scheduled', 'dataset_consumes_1_and_2']) retrieved from /home/airflow/.local/lib/python3.8/site-packages/airflow/example_dags/example_datasets.py
[2023-11-29T20:51:40.169+0000] {logging_mixin.py:154} INFO - [2023-11-29T20:51:40.168+0000] {dag.py:2941} INFO - Sync 6 DAGs
[2023-11-29T20:51:40.184+0000] {logging_mixin.py:154} INFO - [2023-11-29T20:51:40.184+0000] {dag.py:3722} INFO - Setting next_dagrun for dataset_consumes_1 to None, run_after=None
[2023-11-29T20:51:40.186+0000] {logging_mixin.py:154} INFO - [2023-11-29T20:51:40.186+0000] {dag.py:3722} INFO - Setting next_dagrun for dataset_consumes_1_and_2 to None, run_after=None
[2023-11-29T20:51:40.187+0000] {logging_mixin.py:154} INFO - [2023-11-29T20:51:40.187+0000] {dag.py:3722} INFO - Setting next_dagrun for dataset_consumes_1_never_scheduled to None, run_after=None
[2023-11-29T20:51:40.188+0000] {logging_mixin.py:154} INFO - [2023-11-29T20:51:40.188+0000] {dag.py:3722} INFO - Setting next_dagrun for dataset_consumes_unknown_never_scheduled to None, run_after=None
[2023-11-29T20:51:40.190+0000] {logging_mixin.py:154} INFO - [2023-11-29T20:51:40.190+0000] {dag.py:3722} INFO - Setting next_dagrun for dataset_produces_1 to 2023-11-28T00:00:00+00:00, run_after=2023-11-29T00:00:00+00:00
[2023-11-29T20:51:40.191+0000] {logging_mixin.py:154} INFO - [2023-11-29T20:51:40.191+0000] {dag.py:3722} INFO - Setting next_dagrun for dataset_produces_2 to None, run_after=None
[2023-11-29T20:51:40.212+0000] {processor.py:179} INFO - Processing /home/airflow/.local/lib/python3.8/site-packages/airflow/example_dags/example_datasets.py took 0.150 seconds
[2023-11-29T20:52:11.163+0000] {processor.py:157} INFO - Started process (PID=123) to work on /home/airflow/.local/lib/python3.8/site-packages/airflow/example_dags/example_datasets.py
[2023-11-29T20:52:11.166+0000] {processor.py:829} INFO - Processing file /home/airflow/.local/lib/python3.8/site-packages/airflow/example_dags/example_datasets.py for tasks to queue
[2023-11-29T20:52:11.167+0000] {logging_mixin.py:154} INFO - [2023-11-29T20:52:11.167+0000] {dagbag.py:536} INFO - Filling up the DagBag from /home/airflow/.local/lib/python3.8/site-packages/airflow/example_dags/example_datasets.py
[2023-11-29T20:52:11.173+0000] {processor.py:839} INFO - DAG(s) dict_keys(['dataset_consumes_1_and_2', 'dataset_produces_1', 'dataset_consumes_1_never_scheduled', 'dataset_produces_2', 'dataset_consumes_1', 'dataset_consumes_unknown_never_scheduled']) retrieved from /home/airflow/.local/lib/python3.8/site-packages/airflow/example_dags/example_datasets.py
[2023-11-29T20:52:11.184+0000] {logging_mixin.py:154} INFO - [2023-11-29T20:52:11.184+0000] {dag.py:2941} INFO - Sync 6 DAGs
[2023-11-29T20:52:11.197+0000] {logging_mixin.py:154} INFO - [2023-11-29T20:52:11.197+0000] {dag.py:3722} INFO - Setting next_dagrun for dataset_consumes_1 to None, run_after=None
[2023-11-29T20:52:11.199+0000] {logging_mixin.py:154} INFO - [2023-11-29T20:52:11.199+0000] {dag.py:3722} INFO - Setting next_dagrun for dataset_consumes_1_and_2 to None, run_after=None
[2023-11-29T20:52:11.200+0000] {logging_mixin.py:154} INFO - [2023-11-29T20:52:11.200+0000] {dag.py:3722} INFO - Setting next_dagrun for dataset_consumes_1_never_scheduled to None, run_after=None
[2023-11-29T20:52:11.201+0000] {logging_mixin.py:154} INFO - [2023-11-29T20:52:11.201+0000] {dag.py:3722} INFO - Setting next_dagrun for dataset_consumes_unknown_never_scheduled to None, run_after=None
[2023-11-29T20:52:11.203+0000] {logging_mixin.py:154} INFO - [2023-11-29T20:52:11.203+0000] {dag.py:3722} INFO - Setting next_dagrun for dataset_produces_1 to 2023-11-28T00:00:00+00:00, run_after=2023-11-29T00:00:00+00:00
[2023-11-29T20:52:11.204+0000] {logging_mixin.py:154} INFO - [2023-11-29T20:52:11.203+0000] {dag.py:3722} INFO - Setting next_dagrun for dataset_produces_2 to None, run_after=None
[2023-11-29T20:52:11.221+0000] {processor.py:179} INFO - Processing /home/airflow/.local/lib/python3.8/site-packages/airflow/example_dags/example_datasets.py took 0.063 seconds
[2023-11-29T20:52:42.089+0000] {processor.py:157} INFO - Started process (PID=177) to work on /home/airflow/.local/lib/python3.8/site-packages/airflow/example_dags/example_datasets.py
[2023-11-29T20:52:42.091+0000] {processor.py:829} INFO - Processing file /home/airflow/.local/lib/python3.8/site-packages/airflow/example_dags/example_datasets.py for tasks to queue
[2023-11-29T20:52:42.094+0000] {logging_mixin.py:154} INFO - [2023-11-29T20:52:42.094+0000] {dagbag.py:536} INFO - Filling up the DagBag from /home/airflow/.local/lib/python3.8/site-packages/airflow/example_dags/example_datasets.py
[2023-11-29T20:52:42.105+0000] {processor.py:839} INFO - DAG(s) dict_keys(['dataset_produces_2', 'dataset_consumes_1_and_2', 'dataset_consumes_unknown_never_scheduled', 'dataset_consumes_1', 'dataset_produces_1', 'dataset_consumes_1_never_scheduled']) retrieved from /home/airflow/.local/lib/python3.8/site-packages/airflow/example_dags/example_datasets.py
[2023-11-29T20:52:42.129+0000] {logging_mixin.py:154} INFO - [2023-11-29T20:52:42.129+0000] {dag.py:2941} INFO - Sync 6 DAGs
[2023-11-29T20:52:42.142+0000] {logging_mixin.py:154} INFO - [2023-11-29T20:52:42.142+0000] {dag.py:3722} INFO - Setting next_dagrun for dataset_consumes_1 to None, run_after=None
[2023-11-29T20:52:42.144+0000] {logging_mixin.py:154} INFO - [2023-11-29T20:52:42.144+0000] {dag.py:3722} INFO - Setting next_dagrun for dataset_consumes_1_and_2 to None, run_after=None
[2023-11-29T20:52:42.145+0000] {logging_mixin.py:154} INFO - [2023-11-29T20:52:42.145+0000] {dag.py:3722} INFO - Setting next_dagrun for dataset_consumes_1_never_scheduled to None, run_after=None
[2023-11-29T20:52:42.145+0000] {logging_mixin.py:154} INFO - [2023-11-29T20:52:42.145+0000] {dag.py:3722} INFO - Setting next_dagrun for dataset_consumes_unknown_never_scheduled to None, run_after=None
[2023-11-29T20:52:42.147+0000] {logging_mixin.py:154} INFO - [2023-11-29T20:52:42.147+0000] {dag.py:3722} INFO - Setting next_dagrun for dataset_produces_1 to 2023-11-28T00:00:00+00:00, run_after=2023-11-29T00:00:00+00:00
[2023-11-29T20:52:42.148+0000] {logging_mixin.py:154} INFO - [2023-11-29T20:52:42.148+0000] {dag.py:3722} INFO - Setting next_dagrun for dataset_produces_2 to None, run_after=None
[2023-11-29T20:52:42.164+0000] {processor.py:179} INFO - Processing /home/airflow/.local/lib/python3.8/site-packages/airflow/example_dags/example_datasets.py took 0.081 seconds
[2023-11-29T20:53:12.205+0000] {processor.py:157} INFO - Started process (PID=231) to work on /home/airflow/.local/lib/python3.8/site-packages/airflow/example_dags/example_datasets.py
[2023-11-29T20:53:12.206+0000] {processor.py:829} INFO - Processing file /home/airflow/.local/lib/python3.8/site-packages/airflow/example_dags/example_datasets.py for tasks to queue
[2023-11-29T20:53:12.209+0000] {logging_mixin.py:154} INFO - [2023-11-29T20:53:12.209+0000] {dagbag.py:536} INFO - Filling up the DagBag from /home/airflow/.local/lib/python3.8/site-packages/airflow/example_dags/example_datasets.py
[2023-11-29T20:53:12.220+0000] {processor.py:839} INFO - DAG(s) dict_keys(['dataset_consumes_1_never_scheduled', 'dataset_consumes_1', 'dataset_produces_2', 'dataset_consumes_1_and_2', 'dataset_consumes_unknown_never_scheduled', 'dataset_produces_1']) retrieved from /home/airflow/.local/lib/python3.8/site-packages/airflow/example_dags/example_datasets.py
[2023-11-29T20:53:12.244+0000] {logging_mixin.py:154} INFO - [2023-11-29T20:53:12.244+0000] {dag.py:2941} INFO - Sync 6 DAGs
[2023-11-29T20:53:12.256+0000] {logging_mixin.py:154} INFO - [2023-11-29T20:53:12.256+0000] {dag.py:3722} INFO - Setting next_dagrun for dataset_consumes_1 to None, run_after=None
[2023-11-29T20:53:12.259+0000] {logging_mixin.py:154} INFO - [2023-11-29T20:53:12.259+0000] {dag.py:3722} INFO - Setting next_dagrun for dataset_consumes_1_and_2 to None, run_after=None
[2023-11-29T20:53:12.260+0000] {logging_mixin.py:154} INFO - [2023-11-29T20:53:12.260+0000] {dag.py:3722} INFO - Setting next_dagrun for dataset_consumes_1_never_scheduled to None, run_after=None
[2023-11-29T20:53:12.260+0000] {logging_mixin.py:154} INFO - [2023-11-29T20:53:12.260+0000] {dag.py:3722} INFO - Setting next_dagrun for dataset_consumes_unknown_never_scheduled to None, run_after=None
[2023-11-29T20:53:12.262+0000] {logging_mixin.py:154} INFO - [2023-11-29T20:53:12.262+0000] {dag.py:3722} INFO - Setting next_dagrun for dataset_produces_1 to 2023-11-28T00:00:00+00:00, run_after=2023-11-29T00:00:00+00:00
[2023-11-29T20:53:12.263+0000] {logging_mixin.py:154} INFO - [2023-11-29T20:53:12.263+0000] {dag.py:3722} INFO - Setting next_dagrun for dataset_produces_2 to None, run_after=None
[2023-11-29T20:53:12.278+0000] {processor.py:179} INFO - Processing /home/airflow/.local/lib/python3.8/site-packages/airflow/example_dags/example_datasets.py took 0.079 seconds
[2023-11-29T20:53:42.401+0000] {processor.py:157} INFO - Started process (PID=285) to work on /home/airflow/.local/lib/python3.8/site-packages/airflow/example_dags/example_datasets.py
[2023-11-29T20:53:42.403+0000] {processor.py:829} INFO - Processing file /home/airflow/.local/lib/python3.8/site-packages/airflow/example_dags/example_datasets.py for tasks to queue
[2023-11-29T20:53:42.406+0000] {logging_mixin.py:154} INFO - [2023-11-29T20:53:42.406+0000] {dagbag.py:536} INFO - Filling up the DagBag from /home/airflow/.local/lib/python3.8/site-packages/airflow/example_dags/example_datasets.py
[2023-11-29T20:53:42.417+0000] {processor.py:839} INFO - DAG(s) dict_keys(['dataset_consumes_1_never_scheduled', 'dataset_produces_2', 'dataset_produces_1', 'dataset_consumes_unknown_never_scheduled', 'dataset_consumes_1_and_2', 'dataset_consumes_1']) retrieved from /home/airflow/.local/lib/python3.8/site-packages/airflow/example_dags/example_datasets.py
[2023-11-29T20:53:42.442+0000] {logging_mixin.py:154} INFO - [2023-11-29T20:53:42.441+0000] {dag.py:2941} INFO - Sync 6 DAGs
[2023-11-29T20:53:42.453+0000] {logging_mixin.py:154} INFO - [2023-11-29T20:53:42.453+0000] {dag.py:3722} INFO - Setting next_dagrun for dataset_consumes_1 to None, run_after=None
[2023-11-29T20:53:42.455+0000] {logging_mixin.py:154} INFO - [2023-11-29T20:53:42.455+0000] {dag.py:3722} INFO - Setting next_dagrun for dataset_consumes_1_and_2 to None, run_after=None
[2023-11-29T20:53:42.456+0000] {logging_mixin.py:154} INFO - [2023-11-29T20:53:42.456+0000] {dag.py:3722} INFO - Setting next_dagrun for dataset_consumes_1_never_scheduled to None, run_after=None
[2023-11-29T20:53:42.457+0000] {logging_mixin.py:154} INFO - [2023-11-29T20:53:42.457+0000] {dag.py:3722} INFO - Setting next_dagrun for dataset_consumes_unknown_never_scheduled to None, run_after=None
[2023-11-29T20:53:42.458+0000] {logging_mixin.py:154} INFO - [2023-11-29T20:53:42.458+0000] {dag.py:3722} INFO - Setting next_dagrun for dataset_produces_1 to 2023-11-28T00:00:00+00:00, run_after=2023-11-29T00:00:00+00:00
[2023-11-29T20:53:42.459+0000] {logging_mixin.py:154} INFO - [2023-11-29T20:53:42.459+0000] {dag.py:3722} INFO - Setting next_dagrun for dataset_produces_2 to None, run_after=None
[2023-11-29T20:53:42.475+0000] {processor.py:179} INFO - Processing /home/airflow/.local/lib/python3.8/site-packages/airflow/example_dags/example_datasets.py took 0.079 seconds
[2023-11-29T20:54:12.534+0000] {processor.py:157} INFO - Started process (PID=340) to work on /home/airflow/.local/lib/python3.8/site-packages/airflow/example_dags/example_datasets.py
[2023-11-29T20:54:12.535+0000] {processor.py:829} INFO - Processing file /home/airflow/.local/lib/python3.8/site-packages/airflow/example_dags/example_datasets.py for tasks to queue
[2023-11-29T20:54:12.537+0000] {logging_mixin.py:154} INFO - [2023-11-29T20:54:12.537+0000] {dagbag.py:536} INFO - Filling up the DagBag from /home/airflow/.local/lib/python3.8/site-packages/airflow/example_dags/example_datasets.py
[2023-11-29T20:54:12.543+0000] {processor.py:839} INFO - DAG(s) dict_keys(['dataset_consumes_1_never_scheduled', 'dataset_consumes_1_and_2', 'dataset_produces_1', 'dataset_consumes_unknown_never_scheduled', 'dataset_consumes_1', 'dataset_produces_2']) retrieved from /home/airflow/.local/lib/python3.8/site-packages/airflow/example_dags/example_datasets.py
[2023-11-29T20:54:12.563+0000] {logging_mixin.py:154} INFO - [2023-11-29T20:54:12.563+0000] {dag.py:2941} INFO - Sync 6 DAGs
[2023-11-29T20:54:12.576+0000] {logging_mixin.py:154} INFO - [2023-11-29T20:54:12.576+0000] {dag.py:3722} INFO - Setting next_dagrun for dataset_consumes_1 to None, run_after=None
[2023-11-29T20:54:12.578+0000] {logging_mixin.py:154} INFO - [2023-11-29T20:54:12.578+0000] {dag.py:3722} INFO - Setting next_dagrun for dataset_consumes_1_and_2 to None, run_after=None
[2023-11-29T20:54:12.578+0000] {logging_mixin.py:154} INFO - [2023-11-29T20:54:12.578+0000] {dag.py:3722} INFO - Setting next_dagrun for dataset_consumes_1_never_scheduled to None, run_after=None
[2023-11-29T20:54:12.579+0000] {logging_mixin.py:154} INFO - [2023-11-29T20:54:12.579+0000] {dag.py:3722} INFO - Setting next_dagrun for dataset_consumes_unknown_never_scheduled to None, run_after=None
[2023-11-29T20:54:12.581+0000] {logging_mixin.py:154} INFO - [2023-11-29T20:54:12.581+0000] {dag.py:3722} INFO - Setting next_dagrun for dataset_produces_1 to 2023-11-28T00:00:00+00:00, run_after=2023-11-29T00:00:00+00:00
[2023-11-29T20:54:12.582+0000] {logging_mixin.py:154} INFO - [2023-11-29T20:54:12.582+0000] {dag.py:3722} INFO - Setting next_dagrun for dataset_produces_2 to None, run_after=None
[2023-11-29T20:54:12.598+0000] {processor.py:179} INFO - Processing /home/airflow/.local/lib/python3.8/site-packages/airflow/example_dags/example_datasets.py took 0.066 seconds
[2023-11-29T20:54:42.625+0000] {processor.py:157} INFO - Started process (PID=393) to work on /home/airflow/.local/lib/python3.8/site-packages/airflow/example_dags/example_datasets.py
[2023-11-29T20:54:42.626+0000] {processor.py:829} INFO - Processing file /home/airflow/.local/lib/python3.8/site-packages/airflow/example_dags/example_datasets.py for tasks to queue
[2023-11-29T20:54:42.629+0000] {logging_mixin.py:154} INFO - [2023-11-29T20:54:42.629+0000] {dagbag.py:536} INFO - Filling up the DagBag from /home/airflow/.local/lib/python3.8/site-packages/airflow/example_dags/example_datasets.py
[2023-11-29T20:54:42.639+0000] {processor.py:839} INFO - DAG(s) dict_keys(['dataset_consumes_1_and_2', 'dataset_consumes_1_never_scheduled', 'dataset_produces_1', 'dataset_consumes_1', 'dataset_consumes_unknown_never_scheduled', 'dataset_produces_2']) retrieved from /home/airflow/.local/lib/python3.8/site-packages/airflow/example_dags/example_datasets.py
[2023-11-29T20:54:42.663+0000] {logging_mixin.py:154} INFO - [2023-11-29T20:54:42.663+0000] {dag.py:2941} INFO - Sync 6 DAGs
[2023-11-29T20:54:42.676+0000] {logging_mixin.py:154} INFO - [2023-11-29T20:54:42.676+0000] {dag.py:3722} INFO - Setting next_dagrun for dataset_consumes_1 to None, run_after=None
[2023-11-29T20:54:42.678+0000] {logging_mixin.py:154} INFO - [2023-11-29T20:54:42.678+0000] {dag.py:3722} INFO - Setting next_dagrun for dataset_consumes_1_and_2 to None, run_after=None
[2023-11-29T20:54:42.679+0000] {logging_mixin.py:154} INFO - [2023-11-29T20:54:42.679+0000] {dag.py:3722} INFO - Setting next_dagrun for dataset_consumes_1_never_scheduled to None, run_after=None
[2023-11-29T20:54:42.680+0000] {logging_mixin.py:154} INFO - [2023-11-29T20:54:42.680+0000] {dag.py:3722} INFO - Setting next_dagrun for dataset_consumes_unknown_never_scheduled to None, run_after=None
[2023-11-29T20:54:42.682+0000] {logging_mixin.py:154} INFO - [2023-11-29T20:54:42.681+0000] {dag.py:3722} INFO - Setting next_dagrun for dataset_produces_1 to 2023-11-28T00:00:00+00:00, run_after=2023-11-29T00:00:00+00:00
[2023-11-29T20:54:42.683+0000] {logging_mixin.py:154} INFO - [2023-11-29T20:54:42.682+0000] {dag.py:3722} INFO - Setting next_dagrun for dataset_produces_2 to None, run_after=None
[2023-11-29T20:54:42.699+0000] {processor.py:179} INFO - Processing /home/airflow/.local/lib/python3.8/site-packages/airflow/example_dags/example_datasets.py took 0.079 seconds
[2023-11-29T20:55:12.756+0000] {processor.py:157} INFO - Started process (PID=447) to work on /home/airflow/.local/lib/python3.8/site-packages/airflow/example_dags/example_datasets.py
[2023-11-29T20:55:12.757+0000] {processor.py:829} INFO - Processing file /home/airflow/.local/lib/python3.8/site-packages/airflow/example_dags/example_datasets.py for tasks to queue
[2023-11-29T20:55:12.759+0000] {logging_mixin.py:154} INFO - [2023-11-29T20:55:12.759+0000] {dagbag.py:536} INFO - Filling up the DagBag from /home/airflow/.local/lib/python3.8/site-packages/airflow/example_dags/example_datasets.py
[2023-11-29T20:55:12.766+0000] {processor.py:839} INFO - DAG(s) dict_keys(['dataset_consumes_1', 'dataset_produces_2', 'dataset_consumes_unknown_never_scheduled', 'dataset_consumes_1_and_2', 'dataset_consumes_1_never_scheduled', 'dataset_produces_1']) retrieved from /home/airflow/.local/lib/python3.8/site-packages/airflow/example_dags/example_datasets.py
[2023-11-29T20:55:12.791+0000] {logging_mixin.py:154} INFO - [2023-11-29T20:55:12.791+0000] {dag.py:2941} INFO - Sync 6 DAGs
[2023-11-29T20:55:12.806+0000] {logging_mixin.py:154} INFO - [2023-11-29T20:55:12.805+0000] {dag.py:3722} INFO - Setting next_dagrun for dataset_consumes_1 to None, run_after=None
[2023-11-29T20:55:12.808+0000] {logging_mixin.py:154} INFO - [2023-11-29T20:55:12.808+0000] {dag.py:3722} INFO - Setting next_dagrun for dataset_consumes_1_and_2 to None, run_after=None
[2023-11-29T20:55:12.808+0000] {logging_mixin.py:154} INFO - [2023-11-29T20:55:12.808+0000] {dag.py:3722} INFO - Setting next_dagrun for dataset_consumes_1_never_scheduled to None, run_after=None
[2023-11-29T20:55:12.809+0000] {logging_mixin.py:154} INFO - [2023-11-29T20:55:12.809+0000] {dag.py:3722} INFO - Setting next_dagrun for dataset_consumes_unknown_never_scheduled to None, run_after=None
[2023-11-29T20:55:12.811+0000] {logging_mixin.py:154} INFO - [2023-11-29T20:55:12.811+0000] {dag.py:3722} INFO - Setting next_dagrun for dataset_produces_1 to 2023-11-28T00:00:00+00:00, run_after=2023-11-29T00:00:00+00:00
[2023-11-29T20:55:12.812+0000] {logging_mixin.py:154} INFO - [2023-11-29T20:55:12.812+0000] {dag.py:3722} INFO - Setting next_dagrun for dataset_produces_2 to None, run_after=None
[2023-11-29T20:55:12.831+0000] {processor.py:179} INFO - Processing /home/airflow/.local/lib/python3.8/site-packages/airflow/example_dags/example_datasets.py took 0.078 seconds
[2023-11-29T20:55:43.793+0000] {processor.py:157} INFO - Started process (PID=501) to work on /home/airflow/.local/lib/python3.8/site-packages/airflow/example_dags/example_datasets.py
[2023-11-29T20:55:43.794+0000] {processor.py:829} INFO - Processing file /home/airflow/.local/lib/python3.8/site-packages/airflow/example_dags/example_datasets.py for tasks to queue
[2023-11-29T20:55:43.798+0000] {logging_mixin.py:154} INFO - [2023-11-29T20:55:43.797+0000] {dagbag.py:536} INFO - Filling up the DagBag from /home/airflow/.local/lib/python3.8/site-packages/airflow/example_dags/example_datasets.py
[2023-11-29T20:55:43.809+0000] {processor.py:839} INFO - DAG(s) dict_keys(['dataset_produces_1', 'dataset_consumes_1_and_2', 'dataset_consumes_unknown_never_scheduled', 'dataset_consumes_1_never_scheduled', 'dataset_produces_2', 'dataset_consumes_1']) retrieved from /home/airflow/.local/lib/python3.8/site-packages/airflow/example_dags/example_datasets.py
[2023-11-29T20:55:43.833+0000] {logging_mixin.py:154} INFO - [2023-11-29T20:55:43.833+0000] {dag.py:2941} INFO - Sync 6 DAGs
[2023-11-29T20:55:43.845+0000] {logging_mixin.py:154} INFO - [2023-11-29T20:55:43.844+0000] {dag.py:3722} INFO - Setting next_dagrun for dataset_consumes_1 to None, run_after=None
[2023-11-29T20:55:43.847+0000] {logging_mixin.py:154} INFO - [2023-11-29T20:55:43.846+0000] {dag.py:3722} INFO - Setting next_dagrun for dataset_consumes_1_and_2 to None, run_after=None
[2023-11-29T20:55:43.847+0000] {logging_mixin.py:154} INFO - [2023-11-29T20:55:43.847+0000] {dag.py:3722} INFO - Setting next_dagrun for dataset_consumes_1_never_scheduled to None, run_after=None
[2023-11-29T20:55:43.848+0000] {logging_mixin.py:154} INFO - [2023-11-29T20:55:43.848+0000] {dag.py:3722} INFO - Setting next_dagrun for dataset_consumes_unknown_never_scheduled to None, run_after=None
[2023-11-29T20:55:43.850+0000] {logging_mixin.py:154} INFO - [2023-11-29T20:55:43.849+0000] {dag.py:3722} INFO - Setting next_dagrun for dataset_produces_1 to 2023-11-28T00:00:00+00:00, run_after=2023-11-29T00:00:00+00:00
[2023-11-29T20:55:43.850+0000] {logging_mixin.py:154} INFO - [2023-11-29T20:55:43.850+0000] {dag.py:3722} INFO - Setting next_dagrun for dataset_produces_2 to None, run_after=None
[2023-11-29T20:55:43.867+0000] {processor.py:179} INFO - Processing /home/airflow/.local/lib/python3.8/site-packages/airflow/example_dags/example_datasets.py took 0.080 seconds
[2023-11-29T20:56:13.920+0000] {processor.py:157} INFO - Started process (PID=556) to work on /home/airflow/.local/lib/python3.8/site-packages/airflow/example_dags/example_datasets.py
[2023-11-29T20:56:13.921+0000] {processor.py:829} INFO - Processing file /home/airflow/.local/lib/python3.8/site-packages/airflow/example_dags/example_datasets.py for tasks to queue
[2023-11-29T20:56:13.923+0000] {logging_mixin.py:154} INFO - [2023-11-29T20:56:13.923+0000] {dagbag.py:536} INFO - Filling up the DagBag from /home/airflow/.local/lib/python3.8/site-packages/airflow/example_dags/example_datasets.py
[2023-11-29T20:56:13.929+0000] {processor.py:839} INFO - DAG(s) dict_keys(['dataset_consumes_1_and_2', 'dataset_consumes_1_never_scheduled', 'dataset_consumes_1', 'dataset_produces_1', 'dataset_produces_2', 'dataset_consumes_unknown_never_scheduled']) retrieved from /home/airflow/.local/lib/python3.8/site-packages/airflow/example_dags/example_datasets.py
[2023-11-29T20:56:13.949+0000] {logging_mixin.py:154} INFO - [2023-11-29T20:56:13.949+0000] {dag.py:2941} INFO - Sync 6 DAGs
[2023-11-29T20:56:13.962+0000] {logging_mixin.py:154} INFO - [2023-11-29T20:56:13.962+0000] {dag.py:3722} INFO - Setting next_dagrun for dataset_consumes_1 to None, run_after=None
[2023-11-29T20:56:13.964+0000] {logging_mixin.py:154} INFO - [2023-11-29T20:56:13.964+0000] {dag.py:3722} INFO - Setting next_dagrun for dataset_consumes_1_and_2 to None, run_after=None
[2023-11-29T20:56:13.965+0000] {logging_mixin.py:154} INFO - [2023-11-29T20:56:13.965+0000] {dag.py:3722} INFO - Setting next_dagrun for dataset_consumes_1_never_scheduled to None, run_after=None
[2023-11-29T20:56:13.965+0000] {logging_mixin.py:154} INFO - [2023-11-29T20:56:13.965+0000] {dag.py:3722} INFO - Setting next_dagrun for dataset_consumes_unknown_never_scheduled to None, run_after=None
[2023-11-29T20:56:13.967+0000] {logging_mixin.py:154} INFO - [2023-11-29T20:56:13.967+0000] {dag.py:3722} INFO - Setting next_dagrun for dataset_produces_1 to 2023-11-28T00:00:00+00:00, run_after=2023-11-29T00:00:00+00:00
[2023-11-29T20:56:13.968+0000] {logging_mixin.py:154} INFO - [2023-11-29T20:56:13.968+0000] {dag.py:3722} INFO - Setting next_dagrun for dataset_produces_2 to None, run_after=None
[2023-11-29T20:56:13.985+0000] {processor.py:179} INFO - Processing /home/airflow/.local/lib/python3.8/site-packages/airflow/example_dags/example_datasets.py took 0.068 seconds
[2023-11-29T20:56:44.826+0000] {processor.py:157} INFO - Started process (PID=609) to work on /home/airflow/.local/lib/python3.8/site-packages/airflow/example_dags/example_datasets.py
[2023-11-29T20:56:44.827+0000] {processor.py:829} INFO - Processing file /home/airflow/.local/lib/python3.8/site-packages/airflow/example_dags/example_datasets.py for tasks to queue
[2023-11-29T20:56:44.829+0000] {logging_mixin.py:154} INFO - [2023-11-29T20:56:44.829+0000] {dagbag.py:536} INFO - Filling up the DagBag from /home/airflow/.local/lib/python3.8/site-packages/airflow/example_dags/example_datasets.py
[2023-11-29T20:56:44.837+0000] {processor.py:839} INFO - DAG(s) dict_keys(['dataset_produces_1', 'dataset_consumes_1_and_2', 'dataset_consumes_1', 'dataset_consumes_1_never_scheduled', 'dataset_produces_2', 'dataset_consumes_unknown_never_scheduled']) retrieved from /home/airflow/.local/lib/python3.8/site-packages/airflow/example_dags/example_datasets.py
[2023-11-29T20:56:44.861+0000] {logging_mixin.py:154} INFO - [2023-11-29T20:56:44.861+0000] {dag.py:2941} INFO - Sync 6 DAGs
[2023-11-29T20:56:44.873+0000] {logging_mixin.py:154} INFO - [2023-11-29T20:56:44.873+0000] {dag.py:3722} INFO - Setting next_dagrun for dataset_consumes_1 to None, run_after=None
[2023-11-29T20:56:44.875+0000] {logging_mixin.py:154} INFO - [2023-11-29T20:56:44.875+0000] {dag.py:3722} INFO - Setting next_dagrun for dataset_consumes_1_and_2 to None, run_after=None
[2023-11-29T20:56:44.876+0000] {logging_mixin.py:154} INFO - [2023-11-29T20:56:44.876+0000] {dag.py:3722} INFO - Setting next_dagrun for dataset_consumes_1_never_scheduled to None, run_after=None
[2023-11-29T20:56:44.877+0000] {logging_mixin.py:154} INFO - [2023-11-29T20:56:44.877+0000] {dag.py:3722} INFO - Setting next_dagrun for dataset_consumes_unknown_never_scheduled to None, run_after=None
[2023-11-29T20:56:44.878+0000] {logging_mixin.py:154} INFO - [2023-11-29T20:56:44.878+0000] {dag.py:3722} INFO - Setting next_dagrun for dataset_produces_1 to 2023-11-28T00:00:00+00:00, run_after=2023-11-29T00:00:00+00:00
[2023-11-29T20:56:44.879+0000] {logging_mixin.py:154} INFO - [2023-11-29T20:56:44.879+0000] {dag.py:3722} INFO - Setting next_dagrun for dataset_produces_2 to None, run_after=None
[2023-11-29T20:56:44.895+0000] {processor.py:179} INFO - Processing /home/airflow/.local/lib/python3.8/site-packages/airflow/example_dags/example_datasets.py took 0.073 seconds
[2023-11-29T20:57:14.976+0000] {processor.py:157} INFO - Started process (PID=663) to work on /home/airflow/.local/lib/python3.8/site-packages/airflow/example_dags/example_datasets.py
[2023-11-29T20:57:14.977+0000] {processor.py:829} INFO - Processing file /home/airflow/.local/lib/python3.8/site-packages/airflow/example_dags/example_datasets.py for tasks to queue
[2023-11-29T20:57:14.978+0000] {logging_mixin.py:154} INFO - [2023-11-29T20:57:14.978+0000] {dagbag.py:536} INFO - Filling up the DagBag from /home/airflow/.local/lib/python3.8/site-packages/airflow/example_dags/example_datasets.py
[2023-11-29T20:57:14.984+0000] {processor.py:839} INFO - DAG(s) dict_keys(['dataset_produces_2', 'dataset_consumes_unknown_never_scheduled', 'dataset_consumes_1_and_2', 'dataset_produces_1', 'dataset_consumes_1', 'dataset_consumes_1_never_scheduled']) retrieved from /home/airflow/.local/lib/python3.8/site-packages/airflow/example_dags/example_datasets.py
[2023-11-29T20:57:15.005+0000] {logging_mixin.py:154} INFO - [2023-11-29T20:57:15.004+0000] {dag.py:2941} INFO - Sync 6 DAGs
[2023-11-29T20:57:15.017+0000] {logging_mixin.py:154} INFO - [2023-11-29T20:57:15.017+0000] {dag.py:3722} INFO - Setting next_dagrun for dataset_consumes_1 to None, run_after=None
[2023-11-29T20:57:15.020+0000] {logging_mixin.py:154} INFO - [2023-11-29T20:57:15.020+0000] {dag.py:3722} INFO - Setting next_dagrun for dataset_consumes_1_and_2 to None, run_after=None
[2023-11-29T20:57:15.021+0000] {logging_mixin.py:154} INFO - [2023-11-29T20:57:15.021+0000] {dag.py:3722} INFO - Setting next_dagrun for dataset_consumes_1_never_scheduled to None, run_after=None
[2023-11-29T20:57:15.022+0000] {logging_mixin.py:154} INFO - [2023-11-29T20:57:15.022+0000] {dag.py:3722} INFO - Setting next_dagrun for dataset_consumes_unknown_never_scheduled to None, run_after=None
[2023-11-29T20:57:15.024+0000] {logging_mixin.py:154} INFO - [2023-11-29T20:57:15.023+0000] {dag.py:3722} INFO - Setting next_dagrun for dataset_produces_1 to 2023-11-28T00:00:00+00:00, run_after=2023-11-29T00:00:00+00:00
[2023-11-29T20:57:15.025+0000] {logging_mixin.py:154} INFO - [2023-11-29T20:57:15.024+0000] {dag.py:3722} INFO - Setting next_dagrun for dataset_produces_2 to None, run_after=None
[2023-11-29T20:57:15.041+0000] {processor.py:179} INFO - Processing /home/airflow/.local/lib/python3.8/site-packages/airflow/example_dags/example_datasets.py took 0.068 seconds
[2023-11-29T20:57:45.092+0000] {processor.py:157} INFO - Started process (PID=718) to work on /home/airflow/.local/lib/python3.8/site-packages/airflow/example_dags/example_datasets.py
[2023-11-29T20:57:45.093+0000] {processor.py:829} INFO - Processing file /home/airflow/.local/lib/python3.8/site-packages/airflow/example_dags/example_datasets.py for tasks to queue
[2023-11-29T20:57:45.095+0000] {logging_mixin.py:154} INFO - [2023-11-29T20:57:45.095+0000] {dagbag.py:536} INFO - Filling up the DagBag from /home/airflow/.local/lib/python3.8/site-packages/airflow/example_dags/example_datasets.py
[2023-11-29T20:57:45.101+0000] {processor.py:839} INFO - DAG(s) dict_keys(['dataset_produces_1', 'dataset_consumes_1', 'dataset_consumes_unknown_never_scheduled', 'dataset_consumes_1_never_scheduled', 'dataset_consumes_1_and_2', 'dataset_produces_2']) retrieved from /home/airflow/.local/lib/python3.8/site-packages/airflow/example_dags/example_datasets.py
[2023-11-29T20:57:45.124+0000] {logging_mixin.py:154} INFO - [2023-11-29T20:57:45.124+0000] {dag.py:2941} INFO - Sync 6 DAGs
[2023-11-29T20:57:45.139+0000] {logging_mixin.py:154} INFO - [2023-11-29T20:57:45.138+0000] {dag.py:3722} INFO - Setting next_dagrun for dataset_consumes_1 to None, run_after=None
[2023-11-29T20:57:45.141+0000] {logging_mixin.py:154} INFO - [2023-11-29T20:57:45.141+0000] {dag.py:3722} INFO - Setting next_dagrun for dataset_consumes_1_and_2 to None, run_after=None
[2023-11-29T20:57:45.142+0000] {logging_mixin.py:154} INFO - [2023-11-29T20:57:45.142+0000] {dag.py:3722} INFO - Setting next_dagrun for dataset_consumes_1_never_scheduled to None, run_after=None
[2023-11-29T20:57:45.143+0000] {logging_mixin.py:154} INFO - [2023-11-29T20:57:45.143+0000] {dag.py:3722} INFO - Setting next_dagrun for dataset_consumes_unknown_never_scheduled to None, run_after=None
[2023-11-29T20:57:45.145+0000] {logging_mixin.py:154} INFO - [2023-11-29T20:57:45.145+0000] {dag.py:3722} INFO - Setting next_dagrun for dataset_produces_1 to 2023-11-28T00:00:00+00:00, run_after=2023-11-29T00:00:00+00:00
[2023-11-29T20:57:45.146+0000] {logging_mixin.py:154} INFO - [2023-11-29T20:57:45.146+0000] {dag.py:3722} INFO - Setting next_dagrun for dataset_produces_2 to None, run_after=None
[2023-11-29T20:57:45.166+0000] {processor.py:179} INFO - Processing /home/airflow/.local/lib/python3.8/site-packages/airflow/example_dags/example_datasets.py took 0.076 seconds
[2023-11-29T20:58:15.196+0000] {processor.py:157} INFO - Started process (PID=772) to work on /home/airflow/.local/lib/python3.8/site-packages/airflow/example_dags/example_datasets.py
[2023-11-29T20:58:15.197+0000] {processor.py:829} INFO - Processing file /home/airflow/.local/lib/python3.8/site-packages/airflow/example_dags/example_datasets.py for tasks to queue
[2023-11-29T20:58:15.199+0000] {logging_mixin.py:154} INFO - [2023-11-29T20:58:15.199+0000] {dagbag.py:536} INFO - Filling up the DagBag from /home/airflow/.local/lib/python3.8/site-packages/airflow/example_dags/example_datasets.py
[2023-11-29T20:58:15.206+0000] {processor.py:839} INFO - DAG(s) dict_keys(['dataset_consumes_1_never_scheduled', 'dataset_produces_2', 'dataset_consumes_1_and_2', 'dataset_produces_1', 'dataset_consumes_unknown_never_scheduled', 'dataset_consumes_1']) retrieved from /home/airflow/.local/lib/python3.8/site-packages/airflow/example_dags/example_datasets.py
[2023-11-29T20:58:15.229+0000] {logging_mixin.py:154} INFO - [2023-11-29T20:58:15.228+0000] {dag.py:2941} INFO - Sync 6 DAGs
[2023-11-29T20:58:15.242+0000] {logging_mixin.py:154} INFO - [2023-11-29T20:58:15.241+0000] {dag.py:3722} INFO - Setting next_dagrun for dataset_consumes_1 to None, run_after=None
[2023-11-29T20:58:15.244+0000] {logging_mixin.py:154} INFO - [2023-11-29T20:58:15.244+0000] {dag.py:3722} INFO - Setting next_dagrun for dataset_consumes_1_and_2 to None, run_after=None
[2023-11-29T20:58:15.245+0000] {logging_mixin.py:154} INFO - [2023-11-29T20:58:15.245+0000] {dag.py:3722} INFO - Setting next_dagrun for dataset_consumes_1_never_scheduled to None, run_after=None
[2023-11-29T20:58:15.246+0000] {logging_mixin.py:154} INFO - [2023-11-29T20:58:15.245+0000] {dag.py:3722} INFO - Setting next_dagrun for dataset_consumes_unknown_never_scheduled to None, run_after=None
[2023-11-29T20:58:15.247+0000] {logging_mixin.py:154} INFO - [2023-11-29T20:58:15.247+0000] {dag.py:3722} INFO - Setting next_dagrun for dataset_produces_1 to 2023-11-28T00:00:00+00:00, run_after=2023-11-29T00:00:00+00:00
[2023-11-29T20:58:15.248+0000] {logging_mixin.py:154} INFO - [2023-11-29T20:58:15.248+0000] {dag.py:3722} INFO - Setting next_dagrun for dataset_produces_2 to None, run_after=None
[2023-11-29T20:58:15.265+0000] {processor.py:179} INFO - Processing /home/airflow/.local/lib/python3.8/site-packages/airflow/example_dags/example_datasets.py took 0.072 seconds
[2023-11-29T20:58:46.251+0000] {processor.py:157} INFO - Started process (PID=825) to work on /home/airflow/.local/lib/python3.8/site-packages/airflow/example_dags/example_datasets.py
[2023-11-29T20:58:46.252+0000] {processor.py:829} INFO - Processing file /home/airflow/.local/lib/python3.8/site-packages/airflow/example_dags/example_datasets.py for tasks to queue
[2023-11-29T20:58:46.255+0000] {logging_mixin.py:154} INFO - [2023-11-29T20:58:46.255+0000] {dagbag.py:536} INFO - Filling up the DagBag from /home/airflow/.local/lib/python3.8/site-packages/airflow/example_dags/example_datasets.py
[2023-11-29T20:58:46.264+0000] {processor.py:839} INFO - DAG(s) dict_keys(['dataset_produces_2', 'dataset_consumes_unknown_never_scheduled', 'dataset_consumes_1_and_2', 'dataset_consumes_1', 'dataset_produces_1', 'dataset_consumes_1_never_scheduled']) retrieved from /home/airflow/.local/lib/python3.8/site-packages/airflow/example_dags/example_datasets.py
[2023-11-29T20:58:46.288+0000] {logging_mixin.py:154} INFO - [2023-11-29T20:58:46.288+0000] {dag.py:2941} INFO - Sync 6 DAGs
[2023-11-29T20:58:46.301+0000] {logging_mixin.py:154} INFO - [2023-11-29T20:58:46.301+0000] {dag.py:3722} INFO - Setting next_dagrun for dataset_consumes_1 to None, run_after=None
[2023-11-29T20:58:46.303+0000] {logging_mixin.py:154} INFO - [2023-11-29T20:58:46.303+0000] {dag.py:3722} INFO - Setting next_dagrun for dataset_consumes_1_and_2 to None, run_after=None
[2023-11-29T20:58:46.304+0000] {logging_mixin.py:154} INFO - [2023-11-29T20:58:46.304+0000] {dag.py:3722} INFO - Setting next_dagrun for dataset_consumes_1_never_scheduled to None, run_after=None
[2023-11-29T20:58:46.305+0000] {logging_mixin.py:154} INFO - [2023-11-29T20:58:46.305+0000] {dag.py:3722} INFO - Setting next_dagrun for dataset_consumes_unknown_never_scheduled to None, run_after=None
[2023-11-29T20:58:46.306+0000] {logging_mixin.py:154} INFO - [2023-11-29T20:58:46.306+0000] {dag.py:3722} INFO - Setting next_dagrun for dataset_produces_1 to 2023-11-28T00:00:00+00:00, run_after=2023-11-29T00:00:00+00:00
[2023-11-29T20:58:46.308+0000] {logging_mixin.py:154} INFO - [2023-11-29T20:58:46.307+0000] {dag.py:3722} INFO - Setting next_dagrun for dataset_produces_2 to None, run_after=None
[2023-11-29T20:58:46.324+0000] {processor.py:179} INFO - Processing /home/airflow/.local/lib/python3.8/site-packages/airflow/example_dags/example_datasets.py took 0.079 seconds
[2023-11-29T20:59:17.254+0000] {processor.py:157} INFO - Started process (PID=879) to work on /home/airflow/.local/lib/python3.8/site-packages/airflow/example_dags/example_datasets.py
[2023-11-29T20:59:17.255+0000] {processor.py:829} INFO - Processing file /home/airflow/.local/lib/python3.8/site-packages/airflow/example_dags/example_datasets.py for tasks to queue
[2023-11-29T20:59:17.259+0000] {logging_mixin.py:154} INFO - [2023-11-29T20:59:17.258+0000] {dagbag.py:536} INFO - Filling up the DagBag from /home/airflow/.local/lib/python3.8/site-packages/airflow/example_dags/example_datasets.py
[2023-11-29T20:59:17.271+0000] {processor.py:839} INFO - DAG(s) dict_keys(['dataset_consumes_1_and_2', 'dataset_consumes_unknown_never_scheduled', 'dataset_produces_1', 'dataset_consumes_1_never_scheduled', 'dataset_consumes_1', 'dataset_produces_2']) retrieved from /home/airflow/.local/lib/python3.8/site-packages/airflow/example_dags/example_datasets.py
[2023-11-29T20:59:17.296+0000] {logging_mixin.py:154} INFO - [2023-11-29T20:59:17.296+0000] {dag.py:2941} INFO - Sync 6 DAGs
[2023-11-29T20:59:17.309+0000] {logging_mixin.py:154} INFO - [2023-11-29T20:59:17.309+0000] {dag.py:3722} INFO - Setting next_dagrun for dataset_consumes_1 to None, run_after=None
[2023-11-29T20:59:17.312+0000] {logging_mixin.py:154} INFO - [2023-11-29T20:59:17.312+0000] {dag.py:3722} INFO - Setting next_dagrun for dataset_consumes_1_and_2 to None, run_after=None
[2023-11-29T20:59:17.313+0000] {logging_mixin.py:154} INFO - [2023-11-29T20:59:17.313+0000] {dag.py:3722} INFO - Setting next_dagrun for dataset_consumes_1_never_scheduled to None, run_after=None
[2023-11-29T20:59:17.313+0000] {logging_mixin.py:154} INFO - [2023-11-29T20:59:17.313+0000] {dag.py:3722} INFO - Setting next_dagrun for dataset_consumes_unknown_never_scheduled to None, run_after=None
[2023-11-29T20:59:17.315+0000] {logging_mixin.py:154} INFO - [2023-11-29T20:59:17.315+0000] {dag.py:3722} INFO - Setting next_dagrun for dataset_produces_1 to 2023-11-28T00:00:00+00:00, run_after=2023-11-29T00:00:00+00:00
[2023-11-29T20:59:17.316+0000] {logging_mixin.py:154} INFO - [2023-11-29T20:59:17.316+0000] {dag.py:3722} INFO - Setting next_dagrun for dataset_produces_2 to None, run_after=None
[2023-11-29T20:59:17.333+0000] {processor.py:179} INFO - Processing /home/airflow/.local/lib/python3.8/site-packages/airflow/example_dags/example_datasets.py took 0.085 seconds
[2023-11-29T20:59:47.980+0000] {processor.py:157} INFO - Started process (PID=933) to work on /home/airflow/.local/lib/python3.8/site-packages/airflow/example_dags/example_datasets.py
[2023-11-29T20:59:47.982+0000] {processor.py:829} INFO - Processing file /home/airflow/.local/lib/python3.8/site-packages/airflow/example_dags/example_datasets.py for tasks to queue
[2023-11-29T20:59:47.986+0000] {logging_mixin.py:154} INFO - [2023-11-29T20:59:47.985+0000] {dagbag.py:536} INFO - Filling up the DagBag from /home/airflow/.local/lib/python3.8/site-packages/airflow/example_dags/example_datasets.py
[2023-11-29T20:59:47.996+0000] {processor.py:839} INFO - DAG(s) dict_keys(['dataset_consumes_1_and_2', 'dataset_consumes_1', 'dataset_consumes_unknown_never_scheduled', 'dataset_consumes_1_never_scheduled', 'dataset_produces_2', 'dataset_produces_1']) retrieved from /home/airflow/.local/lib/python3.8/site-packages/airflow/example_dags/example_datasets.py
[2023-11-29T20:59:48.020+0000] {logging_mixin.py:154} INFO - [2023-11-29T20:59:48.020+0000] {dag.py:2941} INFO - Sync 6 DAGs
[2023-11-29T20:59:48.032+0000] {logging_mixin.py:154} INFO - [2023-11-29T20:59:48.032+0000] {dag.py:3722} INFO - Setting next_dagrun for dataset_consumes_1 to None, run_after=None
[2023-11-29T20:59:48.034+0000] {logging_mixin.py:154} INFO - [2023-11-29T20:59:48.034+0000] {dag.py:3722} INFO - Setting next_dagrun for dataset_consumes_1_and_2 to None, run_after=None
[2023-11-29T20:59:48.035+0000] {logging_mixin.py:154} INFO - [2023-11-29T20:59:48.035+0000] {dag.py:3722} INFO - Setting next_dagrun for dataset_consumes_1_never_scheduled to None, run_after=None
[2023-11-29T20:59:48.036+0000] {logging_mixin.py:154} INFO - [2023-11-29T20:59:48.035+0000] {dag.py:3722} INFO - Setting next_dagrun for dataset_consumes_unknown_never_scheduled to None, run_after=None
[2023-11-29T20:59:48.037+0000] {logging_mixin.py:154} INFO - [2023-11-29T20:59:48.037+0000] {dag.py:3722} INFO - Setting next_dagrun for dataset_produces_1 to 2023-11-28T00:00:00+00:00, run_after=2023-11-29T00:00:00+00:00
[2023-11-29T20:59:48.038+0000] {logging_mixin.py:154} INFO - [2023-11-29T20:59:48.038+0000] {dag.py:3722} INFO - Setting next_dagrun for dataset_produces_2 to None, run_after=None
[2023-11-29T20:59:48.054+0000] {processor.py:179} INFO - Processing /home/airflow/.local/lib/python3.8/site-packages/airflow/example_dags/example_datasets.py took 0.079 seconds
[2023-11-29T21:00:18.797+0000] {processor.py:157} INFO - Started process (PID=987) to work on /home/airflow/.local/lib/python3.8/site-packages/airflow/example_dags/example_datasets.py
[2023-11-29T21:00:18.798+0000] {processor.py:829} INFO - Processing file /home/airflow/.local/lib/python3.8/site-packages/airflow/example_dags/example_datasets.py for tasks to queue
[2023-11-29T21:00:18.802+0000] {logging_mixin.py:154} INFO - [2023-11-29T21:00:18.802+0000] {dagbag.py:536} INFO - Filling up the DagBag from /home/airflow/.local/lib/python3.8/site-packages/airflow/example_dags/example_datasets.py
[2023-11-29T21:00:18.811+0000] {processor.py:839} INFO - DAG(s) dict_keys(['dataset_consumes_1_and_2', 'dataset_produces_2', 'dataset_produces_1', 'dataset_consumes_1_never_scheduled', 'dataset_consumes_1', 'dataset_consumes_unknown_never_scheduled']) retrieved from /home/airflow/.local/lib/python3.8/site-packages/airflow/example_dags/example_datasets.py
[2023-11-29T21:00:18.836+0000] {logging_mixin.py:154} INFO - [2023-11-29T21:00:18.835+0000] {dag.py:2941} INFO - Sync 6 DAGs
[2023-11-29T21:00:18.848+0000] {logging_mixin.py:154} INFO - [2023-11-29T21:00:18.847+0000] {dag.py:3722} INFO - Setting next_dagrun for dataset_consumes_1 to None, run_after=None
[2023-11-29T21:00:18.850+0000] {logging_mixin.py:154} INFO - [2023-11-29T21:00:18.849+0000] {dag.py:3722} INFO - Setting next_dagrun for dataset_consumes_1_and_2 to None, run_after=None
[2023-11-29T21:00:18.850+0000] {logging_mixin.py:154} INFO - [2023-11-29T21:00:18.850+0000] {dag.py:3722} INFO - Setting next_dagrun for dataset_consumes_1_never_scheduled to None, run_after=None
[2023-11-29T21:00:18.851+0000] {logging_mixin.py:154} INFO - [2023-11-29T21:00:18.851+0000] {dag.py:3722} INFO - Setting next_dagrun for dataset_consumes_unknown_never_scheduled to None, run_after=None
[2023-11-29T21:00:18.853+0000] {logging_mixin.py:154} INFO - [2023-11-29T21:00:18.853+0000] {dag.py:3722} INFO - Setting next_dagrun for dataset_produces_1 to 2023-11-28T00:00:00+00:00, run_after=2023-11-29T00:00:00+00:00
[2023-11-29T21:00:18.854+0000] {logging_mixin.py:154} INFO - [2023-11-29T21:00:18.853+0000] {dag.py:3722} INFO - Setting next_dagrun for dataset_produces_2 to None, run_after=None
[2023-11-29T21:00:18.870+0000] {processor.py:179} INFO - Processing /home/airflow/.local/lib/python3.8/site-packages/airflow/example_dags/example_datasets.py took 0.079 seconds
[2023-11-29T21:00:49.789+0000] {processor.py:157} INFO - Started process (PID=1041) to work on /home/airflow/.local/lib/python3.8/site-packages/airflow/example_dags/example_datasets.py
[2023-11-29T21:00:49.790+0000] {processor.py:829} INFO - Processing file /home/airflow/.local/lib/python3.8/site-packages/airflow/example_dags/example_datasets.py for tasks to queue
[2023-11-29T21:00:49.794+0000] {logging_mixin.py:154} INFO - [2023-11-29T21:00:49.793+0000] {dagbag.py:536} INFO - Filling up the DagBag from /home/airflow/.local/lib/python3.8/site-packages/airflow/example_dags/example_datasets.py
[2023-11-29T21:00:49.805+0000] {processor.py:839} INFO - DAG(s) dict_keys(['dataset_consumes_1', 'dataset_produces_1', 'dataset_consumes_1_and_2', 'dataset_consumes_1_never_scheduled', 'dataset_consumes_unknown_never_scheduled', 'dataset_produces_2']) retrieved from /home/airflow/.local/lib/python3.8/site-packages/airflow/example_dags/example_datasets.py
[2023-11-29T21:00:49.829+0000] {logging_mixin.py:154} INFO - [2023-11-29T21:00:49.829+0000] {dag.py:2941} INFO - Sync 6 DAGs
[2023-11-29T21:00:49.842+0000] {logging_mixin.py:154} INFO - [2023-11-29T21:00:49.842+0000] {dag.py:3722} INFO - Setting next_dagrun for dataset_consumes_1 to None, run_after=None
[2023-11-29T21:00:49.844+0000] {logging_mixin.py:154} INFO - [2023-11-29T21:00:49.844+0000] {dag.py:3722} INFO - Setting next_dagrun for dataset_consumes_1_and_2 to None, run_after=None
[2023-11-29T21:00:49.845+0000] {logging_mixin.py:154} INFO - [2023-11-29T21:00:49.845+0000] {dag.py:3722} INFO - Setting next_dagrun for dataset_consumes_1_never_scheduled to None, run_after=None
[2023-11-29T21:00:49.845+0000] {logging_mixin.py:154} INFO - [2023-11-29T21:00:49.845+0000] {dag.py:3722} INFO - Setting next_dagrun for dataset_consumes_unknown_never_scheduled to None, run_after=None
[2023-11-29T21:00:49.847+0000] {logging_mixin.py:154} INFO - [2023-11-29T21:00:49.847+0000] {dag.py:3722} INFO - Setting next_dagrun for dataset_produces_1 to 2023-11-28T00:00:00+00:00, run_after=2023-11-29T00:00:00+00:00
[2023-11-29T21:00:49.848+0000] {logging_mixin.py:154} INFO - [2023-11-29T21:00:49.848+0000] {dag.py:3722} INFO - Setting next_dagrun for dataset_produces_2 to None, run_after=None
[2023-11-29T21:00:49.865+0000] {processor.py:179} INFO - Processing /home/airflow/.local/lib/python3.8/site-packages/airflow/example_dags/example_datasets.py took 0.082 seconds
[2023-11-29T21:01:20.751+0000] {processor.py:157} INFO - Started process (PID=1095) to work on /home/airflow/.local/lib/python3.8/site-packages/airflow/example_dags/example_datasets.py
[2023-11-29T21:01:20.752+0000] {processor.py:829} INFO - Processing file /home/airflow/.local/lib/python3.8/site-packages/airflow/example_dags/example_datasets.py for tasks to queue
[2023-11-29T21:01:20.754+0000] {logging_mixin.py:154} INFO - [2023-11-29T21:01:20.753+0000] {dagbag.py:536} INFO - Filling up the DagBag from /home/airflow/.local/lib/python3.8/site-packages/airflow/example_dags/example_datasets.py
[2023-11-29T21:01:20.761+0000] {processor.py:839} INFO - DAG(s) dict_keys(['dataset_consumes_1', 'dataset_produces_1', 'dataset_produces_2', 'dataset_consumes_1_never_scheduled', 'dataset_consumes_1_and_2', 'dataset_consumes_unknown_never_scheduled']) retrieved from /home/airflow/.local/lib/python3.8/site-packages/airflow/example_dags/example_datasets.py
[2023-11-29T21:01:20.783+0000] {logging_mixin.py:154} INFO - [2023-11-29T21:01:20.783+0000] {dag.py:2941} INFO - Sync 6 DAGs
[2023-11-29T21:01:20.794+0000] {logging_mixin.py:154} INFO - [2023-11-29T21:01:20.794+0000] {dag.py:3722} INFO - Setting next_dagrun for dataset_consumes_1 to None, run_after=None
[2023-11-29T21:01:20.797+0000] {logging_mixin.py:154} INFO - [2023-11-29T21:01:20.797+0000] {dag.py:3722} INFO - Setting next_dagrun for dataset_consumes_1_and_2 to None, run_after=None
[2023-11-29T21:01:20.798+0000] {logging_mixin.py:154} INFO - [2023-11-29T21:01:20.798+0000] {dag.py:3722} INFO - Setting next_dagrun for dataset_consumes_1_never_scheduled to None, run_after=None
[2023-11-29T21:01:20.798+0000] {logging_mixin.py:154} INFO - [2023-11-29T21:01:20.798+0000] {dag.py:3722} INFO - Setting next_dagrun for dataset_consumes_unknown_never_scheduled to None, run_after=None
[2023-11-29T21:01:20.800+0000] {logging_mixin.py:154} INFO - [2023-11-29T21:01:20.800+0000] {dag.py:3722} INFO - Setting next_dagrun for dataset_produces_1 to 2023-11-28T00:00:00+00:00, run_after=2023-11-29T00:00:00+00:00
[2023-11-29T21:01:20.801+0000] {logging_mixin.py:154} INFO - [2023-11-29T21:01:20.801+0000] {dag.py:3722} INFO - Setting next_dagrun for dataset_produces_2 to None, run_after=None
[2023-11-29T21:01:20.817+0000] {processor.py:179} INFO - Processing /home/airflow/.local/lib/python3.8/site-packages/airflow/example_dags/example_datasets.py took 0.071 seconds
[2023-11-29T21:41:09.945+0000] {processor.py:157} INFO - Started process (PID=77) to work on /home/airflow/.local/lib/python3.8/site-packages/airflow/example_dags/example_datasets.py
[2023-11-29T21:41:09.946+0000] {processor.py:829} INFO - Processing file /home/airflow/.local/lib/python3.8/site-packages/airflow/example_dags/example_datasets.py for tasks to queue
[2023-11-29T21:41:09.948+0000] {logging_mixin.py:154} INFO - [2023-11-29T21:41:09.947+0000] {dagbag.py:536} INFO - Filling up the DagBag from /home/airflow/.local/lib/python3.8/site-packages/airflow/example_dags/example_datasets.py
[2023-11-29T21:41:09.954+0000] {processor.py:839} INFO - DAG(s) dict_keys(['dataset_produces_2', 'dataset_consumes_1', 'dataset_produces_1', 'dataset_consumes_1_and_2', 'dataset_consumes_1_never_scheduled', 'dataset_consumes_unknown_never_scheduled']) retrieved from /home/airflow/.local/lib/python3.8/site-packages/airflow/example_dags/example_datasets.py
[2023-11-29T21:41:10.018+0000] {logging_mixin.py:154} INFO - [2023-11-29T21:41:10.018+0000] {manager.py:499} INFO - Created Permission View: %s
[2023-11-29T21:41:10.023+0000] {logging_mixin.py:154} INFO - [2023-11-29T21:41:10.023+0000] {manager.py:499} INFO - Created Permission View: %s
[2023-11-29T21:41:10.026+0000] {logging_mixin.py:154} INFO - [2023-11-29T21:41:10.026+0000] {manager.py:499} INFO - Created Permission View: %s
[2023-11-29T21:41:10.033+0000] {logging_mixin.py:154} INFO - [2023-11-29T21:41:10.033+0000] {manager.py:499} INFO - Created Permission View: %s
[2023-11-29T21:41:10.037+0000] {logging_mixin.py:154} INFO - [2023-11-29T21:41:10.037+0000] {manager.py:499} INFO - Created Permission View: %s
[2023-11-29T21:41:10.041+0000] {logging_mixin.py:154} INFO - [2023-11-29T21:41:10.041+0000] {manager.py:499} INFO - Created Permission View: %s
[2023-11-29T21:41:10.047+0000] {logging_mixin.py:154} INFO - [2023-11-29T21:41:10.047+0000] {manager.py:499} INFO - Created Permission View: %s
[2023-11-29T21:41:10.050+0000] {logging_mixin.py:154} INFO - [2023-11-29T21:41:10.050+0000] {manager.py:499} INFO - Created Permission View: %s
[2023-11-29T21:41:10.054+0000] {logging_mixin.py:154} INFO - [2023-11-29T21:41:10.053+0000] {manager.py:499} INFO - Created Permission View: %s
[2023-11-29T21:41:10.060+0000] {logging_mixin.py:154} INFO - [2023-11-29T21:41:10.060+0000] {manager.py:499} INFO - Created Permission View: %s
[2023-11-29T21:41:10.064+0000] {logging_mixin.py:154} INFO - [2023-11-29T21:41:10.063+0000] {manager.py:499} INFO - Created Permission View: %s
[2023-11-29T21:41:10.067+0000] {logging_mixin.py:154} INFO - [2023-11-29T21:41:10.067+0000] {manager.py:499} INFO - Created Permission View: %s
[2023-11-29T21:41:10.073+0000] {logging_mixin.py:154} INFO - [2023-11-29T21:41:10.073+0000] {manager.py:499} INFO - Created Permission View: %s
[2023-11-29T21:41:10.076+0000] {logging_mixin.py:154} INFO - [2023-11-29T21:41:10.076+0000] {manager.py:499} INFO - Created Permission View: %s
[2023-11-29T21:41:10.079+0000] {logging_mixin.py:154} INFO - [2023-11-29T21:41:10.079+0000] {manager.py:499} INFO - Created Permission View: %s
[2023-11-29T21:41:10.085+0000] {logging_mixin.py:154} INFO - [2023-11-29T21:41:10.085+0000] {manager.py:499} INFO - Created Permission View: %s
[2023-11-29T21:41:10.088+0000] {logging_mixin.py:154} INFO - [2023-11-29T21:41:10.088+0000] {manager.py:499} INFO - Created Permission View: %s
[2023-11-29T21:41:10.092+0000] {logging_mixin.py:154} INFO - [2023-11-29T21:41:10.092+0000] {manager.py:499} INFO - Created Permission View: %s
[2023-11-29T21:41:10.092+0000] {logging_mixin.py:154} INFO - [2023-11-29T21:41:10.092+0000] {dag.py:2941} INFO - Sync 6 DAGs
[2023-11-29T21:41:10.098+0000] {logging_mixin.py:154} INFO - [2023-11-29T21:41:10.098+0000] {dag.py:2963} INFO - Creating ORM DAG for dataset_produces_2
[2023-11-29T21:41:10.099+0000] {logging_mixin.py:154} INFO - [2023-11-29T21:41:10.099+0000] {dag.py:2963} INFO - Creating ORM DAG for dataset_produces_1
[2023-11-29T21:41:10.099+0000] {logging_mixin.py:154} INFO - [2023-11-29T21:41:10.099+0000] {dag.py:2963} INFO - Creating ORM DAG for dataset_consumes_unknown_never_scheduled
[2023-11-29T21:41:10.100+0000] {logging_mixin.py:154} INFO - [2023-11-29T21:41:10.100+0000] {dag.py:2963} INFO - Creating ORM DAG for dataset_consumes_1_never_scheduled
[2023-11-29T21:41:10.100+0000] {logging_mixin.py:154} INFO - [2023-11-29T21:41:10.100+0000] {dag.py:2963} INFO - Creating ORM DAG for dataset_consumes_1
[2023-11-29T21:41:10.100+0000] {logging_mixin.py:154} INFO - [2023-11-29T21:41:10.100+0000] {dag.py:2963} INFO - Creating ORM DAG for dataset_consumes_1_and_2
[2023-11-29T21:41:10.210+0000] {logging_mixin.py:154} INFO - [2023-11-29T21:41:10.210+0000] {dag.py:3722} INFO - Setting next_dagrun for dataset_consumes_1 to None, run_after=None
[2023-11-29T21:41:10.211+0000] {logging_mixin.py:154} INFO - [2023-11-29T21:41:10.211+0000] {dag.py:3722} INFO - Setting next_dagrun for dataset_consumes_1_and_2 to None, run_after=None
[2023-11-29T21:41:10.211+0000] {logging_mixin.py:154} INFO - [2023-11-29T21:41:10.211+0000] {dag.py:3722} INFO - Setting next_dagrun for dataset_consumes_1_never_scheduled to None, run_after=None
[2023-11-29T21:41:10.211+0000] {logging_mixin.py:154} INFO - [2023-11-29T21:41:10.211+0000] {dag.py:3722} INFO - Setting next_dagrun for dataset_consumes_unknown_never_scheduled to None, run_after=None
[2023-11-29T21:41:10.213+0000] {logging_mixin.py:154} INFO - [2023-11-29T21:41:10.213+0000] {dag.py:3722} INFO - Setting next_dagrun for dataset_produces_1 to 2023-11-28T00:00:00+00:00, run_after=2023-11-29T00:00:00+00:00
[2023-11-29T21:41:10.213+0000] {logging_mixin.py:154} INFO - [2023-11-29T21:41:10.213+0000] {dag.py:3722} INFO - Setting next_dagrun for dataset_produces_2 to None, run_after=None
[2023-11-29T21:41:10.235+0000] {processor.py:179} INFO - Processing /home/airflow/.local/lib/python3.8/site-packages/airflow/example_dags/example_datasets.py took 0.292 seconds
[2023-11-29T21:41:40.941+0000] {processor.py:157} INFO - Started process (PID=131) to work on /home/airflow/.local/lib/python3.8/site-packages/airflow/example_dags/example_datasets.py
[2023-11-29T21:41:40.941+0000] {processor.py:829} INFO - Processing file /home/airflow/.local/lib/python3.8/site-packages/airflow/example_dags/example_datasets.py for tasks to queue
[2023-11-29T21:41:40.943+0000] {logging_mixin.py:154} INFO - [2023-11-29T21:41:40.943+0000] {dagbag.py:536} INFO - Filling up the DagBag from /home/airflow/.local/lib/python3.8/site-packages/airflow/example_dags/example_datasets.py
[2023-11-29T21:41:40.949+0000] {processor.py:839} INFO - DAG(s) dict_keys(['dataset_consumes_1', 'dataset_consumes_1_and_2', 'dataset_produces_2', 'dataset_produces_1', 'dataset_consumes_unknown_never_scheduled', 'dataset_consumes_1_never_scheduled']) retrieved from /home/airflow/.local/lib/python3.8/site-packages/airflow/example_dags/example_datasets.py
[2023-11-29T21:41:40.970+0000] {logging_mixin.py:154} INFO - [2023-11-29T21:41:40.970+0000] {dag.py:2941} INFO - Sync 6 DAGs
[2023-11-29T21:41:40.984+0000] {logging_mixin.py:154} INFO - [2023-11-29T21:41:40.984+0000] {dag.py:3722} INFO - Setting next_dagrun for dataset_consumes_1 to None, run_after=None
[2023-11-29T21:41:40.986+0000] {logging_mixin.py:154} INFO - [2023-11-29T21:41:40.986+0000] {dag.py:3722} INFO - Setting next_dagrun for dataset_consumes_1_and_2 to None, run_after=None
[2023-11-29T21:41:40.987+0000] {logging_mixin.py:154} INFO - [2023-11-29T21:41:40.987+0000] {dag.py:3722} INFO - Setting next_dagrun for dataset_consumes_1_never_scheduled to None, run_after=None
[2023-11-29T21:41:40.988+0000] {logging_mixin.py:154} INFO - [2023-11-29T21:41:40.988+0000] {dag.py:3722} INFO - Setting next_dagrun for dataset_consumes_unknown_never_scheduled to None, run_after=None
[2023-11-29T21:41:40.990+0000] {logging_mixin.py:154} INFO - [2023-11-29T21:41:40.990+0000] {dag.py:3722} INFO - Setting next_dagrun for dataset_produces_1 to 2023-11-28T00:00:00+00:00, run_after=2023-11-29T00:00:00+00:00
[2023-11-29T21:41:40.991+0000] {logging_mixin.py:154} INFO - [2023-11-29T21:41:40.991+0000] {dag.py:3722} INFO - Setting next_dagrun for dataset_produces_2 to None, run_after=None
[2023-11-29T21:41:41.008+0000] {processor.py:179} INFO - Processing /home/airflow/.local/lib/python3.8/site-packages/airflow/example_dags/example_datasets.py took 0.070 seconds
[2023-11-29T21:42:11.585+0000] {processor.py:157} INFO - Started process (PID=185) to work on /home/airflow/.local/lib/python3.8/site-packages/airflow/example_dags/example_datasets.py
[2023-11-29T21:42:11.586+0000] {processor.py:829} INFO - Processing file /home/airflow/.local/lib/python3.8/site-packages/airflow/example_dags/example_datasets.py for tasks to queue
[2023-11-29T21:42:11.587+0000] {logging_mixin.py:154} INFO - [2023-11-29T21:42:11.587+0000] {dagbag.py:536} INFO - Filling up the DagBag from /home/airflow/.local/lib/python3.8/site-packages/airflow/example_dags/example_datasets.py
[2023-11-29T21:42:11.593+0000] {processor.py:839} INFO - DAG(s) dict_keys(['dataset_consumes_1_never_scheduled', 'dataset_consumes_1_and_2', 'dataset_produces_2', 'dataset_produces_1', 'dataset_consumes_unknown_never_scheduled', 'dataset_consumes_1']) retrieved from /home/airflow/.local/lib/python3.8/site-packages/airflow/example_dags/example_datasets.py
[2023-11-29T21:42:11.613+0000] {logging_mixin.py:154} INFO - [2023-11-29T21:42:11.613+0000] {dag.py:2941} INFO - Sync 6 DAGs
[2023-11-29T21:42:11.626+0000] {logging_mixin.py:154} INFO - [2023-11-29T21:42:11.626+0000] {dag.py:3722} INFO - Setting next_dagrun for dataset_consumes_1 to None, run_after=None
[2023-11-29T21:42:11.628+0000] {logging_mixin.py:154} INFO - [2023-11-29T21:42:11.628+0000] {dag.py:3722} INFO - Setting next_dagrun for dataset_consumes_1_and_2 to None, run_after=None
[2023-11-29T21:42:11.629+0000] {logging_mixin.py:154} INFO - [2023-11-29T21:42:11.629+0000] {dag.py:3722} INFO - Setting next_dagrun for dataset_consumes_1_never_scheduled to None, run_after=None
[2023-11-29T21:42:11.630+0000] {logging_mixin.py:154} INFO - [2023-11-29T21:42:11.630+0000] {dag.py:3722} INFO - Setting next_dagrun for dataset_consumes_unknown_never_scheduled to None, run_after=None
[2023-11-29T21:42:11.632+0000] {logging_mixin.py:154} INFO - [2023-11-29T21:42:11.632+0000] {dag.py:3722} INFO - Setting next_dagrun for dataset_produces_1 to 2023-11-28T00:00:00+00:00, run_after=2023-11-29T00:00:00+00:00
[2023-11-29T21:42:11.633+0000] {logging_mixin.py:154} INFO - [2023-11-29T21:42:11.633+0000] {dag.py:3722} INFO - Setting next_dagrun for dataset_produces_2 to None, run_after=None
[2023-11-29T21:42:11.650+0000] {processor.py:179} INFO - Processing /home/airflow/.local/lib/python3.8/site-packages/airflow/example_dags/example_datasets.py took 0.067 seconds
[2023-11-29T21:42:42.322+0000] {processor.py:157} INFO - Started process (PID=239) to work on /home/airflow/.local/lib/python3.8/site-packages/airflow/example_dags/example_datasets.py
[2023-11-29T21:42:42.323+0000] {processor.py:829} INFO - Processing file /home/airflow/.local/lib/python3.8/site-packages/airflow/example_dags/example_datasets.py for tasks to queue
[2023-11-29T21:42:42.324+0000] {logging_mixin.py:154} INFO - [2023-11-29T21:42:42.324+0000] {dagbag.py:536} INFO - Filling up the DagBag from /home/airflow/.local/lib/python3.8/site-packages/airflow/example_dags/example_datasets.py
[2023-11-29T21:42:42.330+0000] {processor.py:839} INFO - DAG(s) dict_keys(['dataset_consumes_1_and_2', 'dataset_consumes_1_never_scheduled', 'dataset_produces_1', 'dataset_produces_2', 'dataset_consumes_unknown_never_scheduled', 'dataset_consumes_1']) retrieved from /home/airflow/.local/lib/python3.8/site-packages/airflow/example_dags/example_datasets.py
[2023-11-29T21:42:42.349+0000] {logging_mixin.py:154} INFO - [2023-11-29T21:42:42.349+0000] {dag.py:2941} INFO - Sync 6 DAGs
[2023-11-29T21:42:42.361+0000] {logging_mixin.py:154} INFO - [2023-11-29T21:42:42.361+0000] {dag.py:3722} INFO - Setting next_dagrun for dataset_consumes_1 to None, run_after=None
[2023-11-29T21:42:42.363+0000] {logging_mixin.py:154} INFO - [2023-11-29T21:42:42.363+0000] {dag.py:3722} INFO - Setting next_dagrun for dataset_consumes_1_and_2 to None, run_after=None
[2023-11-29T21:42:42.364+0000] {logging_mixin.py:154} INFO - [2023-11-29T21:42:42.364+0000] {dag.py:3722} INFO - Setting next_dagrun for dataset_consumes_1_never_scheduled to None, run_after=None
[2023-11-29T21:42:42.364+0000] {logging_mixin.py:154} INFO - [2023-11-29T21:42:42.364+0000] {dag.py:3722} INFO - Setting next_dagrun for dataset_consumes_unknown_never_scheduled to None, run_after=None
[2023-11-29T21:42:42.366+0000] {logging_mixin.py:154} INFO - [2023-11-29T21:42:42.366+0000] {dag.py:3722} INFO - Setting next_dagrun for dataset_produces_1 to 2023-11-28T00:00:00+00:00, run_after=2023-11-29T00:00:00+00:00
[2023-11-29T21:42:42.367+0000] {logging_mixin.py:154} INFO - [2023-11-29T21:42:42.367+0000] {dag.py:3722} INFO - Setting next_dagrun for dataset_produces_2 to None, run_after=None
[2023-11-29T21:42:42.381+0000] {processor.py:179} INFO - Processing /home/airflow/.local/lib/python3.8/site-packages/airflow/example_dags/example_datasets.py took 0.062 seconds
[2023-11-29T21:43:12.583+0000] {processor.py:157} INFO - Started process (PID=293) to work on /home/airflow/.local/lib/python3.8/site-packages/airflow/example_dags/example_datasets.py
[2023-11-29T21:43:12.584+0000] {processor.py:829} INFO - Processing file /home/airflow/.local/lib/python3.8/site-packages/airflow/example_dags/example_datasets.py for tasks to queue
[2023-11-29T21:43:12.586+0000] {logging_mixin.py:154} INFO - [2023-11-29T21:43:12.586+0000] {dagbag.py:536} INFO - Filling up the DagBag from /home/airflow/.local/lib/python3.8/site-packages/airflow/example_dags/example_datasets.py
[2023-11-29T21:43:12.592+0000] {processor.py:839} INFO - DAG(s) dict_keys(['dataset_produces_1', 'dataset_consumes_1_and_2', 'dataset_produces_2', 'dataset_consumes_1', 'dataset_consumes_1_never_scheduled', 'dataset_consumes_unknown_never_scheduled']) retrieved from /home/airflow/.local/lib/python3.8/site-packages/airflow/example_dags/example_datasets.py
[2023-11-29T21:43:12.613+0000] {logging_mixin.py:154} INFO - [2023-11-29T21:43:12.613+0000] {dag.py:2941} INFO - Sync 6 DAGs
[2023-11-29T21:43:12.627+0000] {logging_mixin.py:154} INFO - [2023-11-29T21:43:12.626+0000] {dag.py:3722} INFO - Setting next_dagrun for dataset_consumes_1 to None, run_after=None
[2023-11-29T21:43:12.629+0000] {logging_mixin.py:154} INFO - [2023-11-29T21:43:12.629+0000] {dag.py:3722} INFO - Setting next_dagrun for dataset_consumes_1_and_2 to None, run_after=None
[2023-11-29T21:43:12.630+0000] {logging_mixin.py:154} INFO - [2023-11-29T21:43:12.630+0000] {dag.py:3722} INFO - Setting next_dagrun for dataset_consumes_1_never_scheduled to None, run_after=None
[2023-11-29T21:43:12.631+0000] {logging_mixin.py:154} INFO - [2023-11-29T21:43:12.631+0000] {dag.py:3722} INFO - Setting next_dagrun for dataset_consumes_unknown_never_scheduled to None, run_after=None
[2023-11-29T21:43:12.633+0000] {logging_mixin.py:154} INFO - [2023-11-29T21:43:12.633+0000] {dag.py:3722} INFO - Setting next_dagrun for dataset_produces_1 to 2023-11-28T00:00:00+00:00, run_after=2023-11-29T00:00:00+00:00
[2023-11-29T21:43:12.634+0000] {logging_mixin.py:154} INFO - [2023-11-29T21:43:12.634+0000] {dag.py:3722} INFO - Setting next_dagrun for dataset_produces_2 to None, run_after=None
[2023-11-29T21:43:12.651+0000] {processor.py:179} INFO - Processing /home/airflow/.local/lib/python3.8/site-packages/airflow/example_dags/example_datasets.py took 0.070 seconds
[2023-11-29T21:43:42.672+0000] {processor.py:157} INFO - Started process (PID=349) to work on /home/airflow/.local/lib/python3.8/site-packages/airflow/example_dags/example_datasets.py
[2023-11-29T21:43:42.673+0000] {processor.py:829} INFO - Processing file /home/airflow/.local/lib/python3.8/site-packages/airflow/example_dags/example_datasets.py for tasks to queue
[2023-11-29T21:43:42.674+0000] {logging_mixin.py:154} INFO - [2023-11-29T21:43:42.674+0000] {dagbag.py:536} INFO - Filling up the DagBag from /home/airflow/.local/lib/python3.8/site-packages/airflow/example_dags/example_datasets.py
[2023-11-29T21:43:42.680+0000] {processor.py:839} INFO - DAG(s) dict_keys(['dataset_produces_1', 'dataset_consumes_1_and_2', 'dataset_consumes_1', 'dataset_consumes_unknown_never_scheduled', 'dataset_produces_2', 'dataset_consumes_1_never_scheduled']) retrieved from /home/airflow/.local/lib/python3.8/site-packages/airflow/example_dags/example_datasets.py
[2023-11-29T21:43:42.699+0000] {logging_mixin.py:154} INFO - [2023-11-29T21:43:42.699+0000] {dag.py:2941} INFO - Sync 6 DAGs
[2023-11-29T21:43:42.712+0000] {logging_mixin.py:154} INFO - [2023-11-29T21:43:42.711+0000] {dag.py:3722} INFO - Setting next_dagrun for dataset_consumes_1 to None, run_after=None
[2023-11-29T21:43:42.713+0000] {logging_mixin.py:154} INFO - [2023-11-29T21:43:42.713+0000] {dag.py:3722} INFO - Setting next_dagrun for dataset_consumes_1_and_2 to None, run_after=None
[2023-11-29T21:43:42.714+0000] {logging_mixin.py:154} INFO - [2023-11-29T21:43:42.714+0000] {dag.py:3722} INFO - Setting next_dagrun for dataset_consumes_1_never_scheduled to None, run_after=None
[2023-11-29T21:43:42.715+0000] {logging_mixin.py:154} INFO - [2023-11-29T21:43:42.715+0000] {dag.py:3722} INFO - Setting next_dagrun for dataset_consumes_unknown_never_scheduled to None, run_after=None
[2023-11-29T21:43:42.716+0000] {logging_mixin.py:154} INFO - [2023-11-29T21:43:42.716+0000] {dag.py:3722} INFO - Setting next_dagrun for dataset_produces_1 to 2023-11-28T00:00:00+00:00, run_after=2023-11-29T00:00:00+00:00
[2023-11-29T21:43:42.717+0000] {logging_mixin.py:154} INFO - [2023-11-29T21:43:42.717+0000] {dag.py:3722} INFO - Setting next_dagrun for dataset_produces_2 to None, run_after=None
[2023-11-29T21:43:42.733+0000] {processor.py:179} INFO - Processing /home/airflow/.local/lib/python3.8/site-packages/airflow/example_dags/example_datasets.py took 0.063 seconds
[2023-11-29T21:44:12.893+0000] {processor.py:157} INFO - Started process (PID=403) to work on /home/airflow/.local/lib/python3.8/site-packages/airflow/example_dags/example_datasets.py
[2023-11-29T21:44:12.893+0000] {processor.py:829} INFO - Processing file /home/airflow/.local/lib/python3.8/site-packages/airflow/example_dags/example_datasets.py for tasks to queue
[2023-11-29T21:44:12.895+0000] {logging_mixin.py:154} INFO - [2023-11-29T21:44:12.895+0000] {dagbag.py:536} INFO - Filling up the DagBag from /home/airflow/.local/lib/python3.8/site-packages/airflow/example_dags/example_datasets.py
[2023-11-29T21:44:12.901+0000] {processor.py:839} INFO - DAG(s) dict_keys(['dataset_consumes_1', 'dataset_produces_1', 'dataset_consumes_1_and_2', 'dataset_produces_2', 'dataset_consumes_unknown_never_scheduled', 'dataset_consumes_1_never_scheduled']) retrieved from /home/airflow/.local/lib/python3.8/site-packages/airflow/example_dags/example_datasets.py
[2023-11-29T21:44:12.921+0000] {logging_mixin.py:154} INFO - [2023-11-29T21:44:12.921+0000] {dag.py:2941} INFO - Sync 6 DAGs
[2023-11-29T21:44:12.934+0000] {logging_mixin.py:154} INFO - [2023-11-29T21:44:12.934+0000] {dag.py:3722} INFO - Setting next_dagrun for dataset_consumes_1 to None, run_after=None
[2023-11-29T21:44:12.936+0000] {logging_mixin.py:154} INFO - [2023-11-29T21:44:12.936+0000] {dag.py:3722} INFO - Setting next_dagrun for dataset_consumes_1_and_2 to None, run_after=None
[2023-11-29T21:44:12.937+0000] {logging_mixin.py:154} INFO - [2023-11-29T21:44:12.937+0000] {dag.py:3722} INFO - Setting next_dagrun for dataset_consumes_1_never_scheduled to None, run_after=None
[2023-11-29T21:44:12.938+0000] {logging_mixin.py:154} INFO - [2023-11-29T21:44:12.938+0000] {dag.py:3722} INFO - Setting next_dagrun for dataset_consumes_unknown_never_scheduled to None, run_after=None
[2023-11-29T21:44:12.939+0000] {logging_mixin.py:154} INFO - [2023-11-29T21:44:12.939+0000] {dag.py:3722} INFO - Setting next_dagrun for dataset_produces_1 to 2023-11-28T00:00:00+00:00, run_after=2023-11-29T00:00:00+00:00
[2023-11-29T21:44:12.940+0000] {logging_mixin.py:154} INFO - [2023-11-29T21:44:12.940+0000] {dag.py:3722} INFO - Setting next_dagrun for dataset_produces_2 to None, run_after=None
[2023-11-29T21:44:12.956+0000] {processor.py:179} INFO - Processing /home/airflow/.local/lib/python3.8/site-packages/airflow/example_dags/example_datasets.py took 0.066 seconds
[2023-11-29T21:44:43.124+0000] {processor.py:157} INFO - Started process (PID=455) to work on /home/airflow/.local/lib/python3.8/site-packages/airflow/example_dags/example_datasets.py
[2023-11-29T21:44:43.125+0000] {processor.py:829} INFO - Processing file /home/airflow/.local/lib/python3.8/site-packages/airflow/example_dags/example_datasets.py for tasks to queue
[2023-11-29T21:44:43.127+0000] {logging_mixin.py:154} INFO - [2023-11-29T21:44:43.127+0000] {dagbag.py:536} INFO - Filling up the DagBag from /home/airflow/.local/lib/python3.8/site-packages/airflow/example_dags/example_datasets.py
[2023-11-29T21:44:43.134+0000] {processor.py:839} INFO - DAG(s) dict_keys(['dataset_consumes_unknown_never_scheduled', 'dataset_consumes_1_never_scheduled', 'dataset_consumes_1_and_2', 'dataset_produces_2', 'dataset_produces_1', 'dataset_consumes_1']) retrieved from /home/airflow/.local/lib/python3.8/site-packages/airflow/example_dags/example_datasets.py
[2023-11-29T21:44:43.154+0000] {logging_mixin.py:154} INFO - [2023-11-29T21:44:43.154+0000] {dag.py:2941} INFO - Sync 6 DAGs
[2023-11-29T21:44:43.167+0000] {logging_mixin.py:154} INFO - [2023-11-29T21:44:43.167+0000] {dag.py:3722} INFO - Setting next_dagrun for dataset_consumes_1 to None, run_after=None
[2023-11-29T21:44:43.169+0000] {logging_mixin.py:154} INFO - [2023-11-29T21:44:43.169+0000] {dag.py:3722} INFO - Setting next_dagrun for dataset_consumes_1_and_2 to None, run_after=None
[2023-11-29T21:44:43.170+0000] {logging_mixin.py:154} INFO - [2023-11-29T21:44:43.170+0000] {dag.py:3722} INFO - Setting next_dagrun for dataset_consumes_1_never_scheduled to None, run_after=None
[2023-11-29T21:44:43.171+0000] {logging_mixin.py:154} INFO - [2023-11-29T21:44:43.171+0000] {dag.py:3722} INFO - Setting next_dagrun for dataset_consumes_unknown_never_scheduled to None, run_after=None
[2023-11-29T21:44:43.172+0000] {logging_mixin.py:154} INFO - [2023-11-29T21:44:43.172+0000] {dag.py:3722} INFO - Setting next_dagrun for dataset_produces_1 to 2023-11-28T00:00:00+00:00, run_after=2023-11-29T00:00:00+00:00
[2023-11-29T21:44:43.173+0000] {logging_mixin.py:154} INFO - [2023-11-29T21:44:43.173+0000] {dag.py:3722} INFO - Setting next_dagrun for dataset_produces_2 to None, run_after=None
[2023-11-29T21:44:43.190+0000] {processor.py:179} INFO - Processing /home/airflow/.local/lib/python3.8/site-packages/airflow/example_dags/example_datasets.py took 0.068 seconds
[2023-11-29T21:45:13.305+0000] {processor.py:157} INFO - Started process (PID=510) to work on /home/airflow/.local/lib/python3.8/site-packages/airflow/example_dags/example_datasets.py
[2023-11-29T21:45:13.305+0000] {processor.py:829} INFO - Processing file /home/airflow/.local/lib/python3.8/site-packages/airflow/example_dags/example_datasets.py for tasks to queue
[2023-11-29T21:45:13.307+0000] {logging_mixin.py:154} INFO - [2023-11-29T21:45:13.307+0000] {dagbag.py:536} INFO - Filling up the DagBag from /home/airflow/.local/lib/python3.8/site-packages/airflow/example_dags/example_datasets.py
[2023-11-29T21:45:13.313+0000] {processor.py:839} INFO - DAG(s) dict_keys(['dataset_consumes_unknown_never_scheduled', 'dataset_produces_2', 'dataset_consumes_1', 'dataset_produces_1', 'dataset_consumes_1_never_scheduled', 'dataset_consumes_1_and_2']) retrieved from /home/airflow/.local/lib/python3.8/site-packages/airflow/example_dags/example_datasets.py
[2023-11-29T21:45:13.336+0000] {logging_mixin.py:154} INFO - [2023-11-29T21:45:13.336+0000] {dag.py:2941} INFO - Sync 6 DAGs
[2023-11-29T21:45:13.349+0000] {logging_mixin.py:154} INFO - [2023-11-29T21:45:13.349+0000] {dag.py:3722} INFO - Setting next_dagrun for dataset_consumes_1 to None, run_after=None
[2023-11-29T21:45:13.351+0000] {logging_mixin.py:154} INFO - [2023-11-29T21:45:13.351+0000] {dag.py:3722} INFO - Setting next_dagrun for dataset_consumes_1_and_2 to None, run_after=None
[2023-11-29T21:45:13.352+0000] {logging_mixin.py:154} INFO - [2023-11-29T21:45:13.352+0000] {dag.py:3722} INFO - Setting next_dagrun for dataset_consumes_1_never_scheduled to None, run_after=None
[2023-11-29T21:45:13.353+0000] {logging_mixin.py:154} INFO - [2023-11-29T21:45:13.353+0000] {dag.py:3722} INFO - Setting next_dagrun for dataset_consumes_unknown_never_scheduled to None, run_after=None
[2023-11-29T21:45:13.354+0000] {logging_mixin.py:154} INFO - [2023-11-29T21:45:13.354+0000] {dag.py:3722} INFO - Setting next_dagrun for dataset_produces_1 to 2023-11-28T00:00:00+00:00, run_after=2023-11-29T00:00:00+00:00
[2023-11-29T21:45:13.355+0000] {logging_mixin.py:154} INFO - [2023-11-29T21:45:13.355+0000] {dag.py:3722} INFO - Setting next_dagrun for dataset_produces_2 to None, run_after=None
[2023-11-29T21:45:13.370+0000] {processor.py:179} INFO - Processing /home/airflow/.local/lib/python3.8/site-packages/airflow/example_dags/example_datasets.py took 0.068 seconds
[2023-11-29T21:45:43.449+0000] {processor.py:157} INFO - Started process (PID=565) to work on /home/airflow/.local/lib/python3.8/site-packages/airflow/example_dags/example_datasets.py
[2023-11-29T21:45:43.450+0000] {processor.py:829} INFO - Processing file /home/airflow/.local/lib/python3.8/site-packages/airflow/example_dags/example_datasets.py for tasks to queue
[2023-11-29T21:45:43.451+0000] {logging_mixin.py:154} INFO - [2023-11-29T21:45:43.451+0000] {dagbag.py:536} INFO - Filling up the DagBag from /home/airflow/.local/lib/python3.8/site-packages/airflow/example_dags/example_datasets.py
[2023-11-29T21:45:43.457+0000] {processor.py:839} INFO - DAG(s) dict_keys(['dataset_consumes_1_and_2', 'dataset_consumes_1_never_scheduled', 'dataset_consumes_unknown_never_scheduled', 'dataset_produces_2', 'dataset_consumes_1', 'dataset_produces_1']) retrieved from /home/airflow/.local/lib/python3.8/site-packages/airflow/example_dags/example_datasets.py
[2023-11-29T21:45:43.476+0000] {logging_mixin.py:154} INFO - [2023-11-29T21:45:43.476+0000] {dag.py:2941} INFO - Sync 6 DAGs
[2023-11-29T21:45:43.488+0000] {logging_mixin.py:154} INFO - [2023-11-29T21:45:43.488+0000] {dag.py:3722} INFO - Setting next_dagrun for dataset_consumes_1 to None, run_after=None
[2023-11-29T21:45:43.490+0000] {logging_mixin.py:154} INFO - [2023-11-29T21:45:43.490+0000] {dag.py:3722} INFO - Setting next_dagrun for dataset_consumes_1_and_2 to None, run_after=None
[2023-11-29T21:45:43.491+0000] {logging_mixin.py:154} INFO - [2023-11-29T21:45:43.491+0000] {dag.py:3722} INFO - Setting next_dagrun for dataset_consumes_1_never_scheduled to None, run_after=None
[2023-11-29T21:45:43.492+0000] {logging_mixin.py:154} INFO - [2023-11-29T21:45:43.492+0000] {dag.py:3722} INFO - Setting next_dagrun for dataset_consumes_unknown_never_scheduled to None, run_after=None
[2023-11-29T21:45:43.493+0000] {logging_mixin.py:154} INFO - [2023-11-29T21:45:43.493+0000] {dag.py:3722} INFO - Setting next_dagrun for dataset_produces_1 to 2023-11-28T00:00:00+00:00, run_after=2023-11-29T00:00:00+00:00
[2023-11-29T21:45:43.494+0000] {logging_mixin.py:154} INFO - [2023-11-29T21:45:43.494+0000] {dag.py:3722} INFO - Setting next_dagrun for dataset_produces_2 to None, run_after=None
[2023-11-29T21:45:43.509+0000] {processor.py:179} INFO - Processing /home/airflow/.local/lib/python3.8/site-packages/airflow/example_dags/example_datasets.py took 0.063 seconds
[2023-11-29T21:46:13.644+0000] {processor.py:157} INFO - Started process (PID=619) to work on /home/airflow/.local/lib/python3.8/site-packages/airflow/example_dags/example_datasets.py
[2023-11-29T21:46:13.644+0000] {processor.py:829} INFO - Processing file /home/airflow/.local/lib/python3.8/site-packages/airflow/example_dags/example_datasets.py for tasks to queue
[2023-11-29T21:46:13.646+0000] {logging_mixin.py:154} INFO - [2023-11-29T21:46:13.646+0000] {dagbag.py:536} INFO - Filling up the DagBag from /home/airflow/.local/lib/python3.8/site-packages/airflow/example_dags/example_datasets.py
[2023-11-29T21:46:13.652+0000] {processor.py:839} INFO - DAG(s) dict_keys(['dataset_produces_2', 'dataset_consumes_1_and_2', 'dataset_consumes_1', 'dataset_consumes_1_never_scheduled', 'dataset_consumes_unknown_never_scheduled', 'dataset_produces_1']) retrieved from /home/airflow/.local/lib/python3.8/site-packages/airflow/example_dags/example_datasets.py
[2023-11-29T21:46:13.671+0000] {logging_mixin.py:154} INFO - [2023-11-29T21:46:13.671+0000] {dag.py:2941} INFO - Sync 6 DAGs
[2023-11-29T21:46:13.683+0000] {logging_mixin.py:154} INFO - [2023-11-29T21:46:13.683+0000] {dag.py:3722} INFO - Setting next_dagrun for dataset_consumes_1 to None, run_after=None
[2023-11-29T21:46:13.685+0000] {logging_mixin.py:154} INFO - [2023-11-29T21:46:13.685+0000] {dag.py:3722} INFO - Setting next_dagrun for dataset_consumes_1_and_2 to None, run_after=None
[2023-11-29T21:46:13.686+0000] {logging_mixin.py:154} INFO - [2023-11-29T21:46:13.686+0000] {dag.py:3722} INFO - Setting next_dagrun for dataset_consumes_1_never_scheduled to None, run_after=None
[2023-11-29T21:46:13.687+0000] {logging_mixin.py:154} INFO - [2023-11-29T21:46:13.687+0000] {dag.py:3722} INFO - Setting next_dagrun for dataset_consumes_unknown_never_scheduled to None, run_after=None
[2023-11-29T21:46:13.688+0000] {logging_mixin.py:154} INFO - [2023-11-29T21:46:13.688+0000] {dag.py:3722} INFO - Setting next_dagrun for dataset_produces_1 to 2023-11-28T00:00:00+00:00, run_after=2023-11-29T00:00:00+00:00
[2023-11-29T21:46:13.689+0000] {logging_mixin.py:154} INFO - [2023-11-29T21:46:13.689+0000] {dag.py:3722} INFO - Setting next_dagrun for dataset_produces_2 to None, run_after=None
[2023-11-29T21:46:13.705+0000] {processor.py:179} INFO - Processing /home/airflow/.local/lib/python3.8/site-packages/airflow/example_dags/example_datasets.py took 0.063 seconds
