[2023-11-29T20:51:38.474+0000] {processor.py:157} INFO - Started process (PID=45) to work on /home/airflow/.local/lib/python3.8/site-packages/airflow/example_dags/example_branch_labels.py
[2023-11-29T20:51:38.476+0000] {processor.py:829} INFO - Processing file /home/airflow/.local/lib/python3.8/site-packages/airflow/example_dags/example_branch_labels.py for tasks to queue
[2023-11-29T20:51:38.478+0000] {logging_mixin.py:154} INFO - [2023-11-29T20:51:38.478+0000] {dagbag.py:536} INFO - Filling up the DagBag from /home/airflow/.local/lib/python3.8/site-packages/airflow/example_dags/example_branch_labels.py
[2023-11-29T20:51:38.485+0000] {processor.py:839} INFO - DAG(s) dict_keys(['example_branch_labels']) retrieved from /home/airflow/.local/lib/python3.8/site-packages/airflow/example_dags/example_branch_labels.py
[2023-11-29T20:51:38.568+0000] {logging_mixin.py:154} INFO - [2023-11-29T20:51:38.568+0000] {dag.py:2941} INFO - Sync 1 DAGs
[2023-11-29T20:51:38.581+0000] {logging_mixin.py:154} INFO - [2023-11-29T20:51:38.581+0000] {dag.py:3722} INFO - Setting next_dagrun for example_branch_labels to 2023-11-28T00:00:00+00:00, run_after=2023-11-29T00:00:00+00:00
[2023-11-29T20:51:38.594+0000] {processor.py:179} INFO - Processing /home/airflow/.local/lib/python3.8/site-packages/airflow/example_dags/example_branch_labels.py took 0.124 seconds
[2023-11-29T20:52:09.448+0000] {processor.py:157} INFO - Started process (PID=99) to work on /home/airflow/.local/lib/python3.8/site-packages/airflow/example_dags/example_branch_labels.py
[2023-11-29T20:52:09.448+0000] {processor.py:829} INFO - Processing file /home/airflow/.local/lib/python3.8/site-packages/airflow/example_dags/example_branch_labels.py for tasks to queue
[2023-11-29T20:52:09.450+0000] {logging_mixin.py:154} INFO - [2023-11-29T20:52:09.449+0000] {dagbag.py:536} INFO - Filling up the DagBag from /home/airflow/.local/lib/python3.8/site-packages/airflow/example_dags/example_branch_labels.py
[2023-11-29T20:52:09.455+0000] {processor.py:839} INFO - DAG(s) dict_keys(['example_branch_labels']) retrieved from /home/airflow/.local/lib/python3.8/site-packages/airflow/example_dags/example_branch_labels.py
[2023-11-29T20:52:09.463+0000] {logging_mixin.py:154} INFO - [2023-11-29T20:52:09.463+0000] {dag.py:2941} INFO - Sync 1 DAGs
[2023-11-29T20:52:09.477+0000] {logging_mixin.py:154} INFO - [2023-11-29T20:52:09.477+0000] {dag.py:3722} INFO - Setting next_dagrun for example_branch_labels to 2023-11-28T00:00:00+00:00, run_after=2023-11-29T00:00:00+00:00
[2023-11-29T20:52:09.486+0000] {processor.py:179} INFO - Processing /home/airflow/.local/lib/python3.8/site-packages/airflow/example_dags/example_branch_labels.py took 0.041 seconds
[2023-11-29T20:52:40.235+0000] {processor.py:157} INFO - Started process (PID=153) to work on /home/airflow/.local/lib/python3.8/site-packages/airflow/example_dags/example_branch_labels.py
[2023-11-29T20:52:40.235+0000] {processor.py:829} INFO - Processing file /home/airflow/.local/lib/python3.8/site-packages/airflow/example_dags/example_branch_labels.py for tasks to queue
[2023-11-29T20:52:40.237+0000] {logging_mixin.py:154} INFO - [2023-11-29T20:52:40.237+0000] {dagbag.py:536} INFO - Filling up the DagBag from /home/airflow/.local/lib/python3.8/site-packages/airflow/example_dags/example_branch_labels.py
[2023-11-29T20:52:40.242+0000] {processor.py:839} INFO - DAG(s) dict_keys(['example_branch_labels']) retrieved from /home/airflow/.local/lib/python3.8/site-packages/airflow/example_dags/example_branch_labels.py
[2023-11-29T20:52:40.255+0000] {logging_mixin.py:154} INFO - [2023-11-29T20:52:40.255+0000] {dag.py:2941} INFO - Sync 1 DAGs
[2023-11-29T20:52:40.268+0000] {logging_mixin.py:154} INFO - [2023-11-29T20:52:40.268+0000] {dag.py:3722} INFO - Setting next_dagrun for example_branch_labels to 2023-11-28T00:00:00+00:00, run_after=2023-11-29T00:00:00+00:00
[2023-11-29T20:52:40.277+0000] {processor.py:179} INFO - Processing /home/airflow/.local/lib/python3.8/site-packages/airflow/example_dags/example_branch_labels.py took 0.044 seconds
[2023-11-29T20:53:10.389+0000] {processor.py:157} INFO - Started process (PID=207) to work on /home/airflow/.local/lib/python3.8/site-packages/airflow/example_dags/example_branch_labels.py
[2023-11-29T20:53:10.390+0000] {processor.py:829} INFO - Processing file /home/airflow/.local/lib/python3.8/site-packages/airflow/example_dags/example_branch_labels.py for tasks to queue
[2023-11-29T20:53:10.392+0000] {logging_mixin.py:154} INFO - [2023-11-29T20:53:10.391+0000] {dagbag.py:536} INFO - Filling up the DagBag from /home/airflow/.local/lib/python3.8/site-packages/airflow/example_dags/example_branch_labels.py
[2023-11-29T20:53:10.396+0000] {processor.py:839} INFO - DAG(s) dict_keys(['example_branch_labels']) retrieved from /home/airflow/.local/lib/python3.8/site-packages/airflow/example_dags/example_branch_labels.py
[2023-11-29T20:53:10.410+0000] {logging_mixin.py:154} INFO - [2023-11-29T20:53:10.410+0000] {dag.py:2941} INFO - Sync 1 DAGs
[2023-11-29T20:53:10.423+0000] {logging_mixin.py:154} INFO - [2023-11-29T20:53:10.423+0000] {dag.py:3722} INFO - Setting next_dagrun for example_branch_labels to 2023-11-28T00:00:00+00:00, run_after=2023-11-29T00:00:00+00:00
[2023-11-29T20:53:10.432+0000] {processor.py:179} INFO - Processing /home/airflow/.local/lib/python3.8/site-packages/airflow/example_dags/example_branch_labels.py took 0.045 seconds
[2023-11-29T20:53:40.517+0000] {processor.py:157} INFO - Started process (PID=261) to work on /home/airflow/.local/lib/python3.8/site-packages/airflow/example_dags/example_branch_labels.py
[2023-11-29T20:53:40.518+0000] {processor.py:829} INFO - Processing file /home/airflow/.local/lib/python3.8/site-packages/airflow/example_dags/example_branch_labels.py for tasks to queue
[2023-11-29T20:53:40.520+0000] {logging_mixin.py:154} INFO - [2023-11-29T20:53:40.520+0000] {dagbag.py:536} INFO - Filling up the DagBag from /home/airflow/.local/lib/python3.8/site-packages/airflow/example_dags/example_branch_labels.py
[2023-11-29T20:53:40.525+0000] {processor.py:839} INFO - DAG(s) dict_keys(['example_branch_labels']) retrieved from /home/airflow/.local/lib/python3.8/site-packages/airflow/example_dags/example_branch_labels.py
[2023-11-29T20:53:40.538+0000] {logging_mixin.py:154} INFO - [2023-11-29T20:53:40.538+0000] {dag.py:2941} INFO - Sync 1 DAGs
[2023-11-29T20:53:40.551+0000] {logging_mixin.py:154} INFO - [2023-11-29T20:53:40.551+0000] {dag.py:3722} INFO - Setting next_dagrun for example_branch_labels to 2023-11-28T00:00:00+00:00, run_after=2023-11-29T00:00:00+00:00
[2023-11-29T20:53:40.561+0000] {processor.py:179} INFO - Processing /home/airflow/.local/lib/python3.8/site-packages/airflow/example_dags/example_branch_labels.py took 0.046 seconds
[2023-11-29T20:54:10.635+0000] {processor.py:157} INFO - Started process (PID=315) to work on /home/airflow/.local/lib/python3.8/site-packages/airflow/example_dags/example_branch_labels.py
[2023-11-29T20:54:10.635+0000] {processor.py:829} INFO - Processing file /home/airflow/.local/lib/python3.8/site-packages/airflow/example_dags/example_branch_labels.py for tasks to queue
[2023-11-29T20:54:10.637+0000] {logging_mixin.py:154} INFO - [2023-11-29T20:54:10.637+0000] {dagbag.py:536} INFO - Filling up the DagBag from /home/airflow/.local/lib/python3.8/site-packages/airflow/example_dags/example_branch_labels.py
[2023-11-29T20:54:10.642+0000] {processor.py:839} INFO - DAG(s) dict_keys(['example_branch_labels']) retrieved from /home/airflow/.local/lib/python3.8/site-packages/airflow/example_dags/example_branch_labels.py
[2023-11-29T20:54:10.655+0000] {logging_mixin.py:154} INFO - [2023-11-29T20:54:10.655+0000] {dag.py:2941} INFO - Sync 1 DAGs
[2023-11-29T20:54:10.668+0000] {logging_mixin.py:154} INFO - [2023-11-29T20:54:10.668+0000] {dag.py:3722} INFO - Setting next_dagrun for example_branch_labels to 2023-11-28T00:00:00+00:00, run_after=2023-11-29T00:00:00+00:00
[2023-11-29T20:54:10.679+0000] {processor.py:179} INFO - Processing /home/airflow/.local/lib/python3.8/site-packages/airflow/example_dags/example_branch_labels.py took 0.047 seconds
[2023-11-29T20:54:40.733+0000] {processor.py:157} INFO - Started process (PID=369) to work on /home/airflow/.local/lib/python3.8/site-packages/airflow/example_dags/example_branch_labels.py
[2023-11-29T20:54:40.734+0000] {processor.py:829} INFO - Processing file /home/airflow/.local/lib/python3.8/site-packages/airflow/example_dags/example_branch_labels.py for tasks to queue
[2023-11-29T20:54:40.735+0000] {logging_mixin.py:154} INFO - [2023-11-29T20:54:40.735+0000] {dagbag.py:536} INFO - Filling up the DagBag from /home/airflow/.local/lib/python3.8/site-packages/airflow/example_dags/example_branch_labels.py
[2023-11-29T20:54:40.740+0000] {processor.py:839} INFO - DAG(s) dict_keys(['example_branch_labels']) retrieved from /home/airflow/.local/lib/python3.8/site-packages/airflow/example_dags/example_branch_labels.py
[2023-11-29T20:54:40.753+0000] {logging_mixin.py:154} INFO - [2023-11-29T20:54:40.752+0000] {dag.py:2941} INFO - Sync 1 DAGs
[2023-11-29T20:54:40.765+0000] {logging_mixin.py:154} INFO - [2023-11-29T20:54:40.765+0000] {dag.py:3722} INFO - Setting next_dagrun for example_branch_labels to 2023-11-28T00:00:00+00:00, run_after=2023-11-29T00:00:00+00:00
[2023-11-29T20:54:40.774+0000] {processor.py:179} INFO - Processing /home/airflow/.local/lib/python3.8/site-packages/airflow/example_dags/example_branch_labels.py took 0.044 seconds
[2023-11-29T20:55:10.810+0000] {processor.py:157} INFO - Started process (PID=423) to work on /home/airflow/.local/lib/python3.8/site-packages/airflow/example_dags/example_branch_labels.py
[2023-11-29T20:55:10.810+0000] {processor.py:829} INFO - Processing file /home/airflow/.local/lib/python3.8/site-packages/airflow/example_dags/example_branch_labels.py for tasks to queue
[2023-11-29T20:55:10.812+0000] {logging_mixin.py:154} INFO - [2023-11-29T20:55:10.812+0000] {dagbag.py:536} INFO - Filling up the DagBag from /home/airflow/.local/lib/python3.8/site-packages/airflow/example_dags/example_branch_labels.py
[2023-11-29T20:55:10.817+0000] {processor.py:839} INFO - DAG(s) dict_keys(['example_branch_labels']) retrieved from /home/airflow/.local/lib/python3.8/site-packages/airflow/example_dags/example_branch_labels.py
[2023-11-29T20:55:10.831+0000] {logging_mixin.py:154} INFO - [2023-11-29T20:55:10.830+0000] {dag.py:2941} INFO - Sync 1 DAGs
[2023-11-29T20:55:10.843+0000] {logging_mixin.py:154} INFO - [2023-11-29T20:55:10.843+0000] {dag.py:3722} INFO - Setting next_dagrun for example_branch_labels to 2023-11-28T00:00:00+00:00, run_after=2023-11-29T00:00:00+00:00
[2023-11-29T20:55:10.852+0000] {processor.py:179} INFO - Processing /home/airflow/.local/lib/python3.8/site-packages/airflow/example_dags/example_branch_labels.py took 0.045 seconds
[2023-11-29T20:55:40.895+0000] {processor.py:157} INFO - Started process (PID=477) to work on /home/airflow/.local/lib/python3.8/site-packages/airflow/example_dags/example_branch_labels.py
[2023-11-29T20:55:40.895+0000] {processor.py:829} INFO - Processing file /home/airflow/.local/lib/python3.8/site-packages/airflow/example_dags/example_branch_labels.py for tasks to queue
[2023-11-29T20:55:40.897+0000] {logging_mixin.py:154} INFO - [2023-11-29T20:55:40.897+0000] {dagbag.py:536} INFO - Filling up the DagBag from /home/airflow/.local/lib/python3.8/site-packages/airflow/example_dags/example_branch_labels.py
[2023-11-29T20:55:40.902+0000] {processor.py:839} INFO - DAG(s) dict_keys(['example_branch_labels']) retrieved from /home/airflow/.local/lib/python3.8/site-packages/airflow/example_dags/example_branch_labels.py
[2023-11-29T20:55:40.917+0000] {logging_mixin.py:154} INFO - [2023-11-29T20:55:40.917+0000] {dag.py:2941} INFO - Sync 1 DAGs
[2023-11-29T20:55:40.931+0000] {logging_mixin.py:154} INFO - [2023-11-29T20:55:40.931+0000] {dag.py:3722} INFO - Setting next_dagrun for example_branch_labels to 2023-11-28T00:00:00+00:00, run_after=2023-11-29T00:00:00+00:00
[2023-11-29T20:55:40.940+0000] {processor.py:179} INFO - Processing /home/airflow/.local/lib/python3.8/site-packages/airflow/example_dags/example_branch_labels.py took 0.048 seconds
[2023-11-29T20:56:11.078+0000] {processor.py:157} INFO - Started process (PID=531) to work on /home/airflow/.local/lib/python3.8/site-packages/airflow/example_dags/example_branch_labels.py
[2023-11-29T20:56:11.079+0000] {processor.py:829} INFO - Processing file /home/airflow/.local/lib/python3.8/site-packages/airflow/example_dags/example_branch_labels.py for tasks to queue
[2023-11-29T20:56:11.080+0000] {logging_mixin.py:154} INFO - [2023-11-29T20:56:11.080+0000] {dagbag.py:536} INFO - Filling up the DagBag from /home/airflow/.local/lib/python3.8/site-packages/airflow/example_dags/example_branch_labels.py
[2023-11-29T20:56:11.085+0000] {processor.py:839} INFO - DAG(s) dict_keys(['example_branch_labels']) retrieved from /home/airflow/.local/lib/python3.8/site-packages/airflow/example_dags/example_branch_labels.py
[2023-11-29T20:56:11.098+0000] {logging_mixin.py:154} INFO - [2023-11-29T20:56:11.098+0000] {dag.py:2941} INFO - Sync 1 DAGs
[2023-11-29T20:56:11.110+0000] {logging_mixin.py:154} INFO - [2023-11-29T20:56:11.110+0000] {dag.py:3722} INFO - Setting next_dagrun for example_branch_labels to 2023-11-28T00:00:00+00:00, run_after=2023-11-29T00:00:00+00:00
[2023-11-29T20:56:11.119+0000] {processor.py:179} INFO - Processing /home/airflow/.local/lib/python3.8/site-packages/airflow/example_dags/example_branch_labels.py took 0.043 seconds
[2023-11-29T20:56:41.999+0000] {processor.py:157} INFO - Started process (PID=585) to work on /home/airflow/.local/lib/python3.8/site-packages/airflow/example_dags/example_branch_labels.py
[2023-11-29T20:56:42.000+0000] {processor.py:829} INFO - Processing file /home/airflow/.local/lib/python3.8/site-packages/airflow/example_dags/example_branch_labels.py for tasks to queue
[2023-11-29T20:56:42.002+0000] {logging_mixin.py:154} INFO - [2023-11-29T20:56:42.001+0000] {dagbag.py:536} INFO - Filling up the DagBag from /home/airflow/.local/lib/python3.8/site-packages/airflow/example_dags/example_branch_labels.py
[2023-11-29T20:56:42.006+0000] {processor.py:839} INFO - DAG(s) dict_keys(['example_branch_labels']) retrieved from /home/airflow/.local/lib/python3.8/site-packages/airflow/example_dags/example_branch_labels.py
[2023-11-29T20:56:42.019+0000] {logging_mixin.py:154} INFO - [2023-11-29T20:56:42.019+0000] {dag.py:2941} INFO - Sync 1 DAGs
[2023-11-29T20:56:42.032+0000] {logging_mixin.py:154} INFO - [2023-11-29T20:56:42.032+0000] {dag.py:3722} INFO - Setting next_dagrun for example_branch_labels to 2023-11-28T00:00:00+00:00, run_after=2023-11-29T00:00:00+00:00
[2023-11-29T20:56:42.042+0000] {processor.py:179} INFO - Processing /home/airflow/.local/lib/python3.8/site-packages/airflow/example_dags/example_branch_labels.py took 0.046 seconds
[2023-11-29T20:57:12.093+0000] {processor.py:157} INFO - Started process (PID=639) to work on /home/airflow/.local/lib/python3.8/site-packages/airflow/example_dags/example_branch_labels.py
[2023-11-29T20:57:12.094+0000] {processor.py:829} INFO - Processing file /home/airflow/.local/lib/python3.8/site-packages/airflow/example_dags/example_branch_labels.py for tasks to queue
[2023-11-29T20:57:12.095+0000] {logging_mixin.py:154} INFO - [2023-11-29T20:57:12.095+0000] {dagbag.py:536} INFO - Filling up the DagBag from /home/airflow/.local/lib/python3.8/site-packages/airflow/example_dags/example_branch_labels.py
[2023-11-29T20:57:12.100+0000] {processor.py:839} INFO - DAG(s) dict_keys(['example_branch_labels']) retrieved from /home/airflow/.local/lib/python3.8/site-packages/airflow/example_dags/example_branch_labels.py
[2023-11-29T20:57:12.113+0000] {logging_mixin.py:154} INFO - [2023-11-29T20:57:12.113+0000] {dag.py:2941} INFO - Sync 1 DAGs
[2023-11-29T20:57:12.125+0000] {logging_mixin.py:154} INFO - [2023-11-29T20:57:12.125+0000] {dag.py:3722} INFO - Setting next_dagrun for example_branch_labels to 2023-11-28T00:00:00+00:00, run_after=2023-11-29T00:00:00+00:00
[2023-11-29T20:57:12.134+0000] {processor.py:179} INFO - Processing /home/airflow/.local/lib/python3.8/site-packages/airflow/example_dags/example_branch_labels.py took 0.044 seconds
[2023-11-29T20:57:42.205+0000] {processor.py:157} INFO - Started process (PID=693) to work on /home/airflow/.local/lib/python3.8/site-packages/airflow/example_dags/example_branch_labels.py
[2023-11-29T20:57:42.206+0000] {processor.py:829} INFO - Processing file /home/airflow/.local/lib/python3.8/site-packages/airflow/example_dags/example_branch_labels.py for tasks to queue
[2023-11-29T20:57:42.208+0000] {logging_mixin.py:154} INFO - [2023-11-29T20:57:42.207+0000] {dagbag.py:536} INFO - Filling up the DagBag from /home/airflow/.local/lib/python3.8/site-packages/airflow/example_dags/example_branch_labels.py
[2023-11-29T20:57:42.212+0000] {processor.py:839} INFO - DAG(s) dict_keys(['example_branch_labels']) retrieved from /home/airflow/.local/lib/python3.8/site-packages/airflow/example_dags/example_branch_labels.py
[2023-11-29T20:57:42.225+0000] {logging_mixin.py:154} INFO - [2023-11-29T20:57:42.225+0000] {dag.py:2941} INFO - Sync 1 DAGs
[2023-11-29T20:57:42.238+0000] {logging_mixin.py:154} INFO - [2023-11-29T20:57:42.238+0000] {dag.py:3722} INFO - Setting next_dagrun for example_branch_labels to 2023-11-28T00:00:00+00:00, run_after=2023-11-29T00:00:00+00:00
[2023-11-29T20:57:42.247+0000] {processor.py:179} INFO - Processing /home/airflow/.local/lib/python3.8/site-packages/airflow/example_dags/example_branch_labels.py took 0.044 seconds
[2023-11-29T20:58:12.336+0000] {processor.py:157} INFO - Started process (PID=747) to work on /home/airflow/.local/lib/python3.8/site-packages/airflow/example_dags/example_branch_labels.py
[2023-11-29T20:58:12.337+0000] {processor.py:829} INFO - Processing file /home/airflow/.local/lib/python3.8/site-packages/airflow/example_dags/example_branch_labels.py for tasks to queue
[2023-11-29T20:58:12.339+0000] {logging_mixin.py:154} INFO - [2023-11-29T20:58:12.338+0000] {dagbag.py:536} INFO - Filling up the DagBag from /home/airflow/.local/lib/python3.8/site-packages/airflow/example_dags/example_branch_labels.py
[2023-11-29T20:58:12.344+0000] {processor.py:839} INFO - DAG(s) dict_keys(['example_branch_labels']) retrieved from /home/airflow/.local/lib/python3.8/site-packages/airflow/example_dags/example_branch_labels.py
[2023-11-29T20:58:12.357+0000] {logging_mixin.py:154} INFO - [2023-11-29T20:58:12.356+0000] {dag.py:2941} INFO - Sync 1 DAGs
[2023-11-29T20:58:12.370+0000] {logging_mixin.py:154} INFO - [2023-11-29T20:58:12.370+0000] {dag.py:3722} INFO - Setting next_dagrun for example_branch_labels to 2023-11-28T00:00:00+00:00, run_after=2023-11-29T00:00:00+00:00
[2023-11-29T20:58:12.379+0000] {processor.py:179} INFO - Processing /home/airflow/.local/lib/python3.8/site-packages/airflow/example_dags/example_branch_labels.py took 0.045 seconds
[2023-11-29T20:58:42.459+0000] {processor.py:157} INFO - Started process (PID=801) to work on /home/airflow/.local/lib/python3.8/site-packages/airflow/example_dags/example_branch_labels.py
[2023-11-29T20:58:42.460+0000] {processor.py:829} INFO - Processing file /home/airflow/.local/lib/python3.8/site-packages/airflow/example_dags/example_branch_labels.py for tasks to queue
[2023-11-29T20:58:42.461+0000] {logging_mixin.py:154} INFO - [2023-11-29T20:58:42.461+0000] {dagbag.py:536} INFO - Filling up the DagBag from /home/airflow/.local/lib/python3.8/site-packages/airflow/example_dags/example_branch_labels.py
[2023-11-29T20:58:42.466+0000] {processor.py:839} INFO - DAG(s) dict_keys(['example_branch_labels']) retrieved from /home/airflow/.local/lib/python3.8/site-packages/airflow/example_dags/example_branch_labels.py
[2023-11-29T20:58:42.479+0000] {logging_mixin.py:154} INFO - [2023-11-29T20:58:42.479+0000] {dag.py:2941} INFO - Sync 1 DAGs
[2023-11-29T20:58:42.492+0000] {logging_mixin.py:154} INFO - [2023-11-29T20:58:42.492+0000] {dag.py:3722} INFO - Setting next_dagrun for example_branch_labels to 2023-11-28T00:00:00+00:00, run_after=2023-11-29T00:00:00+00:00
[2023-11-29T20:58:42.501+0000] {processor.py:179} INFO - Processing /home/airflow/.local/lib/python3.8/site-packages/airflow/example_dags/example_branch_labels.py took 0.045 seconds
[2023-11-29T20:59:13.380+0000] {processor.py:157} INFO - Started process (PID=855) to work on /home/airflow/.local/lib/python3.8/site-packages/airflow/example_dags/example_branch_labels.py
[2023-11-29T20:59:13.381+0000] {processor.py:829} INFO - Processing file /home/airflow/.local/lib/python3.8/site-packages/airflow/example_dags/example_branch_labels.py for tasks to queue
[2023-11-29T20:59:13.383+0000] {logging_mixin.py:154} INFO - [2023-11-29T20:59:13.382+0000] {dagbag.py:536} INFO - Filling up the DagBag from /home/airflow/.local/lib/python3.8/site-packages/airflow/example_dags/example_branch_labels.py
[2023-11-29T20:59:13.387+0000] {processor.py:839} INFO - DAG(s) dict_keys(['example_branch_labels']) retrieved from /home/airflow/.local/lib/python3.8/site-packages/airflow/example_dags/example_branch_labels.py
[2023-11-29T20:59:13.400+0000] {logging_mixin.py:154} INFO - [2023-11-29T20:59:13.400+0000] {dag.py:2941} INFO - Sync 1 DAGs
[2023-11-29T20:59:13.413+0000] {logging_mixin.py:154} INFO - [2023-11-29T20:59:13.413+0000] {dag.py:3722} INFO - Setting next_dagrun for example_branch_labels to 2023-11-28T00:00:00+00:00, run_after=2023-11-29T00:00:00+00:00
[2023-11-29T20:59:13.422+0000] {processor.py:179} INFO - Processing /home/airflow/.local/lib/python3.8/site-packages/airflow/example_dags/example_branch_labels.py took 0.044 seconds
[2023-11-29T20:59:44.251+0000] {processor.py:157} INFO - Started process (PID=909) to work on /home/airflow/.local/lib/python3.8/site-packages/airflow/example_dags/example_branch_labels.py
[2023-11-29T20:59:44.252+0000] {processor.py:829} INFO - Processing file /home/airflow/.local/lib/python3.8/site-packages/airflow/example_dags/example_branch_labels.py for tasks to queue
[2023-11-29T20:59:44.253+0000] {logging_mixin.py:154} INFO - [2023-11-29T20:59:44.253+0000] {dagbag.py:536} INFO - Filling up the DagBag from /home/airflow/.local/lib/python3.8/site-packages/airflow/example_dags/example_branch_labels.py
[2023-11-29T20:59:44.258+0000] {processor.py:839} INFO - DAG(s) dict_keys(['example_branch_labels']) retrieved from /home/airflow/.local/lib/python3.8/site-packages/airflow/example_dags/example_branch_labels.py
[2023-11-29T20:59:44.271+0000] {logging_mixin.py:154} INFO - [2023-11-29T20:59:44.271+0000] {dag.py:2941} INFO - Sync 1 DAGs
[2023-11-29T20:59:44.284+0000] {logging_mixin.py:154} INFO - [2023-11-29T20:59:44.283+0000] {dag.py:3722} INFO - Setting next_dagrun for example_branch_labels to 2023-11-28T00:00:00+00:00, run_after=2023-11-29T00:00:00+00:00
[2023-11-29T20:59:44.293+0000] {processor.py:179} INFO - Processing /home/airflow/.local/lib/python3.8/site-packages/airflow/example_dags/example_branch_labels.py took 0.044 seconds
[2023-11-29T21:00:15.049+0000] {processor.py:157} INFO - Started process (PID=963) to work on /home/airflow/.local/lib/python3.8/site-packages/airflow/example_dags/example_branch_labels.py
[2023-11-29T21:00:15.049+0000] {processor.py:829} INFO - Processing file /home/airflow/.local/lib/python3.8/site-packages/airflow/example_dags/example_branch_labels.py for tasks to queue
[2023-11-29T21:00:15.051+0000] {logging_mixin.py:154} INFO - [2023-11-29T21:00:15.051+0000] {dagbag.py:536} INFO - Filling up the DagBag from /home/airflow/.local/lib/python3.8/site-packages/airflow/example_dags/example_branch_labels.py
[2023-11-29T21:00:15.056+0000] {processor.py:839} INFO - DAG(s) dict_keys(['example_branch_labels']) retrieved from /home/airflow/.local/lib/python3.8/site-packages/airflow/example_dags/example_branch_labels.py
[2023-11-29T21:00:15.068+0000] {logging_mixin.py:154} INFO - [2023-11-29T21:00:15.068+0000] {dag.py:2941} INFO - Sync 1 DAGs
[2023-11-29T21:00:15.081+0000] {logging_mixin.py:154} INFO - [2023-11-29T21:00:15.081+0000] {dag.py:3722} INFO - Setting next_dagrun for example_branch_labels to 2023-11-28T00:00:00+00:00, run_after=2023-11-29T00:00:00+00:00
[2023-11-29T21:00:15.090+0000] {processor.py:179} INFO - Processing /home/airflow/.local/lib/python3.8/site-packages/airflow/example_dags/example_branch_labels.py took 0.044 seconds
[2023-11-29T21:00:45.952+0000] {processor.py:157} INFO - Started process (PID=1017) to work on /home/airflow/.local/lib/python3.8/site-packages/airflow/example_dags/example_branch_labels.py
[2023-11-29T21:00:45.952+0000] {processor.py:829} INFO - Processing file /home/airflow/.local/lib/python3.8/site-packages/airflow/example_dags/example_branch_labels.py for tasks to queue
[2023-11-29T21:00:45.954+0000] {logging_mixin.py:154} INFO - [2023-11-29T21:00:45.954+0000] {dagbag.py:536} INFO - Filling up the DagBag from /home/airflow/.local/lib/python3.8/site-packages/airflow/example_dags/example_branch_labels.py
[2023-11-29T21:00:45.959+0000] {processor.py:839} INFO - DAG(s) dict_keys(['example_branch_labels']) retrieved from /home/airflow/.local/lib/python3.8/site-packages/airflow/example_dags/example_branch_labels.py
[2023-11-29T21:00:45.972+0000] {logging_mixin.py:154} INFO - [2023-11-29T21:00:45.972+0000] {dag.py:2941} INFO - Sync 1 DAGs
[2023-11-29T21:00:45.984+0000] {logging_mixin.py:154} INFO - [2023-11-29T21:00:45.984+0000] {dag.py:3722} INFO - Setting next_dagrun for example_branch_labels to 2023-11-28T00:00:00+00:00, run_after=2023-11-29T00:00:00+00:00
[2023-11-29T21:00:45.994+0000] {processor.py:179} INFO - Processing /home/airflow/.local/lib/python3.8/site-packages/airflow/example_dags/example_branch_labels.py took 0.045 seconds
[2023-11-29T21:01:16.930+0000] {processor.py:157} INFO - Started process (PID=1071) to work on /home/airflow/.local/lib/python3.8/site-packages/airflow/example_dags/example_branch_labels.py
[2023-11-29T21:01:16.934+0000] {processor.py:829} INFO - Processing file /home/airflow/.local/lib/python3.8/site-packages/airflow/example_dags/example_branch_labels.py for tasks to queue
[2023-11-29T21:01:16.936+0000] {logging_mixin.py:154} INFO - [2023-11-29T21:01:16.935+0000] {dagbag.py:536} INFO - Filling up the DagBag from /home/airflow/.local/lib/python3.8/site-packages/airflow/example_dags/example_branch_labels.py
[2023-11-29T21:01:16.941+0000] {processor.py:839} INFO - DAG(s) dict_keys(['example_branch_labels']) retrieved from /home/airflow/.local/lib/python3.8/site-packages/airflow/example_dags/example_branch_labels.py
[2023-11-29T21:01:16.954+0000] {logging_mixin.py:154} INFO - [2023-11-29T21:01:16.954+0000] {dag.py:2941} INFO - Sync 1 DAGs
[2023-11-29T21:01:16.967+0000] {logging_mixin.py:154} INFO - [2023-11-29T21:01:16.967+0000] {dag.py:3722} INFO - Setting next_dagrun for example_branch_labels to 2023-11-28T00:00:00+00:00, run_after=2023-11-29T00:00:00+00:00
[2023-11-29T21:01:16.977+0000] {processor.py:179} INFO - Processing /home/airflow/.local/lib/python3.8/site-packages/airflow/example_dags/example_branch_labels.py took 0.050 seconds
[2023-11-29T21:01:47.812+0000] {processor.py:157} INFO - Started process (PID=1125) to work on /home/airflow/.local/lib/python3.8/site-packages/airflow/example_dags/example_branch_labels.py
[2023-11-29T21:01:47.813+0000] {processor.py:829} INFO - Processing file /home/airflow/.local/lib/python3.8/site-packages/airflow/example_dags/example_branch_labels.py for tasks to queue
[2023-11-29T21:01:47.815+0000] {logging_mixin.py:154} INFO - [2023-11-29T21:01:47.814+0000] {dagbag.py:536} INFO - Filling up the DagBag from /home/airflow/.local/lib/python3.8/site-packages/airflow/example_dags/example_branch_labels.py
[2023-11-29T21:01:47.820+0000] {processor.py:839} INFO - DAG(s) dict_keys(['example_branch_labels']) retrieved from /home/airflow/.local/lib/python3.8/site-packages/airflow/example_dags/example_branch_labels.py
[2023-11-29T21:01:47.834+0000] {logging_mixin.py:154} INFO - [2023-11-29T21:01:47.834+0000] {dag.py:2941} INFO - Sync 1 DAGs
[2023-11-29T21:01:47.847+0000] {logging_mixin.py:154} INFO - [2023-11-29T21:01:47.847+0000] {dag.py:3722} INFO - Setting next_dagrun for example_branch_labels to 2023-11-28T00:00:00+00:00, run_after=2023-11-29T00:00:00+00:00
[2023-11-29T21:01:47.858+0000] {processor.py:179} INFO - Processing /home/airflow/.local/lib/python3.8/site-packages/airflow/example_dags/example_branch_labels.py took 0.048 seconds
[2023-11-29T21:41:08.489+0000] {processor.py:157} INFO - Started process (PID=55) to work on /home/airflow/.local/lib/python3.8/site-packages/airflow/example_dags/example_branch_labels.py
[2023-11-29T21:41:08.490+0000] {processor.py:829} INFO - Processing file /home/airflow/.local/lib/python3.8/site-packages/airflow/example_dags/example_branch_labels.py for tasks to queue
[2023-11-29T21:41:08.492+0000] {logging_mixin.py:154} INFO - [2023-11-29T21:41:08.491+0000] {dagbag.py:536} INFO - Filling up the DagBag from /home/airflow/.local/lib/python3.8/site-packages/airflow/example_dags/example_branch_labels.py
[2023-11-29T21:41:08.498+0000] {processor.py:839} INFO - DAG(s) dict_keys(['example_branch_labels']) retrieved from /home/airflow/.local/lib/python3.8/site-packages/airflow/example_dags/example_branch_labels.py
[2023-11-29T21:41:08.566+0000] {logging_mixin.py:154} INFO - [2023-11-29T21:41:08.566+0000] {manager.py:499} INFO - Created Permission View: %s
[2023-11-29T21:41:08.572+0000] {logging_mixin.py:154} INFO - [2023-11-29T21:41:08.572+0000] {manager.py:499} INFO - Created Permission View: %s
[2023-11-29T21:41:08.576+0000] {logging_mixin.py:154} INFO - [2023-11-29T21:41:08.575+0000] {manager.py:499} INFO - Created Permission View: %s
[2023-11-29T21:41:08.576+0000] {logging_mixin.py:154} INFO - [2023-11-29T21:41:08.576+0000] {dag.py:2941} INFO - Sync 1 DAGs
[2023-11-29T21:41:08.582+0000] {logging_mixin.py:154} INFO - [2023-11-29T21:41:08.582+0000] {dag.py:2963} INFO - Creating ORM DAG for example_branch_labels
[2023-11-29T21:41:08.589+0000] {logging_mixin.py:154} INFO - [2023-11-29T21:41:08.589+0000] {dag.py:3722} INFO - Setting next_dagrun for example_branch_labels to 2023-11-28T00:00:00+00:00, run_after=2023-11-29T00:00:00+00:00
[2023-11-29T21:41:08.598+0000] {processor.py:179} INFO - Processing /home/airflow/.local/lib/python3.8/site-packages/airflow/example_dags/example_branch_labels.py took 0.112 seconds
[2023-11-29T21:41:39.263+0000] {processor.py:157} INFO - Started process (PID=109) to work on /home/airflow/.local/lib/python3.8/site-packages/airflow/example_dags/example_branch_labels.py
[2023-11-29T21:41:39.264+0000] {processor.py:829} INFO - Processing file /home/airflow/.local/lib/python3.8/site-packages/airflow/example_dags/example_branch_labels.py for tasks to queue
[2023-11-29T21:41:39.266+0000] {logging_mixin.py:154} INFO - [2023-11-29T21:41:39.266+0000] {dagbag.py:536} INFO - Filling up the DagBag from /home/airflow/.local/lib/python3.8/site-packages/airflow/example_dags/example_branch_labels.py
[2023-11-29T21:41:39.271+0000] {processor.py:839} INFO - DAG(s) dict_keys(['example_branch_labels']) retrieved from /home/airflow/.local/lib/python3.8/site-packages/airflow/example_dags/example_branch_labels.py
[2023-11-29T21:41:39.284+0000] {logging_mixin.py:154} INFO - [2023-11-29T21:41:39.284+0000] {dag.py:2941} INFO - Sync 1 DAGs
[2023-11-29T21:41:39.297+0000] {logging_mixin.py:154} INFO - [2023-11-29T21:41:39.297+0000] {dag.py:3722} INFO - Setting next_dagrun for example_branch_labels to 2023-11-28T00:00:00+00:00, run_after=2023-11-29T00:00:00+00:00
[2023-11-29T21:41:39.306+0000] {processor.py:179} INFO - Processing /home/airflow/.local/lib/python3.8/site-packages/airflow/example_dags/example_branch_labels.py took 0.045 seconds
[2023-11-29T21:42:09.921+0000] {processor.py:157} INFO - Started process (PID=163) to work on /home/airflow/.local/lib/python3.8/site-packages/airflow/example_dags/example_branch_labels.py
[2023-11-29T21:42:09.921+0000] {processor.py:829} INFO - Processing file /home/airflow/.local/lib/python3.8/site-packages/airflow/example_dags/example_branch_labels.py for tasks to queue
[2023-11-29T21:42:09.923+0000] {logging_mixin.py:154} INFO - [2023-11-29T21:42:09.923+0000] {dagbag.py:536} INFO - Filling up the DagBag from /home/airflow/.local/lib/python3.8/site-packages/airflow/example_dags/example_branch_labels.py
[2023-11-29T21:42:09.929+0000] {processor.py:839} INFO - DAG(s) dict_keys(['example_branch_labels']) retrieved from /home/airflow/.local/lib/python3.8/site-packages/airflow/example_dags/example_branch_labels.py
[2023-11-29T21:42:09.942+0000] {logging_mixin.py:154} INFO - [2023-11-29T21:42:09.942+0000] {dag.py:2941} INFO - Sync 1 DAGs
[2023-11-29T21:42:09.955+0000] {logging_mixin.py:154} INFO - [2023-11-29T21:42:09.955+0000] {dag.py:3722} INFO - Setting next_dagrun for example_branch_labels to 2023-11-28T00:00:00+00:00, run_after=2023-11-29T00:00:00+00:00
[2023-11-29T21:42:09.965+0000] {processor.py:179} INFO - Processing /home/airflow/.local/lib/python3.8/site-packages/airflow/example_dags/example_branch_labels.py took 0.046 seconds
[2023-11-29T21:42:40.653+0000] {processor.py:157} INFO - Started process (PID=217) to work on /home/airflow/.local/lib/python3.8/site-packages/airflow/example_dags/example_branch_labels.py
[2023-11-29T21:42:40.653+0000] {processor.py:829} INFO - Processing file /home/airflow/.local/lib/python3.8/site-packages/airflow/example_dags/example_branch_labels.py for tasks to queue
[2023-11-29T21:42:40.655+0000] {logging_mixin.py:154} INFO - [2023-11-29T21:42:40.655+0000] {dagbag.py:536} INFO - Filling up the DagBag from /home/airflow/.local/lib/python3.8/site-packages/airflow/example_dags/example_branch_labels.py
[2023-11-29T21:42:40.660+0000] {processor.py:839} INFO - DAG(s) dict_keys(['example_branch_labels']) retrieved from /home/airflow/.local/lib/python3.8/site-packages/airflow/example_dags/example_branch_labels.py
[2023-11-29T21:42:40.673+0000] {logging_mixin.py:154} INFO - [2023-11-29T21:42:40.673+0000] {dag.py:2941} INFO - Sync 1 DAGs
[2023-11-29T21:42:40.686+0000] {logging_mixin.py:154} INFO - [2023-11-29T21:42:40.686+0000] {dag.py:3722} INFO - Setting next_dagrun for example_branch_labels to 2023-11-28T00:00:00+00:00, run_after=2023-11-29T00:00:00+00:00
[2023-11-29T21:42:40.695+0000] {processor.py:179} INFO - Processing /home/airflow/.local/lib/python3.8/site-packages/airflow/example_dags/example_branch_labels.py took 0.045 seconds
[2023-11-29T21:43:10.830+0000] {processor.py:157} INFO - Started process (PID=271) to work on /home/airflow/.local/lib/python3.8/site-packages/airflow/example_dags/example_branch_labels.py
[2023-11-29T21:43:10.831+0000] {processor.py:829} INFO - Processing file /home/airflow/.local/lib/python3.8/site-packages/airflow/example_dags/example_branch_labels.py for tasks to queue
[2023-11-29T21:43:10.833+0000] {logging_mixin.py:154} INFO - [2023-11-29T21:43:10.833+0000] {dagbag.py:536} INFO - Filling up the DagBag from /home/airflow/.local/lib/python3.8/site-packages/airflow/example_dags/example_branch_labels.py
[2023-11-29T21:43:10.838+0000] {processor.py:839} INFO - DAG(s) dict_keys(['example_branch_labels']) retrieved from /home/airflow/.local/lib/python3.8/site-packages/airflow/example_dags/example_branch_labels.py
[2023-11-29T21:43:10.852+0000] {logging_mixin.py:154} INFO - [2023-11-29T21:43:10.852+0000] {dag.py:2941} INFO - Sync 1 DAGs
[2023-11-29T21:43:10.866+0000] {logging_mixin.py:154} INFO - [2023-11-29T21:43:10.866+0000] {dag.py:3722} INFO - Setting next_dagrun for example_branch_labels to 2023-11-28T00:00:00+00:00, run_after=2023-11-29T00:00:00+00:00
[2023-11-29T21:43:10.876+0000] {processor.py:179} INFO - Processing /home/airflow/.local/lib/python3.8/site-packages/airflow/example_dags/example_branch_labels.py took 0.048 seconds
[2023-11-29T21:43:40.960+0000] {processor.py:157} INFO - Started process (PID=325) to work on /home/airflow/.local/lib/python3.8/site-packages/airflow/example_dags/example_branch_labels.py
[2023-11-29T21:43:40.961+0000] {processor.py:829} INFO - Processing file /home/airflow/.local/lib/python3.8/site-packages/airflow/example_dags/example_branch_labels.py for tasks to queue
[2023-11-29T21:43:40.963+0000] {logging_mixin.py:154} INFO - [2023-11-29T21:43:40.963+0000] {dagbag.py:536} INFO - Filling up the DagBag from /home/airflow/.local/lib/python3.8/site-packages/airflow/example_dags/example_branch_labels.py
[2023-11-29T21:43:40.968+0000] {processor.py:839} INFO - DAG(s) dict_keys(['example_branch_labels']) retrieved from /home/airflow/.local/lib/python3.8/site-packages/airflow/example_dags/example_branch_labels.py
[2023-11-29T21:43:40.982+0000] {logging_mixin.py:154} INFO - [2023-11-29T21:43:40.982+0000] {dag.py:2941} INFO - Sync 1 DAGs
[2023-11-29T21:43:40.996+0000] {logging_mixin.py:154} INFO - [2023-11-29T21:43:40.995+0000] {dag.py:3722} INFO - Setting next_dagrun for example_branch_labels to 2023-11-28T00:00:00+00:00, run_after=2023-11-29T00:00:00+00:00
[2023-11-29T21:43:41.005+0000] {processor.py:179} INFO - Processing /home/airflow/.local/lib/python3.8/site-packages/airflow/example_dags/example_branch_labels.py took 0.047 seconds
[2023-11-29T21:44:11.201+0000] {processor.py:157} INFO - Started process (PID=379) to work on /home/airflow/.local/lib/python3.8/site-packages/airflow/example_dags/example_branch_labels.py
[2023-11-29T21:44:11.201+0000] {processor.py:829} INFO - Processing file /home/airflow/.local/lib/python3.8/site-packages/airflow/example_dags/example_branch_labels.py for tasks to queue
[2023-11-29T21:44:11.203+0000] {logging_mixin.py:154} INFO - [2023-11-29T21:44:11.203+0000] {dagbag.py:536} INFO - Filling up the DagBag from /home/airflow/.local/lib/python3.8/site-packages/airflow/example_dags/example_branch_labels.py
[2023-11-29T21:44:11.209+0000] {processor.py:839} INFO - DAG(s) dict_keys(['example_branch_labels']) retrieved from /home/airflow/.local/lib/python3.8/site-packages/airflow/example_dags/example_branch_labels.py
[2023-11-29T21:44:11.222+0000] {logging_mixin.py:154} INFO - [2023-11-29T21:44:11.222+0000] {dag.py:2941} INFO - Sync 1 DAGs
[2023-11-29T21:44:11.235+0000] {logging_mixin.py:154} INFO - [2023-11-29T21:44:11.235+0000] {dag.py:3722} INFO - Setting next_dagrun for example_branch_labels to 2023-11-28T00:00:00+00:00, run_after=2023-11-29T00:00:00+00:00
[2023-11-29T21:44:11.245+0000] {processor.py:179} INFO - Processing /home/airflow/.local/lib/python3.8/site-packages/airflow/example_dags/example_branch_labels.py took 0.046 seconds
[2023-11-29T21:44:41.445+0000] {processor.py:157} INFO - Started process (PID=433) to work on /home/airflow/.local/lib/python3.8/site-packages/airflow/example_dags/example_branch_labels.py
[2023-11-29T21:44:41.445+0000] {processor.py:829} INFO - Processing file /home/airflow/.local/lib/python3.8/site-packages/airflow/example_dags/example_branch_labels.py for tasks to queue
[2023-11-29T21:44:41.448+0000] {logging_mixin.py:154} INFO - [2023-11-29T21:44:41.448+0000] {dagbag.py:536} INFO - Filling up the DagBag from /home/airflow/.local/lib/python3.8/site-packages/airflow/example_dags/example_branch_labels.py
[2023-11-29T21:44:41.453+0000] {processor.py:839} INFO - DAG(s) dict_keys(['example_branch_labels']) retrieved from /home/airflow/.local/lib/python3.8/site-packages/airflow/example_dags/example_branch_labels.py
[2023-11-29T21:44:41.468+0000] {logging_mixin.py:154} INFO - [2023-11-29T21:44:41.468+0000] {dag.py:2941} INFO - Sync 1 DAGs
[2023-11-29T21:44:41.483+0000] {logging_mixin.py:154} INFO - [2023-11-29T21:44:41.482+0000] {dag.py:3722} INFO - Setting next_dagrun for example_branch_labels to 2023-11-28T00:00:00+00:00, run_after=2023-11-29T00:00:00+00:00
[2023-11-29T21:44:41.493+0000] {processor.py:179} INFO - Processing /home/airflow/.local/lib/python3.8/site-packages/airflow/example_dags/example_branch_labels.py took 0.051 seconds
[2023-11-29T21:45:11.639+0000] {processor.py:157} INFO - Started process (PID=487) to work on /home/airflow/.local/lib/python3.8/site-packages/airflow/example_dags/example_branch_labels.py
[2023-11-29T21:45:11.640+0000] {processor.py:829} INFO - Processing file /home/airflow/.local/lib/python3.8/site-packages/airflow/example_dags/example_branch_labels.py for tasks to queue
[2023-11-29T21:45:11.642+0000] {logging_mixin.py:154} INFO - [2023-11-29T21:45:11.641+0000] {dagbag.py:536} INFO - Filling up the DagBag from /home/airflow/.local/lib/python3.8/site-packages/airflow/example_dags/example_branch_labels.py
[2023-11-29T21:45:11.647+0000] {processor.py:839} INFO - DAG(s) dict_keys(['example_branch_labels']) retrieved from /home/airflow/.local/lib/python3.8/site-packages/airflow/example_dags/example_branch_labels.py
[2023-11-29T21:45:11.660+0000] {logging_mixin.py:154} INFO - [2023-11-29T21:45:11.660+0000] {dag.py:2941} INFO - Sync 1 DAGs
[2023-11-29T21:45:11.673+0000] {logging_mixin.py:154} INFO - [2023-11-29T21:45:11.673+0000] {dag.py:3722} INFO - Setting next_dagrun for example_branch_labels to 2023-11-28T00:00:00+00:00, run_after=2023-11-29T00:00:00+00:00
[2023-11-29T21:45:11.682+0000] {processor.py:179} INFO - Processing /home/airflow/.local/lib/python3.8/site-packages/airflow/example_dags/example_branch_labels.py took 0.046 seconds
[2023-11-29T21:45:41.757+0000] {processor.py:157} INFO - Started process (PID=541) to work on /home/airflow/.local/lib/python3.8/site-packages/airflow/example_dags/example_branch_labels.py
[2023-11-29T21:45:41.758+0000] {processor.py:829} INFO - Processing file /home/airflow/.local/lib/python3.8/site-packages/airflow/example_dags/example_branch_labels.py for tasks to queue
[2023-11-29T21:45:41.760+0000] {logging_mixin.py:154} INFO - [2023-11-29T21:45:41.759+0000] {dagbag.py:536} INFO - Filling up the DagBag from /home/airflow/.local/lib/python3.8/site-packages/airflow/example_dags/example_branch_labels.py
[2023-11-29T21:45:41.764+0000] {processor.py:839} INFO - DAG(s) dict_keys(['example_branch_labels']) retrieved from /home/airflow/.local/lib/python3.8/site-packages/airflow/example_dags/example_branch_labels.py
[2023-11-29T21:45:41.778+0000] {logging_mixin.py:154} INFO - [2023-11-29T21:45:41.778+0000] {dag.py:2941} INFO - Sync 1 DAGs
[2023-11-29T21:45:41.791+0000] {logging_mixin.py:154} INFO - [2023-11-29T21:45:41.791+0000] {dag.py:3722} INFO - Setting next_dagrun for example_branch_labels to 2023-11-28T00:00:00+00:00, run_after=2023-11-29T00:00:00+00:00
[2023-11-29T21:45:41.800+0000] {processor.py:179} INFO - Processing /home/airflow/.local/lib/python3.8/site-packages/airflow/example_dags/example_branch_labels.py took 0.045 seconds
[2023-11-29T21:46:12.873+0000] {processor.py:157} INFO - Started process (PID=595) to work on /home/airflow/.local/lib/python3.8/site-packages/airflow/example_dags/example_branch_labels.py
[2023-11-29T21:46:12.873+0000] {processor.py:829} INFO - Processing file /home/airflow/.local/lib/python3.8/site-packages/airflow/example_dags/example_branch_labels.py for tasks to queue
[2023-11-29T21:46:12.876+0000] {logging_mixin.py:154} INFO - [2023-11-29T21:46:12.875+0000] {dagbag.py:536} INFO - Filling up the DagBag from /home/airflow/.local/lib/python3.8/site-packages/airflow/example_dags/example_branch_labels.py
[2023-11-29T21:46:12.881+0000] {processor.py:839} INFO - DAG(s) dict_keys(['example_branch_labels']) retrieved from /home/airflow/.local/lib/python3.8/site-packages/airflow/example_dags/example_branch_labels.py
[2023-11-29T21:46:12.894+0000] {logging_mixin.py:154} INFO - [2023-11-29T21:46:12.894+0000] {dag.py:2941} INFO - Sync 1 DAGs
[2023-11-29T21:46:12.907+0000] {logging_mixin.py:154} INFO - [2023-11-29T21:46:12.907+0000] {dag.py:3722} INFO - Setting next_dagrun for example_branch_labels to 2023-11-28T00:00:00+00:00, run_after=2023-11-29T00:00:00+00:00
[2023-11-29T21:46:12.917+0000] {processor.py:179} INFO - Processing /home/airflow/.local/lib/python3.8/site-packages/airflow/example_dags/example_branch_labels.py took 0.047 seconds
[2023-11-29T21:46:43.948+0000] {processor.py:157} INFO - Started process (PID=649) to work on /home/airflow/.local/lib/python3.8/site-packages/airflow/example_dags/example_branch_labels.py
[2023-11-29T21:46:43.949+0000] {processor.py:829} INFO - Processing file /home/airflow/.local/lib/python3.8/site-packages/airflow/example_dags/example_branch_labels.py for tasks to queue
[2023-11-29T21:46:43.951+0000] {logging_mixin.py:154} INFO - [2023-11-29T21:46:43.951+0000] {dagbag.py:536} INFO - Filling up the DagBag from /home/airflow/.local/lib/python3.8/site-packages/airflow/example_dags/example_branch_labels.py
[2023-11-29T21:46:43.956+0000] {processor.py:839} INFO - DAG(s) dict_keys(['example_branch_labels']) retrieved from /home/airflow/.local/lib/python3.8/site-packages/airflow/example_dags/example_branch_labels.py
[2023-11-29T21:46:43.970+0000] {logging_mixin.py:154} INFO - [2023-11-29T21:46:43.969+0000] {dag.py:2941} INFO - Sync 1 DAGs
[2023-11-29T21:46:43.982+0000] {logging_mixin.py:154} INFO - [2023-11-29T21:46:43.982+0000] {dag.py:3722} INFO - Setting next_dagrun for example_branch_labels to 2023-11-28T00:00:00+00:00, run_after=2023-11-29T00:00:00+00:00
[2023-11-29T21:46:43.992+0000] {processor.py:179} INFO - Processing /home/airflow/.local/lib/python3.8/site-packages/airflow/example_dags/example_branch_labels.py took 0.047 seconds
[2023-11-29T21:47:14.052+0000] {processor.py:157} INFO - Started process (PID=703) to work on /home/airflow/.local/lib/python3.8/site-packages/airflow/example_dags/example_branch_labels.py
[2023-11-29T21:47:14.053+0000] {processor.py:829} INFO - Processing file /home/airflow/.local/lib/python3.8/site-packages/airflow/example_dags/example_branch_labels.py for tasks to queue
[2023-11-29T21:47:14.054+0000] {logging_mixin.py:154} INFO - [2023-11-29T21:47:14.054+0000] {dagbag.py:536} INFO - Filling up the DagBag from /home/airflow/.local/lib/python3.8/site-packages/airflow/example_dags/example_branch_labels.py
[2023-11-29T21:47:14.059+0000] {processor.py:839} INFO - DAG(s) dict_keys(['example_branch_labels']) retrieved from /home/airflow/.local/lib/python3.8/site-packages/airflow/example_dags/example_branch_labels.py
[2023-11-29T21:47:14.073+0000] {logging_mixin.py:154} INFO - [2023-11-29T21:47:14.072+0000] {dag.py:2941} INFO - Sync 1 DAGs
[2023-11-29T21:47:14.085+0000] {logging_mixin.py:154} INFO - [2023-11-29T21:47:14.085+0000] {dag.py:3722} INFO - Setting next_dagrun for example_branch_labels to 2023-11-28T00:00:00+00:00, run_after=2023-11-29T00:00:00+00:00
[2023-11-29T21:47:14.095+0000] {processor.py:179} INFO - Processing /home/airflow/.local/lib/python3.8/site-packages/airflow/example_dags/example_branch_labels.py took 0.045 seconds
[2023-11-29T21:47:44.271+0000] {processor.py:157} INFO - Started process (PID=757) to work on /home/airflow/.local/lib/python3.8/site-packages/airflow/example_dags/example_branch_labels.py
[2023-11-29T21:47:44.272+0000] {processor.py:829} INFO - Processing file /home/airflow/.local/lib/python3.8/site-packages/airflow/example_dags/example_branch_labels.py for tasks to queue
[2023-11-29T21:47:44.274+0000] {logging_mixin.py:154} INFO - [2023-11-29T21:47:44.274+0000] {dagbag.py:536} INFO - Filling up the DagBag from /home/airflow/.local/lib/python3.8/site-packages/airflow/example_dags/example_branch_labels.py
[2023-11-29T21:47:44.280+0000] {processor.py:839} INFO - DAG(s) dict_keys(['example_branch_labels']) retrieved from /home/airflow/.local/lib/python3.8/site-packages/airflow/example_dags/example_branch_labels.py
[2023-11-29T21:47:44.293+0000] {logging_mixin.py:154} INFO - [2023-11-29T21:47:44.293+0000] {dag.py:2941} INFO - Sync 1 DAGs
[2023-11-29T21:47:44.306+0000] {logging_mixin.py:154} INFO - [2023-11-29T21:47:44.306+0000] {dag.py:3722} INFO - Setting next_dagrun for example_branch_labels to 2023-11-28T00:00:00+00:00, run_after=2023-11-29T00:00:00+00:00
[2023-11-29T21:47:44.315+0000] {processor.py:179} INFO - Processing /home/airflow/.local/lib/python3.8/site-packages/airflow/example_dags/example_branch_labels.py took 0.046 seconds
