[2023-11-29T20:51:38.326+0000] {processor.py:157} INFO - Started process (PID=42) to work on /home/airflow/.local/lib/python3.8/site-packages/airflow/example_dags/example_skip_dag.py
[2023-11-29T20:51:38.327+0000] {processor.py:829} INFO - Processing file /home/airflow/.local/lib/python3.8/site-packages/airflow/example_dags/example_skip_dag.py for tasks to queue
[2023-11-29T20:51:38.330+0000] {logging_mixin.py:154} INFO - [2023-11-29T20:51:38.330+0000] {dagbag.py:536} INFO - Filling up the DagBag from /home/airflow/.local/lib/python3.8/site-packages/airflow/example_dags/example_skip_dag.py
[2023-11-29T20:51:38.337+0000] {processor.py:839} INFO - DAG(s) dict_keys(['example_skip_dag']) retrieved from /home/airflow/.local/lib/python3.8/site-packages/airflow/example_dags/example_skip_dag.py
[2023-11-29T20:51:38.417+0000] {logging_mixin.py:154} INFO - [2023-11-29T20:51:38.416+0000] {dag.py:2941} INFO - Sync 1 DAGs
[2023-11-29T20:51:38.432+0000] {logging_mixin.py:154} INFO - [2023-11-29T20:51:38.431+0000] {dag.py:3722} INFO - Setting next_dagrun for example_skip_dag to 2023-11-28T20:51:38.431624+00:00, run_after=2023-11-29T20:51:38.431624+00:00
[2023-11-29T20:51:38.445+0000] {processor.py:179} INFO - Processing /home/airflow/.local/lib/python3.8/site-packages/airflow/example_dags/example_skip_dag.py took 0.122 seconds
[2023-11-29T20:52:09.342+0000] {processor.py:157} INFO - Started process (PID=96) to work on /home/airflow/.local/lib/python3.8/site-packages/airflow/example_dags/example_skip_dag.py
[2023-11-29T20:52:09.343+0000] {processor.py:829} INFO - Processing file /home/airflow/.local/lib/python3.8/site-packages/airflow/example_dags/example_skip_dag.py for tasks to queue
[2023-11-29T20:52:09.345+0000] {logging_mixin.py:154} INFO - [2023-11-29T20:52:09.345+0000] {dagbag.py:536} INFO - Filling up the DagBag from /home/airflow/.local/lib/python3.8/site-packages/airflow/example_dags/example_skip_dag.py
[2023-11-29T20:52:09.351+0000] {processor.py:839} INFO - DAG(s) dict_keys(['example_skip_dag']) retrieved from /home/airflow/.local/lib/python3.8/site-packages/airflow/example_dags/example_skip_dag.py
[2023-11-29T20:52:09.361+0000] {logging_mixin.py:154} INFO - [2023-11-29T20:52:09.360+0000] {dag.py:2941} INFO - Sync 1 DAGs
[2023-11-29T20:52:09.376+0000] {logging_mixin.py:154} INFO - [2023-11-29T20:52:09.376+0000] {dag.py:3722} INFO - Setting next_dagrun for example_skip_dag to 2023-11-28T20:52:09.376005+00:00, run_after=2023-11-29T20:52:09.376005+00:00
[2023-11-29T20:52:09.387+0000] {processor.py:179} INFO - Processing /home/airflow/.local/lib/python3.8/site-packages/airflow/example_dags/example_skip_dag.py took 0.049 seconds
[2023-11-29T20:52:40.127+0000] {processor.py:157} INFO - Started process (PID=150) to work on /home/airflow/.local/lib/python3.8/site-packages/airflow/example_dags/example_skip_dag.py
[2023-11-29T20:52:40.128+0000] {processor.py:829} INFO - Processing file /home/airflow/.local/lib/python3.8/site-packages/airflow/example_dags/example_skip_dag.py for tasks to queue
[2023-11-29T20:52:40.131+0000] {logging_mixin.py:154} INFO - [2023-11-29T20:52:40.130+0000] {dagbag.py:536} INFO - Filling up the DagBag from /home/airflow/.local/lib/python3.8/site-packages/airflow/example_dags/example_skip_dag.py
[2023-11-29T20:52:40.137+0000] {processor.py:839} INFO - DAG(s) dict_keys(['example_skip_dag']) retrieved from /home/airflow/.local/lib/python3.8/site-packages/airflow/example_dags/example_skip_dag.py
[2023-11-29T20:52:40.152+0000] {logging_mixin.py:154} INFO - [2023-11-29T20:52:40.152+0000] {dag.py:2941} INFO - Sync 1 DAGs
[2023-11-29T20:52:40.165+0000] {logging_mixin.py:154} INFO - [2023-11-29T20:52:40.165+0000] {dag.py:3722} INFO - Setting next_dagrun for example_skip_dag to 2023-11-28T20:52:40.165032+00:00, run_after=2023-11-29T20:52:40.165032+00:00
[2023-11-29T20:52:40.174+0000] {processor.py:179} INFO - Processing /home/airflow/.local/lib/python3.8/site-packages/airflow/example_dags/example_skip_dag.py took 0.050 seconds
[2023-11-29T20:53:10.278+0000] {processor.py:157} INFO - Started process (PID=204) to work on /home/airflow/.local/lib/python3.8/site-packages/airflow/example_dags/example_skip_dag.py
[2023-11-29T20:53:10.280+0000] {processor.py:829} INFO - Processing file /home/airflow/.local/lib/python3.8/site-packages/airflow/example_dags/example_skip_dag.py for tasks to queue
[2023-11-29T20:53:10.282+0000] {logging_mixin.py:154} INFO - [2023-11-29T20:53:10.282+0000] {dagbag.py:536} INFO - Filling up the DagBag from /home/airflow/.local/lib/python3.8/site-packages/airflow/example_dags/example_skip_dag.py
[2023-11-29T20:53:10.288+0000] {processor.py:839} INFO - DAG(s) dict_keys(['example_skip_dag']) retrieved from /home/airflow/.local/lib/python3.8/site-packages/airflow/example_dags/example_skip_dag.py
[2023-11-29T20:53:10.303+0000] {logging_mixin.py:154} INFO - [2023-11-29T20:53:10.303+0000] {dag.py:2941} INFO - Sync 1 DAGs
[2023-11-29T20:53:10.316+0000] {logging_mixin.py:154} INFO - [2023-11-29T20:53:10.316+0000] {dag.py:3722} INFO - Setting next_dagrun for example_skip_dag to 2023-11-28T20:53:10.315871+00:00, run_after=2023-11-29T20:53:10.315871+00:00
[2023-11-29T20:53:10.325+0000] {processor.py:179} INFO - Processing /home/airflow/.local/lib/python3.8/site-packages/airflow/example_dags/example_skip_dag.py took 0.050 seconds
[2023-11-29T20:53:40.415+0000] {processor.py:157} INFO - Started process (PID=258) to work on /home/airflow/.local/lib/python3.8/site-packages/airflow/example_dags/example_skip_dag.py
[2023-11-29T20:53:40.416+0000] {processor.py:829} INFO - Processing file /home/airflow/.local/lib/python3.8/site-packages/airflow/example_dags/example_skip_dag.py for tasks to queue
[2023-11-29T20:53:40.418+0000] {logging_mixin.py:154} INFO - [2023-11-29T20:53:40.418+0000] {dagbag.py:536} INFO - Filling up the DagBag from /home/airflow/.local/lib/python3.8/site-packages/airflow/example_dags/example_skip_dag.py
[2023-11-29T20:53:40.423+0000] {processor.py:839} INFO - DAG(s) dict_keys(['example_skip_dag']) retrieved from /home/airflow/.local/lib/python3.8/site-packages/airflow/example_dags/example_skip_dag.py
[2023-11-29T20:53:40.436+0000] {logging_mixin.py:154} INFO - [2023-11-29T20:53:40.436+0000] {dag.py:2941} INFO - Sync 1 DAGs
[2023-11-29T20:53:40.451+0000] {logging_mixin.py:154} INFO - [2023-11-29T20:53:40.450+0000] {dag.py:3722} INFO - Setting next_dagrun for example_skip_dag to 2023-11-28T20:53:40.450770+00:00, run_after=2023-11-29T20:53:40.450770+00:00
[2023-11-29T20:53:40.461+0000] {processor.py:179} INFO - Processing /home/airflow/.local/lib/python3.8/site-packages/airflow/example_dags/example_skip_dag.py took 0.049 seconds
[2023-11-29T20:54:10.524+0000] {processor.py:157} INFO - Started process (PID=312) to work on /home/airflow/.local/lib/python3.8/site-packages/airflow/example_dags/example_skip_dag.py
[2023-11-29T20:54:10.526+0000] {processor.py:829} INFO - Processing file /home/airflow/.local/lib/python3.8/site-packages/airflow/example_dags/example_skip_dag.py for tasks to queue
[2023-11-29T20:54:10.528+0000] {logging_mixin.py:154} INFO - [2023-11-29T20:54:10.528+0000] {dagbag.py:536} INFO - Filling up the DagBag from /home/airflow/.local/lib/python3.8/site-packages/airflow/example_dags/example_skip_dag.py
[2023-11-29T20:54:10.535+0000] {processor.py:839} INFO - DAG(s) dict_keys(['example_skip_dag']) retrieved from /home/airflow/.local/lib/python3.8/site-packages/airflow/example_dags/example_skip_dag.py
[2023-11-29T20:54:10.551+0000] {logging_mixin.py:154} INFO - [2023-11-29T20:54:10.551+0000] {dag.py:2941} INFO - Sync 1 DAGs
[2023-11-29T20:54:10.564+0000] {logging_mixin.py:154} INFO - [2023-11-29T20:54:10.564+0000] {dag.py:3722} INFO - Setting next_dagrun for example_skip_dag to 2023-11-28T20:54:10.563968+00:00, run_after=2023-11-29T20:54:10.563968+00:00
[2023-11-29T20:54:10.573+0000] {processor.py:179} INFO - Processing /home/airflow/.local/lib/python3.8/site-packages/airflow/example_dags/example_skip_dag.py took 0.054 seconds
[2023-11-29T20:54:40.634+0000] {processor.py:157} INFO - Started process (PID=366) to work on /home/airflow/.local/lib/python3.8/site-packages/airflow/example_dags/example_skip_dag.py
[2023-11-29T20:54:40.635+0000] {processor.py:829} INFO - Processing file /home/airflow/.local/lib/python3.8/site-packages/airflow/example_dags/example_skip_dag.py for tasks to queue
[2023-11-29T20:54:40.637+0000] {logging_mixin.py:154} INFO - [2023-11-29T20:54:40.637+0000] {dagbag.py:536} INFO - Filling up the DagBag from /home/airflow/.local/lib/python3.8/site-packages/airflow/example_dags/example_skip_dag.py
[2023-11-29T20:54:40.642+0000] {processor.py:839} INFO - DAG(s) dict_keys(['example_skip_dag']) retrieved from /home/airflow/.local/lib/python3.8/site-packages/airflow/example_dags/example_skip_dag.py
[2023-11-29T20:54:40.657+0000] {logging_mixin.py:154} INFO - [2023-11-29T20:54:40.656+0000] {dag.py:2941} INFO - Sync 1 DAGs
[2023-11-29T20:54:40.669+0000] {logging_mixin.py:154} INFO - [2023-11-29T20:54:40.669+0000] {dag.py:3722} INFO - Setting next_dagrun for example_skip_dag to 2023-11-28T20:54:40.669093+00:00, run_after=2023-11-29T20:54:40.669093+00:00
[2023-11-29T20:54:40.678+0000] {processor.py:179} INFO - Processing /home/airflow/.local/lib/python3.8/site-packages/airflow/example_dags/example_skip_dag.py took 0.048 seconds
[2023-11-29T20:55:10.706+0000] {processor.py:157} INFO - Started process (PID=420) to work on /home/airflow/.local/lib/python3.8/site-packages/airflow/example_dags/example_skip_dag.py
[2023-11-29T20:55:10.706+0000] {processor.py:829} INFO - Processing file /home/airflow/.local/lib/python3.8/site-packages/airflow/example_dags/example_skip_dag.py for tasks to queue
[2023-11-29T20:55:10.708+0000] {logging_mixin.py:154} INFO - [2023-11-29T20:55:10.708+0000] {dagbag.py:536} INFO - Filling up the DagBag from /home/airflow/.local/lib/python3.8/site-packages/airflow/example_dags/example_skip_dag.py
[2023-11-29T20:55:10.712+0000] {processor.py:839} INFO - DAG(s) dict_keys(['example_skip_dag']) retrieved from /home/airflow/.local/lib/python3.8/site-packages/airflow/example_dags/example_skip_dag.py
[2023-11-29T20:55:10.724+0000] {logging_mixin.py:154} INFO - [2023-11-29T20:55:10.724+0000] {dag.py:2941} INFO - Sync 1 DAGs
[2023-11-29T20:55:10.736+0000] {logging_mixin.py:154} INFO - [2023-11-29T20:55:10.736+0000] {dag.py:3722} INFO - Setting next_dagrun for example_skip_dag to 2023-11-28T20:55:10.736489+00:00, run_after=2023-11-29T20:55:10.736489+00:00
[2023-11-29T20:55:10.747+0000] {processor.py:179} INFO - Processing /home/airflow/.local/lib/python3.8/site-packages/airflow/example_dags/example_skip_dag.py took 0.043 seconds
[2023-11-29T20:55:40.790+0000] {processor.py:157} INFO - Started process (PID=474) to work on /home/airflow/.local/lib/python3.8/site-packages/airflow/example_dags/example_skip_dag.py
[2023-11-29T20:55:40.791+0000] {processor.py:829} INFO - Processing file /home/airflow/.local/lib/python3.8/site-packages/airflow/example_dags/example_skip_dag.py for tasks to queue
[2023-11-29T20:55:40.792+0000] {logging_mixin.py:154} INFO - [2023-11-29T20:55:40.792+0000] {dagbag.py:536} INFO - Filling up the DagBag from /home/airflow/.local/lib/python3.8/site-packages/airflow/example_dags/example_skip_dag.py
[2023-11-29T20:55:40.796+0000] {processor.py:839} INFO - DAG(s) dict_keys(['example_skip_dag']) retrieved from /home/airflow/.local/lib/python3.8/site-packages/airflow/example_dags/example_skip_dag.py
[2023-11-29T20:55:40.809+0000] {logging_mixin.py:154} INFO - [2023-11-29T20:55:40.808+0000] {dag.py:2941} INFO - Sync 1 DAGs
[2023-11-29T20:55:40.821+0000] {logging_mixin.py:154} INFO - [2023-11-29T20:55:40.821+0000] {dag.py:3722} INFO - Setting next_dagrun for example_skip_dag to 2023-11-28T20:55:40.820905+00:00, run_after=2023-11-29T20:55:40.820905+00:00
[2023-11-29T20:55:40.831+0000] {processor.py:179} INFO - Processing /home/airflow/.local/lib/python3.8/site-packages/airflow/example_dags/example_skip_dag.py took 0.043 seconds
[2023-11-29T20:56:10.967+0000] {processor.py:157} INFO - Started process (PID=528) to work on /home/airflow/.local/lib/python3.8/site-packages/airflow/example_dags/example_skip_dag.py
[2023-11-29T20:56:10.968+0000] {processor.py:829} INFO - Processing file /home/airflow/.local/lib/python3.8/site-packages/airflow/example_dags/example_skip_dag.py for tasks to queue
[2023-11-29T20:56:10.971+0000] {logging_mixin.py:154} INFO - [2023-11-29T20:56:10.971+0000] {dagbag.py:536} INFO - Filling up the DagBag from /home/airflow/.local/lib/python3.8/site-packages/airflow/example_dags/example_skip_dag.py
[2023-11-29T20:56:10.978+0000] {processor.py:839} INFO - DAG(s) dict_keys(['example_skip_dag']) retrieved from /home/airflow/.local/lib/python3.8/site-packages/airflow/example_dags/example_skip_dag.py
[2023-11-29T20:56:10.993+0000] {logging_mixin.py:154} INFO - [2023-11-29T20:56:10.993+0000] {dag.py:2941} INFO - Sync 1 DAGs
[2023-11-29T20:56:11.006+0000] {logging_mixin.py:154} INFO - [2023-11-29T20:56:11.006+0000] {dag.py:3722} INFO - Setting next_dagrun for example_skip_dag to 2023-11-28T20:56:11.006636+00:00, run_after=2023-11-29T20:56:11.006636+00:00
[2023-11-29T20:56:11.016+0000] {processor.py:179} INFO - Processing /home/airflow/.local/lib/python3.8/site-packages/airflow/example_dags/example_skip_dag.py took 0.053 seconds
[2023-11-29T20:56:41.895+0000] {processor.py:157} INFO - Started process (PID=582) to work on /home/airflow/.local/lib/python3.8/site-packages/airflow/example_dags/example_skip_dag.py
[2023-11-29T20:56:41.896+0000] {processor.py:829} INFO - Processing file /home/airflow/.local/lib/python3.8/site-packages/airflow/example_dags/example_skip_dag.py for tasks to queue
[2023-11-29T20:56:41.898+0000] {logging_mixin.py:154} INFO - [2023-11-29T20:56:41.898+0000] {dagbag.py:536} INFO - Filling up the DagBag from /home/airflow/.local/lib/python3.8/site-packages/airflow/example_dags/example_skip_dag.py
[2023-11-29T20:56:41.902+0000] {processor.py:839} INFO - DAG(s) dict_keys(['example_skip_dag']) retrieved from /home/airflow/.local/lib/python3.8/site-packages/airflow/example_dags/example_skip_dag.py
[2023-11-29T20:56:41.915+0000] {logging_mixin.py:154} INFO - [2023-11-29T20:56:41.914+0000] {dag.py:2941} INFO - Sync 1 DAGs
[2023-11-29T20:56:41.926+0000] {logging_mixin.py:154} INFO - [2023-11-29T20:56:41.926+0000] {dag.py:3722} INFO - Setting next_dagrun for example_skip_dag to 2023-11-28T20:56:41.926311+00:00, run_after=2023-11-29T20:56:41.926311+00:00
[2023-11-29T20:56:41.937+0000] {processor.py:179} INFO - Processing /home/airflow/.local/lib/python3.8/site-packages/airflow/example_dags/example_skip_dag.py took 0.045 seconds
[2023-11-29T20:57:11.992+0000] {processor.py:157} INFO - Started process (PID=636) to work on /home/airflow/.local/lib/python3.8/site-packages/airflow/example_dags/example_skip_dag.py
[2023-11-29T20:57:11.992+0000] {processor.py:829} INFO - Processing file /home/airflow/.local/lib/python3.8/site-packages/airflow/example_dags/example_skip_dag.py for tasks to queue
[2023-11-29T20:57:11.994+0000] {logging_mixin.py:154} INFO - [2023-11-29T20:57:11.993+0000] {dagbag.py:536} INFO - Filling up the DagBag from /home/airflow/.local/lib/python3.8/site-packages/airflow/example_dags/example_skip_dag.py
[2023-11-29T20:57:11.998+0000] {processor.py:839} INFO - DAG(s) dict_keys(['example_skip_dag']) retrieved from /home/airflow/.local/lib/python3.8/site-packages/airflow/example_dags/example_skip_dag.py
[2023-11-29T20:57:12.010+0000] {logging_mixin.py:154} INFO - [2023-11-29T20:57:12.010+0000] {dag.py:2941} INFO - Sync 1 DAGs
[2023-11-29T20:57:12.021+0000] {logging_mixin.py:154} INFO - [2023-11-29T20:57:12.020+0000] {dag.py:3722} INFO - Setting next_dagrun for example_skip_dag to 2023-11-28T20:57:12.020810+00:00, run_after=2023-11-29T20:57:12.020810+00:00
[2023-11-29T20:57:12.029+0000] {processor.py:179} INFO - Processing /home/airflow/.local/lib/python3.8/site-packages/airflow/example_dags/example_skip_dag.py took 0.040 seconds
[2023-11-29T20:57:42.118+0000] {processor.py:157} INFO - Started process (PID=690) to work on /home/airflow/.local/lib/python3.8/site-packages/airflow/example_dags/example_skip_dag.py
[2023-11-29T20:57:42.119+0000] {processor.py:829} INFO - Processing file /home/airflow/.local/lib/python3.8/site-packages/airflow/example_dags/example_skip_dag.py for tasks to queue
[2023-11-29T20:57:42.120+0000] {logging_mixin.py:154} INFO - [2023-11-29T20:57:42.120+0000] {dagbag.py:536} INFO - Filling up the DagBag from /home/airflow/.local/lib/python3.8/site-packages/airflow/example_dags/example_skip_dag.py
[2023-11-29T20:57:42.124+0000] {processor.py:839} INFO - DAG(s) dict_keys(['example_skip_dag']) retrieved from /home/airflow/.local/lib/python3.8/site-packages/airflow/example_dags/example_skip_dag.py
[2023-11-29T20:57:42.137+0000] {logging_mixin.py:154} INFO - [2023-11-29T20:57:42.137+0000] {dag.py:2941} INFO - Sync 1 DAGs
[2023-11-29T20:57:42.150+0000] {logging_mixin.py:154} INFO - [2023-11-29T20:57:42.150+0000] {dag.py:3722} INFO - Setting next_dagrun for example_skip_dag to 2023-11-28T20:57:42.150654+00:00, run_after=2023-11-29T20:57:42.150654+00:00
[2023-11-29T20:57:42.161+0000] {processor.py:179} INFO - Processing /home/airflow/.local/lib/python3.8/site-packages/airflow/example_dags/example_skip_dag.py took 0.045 seconds
[2023-11-29T20:58:12.250+0000] {processor.py:157} INFO - Started process (PID=744) to work on /home/airflow/.local/lib/python3.8/site-packages/airflow/example_dags/example_skip_dag.py
[2023-11-29T20:58:12.251+0000] {processor.py:829} INFO - Processing file /home/airflow/.local/lib/python3.8/site-packages/airflow/example_dags/example_skip_dag.py for tasks to queue
[2023-11-29T20:58:12.253+0000] {logging_mixin.py:154} INFO - [2023-11-29T20:58:12.253+0000] {dagbag.py:536} INFO - Filling up the DagBag from /home/airflow/.local/lib/python3.8/site-packages/airflow/example_dags/example_skip_dag.py
[2023-11-29T20:58:12.257+0000] {processor.py:839} INFO - DAG(s) dict_keys(['example_skip_dag']) retrieved from /home/airflow/.local/lib/python3.8/site-packages/airflow/example_dags/example_skip_dag.py
[2023-11-29T20:58:12.270+0000] {logging_mixin.py:154} INFO - [2023-11-29T20:58:12.270+0000] {dag.py:2941} INFO - Sync 1 DAGs
[2023-11-29T20:58:12.284+0000] {logging_mixin.py:154} INFO - [2023-11-29T20:58:12.283+0000] {dag.py:3722} INFO - Setting next_dagrun for example_skip_dag to 2023-11-28T20:58:12.283729+00:00, run_after=2023-11-29T20:58:12.283729+00:00
[2023-11-29T20:58:12.293+0000] {processor.py:179} INFO - Processing /home/airflow/.local/lib/python3.8/site-packages/airflow/example_dags/example_skip_dag.py took 0.045 seconds
[2023-11-29T20:58:42.361+0000] {processor.py:157} INFO - Started process (PID=798) to work on /home/airflow/.local/lib/python3.8/site-packages/airflow/example_dags/example_skip_dag.py
[2023-11-29T20:58:42.362+0000] {processor.py:829} INFO - Processing file /home/airflow/.local/lib/python3.8/site-packages/airflow/example_dags/example_skip_dag.py for tasks to queue
[2023-11-29T20:58:42.363+0000] {logging_mixin.py:154} INFO - [2023-11-29T20:58:42.363+0000] {dagbag.py:536} INFO - Filling up the DagBag from /home/airflow/.local/lib/python3.8/site-packages/airflow/example_dags/example_skip_dag.py
[2023-11-29T20:58:42.367+0000] {processor.py:839} INFO - DAG(s) dict_keys(['example_skip_dag']) retrieved from /home/airflow/.local/lib/python3.8/site-packages/airflow/example_dags/example_skip_dag.py
[2023-11-29T20:58:42.380+0000] {logging_mixin.py:154} INFO - [2023-11-29T20:58:42.380+0000] {dag.py:2941} INFO - Sync 1 DAGs
[2023-11-29T20:58:42.393+0000] {logging_mixin.py:154} INFO - [2023-11-29T20:58:42.392+0000] {dag.py:3722} INFO - Setting next_dagrun for example_skip_dag to 2023-11-28T20:58:42.392789+00:00, run_after=2023-11-29T20:58:42.392789+00:00
[2023-11-29T20:58:42.403+0000] {processor.py:179} INFO - Processing /home/airflow/.local/lib/python3.8/site-packages/airflow/example_dags/example_skip_dag.py took 0.045 seconds
[2023-11-29T20:59:13.296+0000] {processor.py:157} INFO - Started process (PID=852) to work on /home/airflow/.local/lib/python3.8/site-packages/airflow/example_dags/example_skip_dag.py
[2023-11-29T20:59:13.297+0000] {processor.py:829} INFO - Processing file /home/airflow/.local/lib/python3.8/site-packages/airflow/example_dags/example_skip_dag.py for tasks to queue
[2023-11-29T20:59:13.298+0000] {logging_mixin.py:154} INFO - [2023-11-29T20:59:13.298+0000] {dagbag.py:536} INFO - Filling up the DagBag from /home/airflow/.local/lib/python3.8/site-packages/airflow/example_dags/example_skip_dag.py
[2023-11-29T20:59:13.303+0000] {processor.py:839} INFO - DAG(s) dict_keys(['example_skip_dag']) retrieved from /home/airflow/.local/lib/python3.8/site-packages/airflow/example_dags/example_skip_dag.py
[2023-11-29T20:59:13.315+0000] {logging_mixin.py:154} INFO - [2023-11-29T20:59:13.315+0000] {dag.py:2941} INFO - Sync 1 DAGs
[2023-11-29T20:59:13.328+0000] {logging_mixin.py:154} INFO - [2023-11-29T20:59:13.328+0000] {dag.py:3722} INFO - Setting next_dagrun for example_skip_dag to 2023-11-28T20:59:13.327935+00:00, run_after=2023-11-29T20:59:13.327935+00:00
[2023-11-29T20:59:13.338+0000] {processor.py:179} INFO - Processing /home/airflow/.local/lib/python3.8/site-packages/airflow/example_dags/example_skip_dag.py took 0.043 seconds
[2023-11-29T20:59:44.166+0000] {processor.py:157} INFO - Started process (PID=906) to work on /home/airflow/.local/lib/python3.8/site-packages/airflow/example_dags/example_skip_dag.py
[2023-11-29T20:59:44.167+0000] {processor.py:829} INFO - Processing file /home/airflow/.local/lib/python3.8/site-packages/airflow/example_dags/example_skip_dag.py for tasks to queue
[2023-11-29T20:59:44.168+0000] {logging_mixin.py:154} INFO - [2023-11-29T20:59:44.168+0000] {dagbag.py:536} INFO - Filling up the DagBag from /home/airflow/.local/lib/python3.8/site-packages/airflow/example_dags/example_skip_dag.py
[2023-11-29T20:59:44.172+0000] {processor.py:839} INFO - DAG(s) dict_keys(['example_skip_dag']) retrieved from /home/airflow/.local/lib/python3.8/site-packages/airflow/example_dags/example_skip_dag.py
[2023-11-29T20:59:44.186+0000] {logging_mixin.py:154} INFO - [2023-11-29T20:59:44.185+0000] {dag.py:2941} INFO - Sync 1 DAGs
[2023-11-29T20:59:44.198+0000] {logging_mixin.py:154} INFO - [2023-11-29T20:59:44.198+0000] {dag.py:3722} INFO - Setting next_dagrun for example_skip_dag to 2023-11-28T20:59:44.198226+00:00, run_after=2023-11-29T20:59:44.198226+00:00
[2023-11-29T20:59:44.208+0000] {processor.py:179} INFO - Processing /home/airflow/.local/lib/python3.8/site-packages/airflow/example_dags/example_skip_dag.py took 0.044 seconds
[2023-11-29T21:00:14.965+0000] {processor.py:157} INFO - Started process (PID=960) to work on /home/airflow/.local/lib/python3.8/site-packages/airflow/example_dags/example_skip_dag.py
[2023-11-29T21:00:14.966+0000] {processor.py:829} INFO - Processing file /home/airflow/.local/lib/python3.8/site-packages/airflow/example_dags/example_skip_dag.py for tasks to queue
[2023-11-29T21:00:14.967+0000] {logging_mixin.py:154} INFO - [2023-11-29T21:00:14.967+0000] {dagbag.py:536} INFO - Filling up the DagBag from /home/airflow/.local/lib/python3.8/site-packages/airflow/example_dags/example_skip_dag.py
[2023-11-29T21:00:14.972+0000] {processor.py:839} INFO - DAG(s) dict_keys(['example_skip_dag']) retrieved from /home/airflow/.local/lib/python3.8/site-packages/airflow/example_dags/example_skip_dag.py
[2023-11-29T21:00:14.985+0000] {logging_mixin.py:154} INFO - [2023-11-29T21:00:14.985+0000] {dag.py:2941} INFO - Sync 1 DAGs
[2023-11-29T21:00:14.997+0000] {logging_mixin.py:154} INFO - [2023-11-29T21:00:14.997+0000] {dag.py:3722} INFO - Setting next_dagrun for example_skip_dag to 2023-11-28T21:00:14.997144+00:00, run_after=2023-11-29T21:00:14.997144+00:00
[2023-11-29T21:00:15.007+0000] {processor.py:179} INFO - Processing /home/airflow/.local/lib/python3.8/site-packages/airflow/example_dags/example_skip_dag.py took 0.044 seconds
[2023-11-29T21:00:45.866+0000] {processor.py:157} INFO - Started process (PID=1014) to work on /home/airflow/.local/lib/python3.8/site-packages/airflow/example_dags/example_skip_dag.py
[2023-11-29T21:00:45.866+0000] {processor.py:829} INFO - Processing file /home/airflow/.local/lib/python3.8/site-packages/airflow/example_dags/example_skip_dag.py for tasks to queue
[2023-11-29T21:00:45.868+0000] {logging_mixin.py:154} INFO - [2023-11-29T21:00:45.867+0000] {dagbag.py:536} INFO - Filling up the DagBag from /home/airflow/.local/lib/python3.8/site-packages/airflow/example_dags/example_skip_dag.py
[2023-11-29T21:00:45.872+0000] {processor.py:839} INFO - DAG(s) dict_keys(['example_skip_dag']) retrieved from /home/airflow/.local/lib/python3.8/site-packages/airflow/example_dags/example_skip_dag.py
[2023-11-29T21:00:45.885+0000] {logging_mixin.py:154} INFO - [2023-11-29T21:00:45.885+0000] {dag.py:2941} INFO - Sync 1 DAGs
[2023-11-29T21:00:45.897+0000] {logging_mixin.py:154} INFO - [2023-11-29T21:00:45.897+0000] {dag.py:3722} INFO - Setting next_dagrun for example_skip_dag to 2023-11-28T21:00:45.897255+00:00, run_after=2023-11-29T21:00:45.897255+00:00
[2023-11-29T21:00:45.907+0000] {processor.py:179} INFO - Processing /home/airflow/.local/lib/python3.8/site-packages/airflow/example_dags/example_skip_dag.py took 0.044 seconds
[2023-11-29T21:01:16.845+0000] {processor.py:157} INFO - Started process (PID=1068) to work on /home/airflow/.local/lib/python3.8/site-packages/airflow/example_dags/example_skip_dag.py
[2023-11-29T21:01:16.846+0000] {processor.py:829} INFO - Processing file /home/airflow/.local/lib/python3.8/site-packages/airflow/example_dags/example_skip_dag.py for tasks to queue
[2023-11-29T21:01:16.847+0000] {logging_mixin.py:154} INFO - [2023-11-29T21:01:16.847+0000] {dagbag.py:536} INFO - Filling up the DagBag from /home/airflow/.local/lib/python3.8/site-packages/airflow/example_dags/example_skip_dag.py
[2023-11-29T21:01:16.852+0000] {processor.py:839} INFO - DAG(s) dict_keys(['example_skip_dag']) retrieved from /home/airflow/.local/lib/python3.8/site-packages/airflow/example_dags/example_skip_dag.py
[2023-11-29T21:01:16.865+0000] {logging_mixin.py:154} INFO - [2023-11-29T21:01:16.864+0000] {dag.py:2941} INFO - Sync 1 DAGs
[2023-11-29T21:01:16.877+0000] {logging_mixin.py:154} INFO - [2023-11-29T21:01:16.876+0000] {dag.py:3722} INFO - Setting next_dagrun for example_skip_dag to 2023-11-28T21:01:16.876827+00:00, run_after=2023-11-29T21:01:16.876827+00:00
[2023-11-29T21:01:16.886+0000] {processor.py:179} INFO - Processing /home/airflow/.local/lib/python3.8/site-packages/airflow/example_dags/example_skip_dag.py took 0.044 seconds
[2023-11-29T21:01:47.731+0000] {processor.py:157} INFO - Started process (PID=1122) to work on /home/airflow/.local/lib/python3.8/site-packages/airflow/example_dags/example_skip_dag.py
[2023-11-29T21:01:47.731+0000] {processor.py:829} INFO - Processing file /home/airflow/.local/lib/python3.8/site-packages/airflow/example_dags/example_skip_dag.py for tasks to queue
[2023-11-29T21:01:47.733+0000] {logging_mixin.py:154} INFO - [2023-11-29T21:01:47.733+0000] {dagbag.py:536} INFO - Filling up the DagBag from /home/airflow/.local/lib/python3.8/site-packages/airflow/example_dags/example_skip_dag.py
[2023-11-29T21:01:47.737+0000] {processor.py:839} INFO - DAG(s) dict_keys(['example_skip_dag']) retrieved from /home/airflow/.local/lib/python3.8/site-packages/airflow/example_dags/example_skip_dag.py
[2023-11-29T21:01:47.750+0000] {logging_mixin.py:154} INFO - [2023-11-29T21:01:47.750+0000] {dag.py:2941} INFO - Sync 1 DAGs
[2023-11-29T21:01:47.762+0000] {logging_mixin.py:154} INFO - [2023-11-29T21:01:47.762+0000] {dag.py:3722} INFO - Setting next_dagrun for example_skip_dag to 2023-11-28T21:01:47.762259+00:00, run_after=2023-11-29T21:01:47.762259+00:00
[2023-11-29T21:01:47.772+0000] {processor.py:179} INFO - Processing /home/airflow/.local/lib/python3.8/site-packages/airflow/example_dags/example_skip_dag.py took 0.044 seconds
[2023-11-29T21:41:09.830+0000] {processor.py:157} INFO - Started process (PID=76) to work on /home/airflow/.local/lib/python3.8/site-packages/airflow/example_dags/example_skip_dag.py
[2023-11-29T21:41:09.831+0000] {processor.py:829} INFO - Processing file /home/airflow/.local/lib/python3.8/site-packages/airflow/example_dags/example_skip_dag.py for tasks to queue
[2023-11-29T21:41:09.833+0000] {logging_mixin.py:154} INFO - [2023-11-29T21:41:09.833+0000] {dagbag.py:536} INFO - Filling up the DagBag from /home/airflow/.local/lib/python3.8/site-packages/airflow/example_dags/example_skip_dag.py
[2023-11-29T21:41:09.838+0000] {processor.py:839} INFO - DAG(s) dict_keys(['example_skip_dag']) retrieved from /home/airflow/.local/lib/python3.8/site-packages/airflow/example_dags/example_skip_dag.py
[2023-11-29T21:41:09.896+0000] {logging_mixin.py:154} INFO - [2023-11-29T21:41:09.896+0000] {manager.py:499} INFO - Created Permission View: %s
[2023-11-29T21:41:09.902+0000] {logging_mixin.py:154} INFO - [2023-11-29T21:41:09.901+0000] {manager.py:499} INFO - Created Permission View: %s
[2023-11-29T21:41:09.905+0000] {logging_mixin.py:154} INFO - [2023-11-29T21:41:09.905+0000] {manager.py:499} INFO - Created Permission View: %s
[2023-11-29T21:41:09.905+0000] {logging_mixin.py:154} INFO - [2023-11-29T21:41:09.905+0000] {dag.py:2941} INFO - Sync 1 DAGs
[2023-11-29T21:41:09.913+0000] {logging_mixin.py:154} INFO - [2023-11-29T21:41:09.913+0000] {dag.py:2963} INFO - Creating ORM DAG for example_skip_dag
[2023-11-29T21:41:09.918+0000] {logging_mixin.py:154} INFO - [2023-11-29T21:41:09.918+0000] {dag.py:3722} INFO - Setting next_dagrun for example_skip_dag to 2023-11-28T21:41:09.918499+00:00, run_after=2023-11-29T21:41:09.918499+00:00
[2023-11-29T21:41:09.929+0000] {processor.py:179} INFO - Processing /home/airflow/.local/lib/python3.8/site-packages/airflow/example_dags/example_skip_dag.py took 0.101 seconds
[2023-11-29T21:41:40.891+0000] {processor.py:157} INFO - Started process (PID=130) to work on /home/airflow/.local/lib/python3.8/site-packages/airflow/example_dags/example_skip_dag.py
[2023-11-29T21:41:40.892+0000] {processor.py:829} INFO - Processing file /home/airflow/.local/lib/python3.8/site-packages/airflow/example_dags/example_skip_dag.py for tasks to queue
[2023-11-29T21:41:40.893+0000] {logging_mixin.py:154} INFO - [2023-11-29T21:41:40.893+0000] {dagbag.py:536} INFO - Filling up the DagBag from /home/airflow/.local/lib/python3.8/site-packages/airflow/example_dags/example_skip_dag.py
[2023-11-29T21:41:40.898+0000] {processor.py:839} INFO - DAG(s) dict_keys(['example_skip_dag']) retrieved from /home/airflow/.local/lib/python3.8/site-packages/airflow/example_dags/example_skip_dag.py
[2023-11-29T21:41:40.911+0000] {logging_mixin.py:154} INFO - [2023-11-29T21:41:40.911+0000] {dag.py:2941} INFO - Sync 1 DAGs
[2023-11-29T21:41:40.924+0000] {logging_mixin.py:154} INFO - [2023-11-29T21:41:40.924+0000] {dag.py:3722} INFO - Setting next_dagrun for example_skip_dag to 2023-11-28T21:41:40.924124+00:00, run_after=2023-11-29T21:41:40.924124+00:00
[2023-11-29T21:41:40.935+0000] {processor.py:179} INFO - Processing /home/airflow/.local/lib/python3.8/site-packages/airflow/example_dags/example_skip_dag.py took 0.046 seconds
[2023-11-29T21:42:11.582+0000] {processor.py:157} INFO - Started process (PID=184) to work on /home/airflow/.local/lib/python3.8/site-packages/airflow/example_dags/example_skip_dag.py
[2023-11-29T21:42:11.583+0000] {processor.py:829} INFO - Processing file /home/airflow/.local/lib/python3.8/site-packages/airflow/example_dags/example_skip_dag.py for tasks to queue
[2023-11-29T21:42:11.584+0000] {logging_mixin.py:154} INFO - [2023-11-29T21:42:11.584+0000] {dagbag.py:536} INFO - Filling up the DagBag from /home/airflow/.local/lib/python3.8/site-packages/airflow/example_dags/example_skip_dag.py
[2023-11-29T21:42:11.589+0000] {processor.py:839} INFO - DAG(s) dict_keys(['example_skip_dag']) retrieved from /home/airflow/.local/lib/python3.8/site-packages/airflow/example_dags/example_skip_dag.py
[2023-11-29T21:42:11.603+0000] {logging_mixin.py:154} INFO - [2023-11-29T21:42:11.603+0000] {dag.py:2941} INFO - Sync 1 DAGs
[2023-11-29T21:42:11.615+0000] {logging_mixin.py:154} INFO - [2023-11-29T21:42:11.615+0000] {dag.py:3722} INFO - Setting next_dagrun for example_skip_dag to 2023-11-28T21:42:11.615676+00:00, run_after=2023-11-29T21:42:11.615676+00:00
[2023-11-29T21:42:11.626+0000] {processor.py:179} INFO - Processing /home/airflow/.local/lib/python3.8/site-packages/airflow/example_dags/example_skip_dag.py took 0.046 seconds
[2023-11-29T21:42:42.273+0000] {processor.py:157} INFO - Started process (PID=238) to work on /home/airflow/.local/lib/python3.8/site-packages/airflow/example_dags/example_skip_dag.py
[2023-11-29T21:42:42.274+0000] {processor.py:829} INFO - Processing file /home/airflow/.local/lib/python3.8/site-packages/airflow/example_dags/example_skip_dag.py for tasks to queue
[2023-11-29T21:42:42.275+0000] {logging_mixin.py:154} INFO - [2023-11-29T21:42:42.275+0000] {dagbag.py:536} INFO - Filling up the DagBag from /home/airflow/.local/lib/python3.8/site-packages/airflow/example_dags/example_skip_dag.py
[2023-11-29T21:42:42.280+0000] {processor.py:839} INFO - DAG(s) dict_keys(['example_skip_dag']) retrieved from /home/airflow/.local/lib/python3.8/site-packages/airflow/example_dags/example_skip_dag.py
[2023-11-29T21:42:42.292+0000] {logging_mixin.py:154} INFO - [2023-11-29T21:42:42.292+0000] {dag.py:2941} INFO - Sync 1 DAGs
[2023-11-29T21:42:42.304+0000] {logging_mixin.py:154} INFO - [2023-11-29T21:42:42.304+0000] {dag.py:3722} INFO - Setting next_dagrun for example_skip_dag to 2023-11-28T21:42:42.303895+00:00, run_after=2023-11-29T21:42:42.303895+00:00
[2023-11-29T21:42:42.314+0000] {processor.py:179} INFO - Processing /home/airflow/.local/lib/python3.8/site-packages/airflow/example_dags/example_skip_dag.py took 0.043 seconds
[2023-11-29T21:43:12.525+0000] {processor.py:157} INFO - Started process (PID=292) to work on /home/airflow/.local/lib/python3.8/site-packages/airflow/example_dags/example_skip_dag.py
[2023-11-29T21:43:12.526+0000] {processor.py:829} INFO - Processing file /home/airflow/.local/lib/python3.8/site-packages/airflow/example_dags/example_skip_dag.py for tasks to queue
[2023-11-29T21:43:12.528+0000] {logging_mixin.py:154} INFO - [2023-11-29T21:43:12.527+0000] {dagbag.py:536} INFO - Filling up the DagBag from /home/airflow/.local/lib/python3.8/site-packages/airflow/example_dags/example_skip_dag.py
[2023-11-29T21:43:12.532+0000] {processor.py:839} INFO - DAG(s) dict_keys(['example_skip_dag']) retrieved from /home/airflow/.local/lib/python3.8/site-packages/airflow/example_dags/example_skip_dag.py
[2023-11-29T21:43:12.546+0000] {logging_mixin.py:154} INFO - [2023-11-29T21:43:12.546+0000] {dag.py:2941} INFO - Sync 1 DAGs
[2023-11-29T21:43:12.559+0000] {logging_mixin.py:154} INFO - [2023-11-29T21:43:12.559+0000] {dag.py:3722} INFO - Setting next_dagrun for example_skip_dag to 2023-11-28T21:43:12.559014+00:00, run_after=2023-11-29T21:43:12.559014+00:00
[2023-11-29T21:43:12.569+0000] {processor.py:179} INFO - Processing /home/airflow/.local/lib/python3.8/site-packages/airflow/example_dags/example_skip_dag.py took 0.046 seconds
[2023-11-29T21:43:42.598+0000] {processor.py:157} INFO - Started process (PID=346) to work on /home/airflow/.local/lib/python3.8/site-packages/airflow/example_dags/example_skip_dag.py
[2023-11-29T21:43:42.599+0000] {processor.py:829} INFO - Processing file /home/airflow/.local/lib/python3.8/site-packages/airflow/example_dags/example_skip_dag.py for tasks to queue
[2023-11-29T21:43:42.601+0000] {logging_mixin.py:154} INFO - [2023-11-29T21:43:42.600+0000] {dagbag.py:536} INFO - Filling up the DagBag from /home/airflow/.local/lib/python3.8/site-packages/airflow/example_dags/example_skip_dag.py
[2023-11-29T21:43:42.605+0000] {processor.py:839} INFO - DAG(s) dict_keys(['example_skip_dag']) retrieved from /home/airflow/.local/lib/python3.8/site-packages/airflow/example_dags/example_skip_dag.py
[2023-11-29T21:43:42.617+0000] {logging_mixin.py:154} INFO - [2023-11-29T21:43:42.617+0000] {dag.py:2941} INFO - Sync 1 DAGs
[2023-11-29T21:43:42.629+0000] {logging_mixin.py:154} INFO - [2023-11-29T21:43:42.629+0000] {dag.py:3722} INFO - Setting next_dagrun for example_skip_dag to 2023-11-28T21:43:42.629244+00:00, run_after=2023-11-29T21:43:42.629244+00:00
[2023-11-29T21:43:42.638+0000] {processor.py:179} INFO - Processing /home/airflow/.local/lib/python3.8/site-packages/airflow/example_dags/example_skip_dag.py took 0.043 seconds
[2023-11-29T21:44:12.818+0000] {processor.py:157} INFO - Started process (PID=400) to work on /home/airflow/.local/lib/python3.8/site-packages/airflow/example_dags/example_skip_dag.py
[2023-11-29T21:44:12.818+0000] {processor.py:829} INFO - Processing file /home/airflow/.local/lib/python3.8/site-packages/airflow/example_dags/example_skip_dag.py for tasks to queue
[2023-11-29T21:44:12.820+0000] {logging_mixin.py:154} INFO - [2023-11-29T21:44:12.820+0000] {dagbag.py:536} INFO - Filling up the DagBag from /home/airflow/.local/lib/python3.8/site-packages/airflow/example_dags/example_skip_dag.py
[2023-11-29T21:44:12.824+0000] {processor.py:839} INFO - DAG(s) dict_keys(['example_skip_dag']) retrieved from /home/airflow/.local/lib/python3.8/site-packages/airflow/example_dags/example_skip_dag.py
[2023-11-29T21:44:12.837+0000] {logging_mixin.py:154} INFO - [2023-11-29T21:44:12.836+0000] {dag.py:2941} INFO - Sync 1 DAGs
[2023-11-29T21:44:12.848+0000] {logging_mixin.py:154} INFO - [2023-11-29T21:44:12.848+0000] {dag.py:3722} INFO - Setting next_dagrun for example_skip_dag to 2023-11-28T21:44:12.848598+00:00, run_after=2023-11-29T21:44:12.848598+00:00
[2023-11-29T21:44:12.858+0000] {processor.py:179} INFO - Processing /home/airflow/.local/lib/python3.8/site-packages/airflow/example_dags/example_skip_dag.py took 0.043 seconds
