[2023-11-29T20:51:37.699+0000] {processor.py:157} INFO - Started process (PID=37) to work on /home/airflow/.local/lib/python3.8/site-packages/airflow/example_dags/example_params_ui_tutorial.py
[2023-11-29T20:51:37.702+0000] {processor.py:829} INFO - Processing file /home/airflow/.local/lib/python3.8/site-packages/airflow/example_dags/example_params_ui_tutorial.py for tasks to queue
[2023-11-29T20:51:37.713+0000] {logging_mixin.py:154} INFO - [2023-11-29T20:51:37.712+0000] {dagbag.py:536} INFO - Filling up the DagBag from /home/airflow/.local/lib/python3.8/site-packages/airflow/example_dags/example_params_ui_tutorial.py
[2023-11-29T20:51:37.761+0000] {processor.py:839} INFO - DAG(s) dict_keys(['example_params_ui_tutorial']) retrieved from /home/airflow/.local/lib/python3.8/site-packages/airflow/example_dags/example_params_ui_tutorial.py
[2023-11-29T20:51:37.878+0000] {logging_mixin.py:154} INFO - [2023-11-29T20:51:37.877+0000] {dag.py:2941} INFO - Sync 1 DAGs
[2023-11-29T20:51:37.887+0000] {logging_mixin.py:154} INFO - [2023-11-29T20:51:37.887+0000] {dag.py:3722} INFO - Setting next_dagrun for example_params_ui_tutorial to None, run_after=None
[2023-11-29T20:51:37.904+0000] {processor.py:179} INFO - Processing /home/airflow/.local/lib/python3.8/site-packages/airflow/example_dags/example_params_ui_tutorial.py took 0.208 seconds
[2023-11-29T20:52:08.165+0000] {processor.py:157} INFO - Started process (PID=91) to work on /home/airflow/.local/lib/python3.8/site-packages/airflow/example_dags/example_params_ui_tutorial.py
[2023-11-29T20:52:08.166+0000] {processor.py:829} INFO - Processing file /home/airflow/.local/lib/python3.8/site-packages/airflow/example_dags/example_params_ui_tutorial.py for tasks to queue
[2023-11-29T20:52:08.168+0000] {logging_mixin.py:154} INFO - [2023-11-29T20:52:08.168+0000] {dagbag.py:536} INFO - Filling up the DagBag from /home/airflow/.local/lib/python3.8/site-packages/airflow/example_dags/example_params_ui_tutorial.py
[2023-11-29T20:52:08.196+0000] {processor.py:839} INFO - DAG(s) dict_keys(['example_params_ui_tutorial']) retrieved from /home/airflow/.local/lib/python3.8/site-packages/airflow/example_dags/example_params_ui_tutorial.py
[2023-11-29T20:52:08.205+0000] {logging_mixin.py:154} INFO - [2023-11-29T20:52:08.204+0000] {dag.py:2941} INFO - Sync 1 DAGs
[2023-11-29T20:52:08.213+0000] {logging_mixin.py:154} INFO - [2023-11-29T20:52:08.213+0000] {dag.py:3722} INFO - Setting next_dagrun for example_params_ui_tutorial to None, run_after=None
[2023-11-29T20:52:08.223+0000] {processor.py:179} INFO - Processing /home/airflow/.local/lib/python3.8/site-packages/airflow/example_dags/example_params_ui_tutorial.py took 0.062 seconds
[2023-11-29T20:52:38.934+0000] {processor.py:157} INFO - Started process (PID=145) to work on /home/airflow/.local/lib/python3.8/site-packages/airflow/example_dags/example_params_ui_tutorial.py
[2023-11-29T20:52:38.936+0000] {processor.py:829} INFO - Processing file /home/airflow/.local/lib/python3.8/site-packages/airflow/example_dags/example_params_ui_tutorial.py for tasks to queue
[2023-11-29T20:52:38.938+0000] {logging_mixin.py:154} INFO - [2023-11-29T20:52:38.938+0000] {dagbag.py:536} INFO - Filling up the DagBag from /home/airflow/.local/lib/python3.8/site-packages/airflow/example_dags/example_params_ui_tutorial.py
[2023-11-29T20:52:38.963+0000] {processor.py:839} INFO - DAG(s) dict_keys(['example_params_ui_tutorial']) retrieved from /home/airflow/.local/lib/python3.8/site-packages/airflow/example_dags/example_params_ui_tutorial.py
[2023-11-29T20:52:38.990+0000] {logging_mixin.py:154} INFO - [2023-11-29T20:52:38.990+0000] {dag.py:2941} INFO - Sync 1 DAGs
[2023-11-29T20:52:38.996+0000] {logging_mixin.py:154} INFO - [2023-11-29T20:52:38.996+0000] {dag.py:3722} INFO - Setting next_dagrun for example_params_ui_tutorial to None, run_after=None
[2023-11-29T20:52:39.007+0000] {processor.py:179} INFO - Processing /home/airflow/.local/lib/python3.8/site-packages/airflow/example_dags/example_params_ui_tutorial.py took 0.076 seconds
[2023-11-29T20:53:09.077+0000] {processor.py:157} INFO - Started process (PID=199) to work on /home/airflow/.local/lib/python3.8/site-packages/airflow/example_dags/example_params_ui_tutorial.py
[2023-11-29T20:53:09.078+0000] {processor.py:829} INFO - Processing file /home/airflow/.local/lib/python3.8/site-packages/airflow/example_dags/example_params_ui_tutorial.py for tasks to queue
[2023-11-29T20:53:09.081+0000] {logging_mixin.py:154} INFO - [2023-11-29T20:53:09.081+0000] {dagbag.py:536} INFO - Filling up the DagBag from /home/airflow/.local/lib/python3.8/site-packages/airflow/example_dags/example_params_ui_tutorial.py
[2023-11-29T20:53:09.107+0000] {processor.py:839} INFO - DAG(s) dict_keys(['example_params_ui_tutorial']) retrieved from /home/airflow/.local/lib/python3.8/site-packages/airflow/example_dags/example_params_ui_tutorial.py
[2023-11-29T20:53:09.134+0000] {logging_mixin.py:154} INFO - [2023-11-29T20:53:09.134+0000] {dag.py:2941} INFO - Sync 1 DAGs
[2023-11-29T20:53:09.141+0000] {logging_mixin.py:154} INFO - [2023-11-29T20:53:09.141+0000] {dag.py:3722} INFO - Setting next_dagrun for example_params_ui_tutorial to None, run_after=None
[2023-11-29T20:53:09.151+0000] {processor.py:179} INFO - Processing /home/airflow/.local/lib/python3.8/site-packages/airflow/example_dags/example_params_ui_tutorial.py took 0.079 seconds
[2023-11-29T20:53:39.254+0000] {processor.py:157} INFO - Started process (PID=253) to work on /home/airflow/.local/lib/python3.8/site-packages/airflow/example_dags/example_params_ui_tutorial.py
[2023-11-29T20:53:39.255+0000] {processor.py:829} INFO - Processing file /home/airflow/.local/lib/python3.8/site-packages/airflow/example_dags/example_params_ui_tutorial.py for tasks to queue
[2023-11-29T20:53:39.256+0000] {logging_mixin.py:154} INFO - [2023-11-29T20:53:39.256+0000] {dagbag.py:536} INFO - Filling up the DagBag from /home/airflow/.local/lib/python3.8/site-packages/airflow/example_dags/example_params_ui_tutorial.py
[2023-11-29T20:53:39.275+0000] {processor.py:839} INFO - DAG(s) dict_keys(['example_params_ui_tutorial']) retrieved from /home/airflow/.local/lib/python3.8/site-packages/airflow/example_dags/example_params_ui_tutorial.py
[2023-11-29T20:53:39.303+0000] {logging_mixin.py:154} INFO - [2023-11-29T20:53:39.302+0000] {dag.py:2941} INFO - Sync 1 DAGs
[2023-11-29T20:53:39.310+0000] {logging_mixin.py:154} INFO - [2023-11-29T20:53:39.310+0000] {dag.py:3722} INFO - Setting next_dagrun for example_params_ui_tutorial to None, run_after=None
[2023-11-29T20:53:39.319+0000] {processor.py:179} INFO - Processing /home/airflow/.local/lib/python3.8/site-packages/airflow/example_dags/example_params_ui_tutorial.py took 0.067 seconds
[2023-11-29T20:54:09.399+0000] {processor.py:157} INFO - Started process (PID=308) to work on /home/airflow/.local/lib/python3.8/site-packages/airflow/example_dags/example_params_ui_tutorial.py
[2023-11-29T20:54:09.400+0000] {processor.py:829} INFO - Processing file /home/airflow/.local/lib/python3.8/site-packages/airflow/example_dags/example_params_ui_tutorial.py for tasks to queue
[2023-11-29T20:54:09.402+0000] {logging_mixin.py:154} INFO - [2023-11-29T20:54:09.401+0000] {dagbag.py:536} INFO - Filling up the DagBag from /home/airflow/.local/lib/python3.8/site-packages/airflow/example_dags/example_params_ui_tutorial.py
[2023-11-29T20:54:09.421+0000] {processor.py:839} INFO - DAG(s) dict_keys(['example_params_ui_tutorial']) retrieved from /home/airflow/.local/lib/python3.8/site-packages/airflow/example_dags/example_params_ui_tutorial.py
[2023-11-29T20:54:09.447+0000] {logging_mixin.py:154} INFO - [2023-11-29T20:54:09.447+0000] {dag.py:2941} INFO - Sync 1 DAGs
[2023-11-29T20:54:09.454+0000] {logging_mixin.py:154} INFO - [2023-11-29T20:54:09.454+0000] {dag.py:3722} INFO - Setting next_dagrun for example_params_ui_tutorial to None, run_after=None
[2023-11-29T20:54:09.464+0000] {processor.py:179} INFO - Processing /home/airflow/.local/lib/python3.8/site-packages/airflow/example_dags/example_params_ui_tutorial.py took 0.067 seconds
[2023-11-29T20:54:39.491+0000] {processor.py:157} INFO - Started process (PID=362) to work on /home/airflow/.local/lib/python3.8/site-packages/airflow/example_dags/example_params_ui_tutorial.py
[2023-11-29T20:54:39.492+0000] {processor.py:829} INFO - Processing file /home/airflow/.local/lib/python3.8/site-packages/airflow/example_dags/example_params_ui_tutorial.py for tasks to queue
[2023-11-29T20:54:39.493+0000] {logging_mixin.py:154} INFO - [2023-11-29T20:54:39.493+0000] {dagbag.py:536} INFO - Filling up the DagBag from /home/airflow/.local/lib/python3.8/site-packages/airflow/example_dags/example_params_ui_tutorial.py
[2023-11-29T20:54:39.513+0000] {processor.py:839} INFO - DAG(s) dict_keys(['example_params_ui_tutorial']) retrieved from /home/airflow/.local/lib/python3.8/site-packages/airflow/example_dags/example_params_ui_tutorial.py
[2023-11-29T20:54:39.539+0000] {logging_mixin.py:154} INFO - [2023-11-29T20:54:39.539+0000] {dag.py:2941} INFO - Sync 1 DAGs
[2023-11-29T20:54:39.546+0000] {logging_mixin.py:154} INFO - [2023-11-29T20:54:39.546+0000] {dag.py:3722} INFO - Setting next_dagrun for example_params_ui_tutorial to None, run_after=None
[2023-11-29T20:54:39.556+0000] {processor.py:179} INFO - Processing /home/airflow/.local/lib/python3.8/site-packages/airflow/example_dags/example_params_ui_tutorial.py took 0.067 seconds
[2023-11-29T20:55:09.609+0000] {processor.py:157} INFO - Started process (PID=416) to work on /home/airflow/.local/lib/python3.8/site-packages/airflow/example_dags/example_params_ui_tutorial.py
[2023-11-29T20:55:09.610+0000] {processor.py:829} INFO - Processing file /home/airflow/.local/lib/python3.8/site-packages/airflow/example_dags/example_params_ui_tutorial.py for tasks to queue
[2023-11-29T20:55:09.611+0000] {logging_mixin.py:154} INFO - [2023-11-29T20:55:09.611+0000] {dagbag.py:536} INFO - Filling up the DagBag from /home/airflow/.local/lib/python3.8/site-packages/airflow/example_dags/example_params_ui_tutorial.py
[2023-11-29T20:55:09.630+0000] {processor.py:839} INFO - DAG(s) dict_keys(['example_params_ui_tutorial']) retrieved from /home/airflow/.local/lib/python3.8/site-packages/airflow/example_dags/example_params_ui_tutorial.py
[2023-11-29T20:55:09.657+0000] {logging_mixin.py:154} INFO - [2023-11-29T20:55:09.657+0000] {dag.py:2941} INFO - Sync 1 DAGs
[2023-11-29T20:55:09.664+0000] {logging_mixin.py:154} INFO - [2023-11-29T20:55:09.664+0000] {dag.py:3722} INFO - Setting next_dagrun for example_params_ui_tutorial to None, run_after=None
[2023-11-29T20:55:09.674+0000] {processor.py:179} INFO - Processing /home/airflow/.local/lib/python3.8/site-packages/airflow/example_dags/example_params_ui_tutorial.py took 0.068 seconds
[2023-11-29T20:55:39.704+0000] {processor.py:157} INFO - Started process (PID=470) to work on /home/airflow/.local/lib/python3.8/site-packages/airflow/example_dags/example_params_ui_tutorial.py
[2023-11-29T20:55:39.705+0000] {processor.py:829} INFO - Processing file /home/airflow/.local/lib/python3.8/site-packages/airflow/example_dags/example_params_ui_tutorial.py for tasks to queue
[2023-11-29T20:55:39.707+0000] {logging_mixin.py:154} INFO - [2023-11-29T20:55:39.707+0000] {dagbag.py:536} INFO - Filling up the DagBag from /home/airflow/.local/lib/python3.8/site-packages/airflow/example_dags/example_params_ui_tutorial.py
[2023-11-29T20:55:39.726+0000] {processor.py:839} INFO - DAG(s) dict_keys(['example_params_ui_tutorial']) retrieved from /home/airflow/.local/lib/python3.8/site-packages/airflow/example_dags/example_params_ui_tutorial.py
[2023-11-29T20:55:39.753+0000] {logging_mixin.py:154} INFO - [2023-11-29T20:55:39.753+0000] {dag.py:2941} INFO - Sync 1 DAGs
[2023-11-29T20:55:39.759+0000] {logging_mixin.py:154} INFO - [2023-11-29T20:55:39.759+0000] {dag.py:3722} INFO - Setting next_dagrun for example_params_ui_tutorial to None, run_after=None
[2023-11-29T20:55:39.768+0000] {processor.py:179} INFO - Processing /home/airflow/.local/lib/python3.8/site-packages/airflow/example_dags/example_params_ui_tutorial.py took 0.066 seconds
[2023-11-29T20:56:09.845+0000] {processor.py:157} INFO - Started process (PID=525) to work on /home/airflow/.local/lib/python3.8/site-packages/airflow/example_dags/example_params_ui_tutorial.py
[2023-11-29T20:56:09.846+0000] {processor.py:829} INFO - Processing file /home/airflow/.local/lib/python3.8/site-packages/airflow/example_dags/example_params_ui_tutorial.py for tasks to queue
[2023-11-29T20:56:09.847+0000] {logging_mixin.py:154} INFO - [2023-11-29T20:56:09.847+0000] {dagbag.py:536} INFO - Filling up the DagBag from /home/airflow/.local/lib/python3.8/site-packages/airflow/example_dags/example_params_ui_tutorial.py
[2023-11-29T20:56:09.867+0000] {processor.py:839} INFO - DAG(s) dict_keys(['example_params_ui_tutorial']) retrieved from /home/airflow/.local/lib/python3.8/site-packages/airflow/example_dags/example_params_ui_tutorial.py
[2023-11-29T20:56:09.893+0000] {logging_mixin.py:154} INFO - [2023-11-29T20:56:09.893+0000] {dag.py:2941} INFO - Sync 1 DAGs
[2023-11-29T20:56:09.901+0000] {logging_mixin.py:154} INFO - [2023-11-29T20:56:09.900+0000] {dag.py:3722} INFO - Setting next_dagrun for example_params_ui_tutorial to None, run_after=None
[2023-11-29T20:56:09.910+0000] {processor.py:179} INFO - Processing /home/airflow/.local/lib/python3.8/site-packages/airflow/example_dags/example_params_ui_tutorial.py took 0.067 seconds
[2023-11-29T20:56:40.713+0000] {processor.py:157} INFO - Started process (PID=577) to work on /home/airflow/.local/lib/python3.8/site-packages/airflow/example_dags/example_params_ui_tutorial.py
[2023-11-29T20:56:40.714+0000] {processor.py:829} INFO - Processing file /home/airflow/.local/lib/python3.8/site-packages/airflow/example_dags/example_params_ui_tutorial.py for tasks to queue
[2023-11-29T20:56:40.716+0000] {logging_mixin.py:154} INFO - [2023-11-29T20:56:40.716+0000] {dagbag.py:536} INFO - Filling up the DagBag from /home/airflow/.local/lib/python3.8/site-packages/airflow/example_dags/example_params_ui_tutorial.py
[2023-11-29T20:56:40.743+0000] {processor.py:839} INFO - DAG(s) dict_keys(['example_params_ui_tutorial']) retrieved from /home/airflow/.local/lib/python3.8/site-packages/airflow/example_dags/example_params_ui_tutorial.py
[2023-11-29T20:56:40.770+0000] {logging_mixin.py:154} INFO - [2023-11-29T20:56:40.770+0000] {dag.py:2941} INFO - Sync 1 DAGs
[2023-11-29T20:56:40.777+0000] {logging_mixin.py:154} INFO - [2023-11-29T20:56:40.777+0000] {dag.py:3722} INFO - Setting next_dagrun for example_params_ui_tutorial to None, run_after=None
[2023-11-29T20:56:40.787+0000] {processor.py:179} INFO - Processing /home/airflow/.local/lib/python3.8/site-packages/airflow/example_dags/example_params_ui_tutorial.py took 0.078 seconds
[2023-11-29T20:57:11.766+0000] {processor.py:157} INFO - Started process (PID=631) to work on /home/airflow/.local/lib/python3.8/site-packages/airflow/example_dags/example_params_ui_tutorial.py
[2023-11-29T20:57:11.768+0000] {processor.py:829} INFO - Processing file /home/airflow/.local/lib/python3.8/site-packages/airflow/example_dags/example_params_ui_tutorial.py for tasks to queue
[2023-11-29T20:57:11.770+0000] {logging_mixin.py:154} INFO - [2023-11-29T20:57:11.770+0000] {dagbag.py:536} INFO - Filling up the DagBag from /home/airflow/.local/lib/python3.8/site-packages/airflow/example_dags/example_params_ui_tutorial.py
[2023-11-29T20:57:11.795+0000] {processor.py:839} INFO - DAG(s) dict_keys(['example_params_ui_tutorial']) retrieved from /home/airflow/.local/lib/python3.8/site-packages/airflow/example_dags/example_params_ui_tutorial.py
[2023-11-29T20:57:11.823+0000] {logging_mixin.py:154} INFO - [2023-11-29T20:57:11.823+0000] {dag.py:2941} INFO - Sync 1 DAGs
[2023-11-29T20:57:11.830+0000] {logging_mixin.py:154} INFO - [2023-11-29T20:57:11.830+0000] {dag.py:3722} INFO - Setting next_dagrun for example_params_ui_tutorial to None, run_after=None
[2023-11-29T20:57:11.840+0000] {processor.py:179} INFO - Processing /home/airflow/.local/lib/python3.8/site-packages/airflow/example_dags/example_params_ui_tutorial.py took 0.078 seconds
[2023-11-29T20:57:41.940+0000] {processor.py:157} INFO - Started process (PID=685) to work on /home/airflow/.local/lib/python3.8/site-packages/airflow/example_dags/example_params_ui_tutorial.py
[2023-11-29T20:57:41.941+0000] {processor.py:829} INFO - Processing file /home/airflow/.local/lib/python3.8/site-packages/airflow/example_dags/example_params_ui_tutorial.py for tasks to queue
[2023-11-29T20:57:41.943+0000] {logging_mixin.py:154} INFO - [2023-11-29T20:57:41.943+0000] {dagbag.py:536} INFO - Filling up the DagBag from /home/airflow/.local/lib/python3.8/site-packages/airflow/example_dags/example_params_ui_tutorial.py
[2023-11-29T20:57:41.968+0000] {processor.py:839} INFO - DAG(s) dict_keys(['example_params_ui_tutorial']) retrieved from /home/airflow/.local/lib/python3.8/site-packages/airflow/example_dags/example_params_ui_tutorial.py
[2023-11-29T20:57:41.995+0000] {logging_mixin.py:154} INFO - [2023-11-29T20:57:41.995+0000] {dag.py:2941} INFO - Sync 1 DAGs
[2023-11-29T20:57:42.001+0000] {logging_mixin.py:154} INFO - [2023-11-29T20:57:42.001+0000] {dag.py:3722} INFO - Setting next_dagrun for example_params_ui_tutorial to None, run_after=None
[2023-11-29T20:57:42.011+0000] {processor.py:179} INFO - Processing /home/airflow/.local/lib/python3.8/site-packages/airflow/example_dags/example_params_ui_tutorial.py took 0.076 seconds
[2023-11-29T20:58:12.060+0000] {processor.py:157} INFO - Started process (PID=739) to work on /home/airflow/.local/lib/python3.8/site-packages/airflow/example_dags/example_params_ui_tutorial.py
[2023-11-29T20:58:12.061+0000] {processor.py:829} INFO - Processing file /home/airflow/.local/lib/python3.8/site-packages/airflow/example_dags/example_params_ui_tutorial.py for tasks to queue
[2023-11-29T20:58:12.063+0000] {logging_mixin.py:154} INFO - [2023-11-29T20:58:12.063+0000] {dagbag.py:536} INFO - Filling up the DagBag from /home/airflow/.local/lib/python3.8/site-packages/airflow/example_dags/example_params_ui_tutorial.py
[2023-11-29T20:58:12.089+0000] {processor.py:839} INFO - DAG(s) dict_keys(['example_params_ui_tutorial']) retrieved from /home/airflow/.local/lib/python3.8/site-packages/airflow/example_dags/example_params_ui_tutorial.py
[2023-11-29T20:58:12.115+0000] {logging_mixin.py:154} INFO - [2023-11-29T20:58:12.115+0000] {dag.py:2941} INFO - Sync 1 DAGs
[2023-11-29T20:58:12.122+0000] {logging_mixin.py:154} INFO - [2023-11-29T20:58:12.122+0000] {dag.py:3722} INFO - Setting next_dagrun for example_params_ui_tutorial to None, run_after=None
[2023-11-29T20:58:12.133+0000] {processor.py:179} INFO - Processing /home/airflow/.local/lib/python3.8/site-packages/airflow/example_dags/example_params_ui_tutorial.py took 0.078 seconds
[2023-11-29T20:58:42.227+0000] {processor.py:157} INFO - Started process (PID=793) to work on /home/airflow/.local/lib/python3.8/site-packages/airflow/example_dags/example_params_ui_tutorial.py
[2023-11-29T20:58:42.228+0000] {processor.py:829} INFO - Processing file /home/airflow/.local/lib/python3.8/site-packages/airflow/example_dags/example_params_ui_tutorial.py for tasks to queue
[2023-11-29T20:58:42.229+0000] {logging_mixin.py:154} INFO - [2023-11-29T20:58:42.229+0000] {dagbag.py:536} INFO - Filling up the DagBag from /home/airflow/.local/lib/python3.8/site-packages/airflow/example_dags/example_params_ui_tutorial.py
[2023-11-29T20:58:42.248+0000] {processor.py:839} INFO - DAG(s) dict_keys(['example_params_ui_tutorial']) retrieved from /home/airflow/.local/lib/python3.8/site-packages/airflow/example_dags/example_params_ui_tutorial.py
[2023-11-29T20:58:42.276+0000] {logging_mixin.py:154} INFO - [2023-11-29T20:58:42.275+0000] {dag.py:2941} INFO - Sync 1 DAGs
[2023-11-29T20:58:42.283+0000] {logging_mixin.py:154} INFO - [2023-11-29T20:58:42.283+0000] {dag.py:3722} INFO - Setting next_dagrun for example_params_ui_tutorial to None, run_after=None
[2023-11-29T20:58:42.293+0000] {processor.py:179} INFO - Processing /home/airflow/.local/lib/python3.8/site-packages/airflow/example_dags/example_params_ui_tutorial.py took 0.068 seconds
[2023-11-29T20:59:13.116+0000] {processor.py:157} INFO - Started process (PID=847) to work on /home/airflow/.local/lib/python3.8/site-packages/airflow/example_dags/example_params_ui_tutorial.py
[2023-11-29T20:59:13.117+0000] {processor.py:829} INFO - Processing file /home/airflow/.local/lib/python3.8/site-packages/airflow/example_dags/example_params_ui_tutorial.py for tasks to queue
[2023-11-29T20:59:13.120+0000] {logging_mixin.py:154} INFO - [2023-11-29T20:59:13.120+0000] {dagbag.py:536} INFO - Filling up the DagBag from /home/airflow/.local/lib/python3.8/site-packages/airflow/example_dags/example_params_ui_tutorial.py
[2023-11-29T20:59:13.145+0000] {processor.py:839} INFO - DAG(s) dict_keys(['example_params_ui_tutorial']) retrieved from /home/airflow/.local/lib/python3.8/site-packages/airflow/example_dags/example_params_ui_tutorial.py
[2023-11-29T20:59:13.171+0000] {logging_mixin.py:154} INFO - [2023-11-29T20:59:13.171+0000] {dag.py:2941} INFO - Sync 1 DAGs
[2023-11-29T20:59:13.178+0000] {logging_mixin.py:154} INFO - [2023-11-29T20:59:13.178+0000] {dag.py:3722} INFO - Setting next_dagrun for example_params_ui_tutorial to None, run_after=None
[2023-11-29T20:59:13.187+0000] {processor.py:179} INFO - Processing /home/airflow/.local/lib/python3.8/site-packages/airflow/example_dags/example_params_ui_tutorial.py took 0.076 seconds
[2023-11-29T20:59:43.992+0000] {processor.py:157} INFO - Started process (PID=901) to work on /home/airflow/.local/lib/python3.8/site-packages/airflow/example_dags/example_params_ui_tutorial.py
[2023-11-29T20:59:43.993+0000] {processor.py:829} INFO - Processing file /home/airflow/.local/lib/python3.8/site-packages/airflow/example_dags/example_params_ui_tutorial.py for tasks to queue
[2023-11-29T20:59:43.995+0000] {logging_mixin.py:154} INFO - [2023-11-29T20:59:43.995+0000] {dagbag.py:536} INFO - Filling up the DagBag from /home/airflow/.local/lib/python3.8/site-packages/airflow/example_dags/example_params_ui_tutorial.py
[2023-11-29T20:59:44.016+0000] {processor.py:839} INFO - DAG(s) dict_keys(['example_params_ui_tutorial']) retrieved from /home/airflow/.local/lib/python3.8/site-packages/airflow/example_dags/example_params_ui_tutorial.py
[2023-11-29T20:59:44.044+0000] {logging_mixin.py:154} INFO - [2023-11-29T20:59:44.044+0000] {dag.py:2941} INFO - Sync 1 DAGs
[2023-11-29T20:59:44.050+0000] {logging_mixin.py:154} INFO - [2023-11-29T20:59:44.050+0000] {dag.py:3722} INFO - Setting next_dagrun for example_params_ui_tutorial to None, run_after=None
[2023-11-29T20:59:44.060+0000] {processor.py:179} INFO - Processing /home/airflow/.local/lib/python3.8/site-packages/airflow/example_dags/example_params_ui_tutorial.py took 0.071 seconds
[2023-11-29T21:00:14.784+0000] {processor.py:157} INFO - Started process (PID=955) to work on /home/airflow/.local/lib/python3.8/site-packages/airflow/example_dags/example_params_ui_tutorial.py
[2023-11-29T21:00:14.785+0000] {processor.py:829} INFO - Processing file /home/airflow/.local/lib/python3.8/site-packages/airflow/example_dags/example_params_ui_tutorial.py for tasks to queue
[2023-11-29T21:00:14.788+0000] {logging_mixin.py:154} INFO - [2023-11-29T21:00:14.788+0000] {dagbag.py:536} INFO - Filling up the DagBag from /home/airflow/.local/lib/python3.8/site-packages/airflow/example_dags/example_params_ui_tutorial.py
[2023-11-29T21:00:14.812+0000] {processor.py:839} INFO - DAG(s) dict_keys(['example_params_ui_tutorial']) retrieved from /home/airflow/.local/lib/python3.8/site-packages/airflow/example_dags/example_params_ui_tutorial.py
[2023-11-29T21:00:14.839+0000] {logging_mixin.py:154} INFO - [2023-11-29T21:00:14.839+0000] {dag.py:2941} INFO - Sync 1 DAGs
[2023-11-29T21:00:14.846+0000] {logging_mixin.py:154} INFO - [2023-11-29T21:00:14.845+0000] {dag.py:3722} INFO - Setting next_dagrun for example_params_ui_tutorial to None, run_after=None
[2023-11-29T21:00:14.855+0000] {processor.py:179} INFO - Processing /home/airflow/.local/lib/python3.8/site-packages/airflow/example_dags/example_params_ui_tutorial.py took 0.075 seconds
[2023-11-29T21:00:45.687+0000] {processor.py:157} INFO - Started process (PID=1009) to work on /home/airflow/.local/lib/python3.8/site-packages/airflow/example_dags/example_params_ui_tutorial.py
[2023-11-29T21:00:45.688+0000] {processor.py:829} INFO - Processing file /home/airflow/.local/lib/python3.8/site-packages/airflow/example_dags/example_params_ui_tutorial.py for tasks to queue
[2023-11-29T21:00:45.691+0000] {logging_mixin.py:154} INFO - [2023-11-29T21:00:45.690+0000] {dagbag.py:536} INFO - Filling up the DagBag from /home/airflow/.local/lib/python3.8/site-packages/airflow/example_dags/example_params_ui_tutorial.py
[2023-11-29T21:00:45.715+0000] {processor.py:839} INFO - DAG(s) dict_keys(['example_params_ui_tutorial']) retrieved from /home/airflow/.local/lib/python3.8/site-packages/airflow/example_dags/example_params_ui_tutorial.py
[2023-11-29T21:00:45.741+0000] {logging_mixin.py:154} INFO - [2023-11-29T21:00:45.741+0000] {dag.py:2941} INFO - Sync 1 DAGs
[2023-11-29T21:00:45.748+0000] {logging_mixin.py:154} INFO - [2023-11-29T21:00:45.748+0000] {dag.py:3722} INFO - Setting next_dagrun for example_params_ui_tutorial to None, run_after=None
[2023-11-29T21:00:45.758+0000] {processor.py:179} INFO - Processing /home/airflow/.local/lib/python3.8/site-packages/airflow/example_dags/example_params_ui_tutorial.py took 0.075 seconds
[2023-11-29T21:01:16.668+0000] {processor.py:157} INFO - Started process (PID=1063) to work on /home/airflow/.local/lib/python3.8/site-packages/airflow/example_dags/example_params_ui_tutorial.py
[2023-11-29T21:01:16.669+0000] {processor.py:829} INFO - Processing file /home/airflow/.local/lib/python3.8/site-packages/airflow/example_dags/example_params_ui_tutorial.py for tasks to queue
[2023-11-29T21:01:16.672+0000] {logging_mixin.py:154} INFO - [2023-11-29T21:01:16.672+0000] {dagbag.py:536} INFO - Filling up the DagBag from /home/airflow/.local/lib/python3.8/site-packages/airflow/example_dags/example_params_ui_tutorial.py
[2023-11-29T21:01:16.696+0000] {processor.py:839} INFO - DAG(s) dict_keys(['example_params_ui_tutorial']) retrieved from /home/airflow/.local/lib/python3.8/site-packages/airflow/example_dags/example_params_ui_tutorial.py
[2023-11-29T21:01:16.722+0000] {logging_mixin.py:154} INFO - [2023-11-29T21:01:16.722+0000] {dag.py:2941} INFO - Sync 1 DAGs
[2023-11-29T21:01:16.728+0000] {logging_mixin.py:154} INFO - [2023-11-29T21:01:16.728+0000] {dag.py:3722} INFO - Setting next_dagrun for example_params_ui_tutorial to None, run_after=None
[2023-11-29T21:01:16.738+0000] {processor.py:179} INFO - Processing /home/airflow/.local/lib/python3.8/site-packages/airflow/example_dags/example_params_ui_tutorial.py took 0.074 seconds
[2023-11-29T21:01:47.550+0000] {processor.py:157} INFO - Started process (PID=1117) to work on /home/airflow/.local/lib/python3.8/site-packages/airflow/example_dags/example_params_ui_tutorial.py
[2023-11-29T21:01:47.551+0000] {processor.py:829} INFO - Processing file /home/airflow/.local/lib/python3.8/site-packages/airflow/example_dags/example_params_ui_tutorial.py for tasks to queue
[2023-11-29T21:01:47.554+0000] {logging_mixin.py:154} INFO - [2023-11-29T21:01:47.554+0000] {dagbag.py:536} INFO - Filling up the DagBag from /home/airflow/.local/lib/python3.8/site-packages/airflow/example_dags/example_params_ui_tutorial.py
[2023-11-29T21:01:47.578+0000] {processor.py:839} INFO - DAG(s) dict_keys(['example_params_ui_tutorial']) retrieved from /home/airflow/.local/lib/python3.8/site-packages/airflow/example_dags/example_params_ui_tutorial.py
[2023-11-29T21:01:47.605+0000] {logging_mixin.py:154} INFO - [2023-11-29T21:01:47.605+0000] {dag.py:2941} INFO - Sync 1 DAGs
[2023-11-29T21:01:47.611+0000] {logging_mixin.py:154} INFO - [2023-11-29T21:01:47.611+0000] {dag.py:3722} INFO - Setting next_dagrun for example_params_ui_tutorial to None, run_after=None
[2023-11-29T21:01:47.621+0000] {processor.py:179} INFO - Processing /home/airflow/.local/lib/python3.8/site-packages/airflow/example_dags/example_params_ui_tutorial.py took 0.076 seconds
[2023-11-29T21:41:07.745+0000] {processor.py:157} INFO - Started process (PID=44) to work on /home/airflow/.local/lib/python3.8/site-packages/airflow/example_dags/example_params_ui_tutorial.py
[2023-11-29T21:41:07.746+0000] {processor.py:829} INFO - Processing file /home/airflow/.local/lib/python3.8/site-packages/airflow/example_dags/example_params_ui_tutorial.py for tasks to queue
[2023-11-29T21:41:07.747+0000] {logging_mixin.py:154} INFO - [2023-11-29T21:41:07.747+0000] {dagbag.py:536} INFO - Filling up the DagBag from /home/airflow/.local/lib/python3.8/site-packages/airflow/example_dags/example_params_ui_tutorial.py
[2023-11-29T21:41:07.772+0000] {processor.py:839} INFO - DAG(s) dict_keys(['example_params_ui_tutorial']) retrieved from /home/airflow/.local/lib/python3.8/site-packages/airflow/example_dags/example_params_ui_tutorial.py
[2023-11-29T21:41:07.857+0000] {logging_mixin.py:154} INFO - [2023-11-29T21:41:07.856+0000] {manager.py:499} INFO - Created Permission View: %s
[2023-11-29T21:41:07.863+0000] {logging_mixin.py:154} INFO - [2023-11-29T21:41:07.863+0000] {manager.py:499} INFO - Created Permission View: %s
[2023-11-29T21:41:07.867+0000] {logging_mixin.py:154} INFO - [2023-11-29T21:41:07.867+0000] {manager.py:499} INFO - Created Permission View: %s
[2023-11-29T21:41:07.867+0000] {logging_mixin.py:154} INFO - [2023-11-29T21:41:07.867+0000] {dag.py:2941} INFO - Sync 1 DAGs
[2023-11-29T21:41:07.874+0000] {logging_mixin.py:154} INFO - [2023-11-29T21:41:07.874+0000] {dag.py:2963} INFO - Creating ORM DAG for example_params_ui_tutorial
[2023-11-29T21:41:07.875+0000] {logging_mixin.py:154} INFO - [2023-11-29T21:41:07.875+0000] {dag.py:3722} INFO - Setting next_dagrun for example_params_ui_tutorial to None, run_after=None
[2023-11-29T21:41:07.885+0000] {processor.py:179} INFO - Processing /home/airflow/.local/lib/python3.8/site-packages/airflow/example_dags/example_params_ui_tutorial.py took 0.143 seconds
[2023-11-29T21:41:37.932+0000] {processor.py:157} INFO - Started process (PID=98) to work on /home/airflow/.local/lib/python3.8/site-packages/airflow/example_dags/example_params_ui_tutorial.py
[2023-11-29T21:41:37.933+0000] {processor.py:829} INFO - Processing file /home/airflow/.local/lib/python3.8/site-packages/airflow/example_dags/example_params_ui_tutorial.py for tasks to queue
[2023-11-29T21:41:37.934+0000] {logging_mixin.py:154} INFO - [2023-11-29T21:41:37.934+0000] {dagbag.py:536} INFO - Filling up the DagBag from /home/airflow/.local/lib/python3.8/site-packages/airflow/example_dags/example_params_ui_tutorial.py
[2023-11-29T21:41:37.955+0000] {processor.py:839} INFO - DAG(s) dict_keys(['example_params_ui_tutorial']) retrieved from /home/airflow/.local/lib/python3.8/site-packages/airflow/example_dags/example_params_ui_tutorial.py
[2023-11-29T21:41:37.984+0000] {logging_mixin.py:154} INFO - [2023-11-29T21:41:37.984+0000] {dag.py:2941} INFO - Sync 1 DAGs
[2023-11-29T21:41:37.992+0000] {logging_mixin.py:154} INFO - [2023-11-29T21:41:37.992+0000] {dag.py:3722} INFO - Setting next_dagrun for example_params_ui_tutorial to None, run_after=None
[2023-11-29T21:41:38.002+0000] {processor.py:179} INFO - Processing /home/airflow/.local/lib/python3.8/site-packages/airflow/example_dags/example_params_ui_tutorial.py took 0.073 seconds
[2023-11-29T21:42:08.570+0000] {processor.py:157} INFO - Started process (PID=152) to work on /home/airflow/.local/lib/python3.8/site-packages/airflow/example_dags/example_params_ui_tutorial.py
[2023-11-29T21:42:08.571+0000] {processor.py:829} INFO - Processing file /home/airflow/.local/lib/python3.8/site-packages/airflow/example_dags/example_params_ui_tutorial.py for tasks to queue
[2023-11-29T21:42:08.572+0000] {logging_mixin.py:154} INFO - [2023-11-29T21:42:08.572+0000] {dagbag.py:536} INFO - Filling up the DagBag from /home/airflow/.local/lib/python3.8/site-packages/airflow/example_dags/example_params_ui_tutorial.py
[2023-11-29T21:42:08.592+0000] {processor.py:839} INFO - DAG(s) dict_keys(['example_params_ui_tutorial']) retrieved from /home/airflow/.local/lib/python3.8/site-packages/airflow/example_dags/example_params_ui_tutorial.py
[2023-11-29T21:42:08.620+0000] {logging_mixin.py:154} INFO - [2023-11-29T21:42:08.620+0000] {dag.py:2941} INFO - Sync 1 DAGs
[2023-11-29T21:42:08.627+0000] {logging_mixin.py:154} INFO - [2023-11-29T21:42:08.627+0000] {dag.py:3722} INFO - Setting next_dagrun for example_params_ui_tutorial to None, run_after=None
[2023-11-29T21:42:08.638+0000] {processor.py:179} INFO - Processing /home/airflow/.local/lib/python3.8/site-packages/airflow/example_dags/example_params_ui_tutorial.py took 0.070 seconds
[2023-11-29T21:42:39.299+0000] {processor.py:157} INFO - Started process (PID=206) to work on /home/airflow/.local/lib/python3.8/site-packages/airflow/example_dags/example_params_ui_tutorial.py
[2023-11-29T21:42:39.300+0000] {processor.py:829} INFO - Processing file /home/airflow/.local/lib/python3.8/site-packages/airflow/example_dags/example_params_ui_tutorial.py for tasks to queue
[2023-11-29T21:42:39.301+0000] {logging_mixin.py:154} INFO - [2023-11-29T21:42:39.301+0000] {dagbag.py:536} INFO - Filling up the DagBag from /home/airflow/.local/lib/python3.8/site-packages/airflow/example_dags/example_params_ui_tutorial.py
[2023-11-29T21:42:39.321+0000] {processor.py:839} INFO - DAG(s) dict_keys(['example_params_ui_tutorial']) retrieved from /home/airflow/.local/lib/python3.8/site-packages/airflow/example_dags/example_params_ui_tutorial.py
[2023-11-29T21:42:39.349+0000] {logging_mixin.py:154} INFO - [2023-11-29T21:42:39.349+0000] {dag.py:2941} INFO - Sync 1 DAGs
[2023-11-29T21:42:39.356+0000] {logging_mixin.py:154} INFO - [2023-11-29T21:42:39.356+0000] {dag.py:3722} INFO - Setting next_dagrun for example_params_ui_tutorial to None, run_after=None
[2023-11-29T21:42:39.366+0000] {processor.py:179} INFO - Processing /home/airflow/.local/lib/python3.8/site-packages/airflow/example_dags/example_params_ui_tutorial.py took 0.069 seconds
[2023-11-29T21:43:09.423+0000] {processor.py:157} INFO - Started process (PID=260) to work on /home/airflow/.local/lib/python3.8/site-packages/airflow/example_dags/example_params_ui_tutorial.py
[2023-11-29T21:43:09.424+0000] {processor.py:829} INFO - Processing file /home/airflow/.local/lib/python3.8/site-packages/airflow/example_dags/example_params_ui_tutorial.py for tasks to queue
[2023-11-29T21:43:09.426+0000] {logging_mixin.py:154} INFO - [2023-11-29T21:43:09.425+0000] {dagbag.py:536} INFO - Filling up the DagBag from /home/airflow/.local/lib/python3.8/site-packages/airflow/example_dags/example_params_ui_tutorial.py
[2023-11-29T21:43:09.446+0000] {processor.py:839} INFO - DAG(s) dict_keys(['example_params_ui_tutorial']) retrieved from /home/airflow/.local/lib/python3.8/site-packages/airflow/example_dags/example_params_ui_tutorial.py
[2023-11-29T21:43:09.474+0000] {logging_mixin.py:154} INFO - [2023-11-29T21:43:09.474+0000] {dag.py:2941} INFO - Sync 1 DAGs
[2023-11-29T21:43:09.482+0000] {logging_mixin.py:154} INFO - [2023-11-29T21:43:09.481+0000] {dag.py:3722} INFO - Setting next_dagrun for example_params_ui_tutorial to None, run_after=None
[2023-11-29T21:43:09.493+0000] {processor.py:179} INFO - Processing /home/airflow/.local/lib/python3.8/site-packages/airflow/example_dags/example_params_ui_tutorial.py took 0.072 seconds
[2023-11-29T21:43:39.515+0000] {processor.py:157} INFO - Started process (PID=313) to work on /home/airflow/.local/lib/python3.8/site-packages/airflow/example_dags/example_params_ui_tutorial.py
[2023-11-29T21:43:39.516+0000] {processor.py:829} INFO - Processing file /home/airflow/.local/lib/python3.8/site-packages/airflow/example_dags/example_params_ui_tutorial.py for tasks to queue
[2023-11-29T21:43:39.517+0000] {logging_mixin.py:154} INFO - [2023-11-29T21:43:39.517+0000] {dagbag.py:536} INFO - Filling up the DagBag from /home/airflow/.local/lib/python3.8/site-packages/airflow/example_dags/example_params_ui_tutorial.py
[2023-11-29T21:43:39.537+0000] {processor.py:839} INFO - DAG(s) dict_keys(['example_params_ui_tutorial']) retrieved from /home/airflow/.local/lib/python3.8/site-packages/airflow/example_dags/example_params_ui_tutorial.py
[2023-11-29T21:43:39.563+0000] {logging_mixin.py:154} INFO - [2023-11-29T21:43:39.563+0000] {dag.py:2941} INFO - Sync 1 DAGs
[2023-11-29T21:43:39.570+0000] {logging_mixin.py:154} INFO - [2023-11-29T21:43:39.570+0000] {dag.py:3722} INFO - Setting next_dagrun for example_params_ui_tutorial to None, run_after=None
[2023-11-29T21:43:39.579+0000] {processor.py:179} INFO - Processing /home/airflow/.local/lib/python3.8/site-packages/airflow/example_dags/example_params_ui_tutorial.py took 0.066 seconds
[2023-11-29T21:44:09.598+0000] {processor.py:157} INFO - Started process (PID=367) to work on /home/airflow/.local/lib/python3.8/site-packages/airflow/example_dags/example_params_ui_tutorial.py
[2023-11-29T21:44:09.598+0000] {processor.py:829} INFO - Processing file /home/airflow/.local/lib/python3.8/site-packages/airflow/example_dags/example_params_ui_tutorial.py for tasks to queue
[2023-11-29T21:44:09.600+0000] {logging_mixin.py:154} INFO - [2023-11-29T21:44:09.600+0000] {dagbag.py:536} INFO - Filling up the DagBag from /home/airflow/.local/lib/python3.8/site-packages/airflow/example_dags/example_params_ui_tutorial.py
[2023-11-29T21:44:09.620+0000] {processor.py:839} INFO - DAG(s) dict_keys(['example_params_ui_tutorial']) retrieved from /home/airflow/.local/lib/python3.8/site-packages/airflow/example_dags/example_params_ui_tutorial.py
[2023-11-29T21:44:09.648+0000] {logging_mixin.py:154} INFO - [2023-11-29T21:44:09.648+0000] {dag.py:2941} INFO - Sync 1 DAGs
[2023-11-29T21:44:09.655+0000] {logging_mixin.py:154} INFO - [2023-11-29T21:44:09.654+0000] {dag.py:3722} INFO - Setting next_dagrun for example_params_ui_tutorial to None, run_after=None
[2023-11-29T21:44:09.664+0000] {processor.py:179} INFO - Processing /home/airflow/.local/lib/python3.8/site-packages/airflow/example_dags/example_params_ui_tutorial.py took 0.069 seconds
[2023-11-29T21:44:39.826+0000] {processor.py:157} INFO - Started process (PID=421) to work on /home/airflow/.local/lib/python3.8/site-packages/airflow/example_dags/example_params_ui_tutorial.py
[2023-11-29T21:44:39.827+0000] {processor.py:829} INFO - Processing file /home/airflow/.local/lib/python3.8/site-packages/airflow/example_dags/example_params_ui_tutorial.py for tasks to queue
[2023-11-29T21:44:39.829+0000] {logging_mixin.py:154} INFO - [2023-11-29T21:44:39.828+0000] {dagbag.py:536} INFO - Filling up the DagBag from /home/airflow/.local/lib/python3.8/site-packages/airflow/example_dags/example_params_ui_tutorial.py
[2023-11-29T21:44:39.849+0000] {processor.py:839} INFO - DAG(s) dict_keys(['example_params_ui_tutorial']) retrieved from /home/airflow/.local/lib/python3.8/site-packages/airflow/example_dags/example_params_ui_tutorial.py
[2023-11-29T21:44:39.876+0000] {logging_mixin.py:154} INFO - [2023-11-29T21:44:39.876+0000] {dag.py:2941} INFO - Sync 1 DAGs
[2023-11-29T21:44:39.882+0000] {logging_mixin.py:154} INFO - [2023-11-29T21:44:39.882+0000] {dag.py:3722} INFO - Setting next_dagrun for example_params_ui_tutorial to None, run_after=None
[2023-11-29T21:44:39.893+0000] {processor.py:179} INFO - Processing /home/airflow/.local/lib/python3.8/site-packages/airflow/example_dags/example_params_ui_tutorial.py took 0.069 seconds
[2023-11-29T21:45:10.077+0000] {processor.py:157} INFO - Started process (PID=475) to work on /home/airflow/.local/lib/python3.8/site-packages/airflow/example_dags/example_params_ui_tutorial.py
[2023-11-29T21:45:10.077+0000] {processor.py:829} INFO - Processing file /home/airflow/.local/lib/python3.8/site-packages/airflow/example_dags/example_params_ui_tutorial.py for tasks to queue
[2023-11-29T21:45:10.079+0000] {logging_mixin.py:154} INFO - [2023-11-29T21:45:10.079+0000] {dagbag.py:536} INFO - Filling up the DagBag from /home/airflow/.local/lib/python3.8/site-packages/airflow/example_dags/example_params_ui_tutorial.py
[2023-11-29T21:45:10.099+0000] {processor.py:839} INFO - DAG(s) dict_keys(['example_params_ui_tutorial']) retrieved from /home/airflow/.local/lib/python3.8/site-packages/airflow/example_dags/example_params_ui_tutorial.py
[2023-11-29T21:45:10.126+0000] {logging_mixin.py:154} INFO - [2023-11-29T21:45:10.126+0000] {dag.py:2941} INFO - Sync 1 DAGs
[2023-11-29T21:45:10.134+0000] {logging_mixin.py:154} INFO - [2023-11-29T21:45:10.133+0000] {dag.py:3722} INFO - Setting next_dagrun for example_params_ui_tutorial to None, run_after=None
[2023-11-29T21:45:10.143+0000] {processor.py:179} INFO - Processing /home/airflow/.local/lib/python3.8/site-packages/airflow/example_dags/example_params_ui_tutorial.py took 0.069 seconds
[2023-11-29T21:45:40.212+0000] {processor.py:157} INFO - Started process (PID=530) to work on /home/airflow/.local/lib/python3.8/site-packages/airflow/example_dags/example_params_ui_tutorial.py
[2023-11-29T21:45:40.213+0000] {processor.py:829} INFO - Processing file /home/airflow/.local/lib/python3.8/site-packages/airflow/example_dags/example_params_ui_tutorial.py for tasks to queue
[2023-11-29T21:45:40.214+0000] {logging_mixin.py:154} INFO - [2023-11-29T21:45:40.214+0000] {dagbag.py:536} INFO - Filling up the DagBag from /home/airflow/.local/lib/python3.8/site-packages/airflow/example_dags/example_params_ui_tutorial.py
[2023-11-29T21:45:40.234+0000] {processor.py:839} INFO - DAG(s) dict_keys(['example_params_ui_tutorial']) retrieved from /home/airflow/.local/lib/python3.8/site-packages/airflow/example_dags/example_params_ui_tutorial.py
[2023-11-29T21:45:40.261+0000] {logging_mixin.py:154} INFO - [2023-11-29T21:45:40.261+0000] {dag.py:2941} INFO - Sync 1 DAGs
[2023-11-29T21:45:40.268+0000] {logging_mixin.py:154} INFO - [2023-11-29T21:45:40.268+0000] {dag.py:3722} INFO - Setting next_dagrun for example_params_ui_tutorial to None, run_after=None
[2023-11-29T21:45:40.278+0000] {processor.py:179} INFO - Processing /home/airflow/.local/lib/python3.8/site-packages/airflow/example_dags/example_params_ui_tutorial.py took 0.069 seconds
[2023-11-29T21:46:10.425+0000] {processor.py:157} INFO - Started process (PID=584) to work on /home/airflow/.local/lib/python3.8/site-packages/airflow/example_dags/example_params_ui_tutorial.py
[2023-11-29T21:46:10.426+0000] {processor.py:829} INFO - Processing file /home/airflow/.local/lib/python3.8/site-packages/airflow/example_dags/example_params_ui_tutorial.py for tasks to queue
[2023-11-29T21:46:10.427+0000] {logging_mixin.py:154} INFO - [2023-11-29T21:46:10.427+0000] {dagbag.py:536} INFO - Filling up the DagBag from /home/airflow/.local/lib/python3.8/site-packages/airflow/example_dags/example_params_ui_tutorial.py
[2023-11-29T21:46:10.447+0000] {processor.py:839} INFO - DAG(s) dict_keys(['example_params_ui_tutorial']) retrieved from /home/airflow/.local/lib/python3.8/site-packages/airflow/example_dags/example_params_ui_tutorial.py
[2023-11-29T21:46:10.474+0000] {logging_mixin.py:154} INFO - [2023-11-29T21:46:10.474+0000] {dag.py:2941} INFO - Sync 1 DAGs
[2023-11-29T21:46:10.481+0000] {logging_mixin.py:154} INFO - [2023-11-29T21:46:10.481+0000] {dag.py:3722} INFO - Setting next_dagrun for example_params_ui_tutorial to None, run_after=None
[2023-11-29T21:46:10.491+0000] {processor.py:179} INFO - Processing /home/airflow/.local/lib/python3.8/site-packages/airflow/example_dags/example_params_ui_tutorial.py took 0.069 seconds
[2023-11-29T21:46:41.453+0000] {processor.py:157} INFO - Started process (PID=638) to work on /home/airflow/.local/lib/python3.8/site-packages/airflow/example_dags/example_params_ui_tutorial.py
[2023-11-29T21:46:41.454+0000] {processor.py:829} INFO - Processing file /home/airflow/.local/lib/python3.8/site-packages/airflow/example_dags/example_params_ui_tutorial.py for tasks to queue
[2023-11-29T21:46:41.456+0000] {logging_mixin.py:154} INFO - [2023-11-29T21:46:41.456+0000] {dagbag.py:536} INFO - Filling up the DagBag from /home/airflow/.local/lib/python3.8/site-packages/airflow/example_dags/example_params_ui_tutorial.py
[2023-11-29T21:46:41.476+0000] {processor.py:839} INFO - DAG(s) dict_keys(['example_params_ui_tutorial']) retrieved from /home/airflow/.local/lib/python3.8/site-packages/airflow/example_dags/example_params_ui_tutorial.py
[2023-11-29T21:46:41.503+0000] {logging_mixin.py:154} INFO - [2023-11-29T21:46:41.503+0000] {dag.py:2941} INFO - Sync 1 DAGs
[2023-11-29T21:46:41.511+0000] {logging_mixin.py:154} INFO - [2023-11-29T21:46:41.510+0000] {dag.py:3722} INFO - Setting next_dagrun for example_params_ui_tutorial to None, run_after=None
[2023-11-29T21:46:41.521+0000] {processor.py:179} INFO - Processing /home/airflow/.local/lib/python3.8/site-packages/airflow/example_dags/example_params_ui_tutorial.py took 0.070 seconds
