[2023-11-29T20:51:38.908+0000] {processor.py:157} INFO - Started process (PID=51) to work on /home/airflow/.local/lib/python3.8/site-packages/airflow/example_dags/example_nested_branch_dag.py
[2023-11-29T20:51:38.910+0000] {processor.py:829} INFO - Processing file /home/airflow/.local/lib/python3.8/site-packages/airflow/example_dags/example_nested_branch_dag.py for tasks to queue
[2023-11-29T20:51:38.912+0000] {logging_mixin.py:154} INFO - [2023-11-29T20:51:38.912+0000] {dagbag.py:536} INFO - Filling up the DagBag from /home/airflow/.local/lib/python3.8/site-packages/airflow/example_dags/example_nested_branch_dag.py
[2023-11-29T20:51:38.922+0000] {processor.py:839} INFO - DAG(s) dict_keys(['example_nested_branch_dag']) retrieved from /home/airflow/.local/lib/python3.8/site-packages/airflow/example_dags/example_nested_branch_dag.py
[2023-11-29T20:51:39.002+0000] {logging_mixin.py:154} INFO - [2023-11-29T20:51:39.002+0000] {dag.py:2941} INFO - Sync 1 DAGs
[2023-11-29T20:51:39.017+0000] {logging_mixin.py:154} INFO - [2023-11-29T20:51:39.017+0000] {dag.py:3722} INFO - Setting next_dagrun for example_nested_branch_dag to 2023-11-28T00:00:00+00:00, run_after=2023-11-29T00:00:00+00:00
[2023-11-29T20:51:39.031+0000] {processor.py:179} INFO - Processing /home/airflow/.local/lib/python3.8/site-packages/airflow/example_dags/example_nested_branch_dag.py took 0.127 seconds
[2023-11-29T20:52:09.650+0000] {processor.py:157} INFO - Started process (PID=105) to work on /home/airflow/.local/lib/python3.8/site-packages/airflow/example_dags/example_nested_branch_dag.py
[2023-11-29T20:52:09.650+0000] {processor.py:829} INFO - Processing file /home/airflow/.local/lib/python3.8/site-packages/airflow/example_dags/example_nested_branch_dag.py for tasks to queue
[2023-11-29T20:52:09.652+0000] {logging_mixin.py:154} INFO - [2023-11-29T20:52:09.651+0000] {dagbag.py:536} INFO - Filling up the DagBag from /home/airflow/.local/lib/python3.8/site-packages/airflow/example_dags/example_nested_branch_dag.py
[2023-11-29T20:52:09.658+0000] {processor.py:839} INFO - DAG(s) dict_keys(['example_nested_branch_dag']) retrieved from /home/airflow/.local/lib/python3.8/site-packages/airflow/example_dags/example_nested_branch_dag.py
[2023-11-29T20:52:09.666+0000] {logging_mixin.py:154} INFO - [2023-11-29T20:52:09.666+0000] {dag.py:2941} INFO - Sync 1 DAGs
[2023-11-29T20:52:09.680+0000] {logging_mixin.py:154} INFO - [2023-11-29T20:52:09.680+0000] {dag.py:3722} INFO - Setting next_dagrun for example_nested_branch_dag to 2023-11-28T00:00:00+00:00, run_after=2023-11-29T00:00:00+00:00
[2023-11-29T20:52:09.690+0000] {processor.py:179} INFO - Processing /home/airflow/.local/lib/python3.8/site-packages/airflow/example_dags/example_nested_branch_dag.py took 0.043 seconds
[2023-11-29T20:52:40.468+0000] {processor.py:157} INFO - Started process (PID=159) to work on /home/airflow/.local/lib/python3.8/site-packages/airflow/example_dags/example_nested_branch_dag.py
[2023-11-29T20:52:40.469+0000] {processor.py:829} INFO - Processing file /home/airflow/.local/lib/python3.8/site-packages/airflow/example_dags/example_nested_branch_dag.py for tasks to queue
[2023-11-29T20:52:40.470+0000] {logging_mixin.py:154} INFO - [2023-11-29T20:52:40.470+0000] {dagbag.py:536} INFO - Filling up the DagBag from /home/airflow/.local/lib/python3.8/site-packages/airflow/example_dags/example_nested_branch_dag.py
[2023-11-29T20:52:40.476+0000] {processor.py:839} INFO - DAG(s) dict_keys(['example_nested_branch_dag']) retrieved from /home/airflow/.local/lib/python3.8/site-packages/airflow/example_dags/example_nested_branch_dag.py
[2023-11-29T20:52:40.489+0000] {logging_mixin.py:154} INFO - [2023-11-29T20:52:40.489+0000] {dag.py:2941} INFO - Sync 1 DAGs
[2023-11-29T20:52:40.503+0000] {logging_mixin.py:154} INFO - [2023-11-29T20:52:40.502+0000] {dag.py:3722} INFO - Setting next_dagrun for example_nested_branch_dag to 2023-11-28T00:00:00+00:00, run_after=2023-11-29T00:00:00+00:00
[2023-11-29T20:52:40.512+0000] {processor.py:179} INFO - Processing /home/airflow/.local/lib/python3.8/site-packages/airflow/example_dags/example_nested_branch_dag.py took 0.046 seconds
[2023-11-29T20:53:10.621+0000] {processor.py:157} INFO - Started process (PID=213) to work on /home/airflow/.local/lib/python3.8/site-packages/airflow/example_dags/example_nested_branch_dag.py
[2023-11-29T20:53:10.621+0000] {processor.py:829} INFO - Processing file /home/airflow/.local/lib/python3.8/site-packages/airflow/example_dags/example_nested_branch_dag.py for tasks to queue
[2023-11-29T20:53:10.623+0000] {logging_mixin.py:154} INFO - [2023-11-29T20:53:10.623+0000] {dagbag.py:536} INFO - Filling up the DagBag from /home/airflow/.local/lib/python3.8/site-packages/airflow/example_dags/example_nested_branch_dag.py
[2023-11-29T20:53:10.629+0000] {processor.py:839} INFO - DAG(s) dict_keys(['example_nested_branch_dag']) retrieved from /home/airflow/.local/lib/python3.8/site-packages/airflow/example_dags/example_nested_branch_dag.py
[2023-11-29T20:53:10.643+0000] {logging_mixin.py:154} INFO - [2023-11-29T20:53:10.643+0000] {dag.py:2941} INFO - Sync 1 DAGs
[2023-11-29T20:53:10.656+0000] {logging_mixin.py:154} INFO - [2023-11-29T20:53:10.656+0000] {dag.py:3722} INFO - Setting next_dagrun for example_nested_branch_dag to 2023-11-28T00:00:00+00:00, run_after=2023-11-29T00:00:00+00:00
[2023-11-29T20:53:10.665+0000] {processor.py:179} INFO - Processing /home/airflow/.local/lib/python3.8/site-packages/airflow/example_dags/example_nested_branch_dag.py took 0.046 seconds
[2023-11-29T20:53:40.695+0000] {processor.py:157} INFO - Started process (PID=267) to work on /home/airflow/.local/lib/python3.8/site-packages/airflow/example_dags/example_nested_branch_dag.py
[2023-11-29T20:53:40.695+0000] {processor.py:829} INFO - Processing file /home/airflow/.local/lib/python3.8/site-packages/airflow/example_dags/example_nested_branch_dag.py for tasks to queue
[2023-11-29T20:53:40.697+0000] {logging_mixin.py:154} INFO - [2023-11-29T20:53:40.697+0000] {dagbag.py:536} INFO - Filling up the DagBag from /home/airflow/.local/lib/python3.8/site-packages/airflow/example_dags/example_nested_branch_dag.py
[2023-11-29T20:53:40.703+0000] {processor.py:839} INFO - DAG(s) dict_keys(['example_nested_branch_dag']) retrieved from /home/airflow/.local/lib/python3.8/site-packages/airflow/example_dags/example_nested_branch_dag.py
[2023-11-29T20:53:40.717+0000] {logging_mixin.py:154} INFO - [2023-11-29T20:53:40.717+0000] {dag.py:2941} INFO - Sync 1 DAGs
[2023-11-29T20:53:40.731+0000] {logging_mixin.py:154} INFO - [2023-11-29T20:53:40.731+0000] {dag.py:3722} INFO - Setting next_dagrun for example_nested_branch_dag to 2023-11-28T00:00:00+00:00, run_after=2023-11-29T00:00:00+00:00
[2023-11-29T20:53:40.743+0000] {processor.py:179} INFO - Processing /home/airflow/.local/lib/python3.8/site-packages/airflow/example_dags/example_nested_branch_dag.py took 0.050 seconds
[2023-11-29T20:54:10.814+0000] {processor.py:157} INFO - Started process (PID=321) to work on /home/airflow/.local/lib/python3.8/site-packages/airflow/example_dags/example_nested_branch_dag.py
[2023-11-29T20:54:10.815+0000] {processor.py:829} INFO - Processing file /home/airflow/.local/lib/python3.8/site-packages/airflow/example_dags/example_nested_branch_dag.py for tasks to queue
[2023-11-29T20:54:10.816+0000] {logging_mixin.py:154} INFO - [2023-11-29T20:54:10.816+0000] {dagbag.py:536} INFO - Filling up the DagBag from /home/airflow/.local/lib/python3.8/site-packages/airflow/example_dags/example_nested_branch_dag.py
[2023-11-29T20:54:10.822+0000] {processor.py:839} INFO - DAG(s) dict_keys(['example_nested_branch_dag']) retrieved from /home/airflow/.local/lib/python3.8/site-packages/airflow/example_dags/example_nested_branch_dag.py
[2023-11-29T20:54:10.834+0000] {logging_mixin.py:154} INFO - [2023-11-29T20:54:10.834+0000] {dag.py:2941} INFO - Sync 1 DAGs
[2023-11-29T20:54:10.847+0000] {logging_mixin.py:154} INFO - [2023-11-29T20:54:10.847+0000] {dag.py:3722} INFO - Setting next_dagrun for example_nested_branch_dag to 2023-11-28T00:00:00+00:00, run_after=2023-11-29T00:00:00+00:00
[2023-11-29T20:54:10.856+0000] {processor.py:179} INFO - Processing /home/airflow/.local/lib/python3.8/site-packages/airflow/example_dags/example_nested_branch_dag.py took 0.044 seconds
[2023-11-29T20:54:40.904+0000] {processor.py:157} INFO - Started process (PID=375) to work on /home/airflow/.local/lib/python3.8/site-packages/airflow/example_dags/example_nested_branch_dag.py
[2023-11-29T20:54:40.905+0000] {processor.py:829} INFO - Processing file /home/airflow/.local/lib/python3.8/site-packages/airflow/example_dags/example_nested_branch_dag.py for tasks to queue
[2023-11-29T20:54:40.906+0000] {logging_mixin.py:154} INFO - [2023-11-29T20:54:40.906+0000] {dagbag.py:536} INFO - Filling up the DagBag from /home/airflow/.local/lib/python3.8/site-packages/airflow/example_dags/example_nested_branch_dag.py
[2023-11-29T20:54:40.912+0000] {processor.py:839} INFO - DAG(s) dict_keys(['example_nested_branch_dag']) retrieved from /home/airflow/.local/lib/python3.8/site-packages/airflow/example_dags/example_nested_branch_dag.py
[2023-11-29T20:54:40.924+0000] {logging_mixin.py:154} INFO - [2023-11-29T20:54:40.924+0000] {dag.py:2941} INFO - Sync 1 DAGs
[2023-11-29T20:54:40.937+0000] {logging_mixin.py:154} INFO - [2023-11-29T20:54:40.936+0000] {dag.py:3722} INFO - Setting next_dagrun for example_nested_branch_dag to 2023-11-28T00:00:00+00:00, run_after=2023-11-29T00:00:00+00:00
[2023-11-29T20:54:40.947+0000] {processor.py:179} INFO - Processing /home/airflow/.local/lib/python3.8/site-packages/airflow/example_dags/example_nested_branch_dag.py took 0.044 seconds
[2023-11-29T20:55:10.987+0000] {processor.py:157} INFO - Started process (PID=429) to work on /home/airflow/.local/lib/python3.8/site-packages/airflow/example_dags/example_nested_branch_dag.py
[2023-11-29T20:55:10.987+0000] {processor.py:829} INFO - Processing file /home/airflow/.local/lib/python3.8/site-packages/airflow/example_dags/example_nested_branch_dag.py for tasks to queue
[2023-11-29T20:55:10.989+0000] {logging_mixin.py:154} INFO - [2023-11-29T20:55:10.989+0000] {dagbag.py:536} INFO - Filling up the DagBag from /home/airflow/.local/lib/python3.8/site-packages/airflow/example_dags/example_nested_branch_dag.py
[2023-11-29T20:55:10.995+0000] {processor.py:839} INFO - DAG(s) dict_keys(['example_nested_branch_dag']) retrieved from /home/airflow/.local/lib/python3.8/site-packages/airflow/example_dags/example_nested_branch_dag.py
[2023-11-29T20:55:11.008+0000] {logging_mixin.py:154} INFO - [2023-11-29T20:55:11.008+0000] {dag.py:2941} INFO - Sync 1 DAGs
[2023-11-29T20:55:11.021+0000] {logging_mixin.py:154} INFO - [2023-11-29T20:55:11.020+0000] {dag.py:3722} INFO - Setting next_dagrun for example_nested_branch_dag to 2023-11-28T00:00:00+00:00, run_after=2023-11-29T00:00:00+00:00
[2023-11-29T20:55:11.031+0000] {processor.py:179} INFO - Processing /home/airflow/.local/lib/python3.8/site-packages/airflow/example_dags/example_nested_branch_dag.py took 0.047 seconds
[2023-11-29T20:55:41.128+0000] {processor.py:157} INFO - Started process (PID=483) to work on /home/airflow/.local/lib/python3.8/site-packages/airflow/example_dags/example_nested_branch_dag.py
[2023-11-29T20:55:41.129+0000] {processor.py:829} INFO - Processing file /home/airflow/.local/lib/python3.8/site-packages/airflow/example_dags/example_nested_branch_dag.py for tasks to queue
[2023-11-29T20:55:41.131+0000] {logging_mixin.py:154} INFO - [2023-11-29T20:55:41.131+0000] {dagbag.py:536} INFO - Filling up the DagBag from /home/airflow/.local/lib/python3.8/site-packages/airflow/example_dags/example_nested_branch_dag.py
[2023-11-29T20:55:41.138+0000] {processor.py:839} INFO - DAG(s) dict_keys(['example_nested_branch_dag']) retrieved from /home/airflow/.local/lib/python3.8/site-packages/airflow/example_dags/example_nested_branch_dag.py
[2023-11-29T20:55:41.152+0000] {logging_mixin.py:154} INFO - [2023-11-29T20:55:41.152+0000] {dag.py:2941} INFO - Sync 1 DAGs
[2023-11-29T20:55:41.167+0000] {logging_mixin.py:154} INFO - [2023-11-29T20:55:41.167+0000] {dag.py:3722} INFO - Setting next_dagrun for example_nested_branch_dag to 2023-11-28T00:00:00+00:00, run_after=2023-11-29T00:00:00+00:00
[2023-11-29T20:55:41.179+0000] {processor.py:179} INFO - Processing /home/airflow/.local/lib/python3.8/site-packages/airflow/example_dags/example_nested_branch_dag.py took 0.054 seconds
[2023-11-29T20:56:11.251+0000] {processor.py:157} INFO - Started process (PID=537) to work on /home/airflow/.local/lib/python3.8/site-packages/airflow/example_dags/example_nested_branch_dag.py
[2023-11-29T20:56:11.251+0000] {processor.py:829} INFO - Processing file /home/airflow/.local/lib/python3.8/site-packages/airflow/example_dags/example_nested_branch_dag.py for tasks to queue
[2023-11-29T20:56:11.253+0000] {logging_mixin.py:154} INFO - [2023-11-29T20:56:11.253+0000] {dagbag.py:536} INFO - Filling up the DagBag from /home/airflow/.local/lib/python3.8/site-packages/airflow/example_dags/example_nested_branch_dag.py
[2023-11-29T20:56:11.258+0000] {processor.py:839} INFO - DAG(s) dict_keys(['example_nested_branch_dag']) retrieved from /home/airflow/.local/lib/python3.8/site-packages/airflow/example_dags/example_nested_branch_dag.py
[2023-11-29T20:56:11.272+0000] {logging_mixin.py:154} INFO - [2023-11-29T20:56:11.271+0000] {dag.py:2941} INFO - Sync 1 DAGs
[2023-11-29T20:56:11.284+0000] {logging_mixin.py:154} INFO - [2023-11-29T20:56:11.284+0000] {dag.py:3722} INFO - Setting next_dagrun for example_nested_branch_dag to 2023-11-28T00:00:00+00:00, run_after=2023-11-29T00:00:00+00:00
[2023-11-29T20:56:11.294+0000] {processor.py:179} INFO - Processing /home/airflow/.local/lib/python3.8/site-packages/airflow/example_dags/example_nested_branch_dag.py took 0.045 seconds
[2023-11-29T20:56:42.246+0000] {processor.py:157} INFO - Started process (PID=591) to work on /home/airflow/.local/lib/python3.8/site-packages/airflow/example_dags/example_nested_branch_dag.py
[2023-11-29T20:56:42.247+0000] {processor.py:829} INFO - Processing file /home/airflow/.local/lib/python3.8/site-packages/airflow/example_dags/example_nested_branch_dag.py for tasks to queue
[2023-11-29T20:56:42.249+0000] {logging_mixin.py:154} INFO - [2023-11-29T20:56:42.249+0000] {dagbag.py:536} INFO - Filling up the DagBag from /home/airflow/.local/lib/python3.8/site-packages/airflow/example_dags/example_nested_branch_dag.py
[2023-11-29T20:56:42.255+0000] {processor.py:839} INFO - DAG(s) dict_keys(['example_nested_branch_dag']) retrieved from /home/airflow/.local/lib/python3.8/site-packages/airflow/example_dags/example_nested_branch_dag.py
[2023-11-29T20:56:42.270+0000] {logging_mixin.py:154} INFO - [2023-11-29T20:56:42.270+0000] {dag.py:2941} INFO - Sync 1 DAGs
[2023-11-29T20:56:42.286+0000] {logging_mixin.py:154} INFO - [2023-11-29T20:56:42.286+0000] {dag.py:3722} INFO - Setting next_dagrun for example_nested_branch_dag to 2023-11-28T00:00:00+00:00, run_after=2023-11-29T00:00:00+00:00
[2023-11-29T20:56:42.297+0000] {processor.py:179} INFO - Processing /home/airflow/.local/lib/python3.8/site-packages/airflow/example_dags/example_nested_branch_dag.py took 0.053 seconds
[2023-11-29T20:57:12.324+0000] {processor.py:157} INFO - Started process (PID=645) to work on /home/airflow/.local/lib/python3.8/site-packages/airflow/example_dags/example_nested_branch_dag.py
[2023-11-29T20:57:12.325+0000] {processor.py:829} INFO - Processing file /home/airflow/.local/lib/python3.8/site-packages/airflow/example_dags/example_nested_branch_dag.py for tasks to queue
[2023-11-29T20:57:12.326+0000] {logging_mixin.py:154} INFO - [2023-11-29T20:57:12.326+0000] {dagbag.py:536} INFO - Filling up the DagBag from /home/airflow/.local/lib/python3.8/site-packages/airflow/example_dags/example_nested_branch_dag.py
[2023-11-29T20:57:12.332+0000] {processor.py:839} INFO - DAG(s) dict_keys(['example_nested_branch_dag']) retrieved from /home/airflow/.local/lib/python3.8/site-packages/airflow/example_dags/example_nested_branch_dag.py
[2023-11-29T20:57:12.346+0000] {logging_mixin.py:154} INFO - [2023-11-29T20:57:12.346+0000] {dag.py:2941} INFO - Sync 1 DAGs
[2023-11-29T20:57:12.359+0000] {logging_mixin.py:154} INFO - [2023-11-29T20:57:12.358+0000] {dag.py:3722} INFO - Setting next_dagrun for example_nested_branch_dag to 2023-11-28T00:00:00+00:00, run_after=2023-11-29T00:00:00+00:00
[2023-11-29T20:57:12.368+0000] {processor.py:179} INFO - Processing /home/airflow/.local/lib/python3.8/site-packages/airflow/example_dags/example_nested_branch_dag.py took 0.046 seconds
[2023-11-29T20:57:42.387+0000] {processor.py:157} INFO - Started process (PID=699) to work on /home/airflow/.local/lib/python3.8/site-packages/airflow/example_dags/example_nested_branch_dag.py
[2023-11-29T20:57:42.387+0000] {processor.py:829} INFO - Processing file /home/airflow/.local/lib/python3.8/site-packages/airflow/example_dags/example_nested_branch_dag.py for tasks to queue
[2023-11-29T20:57:42.389+0000] {logging_mixin.py:154} INFO - [2023-11-29T20:57:42.389+0000] {dagbag.py:536} INFO - Filling up the DagBag from /home/airflow/.local/lib/python3.8/site-packages/airflow/example_dags/example_nested_branch_dag.py
[2023-11-29T20:57:42.395+0000] {processor.py:839} INFO - DAG(s) dict_keys(['example_nested_branch_dag']) retrieved from /home/airflow/.local/lib/python3.8/site-packages/airflow/example_dags/example_nested_branch_dag.py
[2023-11-29T20:57:42.408+0000] {logging_mixin.py:154} INFO - [2023-11-29T20:57:42.407+0000] {dag.py:2941} INFO - Sync 1 DAGs
[2023-11-29T20:57:42.420+0000] {logging_mixin.py:154} INFO - [2023-11-29T20:57:42.420+0000] {dag.py:3722} INFO - Setting next_dagrun for example_nested_branch_dag to 2023-11-28T00:00:00+00:00, run_after=2023-11-29T00:00:00+00:00
[2023-11-29T20:57:42.430+0000] {processor.py:179} INFO - Processing /home/airflow/.local/lib/python3.8/site-packages/airflow/example_dags/example_nested_branch_dag.py took 0.046 seconds
[2023-11-29T20:58:12.512+0000] {processor.py:157} INFO - Started process (PID=753) to work on /home/airflow/.local/lib/python3.8/site-packages/airflow/example_dags/example_nested_branch_dag.py
[2023-11-29T20:58:12.513+0000] {processor.py:829} INFO - Processing file /home/airflow/.local/lib/python3.8/site-packages/airflow/example_dags/example_nested_branch_dag.py for tasks to queue
[2023-11-29T20:58:12.515+0000] {logging_mixin.py:154} INFO - [2023-11-29T20:58:12.515+0000] {dagbag.py:536} INFO - Filling up the DagBag from /home/airflow/.local/lib/python3.8/site-packages/airflow/example_dags/example_nested_branch_dag.py
[2023-11-29T20:58:12.521+0000] {processor.py:839} INFO - DAG(s) dict_keys(['example_nested_branch_dag']) retrieved from /home/airflow/.local/lib/python3.8/site-packages/airflow/example_dags/example_nested_branch_dag.py
[2023-11-29T20:58:12.534+0000] {logging_mixin.py:154} INFO - [2023-11-29T20:58:12.534+0000] {dag.py:2941} INFO - Sync 1 DAGs
[2023-11-29T20:58:12.547+0000] {logging_mixin.py:154} INFO - [2023-11-29T20:58:12.547+0000] {dag.py:3722} INFO - Setting next_dagrun for example_nested_branch_dag to 2023-11-28T00:00:00+00:00, run_after=2023-11-29T00:00:00+00:00
[2023-11-29T20:58:12.556+0000] {processor.py:179} INFO - Processing /home/airflow/.local/lib/python3.8/site-packages/airflow/example_dags/example_nested_branch_dag.py took 0.046 seconds
[2023-11-29T20:58:42.689+0000] {processor.py:157} INFO - Started process (PID=807) to work on /home/airflow/.local/lib/python3.8/site-packages/airflow/example_dags/example_nested_branch_dag.py
[2023-11-29T20:58:42.690+0000] {processor.py:829} INFO - Processing file /home/airflow/.local/lib/python3.8/site-packages/airflow/example_dags/example_nested_branch_dag.py for tasks to queue
[2023-11-29T20:58:42.691+0000] {logging_mixin.py:154} INFO - [2023-11-29T20:58:42.691+0000] {dagbag.py:536} INFO - Filling up the DagBag from /home/airflow/.local/lib/python3.8/site-packages/airflow/example_dags/example_nested_branch_dag.py
[2023-11-29T20:58:42.697+0000] {processor.py:839} INFO - DAG(s) dict_keys(['example_nested_branch_dag']) retrieved from /home/airflow/.local/lib/python3.8/site-packages/airflow/example_dags/example_nested_branch_dag.py
[2023-11-29T20:58:42.711+0000] {logging_mixin.py:154} INFO - [2023-11-29T20:58:42.711+0000] {dag.py:2941} INFO - Sync 1 DAGs
[2023-11-29T20:58:42.723+0000] {logging_mixin.py:154} INFO - [2023-11-29T20:58:42.723+0000] {dag.py:3722} INFO - Setting next_dagrun for example_nested_branch_dag to 2023-11-28T00:00:00+00:00, run_after=2023-11-29T00:00:00+00:00
[2023-11-29T20:58:42.733+0000] {processor.py:179} INFO - Processing /home/airflow/.local/lib/python3.8/site-packages/airflow/example_dags/example_nested_branch_dag.py took 0.047 seconds
[2023-11-29T20:59:13.552+0000] {processor.py:157} INFO - Started process (PID=861) to work on /home/airflow/.local/lib/python3.8/site-packages/airflow/example_dags/example_nested_branch_dag.py
[2023-11-29T20:59:13.553+0000] {processor.py:829} INFO - Processing file /home/airflow/.local/lib/python3.8/site-packages/airflow/example_dags/example_nested_branch_dag.py for tasks to queue
[2023-11-29T20:59:13.554+0000] {logging_mixin.py:154} INFO - [2023-11-29T20:59:13.554+0000] {dagbag.py:536} INFO - Filling up the DagBag from /home/airflow/.local/lib/python3.8/site-packages/airflow/example_dags/example_nested_branch_dag.py
[2023-11-29T20:59:13.560+0000] {processor.py:839} INFO - DAG(s) dict_keys(['example_nested_branch_dag']) retrieved from /home/airflow/.local/lib/python3.8/site-packages/airflow/example_dags/example_nested_branch_dag.py
[2023-11-29T20:59:13.573+0000] {logging_mixin.py:154} INFO - [2023-11-29T20:59:13.573+0000] {dag.py:2941} INFO - Sync 1 DAGs
[2023-11-29T20:59:13.585+0000] {logging_mixin.py:154} INFO - [2023-11-29T20:59:13.585+0000] {dag.py:3722} INFO - Setting next_dagrun for example_nested_branch_dag to 2023-11-28T00:00:00+00:00, run_after=2023-11-29T00:00:00+00:00
[2023-11-29T20:59:13.594+0000] {processor.py:179} INFO - Processing /home/airflow/.local/lib/python3.8/site-packages/airflow/example_dags/example_nested_branch_dag.py took 0.044 seconds
[2023-11-29T20:59:44.422+0000] {processor.py:157} INFO - Started process (PID=915) to work on /home/airflow/.local/lib/python3.8/site-packages/airflow/example_dags/example_nested_branch_dag.py
[2023-11-29T20:59:44.422+0000] {processor.py:829} INFO - Processing file /home/airflow/.local/lib/python3.8/site-packages/airflow/example_dags/example_nested_branch_dag.py for tasks to queue
[2023-11-29T20:59:44.424+0000] {logging_mixin.py:154} INFO - [2023-11-29T20:59:44.424+0000] {dagbag.py:536} INFO - Filling up the DagBag from /home/airflow/.local/lib/python3.8/site-packages/airflow/example_dags/example_nested_branch_dag.py
[2023-11-29T20:59:44.430+0000] {processor.py:839} INFO - DAG(s) dict_keys(['example_nested_branch_dag']) retrieved from /home/airflow/.local/lib/python3.8/site-packages/airflow/example_dags/example_nested_branch_dag.py
[2023-11-29T20:59:44.443+0000] {logging_mixin.py:154} INFO - [2023-11-29T20:59:44.443+0000] {dag.py:2941} INFO - Sync 1 DAGs
[2023-11-29T20:59:44.456+0000] {logging_mixin.py:154} INFO - [2023-11-29T20:59:44.456+0000] {dag.py:3722} INFO - Setting next_dagrun for example_nested_branch_dag to 2023-11-28T00:00:00+00:00, run_after=2023-11-29T00:00:00+00:00
[2023-11-29T20:59:44.466+0000] {processor.py:179} INFO - Processing /home/airflow/.local/lib/python3.8/site-packages/airflow/example_dags/example_nested_branch_dag.py took 0.046 seconds
[2023-11-29T21:00:15.222+0000] {processor.py:157} INFO - Started process (PID=969) to work on /home/airflow/.local/lib/python3.8/site-packages/airflow/example_dags/example_nested_branch_dag.py
[2023-11-29T21:00:15.223+0000] {processor.py:829} INFO - Processing file /home/airflow/.local/lib/python3.8/site-packages/airflow/example_dags/example_nested_branch_dag.py for tasks to queue
[2023-11-29T21:00:15.224+0000] {logging_mixin.py:154} INFO - [2023-11-29T21:00:15.224+0000] {dagbag.py:536} INFO - Filling up the DagBag from /home/airflow/.local/lib/python3.8/site-packages/airflow/example_dags/example_nested_branch_dag.py
[2023-11-29T21:00:15.231+0000] {processor.py:839} INFO - DAG(s) dict_keys(['example_nested_branch_dag']) retrieved from /home/airflow/.local/lib/python3.8/site-packages/airflow/example_dags/example_nested_branch_dag.py
[2023-11-29T21:00:15.243+0000] {logging_mixin.py:154} INFO - [2023-11-29T21:00:15.243+0000] {dag.py:2941} INFO - Sync 1 DAGs
[2023-11-29T21:00:15.257+0000] {logging_mixin.py:154} INFO - [2023-11-29T21:00:15.257+0000] {dag.py:3722} INFO - Setting next_dagrun for example_nested_branch_dag to 2023-11-28T00:00:00+00:00, run_after=2023-11-29T00:00:00+00:00
[2023-11-29T21:00:15.266+0000] {processor.py:179} INFO - Processing /home/airflow/.local/lib/python3.8/site-packages/airflow/example_dags/example_nested_branch_dag.py took 0.046 seconds
[2023-11-29T21:00:46.122+0000] {processor.py:157} INFO - Started process (PID=1023) to work on /home/airflow/.local/lib/python3.8/site-packages/airflow/example_dags/example_nested_branch_dag.py
[2023-11-29T21:00:46.123+0000] {processor.py:829} INFO - Processing file /home/airflow/.local/lib/python3.8/site-packages/airflow/example_dags/example_nested_branch_dag.py for tasks to queue
[2023-11-29T21:00:46.124+0000] {logging_mixin.py:154} INFO - [2023-11-29T21:00:46.124+0000] {dagbag.py:536} INFO - Filling up the DagBag from /home/airflow/.local/lib/python3.8/site-packages/airflow/example_dags/example_nested_branch_dag.py
[2023-11-29T21:00:46.130+0000] {processor.py:839} INFO - DAG(s) dict_keys(['example_nested_branch_dag']) retrieved from /home/airflow/.local/lib/python3.8/site-packages/airflow/example_dags/example_nested_branch_dag.py
[2023-11-29T21:00:46.142+0000] {logging_mixin.py:154} INFO - [2023-11-29T21:00:46.142+0000] {dag.py:2941} INFO - Sync 1 DAGs
[2023-11-29T21:00:46.154+0000] {logging_mixin.py:154} INFO - [2023-11-29T21:00:46.154+0000] {dag.py:3722} INFO - Setting next_dagrun for example_nested_branch_dag to 2023-11-28T00:00:00+00:00, run_after=2023-11-29T00:00:00+00:00
[2023-11-29T21:00:46.165+0000] {processor.py:179} INFO - Processing /home/airflow/.local/lib/python3.8/site-packages/airflow/example_dags/example_nested_branch_dag.py took 0.045 seconds
[2023-11-29T21:01:17.107+0000] {processor.py:157} INFO - Started process (PID=1077) to work on /home/airflow/.local/lib/python3.8/site-packages/airflow/example_dags/example_nested_branch_dag.py
[2023-11-29T21:01:17.108+0000] {processor.py:829} INFO - Processing file /home/airflow/.local/lib/python3.8/site-packages/airflow/example_dags/example_nested_branch_dag.py for tasks to queue
[2023-11-29T21:01:17.109+0000] {logging_mixin.py:154} INFO - [2023-11-29T21:01:17.109+0000] {dagbag.py:536} INFO - Filling up the DagBag from /home/airflow/.local/lib/python3.8/site-packages/airflow/example_dags/example_nested_branch_dag.py
[2023-11-29T21:01:17.115+0000] {processor.py:839} INFO - DAG(s) dict_keys(['example_nested_branch_dag']) retrieved from /home/airflow/.local/lib/python3.8/site-packages/airflow/example_dags/example_nested_branch_dag.py
[2023-11-29T21:01:17.127+0000] {logging_mixin.py:154} INFO - [2023-11-29T21:01:17.127+0000] {dag.py:2941} INFO - Sync 1 DAGs
[2023-11-29T21:01:17.140+0000] {logging_mixin.py:154} INFO - [2023-11-29T21:01:17.140+0000] {dag.py:3722} INFO - Setting next_dagrun for example_nested_branch_dag to 2023-11-28T00:00:00+00:00, run_after=2023-11-29T00:00:00+00:00
[2023-11-29T21:01:17.150+0000] {processor.py:179} INFO - Processing /home/airflow/.local/lib/python3.8/site-packages/airflow/example_dags/example_nested_branch_dag.py took 0.045 seconds
[2023-11-29T21:01:47.990+0000] {processor.py:157} INFO - Started process (PID=1131) to work on /home/airflow/.local/lib/python3.8/site-packages/airflow/example_dags/example_nested_branch_dag.py
[2023-11-29T21:01:47.991+0000] {processor.py:829} INFO - Processing file /home/airflow/.local/lib/python3.8/site-packages/airflow/example_dags/example_nested_branch_dag.py for tasks to queue
[2023-11-29T21:01:47.992+0000] {logging_mixin.py:154} INFO - [2023-11-29T21:01:47.992+0000] {dagbag.py:536} INFO - Filling up the DagBag from /home/airflow/.local/lib/python3.8/site-packages/airflow/example_dags/example_nested_branch_dag.py
[2023-11-29T21:01:47.998+0000] {processor.py:839} INFO - DAG(s) dict_keys(['example_nested_branch_dag']) retrieved from /home/airflow/.local/lib/python3.8/site-packages/airflow/example_dags/example_nested_branch_dag.py
[2023-11-29T21:01:48.012+0000] {logging_mixin.py:154} INFO - [2023-11-29T21:01:48.011+0000] {dag.py:2941} INFO - Sync 1 DAGs
[2023-11-29T21:01:48.024+0000] {logging_mixin.py:154} INFO - [2023-11-29T21:01:48.024+0000] {dag.py:3722} INFO - Setting next_dagrun for example_nested_branch_dag to 2023-11-28T00:00:00+00:00, run_after=2023-11-29T00:00:00+00:00
[2023-11-29T21:01:48.034+0000] {processor.py:179} INFO - Processing /home/airflow/.local/lib/python3.8/site-packages/airflow/example_dags/example_nested_branch_dag.py took 0.047 seconds
[2023-11-29T21:41:07.697+0000] {processor.py:157} INFO - Started process (PID=43) to work on /home/airflow/.local/lib/python3.8/site-packages/airflow/example_dags/example_nested_branch_dag.py
[2023-11-29T21:41:07.698+0000] {processor.py:829} INFO - Processing file /home/airflow/.local/lib/python3.8/site-packages/airflow/example_dags/example_nested_branch_dag.py for tasks to queue
[2023-11-29T21:41:07.700+0000] {logging_mixin.py:154} INFO - [2023-11-29T21:41:07.699+0000] {dagbag.py:536} INFO - Filling up the DagBag from /home/airflow/.local/lib/python3.8/site-packages/airflow/example_dags/example_nested_branch_dag.py
[2023-11-29T21:41:07.708+0000] {processor.py:839} INFO - DAG(s) dict_keys(['example_nested_branch_dag']) retrieved from /home/airflow/.local/lib/python3.8/site-packages/airflow/example_dags/example_nested_branch_dag.py
[2023-11-29T21:41:07.777+0000] {logging_mixin.py:154} INFO - [2023-11-29T21:41:07.776+0000] {manager.py:499} INFO - Created Permission View: %s
[2023-11-29T21:41:07.782+0000] {logging_mixin.py:154} INFO - [2023-11-29T21:41:07.782+0000] {manager.py:499} INFO - Created Permission View: %s
[2023-11-29T21:41:07.787+0000] {logging_mixin.py:154} INFO - [2023-11-29T21:41:07.786+0000] {manager.py:499} INFO - Created Permission View: %s
[2023-11-29T21:41:07.787+0000] {logging_mixin.py:154} INFO - [2023-11-29T21:41:07.787+0000] {dag.py:2941} INFO - Sync 1 DAGs
[2023-11-29T21:41:07.793+0000] {logging_mixin.py:154} INFO - [2023-11-29T21:41:07.793+0000] {dag.py:2963} INFO - Creating ORM DAG for example_nested_branch_dag
[2023-11-29T21:41:07.799+0000] {logging_mixin.py:154} INFO - [2023-11-29T21:41:07.799+0000] {dag.py:3722} INFO - Setting next_dagrun for example_nested_branch_dag to 2023-11-28T00:00:00+00:00, run_after=2023-11-29T00:00:00+00:00
[2023-11-29T21:41:07.810+0000] {processor.py:179} INFO - Processing /home/airflow/.local/lib/python3.8/site-packages/airflow/example_dags/example_nested_branch_dag.py took 0.115 seconds
[2023-11-29T21:41:37.915+0000] {processor.py:157} INFO - Started process (PID=97) to work on /home/airflow/.local/lib/python3.8/site-packages/airflow/example_dags/example_nested_branch_dag.py
[2023-11-29T21:41:37.916+0000] {processor.py:829} INFO - Processing file /home/airflow/.local/lib/python3.8/site-packages/airflow/example_dags/example_nested_branch_dag.py for tasks to queue
[2023-11-29T21:41:37.917+0000] {logging_mixin.py:154} INFO - [2023-11-29T21:41:37.917+0000] {dagbag.py:536} INFO - Filling up the DagBag from /home/airflow/.local/lib/python3.8/site-packages/airflow/example_dags/example_nested_branch_dag.py
[2023-11-29T21:41:37.924+0000] {processor.py:839} INFO - DAG(s) dict_keys(['example_nested_branch_dag']) retrieved from /home/airflow/.local/lib/python3.8/site-packages/airflow/example_dags/example_nested_branch_dag.py
[2023-11-29T21:41:37.938+0000] {logging_mixin.py:154} INFO - [2023-11-29T21:41:37.938+0000] {dag.py:2941} INFO - Sync 1 DAGs
[2023-11-29T21:41:37.953+0000] {logging_mixin.py:154} INFO - [2023-11-29T21:41:37.953+0000] {dag.py:3722} INFO - Setting next_dagrun for example_nested_branch_dag to 2023-11-28T00:00:00+00:00, run_after=2023-11-29T00:00:00+00:00
[2023-11-29T21:41:37.963+0000] {processor.py:179} INFO - Processing /home/airflow/.local/lib/python3.8/site-packages/airflow/example_dags/example_nested_branch_dag.py took 0.051 seconds
[2023-11-29T21:42:08.563+0000] {processor.py:157} INFO - Started process (PID=151) to work on /home/airflow/.local/lib/python3.8/site-packages/airflow/example_dags/example_nested_branch_dag.py
[2023-11-29T21:42:08.563+0000] {processor.py:829} INFO - Processing file /home/airflow/.local/lib/python3.8/site-packages/airflow/example_dags/example_nested_branch_dag.py for tasks to queue
[2023-11-29T21:42:08.565+0000] {logging_mixin.py:154} INFO - [2023-11-29T21:42:08.565+0000] {dagbag.py:536} INFO - Filling up the DagBag from /home/airflow/.local/lib/python3.8/site-packages/airflow/example_dags/example_nested_branch_dag.py
[2023-11-29T21:42:08.572+0000] {processor.py:839} INFO - DAG(s) dict_keys(['example_nested_branch_dag']) retrieved from /home/airflow/.local/lib/python3.8/site-packages/airflow/example_dags/example_nested_branch_dag.py
[2023-11-29T21:42:08.585+0000] {logging_mixin.py:154} INFO - [2023-11-29T21:42:08.585+0000] {dag.py:2941} INFO - Sync 1 DAGs
[2023-11-29T21:42:08.598+0000] {logging_mixin.py:154} INFO - [2023-11-29T21:42:08.598+0000] {dag.py:3722} INFO - Setting next_dagrun for example_nested_branch_dag to 2023-11-28T00:00:00+00:00, run_after=2023-11-29T00:00:00+00:00
[2023-11-29T21:42:08.608+0000] {processor.py:179} INFO - Processing /home/airflow/.local/lib/python3.8/site-packages/airflow/example_dags/example_nested_branch_dag.py took 0.047 seconds
[2023-11-29T21:42:39.284+0000] {processor.py:157} INFO - Started process (PID=205) to work on /home/airflow/.local/lib/python3.8/site-packages/airflow/example_dags/example_nested_branch_dag.py
[2023-11-29T21:42:39.285+0000] {processor.py:829} INFO - Processing file /home/airflow/.local/lib/python3.8/site-packages/airflow/example_dags/example_nested_branch_dag.py for tasks to queue
[2023-11-29T21:42:39.286+0000] {logging_mixin.py:154} INFO - [2023-11-29T21:42:39.286+0000] {dagbag.py:536} INFO - Filling up the DagBag from /home/airflow/.local/lib/python3.8/site-packages/airflow/example_dags/example_nested_branch_dag.py
[2023-11-29T21:42:39.293+0000] {processor.py:839} INFO - DAG(s) dict_keys(['example_nested_branch_dag']) retrieved from /home/airflow/.local/lib/python3.8/site-packages/airflow/example_dags/example_nested_branch_dag.py
[2023-11-29T21:42:39.306+0000] {logging_mixin.py:154} INFO - [2023-11-29T21:42:39.306+0000] {dag.py:2941} INFO - Sync 1 DAGs
[2023-11-29T21:42:39.319+0000] {logging_mixin.py:154} INFO - [2023-11-29T21:42:39.319+0000] {dag.py:3722} INFO - Setting next_dagrun for example_nested_branch_dag to 2023-11-28T00:00:00+00:00, run_after=2023-11-29T00:00:00+00:00
[2023-11-29T21:42:39.328+0000] {processor.py:179} INFO - Processing /home/airflow/.local/lib/python3.8/site-packages/airflow/example_dags/example_nested_branch_dag.py took 0.047 seconds
[2023-11-29T21:43:09.363+0000] {processor.py:157} INFO - Started process (PID=259) to work on /home/airflow/.local/lib/python3.8/site-packages/airflow/example_dags/example_nested_branch_dag.py
[2023-11-29T21:43:09.364+0000] {processor.py:829} INFO - Processing file /home/airflow/.local/lib/python3.8/site-packages/airflow/example_dags/example_nested_branch_dag.py for tasks to queue
[2023-11-29T21:43:09.365+0000] {logging_mixin.py:154} INFO - [2023-11-29T21:43:09.365+0000] {dagbag.py:536} INFO - Filling up the DagBag from /home/airflow/.local/lib/python3.8/site-packages/airflow/example_dags/example_nested_branch_dag.py
[2023-11-29T21:43:09.372+0000] {processor.py:839} INFO - DAG(s) dict_keys(['example_nested_branch_dag']) retrieved from /home/airflow/.local/lib/python3.8/site-packages/airflow/example_dags/example_nested_branch_dag.py
[2023-11-29T21:43:09.385+0000] {logging_mixin.py:154} INFO - [2023-11-29T21:43:09.385+0000] {dag.py:2941} INFO - Sync 1 DAGs
[2023-11-29T21:43:09.398+0000] {logging_mixin.py:154} INFO - [2023-11-29T21:43:09.398+0000] {dag.py:3722} INFO - Setting next_dagrun for example_nested_branch_dag to 2023-11-28T00:00:00+00:00, run_after=2023-11-29T00:00:00+00:00
[2023-11-29T21:43:09.407+0000] {processor.py:179} INFO - Processing /home/airflow/.local/lib/python3.8/site-packages/airflow/example_dags/example_nested_branch_dag.py took 0.046 seconds
[2023-11-29T21:43:39.457+0000] {processor.py:157} INFO - Started process (PID=312) to work on /home/airflow/.local/lib/python3.8/site-packages/airflow/example_dags/example_nested_branch_dag.py
[2023-11-29T21:43:39.458+0000] {processor.py:829} INFO - Processing file /home/airflow/.local/lib/python3.8/site-packages/airflow/example_dags/example_nested_branch_dag.py for tasks to queue
[2023-11-29T21:43:39.459+0000] {logging_mixin.py:154} INFO - [2023-11-29T21:43:39.459+0000] {dagbag.py:536} INFO - Filling up the DagBag from /home/airflow/.local/lib/python3.8/site-packages/airflow/example_dags/example_nested_branch_dag.py
[2023-11-29T21:43:39.465+0000] {processor.py:839} INFO - DAG(s) dict_keys(['example_nested_branch_dag']) retrieved from /home/airflow/.local/lib/python3.8/site-packages/airflow/example_dags/example_nested_branch_dag.py
[2023-11-29T21:43:39.479+0000] {logging_mixin.py:154} INFO - [2023-11-29T21:43:39.479+0000] {dag.py:2941} INFO - Sync 1 DAGs
[2023-11-29T21:43:39.491+0000] {logging_mixin.py:154} INFO - [2023-11-29T21:43:39.491+0000] {dag.py:3722} INFO - Setting next_dagrun for example_nested_branch_dag to 2023-11-28T00:00:00+00:00, run_after=2023-11-29T00:00:00+00:00
[2023-11-29T21:43:39.500+0000] {processor.py:179} INFO - Processing /home/airflow/.local/lib/python3.8/site-packages/airflow/example_dags/example_nested_branch_dag.py took 0.045 seconds
[2023-11-29T21:44:09.541+0000] {processor.py:157} INFO - Started process (PID=366) to work on /home/airflow/.local/lib/python3.8/site-packages/airflow/example_dags/example_nested_branch_dag.py
[2023-11-29T21:44:09.542+0000] {processor.py:829} INFO - Processing file /home/airflow/.local/lib/python3.8/site-packages/airflow/example_dags/example_nested_branch_dag.py for tasks to queue
[2023-11-29T21:44:09.543+0000] {logging_mixin.py:154} INFO - [2023-11-29T21:44:09.543+0000] {dagbag.py:536} INFO - Filling up the DagBag from /home/airflow/.local/lib/python3.8/site-packages/airflow/example_dags/example_nested_branch_dag.py
[2023-11-29T21:44:09.549+0000] {processor.py:839} INFO - DAG(s) dict_keys(['example_nested_branch_dag']) retrieved from /home/airflow/.local/lib/python3.8/site-packages/airflow/example_dags/example_nested_branch_dag.py
[2023-11-29T21:44:09.563+0000] {logging_mixin.py:154} INFO - [2023-11-29T21:44:09.563+0000] {dag.py:2941} INFO - Sync 1 DAGs
[2023-11-29T21:44:09.576+0000] {logging_mixin.py:154} INFO - [2023-11-29T21:44:09.576+0000] {dag.py:3722} INFO - Setting next_dagrun for example_nested_branch_dag to 2023-11-28T00:00:00+00:00, run_after=2023-11-29T00:00:00+00:00
[2023-11-29T21:44:09.585+0000] {processor.py:179} INFO - Processing /home/airflow/.local/lib/python3.8/site-packages/airflow/example_dags/example_nested_branch_dag.py took 0.046 seconds
[2023-11-29T21:44:39.781+0000] {processor.py:157} INFO - Started process (PID=420) to work on /home/airflow/.local/lib/python3.8/site-packages/airflow/example_dags/example_nested_branch_dag.py
[2023-11-29T21:44:39.782+0000] {processor.py:829} INFO - Processing file /home/airflow/.local/lib/python3.8/site-packages/airflow/example_dags/example_nested_branch_dag.py for tasks to queue
[2023-11-29T21:44:39.783+0000] {logging_mixin.py:154} INFO - [2023-11-29T21:44:39.783+0000] {dagbag.py:536} INFO - Filling up the DagBag from /home/airflow/.local/lib/python3.8/site-packages/airflow/example_dags/example_nested_branch_dag.py
[2023-11-29T21:44:39.789+0000] {processor.py:839} INFO - DAG(s) dict_keys(['example_nested_branch_dag']) retrieved from /home/airflow/.local/lib/python3.8/site-packages/airflow/example_dags/example_nested_branch_dag.py
[2023-11-29T21:44:39.803+0000] {logging_mixin.py:154} INFO - [2023-11-29T21:44:39.803+0000] {dag.py:2941} INFO - Sync 1 DAGs
[2023-11-29T21:44:39.816+0000] {logging_mixin.py:154} INFO - [2023-11-29T21:44:39.815+0000] {dag.py:3722} INFO - Setting next_dagrun for example_nested_branch_dag to 2023-11-28T00:00:00+00:00, run_after=2023-11-29T00:00:00+00:00
[2023-11-29T21:44:39.825+0000] {processor.py:179} INFO - Processing /home/airflow/.local/lib/python3.8/site-packages/airflow/example_dags/example_nested_branch_dag.py took 0.047 seconds
[2023-11-29T21:45:10.014+0000] {processor.py:157} INFO - Started process (PID=474) to work on /home/airflow/.local/lib/python3.8/site-packages/airflow/example_dags/example_nested_branch_dag.py
[2023-11-29T21:45:10.015+0000] {processor.py:829} INFO - Processing file /home/airflow/.local/lib/python3.8/site-packages/airflow/example_dags/example_nested_branch_dag.py for tasks to queue
[2023-11-29T21:45:10.017+0000] {logging_mixin.py:154} INFO - [2023-11-29T21:45:10.017+0000] {dagbag.py:536} INFO - Filling up the DagBag from /home/airflow/.local/lib/python3.8/site-packages/airflow/example_dags/example_nested_branch_dag.py
[2023-11-29T21:45:10.023+0000] {processor.py:839} INFO - DAG(s) dict_keys(['example_nested_branch_dag']) retrieved from /home/airflow/.local/lib/python3.8/site-packages/airflow/example_dags/example_nested_branch_dag.py
[2023-11-29T21:45:10.038+0000] {logging_mixin.py:154} INFO - [2023-11-29T21:45:10.038+0000] {dag.py:2941} INFO - Sync 1 DAGs
[2023-11-29T21:45:10.052+0000] {logging_mixin.py:154} INFO - [2023-11-29T21:45:10.052+0000] {dag.py:3722} INFO - Setting next_dagrun for example_nested_branch_dag to 2023-11-28T00:00:00+00:00, run_after=2023-11-29T00:00:00+00:00
[2023-11-29T21:45:10.062+0000] {processor.py:179} INFO - Processing /home/airflow/.local/lib/python3.8/site-packages/airflow/example_dags/example_nested_branch_dag.py took 0.050 seconds
[2023-11-29T21:45:40.150+0000] {processor.py:157} INFO - Started process (PID=528) to work on /home/airflow/.local/lib/python3.8/site-packages/airflow/example_dags/example_nested_branch_dag.py
[2023-11-29T21:45:40.151+0000] {processor.py:829} INFO - Processing file /home/airflow/.local/lib/python3.8/site-packages/airflow/example_dags/example_nested_branch_dag.py for tasks to queue
[2023-11-29T21:45:40.153+0000] {logging_mixin.py:154} INFO - [2023-11-29T21:45:40.153+0000] {dagbag.py:536} INFO - Filling up the DagBag from /home/airflow/.local/lib/python3.8/site-packages/airflow/example_dags/example_nested_branch_dag.py
[2023-11-29T21:45:40.159+0000] {processor.py:839} INFO - DAG(s) dict_keys(['example_nested_branch_dag']) retrieved from /home/airflow/.local/lib/python3.8/site-packages/airflow/example_dags/example_nested_branch_dag.py
[2023-11-29T21:45:40.173+0000] {logging_mixin.py:154} INFO - [2023-11-29T21:45:40.173+0000] {dag.py:2941} INFO - Sync 1 DAGs
[2023-11-29T21:45:40.187+0000] {logging_mixin.py:154} INFO - [2023-11-29T21:45:40.187+0000] {dag.py:3722} INFO - Setting next_dagrun for example_nested_branch_dag to 2023-11-28T00:00:00+00:00, run_after=2023-11-29T00:00:00+00:00
[2023-11-29T21:45:40.197+0000] {processor.py:179} INFO - Processing /home/airflow/.local/lib/python3.8/site-packages/airflow/example_dags/example_nested_branch_dag.py took 0.050 seconds
[2023-11-29T21:46:10.307+0000] {processor.py:157} INFO - Started process (PID=582) to work on /home/airflow/.local/lib/python3.8/site-packages/airflow/example_dags/example_nested_branch_dag.py
[2023-11-29T21:46:10.308+0000] {processor.py:829} INFO - Processing file /home/airflow/.local/lib/python3.8/site-packages/airflow/example_dags/example_nested_branch_dag.py for tasks to queue
[2023-11-29T21:46:10.309+0000] {logging_mixin.py:154} INFO - [2023-11-29T21:46:10.309+0000] {dagbag.py:536} INFO - Filling up the DagBag from /home/airflow/.local/lib/python3.8/site-packages/airflow/example_dags/example_nested_branch_dag.py
[2023-11-29T21:46:10.315+0000] {processor.py:839} INFO - DAG(s) dict_keys(['example_nested_branch_dag']) retrieved from /home/airflow/.local/lib/python3.8/site-packages/airflow/example_dags/example_nested_branch_dag.py
[2023-11-29T21:46:10.329+0000] {logging_mixin.py:154} INFO - [2023-11-29T21:46:10.329+0000] {dag.py:2941} INFO - Sync 1 DAGs
[2023-11-29T21:46:10.342+0000] {logging_mixin.py:154} INFO - [2023-11-29T21:46:10.342+0000] {dag.py:3722} INFO - Setting next_dagrun for example_nested_branch_dag to 2023-11-28T00:00:00+00:00, run_after=2023-11-29T00:00:00+00:00
[2023-11-29T21:46:10.351+0000] {processor.py:179} INFO - Processing /home/airflow/.local/lib/python3.8/site-packages/airflow/example_dags/example_nested_branch_dag.py took 0.046 seconds
[2023-11-29T21:46:40.389+0000] {processor.py:157} INFO - Started process (PID=636) to work on /home/airflow/.local/lib/python3.8/site-packages/airflow/example_dags/example_nested_branch_dag.py
[2023-11-29T21:46:40.390+0000] {processor.py:829} INFO - Processing file /home/airflow/.local/lib/python3.8/site-packages/airflow/example_dags/example_nested_branch_dag.py for tasks to queue
[2023-11-29T21:46:40.391+0000] {logging_mixin.py:154} INFO - [2023-11-29T21:46:40.391+0000] {dagbag.py:536} INFO - Filling up the DagBag from /home/airflow/.local/lib/python3.8/site-packages/airflow/example_dags/example_nested_branch_dag.py
[2023-11-29T21:46:40.398+0000] {processor.py:839} INFO - DAG(s) dict_keys(['example_nested_branch_dag']) retrieved from /home/airflow/.local/lib/python3.8/site-packages/airflow/example_dags/example_nested_branch_dag.py
[2023-11-29T21:46:40.411+0000] {logging_mixin.py:154} INFO - [2023-11-29T21:46:40.411+0000] {dag.py:2941} INFO - Sync 1 DAGs
[2023-11-29T21:46:40.424+0000] {logging_mixin.py:154} INFO - [2023-11-29T21:46:40.424+0000] {dag.py:3722} INFO - Setting next_dagrun for example_nested_branch_dag to 2023-11-28T00:00:00+00:00, run_after=2023-11-29T00:00:00+00:00
[2023-11-29T21:46:40.434+0000] {processor.py:179} INFO - Processing /home/airflow/.local/lib/python3.8/site-packages/airflow/example_dags/example_nested_branch_dag.py took 0.048 seconds
