[2023-11-29T20:51:40.226+0000] {processor.py:157} INFO - Started process (PID=71) to work on /home/airflow/.local/lib/python3.8/site-packages/airflow/example_dags/example_latest_only_with_trigger.py
[2023-11-29T20:51:40.226+0000] {processor.py:829} INFO - Processing file /home/airflow/.local/lib/python3.8/site-packages/airflow/example_dags/example_latest_only_with_trigger.py for tasks to queue
[2023-11-29T20:51:40.228+0000] {logging_mixin.py:154} INFO - [2023-11-29T20:51:40.228+0000] {dagbag.py:536} INFO - Filling up the DagBag from /home/airflow/.local/lib/python3.8/site-packages/airflow/example_dags/example_latest_only_with_trigger.py
[2023-11-29T20:51:40.232+0000] {processor.py:839} INFO - DAG(s) dict_keys(['latest_only_with_trigger']) retrieved from /home/airflow/.local/lib/python3.8/site-packages/airflow/example_dags/example_latest_only_with_trigger.py
[2023-11-29T20:51:40.297+0000] {logging_mixin.py:154} INFO - [2023-11-29T20:51:40.297+0000] {dag.py:2941} INFO - Sync 1 DAGs
[2023-11-29T20:51:40.308+0000] {logging_mixin.py:154} INFO - [2023-11-29T20:51:40.308+0000] {dag.py:3722} INFO - Setting next_dagrun for latest_only_with_trigger to 2023-11-29T16:51:40.308540+00:00, run_after=2023-11-29T20:51:40.308540+00:00
[2023-11-29T20:51:40.319+0000] {processor.py:179} INFO - Processing /home/airflow/.local/lib/python3.8/site-packages/airflow/example_dags/example_latest_only_with_trigger.py took 0.096 seconds
[2023-11-29T20:52:11.227+0000] {processor.py:157} INFO - Started process (PID=125) to work on /home/airflow/.local/lib/python3.8/site-packages/airflow/example_dags/example_latest_only_with_trigger.py
[2023-11-29T20:52:11.228+0000] {processor.py:829} INFO - Processing file /home/airflow/.local/lib/python3.8/site-packages/airflow/example_dags/example_latest_only_with_trigger.py for tasks to queue
[2023-11-29T20:52:11.230+0000] {logging_mixin.py:154} INFO - [2023-11-29T20:52:11.229+0000] {dagbag.py:536} INFO - Filling up the DagBag from /home/airflow/.local/lib/python3.8/site-packages/airflow/example_dags/example_latest_only_with_trigger.py
[2023-11-29T20:52:11.234+0000] {processor.py:839} INFO - DAG(s) dict_keys(['latest_only_with_trigger']) retrieved from /home/airflow/.local/lib/python3.8/site-packages/airflow/example_dags/example_latest_only_with_trigger.py
[2023-11-29T20:52:11.242+0000] {logging_mixin.py:154} INFO - [2023-11-29T20:52:11.242+0000] {dag.py:2941} INFO - Sync 1 DAGs
[2023-11-29T20:52:11.255+0000] {logging_mixin.py:154} INFO - [2023-11-29T20:52:11.254+0000] {dag.py:3722} INFO - Setting next_dagrun for latest_only_with_trigger to 2023-11-29T16:52:11.254822+00:00, run_after=2023-11-29T20:52:11.254822+00:00
[2023-11-29T20:52:11.265+0000] {processor.py:179} INFO - Processing /home/airflow/.local/lib/python3.8/site-packages/airflow/example_dags/example_latest_only_with_trigger.py took 0.040 seconds
[2023-11-29T20:52:42.158+0000] {processor.py:157} INFO - Started process (PID=179) to work on /home/airflow/.local/lib/python3.8/site-packages/airflow/example_dags/example_latest_only_with_trigger.py
[2023-11-29T20:52:42.159+0000] {processor.py:829} INFO - Processing file /home/airflow/.local/lib/python3.8/site-packages/airflow/example_dags/example_latest_only_with_trigger.py for tasks to queue
[2023-11-29T20:52:42.160+0000] {logging_mixin.py:154} INFO - [2023-11-29T20:52:42.160+0000] {dagbag.py:536} INFO - Filling up the DagBag from /home/airflow/.local/lib/python3.8/site-packages/airflow/example_dags/example_latest_only_with_trigger.py
[2023-11-29T20:52:42.164+0000] {processor.py:839} INFO - DAG(s) dict_keys(['latest_only_with_trigger']) retrieved from /home/airflow/.local/lib/python3.8/site-packages/airflow/example_dags/example_latest_only_with_trigger.py
[2023-11-29T20:52:42.177+0000] {logging_mixin.py:154} INFO - [2023-11-29T20:52:42.177+0000] {dag.py:2941} INFO - Sync 1 DAGs
[2023-11-29T20:52:42.190+0000] {logging_mixin.py:154} INFO - [2023-11-29T20:52:42.190+0000] {dag.py:3722} INFO - Setting next_dagrun for latest_only_with_trigger to 2023-11-29T16:52:42.190160+00:00, run_after=2023-11-29T20:52:42.190160+00:00
[2023-11-29T20:52:42.200+0000] {processor.py:179} INFO - Processing /home/airflow/.local/lib/python3.8/site-packages/airflow/example_dags/example_latest_only_with_trigger.py took 0.044 seconds
[2023-11-29T20:53:12.273+0000] {processor.py:157} INFO - Started process (PID=233) to work on /home/airflow/.local/lib/python3.8/site-packages/airflow/example_dags/example_latest_only_with_trigger.py
[2023-11-29T20:53:12.274+0000] {processor.py:829} INFO - Processing file /home/airflow/.local/lib/python3.8/site-packages/airflow/example_dags/example_latest_only_with_trigger.py for tasks to queue
[2023-11-29T20:53:12.275+0000] {logging_mixin.py:154} INFO - [2023-11-29T20:53:12.275+0000] {dagbag.py:536} INFO - Filling up the DagBag from /home/airflow/.local/lib/python3.8/site-packages/airflow/example_dags/example_latest_only_with_trigger.py
[2023-11-29T20:53:12.279+0000] {processor.py:839} INFO - DAG(s) dict_keys(['latest_only_with_trigger']) retrieved from /home/airflow/.local/lib/python3.8/site-packages/airflow/example_dags/example_latest_only_with_trigger.py
[2023-11-29T20:53:12.291+0000] {logging_mixin.py:154} INFO - [2023-11-29T20:53:12.291+0000] {dag.py:2941} INFO - Sync 1 DAGs
[2023-11-29T20:53:12.303+0000] {logging_mixin.py:154} INFO - [2023-11-29T20:53:12.303+0000] {dag.py:3722} INFO - Setting next_dagrun for latest_only_with_trigger to 2023-11-29T16:53:12.303453+00:00, run_after=2023-11-29T20:53:12.303453+00:00
[2023-11-29T20:53:12.314+0000] {processor.py:179} INFO - Processing /home/airflow/.local/lib/python3.8/site-packages/airflow/example_dags/example_latest_only_with_trigger.py took 0.042 seconds
[2023-11-29T20:53:42.471+0000] {processor.py:157} INFO - Started process (PID=287) to work on /home/airflow/.local/lib/python3.8/site-packages/airflow/example_dags/example_latest_only_with_trigger.py
[2023-11-29T20:53:42.472+0000] {processor.py:829} INFO - Processing file /home/airflow/.local/lib/python3.8/site-packages/airflow/example_dags/example_latest_only_with_trigger.py for tasks to queue
[2023-11-29T20:53:42.473+0000] {logging_mixin.py:154} INFO - [2023-11-29T20:53:42.473+0000] {dagbag.py:536} INFO - Filling up the DagBag from /home/airflow/.local/lib/python3.8/site-packages/airflow/example_dags/example_latest_only_with_trigger.py
[2023-11-29T20:53:42.477+0000] {processor.py:839} INFO - DAG(s) dict_keys(['latest_only_with_trigger']) retrieved from /home/airflow/.local/lib/python3.8/site-packages/airflow/example_dags/example_latest_only_with_trigger.py
[2023-11-29T20:53:42.490+0000] {logging_mixin.py:154} INFO - [2023-11-29T20:53:42.490+0000] {dag.py:2941} INFO - Sync 1 DAGs
[2023-11-29T20:53:42.502+0000] {logging_mixin.py:154} INFO - [2023-11-29T20:53:42.502+0000] {dag.py:3722} INFO - Setting next_dagrun for latest_only_with_trigger to 2023-11-29T16:53:42.502146+00:00, run_after=2023-11-29T20:53:42.502146+00:00
[2023-11-29T20:53:42.511+0000] {processor.py:179} INFO - Processing /home/airflow/.local/lib/python3.8/site-packages/airflow/example_dags/example_latest_only_with_trigger.py took 0.043 seconds
[2023-11-29T20:54:12.578+0000] {processor.py:157} INFO - Started process (PID=341) to work on /home/airflow/.local/lib/python3.8/site-packages/airflow/example_dags/example_latest_only_with_trigger.py
[2023-11-29T20:54:12.578+0000] {processor.py:829} INFO - Processing file /home/airflow/.local/lib/python3.8/site-packages/airflow/example_dags/example_latest_only_with_trigger.py for tasks to queue
[2023-11-29T20:54:12.580+0000] {logging_mixin.py:154} INFO - [2023-11-29T20:54:12.580+0000] {dagbag.py:536} INFO - Filling up the DagBag from /home/airflow/.local/lib/python3.8/site-packages/airflow/example_dags/example_latest_only_with_trigger.py
[2023-11-29T20:54:12.584+0000] {processor.py:839} INFO - DAG(s) dict_keys(['latest_only_with_trigger']) retrieved from /home/airflow/.local/lib/python3.8/site-packages/airflow/example_dags/example_latest_only_with_trigger.py
[2023-11-29T20:54:12.596+0000] {logging_mixin.py:154} INFO - [2023-11-29T20:54:12.596+0000] {dag.py:2941} INFO - Sync 1 DAGs
[2023-11-29T20:54:12.608+0000] {logging_mixin.py:154} INFO - [2023-11-29T20:54:12.608+0000] {dag.py:3722} INFO - Setting next_dagrun for latest_only_with_trigger to 2023-11-29T16:54:12.608725+00:00, run_after=2023-11-29T20:54:12.608725+00:00
[2023-11-29T20:54:12.618+0000] {processor.py:179} INFO - Processing /home/airflow/.local/lib/python3.8/site-packages/airflow/example_dags/example_latest_only_with_trigger.py took 0.043 seconds
[2023-11-29T20:54:42.693+0000] {processor.py:157} INFO - Started process (PID=395) to work on /home/airflow/.local/lib/python3.8/site-packages/airflow/example_dags/example_latest_only_with_trigger.py
[2023-11-29T20:54:42.693+0000] {processor.py:829} INFO - Processing file /home/airflow/.local/lib/python3.8/site-packages/airflow/example_dags/example_latest_only_with_trigger.py for tasks to queue
[2023-11-29T20:54:42.695+0000] {logging_mixin.py:154} INFO - [2023-11-29T20:54:42.695+0000] {dagbag.py:536} INFO - Filling up the DagBag from /home/airflow/.local/lib/python3.8/site-packages/airflow/example_dags/example_latest_only_with_trigger.py
[2023-11-29T20:54:42.699+0000] {processor.py:839} INFO - DAG(s) dict_keys(['latest_only_with_trigger']) retrieved from /home/airflow/.local/lib/python3.8/site-packages/airflow/example_dags/example_latest_only_with_trigger.py
[2023-11-29T20:54:42.712+0000] {logging_mixin.py:154} INFO - [2023-11-29T20:54:42.712+0000] {dag.py:2941} INFO - Sync 1 DAGs
[2023-11-29T20:54:42.724+0000] {logging_mixin.py:154} INFO - [2023-11-29T20:54:42.724+0000] {dag.py:3722} INFO - Setting next_dagrun for latest_only_with_trigger to 2023-11-29T16:54:42.724487+00:00, run_after=2023-11-29T20:54:42.724487+00:00
[2023-11-29T20:54:42.734+0000] {processor.py:179} INFO - Processing /home/airflow/.local/lib/python3.8/site-packages/airflow/example_dags/example_latest_only_with_trigger.py took 0.043 seconds
[2023-11-29T20:55:12.826+0000] {processor.py:157} INFO - Started process (PID=449) to work on /home/airflow/.local/lib/python3.8/site-packages/airflow/example_dags/example_latest_only_with_trigger.py
[2023-11-29T20:55:12.827+0000] {processor.py:829} INFO - Processing file /home/airflow/.local/lib/python3.8/site-packages/airflow/example_dags/example_latest_only_with_trigger.py for tasks to queue
[2023-11-29T20:55:12.829+0000] {logging_mixin.py:154} INFO - [2023-11-29T20:55:12.828+0000] {dagbag.py:536} INFO - Filling up the DagBag from /home/airflow/.local/lib/python3.8/site-packages/airflow/example_dags/example_latest_only_with_trigger.py
[2023-11-29T20:55:12.833+0000] {processor.py:839} INFO - DAG(s) dict_keys(['latest_only_with_trigger']) retrieved from /home/airflow/.local/lib/python3.8/site-packages/airflow/example_dags/example_latest_only_with_trigger.py
[2023-11-29T20:55:12.846+0000] {logging_mixin.py:154} INFO - [2023-11-29T20:55:12.846+0000] {dag.py:2941} INFO - Sync 1 DAGs
[2023-11-29T20:55:12.859+0000] {logging_mixin.py:154} INFO - [2023-11-29T20:55:12.859+0000] {dag.py:3722} INFO - Setting next_dagrun for latest_only_with_trigger to 2023-11-29T16:55:12.859013+00:00, run_after=2023-11-29T20:55:12.859013+00:00
[2023-11-29T20:55:12.869+0000] {processor.py:179} INFO - Processing /home/airflow/.local/lib/python3.8/site-packages/airflow/example_dags/example_latest_only_with_trigger.py took 0.045 seconds
[2023-11-29T20:55:43.862+0000] {processor.py:157} INFO - Started process (PID=503) to work on /home/airflow/.local/lib/python3.8/site-packages/airflow/example_dags/example_latest_only_with_trigger.py
[2023-11-29T20:55:43.863+0000] {processor.py:829} INFO - Processing file /home/airflow/.local/lib/python3.8/site-packages/airflow/example_dags/example_latest_only_with_trigger.py for tasks to queue
[2023-11-29T20:55:43.864+0000] {logging_mixin.py:154} INFO - [2023-11-29T20:55:43.864+0000] {dagbag.py:536} INFO - Filling up the DagBag from /home/airflow/.local/lib/python3.8/site-packages/airflow/example_dags/example_latest_only_with_trigger.py
[2023-11-29T20:55:43.868+0000] {processor.py:839} INFO - DAG(s) dict_keys(['latest_only_with_trigger']) retrieved from /home/airflow/.local/lib/python3.8/site-packages/airflow/example_dags/example_latest_only_with_trigger.py
[2023-11-29T20:55:43.881+0000] {logging_mixin.py:154} INFO - [2023-11-29T20:55:43.880+0000] {dag.py:2941} INFO - Sync 1 DAGs
[2023-11-29T20:55:43.893+0000] {logging_mixin.py:154} INFO - [2023-11-29T20:55:43.893+0000] {dag.py:3722} INFO - Setting next_dagrun for latest_only_with_trigger to 2023-11-29T16:55:43.893010+00:00, run_after=2023-11-29T20:55:43.893010+00:00
[2023-11-29T20:55:43.905+0000] {processor.py:179} INFO - Processing /home/airflow/.local/lib/python3.8/site-packages/airflow/example_dags/example_latest_only_with_trigger.py took 0.044 seconds
[2023-11-29T20:56:13.964+0000] {processor.py:157} INFO - Started process (PID=557) to work on /home/airflow/.local/lib/python3.8/site-packages/airflow/example_dags/example_latest_only_with_trigger.py
[2023-11-29T20:56:13.964+0000] {processor.py:829} INFO - Processing file /home/airflow/.local/lib/python3.8/site-packages/airflow/example_dags/example_latest_only_with_trigger.py for tasks to queue
[2023-11-29T20:56:13.966+0000] {logging_mixin.py:154} INFO - [2023-11-29T20:56:13.966+0000] {dagbag.py:536} INFO - Filling up the DagBag from /home/airflow/.local/lib/python3.8/site-packages/airflow/example_dags/example_latest_only_with_trigger.py
[2023-11-29T20:56:13.969+0000] {processor.py:839} INFO - DAG(s) dict_keys(['latest_only_with_trigger']) retrieved from /home/airflow/.local/lib/python3.8/site-packages/airflow/example_dags/example_latest_only_with_trigger.py
[2023-11-29T20:56:13.982+0000] {logging_mixin.py:154} INFO - [2023-11-29T20:56:13.982+0000] {dag.py:2941} INFO - Sync 1 DAGs
[2023-11-29T20:56:13.994+0000] {logging_mixin.py:154} INFO - [2023-11-29T20:56:13.994+0000] {dag.py:3722} INFO - Setting next_dagrun for latest_only_with_trigger to 2023-11-29T16:56:13.994543+00:00, run_after=2023-11-29T20:56:13.994543+00:00
[2023-11-29T20:56:14.005+0000] {processor.py:179} INFO - Processing /home/airflow/.local/lib/python3.8/site-packages/airflow/example_dags/example_latest_only_with_trigger.py took 0.043 seconds
[2023-11-29T20:56:44.890+0000] {processor.py:157} INFO - Started process (PID=611) to work on /home/airflow/.local/lib/python3.8/site-packages/airflow/example_dags/example_latest_only_with_trigger.py
[2023-11-29T20:56:44.890+0000] {processor.py:829} INFO - Processing file /home/airflow/.local/lib/python3.8/site-packages/airflow/example_dags/example_latest_only_with_trigger.py for tasks to queue
[2023-11-29T20:56:44.892+0000] {logging_mixin.py:154} INFO - [2023-11-29T20:56:44.892+0000] {dagbag.py:536} INFO - Filling up the DagBag from /home/airflow/.local/lib/python3.8/site-packages/airflow/example_dags/example_latest_only_with_trigger.py
[2023-11-29T20:56:44.896+0000] {processor.py:839} INFO - DAG(s) dict_keys(['latest_only_with_trigger']) retrieved from /home/airflow/.local/lib/python3.8/site-packages/airflow/example_dags/example_latest_only_with_trigger.py
[2023-11-29T20:56:44.908+0000] {logging_mixin.py:154} INFO - [2023-11-29T20:56:44.908+0000] {dag.py:2941} INFO - Sync 1 DAGs
[2023-11-29T20:56:44.920+0000] {logging_mixin.py:154} INFO - [2023-11-29T20:56:44.920+0000] {dag.py:3722} INFO - Setting next_dagrun for latest_only_with_trigger to 2023-11-29T16:56:44.920330+00:00, run_after=2023-11-29T20:56:44.920330+00:00
[2023-11-29T20:56:44.930+0000] {processor.py:179} INFO - Processing /home/airflow/.local/lib/python3.8/site-packages/airflow/example_dags/example_latest_only_with_trigger.py took 0.042 seconds
[2023-11-29T20:57:15.035+0000] {processor.py:157} INFO - Started process (PID=665) to work on /home/airflow/.local/lib/python3.8/site-packages/airflow/example_dags/example_latest_only_with_trigger.py
[2023-11-29T20:57:15.036+0000] {processor.py:829} INFO - Processing file /home/airflow/.local/lib/python3.8/site-packages/airflow/example_dags/example_latest_only_with_trigger.py for tasks to queue
[2023-11-29T20:57:15.038+0000] {logging_mixin.py:154} INFO - [2023-11-29T20:57:15.038+0000] {dagbag.py:536} INFO - Filling up the DagBag from /home/airflow/.local/lib/python3.8/site-packages/airflow/example_dags/example_latest_only_with_trigger.py
[2023-11-29T20:57:15.042+0000] {processor.py:839} INFO - DAG(s) dict_keys(['latest_only_with_trigger']) retrieved from /home/airflow/.local/lib/python3.8/site-packages/airflow/example_dags/example_latest_only_with_trigger.py
[2023-11-29T20:57:15.055+0000] {logging_mixin.py:154} INFO - [2023-11-29T20:57:15.055+0000] {dag.py:2941} INFO - Sync 1 DAGs
[2023-11-29T20:57:15.067+0000] {logging_mixin.py:154} INFO - [2023-11-29T20:57:15.067+0000] {dag.py:3722} INFO - Setting next_dagrun for latest_only_with_trigger to 2023-11-29T16:57:15.067063+00:00, run_after=2023-11-29T20:57:15.067063+00:00
[2023-11-29T20:57:15.078+0000] {processor.py:179} INFO - Processing /home/airflow/.local/lib/python3.8/site-packages/airflow/example_dags/example_latest_only_with_trigger.py took 0.045 seconds
[2023-11-29T20:57:45.114+0000] {processor.py:157} INFO - Started process (PID=719) to work on /home/airflow/.local/lib/python3.8/site-packages/airflow/example_dags/example_latest_only_with_trigger.py
[2023-11-29T20:57:45.115+0000] {processor.py:829} INFO - Processing file /home/airflow/.local/lib/python3.8/site-packages/airflow/example_dags/example_latest_only_with_trigger.py for tasks to queue
[2023-11-29T20:57:45.117+0000] {logging_mixin.py:154} INFO - [2023-11-29T20:57:45.117+0000] {dagbag.py:536} INFO - Filling up the DagBag from /home/airflow/.local/lib/python3.8/site-packages/airflow/example_dags/example_latest_only_with_trigger.py
[2023-11-29T20:57:45.121+0000] {processor.py:839} INFO - DAG(s) dict_keys(['latest_only_with_trigger']) retrieved from /home/airflow/.local/lib/python3.8/site-packages/airflow/example_dags/example_latest_only_with_trigger.py
[2023-11-29T20:57:45.135+0000] {logging_mixin.py:154} INFO - [2023-11-29T20:57:45.135+0000] {dag.py:2941} INFO - Sync 1 DAGs
[2023-11-29T20:57:45.148+0000] {logging_mixin.py:154} INFO - [2023-11-29T20:57:45.148+0000] {dag.py:3722} INFO - Setting next_dagrun for latest_only_with_trigger to 2023-11-29T16:57:45.148516+00:00, run_after=2023-11-29T20:57:45.148516+00:00
[2023-11-29T20:57:45.160+0000] {processor.py:179} INFO - Processing /home/airflow/.local/lib/python3.8/site-packages/airflow/example_dags/example_latest_only_with_trigger.py took 0.048 seconds
[2023-11-29T20:58:15.246+0000] {processor.py:157} INFO - Started process (PID=773) to work on /home/airflow/.local/lib/python3.8/site-packages/airflow/example_dags/example_latest_only_with_trigger.py
[2023-11-29T20:58:15.247+0000] {processor.py:829} INFO - Processing file /home/airflow/.local/lib/python3.8/site-packages/airflow/example_dags/example_latest_only_with_trigger.py for tasks to queue
[2023-11-29T20:58:15.249+0000] {logging_mixin.py:154} INFO - [2023-11-29T20:58:15.248+0000] {dagbag.py:536} INFO - Filling up the DagBag from /home/airflow/.local/lib/python3.8/site-packages/airflow/example_dags/example_latest_only_with_trigger.py
[2023-11-29T20:58:15.252+0000] {processor.py:839} INFO - DAG(s) dict_keys(['latest_only_with_trigger']) retrieved from /home/airflow/.local/lib/python3.8/site-packages/airflow/example_dags/example_latest_only_with_trigger.py
[2023-11-29T20:58:15.265+0000] {logging_mixin.py:154} INFO - [2023-11-29T20:58:15.265+0000] {dag.py:2941} INFO - Sync 1 DAGs
[2023-11-29T20:58:15.277+0000] {logging_mixin.py:154} INFO - [2023-11-29T20:58:15.277+0000] {dag.py:3722} INFO - Setting next_dagrun for latest_only_with_trigger to 2023-11-29T16:58:15.277555+00:00, run_after=2023-11-29T20:58:15.277555+00:00
[2023-11-29T20:58:15.288+0000] {processor.py:179} INFO - Processing /home/airflow/.local/lib/python3.8/site-packages/airflow/example_dags/example_latest_only_with_trigger.py took 0.044 seconds
[2023-11-29T20:58:46.317+0000] {processor.py:157} INFO - Started process (PID=827) to work on /home/airflow/.local/lib/python3.8/site-packages/airflow/example_dags/example_latest_only_with_trigger.py
[2023-11-29T20:58:46.318+0000] {processor.py:829} INFO - Processing file /home/airflow/.local/lib/python3.8/site-packages/airflow/example_dags/example_latest_only_with_trigger.py for tasks to queue
[2023-11-29T20:58:46.319+0000] {logging_mixin.py:154} INFO - [2023-11-29T20:58:46.319+0000] {dagbag.py:536} INFO - Filling up the DagBag from /home/airflow/.local/lib/python3.8/site-packages/airflow/example_dags/example_latest_only_with_trigger.py
[2023-11-29T20:58:46.323+0000] {processor.py:839} INFO - DAG(s) dict_keys(['latest_only_with_trigger']) retrieved from /home/airflow/.local/lib/python3.8/site-packages/airflow/example_dags/example_latest_only_with_trigger.py
[2023-11-29T20:58:46.336+0000] {logging_mixin.py:154} INFO - [2023-11-29T20:58:46.336+0000] {dag.py:2941} INFO - Sync 1 DAGs
[2023-11-29T20:58:46.349+0000] {logging_mixin.py:154} INFO - [2023-11-29T20:58:46.349+0000] {dag.py:3722} INFO - Setting next_dagrun for latest_only_with_trigger to 2023-11-29T16:58:46.348868+00:00, run_after=2023-11-29T20:58:46.348868+00:00
[2023-11-29T20:58:46.358+0000] {processor.py:179} INFO - Processing /home/airflow/.local/lib/python3.8/site-packages/airflow/example_dags/example_latest_only_with_trigger.py took 0.043 seconds
[2023-11-29T20:59:17.325+0000] {processor.py:157} INFO - Started process (PID=881) to work on /home/airflow/.local/lib/python3.8/site-packages/airflow/example_dags/example_latest_only_with_trigger.py
[2023-11-29T20:59:17.326+0000] {processor.py:829} INFO - Processing file /home/airflow/.local/lib/python3.8/site-packages/airflow/example_dags/example_latest_only_with_trigger.py for tasks to queue
[2023-11-29T20:59:17.327+0000] {logging_mixin.py:154} INFO - [2023-11-29T20:59:17.327+0000] {dagbag.py:536} INFO - Filling up the DagBag from /home/airflow/.local/lib/python3.8/site-packages/airflow/example_dags/example_latest_only_with_trigger.py
[2023-11-29T20:59:17.331+0000] {processor.py:839} INFO - DAG(s) dict_keys(['latest_only_with_trigger']) retrieved from /home/airflow/.local/lib/python3.8/site-packages/airflow/example_dags/example_latest_only_with_trigger.py
[2023-11-29T20:59:17.344+0000] {logging_mixin.py:154} INFO - [2023-11-29T20:59:17.344+0000] {dag.py:2941} INFO - Sync 1 DAGs
[2023-11-29T20:59:17.357+0000] {logging_mixin.py:154} INFO - [2023-11-29T20:59:17.357+0000] {dag.py:3722} INFO - Setting next_dagrun for latest_only_with_trigger to 2023-11-29T16:59:17.357049+00:00, run_after=2023-11-29T20:59:17.357049+00:00
[2023-11-29T20:59:17.367+0000] {processor.py:179} INFO - Processing /home/airflow/.local/lib/python3.8/site-packages/airflow/example_dags/example_latest_only_with_trigger.py took 0.044 seconds
[2023-11-29T20:59:48.048+0000] {processor.py:157} INFO - Started process (PID=935) to work on /home/airflow/.local/lib/python3.8/site-packages/airflow/example_dags/example_latest_only_with_trigger.py
[2023-11-29T20:59:48.049+0000] {processor.py:829} INFO - Processing file /home/airflow/.local/lib/python3.8/site-packages/airflow/example_dags/example_latest_only_with_trigger.py for tasks to queue
[2023-11-29T20:59:48.051+0000] {logging_mixin.py:154} INFO - [2023-11-29T20:59:48.050+0000] {dagbag.py:536} INFO - Filling up the DagBag from /home/airflow/.local/lib/python3.8/site-packages/airflow/example_dags/example_latest_only_with_trigger.py
[2023-11-29T20:59:48.054+0000] {processor.py:839} INFO - DAG(s) dict_keys(['latest_only_with_trigger']) retrieved from /home/airflow/.local/lib/python3.8/site-packages/airflow/example_dags/example_latest_only_with_trigger.py
[2023-11-29T20:59:48.067+0000] {logging_mixin.py:154} INFO - [2023-11-29T20:59:48.067+0000] {dag.py:2941} INFO - Sync 1 DAGs
[2023-11-29T20:59:48.079+0000] {logging_mixin.py:154} INFO - [2023-11-29T20:59:48.079+0000] {dag.py:3722} INFO - Setting next_dagrun for latest_only_with_trigger to 2023-11-29T16:59:48.079076+00:00, run_after=2023-11-29T20:59:48.079076+00:00
[2023-11-29T20:59:48.089+0000] {processor.py:179} INFO - Processing /home/airflow/.local/lib/python3.8/site-packages/airflow/example_dags/example_latest_only_with_trigger.py took 0.042 seconds
[2023-11-29T21:00:18.866+0000] {processor.py:157} INFO - Started process (PID=989) to work on /home/airflow/.local/lib/python3.8/site-packages/airflow/example_dags/example_latest_only_with_trigger.py
[2023-11-29T21:00:18.866+0000] {processor.py:829} INFO - Processing file /home/airflow/.local/lib/python3.8/site-packages/airflow/example_dags/example_latest_only_with_trigger.py for tasks to queue
[2023-11-29T21:00:18.868+0000] {logging_mixin.py:154} INFO - [2023-11-29T21:00:18.868+0000] {dagbag.py:536} INFO - Filling up the DagBag from /home/airflow/.local/lib/python3.8/site-packages/airflow/example_dags/example_latest_only_with_trigger.py
[2023-11-29T21:00:18.872+0000] {processor.py:839} INFO - DAG(s) dict_keys(['latest_only_with_trigger']) retrieved from /home/airflow/.local/lib/python3.8/site-packages/airflow/example_dags/example_latest_only_with_trigger.py
[2023-11-29T21:00:18.885+0000] {logging_mixin.py:154} INFO - [2023-11-29T21:00:18.885+0000] {dag.py:2941} INFO - Sync 1 DAGs
[2023-11-29T21:00:18.897+0000] {logging_mixin.py:154} INFO - [2023-11-29T21:00:18.897+0000] {dag.py:3722} INFO - Setting next_dagrun for latest_only_with_trigger to 2023-11-29T17:00:18.897596+00:00, run_after=2023-11-29T21:00:18.897596+00:00
[2023-11-29T21:00:18.907+0000] {processor.py:179} INFO - Processing /home/airflow/.local/lib/python3.8/site-packages/airflow/example_dags/example_latest_only_with_trigger.py took 0.044 seconds
[2023-11-29T21:00:49.858+0000] {processor.py:157} INFO - Started process (PID=1043) to work on /home/airflow/.local/lib/python3.8/site-packages/airflow/example_dags/example_latest_only_with_trigger.py
[2023-11-29T21:00:49.859+0000] {processor.py:829} INFO - Processing file /home/airflow/.local/lib/python3.8/site-packages/airflow/example_dags/example_latest_only_with_trigger.py for tasks to queue
[2023-11-29T21:00:49.860+0000] {logging_mixin.py:154} INFO - [2023-11-29T21:00:49.860+0000] {dagbag.py:536} INFO - Filling up the DagBag from /home/airflow/.local/lib/python3.8/site-packages/airflow/example_dags/example_latest_only_with_trigger.py
[2023-11-29T21:00:49.864+0000] {processor.py:839} INFO - DAG(s) dict_keys(['latest_only_with_trigger']) retrieved from /home/airflow/.local/lib/python3.8/site-packages/airflow/example_dags/example_latest_only_with_trigger.py
[2023-11-29T21:00:49.877+0000] {logging_mixin.py:154} INFO - [2023-11-29T21:00:49.876+0000] {dag.py:2941} INFO - Sync 1 DAGs
[2023-11-29T21:00:49.889+0000] {logging_mixin.py:154} INFO - [2023-11-29T21:00:49.889+0000] {dag.py:3722} INFO - Setting next_dagrun for latest_only_with_trigger to 2023-11-29T17:00:49.889428+00:00, run_after=2023-11-29T21:00:49.889428+00:00
[2023-11-29T21:00:49.899+0000] {processor.py:179} INFO - Processing /home/airflow/.local/lib/python3.8/site-packages/airflow/example_dags/example_latest_only_with_trigger.py took 0.043 seconds
[2023-11-29T21:01:20.814+0000] {processor.py:157} INFO - Started process (PID=1097) to work on /home/airflow/.local/lib/python3.8/site-packages/airflow/example_dags/example_latest_only_with_trigger.py
[2023-11-29T21:01:20.814+0000] {processor.py:829} INFO - Processing file /home/airflow/.local/lib/python3.8/site-packages/airflow/example_dags/example_latest_only_with_trigger.py for tasks to queue
[2023-11-29T21:01:20.816+0000] {logging_mixin.py:154} INFO - [2023-11-29T21:01:20.816+0000] {dagbag.py:536} INFO - Filling up the DagBag from /home/airflow/.local/lib/python3.8/site-packages/airflow/example_dags/example_latest_only_with_trigger.py
[2023-11-29T21:01:20.819+0000] {processor.py:839} INFO - DAG(s) dict_keys(['latest_only_with_trigger']) retrieved from /home/airflow/.local/lib/python3.8/site-packages/airflow/example_dags/example_latest_only_with_trigger.py
[2023-11-29T21:01:20.832+0000] {logging_mixin.py:154} INFO - [2023-11-29T21:01:20.832+0000] {dag.py:2941} INFO - Sync 1 DAGs
[2023-11-29T21:01:20.845+0000] {logging_mixin.py:154} INFO - [2023-11-29T21:01:20.844+0000] {dag.py:3722} INFO - Setting next_dagrun for latest_only_with_trigger to 2023-11-29T17:01:20.844852+00:00, run_after=2023-11-29T21:01:20.844852+00:00
[2023-11-29T21:01:20.856+0000] {processor.py:179} INFO - Processing /home/airflow/.local/lib/python3.8/site-packages/airflow/example_dags/example_latest_only_with_trigger.py took 0.044 seconds
[2023-11-29T21:41:08.110+0000] {processor.py:157} INFO - Started process (PID=49) to work on /home/airflow/.local/lib/python3.8/site-packages/airflow/example_dags/example_latest_only_with_trigger.py
[2023-11-29T21:41:08.111+0000] {processor.py:829} INFO - Processing file /home/airflow/.local/lib/python3.8/site-packages/airflow/example_dags/example_latest_only_with_trigger.py for tasks to queue
[2023-11-29T21:41:08.114+0000] {logging_mixin.py:154} INFO - [2023-11-29T21:41:08.114+0000] {dagbag.py:536} INFO - Filling up the DagBag from /home/airflow/.local/lib/python3.8/site-packages/airflow/example_dags/example_latest_only_with_trigger.py
[2023-11-29T21:41:08.119+0000] {processor.py:839} INFO - DAG(s) dict_keys(['latest_only_with_trigger']) retrieved from /home/airflow/.local/lib/python3.8/site-packages/airflow/example_dags/example_latest_only_with_trigger.py
[2023-11-29T21:41:08.189+0000] {logging_mixin.py:154} INFO - [2023-11-29T21:41:08.189+0000] {manager.py:499} INFO - Created Permission View: %s
[2023-11-29T21:41:08.194+0000] {logging_mixin.py:154} INFO - [2023-11-29T21:41:08.194+0000] {manager.py:499} INFO - Created Permission View: %s
[2023-11-29T21:41:08.198+0000] {logging_mixin.py:154} INFO - [2023-11-29T21:41:08.198+0000] {manager.py:499} INFO - Created Permission View: %s
[2023-11-29T21:41:08.198+0000] {logging_mixin.py:154} INFO - [2023-11-29T21:41:08.198+0000] {dag.py:2941} INFO - Sync 1 DAGs
[2023-11-29T21:41:08.205+0000] {logging_mixin.py:154} INFO - [2023-11-29T21:41:08.205+0000] {dag.py:2963} INFO - Creating ORM DAG for latest_only_with_trigger
[2023-11-29T21:41:08.212+0000] {logging_mixin.py:154} INFO - [2023-11-29T21:41:08.212+0000] {dag.py:3722} INFO - Setting next_dagrun for latest_only_with_trigger to 2023-11-29T17:41:08.212003+00:00, run_after=2023-11-29T21:41:08.212003+00:00
[2023-11-29T21:41:08.222+0000] {processor.py:179} INFO - Processing /home/airflow/.local/lib/python3.8/site-packages/airflow/example_dags/example_latest_only_with_trigger.py took 0.118 seconds
[2023-11-29T21:41:39.103+0000] {processor.py:157} INFO - Started process (PID=103) to work on /home/airflow/.local/lib/python3.8/site-packages/airflow/example_dags/example_latest_only_with_trigger.py
[2023-11-29T21:41:39.103+0000] {processor.py:829} INFO - Processing file /home/airflow/.local/lib/python3.8/site-packages/airflow/example_dags/example_latest_only_with_trigger.py for tasks to queue
[2023-11-29T21:41:39.105+0000] {logging_mixin.py:154} INFO - [2023-11-29T21:41:39.105+0000] {dagbag.py:536} INFO - Filling up the DagBag from /home/airflow/.local/lib/python3.8/site-packages/airflow/example_dags/example_latest_only_with_trigger.py
[2023-11-29T21:41:39.109+0000] {processor.py:839} INFO - DAG(s) dict_keys(['latest_only_with_trigger']) retrieved from /home/airflow/.local/lib/python3.8/site-packages/airflow/example_dags/example_latest_only_with_trigger.py
[2023-11-29T21:41:39.122+0000] {logging_mixin.py:154} INFO - [2023-11-29T21:41:39.122+0000] {dag.py:2941} INFO - Sync 1 DAGs
[2023-11-29T21:41:39.135+0000] {logging_mixin.py:154} INFO - [2023-11-29T21:41:39.135+0000] {dag.py:3722} INFO - Setting next_dagrun for latest_only_with_trigger to 2023-11-29T17:41:39.135201+00:00, run_after=2023-11-29T21:41:39.135201+00:00
[2023-11-29T21:41:39.145+0000] {processor.py:179} INFO - Processing /home/airflow/.local/lib/python3.8/site-packages/airflow/example_dags/example_latest_only_with_trigger.py took 0.044 seconds
[2023-11-29T21:42:09.758+0000] {processor.py:157} INFO - Started process (PID=157) to work on /home/airflow/.local/lib/python3.8/site-packages/airflow/example_dags/example_latest_only_with_trigger.py
[2023-11-29T21:42:09.759+0000] {processor.py:829} INFO - Processing file /home/airflow/.local/lib/python3.8/site-packages/airflow/example_dags/example_latest_only_with_trigger.py for tasks to queue
[2023-11-29T21:42:09.760+0000] {logging_mixin.py:154} INFO - [2023-11-29T21:42:09.760+0000] {dagbag.py:536} INFO - Filling up the DagBag from /home/airflow/.local/lib/python3.8/site-packages/airflow/example_dags/example_latest_only_with_trigger.py
[2023-11-29T21:42:09.764+0000] {processor.py:839} INFO - DAG(s) dict_keys(['latest_only_with_trigger']) retrieved from /home/airflow/.local/lib/python3.8/site-packages/airflow/example_dags/example_latest_only_with_trigger.py
[2023-11-29T21:42:09.778+0000] {logging_mixin.py:154} INFO - [2023-11-29T21:42:09.778+0000] {dag.py:2941} INFO - Sync 1 DAGs
[2023-11-29T21:42:09.791+0000] {logging_mixin.py:154} INFO - [2023-11-29T21:42:09.791+0000] {dag.py:3722} INFO - Setting next_dagrun for latest_only_with_trigger to 2023-11-29T17:42:09.791049+00:00, run_after=2023-11-29T21:42:09.791049+00:00
[2023-11-29T21:42:09.800+0000] {processor.py:179} INFO - Processing /home/airflow/.local/lib/python3.8/site-packages/airflow/example_dags/example_latest_only_with_trigger.py took 0.045 seconds
[2023-11-29T21:42:40.494+0000] {processor.py:157} INFO - Started process (PID=211) to work on /home/airflow/.local/lib/python3.8/site-packages/airflow/example_dags/example_latest_only_with_trigger.py
[2023-11-29T21:42:40.494+0000] {processor.py:829} INFO - Processing file /home/airflow/.local/lib/python3.8/site-packages/airflow/example_dags/example_latest_only_with_trigger.py for tasks to queue
[2023-11-29T21:42:40.496+0000] {logging_mixin.py:154} INFO - [2023-11-29T21:42:40.496+0000] {dagbag.py:536} INFO - Filling up the DagBag from /home/airflow/.local/lib/python3.8/site-packages/airflow/example_dags/example_latest_only_with_trigger.py
[2023-11-29T21:42:40.499+0000] {processor.py:839} INFO - DAG(s) dict_keys(['latest_only_with_trigger']) retrieved from /home/airflow/.local/lib/python3.8/site-packages/airflow/example_dags/example_latest_only_with_trigger.py
[2023-11-29T21:42:40.513+0000] {logging_mixin.py:154} INFO - [2023-11-29T21:42:40.512+0000] {dag.py:2941} INFO - Sync 1 DAGs
[2023-11-29T21:42:40.525+0000] {logging_mixin.py:154} INFO - [2023-11-29T21:42:40.525+0000] {dag.py:3722} INFO - Setting next_dagrun for latest_only_with_trigger to 2023-11-29T17:42:40.525127+00:00, run_after=2023-11-29T21:42:40.525127+00:00
[2023-11-29T21:42:40.534+0000] {processor.py:179} INFO - Processing /home/airflow/.local/lib/python3.8/site-packages/airflow/example_dags/example_latest_only_with_trigger.py took 0.043 seconds
[2023-11-29T21:43:10.662+0000] {processor.py:157} INFO - Started process (PID=265) to work on /home/airflow/.local/lib/python3.8/site-packages/airflow/example_dags/example_latest_only_with_trigger.py
[2023-11-29T21:43:10.663+0000] {processor.py:829} INFO - Processing file /home/airflow/.local/lib/python3.8/site-packages/airflow/example_dags/example_latest_only_with_trigger.py for tasks to queue
[2023-11-29T21:43:10.664+0000] {logging_mixin.py:154} INFO - [2023-11-29T21:43:10.664+0000] {dagbag.py:536} INFO - Filling up the DagBag from /home/airflow/.local/lib/python3.8/site-packages/airflow/example_dags/example_latest_only_with_trigger.py
[2023-11-29T21:43:10.668+0000] {processor.py:839} INFO - DAG(s) dict_keys(['latest_only_with_trigger']) retrieved from /home/airflow/.local/lib/python3.8/site-packages/airflow/example_dags/example_latest_only_with_trigger.py
[2023-11-29T21:43:10.681+0000] {logging_mixin.py:154} INFO - [2023-11-29T21:43:10.681+0000] {dag.py:2941} INFO - Sync 1 DAGs
[2023-11-29T21:43:10.694+0000] {logging_mixin.py:154} INFO - [2023-11-29T21:43:10.694+0000] {dag.py:3722} INFO - Setting next_dagrun for latest_only_with_trigger to 2023-11-29T17:43:10.694352+00:00, run_after=2023-11-29T21:43:10.694352+00:00
[2023-11-29T21:43:10.704+0000] {processor.py:179} INFO - Processing /home/airflow/.local/lib/python3.8/site-packages/airflow/example_dags/example_latest_only_with_trigger.py took 0.044 seconds
[2023-11-29T21:43:40.801+0000] {processor.py:157} INFO - Started process (PID=319) to work on /home/airflow/.local/lib/python3.8/site-packages/airflow/example_dags/example_latest_only_with_trigger.py
[2023-11-29T21:43:40.802+0000] {processor.py:829} INFO - Processing file /home/airflow/.local/lib/python3.8/site-packages/airflow/example_dags/example_latest_only_with_trigger.py for tasks to queue
[2023-11-29T21:43:40.803+0000] {logging_mixin.py:154} INFO - [2023-11-29T21:43:40.803+0000] {dagbag.py:536} INFO - Filling up the DagBag from /home/airflow/.local/lib/python3.8/site-packages/airflow/example_dags/example_latest_only_with_trigger.py
[2023-11-29T21:43:40.807+0000] {processor.py:839} INFO - DAG(s) dict_keys(['latest_only_with_trigger']) retrieved from /home/airflow/.local/lib/python3.8/site-packages/airflow/example_dags/example_latest_only_with_trigger.py
[2023-11-29T21:43:40.820+0000] {logging_mixin.py:154} INFO - [2023-11-29T21:43:40.820+0000] {dag.py:2941} INFO - Sync 1 DAGs
[2023-11-29T21:43:40.832+0000] {logging_mixin.py:154} INFO - [2023-11-29T21:43:40.832+0000] {dag.py:3722} INFO - Setting next_dagrun for latest_only_with_trigger to 2023-11-29T17:43:40.832654+00:00, run_after=2023-11-29T21:43:40.832654+00:00
[2023-11-29T21:43:40.842+0000] {processor.py:179} INFO - Processing /home/airflow/.local/lib/python3.8/site-packages/airflow/example_dags/example_latest_only_with_trigger.py took 0.043 seconds
[2023-11-29T21:44:11.037+0000] {processor.py:157} INFO - Started process (PID=373) to work on /home/airflow/.local/lib/python3.8/site-packages/airflow/example_dags/example_latest_only_with_trigger.py
[2023-11-29T21:44:11.037+0000] {processor.py:829} INFO - Processing file /home/airflow/.local/lib/python3.8/site-packages/airflow/example_dags/example_latest_only_with_trigger.py for tasks to queue
[2023-11-29T21:44:11.039+0000] {logging_mixin.py:154} INFO - [2023-11-29T21:44:11.039+0000] {dagbag.py:536} INFO - Filling up the DagBag from /home/airflow/.local/lib/python3.8/site-packages/airflow/example_dags/example_latest_only_with_trigger.py
[2023-11-29T21:44:11.043+0000] {processor.py:839} INFO - DAG(s) dict_keys(['latest_only_with_trigger']) retrieved from /home/airflow/.local/lib/python3.8/site-packages/airflow/example_dags/example_latest_only_with_trigger.py
[2023-11-29T21:44:11.056+0000] {logging_mixin.py:154} INFO - [2023-11-29T21:44:11.056+0000] {dag.py:2941} INFO - Sync 1 DAGs
[2023-11-29T21:44:11.069+0000] {logging_mixin.py:154} INFO - [2023-11-29T21:44:11.069+0000] {dag.py:3722} INFO - Setting next_dagrun for latest_only_with_trigger to 2023-11-29T17:44:11.068942+00:00, run_after=2023-11-29T21:44:11.068942+00:00
[2023-11-29T21:44:11.078+0000] {processor.py:179} INFO - Processing /home/airflow/.local/lib/python3.8/site-packages/airflow/example_dags/example_latest_only_with_trigger.py took 0.044 seconds
[2023-11-29T21:44:41.263+0000] {processor.py:157} INFO - Started process (PID=427) to work on /home/airflow/.local/lib/python3.8/site-packages/airflow/example_dags/example_latest_only_with_trigger.py
[2023-11-29T21:44:41.264+0000] {processor.py:829} INFO - Processing file /home/airflow/.local/lib/python3.8/site-packages/airflow/example_dags/example_latest_only_with_trigger.py for tasks to queue
[2023-11-29T21:44:41.266+0000] {logging_mixin.py:154} INFO - [2023-11-29T21:44:41.266+0000] {dagbag.py:536} INFO - Filling up the DagBag from /home/airflow/.local/lib/python3.8/site-packages/airflow/example_dags/example_latest_only_with_trigger.py
[2023-11-29T21:44:41.270+0000] {processor.py:839} INFO - DAG(s) dict_keys(['latest_only_with_trigger']) retrieved from /home/airflow/.local/lib/python3.8/site-packages/airflow/example_dags/example_latest_only_with_trigger.py
[2023-11-29T21:44:41.283+0000] {logging_mixin.py:154} INFO - [2023-11-29T21:44:41.283+0000] {dag.py:2941} INFO - Sync 1 DAGs
[2023-11-29T21:44:41.296+0000] {logging_mixin.py:154} INFO - [2023-11-29T21:44:41.296+0000] {dag.py:3722} INFO - Setting next_dagrun for latest_only_with_trigger to 2023-11-29T17:44:41.296143+00:00, run_after=2023-11-29T21:44:41.296143+00:00
[2023-11-29T21:44:41.307+0000] {processor.py:179} INFO - Processing /home/airflow/.local/lib/python3.8/site-packages/airflow/example_dags/example_latest_only_with_trigger.py took 0.045 seconds
[2023-11-29T21:45:11.473+0000] {processor.py:157} INFO - Started process (PID=481) to work on /home/airflow/.local/lib/python3.8/site-packages/airflow/example_dags/example_latest_only_with_trigger.py
[2023-11-29T21:45:11.474+0000] {processor.py:829} INFO - Processing file /home/airflow/.local/lib/python3.8/site-packages/airflow/example_dags/example_latest_only_with_trigger.py for tasks to queue
[2023-11-29T21:45:11.476+0000] {logging_mixin.py:154} INFO - [2023-11-29T21:45:11.476+0000] {dagbag.py:536} INFO - Filling up the DagBag from /home/airflow/.local/lib/python3.8/site-packages/airflow/example_dags/example_latest_only_with_trigger.py
[2023-11-29T21:45:11.480+0000] {processor.py:839} INFO - DAG(s) dict_keys(['latest_only_with_trigger']) retrieved from /home/airflow/.local/lib/python3.8/site-packages/airflow/example_dags/example_latest_only_with_trigger.py
[2023-11-29T21:45:11.493+0000] {logging_mixin.py:154} INFO - [2023-11-29T21:45:11.493+0000] {dag.py:2941} INFO - Sync 1 DAGs
[2023-11-29T21:45:11.506+0000] {logging_mixin.py:154} INFO - [2023-11-29T21:45:11.506+0000] {dag.py:3722} INFO - Setting next_dagrun for latest_only_with_trigger to 2023-11-29T17:45:11.506011+00:00, run_after=2023-11-29T21:45:11.506011+00:00
[2023-11-29T21:45:11.516+0000] {processor.py:179} INFO - Processing /home/airflow/.local/lib/python3.8/site-packages/airflow/example_dags/example_latest_only_with_trigger.py took 0.045 seconds
[2023-11-29T21:45:41.597+0000] {processor.py:157} INFO - Started process (PID=535) to work on /home/airflow/.local/lib/python3.8/site-packages/airflow/example_dags/example_latest_only_with_trigger.py
[2023-11-29T21:45:41.597+0000] {processor.py:829} INFO - Processing file /home/airflow/.local/lib/python3.8/site-packages/airflow/example_dags/example_latest_only_with_trigger.py for tasks to queue
[2023-11-29T21:45:41.599+0000] {logging_mixin.py:154} INFO - [2023-11-29T21:45:41.599+0000] {dagbag.py:536} INFO - Filling up the DagBag from /home/airflow/.local/lib/python3.8/site-packages/airflow/example_dags/example_latest_only_with_trigger.py
[2023-11-29T21:45:41.603+0000] {processor.py:839} INFO - DAG(s) dict_keys(['latest_only_with_trigger']) retrieved from /home/airflow/.local/lib/python3.8/site-packages/airflow/example_dags/example_latest_only_with_trigger.py
[2023-11-29T21:45:41.616+0000] {logging_mixin.py:154} INFO - [2023-11-29T21:45:41.616+0000] {dag.py:2941} INFO - Sync 1 DAGs
[2023-11-29T21:45:41.628+0000] {logging_mixin.py:154} INFO - [2023-11-29T21:45:41.628+0000] {dag.py:3722} INFO - Setting next_dagrun for latest_only_with_trigger to 2023-11-29T17:45:41.628582+00:00, run_after=2023-11-29T21:45:41.628582+00:00
[2023-11-29T21:45:41.638+0000] {processor.py:179} INFO - Processing /home/airflow/.local/lib/python3.8/site-packages/airflow/example_dags/example_latest_only_with_trigger.py took 0.044 seconds
[2023-11-29T21:46:12.660+0000] {processor.py:157} INFO - Started process (PID=589) to work on /home/airflow/.local/lib/python3.8/site-packages/airflow/example_dags/example_latest_only_with_trigger.py
[2023-11-29T21:46:12.660+0000] {processor.py:829} INFO - Processing file /home/airflow/.local/lib/python3.8/site-packages/airflow/example_dags/example_latest_only_with_trigger.py for tasks to queue
[2023-11-29T21:46:12.662+0000] {logging_mixin.py:154} INFO - [2023-11-29T21:46:12.662+0000] {dagbag.py:536} INFO - Filling up the DagBag from /home/airflow/.local/lib/python3.8/site-packages/airflow/example_dags/example_latest_only_with_trigger.py
[2023-11-29T21:46:12.666+0000] {processor.py:839} INFO - DAG(s) dict_keys(['latest_only_with_trigger']) retrieved from /home/airflow/.local/lib/python3.8/site-packages/airflow/example_dags/example_latest_only_with_trigger.py
[2023-11-29T21:46:12.680+0000] {logging_mixin.py:154} INFO - [2023-11-29T21:46:12.680+0000] {dag.py:2941} INFO - Sync 1 DAGs
[2023-11-29T21:46:12.693+0000] {logging_mixin.py:154} INFO - [2023-11-29T21:46:12.693+0000] {dag.py:3722} INFO - Setting next_dagrun for latest_only_with_trigger to 2023-11-29T17:46:12.692963+00:00, run_after=2023-11-29T21:46:12.692963+00:00
[2023-11-29T21:46:12.704+0000] {processor.py:179} INFO - Processing /home/airflow/.local/lib/python3.8/site-packages/airflow/example_dags/example_latest_only_with_trigger.py took 0.046 seconds
[2023-11-29T21:46:43.681+0000] {processor.py:157} INFO - Started process (PID=643) to work on /home/airflow/.local/lib/python3.8/site-packages/airflow/example_dags/example_latest_only_with_trigger.py
[2023-11-29T21:46:43.681+0000] {processor.py:829} INFO - Processing file /home/airflow/.local/lib/python3.8/site-packages/airflow/example_dags/example_latest_only_with_trigger.py for tasks to queue
[2023-11-29T21:46:43.683+0000] {logging_mixin.py:154} INFO - [2023-11-29T21:46:43.683+0000] {dagbag.py:536} INFO - Filling up the DagBag from /home/airflow/.local/lib/python3.8/site-packages/airflow/example_dags/example_latest_only_with_trigger.py
[2023-11-29T21:46:43.687+0000] {processor.py:839} INFO - DAG(s) dict_keys(['latest_only_with_trigger']) retrieved from /home/airflow/.local/lib/python3.8/site-packages/airflow/example_dags/example_latest_only_with_trigger.py
[2023-11-29T21:46:43.701+0000] {logging_mixin.py:154} INFO - [2023-11-29T21:46:43.701+0000] {dag.py:2941} INFO - Sync 1 DAGs
[2023-11-29T21:46:43.713+0000] {logging_mixin.py:154} INFO - [2023-11-29T21:46:43.713+0000] {dag.py:3722} INFO - Setting next_dagrun for latest_only_with_trigger to 2023-11-29T17:46:43.713689+00:00, run_after=2023-11-29T21:46:43.713689+00:00
[2023-11-29T21:46:43.724+0000] {processor.py:179} INFO - Processing /home/airflow/.local/lib/python3.8/site-packages/airflow/example_dags/example_latest_only_with_trigger.py took 0.046 seconds
[2023-11-29T21:47:13.774+0000] {processor.py:157} INFO - Started process (PID=696) to work on /home/airflow/.local/lib/python3.8/site-packages/airflow/example_dags/example_latest_only_with_trigger.py
[2023-11-29T21:47:13.775+0000] {processor.py:829} INFO - Processing file /home/airflow/.local/lib/python3.8/site-packages/airflow/example_dags/example_latest_only_with_trigger.py for tasks to queue
[2023-11-29T21:47:13.776+0000] {logging_mixin.py:154} INFO - [2023-11-29T21:47:13.776+0000] {dagbag.py:536} INFO - Filling up the DagBag from /home/airflow/.local/lib/python3.8/site-packages/airflow/example_dags/example_latest_only_with_trigger.py
[2023-11-29T21:47:13.780+0000] {processor.py:839} INFO - DAG(s) dict_keys(['latest_only_with_trigger']) retrieved from /home/airflow/.local/lib/python3.8/site-packages/airflow/example_dags/example_latest_only_with_trigger.py
[2023-11-29T21:47:13.794+0000] {logging_mixin.py:154} INFO - [2023-11-29T21:47:13.793+0000] {dag.py:2941} INFO - Sync 1 DAGs
[2023-11-29T21:47:13.806+0000] {logging_mixin.py:154} INFO - [2023-11-29T21:47:13.806+0000] {dag.py:3722} INFO - Setting next_dagrun for latest_only_with_trigger to 2023-11-29T17:47:13.806043+00:00, run_after=2023-11-29T21:47:13.806043+00:00
[2023-11-29T21:47:13.816+0000] {processor.py:179} INFO - Processing /home/airflow/.local/lib/python3.8/site-packages/airflow/example_dags/example_latest_only_with_trigger.py took 0.045 seconds
[2023-11-29T21:47:43.984+0000] {processor.py:157} INFO - Started process (PID=750) to work on /home/airflow/.local/lib/python3.8/site-packages/airflow/example_dags/example_latest_only_with_trigger.py
[2023-11-29T21:47:43.985+0000] {processor.py:829} INFO - Processing file /home/airflow/.local/lib/python3.8/site-packages/airflow/example_dags/example_latest_only_with_trigger.py for tasks to queue
[2023-11-29T21:47:43.986+0000] {logging_mixin.py:154} INFO - [2023-11-29T21:47:43.986+0000] {dagbag.py:536} INFO - Filling up the DagBag from /home/airflow/.local/lib/python3.8/site-packages/airflow/example_dags/example_latest_only_with_trigger.py
[2023-11-29T21:47:43.990+0000] {processor.py:839} INFO - DAG(s) dict_keys(['latest_only_with_trigger']) retrieved from /home/airflow/.local/lib/python3.8/site-packages/airflow/example_dags/example_latest_only_with_trigger.py
[2023-11-29T21:47:44.003+0000] {logging_mixin.py:154} INFO - [2023-11-29T21:47:44.003+0000] {dag.py:2941} INFO - Sync 1 DAGs
[2023-11-29T21:47:44.016+0000] {logging_mixin.py:154} INFO - [2023-11-29T21:47:44.016+0000] {dag.py:3722} INFO - Setting next_dagrun for latest_only_with_trigger to 2023-11-29T17:47:44.016579+00:00, run_after=2023-11-29T21:47:44.016579+00:00
[2023-11-29T21:47:44.028+0000] {processor.py:179} INFO - Processing /home/airflow/.local/lib/python3.8/site-packages/airflow/example_dags/example_latest_only_with_trigger.py took 0.046 seconds
