[2023-11-29T20:51:39.579+0000] {processor.py:157} INFO - Started process (PID=61) to work on /home/airflow/.local/lib/python3.8/site-packages/airflow/example_dags/example_sla_dag.py
[2023-11-29T20:51:39.580+0000] {processor.py:829} INFO - Processing file /home/airflow/.local/lib/python3.8/site-packages/airflow/example_dags/example_sla_dag.py for tasks to queue
[2023-11-29T20:51:39.581+0000] {logging_mixin.py:154} INFO - [2023-11-29T20:51:39.581+0000] {dagbag.py:536} INFO - Filling up the DagBag from /home/airflow/.local/lib/python3.8/site-packages/airflow/example_dags/example_sla_dag.py
[2023-11-29T20:51:39.589+0000] {processor.py:839} INFO - DAG(s) dict_keys(['example_sla_dag']) retrieved from /home/airflow/.local/lib/python3.8/site-packages/airflow/example_dags/example_sla_dag.py
[2023-11-29T20:51:39.656+0000] {logging_mixin.py:154} INFO - [2023-11-29T20:51:39.656+0000] {dag.py:2941} INFO - Sync 1 DAGs
[2023-11-29T20:51:39.670+0000] {logging_mixin.py:154} INFO - [2023-11-29T20:51:39.670+0000] {dag.py:3722} INFO - Setting next_dagrun for example_sla_dag to 2023-11-29T20:48:00+00:00, run_after=2023-11-29T20:50:00+00:00
[2023-11-29T20:51:39.682+0000] {processor.py:179} INFO - Processing /home/airflow/.local/lib/python3.8/site-packages/airflow/example_dags/example_sla_dag.py took 0.106 seconds
[2023-11-29T20:52:09.942+0000] {processor.py:157} INFO - Started process (PID=115) to work on /home/airflow/.local/lib/python3.8/site-packages/airflow/example_dags/example_sla_dag.py
[2023-11-29T20:52:09.943+0000] {processor.py:829} INFO - Processing file /home/airflow/.local/lib/python3.8/site-packages/airflow/example_dags/example_sla_dag.py for tasks to queue
[2023-11-29T20:52:09.945+0000] {logging_mixin.py:154} INFO - [2023-11-29T20:52:09.944+0000] {dagbag.py:536} INFO - Filling up the DagBag from /home/airflow/.local/lib/python3.8/site-packages/airflow/example_dags/example_sla_dag.py
[2023-11-29T20:52:09.950+0000] {processor.py:839} INFO - DAG(s) dict_keys(['example_sla_dag']) retrieved from /home/airflow/.local/lib/python3.8/site-packages/airflow/example_dags/example_sla_dag.py
[2023-11-29T20:52:09.958+0000] {logging_mixin.py:154} INFO - [2023-11-29T20:52:09.958+0000] {dag.py:2941} INFO - Sync 1 DAGs
[2023-11-29T20:52:09.973+0000] {logging_mixin.py:154} INFO - [2023-11-29T20:52:09.973+0000] {dag.py:3722} INFO - Setting next_dagrun for example_sla_dag to 2023-11-29T20:50:00+00:00, run_after=2023-11-29T20:52:00+00:00
[2023-11-29T20:52:09.983+0000] {processor.py:179} INFO - Processing /home/airflow/.local/lib/python3.8/site-packages/airflow/example_dags/example_sla_dag.py took 0.043 seconds
[2023-11-29T20:52:40.786+0000] {processor.py:157} INFO - Started process (PID=169) to work on /home/airflow/.local/lib/python3.8/site-packages/airflow/example_dags/example_sla_dag.py
[2023-11-29T20:52:40.787+0000] {processor.py:829} INFO - Processing file /home/airflow/.local/lib/python3.8/site-packages/airflow/example_dags/example_sla_dag.py for tasks to queue
[2023-11-29T20:52:40.788+0000] {logging_mixin.py:154} INFO - [2023-11-29T20:52:40.788+0000] {dagbag.py:536} INFO - Filling up the DagBag from /home/airflow/.local/lib/python3.8/site-packages/airflow/example_dags/example_sla_dag.py
[2023-11-29T20:52:40.793+0000] {processor.py:839} INFO - DAG(s) dict_keys(['example_sla_dag']) retrieved from /home/airflow/.local/lib/python3.8/site-packages/airflow/example_dags/example_sla_dag.py
[2023-11-29T20:52:40.805+0000] {logging_mixin.py:154} INFO - [2023-11-29T20:52:40.804+0000] {dag.py:2941} INFO - Sync 1 DAGs
[2023-11-29T20:52:40.817+0000] {logging_mixin.py:154} INFO - [2023-11-29T20:52:40.817+0000] {dag.py:3722} INFO - Setting next_dagrun for example_sla_dag to 2023-11-29T20:50:00+00:00, run_after=2023-11-29T20:52:00+00:00
[2023-11-29T20:52:40.826+0000] {processor.py:179} INFO - Processing /home/airflow/.local/lib/python3.8/site-packages/airflow/example_dags/example_sla_dag.py took 0.042 seconds
[2023-11-29T20:53:10.943+0000] {processor.py:157} INFO - Started process (PID=223) to work on /home/airflow/.local/lib/python3.8/site-packages/airflow/example_dags/example_sla_dag.py
[2023-11-29T20:53:10.944+0000] {processor.py:829} INFO - Processing file /home/airflow/.local/lib/python3.8/site-packages/airflow/example_dags/example_sla_dag.py for tasks to queue
[2023-11-29T20:53:10.946+0000] {logging_mixin.py:154} INFO - [2023-11-29T20:53:10.945+0000] {dagbag.py:536} INFO - Filling up the DagBag from /home/airflow/.local/lib/python3.8/site-packages/airflow/example_dags/example_sla_dag.py
[2023-11-29T20:53:10.951+0000] {processor.py:839} INFO - DAG(s) dict_keys(['example_sla_dag']) retrieved from /home/airflow/.local/lib/python3.8/site-packages/airflow/example_dags/example_sla_dag.py
[2023-11-29T20:53:10.964+0000] {logging_mixin.py:154} INFO - [2023-11-29T20:53:10.964+0000] {dag.py:2941} INFO - Sync 1 DAGs
[2023-11-29T20:53:10.978+0000] {logging_mixin.py:154} INFO - [2023-11-29T20:53:10.977+0000] {dag.py:3722} INFO - Setting next_dagrun for example_sla_dag to 2023-11-29T20:50:00+00:00, run_after=2023-11-29T20:52:00+00:00
[2023-11-29T20:53:10.987+0000] {processor.py:179} INFO - Processing /home/airflow/.local/lib/python3.8/site-packages/airflow/example_dags/example_sla_dag.py took 0.046 seconds
[2023-11-29T20:53:41.083+0000] {processor.py:157} INFO - Started process (PID=277) to work on /home/airflow/.local/lib/python3.8/site-packages/airflow/example_dags/example_sla_dag.py
[2023-11-29T20:53:41.083+0000] {processor.py:829} INFO - Processing file /home/airflow/.local/lib/python3.8/site-packages/airflow/example_dags/example_sla_dag.py for tasks to queue
[2023-11-29T20:53:41.085+0000] {logging_mixin.py:154} INFO - [2023-11-29T20:53:41.085+0000] {dagbag.py:536} INFO - Filling up the DagBag from /home/airflow/.local/lib/python3.8/site-packages/airflow/example_dags/example_sla_dag.py
[2023-11-29T20:53:41.090+0000] {processor.py:839} INFO - DAG(s) dict_keys(['example_sla_dag']) retrieved from /home/airflow/.local/lib/python3.8/site-packages/airflow/example_dags/example_sla_dag.py
[2023-11-29T20:53:41.102+0000] {logging_mixin.py:154} INFO - [2023-11-29T20:53:41.102+0000] {dag.py:2941} INFO - Sync 1 DAGs
[2023-11-29T20:53:41.115+0000] {logging_mixin.py:154} INFO - [2023-11-29T20:53:41.115+0000] {dag.py:3722} INFO - Setting next_dagrun for example_sla_dag to 2023-11-29T20:50:00+00:00, run_after=2023-11-29T20:52:00+00:00
[2023-11-29T20:53:41.124+0000] {processor.py:179} INFO - Processing /home/airflow/.local/lib/python3.8/site-packages/airflow/example_dags/example_sla_dag.py took 0.043 seconds
[2023-11-29T20:54:11.180+0000] {processor.py:157} INFO - Started process (PID=331) to work on /home/airflow/.local/lib/python3.8/site-packages/airflow/example_dags/example_sla_dag.py
[2023-11-29T20:54:11.181+0000] {processor.py:829} INFO - Processing file /home/airflow/.local/lib/python3.8/site-packages/airflow/example_dags/example_sla_dag.py for tasks to queue
[2023-11-29T20:54:11.182+0000] {logging_mixin.py:154} INFO - [2023-11-29T20:54:11.182+0000] {dagbag.py:536} INFO - Filling up the DagBag from /home/airflow/.local/lib/python3.8/site-packages/airflow/example_dags/example_sla_dag.py
[2023-11-29T20:54:11.187+0000] {processor.py:839} INFO - DAG(s) dict_keys(['example_sla_dag']) retrieved from /home/airflow/.local/lib/python3.8/site-packages/airflow/example_dags/example_sla_dag.py
[2023-11-29T20:54:11.199+0000] {logging_mixin.py:154} INFO - [2023-11-29T20:54:11.199+0000] {dag.py:2941} INFO - Sync 1 DAGs
[2023-11-29T20:54:11.212+0000] {logging_mixin.py:154} INFO - [2023-11-29T20:54:11.212+0000] {dag.py:3722} INFO - Setting next_dagrun for example_sla_dag to 2023-11-29T20:52:00+00:00, run_after=2023-11-29T20:54:00+00:00
[2023-11-29T20:54:11.221+0000] {processor.py:179} INFO - Processing /home/airflow/.local/lib/python3.8/site-packages/airflow/example_dags/example_sla_dag.py took 0.043 seconds
[2023-11-29T20:54:41.284+0000] {processor.py:157} INFO - Started process (PID=385) to work on /home/airflow/.local/lib/python3.8/site-packages/airflow/example_dags/example_sla_dag.py
[2023-11-29T20:54:41.285+0000] {processor.py:829} INFO - Processing file /home/airflow/.local/lib/python3.8/site-packages/airflow/example_dags/example_sla_dag.py for tasks to queue
[2023-11-29T20:54:41.286+0000] {logging_mixin.py:154} INFO - [2023-11-29T20:54:41.286+0000] {dagbag.py:536} INFO - Filling up the DagBag from /home/airflow/.local/lib/python3.8/site-packages/airflow/example_dags/example_sla_dag.py
[2023-11-29T20:54:41.292+0000] {processor.py:839} INFO - DAG(s) dict_keys(['example_sla_dag']) retrieved from /home/airflow/.local/lib/python3.8/site-packages/airflow/example_dags/example_sla_dag.py
[2023-11-29T20:54:41.304+0000] {logging_mixin.py:154} INFO - [2023-11-29T20:54:41.304+0000] {dag.py:2941} INFO - Sync 1 DAGs
[2023-11-29T20:54:41.317+0000] {logging_mixin.py:154} INFO - [2023-11-29T20:54:41.317+0000] {dag.py:3722} INFO - Setting next_dagrun for example_sla_dag to 2023-11-29T20:52:00+00:00, run_after=2023-11-29T20:54:00+00:00
[2023-11-29T20:54:41.326+0000] {processor.py:179} INFO - Processing /home/airflow/.local/lib/python3.8/site-packages/airflow/example_dags/example_sla_dag.py took 0.044 seconds
[2023-11-29T20:55:11.404+0000] {processor.py:157} INFO - Started process (PID=439) to work on /home/airflow/.local/lib/python3.8/site-packages/airflow/example_dags/example_sla_dag.py
[2023-11-29T20:55:11.405+0000] {processor.py:829} INFO - Processing file /home/airflow/.local/lib/python3.8/site-packages/airflow/example_dags/example_sla_dag.py for tasks to queue
[2023-11-29T20:55:11.406+0000] {logging_mixin.py:154} INFO - [2023-11-29T20:55:11.406+0000] {dagbag.py:536} INFO - Filling up the DagBag from /home/airflow/.local/lib/python3.8/site-packages/airflow/example_dags/example_sla_dag.py
[2023-11-29T20:55:11.412+0000] {processor.py:839} INFO - DAG(s) dict_keys(['example_sla_dag']) retrieved from /home/airflow/.local/lib/python3.8/site-packages/airflow/example_dags/example_sla_dag.py
[2023-11-29T20:55:11.424+0000] {logging_mixin.py:154} INFO - [2023-11-29T20:55:11.424+0000] {dag.py:2941} INFO - Sync 1 DAGs
[2023-11-29T20:55:11.438+0000] {logging_mixin.py:154} INFO - [2023-11-29T20:55:11.438+0000] {dag.py:3722} INFO - Setting next_dagrun for example_sla_dag to 2023-11-29T20:52:00+00:00, run_after=2023-11-29T20:54:00+00:00
[2023-11-29T20:55:11.447+0000] {processor.py:179} INFO - Processing /home/airflow/.local/lib/python3.8/site-packages/airflow/example_dags/example_sla_dag.py took 0.044 seconds
[2023-11-29T20:55:41.530+0000] {processor.py:157} INFO - Started process (PID=493) to work on /home/airflow/.local/lib/python3.8/site-packages/airflow/example_dags/example_sla_dag.py
[2023-11-29T20:55:41.531+0000] {processor.py:829} INFO - Processing file /home/airflow/.local/lib/python3.8/site-packages/airflow/example_dags/example_sla_dag.py for tasks to queue
[2023-11-29T20:55:41.532+0000] {logging_mixin.py:154} INFO - [2023-11-29T20:55:41.532+0000] {dagbag.py:536} INFO - Filling up the DagBag from /home/airflow/.local/lib/python3.8/site-packages/airflow/example_dags/example_sla_dag.py
[2023-11-29T20:55:41.537+0000] {processor.py:839} INFO - DAG(s) dict_keys(['example_sla_dag']) retrieved from /home/airflow/.local/lib/python3.8/site-packages/airflow/example_dags/example_sla_dag.py
[2023-11-29T20:55:41.549+0000] {logging_mixin.py:154} INFO - [2023-11-29T20:55:41.549+0000] {dag.py:2941} INFO - Sync 1 DAGs
[2023-11-29T20:55:41.563+0000] {logging_mixin.py:154} INFO - [2023-11-29T20:55:41.562+0000] {dag.py:3722} INFO - Setting next_dagrun for example_sla_dag to 2023-11-29T20:52:00+00:00, run_after=2023-11-29T20:54:00+00:00
[2023-11-29T20:55:41.572+0000] {processor.py:179} INFO - Processing /home/airflow/.local/lib/python3.8/site-packages/airflow/example_dags/example_sla_dag.py took 0.044 seconds
[2023-11-29T20:56:11.626+0000] {processor.py:157} INFO - Started process (PID=547) to work on /home/airflow/.local/lib/python3.8/site-packages/airflow/example_dags/example_sla_dag.py
[2023-11-29T20:56:11.627+0000] {processor.py:829} INFO - Processing file /home/airflow/.local/lib/python3.8/site-packages/airflow/example_dags/example_sla_dag.py for tasks to queue
[2023-11-29T20:56:11.628+0000] {logging_mixin.py:154} INFO - [2023-11-29T20:56:11.628+0000] {dagbag.py:536} INFO - Filling up the DagBag from /home/airflow/.local/lib/python3.8/site-packages/airflow/example_dags/example_sla_dag.py
[2023-11-29T20:56:11.633+0000] {processor.py:839} INFO - DAG(s) dict_keys(['example_sla_dag']) retrieved from /home/airflow/.local/lib/python3.8/site-packages/airflow/example_dags/example_sla_dag.py
[2023-11-29T20:56:11.645+0000] {logging_mixin.py:154} INFO - [2023-11-29T20:56:11.645+0000] {dag.py:2941} INFO - Sync 1 DAGs
[2023-11-29T20:56:11.658+0000] {logging_mixin.py:154} INFO - [2023-11-29T20:56:11.658+0000] {dag.py:3722} INFO - Setting next_dagrun for example_sla_dag to 2023-11-29T20:54:00+00:00, run_after=2023-11-29T20:56:00+00:00
[2023-11-29T20:56:11.667+0000] {processor.py:179} INFO - Processing /home/airflow/.local/lib/python3.8/site-packages/airflow/example_dags/example_sla_dag.py took 0.043 seconds
[2023-11-29T20:56:42.583+0000] {processor.py:157} INFO - Started process (PID=601) to work on /home/airflow/.local/lib/python3.8/site-packages/airflow/example_dags/example_sla_dag.py
[2023-11-29T20:56:42.584+0000] {processor.py:829} INFO - Processing file /home/airflow/.local/lib/python3.8/site-packages/airflow/example_dags/example_sla_dag.py for tasks to queue
[2023-11-29T20:56:42.585+0000] {logging_mixin.py:154} INFO - [2023-11-29T20:56:42.585+0000] {dagbag.py:536} INFO - Filling up the DagBag from /home/airflow/.local/lib/python3.8/site-packages/airflow/example_dags/example_sla_dag.py
[2023-11-29T20:56:42.591+0000] {processor.py:839} INFO - DAG(s) dict_keys(['example_sla_dag']) retrieved from /home/airflow/.local/lib/python3.8/site-packages/airflow/example_dags/example_sla_dag.py
[2023-11-29T20:56:42.602+0000] {logging_mixin.py:154} INFO - [2023-11-29T20:56:42.602+0000] {dag.py:2941} INFO - Sync 1 DAGs
[2023-11-29T20:56:42.616+0000] {logging_mixin.py:154} INFO - [2023-11-29T20:56:42.615+0000] {dag.py:3722} INFO - Setting next_dagrun for example_sla_dag to 2023-11-29T20:54:00+00:00, run_after=2023-11-29T20:56:00+00:00
[2023-11-29T20:56:42.625+0000] {processor.py:179} INFO - Processing /home/airflow/.local/lib/python3.8/site-packages/airflow/example_dags/example_sla_dag.py took 0.044 seconds
[2023-11-29T20:57:12.682+0000] {processor.py:157} INFO - Started process (PID=655) to work on /home/airflow/.local/lib/python3.8/site-packages/airflow/example_dags/example_sla_dag.py
[2023-11-29T20:57:12.682+0000] {processor.py:829} INFO - Processing file /home/airflow/.local/lib/python3.8/site-packages/airflow/example_dags/example_sla_dag.py for tasks to queue
[2023-11-29T20:57:12.684+0000] {logging_mixin.py:154} INFO - [2023-11-29T20:57:12.684+0000] {dagbag.py:536} INFO - Filling up the DagBag from /home/airflow/.local/lib/python3.8/site-packages/airflow/example_dags/example_sla_dag.py
[2023-11-29T20:57:12.689+0000] {processor.py:839} INFO - DAG(s) dict_keys(['example_sla_dag']) retrieved from /home/airflow/.local/lib/python3.8/site-packages/airflow/example_dags/example_sla_dag.py
[2023-11-29T20:57:12.700+0000] {logging_mixin.py:154} INFO - [2023-11-29T20:57:12.700+0000] {dag.py:2941} INFO - Sync 1 DAGs
[2023-11-29T20:57:12.712+0000] {logging_mixin.py:154} INFO - [2023-11-29T20:57:12.712+0000] {dag.py:3722} INFO - Setting next_dagrun for example_sla_dag to 2023-11-29T20:54:00+00:00, run_after=2023-11-29T20:56:00+00:00
[2023-11-29T20:57:12.721+0000] {processor.py:179} INFO - Processing /home/airflow/.local/lib/python3.8/site-packages/airflow/example_dags/example_sla_dag.py took 0.041 seconds
[2023-11-29T20:57:42.758+0000] {processor.py:157} INFO - Started process (PID=709) to work on /home/airflow/.local/lib/python3.8/site-packages/airflow/example_dags/example_sla_dag.py
[2023-11-29T20:57:42.759+0000] {processor.py:829} INFO - Processing file /home/airflow/.local/lib/python3.8/site-packages/airflow/example_dags/example_sla_dag.py for tasks to queue
[2023-11-29T20:57:42.760+0000] {logging_mixin.py:154} INFO - [2023-11-29T20:57:42.760+0000] {dagbag.py:536} INFO - Filling up the DagBag from /home/airflow/.local/lib/python3.8/site-packages/airflow/example_dags/example_sla_dag.py
[2023-11-29T20:57:42.765+0000] {processor.py:839} INFO - DAG(s) dict_keys(['example_sla_dag']) retrieved from /home/airflow/.local/lib/python3.8/site-packages/airflow/example_dags/example_sla_dag.py
[2023-11-29T20:57:42.777+0000] {logging_mixin.py:154} INFO - [2023-11-29T20:57:42.777+0000] {dag.py:2941} INFO - Sync 1 DAGs
[2023-11-29T20:57:42.791+0000] {logging_mixin.py:154} INFO - [2023-11-29T20:57:42.791+0000] {dag.py:3722} INFO - Setting next_dagrun for example_sla_dag to 2023-11-29T20:54:00+00:00, run_after=2023-11-29T20:56:00+00:00
[2023-11-29T20:57:42.800+0000] {processor.py:179} INFO - Processing /home/airflow/.local/lib/python3.8/site-packages/airflow/example_dags/example_sla_dag.py took 0.044 seconds
[2023-11-29T20:58:12.841+0000] {processor.py:157} INFO - Started process (PID=763) to work on /home/airflow/.local/lib/python3.8/site-packages/airflow/example_dags/example_sla_dag.py
[2023-11-29T20:58:12.841+0000] {processor.py:829} INFO - Processing file /home/airflow/.local/lib/python3.8/site-packages/airflow/example_dags/example_sla_dag.py for tasks to queue
[2023-11-29T20:58:12.843+0000] {logging_mixin.py:154} INFO - [2023-11-29T20:58:12.842+0000] {dagbag.py:536} INFO - Filling up the DagBag from /home/airflow/.local/lib/python3.8/site-packages/airflow/example_dags/example_sla_dag.py
[2023-11-29T20:58:12.848+0000] {processor.py:839} INFO - DAG(s) dict_keys(['example_sla_dag']) retrieved from /home/airflow/.local/lib/python3.8/site-packages/airflow/example_dags/example_sla_dag.py
[2023-11-29T20:58:12.861+0000] {logging_mixin.py:154} INFO - [2023-11-29T20:58:12.861+0000] {dag.py:2941} INFO - Sync 1 DAGs
[2023-11-29T20:58:12.874+0000] {logging_mixin.py:154} INFO - [2023-11-29T20:58:12.874+0000] {dag.py:3722} INFO - Setting next_dagrun for example_sla_dag to 2023-11-29T20:56:00+00:00, run_after=2023-11-29T20:58:00+00:00
[2023-11-29T20:58:12.883+0000] {processor.py:179} INFO - Processing /home/airflow/.local/lib/python3.8/site-packages/airflow/example_dags/example_sla_dag.py took 0.044 seconds
[2023-11-29T20:58:42.964+0000] {processor.py:157} INFO - Started process (PID=817) to work on /home/airflow/.local/lib/python3.8/site-packages/airflow/example_dags/example_sla_dag.py
[2023-11-29T20:58:42.965+0000] {processor.py:829} INFO - Processing file /home/airflow/.local/lib/python3.8/site-packages/airflow/example_dags/example_sla_dag.py for tasks to queue
[2023-11-29T20:58:42.966+0000] {logging_mixin.py:154} INFO - [2023-11-29T20:58:42.966+0000] {dagbag.py:536} INFO - Filling up the DagBag from /home/airflow/.local/lib/python3.8/site-packages/airflow/example_dags/example_sla_dag.py
[2023-11-29T20:58:42.972+0000] {processor.py:839} INFO - DAG(s) dict_keys(['example_sla_dag']) retrieved from /home/airflow/.local/lib/python3.8/site-packages/airflow/example_dags/example_sla_dag.py
[2023-11-29T20:58:42.983+0000] {logging_mixin.py:154} INFO - [2023-11-29T20:58:42.983+0000] {dag.py:2941} INFO - Sync 1 DAGs
[2023-11-29T20:58:42.997+0000] {logging_mixin.py:154} INFO - [2023-11-29T20:58:42.997+0000] {dag.py:3722} INFO - Setting next_dagrun for example_sla_dag to 2023-11-29T20:56:00+00:00, run_after=2023-11-29T20:58:00+00:00
[2023-11-29T20:58:43.006+0000] {processor.py:179} INFO - Processing /home/airflow/.local/lib/python3.8/site-packages/airflow/example_dags/example_sla_dag.py took 0.044 seconds
[2023-11-29T20:59:13.922+0000] {processor.py:157} INFO - Started process (PID=871) to work on /home/airflow/.local/lib/python3.8/site-packages/airflow/example_dags/example_sla_dag.py
[2023-11-29T20:59:13.923+0000] {processor.py:829} INFO - Processing file /home/airflow/.local/lib/python3.8/site-packages/airflow/example_dags/example_sla_dag.py for tasks to queue
[2023-11-29T20:59:13.924+0000] {logging_mixin.py:154} INFO - [2023-11-29T20:59:13.924+0000] {dagbag.py:536} INFO - Filling up the DagBag from /home/airflow/.local/lib/python3.8/site-packages/airflow/example_dags/example_sla_dag.py
[2023-11-29T20:59:13.929+0000] {processor.py:839} INFO - DAG(s) dict_keys(['example_sla_dag']) retrieved from /home/airflow/.local/lib/python3.8/site-packages/airflow/example_dags/example_sla_dag.py
[2023-11-29T20:59:13.942+0000] {logging_mixin.py:154} INFO - [2023-11-29T20:59:13.942+0000] {dag.py:2941} INFO - Sync 1 DAGs
[2023-11-29T20:59:13.956+0000] {logging_mixin.py:154} INFO - [2023-11-29T20:59:13.956+0000] {dag.py:3722} INFO - Setting next_dagrun for example_sla_dag to 2023-11-29T20:56:00+00:00, run_after=2023-11-29T20:58:00+00:00
[2023-11-29T20:59:13.964+0000] {processor.py:179} INFO - Processing /home/airflow/.local/lib/python3.8/site-packages/airflow/example_dags/example_sla_dag.py took 0.045 seconds
[2023-11-29T20:59:44.718+0000] {processor.py:157} INFO - Started process (PID=926) to work on /home/airflow/.local/lib/python3.8/site-packages/airflow/example_dags/example_sla_dag.py
[2023-11-29T20:59:44.719+0000] {processor.py:829} INFO - Processing file /home/airflow/.local/lib/python3.8/site-packages/airflow/example_dags/example_sla_dag.py for tasks to queue
[2023-11-29T20:59:44.721+0000] {logging_mixin.py:154} INFO - [2023-11-29T20:59:44.721+0000] {dagbag.py:536} INFO - Filling up the DagBag from /home/airflow/.local/lib/python3.8/site-packages/airflow/example_dags/example_sla_dag.py
[2023-11-29T20:59:44.726+0000] {processor.py:839} INFO - DAG(s) dict_keys(['example_sla_dag']) retrieved from /home/airflow/.local/lib/python3.8/site-packages/airflow/example_dags/example_sla_dag.py
[2023-11-29T20:59:44.738+0000] {logging_mixin.py:154} INFO - [2023-11-29T20:59:44.738+0000] {dag.py:2941} INFO - Sync 1 DAGs
[2023-11-29T20:59:44.752+0000] {logging_mixin.py:154} INFO - [2023-11-29T20:59:44.752+0000] {dag.py:3722} INFO - Setting next_dagrun for example_sla_dag to 2023-11-29T20:56:00+00:00, run_after=2023-11-29T20:58:00+00:00
[2023-11-29T20:59:44.761+0000] {processor.py:179} INFO - Processing /home/airflow/.local/lib/python3.8/site-packages/airflow/example_dags/example_sla_dag.py took 0.045 seconds
[2023-11-29T21:00:15.525+0000] {processor.py:157} INFO - Started process (PID=980) to work on /home/airflow/.local/lib/python3.8/site-packages/airflow/example_dags/example_sla_dag.py
[2023-11-29T21:00:15.526+0000] {processor.py:829} INFO - Processing file /home/airflow/.local/lib/python3.8/site-packages/airflow/example_dags/example_sla_dag.py for tasks to queue
[2023-11-29T21:00:15.528+0000] {logging_mixin.py:154} INFO - [2023-11-29T21:00:15.528+0000] {dagbag.py:536} INFO - Filling up the DagBag from /home/airflow/.local/lib/python3.8/site-packages/airflow/example_dags/example_sla_dag.py
[2023-11-29T21:00:15.533+0000] {processor.py:839} INFO - DAG(s) dict_keys(['example_sla_dag']) retrieved from /home/airflow/.local/lib/python3.8/site-packages/airflow/example_dags/example_sla_dag.py
[2023-11-29T21:00:15.545+0000] {logging_mixin.py:154} INFO - [2023-11-29T21:00:15.545+0000] {dag.py:2941} INFO - Sync 1 DAGs
[2023-11-29T21:00:15.559+0000] {logging_mixin.py:154} INFO - [2023-11-29T21:00:15.559+0000] {dag.py:3722} INFO - Setting next_dagrun for example_sla_dag to 2023-11-29T20:58:00+00:00, run_after=2023-11-29T21:00:00+00:00
[2023-11-29T21:00:15.569+0000] {processor.py:179} INFO - Processing /home/airflow/.local/lib/python3.8/site-packages/airflow/example_dags/example_sla_dag.py took 0.046 seconds
[2023-11-29T21:00:46.499+0000] {processor.py:157} INFO - Started process (PID=1033) to work on /home/airflow/.local/lib/python3.8/site-packages/airflow/example_dags/example_sla_dag.py
[2023-11-29T21:00:46.500+0000] {processor.py:829} INFO - Processing file /home/airflow/.local/lib/python3.8/site-packages/airflow/example_dags/example_sla_dag.py for tasks to queue
[2023-11-29T21:00:46.501+0000] {logging_mixin.py:154} INFO - [2023-11-29T21:00:46.501+0000] {dagbag.py:536} INFO - Filling up the DagBag from /home/airflow/.local/lib/python3.8/site-packages/airflow/example_dags/example_sla_dag.py
[2023-11-29T21:00:46.506+0000] {processor.py:839} INFO - DAG(s) dict_keys(['example_sla_dag']) retrieved from /home/airflow/.local/lib/python3.8/site-packages/airflow/example_dags/example_sla_dag.py
[2023-11-29T21:00:46.518+0000] {logging_mixin.py:154} INFO - [2023-11-29T21:00:46.518+0000] {dag.py:2941} INFO - Sync 1 DAGs
[2023-11-29T21:00:46.531+0000] {logging_mixin.py:154} INFO - [2023-11-29T21:00:46.531+0000] {dag.py:3722} INFO - Setting next_dagrun for example_sla_dag to 2023-11-29T20:58:00+00:00, run_after=2023-11-29T21:00:00+00:00
[2023-11-29T21:00:46.540+0000] {processor.py:179} INFO - Processing /home/airflow/.local/lib/python3.8/site-packages/airflow/example_dags/example_sla_dag.py took 0.043 seconds
[2023-11-29T21:01:17.478+0000] {processor.py:157} INFO - Started process (PID=1087) to work on /home/airflow/.local/lib/python3.8/site-packages/airflow/example_dags/example_sla_dag.py
[2023-11-29T21:01:17.479+0000] {processor.py:829} INFO - Processing file /home/airflow/.local/lib/python3.8/site-packages/airflow/example_dags/example_sla_dag.py for tasks to queue
[2023-11-29T21:01:17.481+0000] {logging_mixin.py:154} INFO - [2023-11-29T21:01:17.480+0000] {dagbag.py:536} INFO - Filling up the DagBag from /home/airflow/.local/lib/python3.8/site-packages/airflow/example_dags/example_sla_dag.py
[2023-11-29T21:01:17.486+0000] {processor.py:839} INFO - DAG(s) dict_keys(['example_sla_dag']) retrieved from /home/airflow/.local/lib/python3.8/site-packages/airflow/example_dags/example_sla_dag.py
[2023-11-29T21:01:17.499+0000] {logging_mixin.py:154} INFO - [2023-11-29T21:01:17.498+0000] {dag.py:2941} INFO - Sync 1 DAGs
[2023-11-29T21:01:17.512+0000] {logging_mixin.py:154} INFO - [2023-11-29T21:01:17.512+0000] {dag.py:3722} INFO - Setting next_dagrun for example_sla_dag to 2023-11-29T20:58:00+00:00, run_after=2023-11-29T21:00:00+00:00
[2023-11-29T21:01:17.521+0000] {processor.py:179} INFO - Processing /home/airflow/.local/lib/python3.8/site-packages/airflow/example_dags/example_sla_dag.py took 0.045 seconds
[2023-11-29T21:01:48.268+0000] {processor.py:157} INFO - Started process (PID=1141) to work on /home/airflow/.local/lib/python3.8/site-packages/airflow/example_dags/example_sla_dag.py
[2023-11-29T21:01:48.269+0000] {processor.py:829} INFO - Processing file /home/airflow/.local/lib/python3.8/site-packages/airflow/example_dags/example_sla_dag.py for tasks to queue
[2023-11-29T21:01:48.270+0000] {logging_mixin.py:154} INFO - [2023-11-29T21:01:48.270+0000] {dagbag.py:536} INFO - Filling up the DagBag from /home/airflow/.local/lib/python3.8/site-packages/airflow/example_dags/example_sla_dag.py
[2023-11-29T21:01:48.276+0000] {processor.py:839} INFO - DAG(s) dict_keys(['example_sla_dag']) retrieved from /home/airflow/.local/lib/python3.8/site-packages/airflow/example_dags/example_sla_dag.py
[2023-11-29T21:01:48.287+0000] {logging_mixin.py:154} INFO - [2023-11-29T21:01:48.287+0000] {dag.py:2941} INFO - Sync 1 DAGs
[2023-11-29T21:01:48.301+0000] {logging_mixin.py:154} INFO - [2023-11-29T21:01:48.301+0000] {dag.py:3722} INFO - Setting next_dagrun for example_sla_dag to 2023-11-29T20:58:00+00:00, run_after=2023-11-29T21:00:00+00:00
[2023-11-29T21:01:48.310+0000] {processor.py:179} INFO - Processing /home/airflow/.local/lib/python3.8/site-packages/airflow/example_dags/example_sla_dag.py took 0.045 seconds
[2023-11-29T21:41:08.861+0000] {processor.py:157} INFO - Started process (PID=61) to work on /home/airflow/.local/lib/python3.8/site-packages/airflow/example_dags/example_sla_dag.py
[2023-11-29T21:41:08.862+0000] {processor.py:829} INFO - Processing file /home/airflow/.local/lib/python3.8/site-packages/airflow/example_dags/example_sla_dag.py for tasks to queue
[2023-11-29T21:41:08.864+0000] {logging_mixin.py:154} INFO - [2023-11-29T21:41:08.864+0000] {dagbag.py:536} INFO - Filling up the DagBag from /home/airflow/.local/lib/python3.8/site-packages/airflow/example_dags/example_sla_dag.py
[2023-11-29T21:41:08.870+0000] {processor.py:839} INFO - DAG(s) dict_keys(['example_sla_dag']) retrieved from /home/airflow/.local/lib/python3.8/site-packages/airflow/example_dags/example_sla_dag.py
[2023-11-29T21:41:08.943+0000] {logging_mixin.py:154} INFO - [2023-11-29T21:41:08.943+0000] {manager.py:499} INFO - Created Permission View: %s
[2023-11-29T21:41:08.948+0000] {logging_mixin.py:154} INFO - [2023-11-29T21:41:08.948+0000] {manager.py:499} INFO - Created Permission View: %s
[2023-11-29T21:41:08.952+0000] {logging_mixin.py:154} INFO - [2023-11-29T21:41:08.952+0000] {manager.py:499} INFO - Created Permission View: %s
[2023-11-29T21:41:08.952+0000] {logging_mixin.py:154} INFO - [2023-11-29T21:41:08.952+0000] {dag.py:2941} INFO - Sync 1 DAGs
[2023-11-29T21:41:08.959+0000] {logging_mixin.py:154} INFO - [2023-11-29T21:41:08.959+0000] {dag.py:2963} INFO - Creating ORM DAG for example_sla_dag
[2023-11-29T21:41:08.966+0000] {logging_mixin.py:154} INFO - [2023-11-29T21:41:08.966+0000] {dag.py:3722} INFO - Setting next_dagrun for example_sla_dag to 2023-11-29T21:38:00+00:00, run_after=2023-11-29T21:40:00+00:00
[2023-11-29T21:41:08.975+0000] {processor.py:179} INFO - Processing /home/airflow/.local/lib/python3.8/site-packages/airflow/example_dags/example_sla_dag.py took 0.117 seconds
[2023-11-29T21:41:39.429+0000] {processor.py:157} INFO - Started process (PID=115) to work on /home/airflow/.local/lib/python3.8/site-packages/airflow/example_dags/example_sla_dag.py
[2023-11-29T21:41:39.430+0000] {processor.py:829} INFO - Processing file /home/airflow/.local/lib/python3.8/site-packages/airflow/example_dags/example_sla_dag.py for tasks to queue
[2023-11-29T21:41:39.432+0000] {logging_mixin.py:154} INFO - [2023-11-29T21:41:39.431+0000] {dagbag.py:536} INFO - Filling up the DagBag from /home/airflow/.local/lib/python3.8/site-packages/airflow/example_dags/example_sla_dag.py
[2023-11-29T21:41:39.437+0000] {processor.py:839} INFO - DAG(s) dict_keys(['example_sla_dag']) retrieved from /home/airflow/.local/lib/python3.8/site-packages/airflow/example_dags/example_sla_dag.py
[2023-11-29T21:41:39.449+0000] {logging_mixin.py:154} INFO - [2023-11-29T21:41:39.449+0000] {dag.py:2941} INFO - Sync 1 DAGs
[2023-11-29T21:41:39.464+0000] {logging_mixin.py:154} INFO - [2023-11-29T21:41:39.464+0000] {dag.py:3722} INFO - Setting next_dagrun for example_sla_dag to 2023-11-29T21:38:00+00:00, run_after=2023-11-29T21:40:00+00:00
[2023-11-29T21:41:39.473+0000] {processor.py:179} INFO - Processing /home/airflow/.local/lib/python3.8/site-packages/airflow/example_dags/example_sla_dag.py took 0.046 seconds
[2023-11-29T21:42:10.090+0000] {processor.py:157} INFO - Started process (PID=169) to work on /home/airflow/.local/lib/python3.8/site-packages/airflow/example_dags/example_sla_dag.py
[2023-11-29T21:42:10.091+0000] {processor.py:829} INFO - Processing file /home/airflow/.local/lib/python3.8/site-packages/airflow/example_dags/example_sla_dag.py for tasks to queue
[2023-11-29T21:42:10.093+0000] {logging_mixin.py:154} INFO - [2023-11-29T21:42:10.092+0000] {dagbag.py:536} INFO - Filling up the DagBag from /home/airflow/.local/lib/python3.8/site-packages/airflow/example_dags/example_sla_dag.py
[2023-11-29T21:42:10.098+0000] {processor.py:839} INFO - DAG(s) dict_keys(['example_sla_dag']) retrieved from /home/airflow/.local/lib/python3.8/site-packages/airflow/example_dags/example_sla_dag.py
[2023-11-29T21:42:10.111+0000] {logging_mixin.py:154} INFO - [2023-11-29T21:42:10.111+0000] {dag.py:2941} INFO - Sync 1 DAGs
[2023-11-29T21:42:10.125+0000] {logging_mixin.py:154} INFO - [2023-11-29T21:42:10.125+0000] {dag.py:3722} INFO - Setting next_dagrun for example_sla_dag to 2023-11-29T21:40:00+00:00, run_after=2023-11-29T21:42:00+00:00
[2023-11-29T21:42:10.136+0000] {processor.py:179} INFO - Processing /home/airflow/.local/lib/python3.8/site-packages/airflow/example_dags/example_sla_dag.py took 0.048 seconds
[2023-11-29T21:42:40.817+0000] {processor.py:157} INFO - Started process (PID=223) to work on /home/airflow/.local/lib/python3.8/site-packages/airflow/example_dags/example_sla_dag.py
[2023-11-29T21:42:40.818+0000] {processor.py:829} INFO - Processing file /home/airflow/.local/lib/python3.8/site-packages/airflow/example_dags/example_sla_dag.py for tasks to queue
[2023-11-29T21:42:40.819+0000] {logging_mixin.py:154} INFO - [2023-11-29T21:42:40.819+0000] {dagbag.py:536} INFO - Filling up the DagBag from /home/airflow/.local/lib/python3.8/site-packages/airflow/example_dags/example_sla_dag.py
[2023-11-29T21:42:40.825+0000] {processor.py:839} INFO - DAG(s) dict_keys(['example_sla_dag']) retrieved from /home/airflow/.local/lib/python3.8/site-packages/airflow/example_dags/example_sla_dag.py
[2023-11-29T21:42:40.837+0000] {logging_mixin.py:154} INFO - [2023-11-29T21:42:40.837+0000] {dag.py:2941} INFO - Sync 1 DAGs
[2023-11-29T21:42:40.851+0000] {logging_mixin.py:154} INFO - [2023-11-29T21:42:40.851+0000] {dag.py:3722} INFO - Setting next_dagrun for example_sla_dag to 2023-11-29T21:40:00+00:00, run_after=2023-11-29T21:42:00+00:00
[2023-11-29T21:42:40.860+0000] {processor.py:179} INFO - Processing /home/airflow/.local/lib/python3.8/site-packages/airflow/example_dags/example_sla_dag.py took 0.045 seconds
[2023-11-29T21:43:11.006+0000] {processor.py:157} INFO - Started process (PID=277) to work on /home/airflow/.local/lib/python3.8/site-packages/airflow/example_dags/example_sla_dag.py
[2023-11-29T21:43:11.007+0000] {processor.py:829} INFO - Processing file /home/airflow/.local/lib/python3.8/site-packages/airflow/example_dags/example_sla_dag.py for tasks to queue
[2023-11-29T21:43:11.008+0000] {logging_mixin.py:154} INFO - [2023-11-29T21:43:11.008+0000] {dagbag.py:536} INFO - Filling up the DagBag from /home/airflow/.local/lib/python3.8/site-packages/airflow/example_dags/example_sla_dag.py
[2023-11-29T21:43:11.014+0000] {processor.py:839} INFO - DAG(s) dict_keys(['example_sla_dag']) retrieved from /home/airflow/.local/lib/python3.8/site-packages/airflow/example_dags/example_sla_dag.py
[2023-11-29T21:43:11.027+0000] {logging_mixin.py:154} INFO - [2023-11-29T21:43:11.027+0000] {dag.py:2941} INFO - Sync 1 DAGs
[2023-11-29T21:43:11.042+0000] {logging_mixin.py:154} INFO - [2023-11-29T21:43:11.042+0000] {dag.py:3722} INFO - Setting next_dagrun for example_sla_dag to 2023-11-29T21:40:00+00:00, run_after=2023-11-29T21:42:00+00:00
[2023-11-29T21:43:11.052+0000] {processor.py:179} INFO - Processing /home/airflow/.local/lib/python3.8/site-packages/airflow/example_dags/example_sla_dag.py took 0.049 seconds
[2023-11-29T21:43:41.127+0000] {processor.py:157} INFO - Started process (PID=331) to work on /home/airflow/.local/lib/python3.8/site-packages/airflow/example_dags/example_sla_dag.py
[2023-11-29T21:43:41.128+0000] {processor.py:829} INFO - Processing file /home/airflow/.local/lib/python3.8/site-packages/airflow/example_dags/example_sla_dag.py for tasks to queue
[2023-11-29T21:43:41.130+0000] {logging_mixin.py:154} INFO - [2023-11-29T21:43:41.129+0000] {dagbag.py:536} INFO - Filling up the DagBag from /home/airflow/.local/lib/python3.8/site-packages/airflow/example_dags/example_sla_dag.py
[2023-11-29T21:43:41.135+0000] {processor.py:839} INFO - DAG(s) dict_keys(['example_sla_dag']) retrieved from /home/airflow/.local/lib/python3.8/site-packages/airflow/example_dags/example_sla_dag.py
[2023-11-29T21:43:41.149+0000] {logging_mixin.py:154} INFO - [2023-11-29T21:43:41.149+0000] {dag.py:2941} INFO - Sync 1 DAGs
[2023-11-29T21:43:41.165+0000] {logging_mixin.py:154} INFO - [2023-11-29T21:43:41.164+0000] {dag.py:3722} INFO - Setting next_dagrun for example_sla_dag to 2023-11-29T21:40:00+00:00, run_after=2023-11-29T21:42:00+00:00
[2023-11-29T21:43:41.175+0000] {processor.py:179} INFO - Processing /home/airflow/.local/lib/python3.8/site-packages/airflow/example_dags/example_sla_dag.py took 0.050 seconds
[2023-11-29T21:44:11.368+0000] {processor.py:157} INFO - Started process (PID=385) to work on /home/airflow/.local/lib/python3.8/site-packages/airflow/example_dags/example_sla_dag.py
[2023-11-29T21:44:11.369+0000] {processor.py:829} INFO - Processing file /home/airflow/.local/lib/python3.8/site-packages/airflow/example_dags/example_sla_dag.py for tasks to queue
[2023-11-29T21:44:11.370+0000] {logging_mixin.py:154} INFO - [2023-11-29T21:44:11.370+0000] {dagbag.py:536} INFO - Filling up the DagBag from /home/airflow/.local/lib/python3.8/site-packages/airflow/example_dags/example_sla_dag.py
[2023-11-29T21:44:11.376+0000] {processor.py:839} INFO - DAG(s) dict_keys(['example_sla_dag']) retrieved from /home/airflow/.local/lib/python3.8/site-packages/airflow/example_dags/example_sla_dag.py
[2023-11-29T21:44:11.388+0000] {logging_mixin.py:154} INFO - [2023-11-29T21:44:11.388+0000] {dag.py:2941} INFO - Sync 1 DAGs
[2023-11-29T21:44:11.402+0000] {logging_mixin.py:154} INFO - [2023-11-29T21:44:11.402+0000] {dag.py:3722} INFO - Setting next_dagrun for example_sla_dag to 2023-11-29T21:42:00+00:00, run_after=2023-11-29T21:44:00+00:00
[2023-11-29T21:44:11.412+0000] {processor.py:179} INFO - Processing /home/airflow/.local/lib/python3.8/site-packages/airflow/example_dags/example_sla_dag.py took 0.047 seconds
[2023-11-29T21:44:41.623+0000] {processor.py:157} INFO - Started process (PID=439) to work on /home/airflow/.local/lib/python3.8/site-packages/airflow/example_dags/example_sla_dag.py
[2023-11-29T21:44:41.624+0000] {processor.py:829} INFO - Processing file /home/airflow/.local/lib/python3.8/site-packages/airflow/example_dags/example_sla_dag.py for tasks to queue
[2023-11-29T21:44:41.626+0000] {logging_mixin.py:154} INFO - [2023-11-29T21:44:41.626+0000] {dagbag.py:536} INFO - Filling up the DagBag from /home/airflow/.local/lib/python3.8/site-packages/airflow/example_dags/example_sla_dag.py
[2023-11-29T21:44:41.632+0000] {processor.py:839} INFO - DAG(s) dict_keys(['example_sla_dag']) retrieved from /home/airflow/.local/lib/python3.8/site-packages/airflow/example_dags/example_sla_dag.py
[2023-11-29T21:44:41.646+0000] {logging_mixin.py:154} INFO - [2023-11-29T21:44:41.646+0000] {dag.py:2941} INFO - Sync 1 DAGs
[2023-11-29T21:44:41.661+0000] {logging_mixin.py:154} INFO - [2023-11-29T21:44:41.661+0000] {dag.py:3722} INFO - Setting next_dagrun for example_sla_dag to 2023-11-29T21:42:00+00:00, run_after=2023-11-29T21:44:00+00:00
[2023-11-29T21:44:41.672+0000] {processor.py:179} INFO - Processing /home/airflow/.local/lib/python3.8/site-packages/airflow/example_dags/example_sla_dag.py took 0.051 seconds
[2023-11-29T21:45:11.804+0000] {processor.py:157} INFO - Started process (PID=493) to work on /home/airflow/.local/lib/python3.8/site-packages/airflow/example_dags/example_sla_dag.py
[2023-11-29T21:45:11.805+0000] {processor.py:829} INFO - Processing file /home/airflow/.local/lib/python3.8/site-packages/airflow/example_dags/example_sla_dag.py for tasks to queue
[2023-11-29T21:45:11.807+0000] {logging_mixin.py:154} INFO - [2023-11-29T21:45:11.806+0000] {dagbag.py:536} INFO - Filling up the DagBag from /home/airflow/.local/lib/python3.8/site-packages/airflow/example_dags/example_sla_dag.py
[2023-11-29T21:45:11.812+0000] {processor.py:839} INFO - DAG(s) dict_keys(['example_sla_dag']) retrieved from /home/airflow/.local/lib/python3.8/site-packages/airflow/example_dags/example_sla_dag.py
[2023-11-29T21:45:11.825+0000] {logging_mixin.py:154} INFO - [2023-11-29T21:45:11.824+0000] {dag.py:2941} INFO - Sync 1 DAGs
[2023-11-29T21:45:11.839+0000] {logging_mixin.py:154} INFO - [2023-11-29T21:45:11.839+0000] {dag.py:3722} INFO - Setting next_dagrun for example_sla_dag to 2023-11-29T21:42:00+00:00, run_after=2023-11-29T21:44:00+00:00
[2023-11-29T21:45:11.849+0000] {processor.py:179} INFO - Processing /home/airflow/.local/lib/python3.8/site-packages/airflow/example_dags/example_sla_dag.py took 0.046 seconds
[2023-11-29T21:45:41.927+0000] {processor.py:157} INFO - Started process (PID=547) to work on /home/airflow/.local/lib/python3.8/site-packages/airflow/example_dags/example_sla_dag.py
[2023-11-29T21:45:41.927+0000] {processor.py:829} INFO - Processing file /home/airflow/.local/lib/python3.8/site-packages/airflow/example_dags/example_sla_dag.py for tasks to queue
[2023-11-29T21:45:41.929+0000] {logging_mixin.py:154} INFO - [2023-11-29T21:45:41.929+0000] {dagbag.py:536} INFO - Filling up the DagBag from /home/airflow/.local/lib/python3.8/site-packages/airflow/example_dags/example_sla_dag.py
[2023-11-29T21:45:41.934+0000] {processor.py:839} INFO - DAG(s) dict_keys(['example_sla_dag']) retrieved from /home/airflow/.local/lib/python3.8/site-packages/airflow/example_dags/example_sla_dag.py
[2023-11-29T21:45:41.947+0000] {logging_mixin.py:154} INFO - [2023-11-29T21:45:41.946+0000] {dag.py:2941} INFO - Sync 1 DAGs
[2023-11-29T21:45:41.961+0000] {logging_mixin.py:154} INFO - [2023-11-29T21:45:41.961+0000] {dag.py:3722} INFO - Setting next_dagrun for example_sla_dag to 2023-11-29T21:42:00+00:00, run_after=2023-11-29T21:44:00+00:00
[2023-11-29T21:45:41.971+0000] {processor.py:179} INFO - Processing /home/airflow/.local/lib/python3.8/site-packages/airflow/example_dags/example_sla_dag.py took 0.046 seconds
[2023-11-29T21:46:13.044+0000] {processor.py:157} INFO - Started process (PID=601) to work on /home/airflow/.local/lib/python3.8/site-packages/airflow/example_dags/example_sla_dag.py
[2023-11-29T21:46:13.044+0000] {processor.py:829} INFO - Processing file /home/airflow/.local/lib/python3.8/site-packages/airflow/example_dags/example_sla_dag.py for tasks to queue
[2023-11-29T21:46:13.046+0000] {logging_mixin.py:154} INFO - [2023-11-29T21:46:13.045+0000] {dagbag.py:536} INFO - Filling up the DagBag from /home/airflow/.local/lib/python3.8/site-packages/airflow/example_dags/example_sla_dag.py
[2023-11-29T21:46:13.051+0000] {processor.py:839} INFO - DAG(s) dict_keys(['example_sla_dag']) retrieved from /home/airflow/.local/lib/python3.8/site-packages/airflow/example_dags/example_sla_dag.py
[2023-11-29T21:46:13.063+0000] {logging_mixin.py:154} INFO - [2023-11-29T21:46:13.063+0000] {dag.py:2941} INFO - Sync 1 DAGs
[2023-11-29T21:46:13.078+0000] {logging_mixin.py:154} INFO - [2023-11-29T21:46:13.078+0000] {dag.py:3722} INFO - Setting next_dagrun for example_sla_dag to 2023-11-29T21:44:00+00:00, run_after=2023-11-29T21:46:00+00:00
[2023-11-29T21:46:13.088+0000] {processor.py:179} INFO - Processing /home/airflow/.local/lib/python3.8/site-packages/airflow/example_dags/example_sla_dag.py took 0.047 seconds
[2023-11-29T21:46:44.175+0000] {processor.py:157} INFO - Started process (PID=655) to work on /home/airflow/.local/lib/python3.8/site-packages/airflow/example_dags/example_sla_dag.py
[2023-11-29T21:46:44.175+0000] {processor.py:829} INFO - Processing file /home/airflow/.local/lib/python3.8/site-packages/airflow/example_dags/example_sla_dag.py for tasks to queue
[2023-11-29T21:46:44.177+0000] {logging_mixin.py:154} INFO - [2023-11-29T21:46:44.177+0000] {dagbag.py:536} INFO - Filling up the DagBag from /home/airflow/.local/lib/python3.8/site-packages/airflow/example_dags/example_sla_dag.py
[2023-11-29T21:46:44.183+0000] {processor.py:839} INFO - DAG(s) dict_keys(['example_sla_dag']) retrieved from /home/airflow/.local/lib/python3.8/site-packages/airflow/example_dags/example_sla_dag.py
[2023-11-29T21:46:44.196+0000] {logging_mixin.py:154} INFO - [2023-11-29T21:46:44.196+0000] {dag.py:2941} INFO - Sync 1 DAGs
[2023-11-29T21:46:44.210+0000] {logging_mixin.py:154} INFO - [2023-11-29T21:46:44.210+0000] {dag.py:3722} INFO - Setting next_dagrun for example_sla_dag to 2023-11-29T21:44:00+00:00, run_after=2023-11-29T21:46:00+00:00
[2023-11-29T21:46:44.220+0000] {processor.py:179} INFO - Processing /home/airflow/.local/lib/python3.8/site-packages/airflow/example_dags/example_sla_dag.py took 0.048 seconds
