[2023-11-29T20:51:37.678+0000] {processor.py:157} INFO - Started process (PID=36) to work on /home/airflow/.local/lib/python3.8/site-packages/airflow/example_dags/example_params_trigger_ui.py
[2023-11-29T20:51:37.680+0000] {processor.py:829} INFO - Processing file /home/airflow/.local/lib/python3.8/site-packages/airflow/example_dags/example_params_trigger_ui.py for tasks to queue
[2023-11-29T20:51:37.685+0000] {logging_mixin.py:154} INFO - [2023-11-29T20:51:37.684+0000] {dagbag.py:536} INFO - Filling up the DagBag from /home/airflow/.local/lib/python3.8/site-packages/airflow/example_dags/example_params_trigger_ui.py
[2023-11-29T20:51:37.758+0000] {processor.py:839} INFO - DAG(s) dict_keys(['example_params_trigger_ui']) retrieved from /home/airflow/.local/lib/python3.8/site-packages/airflow/example_dags/example_params_trigger_ui.py
[2023-11-29T20:51:37.876+0000] {logging_mixin.py:154} INFO - [2023-11-29T20:51:37.876+0000] {dag.py:2941} INFO - Sync 1 DAGs
[2023-11-29T20:51:37.887+0000] {logging_mixin.py:154} INFO - [2023-11-29T20:51:37.887+0000] {dag.py:3722} INFO - Setting next_dagrun for example_params_trigger_ui to None, run_after=None
[2023-11-29T20:51:37.903+0000] {processor.py:179} INFO - Processing /home/airflow/.local/lib/python3.8/site-packages/airflow/example_dags/example_params_trigger_ui.py took 0.228 seconds
[2023-11-29T20:52:08.157+0000] {processor.py:157} INFO - Started process (PID=90) to work on /home/airflow/.local/lib/python3.8/site-packages/airflow/example_dags/example_params_trigger_ui.py
[2023-11-29T20:52:08.159+0000] {processor.py:829} INFO - Processing file /home/airflow/.local/lib/python3.8/site-packages/airflow/example_dags/example_params_trigger_ui.py for tasks to queue
[2023-11-29T20:52:08.161+0000] {logging_mixin.py:154} INFO - [2023-11-29T20:52:08.160+0000] {dagbag.py:536} INFO - Filling up the DagBag from /home/airflow/.local/lib/python3.8/site-packages/airflow/example_dags/example_params_trigger_ui.py
[2023-11-29T20:52:08.174+0000] {processor.py:839} INFO - DAG(s) dict_keys(['example_params_trigger_ui']) retrieved from /home/airflow/.local/lib/python3.8/site-packages/airflow/example_dags/example_params_trigger_ui.py
[2023-11-29T20:52:08.185+0000] {logging_mixin.py:154} INFO - [2023-11-29T20:52:08.185+0000] {dag.py:2941} INFO - Sync 1 DAGs
[2023-11-29T20:52:08.194+0000] {logging_mixin.py:154} INFO - [2023-11-29T20:52:08.194+0000] {dag.py:3722} INFO - Setting next_dagrun for example_params_trigger_ui to None, run_after=None
[2023-11-29T20:52:08.207+0000] {processor.py:179} INFO - Processing /home/airflow/.local/lib/python3.8/site-packages/airflow/example_dags/example_params_trigger_ui.py took 0.054 seconds
[2023-11-29T20:52:38.929+0000] {processor.py:157} INFO - Started process (PID=144) to work on /home/airflow/.local/lib/python3.8/site-packages/airflow/example_dags/example_params_trigger_ui.py
[2023-11-29T20:52:38.930+0000] {processor.py:829} INFO - Processing file /home/airflow/.local/lib/python3.8/site-packages/airflow/example_dags/example_params_trigger_ui.py for tasks to queue
[2023-11-29T20:52:38.933+0000] {logging_mixin.py:154} INFO - [2023-11-29T20:52:38.932+0000] {dagbag.py:536} INFO - Filling up the DagBag from /home/airflow/.local/lib/python3.8/site-packages/airflow/example_dags/example_params_trigger_ui.py
[2023-11-29T20:52:38.949+0000] {processor.py:839} INFO - DAG(s) dict_keys(['example_params_trigger_ui']) retrieved from /home/airflow/.local/lib/python3.8/site-packages/airflow/example_dags/example_params_trigger_ui.py
[2023-11-29T20:52:38.978+0000] {logging_mixin.py:154} INFO - [2023-11-29T20:52:38.978+0000] {dag.py:2941} INFO - Sync 1 DAGs
[2023-11-29T20:52:38.985+0000] {logging_mixin.py:154} INFO - [2023-11-29T20:52:38.985+0000] {dag.py:3722} INFO - Setting next_dagrun for example_params_trigger_ui to None, run_after=None
[2023-11-29T20:52:38.996+0000] {processor.py:179} INFO - Processing /home/airflow/.local/lib/python3.8/site-packages/airflow/example_dags/example_params_trigger_ui.py took 0.073 seconds
[2023-11-29T20:53:09.068+0000] {processor.py:157} INFO - Started process (PID=198) to work on /home/airflow/.local/lib/python3.8/site-packages/airflow/example_dags/example_params_trigger_ui.py
[2023-11-29T20:53:09.070+0000] {processor.py:829} INFO - Processing file /home/airflow/.local/lib/python3.8/site-packages/airflow/example_dags/example_params_trigger_ui.py for tasks to queue
[2023-11-29T20:53:09.073+0000] {logging_mixin.py:154} INFO - [2023-11-29T20:53:09.072+0000] {dagbag.py:536} INFO - Filling up the DagBag from /home/airflow/.local/lib/python3.8/site-packages/airflow/example_dags/example_params_trigger_ui.py
[2023-11-29T20:53:09.092+0000] {processor.py:839} INFO - DAG(s) dict_keys(['example_params_trigger_ui']) retrieved from /home/airflow/.local/lib/python3.8/site-packages/airflow/example_dags/example_params_trigger_ui.py
[2023-11-29T20:53:09.120+0000] {logging_mixin.py:154} INFO - [2023-11-29T20:53:09.120+0000] {dag.py:2941} INFO - Sync 1 DAGs
[2023-11-29T20:53:09.127+0000] {logging_mixin.py:154} INFO - [2023-11-29T20:53:09.127+0000] {dag.py:3722} INFO - Setting next_dagrun for example_params_trigger_ui to None, run_after=None
[2023-11-29T20:53:09.138+0000] {processor.py:179} INFO - Processing /home/airflow/.local/lib/python3.8/site-packages/airflow/example_dags/example_params_trigger_ui.py took 0.076 seconds
[2023-11-29T20:53:39.174+0000] {processor.py:157} INFO - Started process (PID=252) to work on /home/airflow/.local/lib/python3.8/site-packages/airflow/example_dags/example_params_trigger_ui.py
[2023-11-29T20:53:39.176+0000] {processor.py:829} INFO - Processing file /home/airflow/.local/lib/python3.8/site-packages/airflow/example_dags/example_params_trigger_ui.py for tasks to queue
[2023-11-29T20:53:39.178+0000] {logging_mixin.py:154} INFO - [2023-11-29T20:53:39.178+0000] {dagbag.py:536} INFO - Filling up the DagBag from /home/airflow/.local/lib/python3.8/site-packages/airflow/example_dags/example_params_trigger_ui.py
[2023-11-29T20:53:39.195+0000] {processor.py:839} INFO - DAG(s) dict_keys(['example_params_trigger_ui']) retrieved from /home/airflow/.local/lib/python3.8/site-packages/airflow/example_dags/example_params_trigger_ui.py
[2023-11-29T20:53:39.223+0000] {logging_mixin.py:154} INFO - [2023-11-29T20:53:39.223+0000] {dag.py:2941} INFO - Sync 1 DAGs
[2023-11-29T20:53:39.230+0000] {logging_mixin.py:154} INFO - [2023-11-29T20:53:39.230+0000] {dag.py:3722} INFO - Setting next_dagrun for example_params_trigger_ui to None, run_after=None
[2023-11-29T20:53:39.239+0000] {processor.py:179} INFO - Processing /home/airflow/.local/lib/python3.8/site-packages/airflow/example_dags/example_params_trigger_ui.py took 0.070 seconds
[2023-11-29T20:54:09.328+0000] {processor.py:157} INFO - Started process (PID=306) to work on /home/airflow/.local/lib/python3.8/site-packages/airflow/example_dags/example_params_trigger_ui.py
[2023-11-29T20:54:09.330+0000] {processor.py:829} INFO - Processing file /home/airflow/.local/lib/python3.8/site-packages/airflow/example_dags/example_params_trigger_ui.py for tasks to queue
[2023-11-29T20:54:09.333+0000] {logging_mixin.py:154} INFO - [2023-11-29T20:54:09.333+0000] {dagbag.py:536} INFO - Filling up the DagBag from /home/airflow/.local/lib/python3.8/site-packages/airflow/example_dags/example_params_trigger_ui.py
[2023-11-29T20:54:09.351+0000] {processor.py:839} INFO - DAG(s) dict_keys(['example_params_trigger_ui']) retrieved from /home/airflow/.local/lib/python3.8/site-packages/airflow/example_dags/example_params_trigger_ui.py
[2023-11-29T20:54:09.379+0000] {logging_mixin.py:154} INFO - [2023-11-29T20:54:09.379+0000] {dag.py:2941} INFO - Sync 1 DAGs
[2023-11-29T20:54:09.386+0000] {logging_mixin.py:154} INFO - [2023-11-29T20:54:09.386+0000] {dag.py:3722} INFO - Setting next_dagrun for example_params_trigger_ui to None, run_after=None
[2023-11-29T20:54:09.397+0000] {processor.py:179} INFO - Processing /home/airflow/.local/lib/python3.8/site-packages/airflow/example_dags/example_params_trigger_ui.py took 0.075 seconds
[2023-11-29T20:54:39.435+0000] {processor.py:157} INFO - Started process (PID=360) to work on /home/airflow/.local/lib/python3.8/site-packages/airflow/example_dags/example_params_trigger_ui.py
[2023-11-29T20:54:39.436+0000] {processor.py:829} INFO - Processing file /home/airflow/.local/lib/python3.8/site-packages/airflow/example_dags/example_params_trigger_ui.py for tasks to queue
[2023-11-29T20:54:39.437+0000] {logging_mixin.py:154} INFO - [2023-11-29T20:54:39.437+0000] {dagbag.py:536} INFO - Filling up the DagBag from /home/airflow/.local/lib/python3.8/site-packages/airflow/example_dags/example_params_trigger_ui.py
[2023-11-29T20:54:39.447+0000] {processor.py:839} INFO - DAG(s) dict_keys(['example_params_trigger_ui']) retrieved from /home/airflow/.local/lib/python3.8/site-packages/airflow/example_dags/example_params_trigger_ui.py
[2023-11-29T20:54:39.472+0000] {logging_mixin.py:154} INFO - [2023-11-29T20:54:39.472+0000] {dag.py:2941} INFO - Sync 1 DAGs
[2023-11-29T20:54:39.479+0000] {logging_mixin.py:154} INFO - [2023-11-29T20:54:39.479+0000] {dag.py:3722} INFO - Setting next_dagrun for example_params_trigger_ui to None, run_after=None
[2023-11-29T20:54:39.489+0000] {processor.py:179} INFO - Processing /home/airflow/.local/lib/python3.8/site-packages/airflow/example_dags/example_params_trigger_ui.py took 0.056 seconds
[2023-11-29T20:55:09.551+0000] {processor.py:157} INFO - Started process (PID=414) to work on /home/airflow/.local/lib/python3.8/site-packages/airflow/example_dags/example_params_trigger_ui.py
[2023-11-29T20:55:09.552+0000] {processor.py:829} INFO - Processing file /home/airflow/.local/lib/python3.8/site-packages/airflow/example_dags/example_params_trigger_ui.py for tasks to queue
[2023-11-29T20:55:09.554+0000] {logging_mixin.py:154} INFO - [2023-11-29T20:55:09.553+0000] {dagbag.py:536} INFO - Filling up the DagBag from /home/airflow/.local/lib/python3.8/site-packages/airflow/example_dags/example_params_trigger_ui.py
[2023-11-29T20:55:09.564+0000] {processor.py:839} INFO - DAG(s) dict_keys(['example_params_trigger_ui']) retrieved from /home/airflow/.local/lib/python3.8/site-packages/airflow/example_dags/example_params_trigger_ui.py
[2023-11-29T20:55:09.589+0000] {logging_mixin.py:154} INFO - [2023-11-29T20:55:09.589+0000] {dag.py:2941} INFO - Sync 1 DAGs
[2023-11-29T20:55:09.596+0000] {logging_mixin.py:154} INFO - [2023-11-29T20:55:09.596+0000] {dag.py:3722} INFO - Setting next_dagrun for example_params_trigger_ui to None, run_after=None
[2023-11-29T20:55:09.608+0000] {processor.py:179} INFO - Processing /home/airflow/.local/lib/python3.8/site-packages/airflow/example_dags/example_params_trigger_ui.py took 0.059 seconds
[2023-11-29T20:55:39.643+0000] {processor.py:157} INFO - Started process (PID=468) to work on /home/airflow/.local/lib/python3.8/site-packages/airflow/example_dags/example_params_trigger_ui.py
[2023-11-29T20:55:39.644+0000] {processor.py:829} INFO - Processing file /home/airflow/.local/lib/python3.8/site-packages/airflow/example_dags/example_params_trigger_ui.py for tasks to queue
[2023-11-29T20:55:39.646+0000] {logging_mixin.py:154} INFO - [2023-11-29T20:55:39.645+0000] {dagbag.py:536} INFO - Filling up the DagBag from /home/airflow/.local/lib/python3.8/site-packages/airflow/example_dags/example_params_trigger_ui.py
[2023-11-29T20:55:39.656+0000] {processor.py:839} INFO - DAG(s) dict_keys(['example_params_trigger_ui']) retrieved from /home/airflow/.local/lib/python3.8/site-packages/airflow/example_dags/example_params_trigger_ui.py
[2023-11-29T20:55:39.683+0000] {logging_mixin.py:154} INFO - [2023-11-29T20:55:39.683+0000] {dag.py:2941} INFO - Sync 1 DAGs
[2023-11-29T20:55:39.690+0000] {logging_mixin.py:154} INFO - [2023-11-29T20:55:39.690+0000] {dag.py:3722} INFO - Setting next_dagrun for example_params_trigger_ui to None, run_after=None
[2023-11-29T20:55:39.700+0000] {processor.py:179} INFO - Processing /home/airflow/.local/lib/python3.8/site-packages/airflow/example_dags/example_params_trigger_ui.py took 0.061 seconds
[2023-11-29T20:56:09.778+0000] {processor.py:157} INFO - Started process (PID=523) to work on /home/airflow/.local/lib/python3.8/site-packages/airflow/example_dags/example_params_trigger_ui.py
[2023-11-29T20:56:09.778+0000] {processor.py:829} INFO - Processing file /home/airflow/.local/lib/python3.8/site-packages/airflow/example_dags/example_params_trigger_ui.py for tasks to queue
[2023-11-29T20:56:09.780+0000] {logging_mixin.py:154} INFO - [2023-11-29T20:56:09.780+0000] {dagbag.py:536} INFO - Filling up the DagBag from /home/airflow/.local/lib/python3.8/site-packages/airflow/example_dags/example_params_trigger_ui.py
[2023-11-29T20:56:09.789+0000] {processor.py:839} INFO - DAG(s) dict_keys(['example_params_trigger_ui']) retrieved from /home/airflow/.local/lib/python3.8/site-packages/airflow/example_dags/example_params_trigger_ui.py
[2023-11-29T20:56:09.815+0000] {logging_mixin.py:154} INFO - [2023-11-29T20:56:09.815+0000] {dag.py:2941} INFO - Sync 1 DAGs
[2023-11-29T20:56:09.821+0000] {logging_mixin.py:154} INFO - [2023-11-29T20:56:09.821+0000] {dag.py:3722} INFO - Setting next_dagrun for example_params_trigger_ui to None, run_after=None
[2023-11-29T20:56:09.831+0000] {processor.py:179} INFO - Processing /home/airflow/.local/lib/python3.8/site-packages/airflow/example_dags/example_params_trigger_ui.py took 0.055 seconds
[2023-11-29T20:56:40.706+0000] {processor.py:157} INFO - Started process (PID=576) to work on /home/airflow/.local/lib/python3.8/site-packages/airflow/example_dags/example_params_trigger_ui.py
[2023-11-29T20:56:40.708+0000] {processor.py:829} INFO - Processing file /home/airflow/.local/lib/python3.8/site-packages/airflow/example_dags/example_params_trigger_ui.py for tasks to queue
[2023-11-29T20:56:40.710+0000] {logging_mixin.py:154} INFO - [2023-11-29T20:56:40.710+0000] {dagbag.py:536} INFO - Filling up the DagBag from /home/airflow/.local/lib/python3.8/site-packages/airflow/example_dags/example_params_trigger_ui.py
[2023-11-29T20:56:40.726+0000] {processor.py:839} INFO - DAG(s) dict_keys(['example_params_trigger_ui']) retrieved from /home/airflow/.local/lib/python3.8/site-packages/airflow/example_dags/example_params_trigger_ui.py
[2023-11-29T20:56:40.755+0000] {logging_mixin.py:154} INFO - [2023-11-29T20:56:40.755+0000] {dag.py:2941} INFO - Sync 1 DAGs
[2023-11-29T20:56:40.762+0000] {logging_mixin.py:154} INFO - [2023-11-29T20:56:40.762+0000] {dag.py:3722} INFO - Setting next_dagrun for example_params_trigger_ui to None, run_after=None
[2023-11-29T20:56:40.773+0000] {processor.py:179} INFO - Processing /home/airflow/.local/lib/python3.8/site-packages/airflow/example_dags/example_params_trigger_ui.py took 0.070 seconds
[2023-11-29T20:57:11.759+0000] {processor.py:157} INFO - Started process (PID=630) to work on /home/airflow/.local/lib/python3.8/site-packages/airflow/example_dags/example_params_trigger_ui.py
[2023-11-29T20:57:11.761+0000] {processor.py:829} INFO - Processing file /home/airflow/.local/lib/python3.8/site-packages/airflow/example_dags/example_params_trigger_ui.py for tasks to queue
[2023-11-29T20:57:11.764+0000] {logging_mixin.py:154} INFO - [2023-11-29T20:57:11.764+0000] {dagbag.py:536} INFO - Filling up the DagBag from /home/airflow/.local/lib/python3.8/site-packages/airflow/example_dags/example_params_trigger_ui.py
[2023-11-29T20:57:11.781+0000] {processor.py:839} INFO - DAG(s) dict_keys(['example_params_trigger_ui']) retrieved from /home/airflow/.local/lib/python3.8/site-packages/airflow/example_dags/example_params_trigger_ui.py
[2023-11-29T20:57:11.810+0000] {logging_mixin.py:154} INFO - [2023-11-29T20:57:11.810+0000] {dag.py:2941} INFO - Sync 1 DAGs
[2023-11-29T20:57:11.819+0000] {logging_mixin.py:154} INFO - [2023-11-29T20:57:11.819+0000] {dag.py:3722} INFO - Setting next_dagrun for example_params_trigger_ui to None, run_after=None
[2023-11-29T20:57:11.830+0000] {processor.py:179} INFO - Processing /home/airflow/.local/lib/python3.8/site-packages/airflow/example_dags/example_params_trigger_ui.py took 0.077 seconds
[2023-11-29T20:57:41.933+0000] {processor.py:157} INFO - Started process (PID=684) to work on /home/airflow/.local/lib/python3.8/site-packages/airflow/example_dags/example_params_trigger_ui.py
[2023-11-29T20:57:41.935+0000] {processor.py:829} INFO - Processing file /home/airflow/.local/lib/python3.8/site-packages/airflow/example_dags/example_params_trigger_ui.py for tasks to queue
[2023-11-29T20:57:41.938+0000] {logging_mixin.py:154} INFO - [2023-11-29T20:57:41.938+0000] {dagbag.py:536} INFO - Filling up the DagBag from /home/airflow/.local/lib/python3.8/site-packages/airflow/example_dags/example_params_trigger_ui.py
[2023-11-29T20:57:41.955+0000] {processor.py:839} INFO - DAG(s) dict_keys(['example_params_trigger_ui']) retrieved from /home/airflow/.local/lib/python3.8/site-packages/airflow/example_dags/example_params_trigger_ui.py
[2023-11-29T20:57:41.983+0000] {logging_mixin.py:154} INFO - [2023-11-29T20:57:41.983+0000] {dag.py:2941} INFO - Sync 1 DAGs
[2023-11-29T20:57:41.990+0000] {logging_mixin.py:154} INFO - [2023-11-29T20:57:41.990+0000] {dag.py:3722} INFO - Setting next_dagrun for example_params_trigger_ui to None, run_after=None
[2023-11-29T20:57:42.000+0000] {processor.py:179} INFO - Processing /home/airflow/.local/lib/python3.8/site-packages/airflow/example_dags/example_params_trigger_ui.py took 0.073 seconds
[2023-11-29T20:58:12.054+0000] {processor.py:157} INFO - Started process (PID=738) to work on /home/airflow/.local/lib/python3.8/site-packages/airflow/example_dags/example_params_trigger_ui.py
[2023-11-29T20:58:12.055+0000] {processor.py:829} INFO - Processing file /home/airflow/.local/lib/python3.8/site-packages/airflow/example_dags/example_params_trigger_ui.py for tasks to queue
[2023-11-29T20:58:12.058+0000] {logging_mixin.py:154} INFO - [2023-11-29T20:58:12.058+0000] {dagbag.py:536} INFO - Filling up the DagBag from /home/airflow/.local/lib/python3.8/site-packages/airflow/example_dags/example_params_trigger_ui.py
[2023-11-29T20:58:12.076+0000] {processor.py:839} INFO - DAG(s) dict_keys(['example_params_trigger_ui']) retrieved from /home/airflow/.local/lib/python3.8/site-packages/airflow/example_dags/example_params_trigger_ui.py
[2023-11-29T20:58:12.104+0000] {logging_mixin.py:154} INFO - [2023-11-29T20:58:12.104+0000] {dag.py:2941} INFO - Sync 1 DAGs
[2023-11-29T20:58:12.111+0000] {logging_mixin.py:154} INFO - [2023-11-29T20:58:12.111+0000] {dag.py:3722} INFO - Setting next_dagrun for example_params_trigger_ui to None, run_after=None
[2023-11-29T20:58:12.121+0000] {processor.py:179} INFO - Processing /home/airflow/.local/lib/python3.8/site-packages/airflow/example_dags/example_params_trigger_ui.py took 0.073 seconds
[2023-11-29T20:58:42.155+0000] {processor.py:157} INFO - Started process (PID=792) to work on /home/airflow/.local/lib/python3.8/site-packages/airflow/example_dags/example_params_trigger_ui.py
[2023-11-29T20:58:42.157+0000] {processor.py:829} INFO - Processing file /home/airflow/.local/lib/python3.8/site-packages/airflow/example_dags/example_params_trigger_ui.py for tasks to queue
[2023-11-29T20:58:42.159+0000] {logging_mixin.py:154} INFO - [2023-11-29T20:58:42.159+0000] {dagbag.py:536} INFO - Filling up the DagBag from /home/airflow/.local/lib/python3.8/site-packages/airflow/example_dags/example_params_trigger_ui.py
[2023-11-29T20:58:42.173+0000] {processor.py:839} INFO - DAG(s) dict_keys(['example_params_trigger_ui']) retrieved from /home/airflow/.local/lib/python3.8/site-packages/airflow/example_dags/example_params_trigger_ui.py
[2023-11-29T20:58:42.198+0000] {logging_mixin.py:154} INFO - [2023-11-29T20:58:42.198+0000] {dag.py:2941} INFO - Sync 1 DAGs
[2023-11-29T20:58:42.205+0000] {logging_mixin.py:154} INFO - [2023-11-29T20:58:42.205+0000] {dag.py:3722} INFO - Setting next_dagrun for example_params_trigger_ui to None, run_after=None
[2023-11-29T20:58:42.213+0000] {processor.py:179} INFO - Processing /home/airflow/.local/lib/python3.8/site-packages/airflow/example_dags/example_params_trigger_ui.py took 0.063 seconds
[2023-11-29T20:59:13.108+0000] {processor.py:157} INFO - Started process (PID=846) to work on /home/airflow/.local/lib/python3.8/site-packages/airflow/example_dags/example_params_trigger_ui.py
[2023-11-29T20:59:13.110+0000] {processor.py:829} INFO - Processing file /home/airflow/.local/lib/python3.8/site-packages/airflow/example_dags/example_params_trigger_ui.py for tasks to queue
[2023-11-29T20:59:13.114+0000] {logging_mixin.py:154} INFO - [2023-11-29T20:59:13.113+0000] {dagbag.py:536} INFO - Filling up the DagBag from /home/airflow/.local/lib/python3.8/site-packages/airflow/example_dags/example_params_trigger_ui.py
[2023-11-29T20:59:13.132+0000] {processor.py:839} INFO - DAG(s) dict_keys(['example_params_trigger_ui']) retrieved from /home/airflow/.local/lib/python3.8/site-packages/airflow/example_dags/example_params_trigger_ui.py
[2023-11-29T20:59:13.159+0000] {logging_mixin.py:154} INFO - [2023-11-29T20:59:13.159+0000] {dag.py:2941} INFO - Sync 1 DAGs
[2023-11-29T20:59:13.166+0000] {logging_mixin.py:154} INFO - [2023-11-29T20:59:13.166+0000] {dag.py:3722} INFO - Setting next_dagrun for example_params_trigger_ui to None, run_after=None
[2023-11-29T20:59:13.176+0000] {processor.py:179} INFO - Processing /home/airflow/.local/lib/python3.8/site-packages/airflow/example_dags/example_params_trigger_ui.py took 0.073 seconds
[2023-11-29T20:59:43.988+0000] {processor.py:157} INFO - Started process (PID=900) to work on /home/airflow/.local/lib/python3.8/site-packages/airflow/example_dags/example_params_trigger_ui.py
[2023-11-29T20:59:43.989+0000] {processor.py:829} INFO - Processing file /home/airflow/.local/lib/python3.8/site-packages/airflow/example_dags/example_params_trigger_ui.py for tasks to queue
[2023-11-29T20:59:43.990+0000] {logging_mixin.py:154} INFO - [2023-11-29T20:59:43.990+0000] {dagbag.py:536} INFO - Filling up the DagBag from /home/airflow/.local/lib/python3.8/site-packages/airflow/example_dags/example_params_trigger_ui.py
[2023-11-29T20:59:44.003+0000] {processor.py:839} INFO - DAG(s) dict_keys(['example_params_trigger_ui']) retrieved from /home/airflow/.local/lib/python3.8/site-packages/airflow/example_dags/example_params_trigger_ui.py
[2023-11-29T20:59:44.030+0000] {logging_mixin.py:154} INFO - [2023-11-29T20:59:44.030+0000] {dag.py:2941} INFO - Sync 1 DAGs
[2023-11-29T20:59:44.037+0000] {logging_mixin.py:154} INFO - [2023-11-29T20:59:44.037+0000] {dag.py:3722} INFO - Setting next_dagrun for example_params_trigger_ui to None, run_after=None
[2023-11-29T20:59:44.047+0000] {processor.py:179} INFO - Processing /home/airflow/.local/lib/python3.8/site-packages/airflow/example_dags/example_params_trigger_ui.py took 0.063 seconds
[2023-11-29T21:00:14.777+0000] {processor.py:157} INFO - Started process (PID=954) to work on /home/airflow/.local/lib/python3.8/site-packages/airflow/example_dags/example_params_trigger_ui.py
[2023-11-29T21:00:14.779+0000] {processor.py:829} INFO - Processing file /home/airflow/.local/lib/python3.8/site-packages/airflow/example_dags/example_params_trigger_ui.py for tasks to queue
[2023-11-29T21:00:14.782+0000] {logging_mixin.py:154} INFO - [2023-11-29T21:00:14.782+0000] {dagbag.py:536} INFO - Filling up the DagBag from /home/airflow/.local/lib/python3.8/site-packages/airflow/example_dags/example_params_trigger_ui.py
[2023-11-29T21:00:14.799+0000] {processor.py:839} INFO - DAG(s) dict_keys(['example_params_trigger_ui']) retrieved from /home/airflow/.local/lib/python3.8/site-packages/airflow/example_dags/example_params_trigger_ui.py
[2023-11-29T21:00:14.827+0000] {logging_mixin.py:154} INFO - [2023-11-29T21:00:14.827+0000] {dag.py:2941} INFO - Sync 1 DAGs
[2023-11-29T21:00:14.834+0000] {logging_mixin.py:154} INFO - [2023-11-29T21:00:14.834+0000] {dag.py:3722} INFO - Setting next_dagrun for example_params_trigger_ui to None, run_after=None
[2023-11-29T21:00:14.844+0000] {processor.py:179} INFO - Processing /home/airflow/.local/lib/python3.8/site-packages/airflow/example_dags/example_params_trigger_ui.py took 0.073 seconds
[2023-11-29T21:00:45.680+0000] {processor.py:157} INFO - Started process (PID=1008) to work on /home/airflow/.local/lib/python3.8/site-packages/airflow/example_dags/example_params_trigger_ui.py
[2023-11-29T21:00:45.682+0000] {processor.py:829} INFO - Processing file /home/airflow/.local/lib/python3.8/site-packages/airflow/example_dags/example_params_trigger_ui.py for tasks to queue
[2023-11-29T21:00:45.685+0000] {logging_mixin.py:154} INFO - [2023-11-29T21:00:45.684+0000] {dagbag.py:536} INFO - Filling up the DagBag from /home/airflow/.local/lib/python3.8/site-packages/airflow/example_dags/example_params_trigger_ui.py
[2023-11-29T21:00:45.701+0000] {processor.py:839} INFO - DAG(s) dict_keys(['example_params_trigger_ui']) retrieved from /home/airflow/.local/lib/python3.8/site-packages/airflow/example_dags/example_params_trigger_ui.py
[2023-11-29T21:00:45.729+0000] {logging_mixin.py:154} INFO - [2023-11-29T21:00:45.729+0000] {dag.py:2941} INFO - Sync 1 DAGs
[2023-11-29T21:00:45.736+0000] {logging_mixin.py:154} INFO - [2023-11-29T21:00:45.736+0000] {dag.py:3722} INFO - Setting next_dagrun for example_params_trigger_ui to None, run_after=None
[2023-11-29T21:00:45.746+0000] {processor.py:179} INFO - Processing /home/airflow/.local/lib/python3.8/site-packages/airflow/example_dags/example_params_trigger_ui.py took 0.072 seconds
[2023-11-29T21:01:16.661+0000] {processor.py:157} INFO - Started process (PID=1062) to work on /home/airflow/.local/lib/python3.8/site-packages/airflow/example_dags/example_params_trigger_ui.py
[2023-11-29T21:01:16.663+0000] {processor.py:829} INFO - Processing file /home/airflow/.local/lib/python3.8/site-packages/airflow/example_dags/example_params_trigger_ui.py for tasks to queue
[2023-11-29T21:01:16.667+0000] {logging_mixin.py:154} INFO - [2023-11-29T21:01:16.666+0000] {dagbag.py:536} INFO - Filling up the DagBag from /home/airflow/.local/lib/python3.8/site-packages/airflow/example_dags/example_params_trigger_ui.py
[2023-11-29T21:01:16.683+0000] {processor.py:839} INFO - DAG(s) dict_keys(['example_params_trigger_ui']) retrieved from /home/airflow/.local/lib/python3.8/site-packages/airflow/example_dags/example_params_trigger_ui.py
[2023-11-29T21:01:16.710+0000] {logging_mixin.py:154} INFO - [2023-11-29T21:01:16.710+0000] {dag.py:2941} INFO - Sync 1 DAGs
[2023-11-29T21:01:16.717+0000] {logging_mixin.py:154} INFO - [2023-11-29T21:01:16.717+0000] {dag.py:3722} INFO - Setting next_dagrun for example_params_trigger_ui to None, run_after=None
[2023-11-29T21:01:16.727+0000] {processor.py:179} INFO - Processing /home/airflow/.local/lib/python3.8/site-packages/airflow/example_dags/example_params_trigger_ui.py took 0.072 seconds
[2023-11-29T21:01:47.544+0000] {processor.py:157} INFO - Started process (PID=1116) to work on /home/airflow/.local/lib/python3.8/site-packages/airflow/example_dags/example_params_trigger_ui.py
[2023-11-29T21:01:47.546+0000] {processor.py:829} INFO - Processing file /home/airflow/.local/lib/python3.8/site-packages/airflow/example_dags/example_params_trigger_ui.py for tasks to queue
[2023-11-29T21:01:47.549+0000] {logging_mixin.py:154} INFO - [2023-11-29T21:01:47.549+0000] {dagbag.py:536} INFO - Filling up the DagBag from /home/airflow/.local/lib/python3.8/site-packages/airflow/example_dags/example_params_trigger_ui.py
[2023-11-29T21:01:47.566+0000] {processor.py:839} INFO - DAG(s) dict_keys(['example_params_trigger_ui']) retrieved from /home/airflow/.local/lib/python3.8/site-packages/airflow/example_dags/example_params_trigger_ui.py
[2023-11-29T21:01:47.594+0000] {logging_mixin.py:154} INFO - [2023-11-29T21:01:47.594+0000] {dag.py:2941} INFO - Sync 1 DAGs
[2023-11-29T21:01:47.600+0000] {logging_mixin.py:154} INFO - [2023-11-29T21:01:47.600+0000] {dag.py:3722} INFO - Setting next_dagrun for example_params_trigger_ui to None, run_after=None
[2023-11-29T21:01:47.611+0000] {processor.py:179} INFO - Processing /home/airflow/.local/lib/python3.8/site-packages/airflow/example_dags/example_params_trigger_ui.py took 0.072 seconds
[2023-11-29T21:41:07.336+0000] {processor.py:157} INFO - Started process (PID=38) to work on /home/airflow/.local/lib/python3.8/site-packages/airflow/example_dags/example_params_trigger_ui.py
[2023-11-29T21:41:07.337+0000] {processor.py:829} INFO - Processing file /home/airflow/.local/lib/python3.8/site-packages/airflow/example_dags/example_params_trigger_ui.py for tasks to queue
[2023-11-29T21:41:07.338+0000] {logging_mixin.py:154} INFO - [2023-11-29T21:41:07.338+0000] {dagbag.py:536} INFO - Filling up the DagBag from /home/airflow/.local/lib/python3.8/site-packages/airflow/example_dags/example_params_trigger_ui.py
[2023-11-29T21:41:07.354+0000] {processor.py:839} INFO - DAG(s) dict_keys(['example_params_trigger_ui']) retrieved from /home/airflow/.local/lib/python3.8/site-packages/airflow/example_dags/example_params_trigger_ui.py
[2023-11-29T21:41:07.430+0000] {logging_mixin.py:154} INFO - [2023-11-29T21:41:07.430+0000] {manager.py:499} INFO - Created Permission View: %s
[2023-11-29T21:41:07.436+0000] {logging_mixin.py:154} INFO - [2023-11-29T21:41:07.435+0000] {manager.py:499} INFO - Created Permission View: %s
[2023-11-29T21:41:07.439+0000] {logging_mixin.py:154} INFO - [2023-11-29T21:41:07.439+0000] {manager.py:499} INFO - Created Permission View: %s
[2023-11-29T21:41:07.440+0000] {logging_mixin.py:154} INFO - [2023-11-29T21:41:07.440+0000] {dag.py:2941} INFO - Sync 1 DAGs
[2023-11-29T21:41:07.447+0000] {logging_mixin.py:154} INFO - [2023-11-29T21:41:07.447+0000] {dag.py:2963} INFO - Creating ORM DAG for example_params_trigger_ui
[2023-11-29T21:41:07.447+0000] {logging_mixin.py:154} INFO - [2023-11-29T21:41:07.447+0000] {dag.py:3722} INFO - Setting next_dagrun for example_params_trigger_ui to None, run_after=None
[2023-11-29T21:41:07.458+0000] {processor.py:179} INFO - Processing /home/airflow/.local/lib/python3.8/site-packages/airflow/example_dags/example_params_trigger_ui.py took 0.125 seconds
[2023-11-29T21:41:37.657+0000] {processor.py:157} INFO - Started process (PID=92) to work on /home/airflow/.local/lib/python3.8/site-packages/airflow/example_dags/example_params_trigger_ui.py
[2023-11-29T21:41:37.658+0000] {processor.py:829} INFO - Processing file /home/airflow/.local/lib/python3.8/site-packages/airflow/example_dags/example_params_trigger_ui.py for tasks to queue
[2023-11-29T21:41:37.659+0000] {logging_mixin.py:154} INFO - [2023-11-29T21:41:37.659+0000] {dagbag.py:536} INFO - Filling up the DagBag from /home/airflow/.local/lib/python3.8/site-packages/airflow/example_dags/example_params_trigger_ui.py
[2023-11-29T21:41:37.671+0000] {processor.py:839} INFO - DAG(s) dict_keys(['example_params_trigger_ui']) retrieved from /home/airflow/.local/lib/python3.8/site-packages/airflow/example_dags/example_params_trigger_ui.py
[2023-11-29T21:41:37.697+0000] {logging_mixin.py:154} INFO - [2023-11-29T21:41:37.697+0000] {dag.py:2941} INFO - Sync 1 DAGs
[2023-11-29T21:41:37.705+0000] {logging_mixin.py:154} INFO - [2023-11-29T21:41:37.705+0000] {dag.py:3722} INFO - Setting next_dagrun for example_params_trigger_ui to None, run_after=None
[2023-11-29T21:41:37.717+0000] {processor.py:179} INFO - Processing /home/airflow/.local/lib/python3.8/site-packages/airflow/example_dags/example_params_trigger_ui.py took 0.063 seconds
[2023-11-29T21:42:08.373+0000] {processor.py:157} INFO - Started process (PID=146) to work on /home/airflow/.local/lib/python3.8/site-packages/airflow/example_dags/example_params_trigger_ui.py
[2023-11-29T21:42:08.374+0000] {processor.py:829} INFO - Processing file /home/airflow/.local/lib/python3.8/site-packages/airflow/example_dags/example_params_trigger_ui.py for tasks to queue
[2023-11-29T21:42:08.375+0000] {logging_mixin.py:154} INFO - [2023-11-29T21:42:08.375+0000] {dagbag.py:536} INFO - Filling up the DagBag from /home/airflow/.local/lib/python3.8/site-packages/airflow/example_dags/example_params_trigger_ui.py
[2023-11-29T21:42:08.386+0000] {processor.py:839} INFO - DAG(s) dict_keys(['example_params_trigger_ui']) retrieved from /home/airflow/.local/lib/python3.8/site-packages/airflow/example_dags/example_params_trigger_ui.py
[2023-11-29T21:42:08.412+0000] {logging_mixin.py:154} INFO - [2023-11-29T21:42:08.412+0000] {dag.py:2941} INFO - Sync 1 DAGs
[2023-11-29T21:42:08.420+0000] {logging_mixin.py:154} INFO - [2023-11-29T21:42:08.420+0000] {dag.py:3722} INFO - Setting next_dagrun for example_params_trigger_ui to None, run_after=None
[2023-11-29T21:42:08.430+0000] {processor.py:179} INFO - Processing /home/airflow/.local/lib/python3.8/site-packages/airflow/example_dags/example_params_trigger_ui.py took 0.060 seconds
[2023-11-29T21:42:39.040+0000] {processor.py:157} INFO - Started process (PID=200) to work on /home/airflow/.local/lib/python3.8/site-packages/airflow/example_dags/example_params_trigger_ui.py
[2023-11-29T21:42:39.041+0000] {processor.py:829} INFO - Processing file /home/airflow/.local/lib/python3.8/site-packages/airflow/example_dags/example_params_trigger_ui.py for tasks to queue
[2023-11-29T21:42:39.042+0000] {logging_mixin.py:154} INFO - [2023-11-29T21:42:39.042+0000] {dagbag.py:536} INFO - Filling up the DagBag from /home/airflow/.local/lib/python3.8/site-packages/airflow/example_dags/example_params_trigger_ui.py
[2023-11-29T21:42:39.053+0000] {processor.py:839} INFO - DAG(s) dict_keys(['example_params_trigger_ui']) retrieved from /home/airflow/.local/lib/python3.8/site-packages/airflow/example_dags/example_params_trigger_ui.py
[2023-11-29T21:42:39.078+0000] {logging_mixin.py:154} INFO - [2023-11-29T21:42:39.078+0000] {dag.py:2941} INFO - Sync 1 DAGs
[2023-11-29T21:42:39.085+0000] {logging_mixin.py:154} INFO - [2023-11-29T21:42:39.085+0000] {dag.py:3722} INFO - Setting next_dagrun for example_params_trigger_ui to None, run_after=None
[2023-11-29T21:42:39.095+0000] {processor.py:179} INFO - Processing /home/airflow/.local/lib/python3.8/site-packages/airflow/example_dags/example_params_trigger_ui.py took 0.057 seconds
[2023-11-29T21:43:09.134+0000] {processor.py:157} INFO - Started process (PID=254) to work on /home/airflow/.local/lib/python3.8/site-packages/airflow/example_dags/example_params_trigger_ui.py
[2023-11-29T21:43:09.135+0000] {processor.py:829} INFO - Processing file /home/airflow/.local/lib/python3.8/site-packages/airflow/example_dags/example_params_trigger_ui.py for tasks to queue
[2023-11-29T21:43:09.136+0000] {logging_mixin.py:154} INFO - [2023-11-29T21:43:09.136+0000] {dagbag.py:536} INFO - Filling up the DagBag from /home/airflow/.local/lib/python3.8/site-packages/airflow/example_dags/example_params_trigger_ui.py
[2023-11-29T21:43:09.146+0000] {processor.py:839} INFO - DAG(s) dict_keys(['example_params_trigger_ui']) retrieved from /home/airflow/.local/lib/python3.8/site-packages/airflow/example_dags/example_params_trigger_ui.py
[2023-11-29T21:43:09.171+0000] {logging_mixin.py:154} INFO - [2023-11-29T21:43:09.171+0000] {dag.py:2941} INFO - Sync 1 DAGs
[2023-11-29T21:43:09.178+0000] {logging_mixin.py:154} INFO - [2023-11-29T21:43:09.178+0000] {dag.py:3722} INFO - Setting next_dagrun for example_params_trigger_ui to None, run_after=None
[2023-11-29T21:43:09.187+0000] {processor.py:179} INFO - Processing /home/airflow/.local/lib/python3.8/site-packages/airflow/example_dags/example_params_trigger_ui.py took 0.055 seconds
[2023-11-29T21:43:39.286+0000] {processor.py:157} INFO - Started process (PID=308) to work on /home/airflow/.local/lib/python3.8/site-packages/airflow/example_dags/example_params_trigger_ui.py
[2023-11-29T21:43:39.287+0000] {processor.py:829} INFO - Processing file /home/airflow/.local/lib/python3.8/site-packages/airflow/example_dags/example_params_trigger_ui.py for tasks to queue
[2023-11-29T21:43:39.288+0000] {logging_mixin.py:154} INFO - [2023-11-29T21:43:39.288+0000] {dagbag.py:536} INFO - Filling up the DagBag from /home/airflow/.local/lib/python3.8/site-packages/airflow/example_dags/example_params_trigger_ui.py
[2023-11-29T21:43:39.298+0000] {processor.py:839} INFO - DAG(s) dict_keys(['example_params_trigger_ui']) retrieved from /home/airflow/.local/lib/python3.8/site-packages/airflow/example_dags/example_params_trigger_ui.py
[2023-11-29T21:43:39.325+0000] {logging_mixin.py:154} INFO - [2023-11-29T21:43:39.325+0000] {dag.py:2941} INFO - Sync 1 DAGs
[2023-11-29T21:43:39.332+0000] {logging_mixin.py:154} INFO - [2023-11-29T21:43:39.332+0000] {dag.py:3722} INFO - Setting next_dagrun for example_params_trigger_ui to None, run_after=None
[2023-11-29T21:43:39.343+0000] {processor.py:179} INFO - Processing /home/airflow/.local/lib/python3.8/site-packages/airflow/example_dags/example_params_trigger_ui.py took 0.059 seconds
[2023-11-29T21:44:09.411+0000] {processor.py:157} INFO - Started process (PID=362) to work on /home/airflow/.local/lib/python3.8/site-packages/airflow/example_dags/example_params_trigger_ui.py
[2023-11-29T21:44:09.411+0000] {processor.py:829} INFO - Processing file /home/airflow/.local/lib/python3.8/site-packages/airflow/example_dags/example_params_trigger_ui.py for tasks to queue
[2023-11-29T21:44:09.413+0000] {logging_mixin.py:154} INFO - [2023-11-29T21:44:09.413+0000] {dagbag.py:536} INFO - Filling up the DagBag from /home/airflow/.local/lib/python3.8/site-packages/airflow/example_dags/example_params_trigger_ui.py
[2023-11-29T21:44:09.423+0000] {processor.py:839} INFO - DAG(s) dict_keys(['example_params_trigger_ui']) retrieved from /home/airflow/.local/lib/python3.8/site-packages/airflow/example_dags/example_params_trigger_ui.py
[2023-11-29T21:44:09.448+0000] {logging_mixin.py:154} INFO - [2023-11-29T21:44:09.448+0000] {dag.py:2941} INFO - Sync 1 DAGs
[2023-11-29T21:44:09.455+0000] {logging_mixin.py:154} INFO - [2023-11-29T21:44:09.454+0000] {dag.py:3722} INFO - Setting next_dagrun for example_params_trigger_ui to None, run_after=None
[2023-11-29T21:44:09.464+0000] {processor.py:179} INFO - Processing /home/airflow/.local/lib/python3.8/site-packages/airflow/example_dags/example_params_trigger_ui.py took 0.056 seconds
[2023-11-29T21:44:39.648+0000] {processor.py:157} INFO - Started process (PID=416) to work on /home/airflow/.local/lib/python3.8/site-packages/airflow/example_dags/example_params_trigger_ui.py
[2023-11-29T21:44:39.649+0000] {processor.py:829} INFO - Processing file /home/airflow/.local/lib/python3.8/site-packages/airflow/example_dags/example_params_trigger_ui.py for tasks to queue
[2023-11-29T21:44:39.650+0000] {logging_mixin.py:154} INFO - [2023-11-29T21:44:39.650+0000] {dagbag.py:536} INFO - Filling up the DagBag from /home/airflow/.local/lib/python3.8/site-packages/airflow/example_dags/example_params_trigger_ui.py
[2023-11-29T21:44:39.660+0000] {processor.py:839} INFO - DAG(s) dict_keys(['example_params_trigger_ui']) retrieved from /home/airflow/.local/lib/python3.8/site-packages/airflow/example_dags/example_params_trigger_ui.py
[2023-11-29T21:44:39.686+0000] {logging_mixin.py:154} INFO - [2023-11-29T21:44:39.686+0000] {dag.py:2941} INFO - Sync 1 DAGs
[2023-11-29T21:44:39.693+0000] {logging_mixin.py:154} INFO - [2023-11-29T21:44:39.693+0000] {dag.py:3722} INFO - Setting next_dagrun for example_params_trigger_ui to None, run_after=None
[2023-11-29T21:44:39.702+0000] {processor.py:179} INFO - Processing /home/airflow/.local/lib/python3.8/site-packages/airflow/example_dags/example_params_trigger_ui.py took 0.056 seconds
[2023-11-29T21:45:09.894+0000] {processor.py:157} INFO - Started process (PID=470) to work on /home/airflow/.local/lib/python3.8/site-packages/airflow/example_dags/example_params_trigger_ui.py
[2023-11-29T21:45:09.895+0000] {processor.py:829} INFO - Processing file /home/airflow/.local/lib/python3.8/site-packages/airflow/example_dags/example_params_trigger_ui.py for tasks to queue
[2023-11-29T21:45:09.897+0000] {logging_mixin.py:154} INFO - [2023-11-29T21:45:09.897+0000] {dagbag.py:536} INFO - Filling up the DagBag from /home/airflow/.local/lib/python3.8/site-packages/airflow/example_dags/example_params_trigger_ui.py
[2023-11-29T21:45:09.907+0000] {processor.py:839} INFO - DAG(s) dict_keys(['example_params_trigger_ui']) retrieved from /home/airflow/.local/lib/python3.8/site-packages/airflow/example_dags/example_params_trigger_ui.py
[2023-11-29T21:45:09.932+0000] {logging_mixin.py:154} INFO - [2023-11-29T21:45:09.932+0000] {dag.py:2941} INFO - Sync 1 DAGs
[2023-11-29T21:45:09.939+0000] {logging_mixin.py:154} INFO - [2023-11-29T21:45:09.939+0000] {dag.py:3722} INFO - Setting next_dagrun for example_params_trigger_ui to None, run_after=None
[2023-11-29T21:45:09.949+0000] {processor.py:179} INFO - Processing /home/airflow/.local/lib/python3.8/site-packages/airflow/example_dags/example_params_trigger_ui.py took 0.056 seconds
[2023-11-29T21:45:40.020+0000] {processor.py:157} INFO - Started process (PID=525) to work on /home/airflow/.local/lib/python3.8/site-packages/airflow/example_dags/example_params_trigger_ui.py
[2023-11-29T21:45:40.021+0000] {processor.py:829} INFO - Processing file /home/airflow/.local/lib/python3.8/site-packages/airflow/example_dags/example_params_trigger_ui.py for tasks to queue
[2023-11-29T21:45:40.023+0000] {logging_mixin.py:154} INFO - [2023-11-29T21:45:40.023+0000] {dagbag.py:536} INFO - Filling up the DagBag from /home/airflow/.local/lib/python3.8/site-packages/airflow/example_dags/example_params_trigger_ui.py
[2023-11-29T21:45:40.034+0000] {processor.py:839} INFO - DAG(s) dict_keys(['example_params_trigger_ui']) retrieved from /home/airflow/.local/lib/python3.8/site-packages/airflow/example_dags/example_params_trigger_ui.py
[2023-11-29T21:45:40.063+0000] {logging_mixin.py:154} INFO - [2023-11-29T21:45:40.063+0000] {dag.py:2941} INFO - Sync 1 DAGs
[2023-11-29T21:45:40.072+0000] {logging_mixin.py:154} INFO - [2023-11-29T21:45:40.072+0000] {dag.py:3722} INFO - Setting next_dagrun for example_params_trigger_ui to None, run_after=None
[2023-11-29T21:45:40.085+0000] {processor.py:179} INFO - Processing /home/airflow/.local/lib/python3.8/site-packages/airflow/example_dags/example_params_trigger_ui.py took 0.067 seconds
[2023-11-29T21:46:10.185+0000] {processor.py:157} INFO - Started process (PID=578) to work on /home/airflow/.local/lib/python3.8/site-packages/airflow/example_dags/example_params_trigger_ui.py
[2023-11-29T21:46:10.186+0000] {processor.py:829} INFO - Processing file /home/airflow/.local/lib/python3.8/site-packages/airflow/example_dags/example_params_trigger_ui.py for tasks to queue
[2023-11-29T21:46:10.187+0000] {logging_mixin.py:154} INFO - [2023-11-29T21:46:10.187+0000] {dagbag.py:536} INFO - Filling up the DagBag from /home/airflow/.local/lib/python3.8/site-packages/airflow/example_dags/example_params_trigger_ui.py
[2023-11-29T21:46:10.198+0000] {processor.py:839} INFO - DAG(s) dict_keys(['example_params_trigger_ui']) retrieved from /home/airflow/.local/lib/python3.8/site-packages/airflow/example_dags/example_params_trigger_ui.py
[2023-11-29T21:46:10.224+0000] {logging_mixin.py:154} INFO - [2023-11-29T21:46:10.223+0000] {dag.py:2941} INFO - Sync 1 DAGs
[2023-11-29T21:46:10.230+0000] {logging_mixin.py:154} INFO - [2023-11-29T21:46:10.230+0000] {dag.py:3722} INFO - Setting next_dagrun for example_params_trigger_ui to None, run_after=None
[2023-11-29T21:46:10.240+0000] {processor.py:179} INFO - Processing /home/airflow/.local/lib/python3.8/site-packages/airflow/example_dags/example_params_trigger_ui.py took 0.058 seconds
[2023-11-29T21:46:40.256+0000] {processor.py:157} INFO - Started process (PID=632) to work on /home/airflow/.local/lib/python3.8/site-packages/airflow/example_dags/example_params_trigger_ui.py
[2023-11-29T21:46:40.256+0000] {processor.py:829} INFO - Processing file /home/airflow/.local/lib/python3.8/site-packages/airflow/example_dags/example_params_trigger_ui.py for tasks to queue
[2023-11-29T21:46:40.258+0000] {logging_mixin.py:154} INFO - [2023-11-29T21:46:40.257+0000] {dagbag.py:536} INFO - Filling up the DagBag from /home/airflow/.local/lib/python3.8/site-packages/airflow/example_dags/example_params_trigger_ui.py
[2023-11-29T21:46:40.267+0000] {processor.py:839} INFO - DAG(s) dict_keys(['example_params_trigger_ui']) retrieved from /home/airflow/.local/lib/python3.8/site-packages/airflow/example_dags/example_params_trigger_ui.py
[2023-11-29T21:46:40.293+0000] {logging_mixin.py:154} INFO - [2023-11-29T21:46:40.293+0000] {dag.py:2941} INFO - Sync 1 DAGs
[2023-11-29T21:46:40.300+0000] {logging_mixin.py:154} INFO - [2023-11-29T21:46:40.300+0000] {dag.py:3722} INFO - Setting next_dagrun for example_params_trigger_ui to None, run_after=None
[2023-11-29T21:46:40.311+0000] {processor.py:179} INFO - Processing /home/airflow/.local/lib/python3.8/site-packages/airflow/example_dags/example_params_trigger_ui.py took 0.057 seconds
[2023-11-29T21:47:10.485+0000] {processor.py:157} INFO - Started process (PID=686) to work on /home/airflow/.local/lib/python3.8/site-packages/airflow/example_dags/example_params_trigger_ui.py
[2023-11-29T21:47:10.486+0000] {processor.py:829} INFO - Processing file /home/airflow/.local/lib/python3.8/site-packages/airflow/example_dags/example_params_trigger_ui.py for tasks to queue
[2023-11-29T21:47:10.487+0000] {logging_mixin.py:154} INFO - [2023-11-29T21:47:10.487+0000] {dagbag.py:536} INFO - Filling up the DagBag from /home/airflow/.local/lib/python3.8/site-packages/airflow/example_dags/example_params_trigger_ui.py
[2023-11-29T21:47:10.497+0000] {processor.py:839} INFO - DAG(s) dict_keys(['example_params_trigger_ui']) retrieved from /home/airflow/.local/lib/python3.8/site-packages/airflow/example_dags/example_params_trigger_ui.py
[2023-11-29T21:47:10.523+0000] {logging_mixin.py:154} INFO - [2023-11-29T21:47:10.523+0000] {dag.py:2941} INFO - Sync 1 DAGs
[2023-11-29T21:47:10.530+0000] {logging_mixin.py:154} INFO - [2023-11-29T21:47:10.530+0000] {dag.py:3722} INFO - Setting next_dagrun for example_params_trigger_ui to None, run_after=None
[2023-11-29T21:47:10.540+0000] {processor.py:179} INFO - Processing /home/airflow/.local/lib/python3.8/site-packages/airflow/example_dags/example_params_trigger_ui.py took 0.057 seconds
[2023-11-29T21:47:40.639+0000] {processor.py:157} INFO - Started process (PID=740) to work on /home/airflow/.local/lib/python3.8/site-packages/airflow/example_dags/example_params_trigger_ui.py
[2023-11-29T21:47:40.640+0000] {processor.py:829} INFO - Processing file /home/airflow/.local/lib/python3.8/site-packages/airflow/example_dags/example_params_trigger_ui.py for tasks to queue
[2023-11-29T21:47:40.641+0000] {logging_mixin.py:154} INFO - [2023-11-29T21:47:40.641+0000] {dagbag.py:536} INFO - Filling up the DagBag from /home/airflow/.local/lib/python3.8/site-packages/airflow/example_dags/example_params_trigger_ui.py
[2023-11-29T21:47:40.652+0000] {processor.py:839} INFO - DAG(s) dict_keys(['example_params_trigger_ui']) retrieved from /home/airflow/.local/lib/python3.8/site-packages/airflow/example_dags/example_params_trigger_ui.py
[2023-11-29T21:47:40.677+0000] {logging_mixin.py:154} INFO - [2023-11-29T21:47:40.677+0000] {dag.py:2941} INFO - Sync 1 DAGs
[2023-11-29T21:47:40.684+0000] {logging_mixin.py:154} INFO - [2023-11-29T21:47:40.684+0000] {dag.py:3722} INFO - Setting next_dagrun for example_params_trigger_ui to None, run_after=None
[2023-11-29T21:47:40.694+0000] {processor.py:179} INFO - Processing /home/airflow/.local/lib/python3.8/site-packages/airflow/example_dags/example_params_trigger_ui.py took 0.057 seconds
