[2023-11-29T20:51:39.643+0000] {processor.py:157} INFO - Started process (PID=62) to work on /home/airflow/.local/lib/python3.8/site-packages/airflow/example_dags/example_setup_teardown.py
[2023-11-29T20:51:39.644+0000] {processor.py:829} INFO - Processing file /home/airflow/.local/lib/python3.8/site-packages/airflow/example_dags/example_setup_teardown.py for tasks to queue
[2023-11-29T20:51:39.645+0000] {logging_mixin.py:154} INFO - [2023-11-29T20:51:39.645+0000] {dagbag.py:536} INFO - Filling up the DagBag from /home/airflow/.local/lib/python3.8/site-packages/airflow/example_dags/example_setup_teardown.py
[2023-11-29T20:51:39.651+0000] {processor.py:839} INFO - DAG(s) dict_keys(['example_setup_teardown']) retrieved from /home/airflow/.local/lib/python3.8/site-packages/airflow/example_dags/example_setup_teardown.py
[2023-11-29T20:51:39.719+0000] {logging_mixin.py:154} INFO - [2023-11-29T20:51:39.719+0000] {dag.py:2941} INFO - Sync 1 DAGs
[2023-11-29T20:51:39.733+0000] {logging_mixin.py:154} INFO - [2023-11-29T20:51:39.733+0000] {dag.py:3722} INFO - Setting next_dagrun for example_setup_teardown to 2023-11-28T20:51:39.732905+00:00, run_after=2023-11-29T20:51:39.732905+00:00
[2023-11-29T20:51:39.745+0000] {processor.py:179} INFO - Processing /home/airflow/.local/lib/python3.8/site-packages/airflow/example_dags/example_setup_teardown.py took 0.105 seconds
[2023-11-29T20:52:09.950+0000] {processor.py:157} INFO - Started process (PID=116) to work on /home/airflow/.local/lib/python3.8/site-packages/airflow/example_dags/example_setup_teardown.py
[2023-11-29T20:52:09.950+0000] {processor.py:829} INFO - Processing file /home/airflow/.local/lib/python3.8/site-packages/airflow/example_dags/example_setup_teardown.py for tasks to queue
[2023-11-29T20:52:09.952+0000] {logging_mixin.py:154} INFO - [2023-11-29T20:52:09.952+0000] {dagbag.py:536} INFO - Filling up the DagBag from /home/airflow/.local/lib/python3.8/site-packages/airflow/example_dags/example_setup_teardown.py
[2023-11-29T20:52:09.956+0000] {processor.py:839} INFO - DAG(s) dict_keys(['example_setup_teardown']) retrieved from /home/airflow/.local/lib/python3.8/site-packages/airflow/example_dags/example_setup_teardown.py
[2023-11-29T20:52:09.964+0000] {logging_mixin.py:154} INFO - [2023-11-29T20:52:09.964+0000] {dag.py:2941} INFO - Sync 1 DAGs
[2023-11-29T20:52:09.976+0000] {logging_mixin.py:154} INFO - [2023-11-29T20:52:09.976+0000] {dag.py:3722} INFO - Setting next_dagrun for example_setup_teardown to 2023-11-28T20:52:09.976459+00:00, run_after=2023-11-29T20:52:09.976459+00:00
[2023-11-29T20:52:09.985+0000] {processor.py:179} INFO - Processing /home/airflow/.local/lib/python3.8/site-packages/airflow/example_dags/example_setup_teardown.py took 0.038 seconds
[2023-11-29T20:52:40.838+0000] {processor.py:157} INFO - Started process (PID=170) to work on /home/airflow/.local/lib/python3.8/site-packages/airflow/example_dags/example_setup_teardown.py
[2023-11-29T20:52:40.839+0000] {processor.py:829} INFO - Processing file /home/airflow/.local/lib/python3.8/site-packages/airflow/example_dags/example_setup_teardown.py for tasks to queue
[2023-11-29T20:52:40.840+0000] {logging_mixin.py:154} INFO - [2023-11-29T20:52:40.840+0000] {dagbag.py:536} INFO - Filling up the DagBag from /home/airflow/.local/lib/python3.8/site-packages/airflow/example_dags/example_setup_teardown.py
[2023-11-29T20:52:40.845+0000] {processor.py:839} INFO - DAG(s) dict_keys(['example_setup_teardown']) retrieved from /home/airflow/.local/lib/python3.8/site-packages/airflow/example_dags/example_setup_teardown.py
[2023-11-29T20:52:40.858+0000] {logging_mixin.py:154} INFO - [2023-11-29T20:52:40.857+0000] {dag.py:2941} INFO - Sync 1 DAGs
[2023-11-29T20:52:40.870+0000] {logging_mixin.py:154} INFO - [2023-11-29T20:52:40.870+0000] {dag.py:3722} INFO - Setting next_dagrun for example_setup_teardown to 2023-11-28T20:52:40.869891+00:00, run_after=2023-11-29T20:52:40.869891+00:00
[2023-11-29T20:52:40.879+0000] {processor.py:179} INFO - Processing /home/airflow/.local/lib/python3.8/site-packages/airflow/example_dags/example_setup_teardown.py took 0.043 seconds
[2023-11-29T20:53:10.946+0000] {processor.py:157} INFO - Started process (PID=224) to work on /home/airflow/.local/lib/python3.8/site-packages/airflow/example_dags/example_setup_teardown.py
[2023-11-29T20:53:10.947+0000] {processor.py:829} INFO - Processing file /home/airflow/.local/lib/python3.8/site-packages/airflow/example_dags/example_setup_teardown.py for tasks to queue
[2023-11-29T20:53:10.948+0000] {logging_mixin.py:154} INFO - [2023-11-29T20:53:10.948+0000] {dagbag.py:536} INFO - Filling up the DagBag from /home/airflow/.local/lib/python3.8/site-packages/airflow/example_dags/example_setup_teardown.py
[2023-11-29T20:53:10.953+0000] {processor.py:839} INFO - DAG(s) dict_keys(['example_setup_teardown']) retrieved from /home/airflow/.local/lib/python3.8/site-packages/airflow/example_dags/example_setup_teardown.py
[2023-11-29T20:53:10.964+0000] {logging_mixin.py:154} INFO - [2023-11-29T20:53:10.964+0000] {dag.py:2941} INFO - Sync 1 DAGs
[2023-11-29T20:53:10.976+0000] {logging_mixin.py:154} INFO - [2023-11-29T20:53:10.976+0000] {dag.py:3722} INFO - Setting next_dagrun for example_setup_teardown to 2023-11-28T20:53:10.976072+00:00, run_after=2023-11-29T20:53:10.976072+00:00
[2023-11-29T20:53:10.985+0000] {processor.py:179} INFO - Processing /home/airflow/.local/lib/python3.8/site-packages/airflow/example_dags/example_setup_teardown.py took 0.041 seconds
[2023-11-29T20:53:41.137+0000] {processor.py:157} INFO - Started process (PID=278) to work on /home/airflow/.local/lib/python3.8/site-packages/airflow/example_dags/example_setup_teardown.py
[2023-11-29T20:53:41.137+0000] {processor.py:829} INFO - Processing file /home/airflow/.local/lib/python3.8/site-packages/airflow/example_dags/example_setup_teardown.py for tasks to queue
[2023-11-29T20:53:41.139+0000] {logging_mixin.py:154} INFO - [2023-11-29T20:53:41.138+0000] {dagbag.py:536} INFO - Filling up the DagBag from /home/airflow/.local/lib/python3.8/site-packages/airflow/example_dags/example_setup_teardown.py
[2023-11-29T20:53:41.143+0000] {processor.py:839} INFO - DAG(s) dict_keys(['example_setup_teardown']) retrieved from /home/airflow/.local/lib/python3.8/site-packages/airflow/example_dags/example_setup_teardown.py
[2023-11-29T20:53:41.156+0000] {logging_mixin.py:154} INFO - [2023-11-29T20:53:41.156+0000] {dag.py:2941} INFO - Sync 1 DAGs
[2023-11-29T20:53:41.169+0000] {logging_mixin.py:154} INFO - [2023-11-29T20:53:41.169+0000] {dag.py:3722} INFO - Setting next_dagrun for example_setup_teardown to 2023-11-28T20:53:41.169296+00:00, run_after=2023-11-29T20:53:41.169296+00:00
[2023-11-29T20:53:41.180+0000] {processor.py:179} INFO - Processing /home/airflow/.local/lib/python3.8/site-packages/airflow/example_dags/example_setup_teardown.py took 0.045 seconds
[2023-11-29T20:54:11.233+0000] {processor.py:157} INFO - Started process (PID=332) to work on /home/airflow/.local/lib/python3.8/site-packages/airflow/example_dags/example_setup_teardown.py
[2023-11-29T20:54:11.234+0000] {processor.py:829} INFO - Processing file /home/airflow/.local/lib/python3.8/site-packages/airflow/example_dags/example_setup_teardown.py for tasks to queue
[2023-11-29T20:54:11.236+0000] {logging_mixin.py:154} INFO - [2023-11-29T20:54:11.236+0000] {dagbag.py:536} INFO - Filling up the DagBag from /home/airflow/.local/lib/python3.8/site-packages/airflow/example_dags/example_setup_teardown.py
[2023-11-29T20:54:11.240+0000] {processor.py:839} INFO - DAG(s) dict_keys(['example_setup_teardown']) retrieved from /home/airflow/.local/lib/python3.8/site-packages/airflow/example_dags/example_setup_teardown.py
[2023-11-29T20:54:11.254+0000] {logging_mixin.py:154} INFO - [2023-11-29T20:54:11.254+0000] {dag.py:2941} INFO - Sync 1 DAGs
[2023-11-29T20:54:11.268+0000] {logging_mixin.py:154} INFO - [2023-11-29T20:54:11.268+0000] {dag.py:3722} INFO - Setting next_dagrun for example_setup_teardown to 2023-11-28T20:54:11.268294+00:00, run_after=2023-11-29T20:54:11.268294+00:00
[2023-11-29T20:54:11.278+0000] {processor.py:179} INFO - Processing /home/airflow/.local/lib/python3.8/site-packages/airflow/example_dags/example_setup_teardown.py took 0.047 seconds
[2023-11-29T20:54:41.338+0000] {processor.py:157} INFO - Started process (PID=386) to work on /home/airflow/.local/lib/python3.8/site-packages/airflow/example_dags/example_setup_teardown.py
[2023-11-29T20:54:41.339+0000] {processor.py:829} INFO - Processing file /home/airflow/.local/lib/python3.8/site-packages/airflow/example_dags/example_setup_teardown.py for tasks to queue
[2023-11-29T20:54:41.340+0000] {logging_mixin.py:154} INFO - [2023-11-29T20:54:41.340+0000] {dagbag.py:536} INFO - Filling up the DagBag from /home/airflow/.local/lib/python3.8/site-packages/airflow/example_dags/example_setup_teardown.py
[2023-11-29T20:54:41.345+0000] {processor.py:839} INFO - DAG(s) dict_keys(['example_setup_teardown']) retrieved from /home/airflow/.local/lib/python3.8/site-packages/airflow/example_dags/example_setup_teardown.py
[2023-11-29T20:54:41.356+0000] {logging_mixin.py:154} INFO - [2023-11-29T20:54:41.356+0000] {dag.py:2941} INFO - Sync 1 DAGs
[2023-11-29T20:54:41.368+0000] {logging_mixin.py:154} INFO - [2023-11-29T20:54:41.367+0000] {dag.py:3722} INFO - Setting next_dagrun for example_setup_teardown to 2023-11-28T20:54:41.367856+00:00, run_after=2023-11-29T20:54:41.367856+00:00
[2023-11-29T20:54:41.376+0000] {processor.py:179} INFO - Processing /home/airflow/.local/lib/python3.8/site-packages/airflow/example_dags/example_setup_teardown.py took 0.040 seconds
[2023-11-29T20:55:11.407+0000] {processor.py:157} INFO - Started process (PID=440) to work on /home/airflow/.local/lib/python3.8/site-packages/airflow/example_dags/example_setup_teardown.py
[2023-11-29T20:55:11.408+0000] {processor.py:829} INFO - Processing file /home/airflow/.local/lib/python3.8/site-packages/airflow/example_dags/example_setup_teardown.py for tasks to queue
[2023-11-29T20:55:11.409+0000] {logging_mixin.py:154} INFO - [2023-11-29T20:55:11.409+0000] {dagbag.py:536} INFO - Filling up the DagBag from /home/airflow/.local/lib/python3.8/site-packages/airflow/example_dags/example_setup_teardown.py
[2023-11-29T20:55:11.413+0000] {processor.py:839} INFO - DAG(s) dict_keys(['example_setup_teardown']) retrieved from /home/airflow/.local/lib/python3.8/site-packages/airflow/example_dags/example_setup_teardown.py
[2023-11-29T20:55:11.425+0000] {logging_mixin.py:154} INFO - [2023-11-29T20:55:11.425+0000] {dag.py:2941} INFO - Sync 1 DAGs
[2023-11-29T20:55:11.436+0000] {logging_mixin.py:154} INFO - [2023-11-29T20:55:11.436+0000] {dag.py:3722} INFO - Setting next_dagrun for example_setup_teardown to 2023-11-28T20:55:11.436386+00:00, run_after=2023-11-29T20:55:11.436386+00:00
[2023-11-29T20:55:11.446+0000] {processor.py:179} INFO - Processing /home/airflow/.local/lib/python3.8/site-packages/airflow/example_dags/example_setup_teardown.py took 0.041 seconds
[2023-11-29T20:55:41.577+0000] {processor.py:157} INFO - Started process (PID=494) to work on /home/airflow/.local/lib/python3.8/site-packages/airflow/example_dags/example_setup_teardown.py
[2023-11-29T20:55:41.577+0000] {processor.py:829} INFO - Processing file /home/airflow/.local/lib/python3.8/site-packages/airflow/example_dags/example_setup_teardown.py for tasks to queue
[2023-11-29T20:55:41.579+0000] {logging_mixin.py:154} INFO - [2023-11-29T20:55:41.579+0000] {dagbag.py:536} INFO - Filling up the DagBag from /home/airflow/.local/lib/python3.8/site-packages/airflow/example_dags/example_setup_teardown.py
[2023-11-29T20:55:41.583+0000] {processor.py:839} INFO - DAG(s) dict_keys(['example_setup_teardown']) retrieved from /home/airflow/.local/lib/python3.8/site-packages/airflow/example_dags/example_setup_teardown.py
[2023-11-29T20:55:41.597+0000] {logging_mixin.py:154} INFO - [2023-11-29T20:55:41.596+0000] {dag.py:2941} INFO - Sync 1 DAGs
[2023-11-29T20:55:41.608+0000] {logging_mixin.py:154} INFO - [2023-11-29T20:55:41.608+0000] {dag.py:3722} INFO - Setting next_dagrun for example_setup_teardown to 2023-11-28T20:55:41.608493+00:00, run_after=2023-11-29T20:55:41.608493+00:00
[2023-11-29T20:55:41.618+0000] {processor.py:179} INFO - Processing /home/airflow/.local/lib/python3.8/site-packages/airflow/example_dags/example_setup_teardown.py took 0.043 seconds
[2023-11-29T20:56:11.680+0000] {processor.py:157} INFO - Started process (PID=548) to work on /home/airflow/.local/lib/python3.8/site-packages/airflow/example_dags/example_setup_teardown.py
[2023-11-29T20:56:11.681+0000] {processor.py:829} INFO - Processing file /home/airflow/.local/lib/python3.8/site-packages/airflow/example_dags/example_setup_teardown.py for tasks to queue
[2023-11-29T20:56:11.682+0000] {logging_mixin.py:154} INFO - [2023-11-29T20:56:11.682+0000] {dagbag.py:536} INFO - Filling up the DagBag from /home/airflow/.local/lib/python3.8/site-packages/airflow/example_dags/example_setup_teardown.py
[2023-11-29T20:56:11.687+0000] {processor.py:839} INFO - DAG(s) dict_keys(['example_setup_teardown']) retrieved from /home/airflow/.local/lib/python3.8/site-packages/airflow/example_dags/example_setup_teardown.py
[2023-11-29T20:56:11.699+0000] {logging_mixin.py:154} INFO - [2023-11-29T20:56:11.699+0000] {dag.py:2941} INFO - Sync 1 DAGs
[2023-11-29T20:56:11.711+0000] {logging_mixin.py:154} INFO - [2023-11-29T20:56:11.711+0000] {dag.py:3722} INFO - Setting next_dagrun for example_setup_teardown to 2023-11-28T20:56:11.711478+00:00, run_after=2023-11-29T20:56:11.711478+00:00
[2023-11-29T20:56:11.721+0000] {processor.py:179} INFO - Processing /home/airflow/.local/lib/python3.8/site-packages/airflow/example_dags/example_setup_teardown.py took 0.043 seconds
[2023-11-29T20:56:42.630+0000] {processor.py:157} INFO - Started process (PID=602) to work on /home/airflow/.local/lib/python3.8/site-packages/airflow/example_dags/example_setup_teardown.py
[2023-11-29T20:56:42.631+0000] {processor.py:829} INFO - Processing file /home/airflow/.local/lib/python3.8/site-packages/airflow/example_dags/example_setup_teardown.py for tasks to queue
[2023-11-29T20:56:42.633+0000] {logging_mixin.py:154} INFO - [2023-11-29T20:56:42.632+0000] {dagbag.py:536} INFO - Filling up the DagBag from /home/airflow/.local/lib/python3.8/site-packages/airflow/example_dags/example_setup_teardown.py
[2023-11-29T20:56:42.637+0000] {processor.py:839} INFO - DAG(s) dict_keys(['example_setup_teardown']) retrieved from /home/airflow/.local/lib/python3.8/site-packages/airflow/example_dags/example_setup_teardown.py
[2023-11-29T20:56:42.650+0000] {logging_mixin.py:154} INFO - [2023-11-29T20:56:42.650+0000] {dag.py:2941} INFO - Sync 1 DAGs
[2023-11-29T20:56:42.662+0000] {logging_mixin.py:154} INFO - [2023-11-29T20:56:42.662+0000] {dag.py:3722} INFO - Setting next_dagrun for example_setup_teardown to 2023-11-28T20:56:42.662286+00:00, run_after=2023-11-29T20:56:42.662286+00:00
[2023-11-29T20:56:42.672+0000] {processor.py:179} INFO - Processing /home/airflow/.local/lib/python3.8/site-packages/airflow/example_dags/example_setup_teardown.py took 0.044 seconds
[2023-11-29T20:57:12.734+0000] {processor.py:157} INFO - Started process (PID=656) to work on /home/airflow/.local/lib/python3.8/site-packages/airflow/example_dags/example_setup_teardown.py
[2023-11-29T20:57:12.734+0000] {processor.py:829} INFO - Processing file /home/airflow/.local/lib/python3.8/site-packages/airflow/example_dags/example_setup_teardown.py for tasks to queue
[2023-11-29T20:57:12.736+0000] {logging_mixin.py:154} INFO - [2023-11-29T20:57:12.736+0000] {dagbag.py:536} INFO - Filling up the DagBag from /home/airflow/.local/lib/python3.8/site-packages/airflow/example_dags/example_setup_teardown.py
[2023-11-29T20:57:12.740+0000] {processor.py:839} INFO - DAG(s) dict_keys(['example_setup_teardown']) retrieved from /home/airflow/.local/lib/python3.8/site-packages/airflow/example_dags/example_setup_teardown.py
[2023-11-29T20:57:12.753+0000] {logging_mixin.py:154} INFO - [2023-11-29T20:57:12.753+0000] {dag.py:2941} INFO - Sync 1 DAGs
[2023-11-29T20:57:12.765+0000] {logging_mixin.py:154} INFO - [2023-11-29T20:57:12.765+0000] {dag.py:3722} INFO - Setting next_dagrun for example_setup_teardown to 2023-11-28T20:57:12.765292+00:00, run_after=2023-11-29T20:57:12.765292+00:00
[2023-11-29T20:57:12.774+0000] {processor.py:179} INFO - Processing /home/airflow/.local/lib/python3.8/site-packages/airflow/example_dags/example_setup_teardown.py took 0.043 seconds
[2023-11-29T20:57:42.813+0000] {processor.py:157} INFO - Started process (PID=710) to work on /home/airflow/.local/lib/python3.8/site-packages/airflow/example_dags/example_setup_teardown.py
[2023-11-29T20:57:42.813+0000] {processor.py:829} INFO - Processing file /home/airflow/.local/lib/python3.8/site-packages/airflow/example_dags/example_setup_teardown.py for tasks to queue
[2023-11-29T20:57:42.815+0000] {logging_mixin.py:154} INFO - [2023-11-29T20:57:42.815+0000] {dagbag.py:536} INFO - Filling up the DagBag from /home/airflow/.local/lib/python3.8/site-packages/airflow/example_dags/example_setup_teardown.py
[2023-11-29T20:57:42.819+0000] {processor.py:839} INFO - DAG(s) dict_keys(['example_setup_teardown']) retrieved from /home/airflow/.local/lib/python3.8/site-packages/airflow/example_dags/example_setup_teardown.py
[2023-11-29T20:57:42.832+0000] {logging_mixin.py:154} INFO - [2023-11-29T20:57:42.832+0000] {dag.py:2941} INFO - Sync 1 DAGs
[2023-11-29T20:57:42.844+0000] {logging_mixin.py:154} INFO - [2023-11-29T20:57:42.844+0000] {dag.py:3722} INFO - Setting next_dagrun for example_setup_teardown to 2023-11-28T20:57:42.843977+00:00, run_after=2023-11-29T20:57:42.843977+00:00
[2023-11-29T20:57:42.853+0000] {processor.py:179} INFO - Processing /home/airflow/.local/lib/python3.8/site-packages/airflow/example_dags/example_setup_teardown.py took 0.042 seconds
[2023-11-29T20:58:12.897+0000] {processor.py:157} INFO - Started process (PID=764) to work on /home/airflow/.local/lib/python3.8/site-packages/airflow/example_dags/example_setup_teardown.py
[2023-11-29T20:58:12.898+0000] {processor.py:829} INFO - Processing file /home/airflow/.local/lib/python3.8/site-packages/airflow/example_dags/example_setup_teardown.py for tasks to queue
[2023-11-29T20:58:12.899+0000] {logging_mixin.py:154} INFO - [2023-11-29T20:58:12.899+0000] {dagbag.py:536} INFO - Filling up the DagBag from /home/airflow/.local/lib/python3.8/site-packages/airflow/example_dags/example_setup_teardown.py
[2023-11-29T20:58:12.904+0000] {processor.py:839} INFO - DAG(s) dict_keys(['example_setup_teardown']) retrieved from /home/airflow/.local/lib/python3.8/site-packages/airflow/example_dags/example_setup_teardown.py
[2023-11-29T20:58:12.917+0000] {logging_mixin.py:154} INFO - [2023-11-29T20:58:12.917+0000] {dag.py:2941} INFO - Sync 1 DAGs
[2023-11-29T20:58:12.929+0000] {logging_mixin.py:154} INFO - [2023-11-29T20:58:12.929+0000] {dag.py:3722} INFO - Setting next_dagrun for example_setup_teardown to 2023-11-28T20:58:12.929451+00:00, run_after=2023-11-29T20:58:12.929451+00:00
[2023-11-29T20:58:12.938+0000] {processor.py:179} INFO - Processing /home/airflow/.local/lib/python3.8/site-packages/airflow/example_dags/example_setup_teardown.py took 0.044 seconds
[2023-11-29T20:58:42.974+0000] {processor.py:157} INFO - Started process (PID=818) to work on /home/airflow/.local/lib/python3.8/site-packages/airflow/example_dags/example_setup_teardown.py
[2023-11-29T20:58:42.975+0000] {processor.py:829} INFO - Processing file /home/airflow/.local/lib/python3.8/site-packages/airflow/example_dags/example_setup_teardown.py for tasks to queue
[2023-11-29T20:58:42.977+0000] {logging_mixin.py:154} INFO - [2023-11-29T20:58:42.977+0000] {dagbag.py:536} INFO - Filling up the DagBag from /home/airflow/.local/lib/python3.8/site-packages/airflow/example_dags/example_setup_teardown.py
[2023-11-29T20:58:42.981+0000] {processor.py:839} INFO - DAG(s) dict_keys(['example_setup_teardown']) retrieved from /home/airflow/.local/lib/python3.8/site-packages/airflow/example_dags/example_setup_teardown.py
[2023-11-29T20:58:42.993+0000] {logging_mixin.py:154} INFO - [2023-11-29T20:58:42.993+0000] {dag.py:2941} INFO - Sync 1 DAGs
[2023-11-29T20:58:43.005+0000] {logging_mixin.py:154} INFO - [2023-11-29T20:58:43.005+0000] {dag.py:3722} INFO - Setting next_dagrun for example_setup_teardown to 2023-11-28T20:58:43.005045+00:00, run_after=2023-11-29T20:58:43.005045+00:00
[2023-11-29T20:58:43.014+0000] {processor.py:179} INFO - Processing /home/airflow/.local/lib/python3.8/site-packages/airflow/example_dags/example_setup_teardown.py took 0.042 seconds
[2023-11-29T20:59:13.925+0000] {processor.py:157} INFO - Started process (PID=872) to work on /home/airflow/.local/lib/python3.8/site-packages/airflow/example_dags/example_setup_teardown.py
[2023-11-29T20:59:13.925+0000] {processor.py:829} INFO - Processing file /home/airflow/.local/lib/python3.8/site-packages/airflow/example_dags/example_setup_teardown.py for tasks to queue
[2023-11-29T20:59:13.927+0000] {logging_mixin.py:154} INFO - [2023-11-29T20:59:13.927+0000] {dagbag.py:536} INFO - Filling up the DagBag from /home/airflow/.local/lib/python3.8/site-packages/airflow/example_dags/example_setup_teardown.py
[2023-11-29T20:59:13.931+0000] {processor.py:839} INFO - DAG(s) dict_keys(['example_setup_teardown']) retrieved from /home/airflow/.local/lib/python3.8/site-packages/airflow/example_dags/example_setup_teardown.py
[2023-11-29T20:59:13.942+0000] {logging_mixin.py:154} INFO - [2023-11-29T20:59:13.942+0000] {dag.py:2941} INFO - Sync 1 DAGs
[2023-11-29T20:59:13.954+0000] {logging_mixin.py:154} INFO - [2023-11-29T20:59:13.954+0000] {dag.py:3722} INFO - Setting next_dagrun for example_setup_teardown to 2023-11-28T20:59:13.954202+00:00, run_after=2023-11-29T20:59:13.954202+00:00
[2023-11-29T20:59:13.963+0000] {processor.py:179} INFO - Processing /home/airflow/.local/lib/python3.8/site-packages/airflow/example_dags/example_setup_teardown.py took 0.041 seconds
[2023-11-29T20:59:44.699+0000] {processor.py:157} INFO - Started process (PID=925) to work on /home/airflow/.local/lib/python3.8/site-packages/airflow/example_dags/example_setup_teardown.py
[2023-11-29T20:59:44.700+0000] {processor.py:829} INFO - Processing file /home/airflow/.local/lib/python3.8/site-packages/airflow/example_dags/example_setup_teardown.py for tasks to queue
[2023-11-29T20:59:44.701+0000] {logging_mixin.py:154} INFO - [2023-11-29T20:59:44.701+0000] {dagbag.py:536} INFO - Filling up the DagBag from /home/airflow/.local/lib/python3.8/site-packages/airflow/example_dags/example_setup_teardown.py
[2023-11-29T20:59:44.706+0000] {processor.py:839} INFO - DAG(s) dict_keys(['example_setup_teardown']) retrieved from /home/airflow/.local/lib/python3.8/site-packages/airflow/example_dags/example_setup_teardown.py
[2023-11-29T20:59:44.719+0000] {logging_mixin.py:154} INFO - [2023-11-29T20:59:44.718+0000] {dag.py:2941} INFO - Sync 1 DAGs
[2023-11-29T20:59:44.731+0000] {logging_mixin.py:154} INFO - [2023-11-29T20:59:44.731+0000] {dag.py:3722} INFO - Setting next_dagrun for example_setup_teardown to 2023-11-28T20:59:44.731507+00:00, run_after=2023-11-29T20:59:44.731507+00:00
[2023-11-29T20:59:44.741+0000] {processor.py:179} INFO - Processing /home/airflow/.local/lib/python3.8/site-packages/airflow/example_dags/example_setup_teardown.py took 0.044 seconds
[2023-11-29T21:00:15.504+0000] {processor.py:157} INFO - Started process (PID=979) to work on /home/airflow/.local/lib/python3.8/site-packages/airflow/example_dags/example_setup_teardown.py
[2023-11-29T21:00:15.505+0000] {processor.py:829} INFO - Processing file /home/airflow/.local/lib/python3.8/site-packages/airflow/example_dags/example_setup_teardown.py for tasks to queue
[2023-11-29T21:00:15.506+0000] {logging_mixin.py:154} INFO - [2023-11-29T21:00:15.506+0000] {dagbag.py:536} INFO - Filling up the DagBag from /home/airflow/.local/lib/python3.8/site-packages/airflow/example_dags/example_setup_teardown.py
[2023-11-29T21:00:15.511+0000] {processor.py:839} INFO - DAG(s) dict_keys(['example_setup_teardown']) retrieved from /home/airflow/.local/lib/python3.8/site-packages/airflow/example_dags/example_setup_teardown.py
[2023-11-29T21:00:15.523+0000] {logging_mixin.py:154} INFO - [2023-11-29T21:00:15.523+0000] {dag.py:2941} INFO - Sync 1 DAGs
[2023-11-29T21:00:15.535+0000] {logging_mixin.py:154} INFO - [2023-11-29T21:00:15.535+0000] {dag.py:3722} INFO - Setting next_dagrun for example_setup_teardown to 2023-11-28T21:00:15.535711+00:00, run_after=2023-11-29T21:00:15.535711+00:00
[2023-11-29T21:00:15.545+0000] {processor.py:179} INFO - Processing /home/airflow/.local/lib/python3.8/site-packages/airflow/example_dags/example_setup_teardown.py took 0.043 seconds
[2023-11-29T21:00:46.553+0000] {processor.py:157} INFO - Started process (PID=1034) to work on /home/airflow/.local/lib/python3.8/site-packages/airflow/example_dags/example_setup_teardown.py
[2023-11-29T21:00:46.553+0000] {processor.py:829} INFO - Processing file /home/airflow/.local/lib/python3.8/site-packages/airflow/example_dags/example_setup_teardown.py for tasks to queue
[2023-11-29T21:00:46.554+0000] {logging_mixin.py:154} INFO - [2023-11-29T21:00:46.554+0000] {dagbag.py:536} INFO - Filling up the DagBag from /home/airflow/.local/lib/python3.8/site-packages/airflow/example_dags/example_setup_teardown.py
[2023-11-29T21:00:46.559+0000] {processor.py:839} INFO - DAG(s) dict_keys(['example_setup_teardown']) retrieved from /home/airflow/.local/lib/python3.8/site-packages/airflow/example_dags/example_setup_teardown.py
[2023-11-29T21:00:46.571+0000] {logging_mixin.py:154} INFO - [2023-11-29T21:00:46.571+0000] {dag.py:2941} INFO - Sync 1 DAGs
[2023-11-29T21:00:46.583+0000] {logging_mixin.py:154} INFO - [2023-11-29T21:00:46.583+0000] {dag.py:3722} INFO - Setting next_dagrun for example_setup_teardown to 2023-11-28T21:00:46.583502+00:00, run_after=2023-11-29T21:00:46.583502+00:00
[2023-11-29T21:00:46.592+0000] {processor.py:179} INFO - Processing /home/airflow/.local/lib/python3.8/site-packages/airflow/example_dags/example_setup_teardown.py took 0.042 seconds
[2023-11-29T21:01:17.481+0000] {processor.py:157} INFO - Started process (PID=1088) to work on /home/airflow/.local/lib/python3.8/site-packages/airflow/example_dags/example_setup_teardown.py
[2023-11-29T21:01:17.482+0000] {processor.py:829} INFO - Processing file /home/airflow/.local/lib/python3.8/site-packages/airflow/example_dags/example_setup_teardown.py for tasks to queue
[2023-11-29T21:01:17.483+0000] {logging_mixin.py:154} INFO - [2023-11-29T21:01:17.483+0000] {dagbag.py:536} INFO - Filling up the DagBag from /home/airflow/.local/lib/python3.8/site-packages/airflow/example_dags/example_setup_teardown.py
[2023-11-29T21:01:17.487+0000] {processor.py:839} INFO - DAG(s) dict_keys(['example_setup_teardown']) retrieved from /home/airflow/.local/lib/python3.8/site-packages/airflow/example_dags/example_setup_teardown.py
[2023-11-29T21:01:17.499+0000] {logging_mixin.py:154} INFO - [2023-11-29T21:01:17.499+0000] {dag.py:2941} INFO - Sync 1 DAGs
[2023-11-29T21:01:17.510+0000] {logging_mixin.py:154} INFO - [2023-11-29T21:01:17.510+0000] {dag.py:3722} INFO - Setting next_dagrun for example_setup_teardown to 2023-11-28T21:01:17.510697+00:00, run_after=2023-11-29T21:01:17.510697+00:00
[2023-11-29T21:01:17.520+0000] {processor.py:179} INFO - Processing /home/airflow/.local/lib/python3.8/site-packages/airflow/example_dags/example_setup_teardown.py took 0.042 seconds
[2023-11-29T21:01:48.293+0000] {processor.py:157} INFO - Started process (PID=1142) to work on /home/airflow/.local/lib/python3.8/site-packages/airflow/example_dags/example_setup_teardown.py
[2023-11-29T21:01:48.294+0000] {processor.py:829} INFO - Processing file /home/airflow/.local/lib/python3.8/site-packages/airflow/example_dags/example_setup_teardown.py for tasks to queue
[2023-11-29T21:01:48.296+0000] {logging_mixin.py:154} INFO - [2023-11-29T21:01:48.296+0000] {dagbag.py:536} INFO - Filling up the DagBag from /home/airflow/.local/lib/python3.8/site-packages/airflow/example_dags/example_setup_teardown.py
[2023-11-29T21:01:48.300+0000] {processor.py:839} INFO - DAG(s) dict_keys(['example_setup_teardown']) retrieved from /home/airflow/.local/lib/python3.8/site-packages/airflow/example_dags/example_setup_teardown.py
[2023-11-29T21:01:48.313+0000] {logging_mixin.py:154} INFO - [2023-11-29T21:01:48.313+0000] {dag.py:2941} INFO - Sync 1 DAGs
[2023-11-29T21:01:48.325+0000] {logging_mixin.py:154} INFO - [2023-11-29T21:01:48.325+0000] {dag.py:3722} INFO - Setting next_dagrun for example_setup_teardown to 2023-11-28T21:01:48.325118+00:00, run_after=2023-11-29T21:01:48.325118+00:00
[2023-11-29T21:01:48.335+0000] {processor.py:179} INFO - Processing /home/airflow/.local/lib/python3.8/site-packages/airflow/example_dags/example_setup_teardown.py took 0.045 seconds
[2023-11-29T21:41:09.302+0000] {processor.py:157} INFO - Started process (PID=68) to work on /home/airflow/.local/lib/python3.8/site-packages/airflow/example_dags/example_setup_teardown.py
[2023-11-29T21:41:09.303+0000] {processor.py:829} INFO - Processing file /home/airflow/.local/lib/python3.8/site-packages/airflow/example_dags/example_setup_teardown.py for tasks to queue
[2023-11-29T21:41:09.304+0000] {logging_mixin.py:154} INFO - [2023-11-29T21:41:09.304+0000] {dagbag.py:536} INFO - Filling up the DagBag from /home/airflow/.local/lib/python3.8/site-packages/airflow/example_dags/example_setup_teardown.py
[2023-11-29T21:41:09.309+0000] {processor.py:839} INFO - DAG(s) dict_keys(['example_setup_teardown']) retrieved from /home/airflow/.local/lib/python3.8/site-packages/airflow/example_dags/example_setup_teardown.py
[2023-11-29T21:41:09.369+0000] {logging_mixin.py:154} INFO - [2023-11-29T21:41:09.368+0000] {manager.py:499} INFO - Created Permission View: %s
[2023-11-29T21:41:09.373+0000] {logging_mixin.py:154} INFO - [2023-11-29T21:41:09.373+0000] {manager.py:499} INFO - Created Permission View: %s
[2023-11-29T21:41:09.377+0000] {logging_mixin.py:154} INFO - [2023-11-29T21:41:09.377+0000] {manager.py:499} INFO - Created Permission View: %s
[2023-11-29T21:41:09.377+0000] {logging_mixin.py:154} INFO - [2023-11-29T21:41:09.377+0000] {dag.py:2941} INFO - Sync 1 DAGs
[2023-11-29T21:41:09.384+0000] {logging_mixin.py:154} INFO - [2023-11-29T21:41:09.384+0000] {dag.py:2963} INFO - Creating ORM DAG for example_setup_teardown
[2023-11-29T21:41:09.389+0000] {logging_mixin.py:154} INFO - [2023-11-29T21:41:09.389+0000] {dag.py:3722} INFO - Setting next_dagrun for example_setup_teardown to 2023-11-28T21:41:09.389492+00:00, run_after=2023-11-29T21:41:09.389492+00:00
[2023-11-29T21:41:09.399+0000] {processor.py:179} INFO - Processing /home/airflow/.local/lib/python3.8/site-packages/airflow/example_dags/example_setup_teardown.py took 0.099 seconds
[2023-11-29T21:41:39.628+0000] {processor.py:157} INFO - Started process (PID=122) to work on /home/airflow/.local/lib/python3.8/site-packages/airflow/example_dags/example_setup_teardown.py
[2023-11-29T21:41:39.629+0000] {processor.py:829} INFO - Processing file /home/airflow/.local/lib/python3.8/site-packages/airflow/example_dags/example_setup_teardown.py for tasks to queue
[2023-11-29T21:41:39.630+0000] {logging_mixin.py:154} INFO - [2023-11-29T21:41:39.630+0000] {dagbag.py:536} INFO - Filling up the DagBag from /home/airflow/.local/lib/python3.8/site-packages/airflow/example_dags/example_setup_teardown.py
[2023-11-29T21:41:39.634+0000] {processor.py:839} INFO - DAG(s) dict_keys(['example_setup_teardown']) retrieved from /home/airflow/.local/lib/python3.8/site-packages/airflow/example_dags/example_setup_teardown.py
[2023-11-29T21:41:39.647+0000] {logging_mixin.py:154} INFO - [2023-11-29T21:41:39.647+0000] {dag.py:2941} INFO - Sync 1 DAGs
[2023-11-29T21:41:39.660+0000] {logging_mixin.py:154} INFO - [2023-11-29T21:41:39.659+0000] {dag.py:3722} INFO - Setting next_dagrun for example_setup_teardown to 2023-11-28T21:41:39.659808+00:00, run_after=2023-11-29T21:41:39.659808+00:00
[2023-11-29T21:41:39.670+0000] {processor.py:179} INFO - Processing /home/airflow/.local/lib/python3.8/site-packages/airflow/example_dags/example_setup_teardown.py took 0.044 seconds
[2023-11-29T21:42:10.291+0000] {processor.py:157} INFO - Started process (PID=176) to work on /home/airflow/.local/lib/python3.8/site-packages/airflow/example_dags/example_setup_teardown.py
[2023-11-29T21:42:10.292+0000] {processor.py:829} INFO - Processing file /home/airflow/.local/lib/python3.8/site-packages/airflow/example_dags/example_setup_teardown.py for tasks to queue
[2023-11-29T21:42:10.294+0000] {logging_mixin.py:154} INFO - [2023-11-29T21:42:10.294+0000] {dagbag.py:536} INFO - Filling up the DagBag from /home/airflow/.local/lib/python3.8/site-packages/airflow/example_dags/example_setup_teardown.py
[2023-11-29T21:42:10.298+0000] {processor.py:839} INFO - DAG(s) dict_keys(['example_setup_teardown']) retrieved from /home/airflow/.local/lib/python3.8/site-packages/airflow/example_dags/example_setup_teardown.py
[2023-11-29T21:42:10.311+0000] {logging_mixin.py:154} INFO - [2023-11-29T21:42:10.311+0000] {dag.py:2941} INFO - Sync 1 DAGs
[2023-11-29T21:42:10.324+0000] {logging_mixin.py:154} INFO - [2023-11-29T21:42:10.324+0000] {dag.py:3722} INFO - Setting next_dagrun for example_setup_teardown to 2023-11-28T21:42:10.324281+00:00, run_after=2023-11-29T21:42:10.324281+00:00
[2023-11-29T21:42:10.335+0000] {processor.py:179} INFO - Processing /home/airflow/.local/lib/python3.8/site-packages/airflow/example_dags/example_setup_teardown.py took 0.046 seconds
[2023-11-29T21:42:41.016+0000] {processor.py:157} INFO - Started process (PID=230) to work on /home/airflow/.local/lib/python3.8/site-packages/airflow/example_dags/example_setup_teardown.py
[2023-11-29T21:42:41.016+0000] {processor.py:829} INFO - Processing file /home/airflow/.local/lib/python3.8/site-packages/airflow/example_dags/example_setup_teardown.py for tasks to queue
[2023-11-29T21:42:41.018+0000] {logging_mixin.py:154} INFO - [2023-11-29T21:42:41.018+0000] {dagbag.py:536} INFO - Filling up the DagBag from /home/airflow/.local/lib/python3.8/site-packages/airflow/example_dags/example_setup_teardown.py
[2023-11-29T21:42:41.022+0000] {processor.py:839} INFO - DAG(s) dict_keys(['example_setup_teardown']) retrieved from /home/airflow/.local/lib/python3.8/site-packages/airflow/example_dags/example_setup_teardown.py
[2023-11-29T21:42:41.035+0000] {logging_mixin.py:154} INFO - [2023-11-29T21:42:41.035+0000] {dag.py:2941} INFO - Sync 1 DAGs
[2023-11-29T21:42:41.047+0000] {logging_mixin.py:154} INFO - [2023-11-29T21:42:41.047+0000] {dag.py:3722} INFO - Setting next_dagrun for example_setup_teardown to 2023-11-28T21:42:41.047446+00:00, run_after=2023-11-29T21:42:41.047446+00:00
[2023-11-29T21:42:41.057+0000] {processor.py:179} INFO - Processing /home/airflow/.local/lib/python3.8/site-packages/airflow/example_dags/example_setup_teardown.py took 0.043 seconds
[2023-11-29T21:43:11.208+0000] {processor.py:157} INFO - Started process (PID=284) to work on /home/airflow/.local/lib/python3.8/site-packages/airflow/example_dags/example_setup_teardown.py
[2023-11-29T21:43:11.209+0000] {processor.py:829} INFO - Processing file /home/airflow/.local/lib/python3.8/site-packages/airflow/example_dags/example_setup_teardown.py for tasks to queue
[2023-11-29T21:43:11.211+0000] {logging_mixin.py:154} INFO - [2023-11-29T21:43:11.211+0000] {dagbag.py:536} INFO - Filling up the DagBag from /home/airflow/.local/lib/python3.8/site-packages/airflow/example_dags/example_setup_teardown.py
[2023-11-29T21:43:11.215+0000] {processor.py:839} INFO - DAG(s) dict_keys(['example_setup_teardown']) retrieved from /home/airflow/.local/lib/python3.8/site-packages/airflow/example_dags/example_setup_teardown.py
[2023-11-29T21:43:11.228+0000] {logging_mixin.py:154} INFO - [2023-11-29T21:43:11.228+0000] {dag.py:2941} INFO - Sync 1 DAGs
[2023-11-29T21:43:11.241+0000] {logging_mixin.py:154} INFO - [2023-11-29T21:43:11.241+0000] {dag.py:3722} INFO - Setting next_dagrun for example_setup_teardown to 2023-11-28T21:43:11.241381+00:00, run_after=2023-11-29T21:43:11.241381+00:00
[2023-11-29T21:43:11.251+0000] {processor.py:179} INFO - Processing /home/airflow/.local/lib/python3.8/site-packages/airflow/example_dags/example_setup_teardown.py took 0.045 seconds
[2023-11-29T21:43:41.341+0000] {processor.py:157} INFO - Started process (PID=338) to work on /home/airflow/.local/lib/python3.8/site-packages/airflow/example_dags/example_setup_teardown.py
[2023-11-29T21:43:41.342+0000] {processor.py:829} INFO - Processing file /home/airflow/.local/lib/python3.8/site-packages/airflow/example_dags/example_setup_teardown.py for tasks to queue
[2023-11-29T21:43:41.343+0000] {logging_mixin.py:154} INFO - [2023-11-29T21:43:41.343+0000] {dagbag.py:536} INFO - Filling up the DagBag from /home/airflow/.local/lib/python3.8/site-packages/airflow/example_dags/example_setup_teardown.py
[2023-11-29T21:43:41.347+0000] {processor.py:839} INFO - DAG(s) dict_keys(['example_setup_teardown']) retrieved from /home/airflow/.local/lib/python3.8/site-packages/airflow/example_dags/example_setup_teardown.py
[2023-11-29T21:43:41.360+0000] {logging_mixin.py:154} INFO - [2023-11-29T21:43:41.360+0000] {dag.py:2941} INFO - Sync 1 DAGs
[2023-11-29T21:43:41.373+0000] {logging_mixin.py:154} INFO - [2023-11-29T21:43:41.373+0000] {dag.py:3722} INFO - Setting next_dagrun for example_setup_teardown to 2023-11-28T21:43:41.373696+00:00, run_after=2023-11-29T21:43:41.373696+00:00
[2023-11-29T21:43:41.383+0000] {processor.py:179} INFO - Processing /home/airflow/.local/lib/python3.8/site-packages/airflow/example_dags/example_setup_teardown.py took 0.045 seconds
[2023-11-29T21:44:11.567+0000] {processor.py:157} INFO - Started process (PID=392) to work on /home/airflow/.local/lib/python3.8/site-packages/airflow/example_dags/example_setup_teardown.py
[2023-11-29T21:44:11.567+0000] {processor.py:829} INFO - Processing file /home/airflow/.local/lib/python3.8/site-packages/airflow/example_dags/example_setup_teardown.py for tasks to queue
[2023-11-29T21:44:11.569+0000] {logging_mixin.py:154} INFO - [2023-11-29T21:44:11.569+0000] {dagbag.py:536} INFO - Filling up the DagBag from /home/airflow/.local/lib/python3.8/site-packages/airflow/example_dags/example_setup_teardown.py
[2023-11-29T21:44:11.574+0000] {processor.py:839} INFO - DAG(s) dict_keys(['example_setup_teardown']) retrieved from /home/airflow/.local/lib/python3.8/site-packages/airflow/example_dags/example_setup_teardown.py
[2023-11-29T21:44:11.589+0000] {logging_mixin.py:154} INFO - [2023-11-29T21:44:11.589+0000] {dag.py:2941} INFO - Sync 1 DAGs
[2023-11-29T21:44:11.601+0000] {logging_mixin.py:154} INFO - [2023-11-29T21:44:11.601+0000] {dag.py:3722} INFO - Setting next_dagrun for example_setup_teardown to 2023-11-28T21:44:11.601401+00:00, run_after=2023-11-29T21:44:11.601401+00:00
[2023-11-29T21:44:11.612+0000] {processor.py:179} INFO - Processing /home/airflow/.local/lib/python3.8/site-packages/airflow/example_dags/example_setup_teardown.py took 0.048 seconds
[2023-11-29T21:44:41.836+0000] {processor.py:157} INFO - Started process (PID=446) to work on /home/airflow/.local/lib/python3.8/site-packages/airflow/example_dags/example_setup_teardown.py
[2023-11-29T21:44:41.837+0000] {processor.py:829} INFO - Processing file /home/airflow/.local/lib/python3.8/site-packages/airflow/example_dags/example_setup_teardown.py for tasks to queue
[2023-11-29T21:44:41.839+0000] {logging_mixin.py:154} INFO - [2023-11-29T21:44:41.839+0000] {dagbag.py:536} INFO - Filling up the DagBag from /home/airflow/.local/lib/python3.8/site-packages/airflow/example_dags/example_setup_teardown.py
[2023-11-29T21:44:41.844+0000] {processor.py:839} INFO - DAG(s) dict_keys(['example_setup_teardown']) retrieved from /home/airflow/.local/lib/python3.8/site-packages/airflow/example_dags/example_setup_teardown.py
[2023-11-29T21:44:41.857+0000] {logging_mixin.py:154} INFO - [2023-11-29T21:44:41.857+0000] {dag.py:2941} INFO - Sync 1 DAGs
[2023-11-29T21:44:41.870+0000] {logging_mixin.py:154} INFO - [2023-11-29T21:44:41.870+0000] {dag.py:3722} INFO - Setting next_dagrun for example_setup_teardown to 2023-11-28T21:44:41.870377+00:00, run_after=2023-11-29T21:44:41.870377+00:00
[2023-11-29T21:44:41.881+0000] {processor.py:179} INFO - Processing /home/airflow/.local/lib/python3.8/site-packages/airflow/example_dags/example_setup_teardown.py took 0.047 seconds
[2023-11-29T21:45:12.000+0000] {processor.py:157} INFO - Started process (PID=500) to work on /home/airflow/.local/lib/python3.8/site-packages/airflow/example_dags/example_setup_teardown.py
[2023-11-29T21:45:12.001+0000] {processor.py:829} INFO - Processing file /home/airflow/.local/lib/python3.8/site-packages/airflow/example_dags/example_setup_teardown.py for tasks to queue
[2023-11-29T21:45:12.003+0000] {logging_mixin.py:154} INFO - [2023-11-29T21:45:12.003+0000] {dagbag.py:536} INFO - Filling up the DagBag from /home/airflow/.local/lib/python3.8/site-packages/airflow/example_dags/example_setup_teardown.py
[2023-11-29T21:45:12.007+0000] {processor.py:839} INFO - DAG(s) dict_keys(['example_setup_teardown']) retrieved from /home/airflow/.local/lib/python3.8/site-packages/airflow/example_dags/example_setup_teardown.py
[2023-11-29T21:45:12.020+0000] {logging_mixin.py:154} INFO - [2023-11-29T21:45:12.020+0000] {dag.py:2941} INFO - Sync 1 DAGs
[2023-11-29T21:45:12.032+0000] {logging_mixin.py:154} INFO - [2023-11-29T21:45:12.032+0000] {dag.py:3722} INFO - Setting next_dagrun for example_setup_teardown to 2023-11-28T21:45:12.032638+00:00, run_after=2023-11-29T21:45:12.032638+00:00
[2023-11-29T21:45:12.042+0000] {processor.py:179} INFO - Processing /home/airflow/.local/lib/python3.8/site-packages/airflow/example_dags/example_setup_teardown.py took 0.044 seconds
[2023-11-29T21:45:42.129+0000] {processor.py:157} INFO - Started process (PID=554) to work on /home/airflow/.local/lib/python3.8/site-packages/airflow/example_dags/example_setup_teardown.py
[2023-11-29T21:45:42.130+0000] {processor.py:829} INFO - Processing file /home/airflow/.local/lib/python3.8/site-packages/airflow/example_dags/example_setup_teardown.py for tasks to queue
[2023-11-29T21:45:42.132+0000] {logging_mixin.py:154} INFO - [2023-11-29T21:45:42.132+0000] {dagbag.py:536} INFO - Filling up the DagBag from /home/airflow/.local/lib/python3.8/site-packages/airflow/example_dags/example_setup_teardown.py
[2023-11-29T21:45:42.136+0000] {processor.py:839} INFO - DAG(s) dict_keys(['example_setup_teardown']) retrieved from /home/airflow/.local/lib/python3.8/site-packages/airflow/example_dags/example_setup_teardown.py
[2023-11-29T21:45:42.149+0000] {logging_mixin.py:154} INFO - [2023-11-29T21:45:42.149+0000] {dag.py:2941} INFO - Sync 1 DAGs
[2023-11-29T21:45:42.162+0000] {logging_mixin.py:154} INFO - [2023-11-29T21:45:42.162+0000] {dag.py:3722} INFO - Setting next_dagrun for example_setup_teardown to 2023-11-28T21:45:42.162624+00:00, run_after=2023-11-29T21:45:42.162624+00:00
[2023-11-29T21:45:42.173+0000] {processor.py:179} INFO - Processing /home/airflow/.local/lib/python3.8/site-packages/airflow/example_dags/example_setup_teardown.py took 0.047 seconds
[2023-11-29T21:46:13.334+0000] {processor.py:157} INFO - Started process (PID=608) to work on /home/airflow/.local/lib/python3.8/site-packages/airflow/example_dags/example_setup_teardown.py
[2023-11-29T21:46:13.334+0000] {processor.py:829} INFO - Processing file /home/airflow/.local/lib/python3.8/site-packages/airflow/example_dags/example_setup_teardown.py for tasks to queue
[2023-11-29T21:46:13.336+0000] {logging_mixin.py:154} INFO - [2023-11-29T21:46:13.336+0000] {dagbag.py:536} INFO - Filling up the DagBag from /home/airflow/.local/lib/python3.8/site-packages/airflow/example_dags/example_setup_teardown.py
[2023-11-29T21:46:13.341+0000] {processor.py:839} INFO - DAG(s) dict_keys(['example_setup_teardown']) retrieved from /home/airflow/.local/lib/python3.8/site-packages/airflow/example_dags/example_setup_teardown.py
[2023-11-29T21:46:13.354+0000] {logging_mixin.py:154} INFO - [2023-11-29T21:46:13.354+0000] {dag.py:2941} INFO - Sync 1 DAGs
[2023-11-29T21:46:13.368+0000] {logging_mixin.py:154} INFO - [2023-11-29T21:46:13.368+0000] {dag.py:3722} INFO - Setting next_dagrun for example_setup_teardown to 2023-11-28T21:46:13.368045+00:00, run_after=2023-11-29T21:46:13.368045+00:00
[2023-11-29T21:46:13.378+0000] {processor.py:179} INFO - Processing /home/airflow/.local/lib/python3.8/site-packages/airflow/example_dags/example_setup_teardown.py took 0.047 seconds
[2023-11-29T21:46:44.408+0000] {processor.py:157} INFO - Started process (PID=662) to work on /home/airflow/.local/lib/python3.8/site-packages/airflow/example_dags/example_setup_teardown.py
[2023-11-29T21:46:44.409+0000] {processor.py:829} INFO - Processing file /home/airflow/.local/lib/python3.8/site-packages/airflow/example_dags/example_setup_teardown.py for tasks to queue
[2023-11-29T21:46:44.411+0000] {logging_mixin.py:154} INFO - [2023-11-29T21:46:44.410+0000] {dagbag.py:536} INFO - Filling up the DagBag from /home/airflow/.local/lib/python3.8/site-packages/airflow/example_dags/example_setup_teardown.py
[2023-11-29T21:46:44.415+0000] {processor.py:839} INFO - DAG(s) dict_keys(['example_setup_teardown']) retrieved from /home/airflow/.local/lib/python3.8/site-packages/airflow/example_dags/example_setup_teardown.py
[2023-11-29T21:46:44.429+0000] {logging_mixin.py:154} INFO - [2023-11-29T21:46:44.428+0000] {dag.py:2941} INFO - Sync 1 DAGs
[2023-11-29T21:46:44.441+0000] {logging_mixin.py:154} INFO - [2023-11-29T21:46:44.441+0000] {dag.py:3722} INFO - Setting next_dagrun for example_setup_teardown to 2023-11-28T21:46:44.441156+00:00, run_after=2023-11-29T21:46:44.441156+00:00
[2023-11-29T21:46:44.450+0000] {processor.py:179} INFO - Processing /home/airflow/.local/lib/python3.8/site-packages/airflow/example_dags/example_setup_teardown.py took 0.044 seconds
[2023-11-29T21:47:14.539+0000] {processor.py:157} INFO - Started process (PID=716) to work on /home/airflow/.local/lib/python3.8/site-packages/airflow/example_dags/example_setup_teardown.py
[2023-11-29T21:47:14.540+0000] {processor.py:829} INFO - Processing file /home/airflow/.local/lib/python3.8/site-packages/airflow/example_dags/example_setup_teardown.py for tasks to queue
[2023-11-29T21:47:14.542+0000] {logging_mixin.py:154} INFO - [2023-11-29T21:47:14.542+0000] {dagbag.py:536} INFO - Filling up the DagBag from /home/airflow/.local/lib/python3.8/site-packages/airflow/example_dags/example_setup_teardown.py
[2023-11-29T21:47:14.547+0000] {processor.py:839} INFO - DAG(s) dict_keys(['example_setup_teardown']) retrieved from /home/airflow/.local/lib/python3.8/site-packages/airflow/example_dags/example_setup_teardown.py
[2023-11-29T21:47:14.563+0000] {logging_mixin.py:154} INFO - [2023-11-29T21:47:14.562+0000] {dag.py:2941} INFO - Sync 1 DAGs
[2023-11-29T21:47:14.576+0000] {logging_mixin.py:154} INFO - [2023-11-29T21:47:14.576+0000] {dag.py:3722} INFO - Setting next_dagrun for example_setup_teardown to 2023-11-28T21:47:14.576537+00:00, run_after=2023-11-29T21:47:14.576537+00:00
[2023-11-29T21:47:14.587+0000] {processor.py:179} INFO - Processing /home/airflow/.local/lib/python3.8/site-packages/airflow/example_dags/example_setup_teardown.py took 0.051 seconds
[2023-11-29T21:47:44.630+0000] {processor.py:157} INFO - Started process (PID=770) to work on /home/airflow/.local/lib/python3.8/site-packages/airflow/example_dags/example_setup_teardown.py
[2023-11-29T21:47:44.631+0000] {processor.py:829} INFO - Processing file /home/airflow/.local/lib/python3.8/site-packages/airflow/example_dags/example_setup_teardown.py for tasks to queue
[2023-11-29T21:47:44.633+0000] {logging_mixin.py:154} INFO - [2023-11-29T21:47:44.633+0000] {dagbag.py:536} INFO - Filling up the DagBag from /home/airflow/.local/lib/python3.8/site-packages/airflow/example_dags/example_setup_teardown.py
[2023-11-29T21:47:44.638+0000] {processor.py:839} INFO - DAG(s) dict_keys(['example_setup_teardown']) retrieved from /home/airflow/.local/lib/python3.8/site-packages/airflow/example_dags/example_setup_teardown.py
[2023-11-29T21:47:44.651+0000] {logging_mixin.py:154} INFO - [2023-11-29T21:47:44.651+0000] {dag.py:2941} INFO - Sync 1 DAGs
[2023-11-29T21:47:44.664+0000] {logging_mixin.py:154} INFO - [2023-11-29T21:47:44.664+0000] {dag.py:3722} INFO - Setting next_dagrun for example_setup_teardown to 2023-11-28T21:47:44.663984+00:00, run_after=2023-11-29T21:47:44.663984+00:00
[2023-11-29T21:47:44.673+0000] {processor.py:179} INFO - Processing /home/airflow/.local/lib/python3.8/site-packages/airflow/example_dags/example_setup_teardown.py took 0.045 seconds
