[2023-11-29T20:51:40.337+0000] {processor.py:157} INFO - Started process (PID=73) to work on /home/airflow/.local/lib/python3.8/site-packages/airflow/example_dags/example_branch_day_of_week_operator.py
[2023-11-29T20:51:40.338+0000] {processor.py:829} INFO - Processing file /home/airflow/.local/lib/python3.8/site-packages/airflow/example_dags/example_branch_day_of_week_operator.py for tasks to queue
[2023-11-29T20:51:40.339+0000] {logging_mixin.py:154} INFO - [2023-11-29T20:51:40.339+0000] {dagbag.py:536} INFO - Filling up the DagBag from /home/airflow/.local/lib/python3.8/site-packages/airflow/example_dags/example_branch_day_of_week_operator.py
[2023-11-29T20:51:40.344+0000] {processor.py:839} INFO - DAG(s) dict_keys(['example_weekday_branch_operator']) retrieved from /home/airflow/.local/lib/python3.8/site-packages/airflow/example_dags/example_branch_day_of_week_operator.py
[2023-11-29T20:51:40.401+0000] {logging_mixin.py:154} INFO - [2023-11-29T20:51:40.401+0000] {dag.py:2941} INFO - Sync 1 DAGs
[2023-11-29T20:51:40.414+0000] {logging_mixin.py:154} INFO - [2023-11-29T20:51:40.414+0000] {dag.py:3722} INFO - Setting next_dagrun for example_weekday_branch_operator to 2023-11-28T00:00:00+00:00, run_after=2023-11-29T00:00:00+00:00
[2023-11-29T20:51:40.425+0000] {processor.py:179} INFO - Processing /home/airflow/.local/lib/python3.8/site-packages/airflow/example_dags/example_branch_day_of_week_operator.py took 0.089 seconds
[2023-11-29T20:52:11.278+0000] {processor.py:157} INFO - Started process (PID=127) to work on /home/airflow/.local/lib/python3.8/site-packages/airflow/example_dags/example_branch_day_of_week_operator.py
[2023-11-29T20:52:11.279+0000] {processor.py:829} INFO - Processing file /home/airflow/.local/lib/python3.8/site-packages/airflow/example_dags/example_branch_day_of_week_operator.py for tasks to queue
[2023-11-29T20:52:11.280+0000] {logging_mixin.py:154} INFO - [2023-11-29T20:52:11.280+0000] {dagbag.py:536} INFO - Filling up the DagBag from /home/airflow/.local/lib/python3.8/site-packages/airflow/example_dags/example_branch_day_of_week_operator.py
[2023-11-29T20:52:11.285+0000] {processor.py:839} INFO - DAG(s) dict_keys(['example_weekday_branch_operator']) retrieved from /home/airflow/.local/lib/python3.8/site-packages/airflow/example_dags/example_branch_day_of_week_operator.py
[2023-11-29T20:52:11.293+0000] {logging_mixin.py:154} INFO - [2023-11-29T20:52:11.293+0000] {dag.py:2941} INFO - Sync 1 DAGs
[2023-11-29T20:52:11.306+0000] {logging_mixin.py:154} INFO - [2023-11-29T20:52:11.306+0000] {dag.py:3722} INFO - Setting next_dagrun for example_weekday_branch_operator to 2023-11-28T00:00:00+00:00, run_after=2023-11-29T00:00:00+00:00
[2023-11-29T20:52:11.315+0000] {processor.py:179} INFO - Processing /home/airflow/.local/lib/python3.8/site-packages/airflow/example_dags/example_branch_day_of_week_operator.py took 0.040 seconds
[2023-11-29T20:52:42.213+0000] {processor.py:157} INFO - Started process (PID=181) to work on /home/airflow/.local/lib/python3.8/site-packages/airflow/example_dags/example_branch_day_of_week_operator.py
[2023-11-29T20:52:42.214+0000] {processor.py:829} INFO - Processing file /home/airflow/.local/lib/python3.8/site-packages/airflow/example_dags/example_branch_day_of_week_operator.py for tasks to queue
[2023-11-29T20:52:42.215+0000] {logging_mixin.py:154} INFO - [2023-11-29T20:52:42.215+0000] {dagbag.py:536} INFO - Filling up the DagBag from /home/airflow/.local/lib/python3.8/site-packages/airflow/example_dags/example_branch_day_of_week_operator.py
[2023-11-29T20:52:42.220+0000] {processor.py:839} INFO - DAG(s) dict_keys(['example_weekday_branch_operator']) retrieved from /home/airflow/.local/lib/python3.8/site-packages/airflow/example_dags/example_branch_day_of_week_operator.py
[2023-11-29T20:52:42.233+0000] {logging_mixin.py:154} INFO - [2023-11-29T20:52:42.233+0000] {dag.py:2941} INFO - Sync 1 DAGs
[2023-11-29T20:52:42.245+0000] {logging_mixin.py:154} INFO - [2023-11-29T20:52:42.245+0000] {dag.py:3722} INFO - Setting next_dagrun for example_weekday_branch_operator to 2023-11-28T00:00:00+00:00, run_after=2023-11-29T00:00:00+00:00
[2023-11-29T20:52:42.255+0000] {processor.py:179} INFO - Processing /home/airflow/.local/lib/python3.8/site-packages/airflow/example_dags/example_branch_day_of_week_operator.py took 0.043 seconds
[2023-11-29T20:53:12.327+0000] {processor.py:157} INFO - Started process (PID=235) to work on /home/airflow/.local/lib/python3.8/site-packages/airflow/example_dags/example_branch_day_of_week_operator.py
[2023-11-29T20:53:12.328+0000] {processor.py:829} INFO - Processing file /home/airflow/.local/lib/python3.8/site-packages/airflow/example_dags/example_branch_day_of_week_operator.py for tasks to queue
[2023-11-29T20:53:12.329+0000] {logging_mixin.py:154} INFO - [2023-11-29T20:53:12.329+0000] {dagbag.py:536} INFO - Filling up the DagBag from /home/airflow/.local/lib/python3.8/site-packages/airflow/example_dags/example_branch_day_of_week_operator.py
[2023-11-29T20:53:12.334+0000] {processor.py:839} INFO - DAG(s) dict_keys(['example_weekday_branch_operator']) retrieved from /home/airflow/.local/lib/python3.8/site-packages/airflow/example_dags/example_branch_day_of_week_operator.py
[2023-11-29T20:53:12.346+0000] {logging_mixin.py:154} INFO - [2023-11-29T20:53:12.346+0000] {dag.py:2941} INFO - Sync 1 DAGs
[2023-11-29T20:53:12.359+0000] {logging_mixin.py:154} INFO - [2023-11-29T20:53:12.359+0000] {dag.py:3722} INFO - Setting next_dagrun for example_weekday_branch_operator to 2023-11-28T00:00:00+00:00, run_after=2023-11-29T00:00:00+00:00
[2023-11-29T20:53:12.370+0000] {processor.py:179} INFO - Processing /home/airflow/.local/lib/python3.8/site-packages/airflow/example_dags/example_branch_day_of_week_operator.py took 0.045 seconds
[2023-11-29T20:53:42.525+0000] {processor.py:157} INFO - Started process (PID=289) to work on /home/airflow/.local/lib/python3.8/site-packages/airflow/example_dags/example_branch_day_of_week_operator.py
[2023-11-29T20:53:42.525+0000] {processor.py:829} INFO - Processing file /home/airflow/.local/lib/python3.8/site-packages/airflow/example_dags/example_branch_day_of_week_operator.py for tasks to queue
[2023-11-29T20:53:42.527+0000] {logging_mixin.py:154} INFO - [2023-11-29T20:53:42.527+0000] {dagbag.py:536} INFO - Filling up the DagBag from /home/airflow/.local/lib/python3.8/site-packages/airflow/example_dags/example_branch_day_of_week_operator.py
[2023-11-29T20:53:42.532+0000] {processor.py:839} INFO - DAG(s) dict_keys(['example_weekday_branch_operator']) retrieved from /home/airflow/.local/lib/python3.8/site-packages/airflow/example_dags/example_branch_day_of_week_operator.py
[2023-11-29T20:53:42.544+0000] {logging_mixin.py:154} INFO - [2023-11-29T20:53:42.544+0000] {dag.py:2941} INFO - Sync 1 DAGs
[2023-11-29T20:53:42.557+0000] {logging_mixin.py:154} INFO - [2023-11-29T20:53:42.557+0000] {dag.py:3722} INFO - Setting next_dagrun for example_weekday_branch_operator to 2023-11-28T00:00:00+00:00, run_after=2023-11-29T00:00:00+00:00
[2023-11-29T20:53:42.567+0000] {processor.py:179} INFO - Processing /home/airflow/.local/lib/python3.8/site-packages/airflow/example_dags/example_branch_day_of_week_operator.py took 0.044 seconds
[2023-11-29T20:54:12.632+0000] {processor.py:157} INFO - Started process (PID=343) to work on /home/airflow/.local/lib/python3.8/site-packages/airflow/example_dags/example_branch_day_of_week_operator.py
[2023-11-29T20:54:12.632+0000] {processor.py:829} INFO - Processing file /home/airflow/.local/lib/python3.8/site-packages/airflow/example_dags/example_branch_day_of_week_operator.py for tasks to queue
[2023-11-29T20:54:12.634+0000] {logging_mixin.py:154} INFO - [2023-11-29T20:54:12.634+0000] {dagbag.py:536} INFO - Filling up the DagBag from /home/airflow/.local/lib/python3.8/site-packages/airflow/example_dags/example_branch_day_of_week_operator.py
[2023-11-29T20:54:12.639+0000] {processor.py:839} INFO - DAG(s) dict_keys(['example_weekday_branch_operator']) retrieved from /home/airflow/.local/lib/python3.8/site-packages/airflow/example_dags/example_branch_day_of_week_operator.py
[2023-11-29T20:54:12.652+0000] {logging_mixin.py:154} INFO - [2023-11-29T20:54:12.651+0000] {dag.py:2941} INFO - Sync 1 DAGs
[2023-11-29T20:54:12.665+0000] {logging_mixin.py:154} INFO - [2023-11-29T20:54:12.665+0000] {dag.py:3722} INFO - Setting next_dagrun for example_weekday_branch_operator to 2023-11-28T00:00:00+00:00, run_after=2023-11-29T00:00:00+00:00
[2023-11-29T20:54:12.675+0000] {processor.py:179} INFO - Processing /home/airflow/.local/lib/python3.8/site-packages/airflow/example_dags/example_branch_day_of_week_operator.py took 0.046 seconds
[2023-11-29T20:54:42.748+0000] {processor.py:157} INFO - Started process (PID=397) to work on /home/airflow/.local/lib/python3.8/site-packages/airflow/example_dags/example_branch_day_of_week_operator.py
[2023-11-29T20:54:42.748+0000] {processor.py:829} INFO - Processing file /home/airflow/.local/lib/python3.8/site-packages/airflow/example_dags/example_branch_day_of_week_operator.py for tasks to queue
[2023-11-29T20:54:42.750+0000] {logging_mixin.py:154} INFO - [2023-11-29T20:54:42.750+0000] {dagbag.py:536} INFO - Filling up the DagBag from /home/airflow/.local/lib/python3.8/site-packages/airflow/example_dags/example_branch_day_of_week_operator.py
[2023-11-29T20:54:42.755+0000] {processor.py:839} INFO - DAG(s) dict_keys(['example_weekday_branch_operator']) retrieved from /home/airflow/.local/lib/python3.8/site-packages/airflow/example_dags/example_branch_day_of_week_operator.py
[2023-11-29T20:54:42.768+0000] {logging_mixin.py:154} INFO - [2023-11-29T20:54:42.768+0000] {dag.py:2941} INFO - Sync 1 DAGs
[2023-11-29T20:54:42.781+0000] {logging_mixin.py:154} INFO - [2023-11-29T20:54:42.781+0000] {dag.py:3722} INFO - Setting next_dagrun for example_weekday_branch_operator to 2023-11-28T00:00:00+00:00, run_after=2023-11-29T00:00:00+00:00
[2023-11-29T20:54:42.791+0000] {processor.py:179} INFO - Processing /home/airflow/.local/lib/python3.8/site-packages/airflow/example_dags/example_branch_day_of_week_operator.py took 0.046 seconds
[2023-11-29T20:55:12.883+0000] {processor.py:157} INFO - Started process (PID=451) to work on /home/airflow/.local/lib/python3.8/site-packages/airflow/example_dags/example_branch_day_of_week_operator.py
[2023-11-29T20:55:12.884+0000] {processor.py:829} INFO - Processing file /home/airflow/.local/lib/python3.8/site-packages/airflow/example_dags/example_branch_day_of_week_operator.py for tasks to queue
[2023-11-29T20:55:12.886+0000] {logging_mixin.py:154} INFO - [2023-11-29T20:55:12.885+0000] {dagbag.py:536} INFO - Filling up the DagBag from /home/airflow/.local/lib/python3.8/site-packages/airflow/example_dags/example_branch_day_of_week_operator.py
[2023-11-29T20:55:12.891+0000] {processor.py:839} INFO - DAG(s) dict_keys(['example_weekday_branch_operator']) retrieved from /home/airflow/.local/lib/python3.8/site-packages/airflow/example_dags/example_branch_day_of_week_operator.py
[2023-11-29T20:55:12.904+0000] {logging_mixin.py:154} INFO - [2023-11-29T20:55:12.904+0000] {dag.py:2941} INFO - Sync 1 DAGs
[2023-11-29T20:55:12.918+0000] {logging_mixin.py:154} INFO - [2023-11-29T20:55:12.918+0000] {dag.py:3722} INFO - Setting next_dagrun for example_weekday_branch_operator to 2023-11-28T00:00:00+00:00, run_after=2023-11-29T00:00:00+00:00
[2023-11-29T20:55:12.928+0000] {processor.py:179} INFO - Processing /home/airflow/.local/lib/python3.8/site-packages/airflow/example_dags/example_branch_day_of_week_operator.py took 0.048 seconds
[2023-11-29T20:55:43.918+0000] {processor.py:157} INFO - Started process (PID=505) to work on /home/airflow/.local/lib/python3.8/site-packages/airflow/example_dags/example_branch_day_of_week_operator.py
[2023-11-29T20:55:43.919+0000] {processor.py:829} INFO - Processing file /home/airflow/.local/lib/python3.8/site-packages/airflow/example_dags/example_branch_day_of_week_operator.py for tasks to queue
[2023-11-29T20:55:43.920+0000] {logging_mixin.py:154} INFO - [2023-11-29T20:55:43.920+0000] {dagbag.py:536} INFO - Filling up the DagBag from /home/airflow/.local/lib/python3.8/site-packages/airflow/example_dags/example_branch_day_of_week_operator.py
[2023-11-29T20:55:43.925+0000] {processor.py:839} INFO - DAG(s) dict_keys(['example_weekday_branch_operator']) retrieved from /home/airflow/.local/lib/python3.8/site-packages/airflow/example_dags/example_branch_day_of_week_operator.py
[2023-11-29T20:55:43.938+0000] {logging_mixin.py:154} INFO - [2023-11-29T20:55:43.938+0000] {dag.py:2941} INFO - Sync 1 DAGs
[2023-11-29T20:55:43.951+0000] {logging_mixin.py:154} INFO - [2023-11-29T20:55:43.951+0000] {dag.py:3722} INFO - Setting next_dagrun for example_weekday_branch_operator to 2023-11-28T00:00:00+00:00, run_after=2023-11-29T00:00:00+00:00
[2023-11-29T20:55:43.960+0000] {processor.py:179} INFO - Processing /home/airflow/.local/lib/python3.8/site-packages/airflow/example_dags/example_branch_day_of_week_operator.py took 0.044 seconds
[2023-11-29T20:56:14.018+0000] {processor.py:157} INFO - Started process (PID=559) to work on /home/airflow/.local/lib/python3.8/site-packages/airflow/example_dags/example_branch_day_of_week_operator.py
[2023-11-29T20:56:14.018+0000] {processor.py:829} INFO - Processing file /home/airflow/.local/lib/python3.8/site-packages/airflow/example_dags/example_branch_day_of_week_operator.py for tasks to queue
[2023-11-29T20:56:14.020+0000] {logging_mixin.py:154} INFO - [2023-11-29T20:56:14.019+0000] {dagbag.py:536} INFO - Filling up the DagBag from /home/airflow/.local/lib/python3.8/site-packages/airflow/example_dags/example_branch_day_of_week_operator.py
[2023-11-29T20:56:14.025+0000] {processor.py:839} INFO - DAG(s) dict_keys(['example_weekday_branch_operator']) retrieved from /home/airflow/.local/lib/python3.8/site-packages/airflow/example_dags/example_branch_day_of_week_operator.py
[2023-11-29T20:56:14.038+0000] {logging_mixin.py:154} INFO - [2023-11-29T20:56:14.037+0000] {dag.py:2941} INFO - Sync 1 DAGs
[2023-11-29T20:56:14.050+0000] {logging_mixin.py:154} INFO - [2023-11-29T20:56:14.050+0000] {dag.py:3722} INFO - Setting next_dagrun for example_weekday_branch_operator to 2023-11-28T00:00:00+00:00, run_after=2023-11-29T00:00:00+00:00
[2023-11-29T20:56:14.060+0000] {processor.py:179} INFO - Processing /home/airflow/.local/lib/python3.8/site-packages/airflow/example_dags/example_branch_day_of_week_operator.py took 0.044 seconds
[2023-11-29T20:56:44.944+0000] {processor.py:157} INFO - Started process (PID=613) to work on /home/airflow/.local/lib/python3.8/site-packages/airflow/example_dags/example_branch_day_of_week_operator.py
[2023-11-29T20:56:44.945+0000] {processor.py:829} INFO - Processing file /home/airflow/.local/lib/python3.8/site-packages/airflow/example_dags/example_branch_day_of_week_operator.py for tasks to queue
[2023-11-29T20:56:44.946+0000] {logging_mixin.py:154} INFO - [2023-11-29T20:56:44.946+0000] {dagbag.py:536} INFO - Filling up the DagBag from /home/airflow/.local/lib/python3.8/site-packages/airflow/example_dags/example_branch_day_of_week_operator.py
[2023-11-29T20:56:44.951+0000] {processor.py:839} INFO - DAG(s) dict_keys(['example_weekday_branch_operator']) retrieved from /home/airflow/.local/lib/python3.8/site-packages/airflow/example_dags/example_branch_day_of_week_operator.py
[2023-11-29T20:56:44.963+0000] {logging_mixin.py:154} INFO - [2023-11-29T20:56:44.963+0000] {dag.py:2941} INFO - Sync 1 DAGs
[2023-11-29T20:56:44.976+0000] {logging_mixin.py:154} INFO - [2023-11-29T20:56:44.976+0000] {dag.py:3722} INFO - Setting next_dagrun for example_weekday_branch_operator to 2023-11-28T00:00:00+00:00, run_after=2023-11-29T00:00:00+00:00
[2023-11-29T20:56:44.986+0000] {processor.py:179} INFO - Processing /home/airflow/.local/lib/python3.8/site-packages/airflow/example_dags/example_branch_day_of_week_operator.py took 0.044 seconds
[2023-11-29T20:57:15.092+0000] {processor.py:157} INFO - Started process (PID=667) to work on /home/airflow/.local/lib/python3.8/site-packages/airflow/example_dags/example_branch_day_of_week_operator.py
[2023-11-29T20:57:15.092+0000] {processor.py:829} INFO - Processing file /home/airflow/.local/lib/python3.8/site-packages/airflow/example_dags/example_branch_day_of_week_operator.py for tasks to queue
[2023-11-29T20:57:15.094+0000] {logging_mixin.py:154} INFO - [2023-11-29T20:57:15.093+0000] {dagbag.py:536} INFO - Filling up the DagBag from /home/airflow/.local/lib/python3.8/site-packages/airflow/example_dags/example_branch_day_of_week_operator.py
[2023-11-29T20:57:15.099+0000] {processor.py:839} INFO - DAG(s) dict_keys(['example_weekday_branch_operator']) retrieved from /home/airflow/.local/lib/python3.8/site-packages/airflow/example_dags/example_branch_day_of_week_operator.py
[2023-11-29T20:57:15.112+0000] {logging_mixin.py:154} INFO - [2023-11-29T20:57:15.112+0000] {dag.py:2941} INFO - Sync 1 DAGs
[2023-11-29T20:57:15.126+0000] {logging_mixin.py:154} INFO - [2023-11-29T20:57:15.126+0000] {dag.py:3722} INFO - Setting next_dagrun for example_weekday_branch_operator to 2023-11-28T00:00:00+00:00, run_after=2023-11-29T00:00:00+00:00
[2023-11-29T20:57:15.137+0000] {processor.py:179} INFO - Processing /home/airflow/.local/lib/python3.8/site-packages/airflow/example_dags/example_branch_day_of_week_operator.py took 0.048 seconds
[2023-11-29T20:57:45.231+0000] {processor.py:157} INFO - Started process (PID=721) to work on /home/airflow/.local/lib/python3.8/site-packages/airflow/example_dags/example_branch_day_of_week_operator.py
[2023-11-29T20:57:45.232+0000] {processor.py:829} INFO - Processing file /home/airflow/.local/lib/python3.8/site-packages/airflow/example_dags/example_branch_day_of_week_operator.py for tasks to queue
[2023-11-29T20:57:45.234+0000] {logging_mixin.py:154} INFO - [2023-11-29T20:57:45.233+0000] {dagbag.py:536} INFO - Filling up the DagBag from /home/airflow/.local/lib/python3.8/site-packages/airflow/example_dags/example_branch_day_of_week_operator.py
[2023-11-29T20:57:45.239+0000] {processor.py:839} INFO - DAG(s) dict_keys(['example_weekday_branch_operator']) retrieved from /home/airflow/.local/lib/python3.8/site-packages/airflow/example_dags/example_branch_day_of_week_operator.py
[2023-11-29T20:57:45.253+0000] {logging_mixin.py:154} INFO - [2023-11-29T20:57:45.253+0000] {dag.py:2941} INFO - Sync 1 DAGs
[2023-11-29T20:57:45.267+0000] {logging_mixin.py:154} INFO - [2023-11-29T20:57:45.266+0000] {dag.py:3722} INFO - Setting next_dagrun for example_weekday_branch_operator to 2023-11-28T00:00:00+00:00, run_after=2023-11-29T00:00:00+00:00
[2023-11-29T20:57:45.277+0000] {processor.py:179} INFO - Processing /home/airflow/.local/lib/python3.8/site-packages/airflow/example_dags/example_branch_day_of_week_operator.py took 0.048 seconds
[2023-11-29T20:58:15.302+0000] {processor.py:157} INFO - Started process (PID=775) to work on /home/airflow/.local/lib/python3.8/site-packages/airflow/example_dags/example_branch_day_of_week_operator.py
[2023-11-29T20:58:15.303+0000] {processor.py:829} INFO - Processing file /home/airflow/.local/lib/python3.8/site-packages/airflow/example_dags/example_branch_day_of_week_operator.py for tasks to queue
[2023-11-29T20:58:15.305+0000] {logging_mixin.py:154} INFO - [2023-11-29T20:58:15.305+0000] {dagbag.py:536} INFO - Filling up the DagBag from /home/airflow/.local/lib/python3.8/site-packages/airflow/example_dags/example_branch_day_of_week_operator.py
[2023-11-29T20:58:15.309+0000] {processor.py:839} INFO - DAG(s) dict_keys(['example_weekday_branch_operator']) retrieved from /home/airflow/.local/lib/python3.8/site-packages/airflow/example_dags/example_branch_day_of_week_operator.py
[2023-11-29T20:58:15.323+0000] {logging_mixin.py:154} INFO - [2023-11-29T20:58:15.323+0000] {dag.py:2941} INFO - Sync 1 DAGs
[2023-11-29T20:58:15.336+0000] {logging_mixin.py:154} INFO - [2023-11-29T20:58:15.336+0000] {dag.py:3722} INFO - Setting next_dagrun for example_weekday_branch_operator to 2023-11-28T00:00:00+00:00, run_after=2023-11-29T00:00:00+00:00
[2023-11-29T20:58:15.346+0000] {processor.py:179} INFO - Processing /home/airflow/.local/lib/python3.8/site-packages/airflow/example_dags/example_branch_day_of_week_operator.py took 0.047 seconds
[2023-11-29T20:58:46.372+0000] {processor.py:157} INFO - Started process (PID=829) to work on /home/airflow/.local/lib/python3.8/site-packages/airflow/example_dags/example_branch_day_of_week_operator.py
[2023-11-29T20:58:46.372+0000] {processor.py:829} INFO - Processing file /home/airflow/.local/lib/python3.8/site-packages/airflow/example_dags/example_branch_day_of_week_operator.py for tasks to queue
[2023-11-29T20:58:46.374+0000] {logging_mixin.py:154} INFO - [2023-11-29T20:58:46.374+0000] {dagbag.py:536} INFO - Filling up the DagBag from /home/airflow/.local/lib/python3.8/site-packages/airflow/example_dags/example_branch_day_of_week_operator.py
[2023-11-29T20:58:46.379+0000] {processor.py:839} INFO - DAG(s) dict_keys(['example_weekday_branch_operator']) retrieved from /home/airflow/.local/lib/python3.8/site-packages/airflow/example_dags/example_branch_day_of_week_operator.py
[2023-11-29T20:58:46.391+0000] {logging_mixin.py:154} INFO - [2023-11-29T20:58:46.391+0000] {dag.py:2941} INFO - Sync 1 DAGs
[2023-11-29T20:58:46.405+0000] {logging_mixin.py:154} INFO - [2023-11-29T20:58:46.405+0000] {dag.py:3722} INFO - Setting next_dagrun for example_weekday_branch_operator to 2023-11-28T00:00:00+00:00, run_after=2023-11-29T00:00:00+00:00
[2023-11-29T20:58:46.414+0000] {processor.py:179} INFO - Processing /home/airflow/.local/lib/python3.8/site-packages/airflow/example_dags/example_branch_day_of_week_operator.py took 0.045 seconds
[2023-11-29T20:59:17.380+0000] {processor.py:157} INFO - Started process (PID=883) to work on /home/airflow/.local/lib/python3.8/site-packages/airflow/example_dags/example_branch_day_of_week_operator.py
[2023-11-29T20:59:17.381+0000] {processor.py:829} INFO - Processing file /home/airflow/.local/lib/python3.8/site-packages/airflow/example_dags/example_branch_day_of_week_operator.py for tasks to queue
[2023-11-29T20:59:17.382+0000] {logging_mixin.py:154} INFO - [2023-11-29T20:59:17.382+0000] {dagbag.py:536} INFO - Filling up the DagBag from /home/airflow/.local/lib/python3.8/site-packages/airflow/example_dags/example_branch_day_of_week_operator.py
[2023-11-29T20:59:17.387+0000] {processor.py:839} INFO - DAG(s) dict_keys(['example_weekday_branch_operator']) retrieved from /home/airflow/.local/lib/python3.8/site-packages/airflow/example_dags/example_branch_day_of_week_operator.py
[2023-11-29T20:59:17.400+0000] {logging_mixin.py:154} INFO - [2023-11-29T20:59:17.400+0000] {dag.py:2941} INFO - Sync 1 DAGs
[2023-11-29T20:59:17.413+0000] {logging_mixin.py:154} INFO - [2023-11-29T20:59:17.413+0000] {dag.py:3722} INFO - Setting next_dagrun for example_weekday_branch_operator to 2023-11-28T00:00:00+00:00, run_after=2023-11-29T00:00:00+00:00
[2023-11-29T20:59:17.423+0000] {processor.py:179} INFO - Processing /home/airflow/.local/lib/python3.8/site-packages/airflow/example_dags/example_branch_day_of_week_operator.py took 0.045 seconds
[2023-11-29T20:59:48.102+0000] {processor.py:157} INFO - Started process (PID=937) to work on /home/airflow/.local/lib/python3.8/site-packages/airflow/example_dags/example_branch_day_of_week_operator.py
[2023-11-29T20:59:48.103+0000] {processor.py:829} INFO - Processing file /home/airflow/.local/lib/python3.8/site-packages/airflow/example_dags/example_branch_day_of_week_operator.py for tasks to queue
[2023-11-29T20:59:48.104+0000] {logging_mixin.py:154} INFO - [2023-11-29T20:59:48.104+0000] {dagbag.py:536} INFO - Filling up the DagBag from /home/airflow/.local/lib/python3.8/site-packages/airflow/example_dags/example_branch_day_of_week_operator.py
[2023-11-29T20:59:48.109+0000] {processor.py:839} INFO - DAG(s) dict_keys(['example_weekday_branch_operator']) retrieved from /home/airflow/.local/lib/python3.8/site-packages/airflow/example_dags/example_branch_day_of_week_operator.py
[2023-11-29T20:59:48.122+0000] {logging_mixin.py:154} INFO - [2023-11-29T20:59:48.122+0000] {dag.py:2941} INFO - Sync 1 DAGs
[2023-11-29T20:59:48.135+0000] {logging_mixin.py:154} INFO - [2023-11-29T20:59:48.135+0000] {dag.py:3722} INFO - Setting next_dagrun for example_weekday_branch_operator to 2023-11-28T00:00:00+00:00, run_after=2023-11-29T00:00:00+00:00
[2023-11-29T20:59:48.145+0000] {processor.py:179} INFO - Processing /home/airflow/.local/lib/python3.8/site-packages/airflow/example_dags/example_branch_day_of_week_operator.py took 0.045 seconds
[2023-11-29T21:00:18.921+0000] {processor.py:157} INFO - Started process (PID=991) to work on /home/airflow/.local/lib/python3.8/site-packages/airflow/example_dags/example_branch_day_of_week_operator.py
[2023-11-29T21:00:18.922+0000] {processor.py:829} INFO - Processing file /home/airflow/.local/lib/python3.8/site-packages/airflow/example_dags/example_branch_day_of_week_operator.py for tasks to queue
[2023-11-29T21:00:18.923+0000] {logging_mixin.py:154} INFO - [2023-11-29T21:00:18.923+0000] {dagbag.py:536} INFO - Filling up the DagBag from /home/airflow/.local/lib/python3.8/site-packages/airflow/example_dags/example_branch_day_of_week_operator.py
[2023-11-29T21:00:18.928+0000] {processor.py:839} INFO - DAG(s) dict_keys(['example_weekday_branch_operator']) retrieved from /home/airflow/.local/lib/python3.8/site-packages/airflow/example_dags/example_branch_day_of_week_operator.py
[2023-11-29T21:00:18.941+0000] {logging_mixin.py:154} INFO - [2023-11-29T21:00:18.941+0000] {dag.py:2941} INFO - Sync 1 DAGs
[2023-11-29T21:00:18.954+0000] {logging_mixin.py:154} INFO - [2023-11-29T21:00:18.953+0000] {dag.py:3722} INFO - Setting next_dagrun for example_weekday_branch_operator to 2023-11-28T00:00:00+00:00, run_after=2023-11-29T00:00:00+00:00
[2023-11-29T21:00:18.963+0000] {processor.py:179} INFO - Processing /home/airflow/.local/lib/python3.8/site-packages/airflow/example_dags/example_branch_day_of_week_operator.py took 0.044 seconds
[2023-11-29T21:00:49.912+0000] {processor.py:157} INFO - Started process (PID=1045) to work on /home/airflow/.local/lib/python3.8/site-packages/airflow/example_dags/example_branch_day_of_week_operator.py
[2023-11-29T21:00:49.913+0000] {processor.py:829} INFO - Processing file /home/airflow/.local/lib/python3.8/site-packages/airflow/example_dags/example_branch_day_of_week_operator.py for tasks to queue
[2023-11-29T21:00:49.914+0000] {logging_mixin.py:154} INFO - [2023-11-29T21:00:49.914+0000] {dagbag.py:536} INFO - Filling up the DagBag from /home/airflow/.local/lib/python3.8/site-packages/airflow/example_dags/example_branch_day_of_week_operator.py
[2023-11-29T21:00:49.919+0000] {processor.py:839} INFO - DAG(s) dict_keys(['example_weekday_branch_operator']) retrieved from /home/airflow/.local/lib/python3.8/site-packages/airflow/example_dags/example_branch_day_of_week_operator.py
[2023-11-29T21:00:49.933+0000] {logging_mixin.py:154} INFO - [2023-11-29T21:00:49.933+0000] {dag.py:2941} INFO - Sync 1 DAGs
[2023-11-29T21:00:49.947+0000] {logging_mixin.py:154} INFO - [2023-11-29T21:00:49.947+0000] {dag.py:3722} INFO - Setting next_dagrun for example_weekday_branch_operator to 2023-11-28T00:00:00+00:00, run_after=2023-11-29T00:00:00+00:00
[2023-11-29T21:00:49.957+0000] {processor.py:179} INFO - Processing /home/airflow/.local/lib/python3.8/site-packages/airflow/example_dags/example_branch_day_of_week_operator.py took 0.046 seconds
[2023-11-29T21:01:20.870+0000] {processor.py:157} INFO - Started process (PID=1099) to work on /home/airflow/.local/lib/python3.8/site-packages/airflow/example_dags/example_branch_day_of_week_operator.py
[2023-11-29T21:01:20.870+0000] {processor.py:829} INFO - Processing file /home/airflow/.local/lib/python3.8/site-packages/airflow/example_dags/example_branch_day_of_week_operator.py for tasks to queue
[2023-11-29T21:01:20.872+0000] {logging_mixin.py:154} INFO - [2023-11-29T21:01:20.872+0000] {dagbag.py:536} INFO - Filling up the DagBag from /home/airflow/.local/lib/python3.8/site-packages/airflow/example_dags/example_branch_day_of_week_operator.py
[2023-11-29T21:01:20.877+0000] {processor.py:839} INFO - DAG(s) dict_keys(['example_weekday_branch_operator']) retrieved from /home/airflow/.local/lib/python3.8/site-packages/airflow/example_dags/example_branch_day_of_week_operator.py
[2023-11-29T21:01:20.889+0000] {logging_mixin.py:154} INFO - [2023-11-29T21:01:20.889+0000] {dag.py:2941} INFO - Sync 1 DAGs
[2023-11-29T21:01:20.902+0000] {logging_mixin.py:154} INFO - [2023-11-29T21:01:20.902+0000] {dag.py:3722} INFO - Setting next_dagrun for example_weekday_branch_operator to 2023-11-28T00:00:00+00:00, run_after=2023-11-29T00:00:00+00:00
[2023-11-29T21:01:20.912+0000] {processor.py:179} INFO - Processing /home/airflow/.local/lib/python3.8/site-packages/airflow/example_dags/example_branch_day_of_week_operator.py took 0.045 seconds
[2023-11-29T21:41:07.833+0000] {processor.py:157} INFO - Started process (PID=45) to work on /home/airflow/.local/lib/python3.8/site-packages/airflow/example_dags/example_branch_day_of_week_operator.py
[2023-11-29T21:41:07.835+0000] {processor.py:829} INFO - Processing file /home/airflow/.local/lib/python3.8/site-packages/airflow/example_dags/example_branch_day_of_week_operator.py for tasks to queue
[2023-11-29T21:41:07.837+0000] {logging_mixin.py:154} INFO - [2023-11-29T21:41:07.836+0000] {dagbag.py:536} INFO - Filling up the DagBag from /home/airflow/.local/lib/python3.8/site-packages/airflow/example_dags/example_branch_day_of_week_operator.py
[2023-11-29T21:41:07.845+0000] {processor.py:839} INFO - DAG(s) dict_keys(['example_weekday_branch_operator']) retrieved from /home/airflow/.local/lib/python3.8/site-packages/airflow/example_dags/example_branch_day_of_week_operator.py
[2023-11-29T21:41:07.910+0000] {logging_mixin.py:154} INFO - [2023-11-29T21:41:07.910+0000] {manager.py:499} INFO - Created Permission View: %s
[2023-11-29T21:41:07.917+0000] {logging_mixin.py:154} INFO - [2023-11-29T21:41:07.917+0000] {manager.py:499} INFO - Created Permission View: %s
[2023-11-29T21:41:07.921+0000] {logging_mixin.py:154} INFO - [2023-11-29T21:41:07.921+0000] {manager.py:499} INFO - Created Permission View: %s
[2023-11-29T21:41:07.921+0000] {logging_mixin.py:154} INFO - [2023-11-29T21:41:07.921+0000] {dag.py:2941} INFO - Sync 1 DAGs
[2023-11-29T21:41:07.928+0000] {logging_mixin.py:154} INFO - [2023-11-29T21:41:07.928+0000] {dag.py:2963} INFO - Creating ORM DAG for example_weekday_branch_operator
[2023-11-29T21:41:07.935+0000] {logging_mixin.py:154} INFO - [2023-11-29T21:41:07.935+0000] {dag.py:3722} INFO - Setting next_dagrun for example_weekday_branch_operator to 2023-11-28T00:00:00+00:00, run_after=2023-11-29T00:00:00+00:00
[2023-11-29T21:41:07.945+0000] {processor.py:179} INFO - Processing /home/airflow/.local/lib/python3.8/site-packages/airflow/example_dags/example_branch_day_of_week_operator.py took 0.116 seconds
[2023-11-29T21:41:37.978+0000] {processor.py:157} INFO - Started process (PID=99) to work on /home/airflow/.local/lib/python3.8/site-packages/airflow/example_dags/example_branch_day_of_week_operator.py
[2023-11-29T21:41:37.979+0000] {processor.py:829} INFO - Processing file /home/airflow/.local/lib/python3.8/site-packages/airflow/example_dags/example_branch_day_of_week_operator.py for tasks to queue
[2023-11-29T21:41:37.981+0000] {logging_mixin.py:154} INFO - [2023-11-29T21:41:37.980+0000] {dagbag.py:536} INFO - Filling up the DagBag from /home/airflow/.local/lib/python3.8/site-packages/airflow/example_dags/example_branch_day_of_week_operator.py
[2023-11-29T21:41:37.986+0000] {processor.py:839} INFO - DAG(s) dict_keys(['example_weekday_branch_operator']) retrieved from /home/airflow/.local/lib/python3.8/site-packages/airflow/example_dags/example_branch_day_of_week_operator.py
[2023-11-29T21:41:38.000+0000] {logging_mixin.py:154} INFO - [2023-11-29T21:41:38.000+0000] {dag.py:2941} INFO - Sync 1 DAGs
[2023-11-29T21:41:38.015+0000] {logging_mixin.py:154} INFO - [2023-11-29T21:41:38.015+0000] {dag.py:3722} INFO - Setting next_dagrun for example_weekday_branch_operator to 2023-11-28T00:00:00+00:00, run_after=2023-11-29T00:00:00+00:00
[2023-11-29T21:41:38.025+0000] {processor.py:179} INFO - Processing /home/airflow/.local/lib/python3.8/site-packages/airflow/example_dags/example_branch_day_of_week_operator.py took 0.049 seconds
[2023-11-29T21:42:08.622+0000] {processor.py:157} INFO - Started process (PID=153) to work on /home/airflow/.local/lib/python3.8/site-packages/airflow/example_dags/example_branch_day_of_week_operator.py
[2023-11-29T21:42:08.623+0000] {processor.py:829} INFO - Processing file /home/airflow/.local/lib/python3.8/site-packages/airflow/example_dags/example_branch_day_of_week_operator.py for tasks to queue
[2023-11-29T21:42:08.624+0000] {logging_mixin.py:154} INFO - [2023-11-29T21:42:08.624+0000] {dagbag.py:536} INFO - Filling up the DagBag from /home/airflow/.local/lib/python3.8/site-packages/airflow/example_dags/example_branch_day_of_week_operator.py
[2023-11-29T21:42:08.629+0000] {processor.py:839} INFO - DAG(s) dict_keys(['example_weekday_branch_operator']) retrieved from /home/airflow/.local/lib/python3.8/site-packages/airflow/example_dags/example_branch_day_of_week_operator.py
[2023-11-29T21:42:08.642+0000] {logging_mixin.py:154} INFO - [2023-11-29T21:42:08.642+0000] {dag.py:2941} INFO - Sync 1 DAGs
[2023-11-29T21:42:08.656+0000] {logging_mixin.py:154} INFO - [2023-11-29T21:42:08.656+0000] {dag.py:3722} INFO - Setting next_dagrun for example_weekday_branch_operator to 2023-11-28T00:00:00+00:00, run_after=2023-11-29T00:00:00+00:00
[2023-11-29T21:42:08.667+0000] {processor.py:179} INFO - Processing /home/airflow/.local/lib/python3.8/site-packages/airflow/example_dags/example_branch_day_of_week_operator.py took 0.047 seconds
[2023-11-29T21:42:39.341+0000] {processor.py:157} INFO - Started process (PID=207) to work on /home/airflow/.local/lib/python3.8/site-packages/airflow/example_dags/example_branch_day_of_week_operator.py
[2023-11-29T21:42:39.342+0000] {processor.py:829} INFO - Processing file /home/airflow/.local/lib/python3.8/site-packages/airflow/example_dags/example_branch_day_of_week_operator.py for tasks to queue
[2023-11-29T21:42:39.343+0000] {logging_mixin.py:154} INFO - [2023-11-29T21:42:39.343+0000] {dagbag.py:536} INFO - Filling up the DagBag from /home/airflow/.local/lib/python3.8/site-packages/airflow/example_dags/example_branch_day_of_week_operator.py
[2023-11-29T21:42:39.348+0000] {processor.py:839} INFO - DAG(s) dict_keys(['example_weekday_branch_operator']) retrieved from /home/airflow/.local/lib/python3.8/site-packages/airflow/example_dags/example_branch_day_of_week_operator.py
[2023-11-29T21:42:39.361+0000] {logging_mixin.py:154} INFO - [2023-11-29T21:42:39.361+0000] {dag.py:2941} INFO - Sync 1 DAGs
[2023-11-29T21:42:39.374+0000] {logging_mixin.py:154} INFO - [2023-11-29T21:42:39.374+0000] {dag.py:3722} INFO - Setting next_dagrun for example_weekday_branch_operator to 2023-11-28T00:00:00+00:00, run_after=2023-11-29T00:00:00+00:00
[2023-11-29T21:42:39.384+0000] {processor.py:179} INFO - Processing /home/airflow/.local/lib/python3.8/site-packages/airflow/example_dags/example_branch_day_of_week_operator.py took 0.045 seconds
[2023-11-29T21:43:09.509+0000] {processor.py:157} INFO - Started process (PID=261) to work on /home/airflow/.local/lib/python3.8/site-packages/airflow/example_dags/example_branch_day_of_week_operator.py
[2023-11-29T21:43:09.510+0000] {processor.py:829} INFO - Processing file /home/airflow/.local/lib/python3.8/site-packages/airflow/example_dags/example_branch_day_of_week_operator.py for tasks to queue
[2023-11-29T21:43:09.512+0000] {logging_mixin.py:154} INFO - [2023-11-29T21:43:09.512+0000] {dagbag.py:536} INFO - Filling up the DagBag from /home/airflow/.local/lib/python3.8/site-packages/airflow/example_dags/example_branch_day_of_week_operator.py
[2023-11-29T21:43:09.517+0000] {processor.py:839} INFO - DAG(s) dict_keys(['example_weekday_branch_operator']) retrieved from /home/airflow/.local/lib/python3.8/site-packages/airflow/example_dags/example_branch_day_of_week_operator.py
[2023-11-29T21:43:09.530+0000] {logging_mixin.py:154} INFO - [2023-11-29T21:43:09.530+0000] {dag.py:2941} INFO - Sync 1 DAGs
[2023-11-29T21:43:09.543+0000] {logging_mixin.py:154} INFO - [2023-11-29T21:43:09.543+0000] {dag.py:3722} INFO - Setting next_dagrun for example_weekday_branch_operator to 2023-11-28T00:00:00+00:00, run_after=2023-11-29T00:00:00+00:00
[2023-11-29T21:43:09.553+0000] {processor.py:179} INFO - Processing /home/airflow/.local/lib/python3.8/site-packages/airflow/example_dags/example_branch_day_of_week_operator.py took 0.046 seconds
[2023-11-29T21:43:39.595+0000] {processor.py:157} INFO - Started process (PID=315) to work on /home/airflow/.local/lib/python3.8/site-packages/airflow/example_dags/example_branch_day_of_week_operator.py
[2023-11-29T21:43:39.596+0000] {processor.py:829} INFO - Processing file /home/airflow/.local/lib/python3.8/site-packages/airflow/example_dags/example_branch_day_of_week_operator.py for tasks to queue
[2023-11-29T21:43:39.597+0000] {logging_mixin.py:154} INFO - [2023-11-29T21:43:39.597+0000] {dagbag.py:536} INFO - Filling up the DagBag from /home/airflow/.local/lib/python3.8/site-packages/airflow/example_dags/example_branch_day_of_week_operator.py
[2023-11-29T21:43:39.602+0000] {processor.py:839} INFO - DAG(s) dict_keys(['example_weekday_branch_operator']) retrieved from /home/airflow/.local/lib/python3.8/site-packages/airflow/example_dags/example_branch_day_of_week_operator.py
[2023-11-29T21:43:39.615+0000] {logging_mixin.py:154} INFO - [2023-11-29T21:43:39.614+0000] {dag.py:2941} INFO - Sync 1 DAGs
[2023-11-29T21:43:39.627+0000] {logging_mixin.py:154} INFO - [2023-11-29T21:43:39.627+0000] {dag.py:3722} INFO - Setting next_dagrun for example_weekday_branch_operator to 2023-11-28T00:00:00+00:00, run_after=2023-11-29T00:00:00+00:00
[2023-11-29T21:43:39.637+0000] {processor.py:179} INFO - Processing /home/airflow/.local/lib/python3.8/site-packages/airflow/example_dags/example_branch_day_of_week_operator.py took 0.044 seconds
[2023-11-29T21:44:09.678+0000] {processor.py:157} INFO - Started process (PID=368) to work on /home/airflow/.local/lib/python3.8/site-packages/airflow/example_dags/example_branch_day_of_week_operator.py
[2023-11-29T21:44:09.678+0000] {processor.py:829} INFO - Processing file /home/airflow/.local/lib/python3.8/site-packages/airflow/example_dags/example_branch_day_of_week_operator.py for tasks to queue
[2023-11-29T21:44:09.680+0000] {logging_mixin.py:154} INFO - [2023-11-29T21:44:09.679+0000] {dagbag.py:536} INFO - Filling up the DagBag from /home/airflow/.local/lib/python3.8/site-packages/airflow/example_dags/example_branch_day_of_week_operator.py
[2023-11-29T21:44:09.685+0000] {processor.py:839} INFO - DAG(s) dict_keys(['example_weekday_branch_operator']) retrieved from /home/airflow/.local/lib/python3.8/site-packages/airflow/example_dags/example_branch_day_of_week_operator.py
[2023-11-29T21:44:09.697+0000] {logging_mixin.py:154} INFO - [2023-11-29T21:44:09.697+0000] {dag.py:2941} INFO - Sync 1 DAGs
[2023-11-29T21:44:09.709+0000] {logging_mixin.py:154} INFO - [2023-11-29T21:44:09.709+0000] {dag.py:3722} INFO - Setting next_dagrun for example_weekday_branch_operator to 2023-11-28T00:00:00+00:00, run_after=2023-11-29T00:00:00+00:00
[2023-11-29T21:44:09.718+0000] {processor.py:179} INFO - Processing /home/airflow/.local/lib/python3.8/site-packages/airflow/example_dags/example_branch_day_of_week_operator.py took 0.043 seconds
[2023-11-29T21:44:39.839+0000] {processor.py:157} INFO - Started process (PID=422) to work on /home/airflow/.local/lib/python3.8/site-packages/airflow/example_dags/example_branch_day_of_week_operator.py
[2023-11-29T21:44:39.840+0000] {processor.py:829} INFO - Processing file /home/airflow/.local/lib/python3.8/site-packages/airflow/example_dags/example_branch_day_of_week_operator.py for tasks to queue
[2023-11-29T21:44:39.842+0000] {logging_mixin.py:154} INFO - [2023-11-29T21:44:39.842+0000] {dagbag.py:536} INFO - Filling up the DagBag from /home/airflow/.local/lib/python3.8/site-packages/airflow/example_dags/example_branch_day_of_week_operator.py
[2023-11-29T21:44:39.847+0000] {processor.py:839} INFO - DAG(s) dict_keys(['example_weekday_branch_operator']) retrieved from /home/airflow/.local/lib/python3.8/site-packages/airflow/example_dags/example_branch_day_of_week_operator.py
[2023-11-29T21:44:39.860+0000] {logging_mixin.py:154} INFO - [2023-11-29T21:44:39.860+0000] {dag.py:2941} INFO - Sync 1 DAGs
[2023-11-29T21:44:39.872+0000] {logging_mixin.py:154} INFO - [2023-11-29T21:44:39.872+0000] {dag.py:3722} INFO - Setting next_dagrun for example_weekday_branch_operator to 2023-11-28T00:00:00+00:00, run_after=2023-11-29T00:00:00+00:00
[2023-11-29T21:44:39.882+0000] {processor.py:179} INFO - Processing /home/airflow/.local/lib/python3.8/site-packages/airflow/example_dags/example_branch_day_of_week_operator.py took 0.045 seconds
[2023-11-29T21:45:10.080+0000] {processor.py:157} INFO - Started process (PID=476) to work on /home/airflow/.local/lib/python3.8/site-packages/airflow/example_dags/example_branch_day_of_week_operator.py
[2023-11-29T21:45:10.081+0000] {processor.py:829} INFO - Processing file /home/airflow/.local/lib/python3.8/site-packages/airflow/example_dags/example_branch_day_of_week_operator.py for tasks to queue
[2023-11-29T21:45:10.082+0000] {logging_mixin.py:154} INFO - [2023-11-29T21:45:10.082+0000] {dagbag.py:536} INFO - Filling up the DagBag from /home/airflow/.local/lib/python3.8/site-packages/airflow/example_dags/example_branch_day_of_week_operator.py
[2023-11-29T21:45:10.087+0000] {processor.py:839} INFO - DAG(s) dict_keys(['example_weekday_branch_operator']) retrieved from /home/airflow/.local/lib/python3.8/site-packages/airflow/example_dags/example_branch_day_of_week_operator.py
[2023-11-29T21:45:10.100+0000] {logging_mixin.py:154} INFO - [2023-11-29T21:45:10.100+0000] {dag.py:2941} INFO - Sync 1 DAGs
[2023-11-29T21:45:10.113+0000] {logging_mixin.py:154} INFO - [2023-11-29T21:45:10.113+0000] {dag.py:3722} INFO - Setting next_dagrun for example_weekday_branch_operator to 2023-11-28T00:00:00+00:00, run_after=2023-11-29T00:00:00+00:00
[2023-11-29T21:45:10.123+0000] {processor.py:179} INFO - Processing /home/airflow/.local/lib/python3.8/site-packages/airflow/example_dags/example_branch_day_of_week_operator.py took 0.045 seconds
[2023-11-29T21:45:40.169+0000] {processor.py:157} INFO - Started process (PID=529) to work on /home/airflow/.local/lib/python3.8/site-packages/airflow/example_dags/example_branch_day_of_week_operator.py
[2023-11-29T21:45:40.170+0000] {processor.py:829} INFO - Processing file /home/airflow/.local/lib/python3.8/site-packages/airflow/example_dags/example_branch_day_of_week_operator.py for tasks to queue
[2023-11-29T21:45:40.172+0000] {logging_mixin.py:154} INFO - [2023-11-29T21:45:40.172+0000] {dagbag.py:536} INFO - Filling up the DagBag from /home/airflow/.local/lib/python3.8/site-packages/airflow/example_dags/example_branch_day_of_week_operator.py
[2023-11-29T21:45:40.177+0000] {processor.py:839} INFO - DAG(s) dict_keys(['example_weekday_branch_operator']) retrieved from /home/airflow/.local/lib/python3.8/site-packages/airflow/example_dags/example_branch_day_of_week_operator.py
[2023-11-29T21:45:40.191+0000] {logging_mixin.py:154} INFO - [2023-11-29T21:45:40.191+0000] {dag.py:2941} INFO - Sync 1 DAGs
[2023-11-29T21:45:40.204+0000] {logging_mixin.py:154} INFO - [2023-11-29T21:45:40.204+0000] {dag.py:3722} INFO - Setting next_dagrun for example_weekday_branch_operator to 2023-11-28T00:00:00+00:00, run_after=2023-11-29T00:00:00+00:00
[2023-11-29T21:45:40.214+0000] {processor.py:179} INFO - Processing /home/airflow/.local/lib/python3.8/site-packages/airflow/example_dags/example_branch_day_of_week_operator.py took 0.047 seconds
[2023-11-29T21:46:10.365+0000] {processor.py:157} INFO - Started process (PID=583) to work on /home/airflow/.local/lib/python3.8/site-packages/airflow/example_dags/example_branch_day_of_week_operator.py
[2023-11-29T21:46:10.366+0000] {processor.py:829} INFO - Processing file /home/airflow/.local/lib/python3.8/site-packages/airflow/example_dags/example_branch_day_of_week_operator.py for tasks to queue
[2023-11-29T21:46:10.368+0000] {logging_mixin.py:154} INFO - [2023-11-29T21:46:10.368+0000] {dagbag.py:536} INFO - Filling up the DagBag from /home/airflow/.local/lib/python3.8/site-packages/airflow/example_dags/example_branch_day_of_week_operator.py
[2023-11-29T21:46:10.373+0000] {processor.py:839} INFO - DAG(s) dict_keys(['example_weekday_branch_operator']) retrieved from /home/airflow/.local/lib/python3.8/site-packages/airflow/example_dags/example_branch_day_of_week_operator.py
[2023-11-29T21:46:10.387+0000] {logging_mixin.py:154} INFO - [2023-11-29T21:46:10.387+0000] {dag.py:2941} INFO - Sync 1 DAGs
[2023-11-29T21:46:10.400+0000] {logging_mixin.py:154} INFO - [2023-11-29T21:46:10.400+0000] {dag.py:3722} INFO - Setting next_dagrun for example_weekday_branch_operator to 2023-11-28T00:00:00+00:00, run_after=2023-11-29T00:00:00+00:00
[2023-11-29T21:46:10.410+0000] {processor.py:179} INFO - Processing /home/airflow/.local/lib/python3.8/site-packages/airflow/example_dags/example_branch_day_of_week_operator.py took 0.047 seconds
