[2023-11-29T20:51:39.947+0000] {processor.py:157} INFO - Started process (PID=67) to work on /home/airflow/.local/lib/python3.8/site-packages/airflow/example_dags/example_task_group_decorator.py
[2023-11-29T20:51:39.948+0000] {processor.py:829} INFO - Processing file /home/airflow/.local/lib/python3.8/site-packages/airflow/example_dags/example_task_group_decorator.py for tasks to queue
[2023-11-29T20:51:39.951+0000] {logging_mixin.py:154} INFO - [2023-11-29T20:51:39.951+0000] {dagbag.py:536} INFO - Filling up the DagBag from /home/airflow/.local/lib/python3.8/site-packages/airflow/example_dags/example_task_group_decorator.py
[2023-11-29T20:51:39.959+0000] {processor.py:839} INFO - DAG(s) dict_keys(['example_task_group_decorator']) retrieved from /home/airflow/.local/lib/python3.8/site-packages/airflow/example_dags/example_task_group_decorator.py
[2023-11-29T20:51:40.023+0000] {logging_mixin.py:154} INFO - [2023-11-29T20:51:40.023+0000] {dag.py:2941} INFO - Sync 1 DAGs
[2023-11-29T20:51:40.035+0000] {logging_mixin.py:154} INFO - [2023-11-29T20:51:40.035+0000] {dag.py:3722} INFO - Setting next_dagrun for example_task_group_decorator to 2023-11-28T20:51:40.034882+00:00, run_after=2023-11-29T20:51:40.034882+00:00
[2023-11-29T20:51:40.048+0000] {processor.py:179} INFO - Processing /home/airflow/.local/lib/python3.8/site-packages/airflow/example_dags/example_task_group_decorator.py took 0.103 seconds
[2023-11-29T20:52:10.136+0000] {processor.py:157} INFO - Started process (PID=121) to work on /home/airflow/.local/lib/python3.8/site-packages/airflow/example_dags/example_task_group_decorator.py
[2023-11-29T20:52:10.137+0000] {processor.py:829} INFO - Processing file /home/airflow/.local/lib/python3.8/site-packages/airflow/example_dags/example_task_group_decorator.py for tasks to queue
[2023-11-29T20:52:10.139+0000] {logging_mixin.py:154} INFO - [2023-11-29T20:52:10.139+0000] {dagbag.py:536} INFO - Filling up the DagBag from /home/airflow/.local/lib/python3.8/site-packages/airflow/example_dags/example_task_group_decorator.py
[2023-11-29T20:52:10.147+0000] {processor.py:839} INFO - DAG(s) dict_keys(['example_task_group_decorator']) retrieved from /home/airflow/.local/lib/python3.8/site-packages/airflow/example_dags/example_task_group_decorator.py
[2023-11-29T20:52:10.155+0000] {logging_mixin.py:154} INFO - [2023-11-29T20:52:10.154+0000] {dag.py:2941} INFO - Sync 1 DAGs
[2023-11-29T20:52:10.166+0000] {logging_mixin.py:154} INFO - [2023-11-29T20:52:10.166+0000] {dag.py:3722} INFO - Setting next_dagrun for example_task_group_decorator to 2023-11-28T20:52:10.166441+00:00, run_after=2023-11-29T20:52:10.166441+00:00
[2023-11-29T20:52:10.176+0000] {processor.py:179} INFO - Processing /home/airflow/.local/lib/python3.8/site-packages/airflow/example_dags/example_task_group_decorator.py took 0.042 seconds
[2023-11-29T20:52:41.004+0000] {processor.py:157} INFO - Started process (PID=175) to work on /home/airflow/.local/lib/python3.8/site-packages/airflow/example_dags/example_task_group_decorator.py
[2023-11-29T20:52:41.004+0000] {processor.py:829} INFO - Processing file /home/airflow/.local/lib/python3.8/site-packages/airflow/example_dags/example_task_group_decorator.py for tasks to queue
[2023-11-29T20:52:41.006+0000] {logging_mixin.py:154} INFO - [2023-11-29T20:52:41.006+0000] {dagbag.py:536} INFO - Filling up the DagBag from /home/airflow/.local/lib/python3.8/site-packages/airflow/example_dags/example_task_group_decorator.py
[2023-11-29T20:52:41.013+0000] {processor.py:839} INFO - DAG(s) dict_keys(['example_task_group_decorator']) retrieved from /home/airflow/.local/lib/python3.8/site-packages/airflow/example_dags/example_task_group_decorator.py
[2023-11-29T20:52:41.027+0000] {logging_mixin.py:154} INFO - [2023-11-29T20:52:41.027+0000] {dag.py:2941} INFO - Sync 1 DAGs
[2023-11-29T20:52:41.038+0000] {logging_mixin.py:154} INFO - [2023-11-29T20:52:41.038+0000] {dag.py:3722} INFO - Setting next_dagrun for example_task_group_decorator to 2023-11-28T20:52:41.038554+00:00, run_after=2023-11-29T20:52:41.038554+00:00
[2023-11-29T20:52:41.048+0000] {processor.py:179} INFO - Processing /home/airflow/.local/lib/python3.8/site-packages/airflow/example_dags/example_task_group_decorator.py took 0.047 seconds
[2023-11-29T20:53:11.162+0000] {processor.py:157} INFO - Started process (PID=229) to work on /home/airflow/.local/lib/python3.8/site-packages/airflow/example_dags/example_task_group_decorator.py
[2023-11-29T20:53:11.163+0000] {processor.py:829} INFO - Processing file /home/airflow/.local/lib/python3.8/site-packages/airflow/example_dags/example_task_group_decorator.py for tasks to queue
[2023-11-29T20:53:11.165+0000] {logging_mixin.py:154} INFO - [2023-11-29T20:53:11.164+0000] {dagbag.py:536} INFO - Filling up the DagBag from /home/airflow/.local/lib/python3.8/site-packages/airflow/example_dags/example_task_group_decorator.py
[2023-11-29T20:53:11.172+0000] {processor.py:839} INFO - DAG(s) dict_keys(['example_task_group_decorator']) retrieved from /home/airflow/.local/lib/python3.8/site-packages/airflow/example_dags/example_task_group_decorator.py
[2023-11-29T20:53:11.185+0000] {logging_mixin.py:154} INFO - [2023-11-29T20:53:11.185+0000] {dag.py:2941} INFO - Sync 1 DAGs
[2023-11-29T20:53:11.196+0000] {logging_mixin.py:154} INFO - [2023-11-29T20:53:11.196+0000] {dag.py:3722} INFO - Setting next_dagrun for example_task_group_decorator to 2023-11-28T20:53:11.196592+00:00, run_after=2023-11-29T20:53:11.196592+00:00
[2023-11-29T20:53:11.206+0000] {processor.py:179} INFO - Processing /home/airflow/.local/lib/python3.8/site-packages/airflow/example_dags/example_task_group_decorator.py took 0.046 seconds
[2023-11-29T20:53:41.305+0000] {processor.py:157} INFO - Started process (PID=283) to work on /home/airflow/.local/lib/python3.8/site-packages/airflow/example_dags/example_task_group_decorator.py
[2023-11-29T20:53:41.306+0000] {processor.py:829} INFO - Processing file /home/airflow/.local/lib/python3.8/site-packages/airflow/example_dags/example_task_group_decorator.py for tasks to queue
[2023-11-29T20:53:41.307+0000] {logging_mixin.py:154} INFO - [2023-11-29T20:53:41.307+0000] {dagbag.py:536} INFO - Filling up the DagBag from /home/airflow/.local/lib/python3.8/site-packages/airflow/example_dags/example_task_group_decorator.py
[2023-11-29T20:53:41.315+0000] {processor.py:839} INFO - DAG(s) dict_keys(['example_task_group_decorator']) retrieved from /home/airflow/.local/lib/python3.8/site-packages/airflow/example_dags/example_task_group_decorator.py
[2023-11-29T20:53:41.329+0000] {logging_mixin.py:154} INFO - [2023-11-29T20:53:41.329+0000] {dag.py:2941} INFO - Sync 1 DAGs
[2023-11-29T20:53:41.341+0000] {logging_mixin.py:154} INFO - [2023-11-29T20:53:41.341+0000] {dag.py:3722} INFO - Setting next_dagrun for example_task_group_decorator to 2023-11-28T20:53:41.340901+00:00, run_after=2023-11-29T20:53:41.340901+00:00
[2023-11-29T20:53:41.349+0000] {processor.py:179} INFO - Processing /home/airflow/.local/lib/python3.8/site-packages/airflow/example_dags/example_task_group_decorator.py took 0.047 seconds
[2023-11-29T20:54:11.406+0000] {processor.py:157} INFO - Started process (PID=337) to work on /home/airflow/.local/lib/python3.8/site-packages/airflow/example_dags/example_task_group_decorator.py
[2023-11-29T20:54:11.407+0000] {processor.py:829} INFO - Processing file /home/airflow/.local/lib/python3.8/site-packages/airflow/example_dags/example_task_group_decorator.py for tasks to queue
[2023-11-29T20:54:11.409+0000] {logging_mixin.py:154} INFO - [2023-11-29T20:54:11.408+0000] {dagbag.py:536} INFO - Filling up the DagBag from /home/airflow/.local/lib/python3.8/site-packages/airflow/example_dags/example_task_group_decorator.py
[2023-11-29T20:54:11.417+0000] {processor.py:839} INFO - DAG(s) dict_keys(['example_task_group_decorator']) retrieved from /home/airflow/.local/lib/python3.8/site-packages/airflow/example_dags/example_task_group_decorator.py
[2023-11-29T20:54:11.431+0000] {logging_mixin.py:154} INFO - [2023-11-29T20:54:11.431+0000] {dag.py:2941} INFO - Sync 1 DAGs
[2023-11-29T20:54:11.443+0000] {logging_mixin.py:154} INFO - [2023-11-29T20:54:11.443+0000] {dag.py:3722} INFO - Setting next_dagrun for example_task_group_decorator to 2023-11-28T20:54:11.443445+00:00, run_after=2023-11-29T20:54:11.443445+00:00
[2023-11-29T20:54:11.453+0000] {processor.py:179} INFO - Processing /home/airflow/.local/lib/python3.8/site-packages/airflow/example_dags/example_task_group_decorator.py took 0.049 seconds
[2023-11-29T20:54:41.497+0000] {processor.py:157} INFO - Started process (PID=391) to work on /home/airflow/.local/lib/python3.8/site-packages/airflow/example_dags/example_task_group_decorator.py
[2023-11-29T20:54:41.497+0000] {processor.py:829} INFO - Processing file /home/airflow/.local/lib/python3.8/site-packages/airflow/example_dags/example_task_group_decorator.py for tasks to queue
[2023-11-29T20:54:41.499+0000] {logging_mixin.py:154} INFO - [2023-11-29T20:54:41.499+0000] {dagbag.py:536} INFO - Filling up the DagBag from /home/airflow/.local/lib/python3.8/site-packages/airflow/example_dags/example_task_group_decorator.py
[2023-11-29T20:54:41.507+0000] {processor.py:839} INFO - DAG(s) dict_keys(['example_task_group_decorator']) retrieved from /home/airflow/.local/lib/python3.8/site-packages/airflow/example_dags/example_task_group_decorator.py
[2023-11-29T20:54:41.521+0000] {logging_mixin.py:154} INFO - [2023-11-29T20:54:41.521+0000] {dag.py:2941} INFO - Sync 1 DAGs
[2023-11-29T20:54:41.533+0000] {logging_mixin.py:154} INFO - [2023-11-29T20:54:41.533+0000] {dag.py:3722} INFO - Setting next_dagrun for example_task_group_decorator to 2023-11-28T20:54:41.532858+00:00, run_after=2023-11-29T20:54:41.532858+00:00
[2023-11-29T20:54:41.542+0000] {processor.py:179} INFO - Processing /home/airflow/.local/lib/python3.8/site-packages/airflow/example_dags/example_task_group_decorator.py took 0.047 seconds
[2023-11-29T20:55:11.616+0000] {processor.py:157} INFO - Started process (PID=445) to work on /home/airflow/.local/lib/python3.8/site-packages/airflow/example_dags/example_task_group_decorator.py
[2023-11-29T20:55:11.617+0000] {processor.py:829} INFO - Processing file /home/airflow/.local/lib/python3.8/site-packages/airflow/example_dags/example_task_group_decorator.py for tasks to queue
[2023-11-29T20:55:11.619+0000] {logging_mixin.py:154} INFO - [2023-11-29T20:55:11.619+0000] {dagbag.py:536} INFO - Filling up the DagBag from /home/airflow/.local/lib/python3.8/site-packages/airflow/example_dags/example_task_group_decorator.py
[2023-11-29T20:55:11.627+0000] {processor.py:839} INFO - DAG(s) dict_keys(['example_task_group_decorator']) retrieved from /home/airflow/.local/lib/python3.8/site-packages/airflow/example_dags/example_task_group_decorator.py
[2023-11-29T20:55:11.641+0000] {logging_mixin.py:154} INFO - [2023-11-29T20:55:11.641+0000] {dag.py:2941} INFO - Sync 1 DAGs
[2023-11-29T20:55:11.652+0000] {logging_mixin.py:154} INFO - [2023-11-29T20:55:11.652+0000] {dag.py:3722} INFO - Setting next_dagrun for example_task_group_decorator to 2023-11-28T20:55:11.652496+00:00, run_after=2023-11-29T20:55:11.652496+00:00
[2023-11-29T20:55:11.661+0000] {processor.py:179} INFO - Processing /home/airflow/.local/lib/python3.8/site-packages/airflow/example_dags/example_task_group_decorator.py took 0.047 seconds
[2023-11-29T20:55:41.744+0000] {processor.py:157} INFO - Started process (PID=499) to work on /home/airflow/.local/lib/python3.8/site-packages/airflow/example_dags/example_task_group_decorator.py
[2023-11-29T20:55:41.745+0000] {processor.py:829} INFO - Processing file /home/airflow/.local/lib/python3.8/site-packages/airflow/example_dags/example_task_group_decorator.py for tasks to queue
[2023-11-29T20:55:41.747+0000] {logging_mixin.py:154} INFO - [2023-11-29T20:55:41.747+0000] {dagbag.py:536} INFO - Filling up the DagBag from /home/airflow/.local/lib/python3.8/site-packages/airflow/example_dags/example_task_group_decorator.py
[2023-11-29T20:55:41.755+0000] {processor.py:839} INFO - DAG(s) dict_keys(['example_task_group_decorator']) retrieved from /home/airflow/.local/lib/python3.8/site-packages/airflow/example_dags/example_task_group_decorator.py
[2023-11-29T20:55:41.769+0000] {logging_mixin.py:154} INFO - [2023-11-29T20:55:41.769+0000] {dag.py:2941} INFO - Sync 1 DAGs
[2023-11-29T20:55:41.780+0000] {logging_mixin.py:154} INFO - [2023-11-29T20:55:41.780+0000] {dag.py:3722} INFO - Setting next_dagrun for example_task_group_decorator to 2023-11-28T20:55:41.780315+00:00, run_after=2023-11-29T20:55:41.780315+00:00
[2023-11-29T20:55:41.790+0000] {processor.py:179} INFO - Processing /home/airflow/.local/lib/python3.8/site-packages/airflow/example_dags/example_task_group_decorator.py took 0.048 seconds
[2023-11-29T20:56:11.843+0000] {processor.py:157} INFO - Started process (PID=553) to work on /home/airflow/.local/lib/python3.8/site-packages/airflow/example_dags/example_task_group_decorator.py
[2023-11-29T20:56:11.844+0000] {processor.py:829} INFO - Processing file /home/airflow/.local/lib/python3.8/site-packages/airflow/example_dags/example_task_group_decorator.py for tasks to queue
[2023-11-29T20:56:11.846+0000] {logging_mixin.py:154} INFO - [2023-11-29T20:56:11.846+0000] {dagbag.py:536} INFO - Filling up the DagBag from /home/airflow/.local/lib/python3.8/site-packages/airflow/example_dags/example_task_group_decorator.py
[2023-11-29T20:56:11.853+0000] {processor.py:839} INFO - DAG(s) dict_keys(['example_task_group_decorator']) retrieved from /home/airflow/.local/lib/python3.8/site-packages/airflow/example_dags/example_task_group_decorator.py
[2023-11-29T20:56:11.867+0000] {logging_mixin.py:154} INFO - [2023-11-29T20:56:11.867+0000] {dag.py:2941} INFO - Sync 1 DAGs
[2023-11-29T20:56:11.879+0000] {logging_mixin.py:154} INFO - [2023-11-29T20:56:11.879+0000] {dag.py:3722} INFO - Setting next_dagrun for example_task_group_decorator to 2023-11-28T20:56:11.878908+00:00, run_after=2023-11-29T20:56:11.878908+00:00
[2023-11-29T20:56:11.888+0000] {processor.py:179} INFO - Processing /home/airflow/.local/lib/python3.8/site-packages/airflow/example_dags/example_task_group_decorator.py took 0.047 seconds
[2023-11-29T20:56:42.799+0000] {processor.py:157} INFO - Started process (PID=607) to work on /home/airflow/.local/lib/python3.8/site-packages/airflow/example_dags/example_task_group_decorator.py
[2023-11-29T20:56:42.800+0000] {processor.py:829} INFO - Processing file /home/airflow/.local/lib/python3.8/site-packages/airflow/example_dags/example_task_group_decorator.py for tasks to queue
[2023-11-29T20:56:42.802+0000] {logging_mixin.py:154} INFO - [2023-11-29T20:56:42.801+0000] {dagbag.py:536} INFO - Filling up the DagBag from /home/airflow/.local/lib/python3.8/site-packages/airflow/example_dags/example_task_group_decorator.py
[2023-11-29T20:56:42.809+0000] {processor.py:839} INFO - DAG(s) dict_keys(['example_task_group_decorator']) retrieved from /home/airflow/.local/lib/python3.8/site-packages/airflow/example_dags/example_task_group_decorator.py
[2023-11-29T20:56:42.824+0000] {logging_mixin.py:154} INFO - [2023-11-29T20:56:42.824+0000] {dag.py:2941} INFO - Sync 1 DAGs
[2023-11-29T20:56:42.837+0000] {logging_mixin.py:154} INFO - [2023-11-29T20:56:42.837+0000] {dag.py:3722} INFO - Setting next_dagrun for example_task_group_decorator to 2023-11-28T20:56:42.837077+00:00, run_after=2023-11-29T20:56:42.837077+00:00
[2023-11-29T20:56:42.848+0000] {processor.py:179} INFO - Processing /home/airflow/.local/lib/python3.8/site-packages/airflow/example_dags/example_task_group_decorator.py took 0.052 seconds
[2023-11-29T20:57:12.900+0000] {processor.py:157} INFO - Started process (PID=661) to work on /home/airflow/.local/lib/python3.8/site-packages/airflow/example_dags/example_task_group_decorator.py
[2023-11-29T20:57:12.901+0000] {processor.py:829} INFO - Processing file /home/airflow/.local/lib/python3.8/site-packages/airflow/example_dags/example_task_group_decorator.py for tasks to queue
[2023-11-29T20:57:12.903+0000] {logging_mixin.py:154} INFO - [2023-11-29T20:57:12.903+0000] {dagbag.py:536} INFO - Filling up the DagBag from /home/airflow/.local/lib/python3.8/site-packages/airflow/example_dags/example_task_group_decorator.py
[2023-11-29T20:57:12.911+0000] {processor.py:839} INFO - DAG(s) dict_keys(['example_task_group_decorator']) retrieved from /home/airflow/.local/lib/python3.8/site-packages/airflow/example_dags/example_task_group_decorator.py
[2023-11-29T20:57:12.926+0000] {logging_mixin.py:154} INFO - [2023-11-29T20:57:12.926+0000] {dag.py:2941} INFO - Sync 1 DAGs
[2023-11-29T20:57:12.937+0000] {logging_mixin.py:154} INFO - [2023-11-29T20:57:12.937+0000] {dag.py:3722} INFO - Setting next_dagrun for example_task_group_decorator to 2023-11-28T20:57:12.937495+00:00, run_after=2023-11-29T20:57:12.937495+00:00
[2023-11-29T20:57:12.947+0000] {processor.py:179} INFO - Processing /home/airflow/.local/lib/python3.8/site-packages/airflow/example_dags/example_task_group_decorator.py took 0.049 seconds
[2023-11-29T20:57:42.977+0000] {processor.py:157} INFO - Started process (PID=715) to work on /home/airflow/.local/lib/python3.8/site-packages/airflow/example_dags/example_task_group_decorator.py
[2023-11-29T20:57:42.977+0000] {processor.py:829} INFO - Processing file /home/airflow/.local/lib/python3.8/site-packages/airflow/example_dags/example_task_group_decorator.py for tasks to queue
[2023-11-29T20:57:42.979+0000] {logging_mixin.py:154} INFO - [2023-11-29T20:57:42.979+0000] {dagbag.py:536} INFO - Filling up the DagBag from /home/airflow/.local/lib/python3.8/site-packages/airflow/example_dags/example_task_group_decorator.py
[2023-11-29T20:57:42.987+0000] {processor.py:839} INFO - DAG(s) dict_keys(['example_task_group_decorator']) retrieved from /home/airflow/.local/lib/python3.8/site-packages/airflow/example_dags/example_task_group_decorator.py
[2023-11-29T20:57:43.000+0000] {logging_mixin.py:154} INFO - [2023-11-29T20:57:43.000+0000] {dag.py:2941} INFO - Sync 1 DAGs
[2023-11-29T20:57:43.012+0000] {logging_mixin.py:154} INFO - [2023-11-29T20:57:43.012+0000] {dag.py:3722} INFO - Setting next_dagrun for example_task_group_decorator to 2023-11-28T20:57:43.011959+00:00, run_after=2023-11-29T20:57:43.011959+00:00
[2023-11-29T20:57:43.021+0000] {processor.py:179} INFO - Processing /home/airflow/.local/lib/python3.8/site-packages/airflow/example_dags/example_task_group_decorator.py took 0.047 seconds
[2023-11-29T20:58:13.063+0000] {processor.py:157} INFO - Started process (PID=769) to work on /home/airflow/.local/lib/python3.8/site-packages/airflow/example_dags/example_task_group_decorator.py
[2023-11-29T20:58:13.064+0000] {processor.py:829} INFO - Processing file /home/airflow/.local/lib/python3.8/site-packages/airflow/example_dags/example_task_group_decorator.py for tasks to queue
[2023-11-29T20:58:13.066+0000] {logging_mixin.py:154} INFO - [2023-11-29T20:58:13.065+0000] {dagbag.py:536} INFO - Filling up the DagBag from /home/airflow/.local/lib/python3.8/site-packages/airflow/example_dags/example_task_group_decorator.py
[2023-11-29T20:58:13.073+0000] {processor.py:839} INFO - DAG(s) dict_keys(['example_task_group_decorator']) retrieved from /home/airflow/.local/lib/python3.8/site-packages/airflow/example_dags/example_task_group_decorator.py
[2023-11-29T20:58:13.087+0000] {logging_mixin.py:154} INFO - [2023-11-29T20:58:13.087+0000] {dag.py:2941} INFO - Sync 1 DAGs
[2023-11-29T20:58:13.099+0000] {logging_mixin.py:154} INFO - [2023-11-29T20:58:13.098+0000] {dag.py:3722} INFO - Setting next_dagrun for example_task_group_decorator to 2023-11-28T20:58:13.098824+00:00, run_after=2023-11-29T20:58:13.098824+00:00
[2023-11-29T20:58:13.108+0000] {processor.py:179} INFO - Processing /home/airflow/.local/lib/python3.8/site-packages/airflow/example_dags/example_task_group_decorator.py took 0.047 seconds
[2023-11-29T20:58:43.126+0000] {processor.py:157} INFO - Started process (PID=823) to work on /home/airflow/.local/lib/python3.8/site-packages/airflow/example_dags/example_task_group_decorator.py
[2023-11-29T20:58:43.126+0000] {processor.py:829} INFO - Processing file /home/airflow/.local/lib/python3.8/site-packages/airflow/example_dags/example_task_group_decorator.py for tasks to queue
[2023-11-29T20:58:43.128+0000] {logging_mixin.py:154} INFO - [2023-11-29T20:58:43.128+0000] {dagbag.py:536} INFO - Filling up the DagBag from /home/airflow/.local/lib/python3.8/site-packages/airflow/example_dags/example_task_group_decorator.py
[2023-11-29T20:58:43.135+0000] {processor.py:839} INFO - DAG(s) dict_keys(['example_task_group_decorator']) retrieved from /home/airflow/.local/lib/python3.8/site-packages/airflow/example_dags/example_task_group_decorator.py
[2023-11-29T20:58:43.149+0000] {logging_mixin.py:154} INFO - [2023-11-29T20:58:43.149+0000] {dag.py:2941} INFO - Sync 1 DAGs
[2023-11-29T20:58:43.161+0000] {logging_mixin.py:154} INFO - [2023-11-29T20:58:43.161+0000] {dag.py:3722} INFO - Setting next_dagrun for example_task_group_decorator to 2023-11-28T20:58:43.161432+00:00, run_after=2023-11-29T20:58:43.161432+00:00
[2023-11-29T20:58:43.171+0000] {processor.py:179} INFO - Processing /home/airflow/.local/lib/python3.8/site-packages/airflow/example_dags/example_task_group_decorator.py took 0.048 seconds
[2023-11-29T20:59:14.137+0000] {processor.py:157} INFO - Started process (PID=877) to work on /home/airflow/.local/lib/python3.8/site-packages/airflow/example_dags/example_task_group_decorator.py
[2023-11-29T20:59:14.137+0000] {processor.py:829} INFO - Processing file /home/airflow/.local/lib/python3.8/site-packages/airflow/example_dags/example_task_group_decorator.py for tasks to queue
[2023-11-29T20:59:14.140+0000] {logging_mixin.py:154} INFO - [2023-11-29T20:59:14.139+0000] {dagbag.py:536} INFO - Filling up the DagBag from /home/airflow/.local/lib/python3.8/site-packages/airflow/example_dags/example_task_group_decorator.py
[2023-11-29T20:59:14.148+0000] {processor.py:839} INFO - DAG(s) dict_keys(['example_task_group_decorator']) retrieved from /home/airflow/.local/lib/python3.8/site-packages/airflow/example_dags/example_task_group_decorator.py
[2023-11-29T20:59:14.161+0000] {logging_mixin.py:154} INFO - [2023-11-29T20:59:14.161+0000] {dag.py:2941} INFO - Sync 1 DAGs
[2023-11-29T20:59:14.173+0000] {logging_mixin.py:154} INFO - [2023-11-29T20:59:14.173+0000] {dag.py:3722} INFO - Setting next_dagrun for example_task_group_decorator to 2023-11-28T20:59:14.173098+00:00, run_after=2023-11-29T20:59:14.173098+00:00
[2023-11-29T20:59:14.183+0000] {processor.py:179} INFO - Processing /home/airflow/.local/lib/python3.8/site-packages/airflow/example_dags/example_task_group_decorator.py took 0.048 seconds
[2023-11-29T20:59:44.863+0000] {processor.py:157} INFO - Started process (PID=931) to work on /home/airflow/.local/lib/python3.8/site-packages/airflow/example_dags/example_task_group_decorator.py
[2023-11-29T20:59:44.863+0000] {processor.py:829} INFO - Processing file /home/airflow/.local/lib/python3.8/site-packages/airflow/example_dags/example_task_group_decorator.py for tasks to queue
[2023-11-29T20:59:44.865+0000] {logging_mixin.py:154} INFO - [2023-11-29T20:59:44.865+0000] {dagbag.py:536} INFO - Filling up the DagBag from /home/airflow/.local/lib/python3.8/site-packages/airflow/example_dags/example_task_group_decorator.py
[2023-11-29T20:59:44.873+0000] {processor.py:839} INFO - DAG(s) dict_keys(['example_task_group_decorator']) retrieved from /home/airflow/.local/lib/python3.8/site-packages/airflow/example_dags/example_task_group_decorator.py
[2023-11-29T20:59:44.887+0000] {logging_mixin.py:154} INFO - [2023-11-29T20:59:44.887+0000] {dag.py:2941} INFO - Sync 1 DAGs
[2023-11-29T20:59:44.899+0000] {logging_mixin.py:154} INFO - [2023-11-29T20:59:44.899+0000] {dag.py:3722} INFO - Setting next_dagrun for example_task_group_decorator to 2023-11-28T20:59:44.899591+00:00, run_after=2023-11-29T20:59:44.899591+00:00
[2023-11-29T20:59:44.910+0000] {processor.py:179} INFO - Processing /home/airflow/.local/lib/python3.8/site-packages/airflow/example_dags/example_task_group_decorator.py took 0.049 seconds
[2023-11-29T21:00:15.669+0000] {processor.py:157} INFO - Started process (PID=985) to work on /home/airflow/.local/lib/python3.8/site-packages/airflow/example_dags/example_task_group_decorator.py
[2023-11-29T21:00:15.669+0000] {processor.py:829} INFO - Processing file /home/airflow/.local/lib/python3.8/site-packages/airflow/example_dags/example_task_group_decorator.py for tasks to queue
[2023-11-29T21:00:15.671+0000] {logging_mixin.py:154} INFO - [2023-11-29T21:00:15.671+0000] {dagbag.py:536} INFO - Filling up the DagBag from /home/airflow/.local/lib/python3.8/site-packages/airflow/example_dags/example_task_group_decorator.py
[2023-11-29T21:00:15.679+0000] {processor.py:839} INFO - DAG(s) dict_keys(['example_task_group_decorator']) retrieved from /home/airflow/.local/lib/python3.8/site-packages/airflow/example_dags/example_task_group_decorator.py
[2023-11-29T21:00:15.693+0000] {logging_mixin.py:154} INFO - [2023-11-29T21:00:15.693+0000] {dag.py:2941} INFO - Sync 1 DAGs
[2023-11-29T21:00:15.706+0000] {logging_mixin.py:154} INFO - [2023-11-29T21:00:15.706+0000] {dag.py:3722} INFO - Setting next_dagrun for example_task_group_decorator to 2023-11-28T21:00:15.706396+00:00, run_after=2023-11-29T21:00:15.706396+00:00
[2023-11-29T21:00:15.716+0000] {processor.py:179} INFO - Processing /home/airflow/.local/lib/python3.8/site-packages/airflow/example_dags/example_task_group_decorator.py took 0.050 seconds
[2023-11-29T21:00:46.714+0000] {processor.py:157} INFO - Started process (PID=1039) to work on /home/airflow/.local/lib/python3.8/site-packages/airflow/example_dags/example_task_group_decorator.py
[2023-11-29T21:00:46.715+0000] {processor.py:829} INFO - Processing file /home/airflow/.local/lib/python3.8/site-packages/airflow/example_dags/example_task_group_decorator.py for tasks to queue
[2023-11-29T21:00:46.717+0000] {logging_mixin.py:154} INFO - [2023-11-29T21:00:46.716+0000] {dagbag.py:536} INFO - Filling up the DagBag from /home/airflow/.local/lib/python3.8/site-packages/airflow/example_dags/example_task_group_decorator.py
[2023-11-29T21:00:46.724+0000] {processor.py:839} INFO - DAG(s) dict_keys(['example_task_group_decorator']) retrieved from /home/airflow/.local/lib/python3.8/site-packages/airflow/example_dags/example_task_group_decorator.py
[2023-11-29T21:00:46.738+0000] {logging_mixin.py:154} INFO - [2023-11-29T21:00:46.738+0000] {dag.py:2941} INFO - Sync 1 DAGs
[2023-11-29T21:00:46.749+0000] {logging_mixin.py:154} INFO - [2023-11-29T21:00:46.749+0000] {dag.py:3722} INFO - Setting next_dagrun for example_task_group_decorator to 2023-11-28T21:00:46.749325+00:00, run_after=2023-11-29T21:00:46.749325+00:00
[2023-11-29T21:00:46.758+0000] {processor.py:179} INFO - Processing /home/airflow/.local/lib/python3.8/site-packages/airflow/example_dags/example_task_group_decorator.py took 0.046 seconds
[2023-11-29T21:01:17.693+0000] {processor.py:157} INFO - Started process (PID=1093) to work on /home/airflow/.local/lib/python3.8/site-packages/airflow/example_dags/example_task_group_decorator.py
[2023-11-29T21:01:17.694+0000] {processor.py:829} INFO - Processing file /home/airflow/.local/lib/python3.8/site-packages/airflow/example_dags/example_task_group_decorator.py for tasks to queue
[2023-11-29T21:01:17.696+0000] {logging_mixin.py:154} INFO - [2023-11-29T21:01:17.696+0000] {dagbag.py:536} INFO - Filling up the DagBag from /home/airflow/.local/lib/python3.8/site-packages/airflow/example_dags/example_task_group_decorator.py
[2023-11-29T21:01:17.704+0000] {processor.py:839} INFO - DAG(s) dict_keys(['example_task_group_decorator']) retrieved from /home/airflow/.local/lib/python3.8/site-packages/airflow/example_dags/example_task_group_decorator.py
[2023-11-29T21:01:17.717+0000] {logging_mixin.py:154} INFO - [2023-11-29T21:01:17.717+0000] {dag.py:2941} INFO - Sync 1 DAGs
[2023-11-29T21:01:17.728+0000] {logging_mixin.py:154} INFO - [2023-11-29T21:01:17.728+0000] {dag.py:3722} INFO - Setting next_dagrun for example_task_group_decorator to 2023-11-28T21:01:17.728645+00:00, run_after=2023-11-29T21:01:17.728645+00:00
[2023-11-29T21:01:17.738+0000] {processor.py:179} INFO - Processing /home/airflow/.local/lib/python3.8/site-packages/airflow/example_dags/example_task_group_decorator.py took 0.047 seconds
[2023-11-29T21:01:48.434+0000] {processor.py:157} INFO - Started process (PID=1147) to work on /home/airflow/.local/lib/python3.8/site-packages/airflow/example_dags/example_task_group_decorator.py
[2023-11-29T21:01:48.435+0000] {processor.py:829} INFO - Processing file /home/airflow/.local/lib/python3.8/site-packages/airflow/example_dags/example_task_group_decorator.py for tasks to queue
[2023-11-29T21:01:48.437+0000] {logging_mixin.py:154} INFO - [2023-11-29T21:01:48.437+0000] {dagbag.py:536} INFO - Filling up the DagBag from /home/airflow/.local/lib/python3.8/site-packages/airflow/example_dags/example_task_group_decorator.py
[2023-11-29T21:01:48.444+0000] {processor.py:839} INFO - DAG(s) dict_keys(['example_task_group_decorator']) retrieved from /home/airflow/.local/lib/python3.8/site-packages/airflow/example_dags/example_task_group_decorator.py
[2023-11-29T21:01:48.459+0000] {logging_mixin.py:154} INFO - [2023-11-29T21:01:48.459+0000] {dag.py:2941} INFO - Sync 1 DAGs
[2023-11-29T21:01:48.471+0000] {logging_mixin.py:154} INFO - [2023-11-29T21:01:48.471+0000] {dag.py:3722} INFO - Setting next_dagrun for example_task_group_decorator to 2023-11-28T21:01:48.471302+00:00, run_after=2023-11-29T21:01:48.471302+00:00
[2023-11-29T21:01:48.481+0000] {processor.py:179} INFO - Processing /home/airflow/.local/lib/python3.8/site-packages/airflow/example_dags/example_task_group_decorator.py took 0.049 seconds
[2023-11-29T21:41:07.118+0000] {processor.py:157} INFO - Started process (PID=36) to work on /home/airflow/.local/lib/python3.8/site-packages/airflow/example_dags/example_task_group_decorator.py
[2023-11-29T21:41:07.123+0000] {processor.py:829} INFO - Processing file /home/airflow/.local/lib/python3.8/site-packages/airflow/example_dags/example_task_group_decorator.py for tasks to queue
[2023-11-29T21:41:07.130+0000] {logging_mixin.py:154} INFO - [2023-11-29T21:41:07.130+0000] {dagbag.py:536} INFO - Filling up the DagBag from /home/airflow/.local/lib/python3.8/site-packages/airflow/example_dags/example_task_group_decorator.py
[2023-11-29T21:41:07.152+0000] {processor.py:839} INFO - DAG(s) dict_keys(['example_task_group_decorator']) retrieved from /home/airflow/.local/lib/python3.8/site-packages/airflow/example_dags/example_task_group_decorator.py
[2023-11-29T21:41:07.298+0000] {logging_mixin.py:154} INFO - [2023-11-29T21:41:07.298+0000] {manager.py:499} INFO - Created Permission View: %s
[2023-11-29T21:41:07.303+0000] {logging_mixin.py:154} INFO - [2023-11-29T21:41:07.303+0000] {manager.py:499} INFO - Created Permission View: %s
[2023-11-29T21:41:07.307+0000] {logging_mixin.py:154} INFO - [2023-11-29T21:41:07.307+0000] {manager.py:499} INFO - Created Permission View: %s
[2023-11-29T21:41:07.307+0000] {logging_mixin.py:154} INFO - [2023-11-29T21:41:07.307+0000] {dag.py:2941} INFO - Sync 1 DAGs
[2023-11-29T21:41:07.313+0000] {logging_mixin.py:154} INFO - [2023-11-29T21:41:07.313+0000] {dag.py:2963} INFO - Creating ORM DAG for example_task_group_decorator
[2023-11-29T21:41:07.318+0000] {logging_mixin.py:154} INFO - [2023-11-29T21:41:07.318+0000] {dag.py:3722} INFO - Setting next_dagrun for example_task_group_decorator to 2023-11-28T21:41:07.318485+00:00, run_after=2023-11-29T21:41:07.318485+00:00
[2023-11-29T21:41:07.328+0000] {processor.py:179} INFO - Processing /home/airflow/.local/lib/python3.8/site-packages/airflow/example_dags/example_task_group_decorator.py took 0.212 seconds
[2023-11-29T21:41:37.582+0000] {processor.py:157} INFO - Started process (PID=90) to work on /home/airflow/.local/lib/python3.8/site-packages/airflow/example_dags/example_task_group_decorator.py
[2023-11-29T21:41:37.584+0000] {processor.py:829} INFO - Processing file /home/airflow/.local/lib/python3.8/site-packages/airflow/example_dags/example_task_group_decorator.py for tasks to queue
[2023-11-29T21:41:37.586+0000] {logging_mixin.py:154} INFO - [2023-11-29T21:41:37.586+0000] {dagbag.py:536} INFO - Filling up the DagBag from /home/airflow/.local/lib/python3.8/site-packages/airflow/example_dags/example_task_group_decorator.py
[2023-11-29T21:41:37.603+0000] {processor.py:839} INFO - DAG(s) dict_keys(['example_task_group_decorator']) retrieved from /home/airflow/.local/lib/python3.8/site-packages/airflow/example_dags/example_task_group_decorator.py
[2023-11-29T21:41:37.624+0000] {logging_mixin.py:154} INFO - [2023-11-29T21:41:37.624+0000] {dag.py:2941} INFO - Sync 1 DAGs
[2023-11-29T21:41:37.639+0000] {logging_mixin.py:154} INFO - [2023-11-29T21:41:37.639+0000] {dag.py:3722} INFO - Setting next_dagrun for example_task_group_decorator to 2023-11-28T21:41:37.639424+00:00, run_after=2023-11-29T21:41:37.639424+00:00
[2023-11-29T21:41:37.650+0000] {processor.py:179} INFO - Processing /home/airflow/.local/lib/python3.8/site-packages/airflow/example_dags/example_task_group_decorator.py took 0.073 seconds
[2023-11-29T21:42:08.307+0000] {processor.py:157} INFO - Started process (PID=144) to work on /home/airflow/.local/lib/python3.8/site-packages/airflow/example_dags/example_task_group_decorator.py
[2023-11-29T21:42:08.308+0000] {processor.py:829} INFO - Processing file /home/airflow/.local/lib/python3.8/site-packages/airflow/example_dags/example_task_group_decorator.py for tasks to queue
[2023-11-29T21:42:08.310+0000] {logging_mixin.py:154} INFO - [2023-11-29T21:42:08.310+0000] {dagbag.py:536} INFO - Filling up the DagBag from /home/airflow/.local/lib/python3.8/site-packages/airflow/example_dags/example_task_group_decorator.py
[2023-11-29T21:42:08.326+0000] {processor.py:839} INFO - DAG(s) dict_keys(['example_task_group_decorator']) retrieved from /home/airflow/.local/lib/python3.8/site-packages/airflow/example_dags/example_task_group_decorator.py
[2023-11-29T21:42:08.343+0000] {logging_mixin.py:154} INFO - [2023-11-29T21:42:08.343+0000] {dag.py:2941} INFO - Sync 1 DAGs
[2023-11-29T21:42:08.357+0000] {logging_mixin.py:154} INFO - [2023-11-29T21:42:08.357+0000] {dag.py:3722} INFO - Setting next_dagrun for example_task_group_decorator to 2023-11-28T21:42:08.357000+00:00, run_after=2023-11-29T21:42:08.357000+00:00
[2023-11-29T21:42:08.368+0000] {processor.py:179} INFO - Processing /home/airflow/.local/lib/python3.8/site-packages/airflow/example_dags/example_task_group_decorator.py took 0.065 seconds
[2023-11-29T21:42:38.980+0000] {processor.py:157} INFO - Started process (PID=198) to work on /home/airflow/.local/lib/python3.8/site-packages/airflow/example_dags/example_task_group_decorator.py
[2023-11-29T21:42:38.981+0000] {processor.py:829} INFO - Processing file /home/airflow/.local/lib/python3.8/site-packages/airflow/example_dags/example_task_group_decorator.py for tasks to queue
[2023-11-29T21:42:38.984+0000] {logging_mixin.py:154} INFO - [2023-11-29T21:42:38.984+0000] {dagbag.py:536} INFO - Filling up the DagBag from /home/airflow/.local/lib/python3.8/site-packages/airflow/example_dags/example_task_group_decorator.py
[2023-11-29T21:42:38.995+0000] {processor.py:839} INFO - DAG(s) dict_keys(['example_task_group_decorator']) retrieved from /home/airflow/.local/lib/python3.8/site-packages/airflow/example_dags/example_task_group_decorator.py
[2023-11-29T21:42:39.012+0000] {logging_mixin.py:154} INFO - [2023-11-29T21:42:39.011+0000] {dag.py:2941} INFO - Sync 1 DAGs
[2023-11-29T21:42:39.023+0000] {logging_mixin.py:154} INFO - [2023-11-29T21:42:39.023+0000] {dag.py:3722} INFO - Setting next_dagrun for example_task_group_decorator to 2023-11-28T21:42:39.023617+00:00, run_after=2023-11-29T21:42:39.023617+00:00
[2023-11-29T21:42:39.033+0000] {processor.py:179} INFO - Processing /home/airflow/.local/lib/python3.8/site-packages/airflow/example_dags/example_task_group_decorator.py took 0.058 seconds
[2023-11-29T21:43:09.071+0000] {processor.py:157} INFO - Started process (PID=252) to work on /home/airflow/.local/lib/python3.8/site-packages/airflow/example_dags/example_task_group_decorator.py
[2023-11-29T21:43:09.072+0000] {processor.py:829} INFO - Processing file /home/airflow/.local/lib/python3.8/site-packages/airflow/example_dags/example_task_group_decorator.py for tasks to queue
[2023-11-29T21:43:09.075+0000] {logging_mixin.py:154} INFO - [2023-11-29T21:43:09.075+0000] {dagbag.py:536} INFO - Filling up the DagBag from /home/airflow/.local/lib/python3.8/site-packages/airflow/example_dags/example_task_group_decorator.py
[2023-11-29T21:43:09.087+0000] {processor.py:839} INFO - DAG(s) dict_keys(['example_task_group_decorator']) retrieved from /home/airflow/.local/lib/python3.8/site-packages/airflow/example_dags/example_task_group_decorator.py
[2023-11-29T21:43:09.105+0000] {logging_mixin.py:154} INFO - [2023-11-29T21:43:09.105+0000] {dag.py:2941} INFO - Sync 1 DAGs
[2023-11-29T21:43:09.118+0000] {logging_mixin.py:154} INFO - [2023-11-29T21:43:09.117+0000] {dag.py:3722} INFO - Setting next_dagrun for example_task_group_decorator to 2023-11-28T21:43:09.117781+00:00, run_after=2023-11-29T21:43:09.117781+00:00
[2023-11-29T21:43:09.128+0000] {processor.py:179} INFO - Processing /home/airflow/.local/lib/python3.8/site-packages/airflow/example_dags/example_task_group_decorator.py took 0.063 seconds
[2023-11-29T21:43:39.219+0000] {processor.py:157} INFO - Started process (PID=306) to work on /home/airflow/.local/lib/python3.8/site-packages/airflow/example_dags/example_task_group_decorator.py
[2023-11-29T21:43:39.220+0000] {processor.py:829} INFO - Processing file /home/airflow/.local/lib/python3.8/site-packages/airflow/example_dags/example_task_group_decorator.py for tasks to queue
[2023-11-29T21:43:39.223+0000] {logging_mixin.py:154} INFO - [2023-11-29T21:43:39.222+0000] {dagbag.py:536} INFO - Filling up the DagBag from /home/airflow/.local/lib/python3.8/site-packages/airflow/example_dags/example_task_group_decorator.py
[2023-11-29T21:43:39.235+0000] {processor.py:839} INFO - DAG(s) dict_keys(['example_task_group_decorator']) retrieved from /home/airflow/.local/lib/python3.8/site-packages/airflow/example_dags/example_task_group_decorator.py
[2023-11-29T21:43:39.254+0000] {logging_mixin.py:154} INFO - [2023-11-29T21:43:39.254+0000] {dag.py:2941} INFO - Sync 1 DAGs
[2023-11-29T21:43:39.267+0000] {logging_mixin.py:154} INFO - [2023-11-29T21:43:39.267+0000] {dag.py:3722} INFO - Setting next_dagrun for example_task_group_decorator to 2023-11-28T21:43:39.267479+00:00, run_after=2023-11-29T21:43:39.267479+00:00
[2023-11-29T21:43:39.278+0000] {processor.py:179} INFO - Processing /home/airflow/.local/lib/python3.8/site-packages/airflow/example_dags/example_task_group_decorator.py took 0.064 seconds
[2023-11-29T21:44:09.346+0000] {processor.py:157} INFO - Started process (PID=360) to work on /home/airflow/.local/lib/python3.8/site-packages/airflow/example_dags/example_task_group_decorator.py
[2023-11-29T21:44:09.348+0000] {processor.py:829} INFO - Processing file /home/airflow/.local/lib/python3.8/site-packages/airflow/example_dags/example_task_group_decorator.py for tasks to queue
[2023-11-29T21:44:09.351+0000] {logging_mixin.py:154} INFO - [2023-11-29T21:44:09.351+0000] {dagbag.py:536} INFO - Filling up the DagBag from /home/airflow/.local/lib/python3.8/site-packages/airflow/example_dags/example_task_group_decorator.py
[2023-11-29T21:44:09.363+0000] {processor.py:839} INFO - DAG(s) dict_keys(['example_task_group_decorator']) retrieved from /home/airflow/.local/lib/python3.8/site-packages/airflow/example_dags/example_task_group_decorator.py
[2023-11-29T21:44:09.380+0000] {logging_mixin.py:154} INFO - [2023-11-29T21:44:09.380+0000] {dag.py:2941} INFO - Sync 1 DAGs
[2023-11-29T21:44:09.392+0000] {logging_mixin.py:154} INFO - [2023-11-29T21:44:09.392+0000] {dag.py:3722} INFO - Setting next_dagrun for example_task_group_decorator to 2023-11-28T21:44:09.392137+00:00, run_after=2023-11-29T21:44:09.392137+00:00
[2023-11-29T21:44:09.401+0000] {processor.py:179} INFO - Processing /home/airflow/.local/lib/python3.8/site-packages/airflow/example_dags/example_task_group_decorator.py took 0.061 seconds
