[2023-11-29T20:51:39.181+0000] {processor.py:157} INFO - Started process (PID=55) to work on /home/airflow/.local/lib/python3.8/site-packages/airflow/example_dags/example_setup_teardown_taskflow.py
[2023-11-29T20:51:39.182+0000] {processor.py:829} INFO - Processing file /home/airflow/.local/lib/python3.8/site-packages/airflow/example_dags/example_setup_teardown_taskflow.py for tasks to queue
[2023-11-29T20:51:39.183+0000] {logging_mixin.py:154} INFO - [2023-11-29T20:51:39.183+0000] {dagbag.py:536} INFO - Filling up the DagBag from /home/airflow/.local/lib/python3.8/site-packages/airflow/example_dags/example_setup_teardown_taskflow.py
[2023-11-29T20:51:39.192+0000] {processor.py:839} INFO - DAG(s) dict_keys(['example_setup_teardown_taskflow']) retrieved from /home/airflow/.local/lib/python3.8/site-packages/airflow/example_dags/example_setup_teardown_taskflow.py
[2023-11-29T20:51:39.274+0000] {logging_mixin.py:154} INFO - [2023-11-29T20:51:39.274+0000] {dag.py:2941} INFO - Sync 1 DAGs
[2023-11-29T20:51:39.287+0000] {logging_mixin.py:154} INFO - [2023-11-29T20:51:39.287+0000] {dag.py:3722} INFO - Setting next_dagrun for example_setup_teardown_taskflow to 2023-11-28T20:51:39.287697+00:00, run_after=2023-11-29T20:51:39.287697+00:00
[2023-11-29T20:51:39.300+0000] {processor.py:179} INFO - Processing /home/airflow/.local/lib/python3.8/site-packages/airflow/example_dags/example_setup_teardown_taskflow.py took 0.122 seconds
[2023-11-29T20:52:09.752+0000] {processor.py:157} INFO - Started process (PID=109) to work on /home/airflow/.local/lib/python3.8/site-packages/airflow/example_dags/example_setup_teardown_taskflow.py
[2023-11-29T20:52:09.753+0000] {processor.py:829} INFO - Processing file /home/airflow/.local/lib/python3.8/site-packages/airflow/example_dags/example_setup_teardown_taskflow.py for tasks to queue
[2023-11-29T20:52:09.754+0000] {logging_mixin.py:154} INFO - [2023-11-29T20:52:09.754+0000] {dagbag.py:536} INFO - Filling up the DagBag from /home/airflow/.local/lib/python3.8/site-packages/airflow/example_dags/example_setup_teardown_taskflow.py
[2023-11-29T20:52:09.760+0000] {processor.py:839} INFO - DAG(s) dict_keys(['example_setup_teardown_taskflow']) retrieved from /home/airflow/.local/lib/python3.8/site-packages/airflow/example_dags/example_setup_teardown_taskflow.py
[2023-11-29T20:52:09.767+0000] {logging_mixin.py:154} INFO - [2023-11-29T20:52:09.767+0000] {dag.py:2941} INFO - Sync 1 DAGs
[2023-11-29T20:52:09.779+0000] {logging_mixin.py:154} INFO - [2023-11-29T20:52:09.779+0000] {dag.py:3722} INFO - Setting next_dagrun for example_setup_teardown_taskflow to 2023-11-28T20:52:09.779063+00:00, run_after=2023-11-29T20:52:09.779063+00:00
[2023-11-29T20:52:09.789+0000] {processor.py:179} INFO - Processing /home/airflow/.local/lib/python3.8/site-packages/airflow/example_dags/example_setup_teardown_taskflow.py took 0.039 seconds
[2023-11-29T20:52:40.581+0000] {processor.py:157} INFO - Started process (PID=163) to work on /home/airflow/.local/lib/python3.8/site-packages/airflow/example_dags/example_setup_teardown_taskflow.py
[2023-11-29T20:52:40.582+0000] {processor.py:829} INFO - Processing file /home/airflow/.local/lib/python3.8/site-packages/airflow/example_dags/example_setup_teardown_taskflow.py for tasks to queue
[2023-11-29T20:52:40.583+0000] {logging_mixin.py:154} INFO - [2023-11-29T20:52:40.583+0000] {dagbag.py:536} INFO - Filling up the DagBag from /home/airflow/.local/lib/python3.8/site-packages/airflow/example_dags/example_setup_teardown_taskflow.py
[2023-11-29T20:52:40.589+0000] {processor.py:839} INFO - DAG(s) dict_keys(['example_setup_teardown_taskflow']) retrieved from /home/airflow/.local/lib/python3.8/site-packages/airflow/example_dags/example_setup_teardown_taskflow.py
[2023-11-29T20:52:40.601+0000] {logging_mixin.py:154} INFO - [2023-11-29T20:52:40.601+0000] {dag.py:2941} INFO - Sync 1 DAGs
[2023-11-29T20:52:40.613+0000] {logging_mixin.py:154} INFO - [2023-11-29T20:52:40.613+0000] {dag.py:3722} INFO - Setting next_dagrun for example_setup_teardown_taskflow to 2023-11-28T20:52:40.613333+00:00, run_after=2023-11-29T20:52:40.613333+00:00
[2023-11-29T20:52:40.622+0000] {processor.py:179} INFO - Processing /home/airflow/.local/lib/python3.8/site-packages/airflow/example_dags/example_setup_teardown_taskflow.py took 0.043 seconds
[2023-11-29T20:53:10.734+0000] {processor.py:157} INFO - Started process (PID=217) to work on /home/airflow/.local/lib/python3.8/site-packages/airflow/example_dags/example_setup_teardown_taskflow.py
[2023-11-29T20:53:10.735+0000] {processor.py:829} INFO - Processing file /home/airflow/.local/lib/python3.8/site-packages/airflow/example_dags/example_setup_teardown_taskflow.py for tasks to queue
[2023-11-29T20:53:10.736+0000] {logging_mixin.py:154} INFO - [2023-11-29T20:53:10.736+0000] {dagbag.py:536} INFO - Filling up the DagBag from /home/airflow/.local/lib/python3.8/site-packages/airflow/example_dags/example_setup_teardown_taskflow.py
[2023-11-29T20:53:10.742+0000] {processor.py:839} INFO - DAG(s) dict_keys(['example_setup_teardown_taskflow']) retrieved from /home/airflow/.local/lib/python3.8/site-packages/airflow/example_dags/example_setup_teardown_taskflow.py
[2023-11-29T20:53:10.754+0000] {logging_mixin.py:154} INFO - [2023-11-29T20:53:10.754+0000] {dag.py:2941} INFO - Sync 1 DAGs
[2023-11-29T20:53:10.766+0000] {logging_mixin.py:154} INFO - [2023-11-29T20:53:10.766+0000] {dag.py:3722} INFO - Setting next_dagrun for example_setup_teardown_taskflow to 2023-11-28T20:53:10.766065+00:00, run_after=2023-11-29T20:53:10.766065+00:00
[2023-11-29T20:53:10.775+0000] {processor.py:179} INFO - Processing /home/airflow/.local/lib/python3.8/site-packages/airflow/example_dags/example_setup_teardown_taskflow.py took 0.043 seconds
[2023-11-29T20:53:40.871+0000] {processor.py:157} INFO - Started process (PID=271) to work on /home/airflow/.local/lib/python3.8/site-packages/airflow/example_dags/example_setup_teardown_taskflow.py
[2023-11-29T20:53:40.872+0000] {processor.py:829} INFO - Processing file /home/airflow/.local/lib/python3.8/site-packages/airflow/example_dags/example_setup_teardown_taskflow.py for tasks to queue
[2023-11-29T20:53:40.873+0000] {logging_mixin.py:154} INFO - [2023-11-29T20:53:40.873+0000] {dagbag.py:536} INFO - Filling up the DagBag from /home/airflow/.local/lib/python3.8/site-packages/airflow/example_dags/example_setup_teardown_taskflow.py
[2023-11-29T20:53:40.879+0000] {processor.py:839} INFO - DAG(s) dict_keys(['example_setup_teardown_taskflow']) retrieved from /home/airflow/.local/lib/python3.8/site-packages/airflow/example_dags/example_setup_teardown_taskflow.py
[2023-11-29T20:53:40.892+0000] {logging_mixin.py:154} INFO - [2023-11-29T20:53:40.892+0000] {dag.py:2941} INFO - Sync 1 DAGs
[2023-11-29T20:53:40.903+0000] {logging_mixin.py:154} INFO - [2023-11-29T20:53:40.903+0000] {dag.py:3722} INFO - Setting next_dagrun for example_setup_teardown_taskflow to 2023-11-28T20:53:40.903273+00:00, run_after=2023-11-29T20:53:40.903273+00:00
[2023-11-29T20:53:40.912+0000] {processor.py:179} INFO - Processing /home/airflow/.local/lib/python3.8/site-packages/airflow/example_dags/example_setup_teardown_taskflow.py took 0.042 seconds
[2023-11-29T20:54:10.979+0000] {processor.py:157} INFO - Started process (PID=325) to work on /home/airflow/.local/lib/python3.8/site-packages/airflow/example_dags/example_setup_teardown_taskflow.py
[2023-11-29T20:54:10.980+0000] {processor.py:829} INFO - Processing file /home/airflow/.local/lib/python3.8/site-packages/airflow/example_dags/example_setup_teardown_taskflow.py for tasks to queue
[2023-11-29T20:54:10.981+0000] {logging_mixin.py:154} INFO - [2023-11-29T20:54:10.981+0000] {dagbag.py:536} INFO - Filling up the DagBag from /home/airflow/.local/lib/python3.8/site-packages/airflow/example_dags/example_setup_teardown_taskflow.py
[2023-11-29T20:54:10.987+0000] {processor.py:839} INFO - DAG(s) dict_keys(['example_setup_teardown_taskflow']) retrieved from /home/airflow/.local/lib/python3.8/site-packages/airflow/example_dags/example_setup_teardown_taskflow.py
[2023-11-29T20:54:10.999+0000] {logging_mixin.py:154} INFO - [2023-11-29T20:54:10.999+0000] {dag.py:2941} INFO - Sync 1 DAGs
[2023-11-29T20:54:11.011+0000] {logging_mixin.py:154} INFO - [2023-11-29T20:54:11.011+0000] {dag.py:3722} INFO - Setting next_dagrun for example_setup_teardown_taskflow to 2023-11-28T20:54:11.010872+00:00, run_after=2023-11-29T20:54:11.010872+00:00
[2023-11-29T20:54:11.020+0000] {processor.py:179} INFO - Processing /home/airflow/.local/lib/python3.8/site-packages/airflow/example_dags/example_setup_teardown_taskflow.py took 0.043 seconds
[2023-11-29T20:54:41.073+0000] {processor.py:157} INFO - Started process (PID=379) to work on /home/airflow/.local/lib/python3.8/site-packages/airflow/example_dags/example_setup_teardown_taskflow.py
[2023-11-29T20:54:41.073+0000] {processor.py:829} INFO - Processing file /home/airflow/.local/lib/python3.8/site-packages/airflow/example_dags/example_setup_teardown_taskflow.py for tasks to queue
[2023-11-29T20:54:41.075+0000] {logging_mixin.py:154} INFO - [2023-11-29T20:54:41.075+0000] {dagbag.py:536} INFO - Filling up the DagBag from /home/airflow/.local/lib/python3.8/site-packages/airflow/example_dags/example_setup_teardown_taskflow.py
[2023-11-29T20:54:41.080+0000] {processor.py:839} INFO - DAG(s) dict_keys(['example_setup_teardown_taskflow']) retrieved from /home/airflow/.local/lib/python3.8/site-packages/airflow/example_dags/example_setup_teardown_taskflow.py
[2023-11-29T20:54:41.092+0000] {logging_mixin.py:154} INFO - [2023-11-29T20:54:41.092+0000] {dag.py:2941} INFO - Sync 1 DAGs
[2023-11-29T20:54:41.104+0000] {logging_mixin.py:154} INFO - [2023-11-29T20:54:41.104+0000] {dag.py:3722} INFO - Setting next_dagrun for example_setup_teardown_taskflow to 2023-11-28T20:54:41.104524+00:00, run_after=2023-11-29T20:54:41.104524+00:00
[2023-11-29T20:54:41.116+0000] {processor.py:179} INFO - Processing /home/airflow/.local/lib/python3.8/site-packages/airflow/example_dags/example_setup_teardown_taskflow.py took 0.045 seconds
[2023-11-29T20:55:11.160+0000] {processor.py:157} INFO - Started process (PID=433) to work on /home/airflow/.local/lib/python3.8/site-packages/airflow/example_dags/example_setup_teardown_taskflow.py
[2023-11-29T20:55:11.161+0000] {processor.py:829} INFO - Processing file /home/airflow/.local/lib/python3.8/site-packages/airflow/example_dags/example_setup_teardown_taskflow.py for tasks to queue
[2023-11-29T20:55:11.162+0000] {logging_mixin.py:154} INFO - [2023-11-29T20:55:11.162+0000] {dagbag.py:536} INFO - Filling up the DagBag from /home/airflow/.local/lib/python3.8/site-packages/airflow/example_dags/example_setup_teardown_taskflow.py
[2023-11-29T20:55:11.167+0000] {processor.py:839} INFO - DAG(s) dict_keys(['example_setup_teardown_taskflow']) retrieved from /home/airflow/.local/lib/python3.8/site-packages/airflow/example_dags/example_setup_teardown_taskflow.py
[2023-11-29T20:55:11.179+0000] {logging_mixin.py:154} INFO - [2023-11-29T20:55:11.179+0000] {dag.py:2941} INFO - Sync 1 DAGs
[2023-11-29T20:55:11.190+0000] {logging_mixin.py:154} INFO - [2023-11-29T20:55:11.190+0000] {dag.py:3722} INFO - Setting next_dagrun for example_setup_teardown_taskflow to 2023-11-28T20:55:11.190563+00:00, run_after=2023-11-29T20:55:11.190563+00:00
[2023-11-29T20:55:11.200+0000] {processor.py:179} INFO - Processing /home/airflow/.local/lib/python3.8/site-packages/airflow/example_dags/example_setup_teardown_taskflow.py took 0.042 seconds
[2023-11-29T20:55:41.318+0000] {processor.py:157} INFO - Started process (PID=487) to work on /home/airflow/.local/lib/python3.8/site-packages/airflow/example_dags/example_setup_teardown_taskflow.py
[2023-11-29T20:55:41.319+0000] {processor.py:829} INFO - Processing file /home/airflow/.local/lib/python3.8/site-packages/airflow/example_dags/example_setup_teardown_taskflow.py for tasks to queue
[2023-11-29T20:55:41.320+0000] {logging_mixin.py:154} INFO - [2023-11-29T20:55:41.320+0000] {dagbag.py:536} INFO - Filling up the DagBag from /home/airflow/.local/lib/python3.8/site-packages/airflow/example_dags/example_setup_teardown_taskflow.py
[2023-11-29T20:55:41.326+0000] {processor.py:839} INFO - DAG(s) dict_keys(['example_setup_teardown_taskflow']) retrieved from /home/airflow/.local/lib/python3.8/site-packages/airflow/example_dags/example_setup_teardown_taskflow.py
[2023-11-29T20:55:41.339+0000] {logging_mixin.py:154} INFO - [2023-11-29T20:55:41.339+0000] {dag.py:2941} INFO - Sync 1 DAGs
[2023-11-29T20:55:41.351+0000] {logging_mixin.py:154} INFO - [2023-11-29T20:55:41.351+0000] {dag.py:3722} INFO - Setting next_dagrun for example_setup_teardown_taskflow to 2023-11-28T20:55:41.351460+00:00, run_after=2023-11-29T20:55:41.351460+00:00
[2023-11-29T20:55:41.362+0000] {processor.py:179} INFO - Processing /home/airflow/.local/lib/python3.8/site-packages/airflow/example_dags/example_setup_teardown_taskflow.py took 0.045 seconds
[2023-11-29T20:56:11.418+0000] {processor.py:157} INFO - Started process (PID=541) to work on /home/airflow/.local/lib/python3.8/site-packages/airflow/example_dags/example_setup_teardown_taskflow.py
[2023-11-29T20:56:11.418+0000] {processor.py:829} INFO - Processing file /home/airflow/.local/lib/python3.8/site-packages/airflow/example_dags/example_setup_teardown_taskflow.py for tasks to queue
[2023-11-29T20:56:11.420+0000] {logging_mixin.py:154} INFO - [2023-11-29T20:56:11.420+0000] {dagbag.py:536} INFO - Filling up the DagBag from /home/airflow/.local/lib/python3.8/site-packages/airflow/example_dags/example_setup_teardown_taskflow.py
[2023-11-29T20:56:11.426+0000] {processor.py:839} INFO - DAG(s) dict_keys(['example_setup_teardown_taskflow']) retrieved from /home/airflow/.local/lib/python3.8/site-packages/airflow/example_dags/example_setup_teardown_taskflow.py
[2023-11-29T20:56:11.438+0000] {logging_mixin.py:154} INFO - [2023-11-29T20:56:11.438+0000] {dag.py:2941} INFO - Sync 1 DAGs
[2023-11-29T20:56:11.450+0000] {logging_mixin.py:154} INFO - [2023-11-29T20:56:11.450+0000] {dag.py:3722} INFO - Setting next_dagrun for example_setup_teardown_taskflow to 2023-11-28T20:56:11.450568+00:00, run_after=2023-11-29T20:56:11.450568+00:00
[2023-11-29T20:56:11.459+0000] {processor.py:179} INFO - Processing /home/airflow/.local/lib/python3.8/site-packages/airflow/example_dags/example_setup_teardown_taskflow.py took 0.044 seconds
[2023-11-29T20:56:42.369+0000] {processor.py:157} INFO - Started process (PID=595) to work on /home/airflow/.local/lib/python3.8/site-packages/airflow/example_dags/example_setup_teardown_taskflow.py
[2023-11-29T20:56:42.370+0000] {processor.py:829} INFO - Processing file /home/airflow/.local/lib/python3.8/site-packages/airflow/example_dags/example_setup_teardown_taskflow.py for tasks to queue
[2023-11-29T20:56:42.371+0000] {logging_mixin.py:154} INFO - [2023-11-29T20:56:42.371+0000] {dagbag.py:536} INFO - Filling up the DagBag from /home/airflow/.local/lib/python3.8/site-packages/airflow/example_dags/example_setup_teardown_taskflow.py
[2023-11-29T20:56:42.376+0000] {processor.py:839} INFO - DAG(s) dict_keys(['example_setup_teardown_taskflow']) retrieved from /home/airflow/.local/lib/python3.8/site-packages/airflow/example_dags/example_setup_teardown_taskflow.py
[2023-11-29T20:56:42.389+0000] {logging_mixin.py:154} INFO - [2023-11-29T20:56:42.389+0000] {dag.py:2941} INFO - Sync 1 DAGs
[2023-11-29T20:56:42.400+0000] {logging_mixin.py:154} INFO - [2023-11-29T20:56:42.400+0000] {dag.py:3722} INFO - Setting next_dagrun for example_setup_teardown_taskflow to 2023-11-28T20:56:42.400635+00:00, run_after=2023-11-29T20:56:42.400635+00:00
[2023-11-29T20:56:42.410+0000] {processor.py:179} INFO - Processing /home/airflow/.local/lib/python3.8/site-packages/airflow/example_dags/example_setup_teardown_taskflow.py took 0.043 seconds
[2023-11-29T20:57:12.437+0000] {processor.py:157} INFO - Started process (PID=649) to work on /home/airflow/.local/lib/python3.8/site-packages/airflow/example_dags/example_setup_teardown_taskflow.py
[2023-11-29T20:57:12.437+0000] {processor.py:829} INFO - Processing file /home/airflow/.local/lib/python3.8/site-packages/airflow/example_dags/example_setup_teardown_taskflow.py for tasks to queue
[2023-11-29T20:57:12.438+0000] {logging_mixin.py:154} INFO - [2023-11-29T20:57:12.438+0000] {dagbag.py:536} INFO - Filling up the DagBag from /home/airflow/.local/lib/python3.8/site-packages/airflow/example_dags/example_setup_teardown_taskflow.py
[2023-11-29T20:57:12.444+0000] {processor.py:839} INFO - DAG(s) dict_keys(['example_setup_teardown_taskflow']) retrieved from /home/airflow/.local/lib/python3.8/site-packages/airflow/example_dags/example_setup_teardown_taskflow.py
[2023-11-29T20:57:12.456+0000] {logging_mixin.py:154} INFO - [2023-11-29T20:57:12.456+0000] {dag.py:2941} INFO - Sync 1 DAGs
[2023-11-29T20:57:12.467+0000] {logging_mixin.py:154} INFO - [2023-11-29T20:57:12.467+0000] {dag.py:3722} INFO - Setting next_dagrun for example_setup_teardown_taskflow to 2023-11-28T20:57:12.466975+00:00, run_after=2023-11-29T20:57:12.466975+00:00
[2023-11-29T20:57:12.476+0000] {processor.py:179} INFO - Processing /home/airflow/.local/lib/python3.8/site-packages/airflow/example_dags/example_setup_teardown_taskflow.py took 0.042 seconds
[2023-11-29T20:57:42.551+0000] {processor.py:157} INFO - Started process (PID=703) to work on /home/airflow/.local/lib/python3.8/site-packages/airflow/example_dags/example_setup_teardown_taskflow.py
[2023-11-29T20:57:42.552+0000] {processor.py:829} INFO - Processing file /home/airflow/.local/lib/python3.8/site-packages/airflow/example_dags/example_setup_teardown_taskflow.py for tasks to queue
[2023-11-29T20:57:42.553+0000] {logging_mixin.py:154} INFO - [2023-11-29T20:57:42.553+0000] {dagbag.py:536} INFO - Filling up the DagBag from /home/airflow/.local/lib/python3.8/site-packages/airflow/example_dags/example_setup_teardown_taskflow.py
[2023-11-29T20:57:42.559+0000] {processor.py:839} INFO - DAG(s) dict_keys(['example_setup_teardown_taskflow']) retrieved from /home/airflow/.local/lib/python3.8/site-packages/airflow/example_dags/example_setup_teardown_taskflow.py
[2023-11-29T20:57:42.571+0000] {logging_mixin.py:154} INFO - [2023-11-29T20:57:42.571+0000] {dag.py:2941} INFO - Sync 1 DAGs
[2023-11-29T20:57:42.582+0000] {logging_mixin.py:154} INFO - [2023-11-29T20:57:42.582+0000] {dag.py:3722} INFO - Setting next_dagrun for example_setup_teardown_taskflow to 2023-11-28T20:57:42.582058+00:00, run_after=2023-11-29T20:57:42.582058+00:00
[2023-11-29T20:57:42.591+0000] {processor.py:179} INFO - Processing /home/airflow/.local/lib/python3.8/site-packages/airflow/example_dags/example_setup_teardown_taskflow.py took 0.041 seconds
[2023-11-29T20:58:12.629+0000] {processor.py:157} INFO - Started process (PID=757) to work on /home/airflow/.local/lib/python3.8/site-packages/airflow/example_dags/example_setup_teardown_taskflow.py
[2023-11-29T20:58:12.629+0000] {processor.py:829} INFO - Processing file /home/airflow/.local/lib/python3.8/site-packages/airflow/example_dags/example_setup_teardown_taskflow.py for tasks to queue
[2023-11-29T20:58:12.631+0000] {logging_mixin.py:154} INFO - [2023-11-29T20:58:12.631+0000] {dagbag.py:536} INFO - Filling up the DagBag from /home/airflow/.local/lib/python3.8/site-packages/airflow/example_dags/example_setup_teardown_taskflow.py
[2023-11-29T20:58:12.637+0000] {processor.py:839} INFO - DAG(s) dict_keys(['example_setup_teardown_taskflow']) retrieved from /home/airflow/.local/lib/python3.8/site-packages/airflow/example_dags/example_setup_teardown_taskflow.py
[2023-11-29T20:58:12.650+0000] {logging_mixin.py:154} INFO - [2023-11-29T20:58:12.650+0000] {dag.py:2941} INFO - Sync 1 DAGs
[2023-11-29T20:58:12.662+0000] {logging_mixin.py:154} INFO - [2023-11-29T20:58:12.662+0000] {dag.py:3722} INFO - Setting next_dagrun for example_setup_teardown_taskflow to 2023-11-28T20:58:12.662571+00:00, run_after=2023-11-29T20:58:12.662571+00:00
[2023-11-29T20:58:12.672+0000] {processor.py:179} INFO - Processing /home/airflow/.local/lib/python3.8/site-packages/airflow/example_dags/example_setup_teardown_taskflow.py took 0.046 seconds
[2023-11-29T20:58:42.804+0000] {processor.py:157} INFO - Started process (PID=811) to work on /home/airflow/.local/lib/python3.8/site-packages/airflow/example_dags/example_setup_teardown_taskflow.py
[2023-11-29T20:58:42.805+0000] {processor.py:829} INFO - Processing file /home/airflow/.local/lib/python3.8/site-packages/airflow/example_dags/example_setup_teardown_taskflow.py for tasks to queue
[2023-11-29T20:58:42.806+0000] {logging_mixin.py:154} INFO - [2023-11-29T20:58:42.806+0000] {dagbag.py:536} INFO - Filling up the DagBag from /home/airflow/.local/lib/python3.8/site-packages/airflow/example_dags/example_setup_teardown_taskflow.py
[2023-11-29T20:58:42.812+0000] {processor.py:839} INFO - DAG(s) dict_keys(['example_setup_teardown_taskflow']) retrieved from /home/airflow/.local/lib/python3.8/site-packages/airflow/example_dags/example_setup_teardown_taskflow.py
[2023-11-29T20:58:42.825+0000] {logging_mixin.py:154} INFO - [2023-11-29T20:58:42.825+0000] {dag.py:2941} INFO - Sync 1 DAGs
[2023-11-29T20:58:42.837+0000] {logging_mixin.py:154} INFO - [2023-11-29T20:58:42.837+0000] {dag.py:3722} INFO - Setting next_dagrun for example_setup_teardown_taskflow to 2023-11-28T20:58:42.837373+00:00, run_after=2023-11-29T20:58:42.837373+00:00
[2023-11-29T20:58:42.846+0000] {processor.py:179} INFO - Processing /home/airflow/.local/lib/python3.8/site-packages/airflow/example_dags/example_setup_teardown_taskflow.py took 0.045 seconds
[2023-11-29T20:59:13.716+0000] {processor.py:157} INFO - Started process (PID=865) to work on /home/airflow/.local/lib/python3.8/site-packages/airflow/example_dags/example_setup_teardown_taskflow.py
[2023-11-29T20:59:13.717+0000] {processor.py:829} INFO - Processing file /home/airflow/.local/lib/python3.8/site-packages/airflow/example_dags/example_setup_teardown_taskflow.py for tasks to queue
[2023-11-29T20:59:13.718+0000] {logging_mixin.py:154} INFO - [2023-11-29T20:59:13.718+0000] {dagbag.py:536} INFO - Filling up the DagBag from /home/airflow/.local/lib/python3.8/site-packages/airflow/example_dags/example_setup_teardown_taskflow.py
[2023-11-29T20:59:13.724+0000] {processor.py:839} INFO - DAG(s) dict_keys(['example_setup_teardown_taskflow']) retrieved from /home/airflow/.local/lib/python3.8/site-packages/airflow/example_dags/example_setup_teardown_taskflow.py
[2023-11-29T20:59:13.736+0000] {logging_mixin.py:154} INFO - [2023-11-29T20:59:13.736+0000] {dag.py:2941} INFO - Sync 1 DAGs
[2023-11-29T20:59:13.747+0000] {logging_mixin.py:154} INFO - [2023-11-29T20:59:13.747+0000] {dag.py:3722} INFO - Setting next_dagrun for example_setup_teardown_taskflow to 2023-11-28T20:59:13.747466+00:00, run_after=2023-11-29T20:59:13.747466+00:00
[2023-11-29T20:59:13.756+0000] {processor.py:179} INFO - Processing /home/airflow/.local/lib/python3.8/site-packages/airflow/example_dags/example_setup_teardown_taskflow.py took 0.042 seconds
[2023-11-29T20:59:44.536+0000] {processor.py:157} INFO - Started process (PID=919) to work on /home/airflow/.local/lib/python3.8/site-packages/airflow/example_dags/example_setup_teardown_taskflow.py
[2023-11-29T20:59:44.537+0000] {processor.py:829} INFO - Processing file /home/airflow/.local/lib/python3.8/site-packages/airflow/example_dags/example_setup_teardown_taskflow.py for tasks to queue
[2023-11-29T20:59:44.538+0000] {logging_mixin.py:154} INFO - [2023-11-29T20:59:44.538+0000] {dagbag.py:536} INFO - Filling up the DagBag from /home/airflow/.local/lib/python3.8/site-packages/airflow/example_dags/example_setup_teardown_taskflow.py
[2023-11-29T20:59:44.544+0000] {processor.py:839} INFO - DAG(s) dict_keys(['example_setup_teardown_taskflow']) retrieved from /home/airflow/.local/lib/python3.8/site-packages/airflow/example_dags/example_setup_teardown_taskflow.py
[2023-11-29T20:59:44.557+0000] {logging_mixin.py:154} INFO - [2023-11-29T20:59:44.557+0000] {dag.py:2941} INFO - Sync 1 DAGs
[2023-11-29T20:59:44.570+0000] {logging_mixin.py:154} INFO - [2023-11-29T20:59:44.570+0000] {dag.py:3722} INFO - Setting next_dagrun for example_setup_teardown_taskflow to 2023-11-28T20:59:44.570579+00:00, run_after=2023-11-29T20:59:44.570579+00:00
[2023-11-29T20:59:44.581+0000] {processor.py:179} INFO - Processing /home/airflow/.local/lib/python3.8/site-packages/airflow/example_dags/example_setup_teardown_taskflow.py took 0.047 seconds
[2023-11-29T21:00:15.340+0000] {processor.py:157} INFO - Started process (PID=973) to work on /home/airflow/.local/lib/python3.8/site-packages/airflow/example_dags/example_setup_teardown_taskflow.py
[2023-11-29T21:00:15.341+0000] {processor.py:829} INFO - Processing file /home/airflow/.local/lib/python3.8/site-packages/airflow/example_dags/example_setup_teardown_taskflow.py for tasks to queue
[2023-11-29T21:00:15.343+0000] {logging_mixin.py:154} INFO - [2023-11-29T21:00:15.343+0000] {dagbag.py:536} INFO - Filling up the DagBag from /home/airflow/.local/lib/python3.8/site-packages/airflow/example_dags/example_setup_teardown_taskflow.py
[2023-11-29T21:00:15.348+0000] {processor.py:839} INFO - DAG(s) dict_keys(['example_setup_teardown_taskflow']) retrieved from /home/airflow/.local/lib/python3.8/site-packages/airflow/example_dags/example_setup_teardown_taskflow.py
[2023-11-29T21:00:15.362+0000] {logging_mixin.py:154} INFO - [2023-11-29T21:00:15.362+0000] {dag.py:2941} INFO - Sync 1 DAGs
[2023-11-29T21:00:15.375+0000] {logging_mixin.py:154} INFO - [2023-11-29T21:00:15.375+0000] {dag.py:3722} INFO - Setting next_dagrun for example_setup_teardown_taskflow to 2023-11-28T21:00:15.375443+00:00, run_after=2023-11-29T21:00:15.375443+00:00
[2023-11-29T21:00:15.386+0000] {processor.py:179} INFO - Processing /home/airflow/.local/lib/python3.8/site-packages/airflow/example_dags/example_setup_teardown_taskflow.py took 0.048 seconds
[2023-11-29T21:00:46.294+0000] {processor.py:157} INFO - Started process (PID=1027) to work on /home/airflow/.local/lib/python3.8/site-packages/airflow/example_dags/example_setup_teardown_taskflow.py
[2023-11-29T21:00:46.294+0000] {processor.py:829} INFO - Processing file /home/airflow/.local/lib/python3.8/site-packages/airflow/example_dags/example_setup_teardown_taskflow.py for tasks to queue
[2023-11-29T21:00:46.296+0000] {logging_mixin.py:154} INFO - [2023-11-29T21:00:46.296+0000] {dagbag.py:536} INFO - Filling up the DagBag from /home/airflow/.local/lib/python3.8/site-packages/airflow/example_dags/example_setup_teardown_taskflow.py
[2023-11-29T21:00:46.301+0000] {processor.py:839} INFO - DAG(s) dict_keys(['example_setup_teardown_taskflow']) retrieved from /home/airflow/.local/lib/python3.8/site-packages/airflow/example_dags/example_setup_teardown_taskflow.py
[2023-11-29T21:00:46.314+0000] {logging_mixin.py:154} INFO - [2023-11-29T21:00:46.314+0000] {dag.py:2941} INFO - Sync 1 DAGs
[2023-11-29T21:00:46.326+0000] {logging_mixin.py:154} INFO - [2023-11-29T21:00:46.326+0000] {dag.py:3722} INFO - Setting next_dagrun for example_setup_teardown_taskflow to 2023-11-28T21:00:46.326239+00:00, run_after=2023-11-29T21:00:46.326239+00:00
[2023-11-29T21:00:46.335+0000] {processor.py:179} INFO - Processing /home/airflow/.local/lib/python3.8/site-packages/airflow/example_dags/example_setup_teardown_taskflow.py took 0.043 seconds
[2023-11-29T21:01:17.277+0000] {processor.py:157} INFO - Started process (PID=1081) to work on /home/airflow/.local/lib/python3.8/site-packages/airflow/example_dags/example_setup_teardown_taskflow.py
[2023-11-29T21:01:17.277+0000] {processor.py:829} INFO - Processing file /home/airflow/.local/lib/python3.8/site-packages/airflow/example_dags/example_setup_teardown_taskflow.py for tasks to queue
[2023-11-29T21:01:17.279+0000] {logging_mixin.py:154} INFO - [2023-11-29T21:01:17.278+0000] {dagbag.py:536} INFO - Filling up the DagBag from /home/airflow/.local/lib/python3.8/site-packages/airflow/example_dags/example_setup_teardown_taskflow.py
[2023-11-29T21:01:17.284+0000] {processor.py:839} INFO - DAG(s) dict_keys(['example_setup_teardown_taskflow']) retrieved from /home/airflow/.local/lib/python3.8/site-packages/airflow/example_dags/example_setup_teardown_taskflow.py
[2023-11-29T21:01:17.297+0000] {logging_mixin.py:154} INFO - [2023-11-29T21:01:17.297+0000] {dag.py:2941} INFO - Sync 1 DAGs
[2023-11-29T21:01:17.308+0000] {logging_mixin.py:154} INFO - [2023-11-29T21:01:17.308+0000] {dag.py:3722} INFO - Setting next_dagrun for example_setup_teardown_taskflow to 2023-11-28T21:01:17.308353+00:00, run_after=2023-11-29T21:01:17.308353+00:00
[2023-11-29T21:01:17.317+0000] {processor.py:179} INFO - Processing /home/airflow/.local/lib/python3.8/site-packages/airflow/example_dags/example_setup_teardown_taskflow.py took 0.042 seconds
[2023-11-29T21:01:48.107+0000] {processor.py:157} INFO - Started process (PID=1135) to work on /home/airflow/.local/lib/python3.8/site-packages/airflow/example_dags/example_setup_teardown_taskflow.py
[2023-11-29T21:01:48.108+0000] {processor.py:829} INFO - Processing file /home/airflow/.local/lib/python3.8/site-packages/airflow/example_dags/example_setup_teardown_taskflow.py for tasks to queue
[2023-11-29T21:01:48.110+0000] {logging_mixin.py:154} INFO - [2023-11-29T21:01:48.109+0000] {dagbag.py:536} INFO - Filling up the DagBag from /home/airflow/.local/lib/python3.8/site-packages/airflow/example_dags/example_setup_teardown_taskflow.py
[2023-11-29T21:01:48.116+0000] {processor.py:839} INFO - DAG(s) dict_keys(['example_setup_teardown_taskflow']) retrieved from /home/airflow/.local/lib/python3.8/site-packages/airflow/example_dags/example_setup_teardown_taskflow.py
[2023-11-29T21:01:48.129+0000] {logging_mixin.py:154} INFO - [2023-11-29T21:01:48.129+0000] {dag.py:2941} INFO - Sync 1 DAGs
[2023-11-29T21:01:48.141+0000] {logging_mixin.py:154} INFO - [2023-11-29T21:01:48.141+0000] {dag.py:3722} INFO - Setting next_dagrun for example_setup_teardown_taskflow to 2023-11-28T21:01:48.141534+00:00, run_after=2023-11-29T21:01:48.141534+00:00
[2023-11-29T21:01:48.151+0000] {processor.py:179} INFO - Processing /home/airflow/.local/lib/python3.8/site-packages/airflow/example_dags/example_setup_teardown_taskflow.py took 0.046 seconds
[2023-11-29T21:41:08.423+0000] {processor.py:157} INFO - Started process (PID=54) to work on /home/airflow/.local/lib/python3.8/site-packages/airflow/example_dags/example_setup_teardown_taskflow.py
[2023-11-29T21:41:08.424+0000] {processor.py:829} INFO - Processing file /home/airflow/.local/lib/python3.8/site-packages/airflow/example_dags/example_setup_teardown_taskflow.py for tasks to queue
[2023-11-29T21:41:08.425+0000] {logging_mixin.py:154} INFO - [2023-11-29T21:41:08.425+0000] {dagbag.py:536} INFO - Filling up the DagBag from /home/airflow/.local/lib/python3.8/site-packages/airflow/example_dags/example_setup_teardown_taskflow.py
[2023-11-29T21:41:08.432+0000] {processor.py:839} INFO - DAG(s) dict_keys(['example_setup_teardown_taskflow']) retrieved from /home/airflow/.local/lib/python3.8/site-packages/airflow/example_dags/example_setup_teardown_taskflow.py
[2023-11-29T21:41:08.496+0000] {logging_mixin.py:154} INFO - [2023-11-29T21:41:08.496+0000] {manager.py:499} INFO - Created Permission View: %s
[2023-11-29T21:41:08.501+0000] {logging_mixin.py:154} INFO - [2023-11-29T21:41:08.501+0000] {manager.py:499} INFO - Created Permission View: %s
[2023-11-29T21:41:08.505+0000] {logging_mixin.py:154} INFO - [2023-11-29T21:41:08.505+0000] {manager.py:499} INFO - Created Permission View: %s
[2023-11-29T21:41:08.505+0000] {logging_mixin.py:154} INFO - [2023-11-29T21:41:08.505+0000] {dag.py:2941} INFO - Sync 1 DAGs
[2023-11-29T21:41:08.512+0000] {logging_mixin.py:154} INFO - [2023-11-29T21:41:08.512+0000] {dag.py:2963} INFO - Creating ORM DAG for example_setup_teardown_taskflow
[2023-11-29T21:41:08.518+0000] {logging_mixin.py:154} INFO - [2023-11-29T21:41:08.518+0000] {dag.py:3722} INFO - Setting next_dagrun for example_setup_teardown_taskflow to 2023-11-28T21:41:08.518300+00:00, run_after=2023-11-29T21:41:08.518300+00:00
[2023-11-29T21:41:08.528+0000] {processor.py:179} INFO - Processing /home/airflow/.local/lib/python3.8/site-packages/airflow/example_dags/example_setup_teardown_taskflow.py took 0.107 seconds
[2023-11-29T21:41:39.227+0000] {processor.py:157} INFO - Started process (PID=108) to work on /home/airflow/.local/lib/python3.8/site-packages/airflow/example_dags/example_setup_teardown_taskflow.py
[2023-11-29T21:41:39.228+0000] {processor.py:829} INFO - Processing file /home/airflow/.local/lib/python3.8/site-packages/airflow/example_dags/example_setup_teardown_taskflow.py for tasks to queue
[2023-11-29T21:41:39.230+0000] {logging_mixin.py:154} INFO - [2023-11-29T21:41:39.229+0000] {dagbag.py:536} INFO - Filling up the DagBag from /home/airflow/.local/lib/python3.8/site-packages/airflow/example_dags/example_setup_teardown_taskflow.py
[2023-11-29T21:41:39.235+0000] {processor.py:839} INFO - DAG(s) dict_keys(['example_setup_teardown_taskflow']) retrieved from /home/airflow/.local/lib/python3.8/site-packages/airflow/example_dags/example_setup_teardown_taskflow.py
[2023-11-29T21:41:39.249+0000] {logging_mixin.py:154} INFO - [2023-11-29T21:41:39.248+0000] {dag.py:2941} INFO - Sync 1 DAGs
[2023-11-29T21:41:39.261+0000] {logging_mixin.py:154} INFO - [2023-11-29T21:41:39.261+0000] {dag.py:3722} INFO - Setting next_dagrun for example_setup_teardown_taskflow to 2023-11-28T21:41:39.261036+00:00, run_after=2023-11-29T21:41:39.261036+00:00
[2023-11-29T21:41:39.270+0000] {processor.py:179} INFO - Processing /home/airflow/.local/lib/python3.8/site-packages/airflow/example_dags/example_setup_teardown_taskflow.py took 0.046 seconds
[2023-11-29T21:42:09.880+0000] {processor.py:157} INFO - Started process (PID=162) to work on /home/airflow/.local/lib/python3.8/site-packages/airflow/example_dags/example_setup_teardown_taskflow.py
[2023-11-29T21:42:09.881+0000] {processor.py:829} INFO - Processing file /home/airflow/.local/lib/python3.8/site-packages/airflow/example_dags/example_setup_teardown_taskflow.py for tasks to queue
[2023-11-29T21:42:09.883+0000] {logging_mixin.py:154} INFO - [2023-11-29T21:42:09.883+0000] {dagbag.py:536} INFO - Filling up the DagBag from /home/airflow/.local/lib/python3.8/site-packages/airflow/example_dags/example_setup_teardown_taskflow.py
[2023-11-29T21:42:09.888+0000] {processor.py:839} INFO - DAG(s) dict_keys(['example_setup_teardown_taskflow']) retrieved from /home/airflow/.local/lib/python3.8/site-packages/airflow/example_dags/example_setup_teardown_taskflow.py
[2023-11-29T21:42:09.902+0000] {logging_mixin.py:154} INFO - [2023-11-29T21:42:09.902+0000] {dag.py:2941} INFO - Sync 1 DAGs
[2023-11-29T21:42:09.914+0000] {logging_mixin.py:154} INFO - [2023-11-29T21:42:09.914+0000] {dag.py:3722} INFO - Setting next_dagrun for example_setup_teardown_taskflow to 2023-11-28T21:42:09.914570+00:00, run_after=2023-11-29T21:42:09.914570+00:00
[2023-11-29T21:42:09.925+0000] {processor.py:179} INFO - Processing /home/airflow/.local/lib/python3.8/site-packages/airflow/example_dags/example_setup_teardown_taskflow.py took 0.047 seconds
[2023-11-29T21:42:40.623+0000] {processor.py:157} INFO - Started process (PID=216) to work on /home/airflow/.local/lib/python3.8/site-packages/airflow/example_dags/example_setup_teardown_taskflow.py
[2023-11-29T21:42:40.623+0000] {processor.py:829} INFO - Processing file /home/airflow/.local/lib/python3.8/site-packages/airflow/example_dags/example_setup_teardown_taskflow.py for tasks to queue
[2023-11-29T21:42:40.625+0000] {logging_mixin.py:154} INFO - [2023-11-29T21:42:40.625+0000] {dagbag.py:536} INFO - Filling up the DagBag from /home/airflow/.local/lib/python3.8/site-packages/airflow/example_dags/example_setup_teardown_taskflow.py
[2023-11-29T21:42:40.630+0000] {processor.py:839} INFO - DAG(s) dict_keys(['example_setup_teardown_taskflow']) retrieved from /home/airflow/.local/lib/python3.8/site-packages/airflow/example_dags/example_setup_teardown_taskflow.py
[2023-11-29T21:42:40.644+0000] {logging_mixin.py:154} INFO - [2023-11-29T21:42:40.644+0000] {dag.py:2941} INFO - Sync 1 DAGs
[2023-11-29T21:42:40.656+0000] {logging_mixin.py:154} INFO - [2023-11-29T21:42:40.656+0000] {dag.py:3722} INFO - Setting next_dagrun for example_setup_teardown_taskflow to 2023-11-28T21:42:40.656417+00:00, run_after=2023-11-29T21:42:40.656417+00:00
[2023-11-29T21:42:40.666+0000] {processor.py:179} INFO - Processing /home/airflow/.local/lib/python3.8/site-packages/airflow/example_dags/example_setup_teardown_taskflow.py took 0.046 seconds
[2023-11-29T21:43:10.795+0000] {processor.py:157} INFO - Started process (PID=270) to work on /home/airflow/.local/lib/python3.8/site-packages/airflow/example_dags/example_setup_teardown_taskflow.py
[2023-11-29T21:43:10.795+0000] {processor.py:829} INFO - Processing file /home/airflow/.local/lib/python3.8/site-packages/airflow/example_dags/example_setup_teardown_taskflow.py for tasks to queue
[2023-11-29T21:43:10.797+0000] {logging_mixin.py:154} INFO - [2023-11-29T21:43:10.797+0000] {dagbag.py:536} INFO - Filling up the DagBag from /home/airflow/.local/lib/python3.8/site-packages/airflow/example_dags/example_setup_teardown_taskflow.py
[2023-11-29T21:43:10.803+0000] {processor.py:839} INFO - DAG(s) dict_keys(['example_setup_teardown_taskflow']) retrieved from /home/airflow/.local/lib/python3.8/site-packages/airflow/example_dags/example_setup_teardown_taskflow.py
[2023-11-29T21:43:10.817+0000] {logging_mixin.py:154} INFO - [2023-11-29T21:43:10.817+0000] {dag.py:2941} INFO - Sync 1 DAGs
[2023-11-29T21:43:10.831+0000] {logging_mixin.py:154} INFO - [2023-11-29T21:43:10.831+0000] {dag.py:3722} INFO - Setting next_dagrun for example_setup_teardown_taskflow to 2023-11-28T21:43:10.830819+00:00, run_after=2023-11-29T21:43:10.830819+00:00
[2023-11-29T21:43:10.842+0000] {processor.py:179} INFO - Processing /home/airflow/.local/lib/python3.8/site-packages/airflow/example_dags/example_setup_teardown_taskflow.py took 0.049 seconds
[2023-11-29T21:43:40.927+0000] {processor.py:157} INFO - Started process (PID=324) to work on /home/airflow/.local/lib/python3.8/site-packages/airflow/example_dags/example_setup_teardown_taskflow.py
[2023-11-29T21:43:40.928+0000] {processor.py:829} INFO - Processing file /home/airflow/.local/lib/python3.8/site-packages/airflow/example_dags/example_setup_teardown_taskflow.py for tasks to queue
[2023-11-29T21:43:40.930+0000] {logging_mixin.py:154} INFO - [2023-11-29T21:43:40.930+0000] {dagbag.py:536} INFO - Filling up the DagBag from /home/airflow/.local/lib/python3.8/site-packages/airflow/example_dags/example_setup_teardown_taskflow.py
[2023-11-29T21:43:40.936+0000] {processor.py:839} INFO - DAG(s) dict_keys(['example_setup_teardown_taskflow']) retrieved from /home/airflow/.local/lib/python3.8/site-packages/airflow/example_dags/example_setup_teardown_taskflow.py
[2023-11-29T21:43:40.949+0000] {logging_mixin.py:154} INFO - [2023-11-29T21:43:40.949+0000] {dag.py:2941} INFO - Sync 1 DAGs
[2023-11-29T21:43:40.961+0000] {logging_mixin.py:154} INFO - [2023-11-29T21:43:40.961+0000] {dag.py:3722} INFO - Setting next_dagrun for example_setup_teardown_taskflow to 2023-11-28T21:43:40.961689+00:00, run_after=2023-11-29T21:43:40.961689+00:00
[2023-11-29T21:43:40.972+0000] {processor.py:179} INFO - Processing /home/airflow/.local/lib/python3.8/site-packages/airflow/example_dags/example_setup_teardown_taskflow.py took 0.047 seconds
[2023-11-29T21:44:11.166+0000] {processor.py:157} INFO - Started process (PID=378) to work on /home/airflow/.local/lib/python3.8/site-packages/airflow/example_dags/example_setup_teardown_taskflow.py
[2023-11-29T21:44:11.167+0000] {processor.py:829} INFO - Processing file /home/airflow/.local/lib/python3.8/site-packages/airflow/example_dags/example_setup_teardown_taskflow.py for tasks to queue
[2023-11-29T21:44:11.169+0000] {logging_mixin.py:154} INFO - [2023-11-29T21:44:11.169+0000] {dagbag.py:536} INFO - Filling up the DagBag from /home/airflow/.local/lib/python3.8/site-packages/airflow/example_dags/example_setup_teardown_taskflow.py
[2023-11-29T21:44:11.174+0000] {processor.py:839} INFO - DAG(s) dict_keys(['example_setup_teardown_taskflow']) retrieved from /home/airflow/.local/lib/python3.8/site-packages/airflow/example_dags/example_setup_teardown_taskflow.py
[2023-11-29T21:44:11.188+0000] {logging_mixin.py:154} INFO - [2023-11-29T21:44:11.188+0000] {dag.py:2941} INFO - Sync 1 DAGs
[2023-11-29T21:44:11.201+0000] {logging_mixin.py:154} INFO - [2023-11-29T21:44:11.200+0000] {dag.py:3722} INFO - Setting next_dagrun for example_setup_teardown_taskflow to 2023-11-28T21:44:11.200754+00:00, run_after=2023-11-29T21:44:11.200754+00:00
[2023-11-29T21:44:11.211+0000] {processor.py:179} INFO - Processing /home/airflow/.local/lib/python3.8/site-packages/airflow/example_dags/example_setup_teardown_taskflow.py took 0.047 seconds
[2023-11-29T21:44:41.403+0000] {processor.py:157} INFO - Started process (PID=432) to work on /home/airflow/.local/lib/python3.8/site-packages/airflow/example_dags/example_setup_teardown_taskflow.py
[2023-11-29T21:44:41.404+0000] {processor.py:829} INFO - Processing file /home/airflow/.local/lib/python3.8/site-packages/airflow/example_dags/example_setup_teardown_taskflow.py for tasks to queue
[2023-11-29T21:44:41.406+0000] {logging_mixin.py:154} INFO - [2023-11-29T21:44:41.406+0000] {dagbag.py:536} INFO - Filling up the DagBag from /home/airflow/.local/lib/python3.8/site-packages/airflow/example_dags/example_setup_teardown_taskflow.py
[2023-11-29T21:44:41.412+0000] {processor.py:839} INFO - DAG(s) dict_keys(['example_setup_teardown_taskflow']) retrieved from /home/airflow/.local/lib/python3.8/site-packages/airflow/example_dags/example_setup_teardown_taskflow.py
[2023-11-29T21:44:41.427+0000] {logging_mixin.py:154} INFO - [2023-11-29T21:44:41.427+0000] {dag.py:2941} INFO - Sync 1 DAGs
[2023-11-29T21:44:41.442+0000] {logging_mixin.py:154} INFO - [2023-11-29T21:44:41.442+0000] {dag.py:3722} INFO - Setting next_dagrun for example_setup_teardown_taskflow to 2023-11-28T21:44:41.442358+00:00, run_after=2023-11-29T21:44:41.442358+00:00
[2023-11-29T21:44:41.455+0000] {processor.py:179} INFO - Processing /home/airflow/.local/lib/python3.8/site-packages/airflow/example_dags/example_setup_teardown_taskflow.py took 0.055 seconds
[2023-11-29T21:45:11.602+0000] {processor.py:157} INFO - Started process (PID=486) to work on /home/airflow/.local/lib/python3.8/site-packages/airflow/example_dags/example_setup_teardown_taskflow.py
[2023-11-29T21:45:11.603+0000] {processor.py:829} INFO - Processing file /home/airflow/.local/lib/python3.8/site-packages/airflow/example_dags/example_setup_teardown_taskflow.py for tasks to queue
[2023-11-29T21:45:11.605+0000] {logging_mixin.py:154} INFO - [2023-11-29T21:45:11.605+0000] {dagbag.py:536} INFO - Filling up the DagBag from /home/airflow/.local/lib/python3.8/site-packages/airflow/example_dags/example_setup_teardown_taskflow.py
[2023-11-29T21:45:11.611+0000] {processor.py:839} INFO - DAG(s) dict_keys(['example_setup_teardown_taskflow']) retrieved from /home/airflow/.local/lib/python3.8/site-packages/airflow/example_dags/example_setup_teardown_taskflow.py
[2023-11-29T21:45:11.624+0000] {logging_mixin.py:154} INFO - [2023-11-29T21:45:11.624+0000] {dag.py:2941} INFO - Sync 1 DAGs
[2023-11-29T21:45:11.637+0000] {logging_mixin.py:154} INFO - [2023-11-29T21:45:11.637+0000] {dag.py:3722} INFO - Setting next_dagrun for example_setup_teardown_taskflow to 2023-11-28T21:45:11.637116+00:00, run_after=2023-11-29T21:45:11.637116+00:00
[2023-11-29T21:45:11.647+0000] {processor.py:179} INFO - Processing /home/airflow/.local/lib/python3.8/site-packages/airflow/example_dags/example_setup_teardown_taskflow.py took 0.047 seconds
[2023-11-29T21:45:41.724+0000] {processor.py:157} INFO - Started process (PID=540) to work on /home/airflow/.local/lib/python3.8/site-packages/airflow/example_dags/example_setup_teardown_taskflow.py
[2023-11-29T21:45:41.724+0000] {processor.py:829} INFO - Processing file /home/airflow/.local/lib/python3.8/site-packages/airflow/example_dags/example_setup_teardown_taskflow.py for tasks to queue
[2023-11-29T21:45:41.726+0000] {logging_mixin.py:154} INFO - [2023-11-29T21:45:41.726+0000] {dagbag.py:536} INFO - Filling up the DagBag from /home/airflow/.local/lib/python3.8/site-packages/airflow/example_dags/example_setup_teardown_taskflow.py
[2023-11-29T21:45:41.732+0000] {processor.py:839} INFO - DAG(s) dict_keys(['example_setup_teardown_taskflow']) retrieved from /home/airflow/.local/lib/python3.8/site-packages/airflow/example_dags/example_setup_teardown_taskflow.py
[2023-11-29T21:45:41.745+0000] {logging_mixin.py:154} INFO - [2023-11-29T21:45:41.745+0000] {dag.py:2941} INFO - Sync 1 DAGs
[2023-11-29T21:45:41.758+0000] {logging_mixin.py:154} INFO - [2023-11-29T21:45:41.758+0000] {dag.py:3722} INFO - Setting next_dagrun for example_setup_teardown_taskflow to 2023-11-28T21:45:41.757994+00:00, run_after=2023-11-29T21:45:41.757994+00:00
[2023-11-29T21:45:41.769+0000] {processor.py:179} INFO - Processing /home/airflow/.local/lib/python3.8/site-packages/airflow/example_dags/example_setup_teardown_taskflow.py took 0.048 seconds
[2023-11-29T21:46:12.830+0000] {processor.py:157} INFO - Started process (PID=594) to work on /home/airflow/.local/lib/python3.8/site-packages/airflow/example_dags/example_setup_teardown_taskflow.py
[2023-11-29T21:46:12.830+0000] {processor.py:829} INFO - Processing file /home/airflow/.local/lib/python3.8/site-packages/airflow/example_dags/example_setup_teardown_taskflow.py for tasks to queue
[2023-11-29T21:46:12.832+0000] {logging_mixin.py:154} INFO - [2023-11-29T21:46:12.832+0000] {dagbag.py:536} INFO - Filling up the DagBag from /home/airflow/.local/lib/python3.8/site-packages/airflow/example_dags/example_setup_teardown_taskflow.py
[2023-11-29T21:46:12.838+0000] {processor.py:839} INFO - DAG(s) dict_keys(['example_setup_teardown_taskflow']) retrieved from /home/airflow/.local/lib/python3.8/site-packages/airflow/example_dags/example_setup_teardown_taskflow.py
[2023-11-29T21:46:12.851+0000] {logging_mixin.py:154} INFO - [2023-11-29T21:46:12.851+0000] {dag.py:2941} INFO - Sync 1 DAGs
[2023-11-29T21:46:12.863+0000] {logging_mixin.py:154} INFO - [2023-11-29T21:46:12.863+0000] {dag.py:3722} INFO - Setting next_dagrun for example_setup_teardown_taskflow to 2023-11-28T21:46:12.863219+00:00, run_after=2023-11-29T21:46:12.863219+00:00
[2023-11-29T21:46:12.873+0000] {processor.py:179} INFO - Processing /home/airflow/.local/lib/python3.8/site-packages/airflow/example_dags/example_setup_teardown_taskflow.py took 0.045 seconds
[2023-11-29T21:46:43.889+0000] {processor.py:157} INFO - Started process (PID=648) to work on /home/airflow/.local/lib/python3.8/site-packages/airflow/example_dags/example_setup_teardown_taskflow.py
[2023-11-29T21:46:43.890+0000] {processor.py:829} INFO - Processing file /home/airflow/.local/lib/python3.8/site-packages/airflow/example_dags/example_setup_teardown_taskflow.py for tasks to queue
[2023-11-29T21:46:43.891+0000] {logging_mixin.py:154} INFO - [2023-11-29T21:46:43.891+0000] {dagbag.py:536} INFO - Filling up the DagBag from /home/airflow/.local/lib/python3.8/site-packages/airflow/example_dags/example_setup_teardown_taskflow.py
[2023-11-29T21:46:43.897+0000] {processor.py:839} INFO - DAG(s) dict_keys(['example_setup_teardown_taskflow']) retrieved from /home/airflow/.local/lib/python3.8/site-packages/airflow/example_dags/example_setup_teardown_taskflow.py
[2023-11-29T21:46:43.910+0000] {logging_mixin.py:154} INFO - [2023-11-29T21:46:43.910+0000] {dag.py:2941} INFO - Sync 1 DAGs
[2023-11-29T21:46:43.923+0000] {logging_mixin.py:154} INFO - [2023-11-29T21:46:43.923+0000] {dag.py:3722} INFO - Setting next_dagrun for example_setup_teardown_taskflow to 2023-11-28T21:46:43.923108+00:00, run_after=2023-11-29T21:46:43.923108+00:00
[2023-11-29T21:46:43.933+0000] {processor.py:179} INFO - Processing /home/airflow/.local/lib/python3.8/site-packages/airflow/example_dags/example_setup_teardown_taskflow.py took 0.047 seconds
[2023-11-29T21:47:14.020+0000] {processor.py:157} INFO - Started process (PID=702) to work on /home/airflow/.local/lib/python3.8/site-packages/airflow/example_dags/example_setup_teardown_taskflow.py
[2023-11-29T21:47:14.020+0000] {processor.py:829} INFO - Processing file /home/airflow/.local/lib/python3.8/site-packages/airflow/example_dags/example_setup_teardown_taskflow.py for tasks to queue
[2023-11-29T21:47:14.022+0000] {logging_mixin.py:154} INFO - [2023-11-29T21:47:14.022+0000] {dagbag.py:536} INFO - Filling up the DagBag from /home/airflow/.local/lib/python3.8/site-packages/airflow/example_dags/example_setup_teardown_taskflow.py
[2023-11-29T21:47:14.028+0000] {processor.py:839} INFO - DAG(s) dict_keys(['example_setup_teardown_taskflow']) retrieved from /home/airflow/.local/lib/python3.8/site-packages/airflow/example_dags/example_setup_teardown_taskflow.py
[2023-11-29T21:47:14.041+0000] {logging_mixin.py:154} INFO - [2023-11-29T21:47:14.041+0000] {dag.py:2941} INFO - Sync 1 DAGs
[2023-11-29T21:47:14.054+0000] {logging_mixin.py:154} INFO - [2023-11-29T21:47:14.054+0000] {dag.py:3722} INFO - Setting next_dagrun for example_setup_teardown_taskflow to 2023-11-28T21:47:14.053995+00:00, run_after=2023-11-29T21:47:14.053995+00:00
[2023-11-29T21:47:14.065+0000] {processor.py:179} INFO - Processing /home/airflow/.local/lib/python3.8/site-packages/airflow/example_dags/example_setup_teardown_taskflow.py took 0.048 seconds
[2023-11-29T21:47:44.229+0000] {processor.py:157} INFO - Started process (PID=756) to work on /home/airflow/.local/lib/python3.8/site-packages/airflow/example_dags/example_setup_teardown_taskflow.py
[2023-11-29T21:47:44.229+0000] {processor.py:829} INFO - Processing file /home/airflow/.local/lib/python3.8/site-packages/airflow/example_dags/example_setup_teardown_taskflow.py for tasks to queue
[2023-11-29T21:47:44.231+0000] {logging_mixin.py:154} INFO - [2023-11-29T21:47:44.231+0000] {dagbag.py:536} INFO - Filling up the DagBag from /home/airflow/.local/lib/python3.8/site-packages/airflow/example_dags/example_setup_teardown_taskflow.py
[2023-11-29T21:47:44.236+0000] {processor.py:839} INFO - DAG(s) dict_keys(['example_setup_teardown_taskflow']) retrieved from /home/airflow/.local/lib/python3.8/site-packages/airflow/example_dags/example_setup_teardown_taskflow.py
[2023-11-29T21:47:44.250+0000] {logging_mixin.py:154} INFO - [2023-11-29T21:47:44.250+0000] {dag.py:2941} INFO - Sync 1 DAGs
[2023-11-29T21:47:44.262+0000] {logging_mixin.py:154} INFO - [2023-11-29T21:47:44.262+0000] {dag.py:3722} INFO - Setting next_dagrun for example_setup_teardown_taskflow to 2023-11-28T21:47:44.262373+00:00, run_after=2023-11-29T21:47:44.262373+00:00
[2023-11-29T21:47:44.273+0000] {processor.py:179} INFO - Processing /home/airflow/.local/lib/python3.8/site-packages/airflow/example_dags/example_setup_teardown_taskflow.py took 0.046 seconds
