[2023-11-29T20:51:38.588+0000] {processor.py:157} INFO - Started process (PID=46) to work on /home/airflow/.local/lib/python3.8/site-packages/airflow/example_dags/tutorial_taskflow_api.py
[2023-11-29T20:51:38.590+0000] {processor.py:829} INFO - Processing file /home/airflow/.local/lib/python3.8/site-packages/airflow/example_dags/tutorial_taskflow_api.py for tasks to queue
[2023-11-29T20:51:38.594+0000] {logging_mixin.py:154} INFO - [2023-11-29T20:51:38.594+0000] {dagbag.py:536} INFO - Filling up the DagBag from /home/airflow/.local/lib/python3.8/site-packages/airflow/example_dags/tutorial_taskflow_api.py
[2023-11-29T20:51:38.602+0000] {processor.py:839} INFO - DAG(s) dict_keys(['tutorial_taskflow_api']) retrieved from /home/airflow/.local/lib/python3.8/site-packages/airflow/example_dags/tutorial_taskflow_api.py
[2023-11-29T20:51:38.677+0000] {logging_mixin.py:154} INFO - [2023-11-29T20:51:38.677+0000] {dag.py:2941} INFO - Sync 1 DAGs
[2023-11-29T20:51:38.686+0000] {logging_mixin.py:154} INFO - [2023-11-29T20:51:38.686+0000] {dag.py:3722} INFO - Setting next_dagrun for tutorial_taskflow_api to None, run_after=None
[2023-11-29T20:51:38.699+0000] {processor.py:179} INFO - Processing /home/airflow/.local/lib/python3.8/site-packages/airflow/example_dags/tutorial_taskflow_api.py took 0.114 seconds
[2023-11-29T20:52:09.450+0000] {processor.py:157} INFO - Started process (PID=100) to work on /home/airflow/.local/lib/python3.8/site-packages/airflow/example_dags/tutorial_taskflow_api.py
[2023-11-29T20:52:09.451+0000] {processor.py:829} INFO - Processing file /home/airflow/.local/lib/python3.8/site-packages/airflow/example_dags/tutorial_taskflow_api.py for tasks to queue
[2023-11-29T20:52:09.453+0000] {logging_mixin.py:154} INFO - [2023-11-29T20:52:09.452+0000] {dagbag.py:536} INFO - Filling up the DagBag from /home/airflow/.local/lib/python3.8/site-packages/airflow/example_dags/tutorial_taskflow_api.py
[2023-11-29T20:52:09.456+0000] {processor.py:839} INFO - DAG(s) dict_keys(['tutorial_taskflow_api']) retrieved from /home/airflow/.local/lib/python3.8/site-packages/airflow/example_dags/tutorial_taskflow_api.py
[2023-11-29T20:52:09.464+0000] {logging_mixin.py:154} INFO - [2023-11-29T20:52:09.463+0000] {dag.py:2941} INFO - Sync 1 DAGs
[2023-11-29T20:52:09.471+0000] {logging_mixin.py:154} INFO - [2023-11-29T20:52:09.471+0000] {dag.py:3722} INFO - Setting next_dagrun for tutorial_taskflow_api to None, run_after=None
[2023-11-29T20:52:09.482+0000] {processor.py:179} INFO - Processing /home/airflow/.local/lib/python3.8/site-packages/airflow/example_dags/tutorial_taskflow_api.py took 0.034 seconds
[2023-11-29T20:52:40.242+0000] {processor.py:157} INFO - Started process (PID=154) to work on /home/airflow/.local/lib/python3.8/site-packages/airflow/example_dags/tutorial_taskflow_api.py
[2023-11-29T20:52:40.242+0000] {processor.py:829} INFO - Processing file /home/airflow/.local/lib/python3.8/site-packages/airflow/example_dags/tutorial_taskflow_api.py for tasks to queue
[2023-11-29T20:52:40.244+0000] {logging_mixin.py:154} INFO - [2023-11-29T20:52:40.244+0000] {dagbag.py:536} INFO - Filling up the DagBag from /home/airflow/.local/lib/python3.8/site-packages/airflow/example_dags/tutorial_taskflow_api.py
[2023-11-29T20:52:40.248+0000] {processor.py:839} INFO - DAG(s) dict_keys(['tutorial_taskflow_api']) retrieved from /home/airflow/.local/lib/python3.8/site-packages/airflow/example_dags/tutorial_taskflow_api.py
[2023-11-29T20:52:40.260+0000] {logging_mixin.py:154} INFO - [2023-11-29T20:52:40.260+0000] {dag.py:2941} INFO - Sync 1 DAGs
[2023-11-29T20:52:40.266+0000] {logging_mixin.py:154} INFO - [2023-11-29T20:52:40.266+0000] {dag.py:3722} INFO - Setting next_dagrun for tutorial_taskflow_api to None, run_after=None
[2023-11-29T20:52:40.276+0000] {processor.py:179} INFO - Processing /home/airflow/.local/lib/python3.8/site-packages/airflow/example_dags/tutorial_taskflow_api.py took 0.036 seconds
[2023-11-29T20:53:10.395+0000] {processor.py:157} INFO - Started process (PID=208) to work on /home/airflow/.local/lib/python3.8/site-packages/airflow/example_dags/tutorial_taskflow_api.py
[2023-11-29T20:53:10.396+0000] {processor.py:829} INFO - Processing file /home/airflow/.local/lib/python3.8/site-packages/airflow/example_dags/tutorial_taskflow_api.py for tasks to queue
[2023-11-29T20:53:10.398+0000] {logging_mixin.py:154} INFO - [2023-11-29T20:53:10.397+0000] {dagbag.py:536} INFO - Filling up the DagBag from /home/airflow/.local/lib/python3.8/site-packages/airflow/example_dags/tutorial_taskflow_api.py
[2023-11-29T20:53:10.402+0000] {processor.py:839} INFO - DAG(s) dict_keys(['tutorial_taskflow_api']) retrieved from /home/airflow/.local/lib/python3.8/site-packages/airflow/example_dags/tutorial_taskflow_api.py
[2023-11-29T20:53:10.414+0000] {logging_mixin.py:154} INFO - [2023-11-29T20:53:10.414+0000] {dag.py:2941} INFO - Sync 1 DAGs
[2023-11-29T20:53:10.421+0000] {logging_mixin.py:154} INFO - [2023-11-29T20:53:10.421+0000] {dag.py:3722} INFO - Setting next_dagrun for tutorial_taskflow_api to None, run_after=None
[2023-11-29T20:53:10.430+0000] {processor.py:179} INFO - Processing /home/airflow/.local/lib/python3.8/site-packages/airflow/example_dags/tutorial_taskflow_api.py took 0.037 seconds
[2023-11-29T20:53:40.537+0000] {processor.py:157} INFO - Started process (PID=262) to work on /home/airflow/.local/lib/python3.8/site-packages/airflow/example_dags/tutorial_taskflow_api.py
[2023-11-29T20:53:40.538+0000] {processor.py:829} INFO - Processing file /home/airflow/.local/lib/python3.8/site-packages/airflow/example_dags/tutorial_taskflow_api.py for tasks to queue
[2023-11-29T20:53:40.540+0000] {logging_mixin.py:154} INFO - [2023-11-29T20:53:40.539+0000] {dagbag.py:536} INFO - Filling up the DagBag from /home/airflow/.local/lib/python3.8/site-packages/airflow/example_dags/tutorial_taskflow_api.py
[2023-11-29T20:53:40.544+0000] {processor.py:839} INFO - DAG(s) dict_keys(['tutorial_taskflow_api']) retrieved from /home/airflow/.local/lib/python3.8/site-packages/airflow/example_dags/tutorial_taskflow_api.py
[2023-11-29T20:53:40.556+0000] {logging_mixin.py:154} INFO - [2023-11-29T20:53:40.556+0000] {dag.py:2941} INFO - Sync 1 DAGs
[2023-11-29T20:53:40.563+0000] {logging_mixin.py:154} INFO - [2023-11-29T20:53:40.563+0000] {dag.py:3722} INFO - Setting next_dagrun for tutorial_taskflow_api to None, run_after=None
[2023-11-29T20:53:40.573+0000] {processor.py:179} INFO - Processing /home/airflow/.local/lib/python3.8/site-packages/airflow/example_dags/tutorial_taskflow_api.py took 0.038 seconds
[2023-11-29T20:54:10.642+0000] {processor.py:157} INFO - Started process (PID=316) to work on /home/airflow/.local/lib/python3.8/site-packages/airflow/example_dags/tutorial_taskflow_api.py
[2023-11-29T20:54:10.643+0000] {processor.py:829} INFO - Processing file /home/airflow/.local/lib/python3.8/site-packages/airflow/example_dags/tutorial_taskflow_api.py for tasks to queue
[2023-11-29T20:54:10.644+0000] {logging_mixin.py:154} INFO - [2023-11-29T20:54:10.644+0000] {dagbag.py:536} INFO - Filling up the DagBag from /home/airflow/.local/lib/python3.8/site-packages/airflow/example_dags/tutorial_taskflow_api.py
[2023-11-29T20:54:10.648+0000] {processor.py:839} INFO - DAG(s) dict_keys(['tutorial_taskflow_api']) retrieved from /home/airflow/.local/lib/python3.8/site-packages/airflow/example_dags/tutorial_taskflow_api.py
[2023-11-29T20:54:10.660+0000] {logging_mixin.py:154} INFO - [2023-11-29T20:54:10.660+0000] {dag.py:2941} INFO - Sync 1 DAGs
[2023-11-29T20:54:10.667+0000] {logging_mixin.py:154} INFO - [2023-11-29T20:54:10.667+0000] {dag.py:3722} INFO - Setting next_dagrun for tutorial_taskflow_api to None, run_after=None
[2023-11-29T20:54:10.679+0000] {processor.py:179} INFO - Processing /home/airflow/.local/lib/python3.8/site-packages/airflow/example_dags/tutorial_taskflow_api.py took 0.039 seconds
[2023-11-29T20:54:40.741+0000] {processor.py:157} INFO - Started process (PID=370) to work on /home/airflow/.local/lib/python3.8/site-packages/airflow/example_dags/tutorial_taskflow_api.py
[2023-11-29T20:54:40.742+0000] {processor.py:829} INFO - Processing file /home/airflow/.local/lib/python3.8/site-packages/airflow/example_dags/tutorial_taskflow_api.py for tasks to queue
[2023-11-29T20:54:40.743+0000] {logging_mixin.py:154} INFO - [2023-11-29T20:54:40.743+0000] {dagbag.py:536} INFO - Filling up the DagBag from /home/airflow/.local/lib/python3.8/site-packages/airflow/example_dags/tutorial_taskflow_api.py
[2023-11-29T20:54:40.747+0000] {processor.py:839} INFO - DAG(s) dict_keys(['tutorial_taskflow_api']) retrieved from /home/airflow/.local/lib/python3.8/site-packages/airflow/example_dags/tutorial_taskflow_api.py
[2023-11-29T20:54:40.759+0000] {logging_mixin.py:154} INFO - [2023-11-29T20:54:40.759+0000] {dag.py:2941} INFO - Sync 1 DAGs
[2023-11-29T20:54:40.766+0000] {logging_mixin.py:154} INFO - [2023-11-29T20:54:40.766+0000] {dag.py:3722} INFO - Setting next_dagrun for tutorial_taskflow_api to None, run_after=None
[2023-11-29T20:54:40.775+0000] {processor.py:179} INFO - Processing /home/airflow/.local/lib/python3.8/site-packages/airflow/example_dags/tutorial_taskflow_api.py took 0.036 seconds
[2023-11-29T20:55:10.817+0000] {processor.py:157} INFO - Started process (PID=424) to work on /home/airflow/.local/lib/python3.8/site-packages/airflow/example_dags/tutorial_taskflow_api.py
[2023-11-29T20:55:10.818+0000] {processor.py:829} INFO - Processing file /home/airflow/.local/lib/python3.8/site-packages/airflow/example_dags/tutorial_taskflow_api.py for tasks to queue
[2023-11-29T20:55:10.819+0000] {logging_mixin.py:154} INFO - [2023-11-29T20:55:10.819+0000] {dagbag.py:536} INFO - Filling up the DagBag from /home/airflow/.local/lib/python3.8/site-packages/airflow/example_dags/tutorial_taskflow_api.py
[2023-11-29T20:55:10.824+0000] {processor.py:839} INFO - DAG(s) dict_keys(['tutorial_taskflow_api']) retrieved from /home/airflow/.local/lib/python3.8/site-packages/airflow/example_dags/tutorial_taskflow_api.py
[2023-11-29T20:55:10.836+0000] {logging_mixin.py:154} INFO - [2023-11-29T20:55:10.836+0000] {dag.py:2941} INFO - Sync 1 DAGs
[2023-11-29T20:55:10.842+0000] {logging_mixin.py:154} INFO - [2023-11-29T20:55:10.842+0000] {dag.py:3722} INFO - Setting next_dagrun for tutorial_taskflow_api to None, run_after=None
[2023-11-29T20:55:10.852+0000] {processor.py:179} INFO - Processing /home/airflow/.local/lib/python3.8/site-packages/airflow/example_dags/tutorial_taskflow_api.py took 0.037 seconds
[2023-11-29T20:55:40.953+0000] {processor.py:157} INFO - Started process (PID=478) to work on /home/airflow/.local/lib/python3.8/site-packages/airflow/example_dags/tutorial_taskflow_api.py
[2023-11-29T20:55:40.954+0000] {processor.py:829} INFO - Processing file /home/airflow/.local/lib/python3.8/site-packages/airflow/example_dags/tutorial_taskflow_api.py for tasks to queue
[2023-11-29T20:55:40.955+0000] {logging_mixin.py:154} INFO - [2023-11-29T20:55:40.955+0000] {dagbag.py:536} INFO - Filling up the DagBag from /home/airflow/.local/lib/python3.8/site-packages/airflow/example_dags/tutorial_taskflow_api.py
[2023-11-29T20:55:40.960+0000] {processor.py:839} INFO - DAG(s) dict_keys(['tutorial_taskflow_api']) retrieved from /home/airflow/.local/lib/python3.8/site-packages/airflow/example_dags/tutorial_taskflow_api.py
[2023-11-29T20:55:40.972+0000] {logging_mixin.py:154} INFO - [2023-11-29T20:55:40.971+0000] {dag.py:2941} INFO - Sync 1 DAGs
[2023-11-29T20:55:40.979+0000] {logging_mixin.py:154} INFO - [2023-11-29T20:55:40.978+0000] {dag.py:3722} INFO - Setting next_dagrun for tutorial_taskflow_api to None, run_after=None
[2023-11-29T20:55:40.989+0000] {processor.py:179} INFO - Processing /home/airflow/.local/lib/python3.8/site-packages/airflow/example_dags/tutorial_taskflow_api.py took 0.037 seconds
[2023-11-29T20:56:11.131+0000] {processor.py:157} INFO - Started process (PID=532) to work on /home/airflow/.local/lib/python3.8/site-packages/airflow/example_dags/tutorial_taskflow_api.py
[2023-11-29T20:56:11.132+0000] {processor.py:829} INFO - Processing file /home/airflow/.local/lib/python3.8/site-packages/airflow/example_dags/tutorial_taskflow_api.py for tasks to queue
[2023-11-29T20:56:11.133+0000] {logging_mixin.py:154} INFO - [2023-11-29T20:56:11.133+0000] {dagbag.py:536} INFO - Filling up the DagBag from /home/airflow/.local/lib/python3.8/site-packages/airflow/example_dags/tutorial_taskflow_api.py
[2023-11-29T20:56:11.137+0000] {processor.py:839} INFO - DAG(s) dict_keys(['tutorial_taskflow_api']) retrieved from /home/airflow/.local/lib/python3.8/site-packages/airflow/example_dags/tutorial_taskflow_api.py
[2023-11-29T20:56:11.150+0000] {logging_mixin.py:154} INFO - [2023-11-29T20:56:11.150+0000] {dag.py:2941} INFO - Sync 1 DAGs
[2023-11-29T20:56:11.157+0000] {logging_mixin.py:154} INFO - [2023-11-29T20:56:11.157+0000] {dag.py:3722} INFO - Setting next_dagrun for tutorial_taskflow_api to None, run_after=None
[2023-11-29T20:56:11.167+0000] {processor.py:179} INFO - Processing /home/airflow/.local/lib/python3.8/site-packages/airflow/example_dags/tutorial_taskflow_api.py took 0.038 seconds
[2023-11-29T20:56:42.007+0000] {processor.py:157} INFO - Started process (PID=586) to work on /home/airflow/.local/lib/python3.8/site-packages/airflow/example_dags/tutorial_taskflow_api.py
[2023-11-29T20:56:42.008+0000] {processor.py:829} INFO - Processing file /home/airflow/.local/lib/python3.8/site-packages/airflow/example_dags/tutorial_taskflow_api.py for tasks to queue
[2023-11-29T20:56:42.010+0000] {logging_mixin.py:154} INFO - [2023-11-29T20:56:42.010+0000] {dagbag.py:536} INFO - Filling up the DagBag from /home/airflow/.local/lib/python3.8/site-packages/airflow/example_dags/tutorial_taskflow_api.py
[2023-11-29T20:56:42.013+0000] {processor.py:839} INFO - DAG(s) dict_keys(['tutorial_taskflow_api']) retrieved from /home/airflow/.local/lib/python3.8/site-packages/airflow/example_dags/tutorial_taskflow_api.py
[2023-11-29T20:56:42.026+0000] {logging_mixin.py:154} INFO - [2023-11-29T20:56:42.025+0000] {dag.py:2941} INFO - Sync 1 DAGs
[2023-11-29T20:56:42.032+0000] {logging_mixin.py:154} INFO - [2023-11-29T20:56:42.032+0000] {dag.py:3722} INFO - Setting next_dagrun for tutorial_taskflow_api to None, run_after=None
[2023-11-29T20:56:42.042+0000] {processor.py:179} INFO - Processing /home/airflow/.local/lib/python3.8/site-packages/airflow/example_dags/tutorial_taskflow_api.py took 0.037 seconds
[2023-11-29T20:57:12.102+0000] {processor.py:157} INFO - Started process (PID=640) to work on /home/airflow/.local/lib/python3.8/site-packages/airflow/example_dags/tutorial_taskflow_api.py
[2023-11-29T20:57:12.103+0000] {processor.py:829} INFO - Processing file /home/airflow/.local/lib/python3.8/site-packages/airflow/example_dags/tutorial_taskflow_api.py for tasks to queue
[2023-11-29T20:57:12.104+0000] {logging_mixin.py:154} INFO - [2023-11-29T20:57:12.104+0000] {dagbag.py:536} INFO - Filling up the DagBag from /home/airflow/.local/lib/python3.8/site-packages/airflow/example_dags/tutorial_taskflow_api.py
[2023-11-29T20:57:12.108+0000] {processor.py:839} INFO - DAG(s) dict_keys(['tutorial_taskflow_api']) retrieved from /home/airflow/.local/lib/python3.8/site-packages/airflow/example_dags/tutorial_taskflow_api.py
[2023-11-29T20:57:12.120+0000] {logging_mixin.py:154} INFO - [2023-11-29T20:57:12.120+0000] {dag.py:2941} INFO - Sync 1 DAGs
[2023-11-29T20:57:12.126+0000] {logging_mixin.py:154} INFO - [2023-11-29T20:57:12.126+0000] {dag.py:3722} INFO - Setting next_dagrun for tutorial_taskflow_api to None, run_after=None
[2023-11-29T20:57:12.135+0000] {processor.py:179} INFO - Processing /home/airflow/.local/lib/python3.8/site-packages/airflow/example_dags/tutorial_taskflow_api.py took 0.035 seconds
[2023-11-29T20:57:42.225+0000] {processor.py:157} INFO - Started process (PID=694) to work on /home/airflow/.local/lib/python3.8/site-packages/airflow/example_dags/tutorial_taskflow_api.py
[2023-11-29T20:57:42.225+0000] {processor.py:829} INFO - Processing file /home/airflow/.local/lib/python3.8/site-packages/airflow/example_dags/tutorial_taskflow_api.py for tasks to queue
[2023-11-29T20:57:42.227+0000] {logging_mixin.py:154} INFO - [2023-11-29T20:57:42.226+0000] {dagbag.py:536} INFO - Filling up the DagBag from /home/airflow/.local/lib/python3.8/site-packages/airflow/example_dags/tutorial_taskflow_api.py
[2023-11-29T20:57:42.231+0000] {processor.py:839} INFO - DAG(s) dict_keys(['tutorial_taskflow_api']) retrieved from /home/airflow/.local/lib/python3.8/site-packages/airflow/example_dags/tutorial_taskflow_api.py
[2023-11-29T20:57:42.243+0000] {logging_mixin.py:154} INFO - [2023-11-29T20:57:42.243+0000] {dag.py:2941} INFO - Sync 1 DAGs
[2023-11-29T20:57:42.250+0000] {logging_mixin.py:154} INFO - [2023-11-29T20:57:42.250+0000] {dag.py:3722} INFO - Setting next_dagrun for tutorial_taskflow_api to None, run_after=None
[2023-11-29T20:57:42.260+0000] {processor.py:179} INFO - Processing /home/airflow/.local/lib/python3.8/site-packages/airflow/example_dags/tutorial_taskflow_api.py took 0.037 seconds
[2023-11-29T20:58:12.358+0000] {processor.py:157} INFO - Started process (PID=748) to work on /home/airflow/.local/lib/python3.8/site-packages/airflow/example_dags/tutorial_taskflow_api.py
[2023-11-29T20:58:12.358+0000] {processor.py:829} INFO - Processing file /home/airflow/.local/lib/python3.8/site-packages/airflow/example_dags/tutorial_taskflow_api.py for tasks to queue
[2023-11-29T20:58:12.360+0000] {logging_mixin.py:154} INFO - [2023-11-29T20:58:12.360+0000] {dagbag.py:536} INFO - Filling up the DagBag from /home/airflow/.local/lib/python3.8/site-packages/airflow/example_dags/tutorial_taskflow_api.py
[2023-11-29T20:58:12.364+0000] {processor.py:839} INFO - DAG(s) dict_keys(['tutorial_taskflow_api']) retrieved from /home/airflow/.local/lib/python3.8/site-packages/airflow/example_dags/tutorial_taskflow_api.py
[2023-11-29T20:58:12.377+0000] {logging_mixin.py:154} INFO - [2023-11-29T20:58:12.377+0000] {dag.py:2941} INFO - Sync 1 DAGs
[2023-11-29T20:58:12.384+0000] {logging_mixin.py:154} INFO - [2023-11-29T20:58:12.384+0000] {dag.py:3722} INFO - Setting next_dagrun for tutorial_taskflow_api to None, run_after=None
[2023-11-29T20:58:12.394+0000] {processor.py:179} INFO - Processing /home/airflow/.local/lib/python3.8/site-packages/airflow/example_dags/tutorial_taskflow_api.py took 0.039 seconds
[2023-11-29T20:58:42.467+0000] {processor.py:157} INFO - Started process (PID=802) to work on /home/airflow/.local/lib/python3.8/site-packages/airflow/example_dags/tutorial_taskflow_api.py
[2023-11-29T20:58:42.467+0000] {processor.py:829} INFO - Processing file /home/airflow/.local/lib/python3.8/site-packages/airflow/example_dags/tutorial_taskflow_api.py for tasks to queue
[2023-11-29T20:58:42.469+0000] {logging_mixin.py:154} INFO - [2023-11-29T20:58:42.469+0000] {dagbag.py:536} INFO - Filling up the DagBag from /home/airflow/.local/lib/python3.8/site-packages/airflow/example_dags/tutorial_taskflow_api.py
[2023-11-29T20:58:42.473+0000] {processor.py:839} INFO - DAG(s) dict_keys(['tutorial_taskflow_api']) retrieved from /home/airflow/.local/lib/python3.8/site-packages/airflow/example_dags/tutorial_taskflow_api.py
[2023-11-29T20:58:42.485+0000] {logging_mixin.py:154} INFO - [2023-11-29T20:58:42.485+0000] {dag.py:2941} INFO - Sync 1 DAGs
[2023-11-29T20:58:42.491+0000] {logging_mixin.py:154} INFO - [2023-11-29T20:58:42.491+0000] {dag.py:3722} INFO - Setting next_dagrun for tutorial_taskflow_api to None, run_after=None
[2023-11-29T20:58:42.500+0000] {processor.py:179} INFO - Processing /home/airflow/.local/lib/python3.8/site-packages/airflow/example_dags/tutorial_taskflow_api.py took 0.036 seconds
[2023-11-29T20:59:13.399+0000] {processor.py:157} INFO - Started process (PID=856) to work on /home/airflow/.local/lib/python3.8/site-packages/airflow/example_dags/tutorial_taskflow_api.py
[2023-11-29T20:59:13.400+0000] {processor.py:829} INFO - Processing file /home/airflow/.local/lib/python3.8/site-packages/airflow/example_dags/tutorial_taskflow_api.py for tasks to queue
[2023-11-29T20:59:13.401+0000] {logging_mixin.py:154} INFO - [2023-11-29T20:59:13.401+0000] {dagbag.py:536} INFO - Filling up the DagBag from /home/airflow/.local/lib/python3.8/site-packages/airflow/example_dags/tutorial_taskflow_api.py
[2023-11-29T20:59:13.405+0000] {processor.py:839} INFO - DAG(s) dict_keys(['tutorial_taskflow_api']) retrieved from /home/airflow/.local/lib/python3.8/site-packages/airflow/example_dags/tutorial_taskflow_api.py
[2023-11-29T20:59:13.417+0000] {logging_mixin.py:154} INFO - [2023-11-29T20:59:13.417+0000] {dag.py:2941} INFO - Sync 1 DAGs
[2023-11-29T20:59:13.424+0000] {logging_mixin.py:154} INFO - [2023-11-29T20:59:13.424+0000] {dag.py:3722} INFO - Setting next_dagrun for tutorial_taskflow_api to None, run_after=None
[2023-11-29T20:59:13.433+0000] {processor.py:179} INFO - Processing /home/airflow/.local/lib/python3.8/site-packages/airflow/example_dags/tutorial_taskflow_api.py took 0.036 seconds
[2023-11-29T20:59:44.271+0000] {processor.py:157} INFO - Started process (PID=910) to work on /home/airflow/.local/lib/python3.8/site-packages/airflow/example_dags/tutorial_taskflow_api.py
[2023-11-29T20:59:44.271+0000] {processor.py:829} INFO - Processing file /home/airflow/.local/lib/python3.8/site-packages/airflow/example_dags/tutorial_taskflow_api.py for tasks to queue
[2023-11-29T20:59:44.273+0000] {logging_mixin.py:154} INFO - [2023-11-29T20:59:44.273+0000] {dagbag.py:536} INFO - Filling up the DagBag from /home/airflow/.local/lib/python3.8/site-packages/airflow/example_dags/tutorial_taskflow_api.py
[2023-11-29T20:59:44.277+0000] {processor.py:839} INFO - DAG(s) dict_keys(['tutorial_taskflow_api']) retrieved from /home/airflow/.local/lib/python3.8/site-packages/airflow/example_dags/tutorial_taskflow_api.py
[2023-11-29T20:59:44.289+0000] {logging_mixin.py:154} INFO - [2023-11-29T20:59:44.289+0000] {dag.py:2941} INFO - Sync 1 DAGs
[2023-11-29T20:59:44.296+0000] {logging_mixin.py:154} INFO - [2023-11-29T20:59:44.296+0000] {dag.py:3722} INFO - Setting next_dagrun for tutorial_taskflow_api to None, run_after=None
[2023-11-29T20:59:44.306+0000] {processor.py:179} INFO - Processing /home/airflow/.local/lib/python3.8/site-packages/airflow/example_dags/tutorial_taskflow_api.py took 0.038 seconds
[2023-11-29T21:00:15.070+0000] {processor.py:157} INFO - Started process (PID=964) to work on /home/airflow/.local/lib/python3.8/site-packages/airflow/example_dags/tutorial_taskflow_api.py
[2023-11-29T21:00:15.071+0000] {processor.py:829} INFO - Processing file /home/airflow/.local/lib/python3.8/site-packages/airflow/example_dags/tutorial_taskflow_api.py for tasks to queue
[2023-11-29T21:00:15.072+0000] {logging_mixin.py:154} INFO - [2023-11-29T21:00:15.072+0000] {dagbag.py:536} INFO - Filling up the DagBag from /home/airflow/.local/lib/python3.8/site-packages/airflow/example_dags/tutorial_taskflow_api.py
[2023-11-29T21:00:15.076+0000] {processor.py:839} INFO - DAG(s) dict_keys(['tutorial_taskflow_api']) retrieved from /home/airflow/.local/lib/python3.8/site-packages/airflow/example_dags/tutorial_taskflow_api.py
[2023-11-29T21:00:15.088+0000] {logging_mixin.py:154} INFO - [2023-11-29T21:00:15.088+0000] {dag.py:2941} INFO - Sync 1 DAGs
[2023-11-29T21:00:15.096+0000] {logging_mixin.py:154} INFO - [2023-11-29T21:00:15.096+0000] {dag.py:3722} INFO - Setting next_dagrun for tutorial_taskflow_api to None, run_after=None
[2023-11-29T21:00:15.105+0000] {processor.py:179} INFO - Processing /home/airflow/.local/lib/python3.8/site-packages/airflow/example_dags/tutorial_taskflow_api.py took 0.037 seconds
[2023-11-29T21:00:45.970+0000] {processor.py:157} INFO - Started process (PID=1018) to work on /home/airflow/.local/lib/python3.8/site-packages/airflow/example_dags/tutorial_taskflow_api.py
[2023-11-29T21:00:45.971+0000] {processor.py:829} INFO - Processing file /home/airflow/.local/lib/python3.8/site-packages/airflow/example_dags/tutorial_taskflow_api.py for tasks to queue
[2023-11-29T21:00:45.972+0000] {logging_mixin.py:154} INFO - [2023-11-29T21:00:45.972+0000] {dagbag.py:536} INFO - Filling up the DagBag from /home/airflow/.local/lib/python3.8/site-packages/airflow/example_dags/tutorial_taskflow_api.py
[2023-11-29T21:00:45.976+0000] {processor.py:839} INFO - DAG(s) dict_keys(['tutorial_taskflow_api']) retrieved from /home/airflow/.local/lib/python3.8/site-packages/airflow/example_dags/tutorial_taskflow_api.py
[2023-11-29T21:00:45.988+0000] {logging_mixin.py:154} INFO - [2023-11-29T21:00:45.988+0000] {dag.py:2941} INFO - Sync 1 DAGs
[2023-11-29T21:00:45.995+0000] {logging_mixin.py:154} INFO - [2023-11-29T21:00:45.995+0000] {dag.py:3722} INFO - Setting next_dagrun for tutorial_taskflow_api to None, run_after=None
[2023-11-29T21:00:46.005+0000] {processor.py:179} INFO - Processing /home/airflow/.local/lib/python3.8/site-packages/airflow/example_dags/tutorial_taskflow_api.py took 0.037 seconds
[2023-11-29T21:01:16.951+0000] {processor.py:157} INFO - Started process (PID=1072) to work on /home/airflow/.local/lib/python3.8/site-packages/airflow/example_dags/tutorial_taskflow_api.py
[2023-11-29T21:01:16.952+0000] {processor.py:829} INFO - Processing file /home/airflow/.local/lib/python3.8/site-packages/airflow/example_dags/tutorial_taskflow_api.py for tasks to queue
[2023-11-29T21:01:16.954+0000] {logging_mixin.py:154} INFO - [2023-11-29T21:01:16.953+0000] {dagbag.py:536} INFO - Filling up the DagBag from /home/airflow/.local/lib/python3.8/site-packages/airflow/example_dags/tutorial_taskflow_api.py
[2023-11-29T21:01:16.958+0000] {processor.py:839} INFO - DAG(s) dict_keys(['tutorial_taskflow_api']) retrieved from /home/airflow/.local/lib/python3.8/site-packages/airflow/example_dags/tutorial_taskflow_api.py
[2023-11-29T21:01:16.970+0000] {logging_mixin.py:154} INFO - [2023-11-29T21:01:16.969+0000] {dag.py:2941} INFO - Sync 1 DAGs
[2023-11-29T21:01:16.976+0000] {logging_mixin.py:154} INFO - [2023-11-29T21:01:16.976+0000] {dag.py:3722} INFO - Setting next_dagrun for tutorial_taskflow_api to None, run_after=None
[2023-11-29T21:01:16.986+0000] {processor.py:179} INFO - Processing /home/airflow/.local/lib/python3.8/site-packages/airflow/example_dags/tutorial_taskflow_api.py took 0.037 seconds
[2023-11-29T21:01:47.838+0000] {processor.py:157} INFO - Started process (PID=1126) to work on /home/airflow/.local/lib/python3.8/site-packages/airflow/example_dags/tutorial_taskflow_api.py
[2023-11-29T21:01:47.839+0000] {processor.py:829} INFO - Processing file /home/airflow/.local/lib/python3.8/site-packages/airflow/example_dags/tutorial_taskflow_api.py for tasks to queue
[2023-11-29T21:01:47.840+0000] {logging_mixin.py:154} INFO - [2023-11-29T21:01:47.840+0000] {dagbag.py:536} INFO - Filling up the DagBag from /home/airflow/.local/lib/python3.8/site-packages/airflow/example_dags/tutorial_taskflow_api.py
[2023-11-29T21:01:47.844+0000] {processor.py:839} INFO - DAG(s) dict_keys(['tutorial_taskflow_api']) retrieved from /home/airflow/.local/lib/python3.8/site-packages/airflow/example_dags/tutorial_taskflow_api.py
[2023-11-29T21:01:47.858+0000] {logging_mixin.py:154} INFO - [2023-11-29T21:01:47.858+0000] {dag.py:2941} INFO - Sync 1 DAGs
[2023-11-29T21:01:47.865+0000] {logging_mixin.py:154} INFO - [2023-11-29T21:01:47.865+0000] {dag.py:3722} INFO - Setting next_dagrun for tutorial_taskflow_api to None, run_after=None
[2023-11-29T21:01:47.875+0000] {processor.py:179} INFO - Processing /home/airflow/.local/lib/python3.8/site-packages/airflow/example_dags/tutorial_taskflow_api.py took 0.040 seconds
[2023-11-29T21:41:07.125+0000] {processor.py:157} INFO - Started process (PID=37) to work on /home/airflow/.local/lib/python3.8/site-packages/airflow/example_dags/tutorial_taskflow_api.py
[2023-11-29T21:41:07.126+0000] {processor.py:829} INFO - Processing file /home/airflow/.local/lib/python3.8/site-packages/airflow/example_dags/tutorial_taskflow_api.py for tasks to queue
[2023-11-29T21:41:07.129+0000] {logging_mixin.py:154} INFO - [2023-11-29T21:41:07.128+0000] {dagbag.py:536} INFO - Filling up the DagBag from /home/airflow/.local/lib/python3.8/site-packages/airflow/example_dags/tutorial_taskflow_api.py
[2023-11-29T21:41:07.142+0000] {processor.py:839} INFO - DAG(s) dict_keys(['tutorial_taskflow_api']) retrieved from /home/airflow/.local/lib/python3.8/site-packages/airflow/example_dags/tutorial_taskflow_api.py
[2023-11-29T21:41:07.298+0000] {logging_mixin.py:154} INFO - [2023-11-29T21:41:07.298+0000] {manager.py:499} INFO - Created Permission View: %s
[2023-11-29T21:41:07.303+0000] {logging_mixin.py:154} INFO - [2023-11-29T21:41:07.303+0000] {manager.py:499} INFO - Created Permission View: %s
[2023-11-29T21:41:07.307+0000] {logging_mixin.py:154} INFO - [2023-11-29T21:41:07.307+0000] {manager.py:499} INFO - Created Permission View: %s
[2023-11-29T21:41:07.307+0000] {logging_mixin.py:154} INFO - [2023-11-29T21:41:07.307+0000] {dag.py:2941} INFO - Sync 1 DAGs
[2023-11-29T21:41:07.313+0000] {logging_mixin.py:154} INFO - [2023-11-29T21:41:07.313+0000] {dag.py:2963} INFO - Creating ORM DAG for tutorial_taskflow_api
[2023-11-29T21:41:07.313+0000] {logging_mixin.py:154} INFO - [2023-11-29T21:41:07.313+0000] {dag.py:3722} INFO - Setting next_dagrun for tutorial_taskflow_api to None, run_after=None
[2023-11-29T21:41:07.323+0000] {processor.py:179} INFO - Processing /home/airflow/.local/lib/python3.8/site-packages/airflow/example_dags/tutorial_taskflow_api.py took 0.200 seconds
[2023-11-29T21:41:37.589+0000] {processor.py:157} INFO - Started process (PID=91) to work on /home/airflow/.local/lib/python3.8/site-packages/airflow/example_dags/tutorial_taskflow_api.py
[2023-11-29T21:41:37.590+0000] {processor.py:829} INFO - Processing file /home/airflow/.local/lib/python3.8/site-packages/airflow/example_dags/tutorial_taskflow_api.py for tasks to queue
[2023-11-29T21:41:37.593+0000] {logging_mixin.py:154} INFO - [2023-11-29T21:41:37.593+0000] {dagbag.py:536} INFO - Filling up the DagBag from /home/airflow/.local/lib/python3.8/site-packages/airflow/example_dags/tutorial_taskflow_api.py
[2023-11-29T21:41:37.600+0000] {processor.py:839} INFO - DAG(s) dict_keys(['tutorial_taskflow_api']) retrieved from /home/airflow/.local/lib/python3.8/site-packages/airflow/example_dags/tutorial_taskflow_api.py
[2023-11-29T21:41:37.620+0000] {logging_mixin.py:154} INFO - [2023-11-29T21:41:37.620+0000] {dag.py:2941} INFO - Sync 1 DAGs
[2023-11-29T21:41:37.629+0000] {logging_mixin.py:154} INFO - [2023-11-29T21:41:37.629+0000] {dag.py:3722} INFO - Setting next_dagrun for tutorial_taskflow_api to None, run_after=None
[2023-11-29T21:41:37.642+0000] {processor.py:179} INFO - Processing /home/airflow/.local/lib/python3.8/site-packages/airflow/example_dags/tutorial_taskflow_api.py took 0.057 seconds
[2023-11-29T21:42:08.311+0000] {processor.py:157} INFO - Started process (PID=145) to work on /home/airflow/.local/lib/python3.8/site-packages/airflow/example_dags/tutorial_taskflow_api.py
[2023-11-29T21:42:08.312+0000] {processor.py:829} INFO - Processing file /home/airflow/.local/lib/python3.8/site-packages/airflow/example_dags/tutorial_taskflow_api.py for tasks to queue
[2023-11-29T21:42:08.314+0000] {logging_mixin.py:154} INFO - [2023-11-29T21:42:08.314+0000] {dagbag.py:536} INFO - Filling up the DagBag from /home/airflow/.local/lib/python3.8/site-packages/airflow/example_dags/tutorial_taskflow_api.py
[2023-11-29T21:42:08.318+0000] {processor.py:839} INFO - DAG(s) dict_keys(['tutorial_taskflow_api']) retrieved from /home/airflow/.local/lib/python3.8/site-packages/airflow/example_dags/tutorial_taskflow_api.py
[2023-11-29T21:42:08.335+0000] {logging_mixin.py:154} INFO - [2023-11-29T21:42:08.334+0000] {dag.py:2941} INFO - Sync 1 DAGs
[2023-11-29T21:42:08.343+0000] {logging_mixin.py:154} INFO - [2023-11-29T21:42:08.343+0000] {dag.py:3722} INFO - Setting next_dagrun for tutorial_taskflow_api to None, run_after=None
[2023-11-29T21:42:08.356+0000] {processor.py:179} INFO - Processing /home/airflow/.local/lib/python3.8/site-packages/airflow/example_dags/tutorial_taskflow_api.py took 0.047 seconds
[2023-11-29T21:42:38.984+0000] {processor.py:157} INFO - Started process (PID=199) to work on /home/airflow/.local/lib/python3.8/site-packages/airflow/example_dags/tutorial_taskflow_api.py
[2023-11-29T21:42:38.985+0000] {processor.py:829} INFO - Processing file /home/airflow/.local/lib/python3.8/site-packages/airflow/example_dags/tutorial_taskflow_api.py for tasks to queue
[2023-11-29T21:42:38.987+0000] {logging_mixin.py:154} INFO - [2023-11-29T21:42:38.987+0000] {dagbag.py:536} INFO - Filling up the DagBag from /home/airflow/.local/lib/python3.8/site-packages/airflow/example_dags/tutorial_taskflow_api.py
[2023-11-29T21:42:38.992+0000] {processor.py:839} INFO - DAG(s) dict_keys(['tutorial_taskflow_api']) retrieved from /home/airflow/.local/lib/python3.8/site-packages/airflow/example_dags/tutorial_taskflow_api.py
[2023-11-29T21:42:39.009+0000] {logging_mixin.py:154} INFO - [2023-11-29T21:42:39.008+0000] {dag.py:2941} INFO - Sync 1 DAGs
[2023-11-29T21:42:39.016+0000] {logging_mixin.py:154} INFO - [2023-11-29T21:42:39.016+0000] {dag.py:3722} INFO - Setting next_dagrun for tutorial_taskflow_api to None, run_after=None
[2023-11-29T21:42:39.026+0000] {processor.py:179} INFO - Processing /home/airflow/.local/lib/python3.8/site-packages/airflow/example_dags/tutorial_taskflow_api.py took 0.046 seconds
[2023-11-29T21:43:09.075+0000] {processor.py:157} INFO - Started process (PID=253) to work on /home/airflow/.local/lib/python3.8/site-packages/airflow/example_dags/tutorial_taskflow_api.py
[2023-11-29T21:43:09.077+0000] {processor.py:829} INFO - Processing file /home/airflow/.local/lib/python3.8/site-packages/airflow/example_dags/tutorial_taskflow_api.py for tasks to queue
[2023-11-29T21:43:09.079+0000] {logging_mixin.py:154} INFO - [2023-11-29T21:43:09.079+0000] {dagbag.py:536} INFO - Filling up the DagBag from /home/airflow/.local/lib/python3.8/site-packages/airflow/example_dags/tutorial_taskflow_api.py
[2023-11-29T21:43:09.084+0000] {processor.py:839} INFO - DAG(s) dict_keys(['tutorial_taskflow_api']) retrieved from /home/airflow/.local/lib/python3.8/site-packages/airflow/example_dags/tutorial_taskflow_api.py
[2023-11-29T21:43:09.100+0000] {logging_mixin.py:154} INFO - [2023-11-29T21:43:09.100+0000] {dag.py:2941} INFO - Sync 1 DAGs
[2023-11-29T21:43:09.108+0000] {logging_mixin.py:154} INFO - [2023-11-29T21:43:09.108+0000] {dag.py:3722} INFO - Setting next_dagrun for tutorial_taskflow_api to None, run_after=None
[2023-11-29T21:43:09.121+0000] {processor.py:179} INFO - Processing /home/airflow/.local/lib/python3.8/site-packages/airflow/example_dags/tutorial_taskflow_api.py took 0.049 seconds
[2023-11-29T21:43:39.223+0000] {processor.py:157} INFO - Started process (PID=307) to work on /home/airflow/.local/lib/python3.8/site-packages/airflow/example_dags/tutorial_taskflow_api.py
[2023-11-29T21:43:39.224+0000] {processor.py:829} INFO - Processing file /home/airflow/.local/lib/python3.8/site-packages/airflow/example_dags/tutorial_taskflow_api.py for tasks to queue
[2023-11-29T21:43:39.226+0000] {logging_mixin.py:154} INFO - [2023-11-29T21:43:39.226+0000] {dagbag.py:536} INFO - Filling up the DagBag from /home/airflow/.local/lib/python3.8/site-packages/airflow/example_dags/tutorial_taskflow_api.py
[2023-11-29T21:43:39.233+0000] {processor.py:839} INFO - DAG(s) dict_keys(['tutorial_taskflow_api']) retrieved from /home/airflow/.local/lib/python3.8/site-packages/airflow/example_dags/tutorial_taskflow_api.py
[2023-11-29T21:43:39.250+0000] {logging_mixin.py:154} INFO - [2023-11-29T21:43:39.250+0000] {dag.py:2941} INFO - Sync 1 DAGs
[2023-11-29T21:43:39.259+0000] {logging_mixin.py:154} INFO - [2023-11-29T21:43:39.259+0000] {dag.py:3722} INFO - Setting next_dagrun for tutorial_taskflow_api to None, run_after=None
[2023-11-29T21:43:39.271+0000] {processor.py:179} INFO - Processing /home/airflow/.local/lib/python3.8/site-packages/airflow/example_dags/tutorial_taskflow_api.py took 0.051 seconds
[2023-11-29T21:44:09.352+0000] {processor.py:157} INFO - Started process (PID=361) to work on /home/airflow/.local/lib/python3.8/site-packages/airflow/example_dags/tutorial_taskflow_api.py
[2023-11-29T21:44:09.353+0000] {processor.py:829} INFO - Processing file /home/airflow/.local/lib/python3.8/site-packages/airflow/example_dags/tutorial_taskflow_api.py for tasks to queue
[2023-11-29T21:44:09.355+0000] {logging_mixin.py:154} INFO - [2023-11-29T21:44:09.355+0000] {dagbag.py:536} INFO - Filling up the DagBag from /home/airflow/.local/lib/python3.8/site-packages/airflow/example_dags/tutorial_taskflow_api.py
[2023-11-29T21:44:09.361+0000] {processor.py:839} INFO - DAG(s) dict_keys(['tutorial_taskflow_api']) retrieved from /home/airflow/.local/lib/python3.8/site-packages/airflow/example_dags/tutorial_taskflow_api.py
[2023-11-29T21:44:09.378+0000] {logging_mixin.py:154} INFO - [2023-11-29T21:44:09.377+0000] {dag.py:2941} INFO - Sync 1 DAGs
[2023-11-29T21:44:09.386+0000] {logging_mixin.py:154} INFO - [2023-11-29T21:44:09.385+0000] {dag.py:3722} INFO - Setting next_dagrun for tutorial_taskflow_api to None, run_after=None
[2023-11-29T21:44:09.396+0000] {processor.py:179} INFO - Processing /home/airflow/.local/lib/python3.8/site-packages/airflow/example_dags/tutorial_taskflow_api.py took 0.049 seconds
[2023-11-29T21:44:39.582+0000] {processor.py:157} INFO - Started process (PID=415) to work on /home/airflow/.local/lib/python3.8/site-packages/airflow/example_dags/tutorial_taskflow_api.py
[2023-11-29T21:44:39.583+0000] {processor.py:829} INFO - Processing file /home/airflow/.local/lib/python3.8/site-packages/airflow/example_dags/tutorial_taskflow_api.py for tasks to queue
[2023-11-29T21:44:39.585+0000] {logging_mixin.py:154} INFO - [2023-11-29T21:44:39.585+0000] {dagbag.py:536} INFO - Filling up the DagBag from /home/airflow/.local/lib/python3.8/site-packages/airflow/example_dags/tutorial_taskflow_api.py
[2023-11-29T21:44:39.591+0000] {processor.py:839} INFO - DAG(s) dict_keys(['tutorial_taskflow_api']) retrieved from /home/airflow/.local/lib/python3.8/site-packages/airflow/example_dags/tutorial_taskflow_api.py
[2023-11-29T21:44:39.608+0000] {logging_mixin.py:154} INFO - [2023-11-29T21:44:39.608+0000] {dag.py:2941} INFO - Sync 1 DAGs
[2023-11-29T21:44:39.616+0000] {logging_mixin.py:154} INFO - [2023-11-29T21:44:39.616+0000] {dag.py:3722} INFO - Setting next_dagrun for tutorial_taskflow_api to None, run_after=None
[2023-11-29T21:44:39.632+0000] {processor.py:179} INFO - Processing /home/airflow/.local/lib/python3.8/site-packages/airflow/example_dags/tutorial_taskflow_api.py took 0.054 seconds
[2023-11-29T21:45:09.836+0000] {processor.py:157} INFO - Started process (PID=469) to work on /home/airflow/.local/lib/python3.8/site-packages/airflow/example_dags/tutorial_taskflow_api.py
[2023-11-29T21:45:09.837+0000] {processor.py:829} INFO - Processing file /home/airflow/.local/lib/python3.8/site-packages/airflow/example_dags/tutorial_taskflow_api.py for tasks to queue
[2023-11-29T21:45:09.840+0000] {logging_mixin.py:154} INFO - [2023-11-29T21:45:09.840+0000] {dagbag.py:536} INFO - Filling up the DagBag from /home/airflow/.local/lib/python3.8/site-packages/airflow/example_dags/tutorial_taskflow_api.py
[2023-11-29T21:45:09.846+0000] {processor.py:839} INFO - DAG(s) dict_keys(['tutorial_taskflow_api']) retrieved from /home/airflow/.local/lib/python3.8/site-packages/airflow/example_dags/tutorial_taskflow_api.py
[2023-11-29T21:45:09.862+0000] {logging_mixin.py:154} INFO - [2023-11-29T21:45:09.862+0000] {dag.py:2941} INFO - Sync 1 DAGs
[2023-11-29T21:45:09.870+0000] {logging_mixin.py:154} INFO - [2023-11-29T21:45:09.870+0000] {dag.py:3722} INFO - Setting next_dagrun for tutorial_taskflow_api to None, run_after=None
[2023-11-29T21:45:09.880+0000] {processor.py:179} INFO - Processing /home/airflow/.local/lib/python3.8/site-packages/airflow/example_dags/tutorial_taskflow_api.py took 0.049 seconds
[2023-11-29T21:45:39.956+0000] {processor.py:157} INFO - Started process (PID=523) to work on /home/airflow/.local/lib/python3.8/site-packages/airflow/example_dags/tutorial_taskflow_api.py
[2023-11-29T21:45:39.957+0000] {processor.py:829} INFO - Processing file /home/airflow/.local/lib/python3.8/site-packages/airflow/example_dags/tutorial_taskflow_api.py for tasks to queue
[2023-11-29T21:45:39.959+0000] {logging_mixin.py:154} INFO - [2023-11-29T21:45:39.959+0000] {dagbag.py:536} INFO - Filling up the DagBag from /home/airflow/.local/lib/python3.8/site-packages/airflow/example_dags/tutorial_taskflow_api.py
[2023-11-29T21:45:39.962+0000] {processor.py:839} INFO - DAG(s) dict_keys(['tutorial_taskflow_api']) retrieved from /home/airflow/.local/lib/python3.8/site-packages/airflow/example_dags/tutorial_taskflow_api.py
[2023-11-29T21:45:39.976+0000] {logging_mixin.py:154} INFO - [2023-11-29T21:45:39.976+0000] {dag.py:2941} INFO - Sync 1 DAGs
[2023-11-29T21:45:39.984+0000] {logging_mixin.py:154} INFO - [2023-11-29T21:45:39.984+0000] {dag.py:3722} INFO - Setting next_dagrun for tutorial_taskflow_api to None, run_after=None
[2023-11-29T21:45:39.996+0000] {processor.py:179} INFO - Processing /home/airflow/.local/lib/python3.8/site-packages/airflow/example_dags/tutorial_taskflow_api.py took 0.042 seconds
[2023-11-29T21:46:10.125+0000] {processor.py:157} INFO - Started process (PID=577) to work on /home/airflow/.local/lib/python3.8/site-packages/airflow/example_dags/tutorial_taskflow_api.py
[2023-11-29T21:46:10.126+0000] {processor.py:829} INFO - Processing file /home/airflow/.local/lib/python3.8/site-packages/airflow/example_dags/tutorial_taskflow_api.py for tasks to queue
[2023-11-29T21:46:10.128+0000] {logging_mixin.py:154} INFO - [2023-11-29T21:46:10.128+0000] {dagbag.py:536} INFO - Filling up the DagBag from /home/airflow/.local/lib/python3.8/site-packages/airflow/example_dags/tutorial_taskflow_api.py
[2023-11-29T21:46:10.134+0000] {processor.py:839} INFO - DAG(s) dict_keys(['tutorial_taskflow_api']) retrieved from /home/airflow/.local/lib/python3.8/site-packages/airflow/example_dags/tutorial_taskflow_api.py
[2023-11-29T21:46:10.151+0000] {logging_mixin.py:154} INFO - [2023-11-29T21:46:10.150+0000] {dag.py:2941} INFO - Sync 1 DAGs
[2023-11-29T21:46:10.159+0000] {logging_mixin.py:154} INFO - [2023-11-29T21:46:10.159+0000] {dag.py:3722} INFO - Setting next_dagrun for tutorial_taskflow_api to None, run_after=None
[2023-11-29T21:46:10.170+0000] {processor.py:179} INFO - Processing /home/airflow/.local/lib/python3.8/site-packages/airflow/example_dags/tutorial_taskflow_api.py took 0.049 seconds
