[2023-11-29T20:51:39.532+0000] {processor.py:157} INFO - Started process (PID=60) to work on /home/airflow/.local/lib/python3.8/site-packages/airflow/example_dags/tutorial_dag.py
[2023-11-29T20:51:39.533+0000] {processor.py:829} INFO - Processing file /home/airflow/.local/lib/python3.8/site-packages/airflow/example_dags/tutorial_dag.py for tasks to queue
[2023-11-29T20:51:39.535+0000] {logging_mixin.py:154} INFO - [2023-11-29T20:51:39.535+0000] {dagbag.py:536} INFO - Filling up the DagBag from /home/airflow/.local/lib/python3.8/site-packages/airflow/example_dags/tutorial_dag.py
[2023-11-29T20:51:39.540+0000] {processor.py:839} INFO - DAG(s) dict_keys(['tutorial_dag']) retrieved from /home/airflow/.local/lib/python3.8/site-packages/airflow/example_dags/tutorial_dag.py
[2023-11-29T20:51:39.609+0000] {logging_mixin.py:154} INFO - [2023-11-29T20:51:39.609+0000] {dag.py:2941} INFO - Sync 1 DAGs
[2023-11-29T20:51:39.616+0000] {logging_mixin.py:154} INFO - [2023-11-29T20:51:39.616+0000] {dag.py:3722} INFO - Setting next_dagrun for tutorial_dag to None, run_after=None
[2023-11-29T20:51:39.627+0000] {processor.py:179} INFO - Processing /home/airflow/.local/lib/python3.8/site-packages/airflow/example_dags/tutorial_dag.py took 0.097 seconds
[2023-11-29T20:52:09.903+0000] {processor.py:157} INFO - Started process (PID=114) to work on /home/airflow/.local/lib/python3.8/site-packages/airflow/example_dags/tutorial_dag.py
[2023-11-29T20:52:09.904+0000] {processor.py:829} INFO - Processing file /home/airflow/.local/lib/python3.8/site-packages/airflow/example_dags/tutorial_dag.py for tasks to queue
[2023-11-29T20:52:09.906+0000] {logging_mixin.py:154} INFO - [2023-11-29T20:52:09.905+0000] {dagbag.py:536} INFO - Filling up the DagBag from /home/airflow/.local/lib/python3.8/site-packages/airflow/example_dags/tutorial_dag.py
[2023-11-29T20:52:09.910+0000] {processor.py:839} INFO - DAG(s) dict_keys(['tutorial_dag']) retrieved from /home/airflow/.local/lib/python3.8/site-packages/airflow/example_dags/tutorial_dag.py
[2023-11-29T20:52:09.917+0000] {logging_mixin.py:154} INFO - [2023-11-29T20:52:09.917+0000] {dag.py:2941} INFO - Sync 1 DAGs
[2023-11-29T20:52:09.925+0000] {logging_mixin.py:154} INFO - [2023-11-29T20:52:09.925+0000] {dag.py:3722} INFO - Setting next_dagrun for tutorial_dag to None, run_after=None
[2023-11-29T20:52:09.936+0000] {processor.py:179} INFO - Processing /home/airflow/.local/lib/python3.8/site-packages/airflow/example_dags/tutorial_dag.py took 0.035 seconds
[2023-11-29T20:52:40.742+0000] {processor.py:157} INFO - Started process (PID=168) to work on /home/airflow/.local/lib/python3.8/site-packages/airflow/example_dags/tutorial_dag.py
[2023-11-29T20:52:40.743+0000] {processor.py:829} INFO - Processing file /home/airflow/.local/lib/python3.8/site-packages/airflow/example_dags/tutorial_dag.py for tasks to queue
[2023-11-29T20:52:40.744+0000] {logging_mixin.py:154} INFO - [2023-11-29T20:52:40.744+0000] {dagbag.py:536} INFO - Filling up the DagBag from /home/airflow/.local/lib/python3.8/site-packages/airflow/example_dags/tutorial_dag.py
[2023-11-29T20:52:40.747+0000] {processor.py:839} INFO - DAG(s) dict_keys(['tutorial_dag']) retrieved from /home/airflow/.local/lib/python3.8/site-packages/airflow/example_dags/tutorial_dag.py
[2023-11-29T20:52:40.759+0000] {logging_mixin.py:154} INFO - [2023-11-29T20:52:40.759+0000] {dag.py:2941} INFO - Sync 1 DAGs
[2023-11-29T20:52:40.766+0000] {logging_mixin.py:154} INFO - [2023-11-29T20:52:40.766+0000] {dag.py:3722} INFO - Setting next_dagrun for tutorial_dag to None, run_after=None
[2023-11-29T20:52:40.775+0000] {processor.py:179} INFO - Processing /home/airflow/.local/lib/python3.8/site-packages/airflow/example_dags/tutorial_dag.py took 0.035 seconds
[2023-11-29T20:53:10.896+0000] {processor.py:157} INFO - Started process (PID=222) to work on /home/airflow/.local/lib/python3.8/site-packages/airflow/example_dags/tutorial_dag.py
[2023-11-29T20:53:10.897+0000] {processor.py:829} INFO - Processing file /home/airflow/.local/lib/python3.8/site-packages/airflow/example_dags/tutorial_dag.py for tasks to queue
[2023-11-29T20:53:10.898+0000] {logging_mixin.py:154} INFO - [2023-11-29T20:53:10.898+0000] {dagbag.py:536} INFO - Filling up the DagBag from /home/airflow/.local/lib/python3.8/site-packages/airflow/example_dags/tutorial_dag.py
[2023-11-29T20:53:10.902+0000] {processor.py:839} INFO - DAG(s) dict_keys(['tutorial_dag']) retrieved from /home/airflow/.local/lib/python3.8/site-packages/airflow/example_dags/tutorial_dag.py
[2023-11-29T20:53:10.914+0000] {logging_mixin.py:154} INFO - [2023-11-29T20:53:10.914+0000] {dag.py:2941} INFO - Sync 1 DAGs
[2023-11-29T20:53:10.921+0000] {logging_mixin.py:154} INFO - [2023-11-29T20:53:10.920+0000] {dag.py:3722} INFO - Setting next_dagrun for tutorial_dag to None, run_after=None
[2023-11-29T20:53:10.930+0000] {processor.py:179} INFO - Processing /home/airflow/.local/lib/python3.8/site-packages/airflow/example_dags/tutorial_dag.py took 0.036 seconds
[2023-11-29T20:53:41.037+0000] {processor.py:157} INFO - Started process (PID=276) to work on /home/airflow/.local/lib/python3.8/site-packages/airflow/example_dags/tutorial_dag.py
[2023-11-29T20:53:41.037+0000] {processor.py:829} INFO - Processing file /home/airflow/.local/lib/python3.8/site-packages/airflow/example_dags/tutorial_dag.py for tasks to queue
[2023-11-29T20:53:41.039+0000] {logging_mixin.py:154} INFO - [2023-11-29T20:53:41.039+0000] {dagbag.py:536} INFO - Filling up the DagBag from /home/airflow/.local/lib/python3.8/site-packages/airflow/example_dags/tutorial_dag.py
[2023-11-29T20:53:41.042+0000] {processor.py:839} INFO - DAG(s) dict_keys(['tutorial_dag']) retrieved from /home/airflow/.local/lib/python3.8/site-packages/airflow/example_dags/tutorial_dag.py
[2023-11-29T20:53:41.054+0000] {logging_mixin.py:154} INFO - [2023-11-29T20:53:41.054+0000] {dag.py:2941} INFO - Sync 1 DAGs
[2023-11-29T20:53:41.060+0000] {logging_mixin.py:154} INFO - [2023-11-29T20:53:41.060+0000] {dag.py:3722} INFO - Setting next_dagrun for tutorial_dag to None, run_after=None
[2023-11-29T20:53:41.069+0000] {processor.py:179} INFO - Processing /home/airflow/.local/lib/python3.8/site-packages/airflow/example_dags/tutorial_dag.py took 0.035 seconds
[2023-11-29T20:54:11.133+0000] {processor.py:157} INFO - Started process (PID=329) to work on /home/airflow/.local/lib/python3.8/site-packages/airflow/example_dags/tutorial_dag.py
[2023-11-29T20:54:11.133+0000] {processor.py:829} INFO - Processing file /home/airflow/.local/lib/python3.8/site-packages/airflow/example_dags/tutorial_dag.py for tasks to queue
[2023-11-29T20:54:11.135+0000] {logging_mixin.py:154} INFO - [2023-11-29T20:54:11.135+0000] {dagbag.py:536} INFO - Filling up the DagBag from /home/airflow/.local/lib/python3.8/site-packages/airflow/example_dags/tutorial_dag.py
[2023-11-29T20:54:11.138+0000] {processor.py:839} INFO - DAG(s) dict_keys(['tutorial_dag']) retrieved from /home/airflow/.local/lib/python3.8/site-packages/airflow/example_dags/tutorial_dag.py
[2023-11-29T20:54:11.150+0000] {logging_mixin.py:154} INFO - [2023-11-29T20:54:11.150+0000] {dag.py:2941} INFO - Sync 1 DAGs
[2023-11-29T20:54:11.157+0000] {logging_mixin.py:154} INFO - [2023-11-29T20:54:11.157+0000] {dag.py:3722} INFO - Setting next_dagrun for tutorial_dag to None, run_after=None
[2023-11-29T20:54:11.167+0000] {processor.py:179} INFO - Processing /home/airflow/.local/lib/python3.8/site-packages/airflow/example_dags/tutorial_dag.py took 0.036 seconds
[2023-11-29T20:54:41.235+0000] {processor.py:157} INFO - Started process (PID=383) to work on /home/airflow/.local/lib/python3.8/site-packages/airflow/example_dags/tutorial_dag.py
[2023-11-29T20:54:41.236+0000] {processor.py:829} INFO - Processing file /home/airflow/.local/lib/python3.8/site-packages/airflow/example_dags/tutorial_dag.py for tasks to queue
[2023-11-29T20:54:41.237+0000] {logging_mixin.py:154} INFO - [2023-11-29T20:54:41.237+0000] {dagbag.py:536} INFO - Filling up the DagBag from /home/airflow/.local/lib/python3.8/site-packages/airflow/example_dags/tutorial_dag.py
[2023-11-29T20:54:41.241+0000] {processor.py:839} INFO - DAG(s) dict_keys(['tutorial_dag']) retrieved from /home/airflow/.local/lib/python3.8/site-packages/airflow/example_dags/tutorial_dag.py
[2023-11-29T20:54:41.254+0000] {logging_mixin.py:154} INFO - [2023-11-29T20:54:41.254+0000] {dag.py:2941} INFO - Sync 1 DAGs
[2023-11-29T20:54:41.261+0000] {logging_mixin.py:154} INFO - [2023-11-29T20:54:41.261+0000] {dag.py:3722} INFO - Setting next_dagrun for tutorial_dag to None, run_after=None
[2023-11-29T20:54:41.271+0000] {processor.py:179} INFO - Processing /home/airflow/.local/lib/python3.8/site-packages/airflow/example_dags/tutorial_dag.py took 0.038 seconds
[2023-11-29T20:55:11.359+0000] {processor.py:157} INFO - Started process (PID=438) to work on /home/airflow/.local/lib/python3.8/site-packages/airflow/example_dags/tutorial_dag.py
[2023-11-29T20:55:11.359+0000] {processor.py:829} INFO - Processing file /home/airflow/.local/lib/python3.8/site-packages/airflow/example_dags/tutorial_dag.py for tasks to queue
[2023-11-29T20:55:11.361+0000] {logging_mixin.py:154} INFO - [2023-11-29T20:55:11.361+0000] {dagbag.py:536} INFO - Filling up the DagBag from /home/airflow/.local/lib/python3.8/site-packages/airflow/example_dags/tutorial_dag.py
[2023-11-29T20:55:11.364+0000] {processor.py:839} INFO - DAG(s) dict_keys(['tutorial_dag']) retrieved from /home/airflow/.local/lib/python3.8/site-packages/airflow/example_dags/tutorial_dag.py
[2023-11-29T20:55:11.376+0000] {logging_mixin.py:154} INFO - [2023-11-29T20:55:11.376+0000] {dag.py:2941} INFO - Sync 1 DAGs
[2023-11-29T20:55:11.383+0000] {logging_mixin.py:154} INFO - [2023-11-29T20:55:11.383+0000] {dag.py:3722} INFO - Setting next_dagrun for tutorial_dag to None, run_after=None
[2023-11-29T20:55:11.391+0000] {processor.py:179} INFO - Processing /home/airflow/.local/lib/python3.8/site-packages/airflow/example_dags/tutorial_dag.py took 0.035 seconds
[2023-11-29T20:55:41.527+0000] {processor.py:157} INFO - Started process (PID=492) to work on /home/airflow/.local/lib/python3.8/site-packages/airflow/example_dags/tutorial_dag.py
[2023-11-29T20:55:41.528+0000] {processor.py:829} INFO - Processing file /home/airflow/.local/lib/python3.8/site-packages/airflow/example_dags/tutorial_dag.py for tasks to queue
[2023-11-29T20:55:41.529+0000] {logging_mixin.py:154} INFO - [2023-11-29T20:55:41.529+0000] {dagbag.py:536} INFO - Filling up the DagBag from /home/airflow/.local/lib/python3.8/site-packages/airflow/example_dags/tutorial_dag.py
[2023-11-29T20:55:41.533+0000] {processor.py:839} INFO - DAG(s) dict_keys(['tutorial_dag']) retrieved from /home/airflow/.local/lib/python3.8/site-packages/airflow/example_dags/tutorial_dag.py
[2023-11-29T20:55:41.546+0000] {logging_mixin.py:154} INFO - [2023-11-29T20:55:41.546+0000] {dag.py:2941} INFO - Sync 1 DAGs
[2023-11-29T20:55:41.553+0000] {logging_mixin.py:154} INFO - [2023-11-29T20:55:41.553+0000] {dag.py:3722} INFO - Setting next_dagrun for tutorial_dag to None, run_after=None
[2023-11-29T20:55:41.564+0000] {processor.py:179} INFO - Processing /home/airflow/.local/lib/python3.8/site-packages/airflow/example_dags/tutorial_dag.py took 0.039 seconds
[2023-11-29T20:56:11.580+0000] {processor.py:157} INFO - Started process (PID=546) to work on /home/airflow/.local/lib/python3.8/site-packages/airflow/example_dags/tutorial_dag.py
[2023-11-29T20:56:11.581+0000] {processor.py:829} INFO - Processing file /home/airflow/.local/lib/python3.8/site-packages/airflow/example_dags/tutorial_dag.py for tasks to queue
[2023-11-29T20:56:11.582+0000] {logging_mixin.py:154} INFO - [2023-11-29T20:56:11.582+0000] {dagbag.py:536} INFO - Filling up the DagBag from /home/airflow/.local/lib/python3.8/site-packages/airflow/example_dags/tutorial_dag.py
[2023-11-29T20:56:11.586+0000] {processor.py:839} INFO - DAG(s) dict_keys(['tutorial_dag']) retrieved from /home/airflow/.local/lib/python3.8/site-packages/airflow/example_dags/tutorial_dag.py
[2023-11-29T20:56:11.597+0000] {logging_mixin.py:154} INFO - [2023-11-29T20:56:11.597+0000] {dag.py:2941} INFO - Sync 1 DAGs
[2023-11-29T20:56:11.604+0000] {logging_mixin.py:154} INFO - [2023-11-29T20:56:11.604+0000] {dag.py:3722} INFO - Setting next_dagrun for tutorial_dag to None, run_after=None
[2023-11-29T20:56:11.614+0000] {processor.py:179} INFO - Processing /home/airflow/.local/lib/python3.8/site-packages/airflow/example_dags/tutorial_dag.py took 0.036 seconds
[2023-11-29T20:56:42.581+0000] {processor.py:157} INFO - Started process (PID=600) to work on /home/airflow/.local/lib/python3.8/site-packages/airflow/example_dags/tutorial_dag.py
[2023-11-29T20:56:42.581+0000] {processor.py:829} INFO - Processing file /home/airflow/.local/lib/python3.8/site-packages/airflow/example_dags/tutorial_dag.py for tasks to queue
[2023-11-29T20:56:42.583+0000] {logging_mixin.py:154} INFO - [2023-11-29T20:56:42.583+0000] {dagbag.py:536} INFO - Filling up the DagBag from /home/airflow/.local/lib/python3.8/site-packages/airflow/example_dags/tutorial_dag.py
[2023-11-29T20:56:42.587+0000] {processor.py:839} INFO - DAG(s) dict_keys(['tutorial_dag']) retrieved from /home/airflow/.local/lib/python3.8/site-packages/airflow/example_dags/tutorial_dag.py
[2023-11-29T20:56:42.600+0000] {logging_mixin.py:154} INFO - [2023-11-29T20:56:42.599+0000] {dag.py:2941} INFO - Sync 1 DAGs
[2023-11-29T20:56:42.607+0000] {logging_mixin.py:154} INFO - [2023-11-29T20:56:42.607+0000] {dag.py:3722} INFO - Setting next_dagrun for tutorial_dag to None, run_after=None
[2023-11-29T20:56:42.617+0000] {processor.py:179} INFO - Processing /home/airflow/.local/lib/python3.8/site-packages/airflow/example_dags/tutorial_dag.py took 0.039 seconds
[2023-11-29T20:57:12.636+0000] {processor.py:157} INFO - Started process (PID=654) to work on /home/airflow/.local/lib/python3.8/site-packages/airflow/example_dags/tutorial_dag.py
[2023-11-29T20:57:12.637+0000] {processor.py:829} INFO - Processing file /home/airflow/.local/lib/python3.8/site-packages/airflow/example_dags/tutorial_dag.py for tasks to queue
[2023-11-29T20:57:12.638+0000] {logging_mixin.py:154} INFO - [2023-11-29T20:57:12.638+0000] {dagbag.py:536} INFO - Filling up the DagBag from /home/airflow/.local/lib/python3.8/site-packages/airflow/example_dags/tutorial_dag.py
[2023-11-29T20:57:12.642+0000] {processor.py:839} INFO - DAG(s) dict_keys(['tutorial_dag']) retrieved from /home/airflow/.local/lib/python3.8/site-packages/airflow/example_dags/tutorial_dag.py
[2023-11-29T20:57:12.654+0000] {logging_mixin.py:154} INFO - [2023-11-29T20:57:12.654+0000] {dag.py:2941} INFO - Sync 1 DAGs
[2023-11-29T20:57:12.661+0000] {logging_mixin.py:154} INFO - [2023-11-29T20:57:12.660+0000] {dag.py:3722} INFO - Setting next_dagrun for tutorial_dag to None, run_after=None
[2023-11-29T20:57:12.669+0000] {processor.py:179} INFO - Processing /home/airflow/.local/lib/python3.8/site-packages/airflow/example_dags/tutorial_dag.py took 0.035 seconds
[2023-11-29T20:57:42.713+0000] {processor.py:157} INFO - Started process (PID=708) to work on /home/airflow/.local/lib/python3.8/site-packages/airflow/example_dags/tutorial_dag.py
[2023-11-29T20:57:42.713+0000] {processor.py:829} INFO - Processing file /home/airflow/.local/lib/python3.8/site-packages/airflow/example_dags/tutorial_dag.py for tasks to queue
[2023-11-29T20:57:42.715+0000] {logging_mixin.py:154} INFO - [2023-11-29T20:57:42.714+0000] {dagbag.py:536} INFO - Filling up the DagBag from /home/airflow/.local/lib/python3.8/site-packages/airflow/example_dags/tutorial_dag.py
[2023-11-29T20:57:42.718+0000] {processor.py:839} INFO - DAG(s) dict_keys(['tutorial_dag']) retrieved from /home/airflow/.local/lib/python3.8/site-packages/airflow/example_dags/tutorial_dag.py
[2023-11-29T20:57:42.729+0000] {logging_mixin.py:154} INFO - [2023-11-29T20:57:42.729+0000] {dag.py:2941} INFO - Sync 1 DAGs
[2023-11-29T20:57:42.735+0000] {logging_mixin.py:154} INFO - [2023-11-29T20:57:42.735+0000] {dag.py:3722} INFO - Setting next_dagrun for tutorial_dag to None, run_after=None
[2023-11-29T20:57:42.745+0000] {processor.py:179} INFO - Processing /home/airflow/.local/lib/python3.8/site-packages/airflow/example_dags/tutorial_dag.py took 0.034 seconds
[2023-11-29T20:58:12.795+0000] {processor.py:157} INFO - Started process (PID=762) to work on /home/airflow/.local/lib/python3.8/site-packages/airflow/example_dags/tutorial_dag.py
[2023-11-29T20:58:12.796+0000] {processor.py:829} INFO - Processing file /home/airflow/.local/lib/python3.8/site-packages/airflow/example_dags/tutorial_dag.py for tasks to queue
[2023-11-29T20:58:12.798+0000] {logging_mixin.py:154} INFO - [2023-11-29T20:58:12.797+0000] {dagbag.py:536} INFO - Filling up the DagBag from /home/airflow/.local/lib/python3.8/site-packages/airflow/example_dags/tutorial_dag.py
[2023-11-29T20:58:12.801+0000] {processor.py:839} INFO - DAG(s) dict_keys(['tutorial_dag']) retrieved from /home/airflow/.local/lib/python3.8/site-packages/airflow/example_dags/tutorial_dag.py
[2023-11-29T20:58:12.813+0000] {logging_mixin.py:154} INFO - [2023-11-29T20:58:12.812+0000] {dag.py:2941} INFO - Sync 1 DAGs
[2023-11-29T20:58:12.819+0000] {logging_mixin.py:154} INFO - [2023-11-29T20:58:12.819+0000] {dag.py:3722} INFO - Setting next_dagrun for tutorial_dag to None, run_after=None
[2023-11-29T20:58:12.828+0000] {processor.py:179} INFO - Processing /home/airflow/.local/lib/python3.8/site-packages/airflow/example_dags/tutorial_dag.py took 0.035 seconds
[2023-11-29T20:58:42.925+0000] {processor.py:157} INFO - Started process (PID=816) to work on /home/airflow/.local/lib/python3.8/site-packages/airflow/example_dags/tutorial_dag.py
[2023-11-29T20:58:42.926+0000] {processor.py:829} INFO - Processing file /home/airflow/.local/lib/python3.8/site-packages/airflow/example_dags/tutorial_dag.py for tasks to queue
[2023-11-29T20:58:42.928+0000] {logging_mixin.py:154} INFO - [2023-11-29T20:58:42.927+0000] {dagbag.py:536} INFO - Filling up the DagBag from /home/airflow/.local/lib/python3.8/site-packages/airflow/example_dags/tutorial_dag.py
[2023-11-29T20:58:42.931+0000] {processor.py:839} INFO - DAG(s) dict_keys(['tutorial_dag']) retrieved from /home/airflow/.local/lib/python3.8/site-packages/airflow/example_dags/tutorial_dag.py
[2023-11-29T20:58:42.943+0000] {logging_mixin.py:154} INFO - [2023-11-29T20:58:42.943+0000] {dag.py:2941} INFO - Sync 1 DAGs
[2023-11-29T20:58:42.950+0000] {logging_mixin.py:154} INFO - [2023-11-29T20:58:42.950+0000] {dag.py:3722} INFO - Setting next_dagrun for tutorial_dag to None, run_after=None
[2023-11-29T20:58:42.961+0000] {processor.py:179} INFO - Processing /home/airflow/.local/lib/python3.8/site-packages/airflow/example_dags/tutorial_dag.py took 0.038 seconds
[2023-11-29T20:59:13.876+0000] {processor.py:157} INFO - Started process (PID=870) to work on /home/airflow/.local/lib/python3.8/site-packages/airflow/example_dags/tutorial_dag.py
[2023-11-29T20:59:13.876+0000] {processor.py:829} INFO - Processing file /home/airflow/.local/lib/python3.8/site-packages/airflow/example_dags/tutorial_dag.py for tasks to queue
[2023-11-29T20:59:13.878+0000] {logging_mixin.py:154} INFO - [2023-11-29T20:59:13.878+0000] {dagbag.py:536} INFO - Filling up the DagBag from /home/airflow/.local/lib/python3.8/site-packages/airflow/example_dags/tutorial_dag.py
[2023-11-29T20:59:13.882+0000] {processor.py:839} INFO - DAG(s) dict_keys(['tutorial_dag']) retrieved from /home/airflow/.local/lib/python3.8/site-packages/airflow/example_dags/tutorial_dag.py
[2023-11-29T20:59:13.893+0000] {logging_mixin.py:154} INFO - [2023-11-29T20:59:13.893+0000] {dag.py:2941} INFO - Sync 1 DAGs
[2023-11-29T20:59:13.900+0000] {logging_mixin.py:154} INFO - [2023-11-29T20:59:13.900+0000] {dag.py:3722} INFO - Setting next_dagrun for tutorial_dag to None, run_after=None
[2023-11-29T20:59:13.909+0000] {processor.py:179} INFO - Processing /home/airflow/.local/lib/python3.8/site-packages/airflow/example_dags/tutorial_dag.py took 0.036 seconds
[2023-11-29T20:59:44.669+0000] {processor.py:157} INFO - Started process (PID=924) to work on /home/airflow/.local/lib/python3.8/site-packages/airflow/example_dags/tutorial_dag.py
[2023-11-29T20:59:44.670+0000] {processor.py:829} INFO - Processing file /home/airflow/.local/lib/python3.8/site-packages/airflow/example_dags/tutorial_dag.py for tasks to queue
[2023-11-29T20:59:44.671+0000] {logging_mixin.py:154} INFO - [2023-11-29T20:59:44.671+0000] {dagbag.py:536} INFO - Filling up the DagBag from /home/airflow/.local/lib/python3.8/site-packages/airflow/example_dags/tutorial_dag.py
[2023-11-29T20:59:44.675+0000] {processor.py:839} INFO - DAG(s) dict_keys(['tutorial_dag']) retrieved from /home/airflow/.local/lib/python3.8/site-packages/airflow/example_dags/tutorial_dag.py
[2023-11-29T20:59:44.687+0000] {logging_mixin.py:154} INFO - [2023-11-29T20:59:44.687+0000] {dag.py:2941} INFO - Sync 1 DAGs
[2023-11-29T20:59:44.694+0000] {logging_mixin.py:154} INFO - [2023-11-29T20:59:44.694+0000] {dag.py:3722} INFO - Setting next_dagrun for tutorial_dag to None, run_after=None
[2023-11-29T20:59:44.705+0000] {processor.py:179} INFO - Processing /home/airflow/.local/lib/python3.8/site-packages/airflow/example_dags/tutorial_dag.py took 0.038 seconds
[2023-11-29T21:00:15.474+0000] {processor.py:157} INFO - Started process (PID=978) to work on /home/airflow/.local/lib/python3.8/site-packages/airflow/example_dags/tutorial_dag.py
[2023-11-29T21:00:15.475+0000] {processor.py:829} INFO - Processing file /home/airflow/.local/lib/python3.8/site-packages/airflow/example_dags/tutorial_dag.py for tasks to queue
[2023-11-29T21:00:15.476+0000] {logging_mixin.py:154} INFO - [2023-11-29T21:00:15.476+0000] {dagbag.py:536} INFO - Filling up the DagBag from /home/airflow/.local/lib/python3.8/site-packages/airflow/example_dags/tutorial_dag.py
[2023-11-29T21:00:15.480+0000] {processor.py:839} INFO - DAG(s) dict_keys(['tutorial_dag']) retrieved from /home/airflow/.local/lib/python3.8/site-packages/airflow/example_dags/tutorial_dag.py
[2023-11-29T21:00:15.493+0000] {logging_mixin.py:154} INFO - [2023-11-29T21:00:15.493+0000] {dag.py:2941} INFO - Sync 1 DAGs
[2023-11-29T21:00:15.500+0000] {logging_mixin.py:154} INFO - [2023-11-29T21:00:15.500+0000] {dag.py:3722} INFO - Setting next_dagrun for tutorial_dag to None, run_after=None
[2023-11-29T21:00:15.510+0000] {processor.py:179} INFO - Processing /home/airflow/.local/lib/python3.8/site-packages/airflow/example_dags/tutorial_dag.py took 0.039 seconds
[2023-11-29T21:00:46.454+0000] {processor.py:157} INFO - Started process (PID=1032) to work on /home/airflow/.local/lib/python3.8/site-packages/airflow/example_dags/tutorial_dag.py
[2023-11-29T21:00:46.454+0000] {processor.py:829} INFO - Processing file /home/airflow/.local/lib/python3.8/site-packages/airflow/example_dags/tutorial_dag.py for tasks to queue
[2023-11-29T21:00:46.456+0000] {logging_mixin.py:154} INFO - [2023-11-29T21:00:46.456+0000] {dagbag.py:536} INFO - Filling up the DagBag from /home/airflow/.local/lib/python3.8/site-packages/airflow/example_dags/tutorial_dag.py
[2023-11-29T21:00:46.459+0000] {processor.py:839} INFO - DAG(s) dict_keys(['tutorial_dag']) retrieved from /home/airflow/.local/lib/python3.8/site-packages/airflow/example_dags/tutorial_dag.py
[2023-11-29T21:00:46.471+0000] {logging_mixin.py:154} INFO - [2023-11-29T21:00:46.471+0000] {dag.py:2941} INFO - Sync 1 DAGs
[2023-11-29T21:00:46.477+0000] {logging_mixin.py:154} INFO - [2023-11-29T21:00:46.477+0000] {dag.py:3722} INFO - Setting next_dagrun for tutorial_dag to None, run_after=None
[2023-11-29T21:00:46.487+0000] {processor.py:179} INFO - Processing /home/airflow/.local/lib/python3.8/site-packages/airflow/example_dags/tutorial_dag.py took 0.035 seconds
[2023-11-29T21:01:17.433+0000] {processor.py:157} INFO - Started process (PID=1086) to work on /home/airflow/.local/lib/python3.8/site-packages/airflow/example_dags/tutorial_dag.py
[2023-11-29T21:01:17.434+0000] {processor.py:829} INFO - Processing file /home/airflow/.local/lib/python3.8/site-packages/airflow/example_dags/tutorial_dag.py for tasks to queue
[2023-11-29T21:01:17.435+0000] {logging_mixin.py:154} INFO - [2023-11-29T21:01:17.435+0000] {dagbag.py:536} INFO - Filling up the DagBag from /home/airflow/.local/lib/python3.8/site-packages/airflow/example_dags/tutorial_dag.py
[2023-11-29T21:01:17.438+0000] {processor.py:839} INFO - DAG(s) dict_keys(['tutorial_dag']) retrieved from /home/airflow/.local/lib/python3.8/site-packages/airflow/example_dags/tutorial_dag.py
[2023-11-29T21:01:17.450+0000] {logging_mixin.py:154} INFO - [2023-11-29T21:01:17.450+0000] {dag.py:2941} INFO - Sync 1 DAGs
[2023-11-29T21:01:17.456+0000] {logging_mixin.py:154} INFO - [2023-11-29T21:01:17.456+0000] {dag.py:3722} INFO - Setting next_dagrun for tutorial_dag to None, run_after=None
[2023-11-29T21:01:17.465+0000] {processor.py:179} INFO - Processing /home/airflow/.local/lib/python3.8/site-packages/airflow/example_dags/tutorial_dag.py took 0.034 seconds
[2023-11-29T21:01:48.243+0000] {processor.py:157} INFO - Started process (PID=1140) to work on /home/airflow/.local/lib/python3.8/site-packages/airflow/example_dags/tutorial_dag.py
[2023-11-29T21:01:48.243+0000] {processor.py:829} INFO - Processing file /home/airflow/.local/lib/python3.8/site-packages/airflow/example_dags/tutorial_dag.py for tasks to queue
[2023-11-29T21:01:48.245+0000] {logging_mixin.py:154} INFO - [2023-11-29T21:01:48.245+0000] {dagbag.py:536} INFO - Filling up the DagBag from /home/airflow/.local/lib/python3.8/site-packages/airflow/example_dags/tutorial_dag.py
[2023-11-29T21:01:48.249+0000] {processor.py:839} INFO - DAG(s) dict_keys(['tutorial_dag']) retrieved from /home/airflow/.local/lib/python3.8/site-packages/airflow/example_dags/tutorial_dag.py
[2023-11-29T21:01:48.261+0000] {logging_mixin.py:154} INFO - [2023-11-29T21:01:48.261+0000] {dag.py:2941} INFO - Sync 1 DAGs
[2023-11-29T21:01:48.269+0000] {logging_mixin.py:154} INFO - [2023-11-29T21:01:48.269+0000] {dag.py:3722} INFO - Setting next_dagrun for tutorial_dag to None, run_after=None
[2023-11-29T21:01:48.279+0000] {processor.py:179} INFO - Processing /home/airflow/.local/lib/python3.8/site-packages/airflow/example_dags/tutorial_dag.py took 0.038 seconds
[2023-11-29T21:41:08.238+0000] {processor.py:157} INFO - Started process (PID=51) to work on /home/airflow/.local/lib/python3.8/site-packages/airflow/example_dags/tutorial_dag.py
[2023-11-29T21:41:08.239+0000] {processor.py:829} INFO - Processing file /home/airflow/.local/lib/python3.8/site-packages/airflow/example_dags/tutorial_dag.py for tasks to queue
[2023-11-29T21:41:08.241+0000] {logging_mixin.py:154} INFO - [2023-11-29T21:41:08.241+0000] {dagbag.py:536} INFO - Filling up the DagBag from /home/airflow/.local/lib/python3.8/site-packages/airflow/example_dags/tutorial_dag.py
[2023-11-29T21:41:08.246+0000] {processor.py:839} INFO - DAG(s) dict_keys(['tutorial_dag']) retrieved from /home/airflow/.local/lib/python3.8/site-packages/airflow/example_dags/tutorial_dag.py
[2023-11-29T21:41:08.314+0000] {logging_mixin.py:154} INFO - [2023-11-29T21:41:08.314+0000] {manager.py:499} INFO - Created Permission View: %s
[2023-11-29T21:41:08.320+0000] {logging_mixin.py:154} INFO - [2023-11-29T21:41:08.320+0000] {manager.py:499} INFO - Created Permission View: %s
[2023-11-29T21:41:08.325+0000] {logging_mixin.py:154} INFO - [2023-11-29T21:41:08.325+0000] {manager.py:499} INFO - Created Permission View: %s
[2023-11-29T21:41:08.325+0000] {logging_mixin.py:154} INFO - [2023-11-29T21:41:08.325+0000] {dag.py:2941} INFO - Sync 1 DAGs
[2023-11-29T21:41:08.333+0000] {logging_mixin.py:154} INFO - [2023-11-29T21:41:08.333+0000] {dag.py:2963} INFO - Creating ORM DAG for tutorial_dag
[2023-11-29T21:41:08.333+0000] {logging_mixin.py:154} INFO - [2023-11-29T21:41:08.333+0000] {dag.py:3722} INFO - Setting next_dagrun for tutorial_dag to None, run_after=None
[2023-11-29T21:41:08.343+0000] {processor.py:179} INFO - Processing /home/airflow/.local/lib/python3.8/site-packages/airflow/example_dags/tutorial_dag.py took 0.108 seconds
[2023-11-29T21:41:39.159+0000] {processor.py:157} INFO - Started process (PID=105) to work on /home/airflow/.local/lib/python3.8/site-packages/airflow/example_dags/tutorial_dag.py
[2023-11-29T21:41:39.159+0000] {processor.py:829} INFO - Processing file /home/airflow/.local/lib/python3.8/site-packages/airflow/example_dags/tutorial_dag.py for tasks to queue
[2023-11-29T21:41:39.161+0000] {logging_mixin.py:154} INFO - [2023-11-29T21:41:39.161+0000] {dagbag.py:536} INFO - Filling up the DagBag from /home/airflow/.local/lib/python3.8/site-packages/airflow/example_dags/tutorial_dag.py
[2023-11-29T21:41:39.165+0000] {processor.py:839} INFO - DAG(s) dict_keys(['tutorial_dag']) retrieved from /home/airflow/.local/lib/python3.8/site-packages/airflow/example_dags/tutorial_dag.py
[2023-11-29T21:41:39.177+0000] {logging_mixin.py:154} INFO - [2023-11-29T21:41:39.177+0000] {dag.py:2941} INFO - Sync 1 DAGs
[2023-11-29T21:41:39.185+0000] {logging_mixin.py:154} INFO - [2023-11-29T21:41:39.184+0000] {dag.py:3722} INFO - Setting next_dagrun for tutorial_dag to None, run_after=None
[2023-11-29T21:41:39.195+0000] {processor.py:179} INFO - Processing /home/airflow/.local/lib/python3.8/site-packages/airflow/example_dags/tutorial_dag.py took 0.038 seconds
[2023-11-29T21:42:09.815+0000] {processor.py:157} INFO - Started process (PID=159) to work on /home/airflow/.local/lib/python3.8/site-packages/airflow/example_dags/tutorial_dag.py
[2023-11-29T21:42:09.815+0000] {processor.py:829} INFO - Processing file /home/airflow/.local/lib/python3.8/site-packages/airflow/example_dags/tutorial_dag.py for tasks to queue
[2023-11-29T21:42:09.817+0000] {logging_mixin.py:154} INFO - [2023-11-29T21:42:09.817+0000] {dagbag.py:536} INFO - Filling up the DagBag from /home/airflow/.local/lib/python3.8/site-packages/airflow/example_dags/tutorial_dag.py
[2023-11-29T21:42:09.821+0000] {processor.py:839} INFO - DAG(s) dict_keys(['tutorial_dag']) retrieved from /home/airflow/.local/lib/python3.8/site-packages/airflow/example_dags/tutorial_dag.py
[2023-11-29T21:42:09.833+0000] {logging_mixin.py:154} INFO - [2023-11-29T21:42:09.833+0000] {dag.py:2941} INFO - Sync 1 DAGs
[2023-11-29T21:42:09.841+0000] {logging_mixin.py:154} INFO - [2023-11-29T21:42:09.841+0000] {dag.py:3722} INFO - Setting next_dagrun for tutorial_dag to None, run_after=None
[2023-11-29T21:42:09.851+0000] {processor.py:179} INFO - Processing /home/airflow/.local/lib/python3.8/site-packages/airflow/example_dags/tutorial_dag.py took 0.039 seconds
[2023-11-29T21:42:40.549+0000] {processor.py:157} INFO - Started process (PID=213) to work on /home/airflow/.local/lib/python3.8/site-packages/airflow/example_dags/tutorial_dag.py
[2023-11-29T21:42:40.549+0000] {processor.py:829} INFO - Processing file /home/airflow/.local/lib/python3.8/site-packages/airflow/example_dags/tutorial_dag.py for tasks to queue
[2023-11-29T21:42:40.551+0000] {logging_mixin.py:154} INFO - [2023-11-29T21:42:40.551+0000] {dagbag.py:536} INFO - Filling up the DagBag from /home/airflow/.local/lib/python3.8/site-packages/airflow/example_dags/tutorial_dag.py
[2023-11-29T21:42:40.555+0000] {processor.py:839} INFO - DAG(s) dict_keys(['tutorial_dag']) retrieved from /home/airflow/.local/lib/python3.8/site-packages/airflow/example_dags/tutorial_dag.py
[2023-11-29T21:42:40.567+0000] {logging_mixin.py:154} INFO - [2023-11-29T21:42:40.567+0000] {dag.py:2941} INFO - Sync 1 DAGs
[2023-11-29T21:42:40.574+0000] {logging_mixin.py:154} INFO - [2023-11-29T21:42:40.574+0000] {dag.py:3722} INFO - Setting next_dagrun for tutorial_dag to None, run_after=None
[2023-11-29T21:42:40.584+0000] {processor.py:179} INFO - Processing /home/airflow/.local/lib/python3.8/site-packages/airflow/example_dags/tutorial_dag.py took 0.037 seconds
[2023-11-29T21:43:10.718+0000] {processor.py:157} INFO - Started process (PID=267) to work on /home/airflow/.local/lib/python3.8/site-packages/airflow/example_dags/tutorial_dag.py
[2023-11-29T21:43:10.719+0000] {processor.py:829} INFO - Processing file /home/airflow/.local/lib/python3.8/site-packages/airflow/example_dags/tutorial_dag.py for tasks to queue
[2023-11-29T21:43:10.721+0000] {logging_mixin.py:154} INFO - [2023-11-29T21:43:10.720+0000] {dagbag.py:536} INFO - Filling up the DagBag from /home/airflow/.local/lib/python3.8/site-packages/airflow/example_dags/tutorial_dag.py
[2023-11-29T21:43:10.724+0000] {processor.py:839} INFO - DAG(s) dict_keys(['tutorial_dag']) retrieved from /home/airflow/.local/lib/python3.8/site-packages/airflow/example_dags/tutorial_dag.py
[2023-11-29T21:43:10.737+0000] {logging_mixin.py:154} INFO - [2023-11-29T21:43:10.737+0000] {dag.py:2941} INFO - Sync 1 DAGs
[2023-11-29T21:43:10.745+0000] {logging_mixin.py:154} INFO - [2023-11-29T21:43:10.745+0000] {dag.py:3722} INFO - Setting next_dagrun for tutorial_dag to None, run_after=None
[2023-11-29T21:43:10.756+0000] {processor.py:179} INFO - Processing /home/airflow/.local/lib/python3.8/site-packages/airflow/example_dags/tutorial_dag.py took 0.040 seconds
[2023-11-29T21:43:40.856+0000] {processor.py:157} INFO - Started process (PID=321) to work on /home/airflow/.local/lib/python3.8/site-packages/airflow/example_dags/tutorial_dag.py
[2023-11-29T21:43:40.856+0000] {processor.py:829} INFO - Processing file /home/airflow/.local/lib/python3.8/site-packages/airflow/example_dags/tutorial_dag.py for tasks to queue
[2023-11-29T21:43:40.858+0000] {logging_mixin.py:154} INFO - [2023-11-29T21:43:40.858+0000] {dagbag.py:536} INFO - Filling up the DagBag from /home/airflow/.local/lib/python3.8/site-packages/airflow/example_dags/tutorial_dag.py
[2023-11-29T21:43:40.862+0000] {processor.py:839} INFO - DAG(s) dict_keys(['tutorial_dag']) retrieved from /home/airflow/.local/lib/python3.8/site-packages/airflow/example_dags/tutorial_dag.py
[2023-11-29T21:43:40.874+0000] {logging_mixin.py:154} INFO - [2023-11-29T21:43:40.874+0000] {dag.py:2941} INFO - Sync 1 DAGs
[2023-11-29T21:43:40.881+0000] {logging_mixin.py:154} INFO - [2023-11-29T21:43:40.881+0000] {dag.py:3722} INFO - Setting next_dagrun for tutorial_dag to None, run_after=None
[2023-11-29T21:43:40.892+0000] {processor.py:179} INFO - Processing /home/airflow/.local/lib/python3.8/site-packages/airflow/example_dags/tutorial_dag.py took 0.038 seconds
[2023-11-29T21:44:11.093+0000] {processor.py:157} INFO - Started process (PID=375) to work on /home/airflow/.local/lib/python3.8/site-packages/airflow/example_dags/tutorial_dag.py
[2023-11-29T21:44:11.093+0000] {processor.py:829} INFO - Processing file /home/airflow/.local/lib/python3.8/site-packages/airflow/example_dags/tutorial_dag.py for tasks to queue
[2023-11-29T21:44:11.095+0000] {logging_mixin.py:154} INFO - [2023-11-29T21:44:11.095+0000] {dagbag.py:536} INFO - Filling up the DagBag from /home/airflow/.local/lib/python3.8/site-packages/airflow/example_dags/tutorial_dag.py
[2023-11-29T21:44:11.099+0000] {processor.py:839} INFO - DAG(s) dict_keys(['tutorial_dag']) retrieved from /home/airflow/.local/lib/python3.8/site-packages/airflow/example_dags/tutorial_dag.py
[2023-11-29T21:44:11.112+0000] {logging_mixin.py:154} INFO - [2023-11-29T21:44:11.111+0000] {dag.py:2941} INFO - Sync 1 DAGs
[2023-11-29T21:44:11.119+0000] {logging_mixin.py:154} INFO - [2023-11-29T21:44:11.119+0000] {dag.py:3722} INFO - Setting next_dagrun for tutorial_dag to None, run_after=None
[2023-11-29T21:44:11.129+0000] {processor.py:179} INFO - Processing /home/airflow/.local/lib/python3.8/site-packages/airflow/example_dags/tutorial_dag.py took 0.039 seconds
[2023-11-29T21:44:41.321+0000] {processor.py:157} INFO - Started process (PID=429) to work on /home/airflow/.local/lib/python3.8/site-packages/airflow/example_dags/tutorial_dag.py
[2023-11-29T21:44:41.322+0000] {processor.py:829} INFO - Processing file /home/airflow/.local/lib/python3.8/site-packages/airflow/example_dags/tutorial_dag.py for tasks to queue
[2023-11-29T21:44:41.324+0000] {logging_mixin.py:154} INFO - [2023-11-29T21:44:41.323+0000] {dagbag.py:536} INFO - Filling up the DagBag from /home/airflow/.local/lib/python3.8/site-packages/airflow/example_dags/tutorial_dag.py
[2023-11-29T21:44:41.328+0000] {processor.py:839} INFO - DAG(s) dict_keys(['tutorial_dag']) retrieved from /home/airflow/.local/lib/python3.8/site-packages/airflow/example_dags/tutorial_dag.py
[2023-11-29T21:44:41.342+0000] {logging_mixin.py:154} INFO - [2023-11-29T21:44:41.342+0000] {dag.py:2941} INFO - Sync 1 DAGs
[2023-11-29T21:44:41.349+0000] {logging_mixin.py:154} INFO - [2023-11-29T21:44:41.349+0000] {dag.py:3722} INFO - Setting next_dagrun for tutorial_dag to None, run_after=None
[2023-11-29T21:44:41.360+0000] {processor.py:179} INFO - Processing /home/airflow/.local/lib/python3.8/site-packages/airflow/example_dags/tutorial_dag.py took 0.042 seconds
[2023-11-29T21:45:11.530+0000] {processor.py:157} INFO - Started process (PID=483) to work on /home/airflow/.local/lib/python3.8/site-packages/airflow/example_dags/tutorial_dag.py
[2023-11-29T21:45:11.531+0000] {processor.py:829} INFO - Processing file /home/airflow/.local/lib/python3.8/site-packages/airflow/example_dags/tutorial_dag.py for tasks to queue
[2023-11-29T21:45:11.533+0000] {logging_mixin.py:154} INFO - [2023-11-29T21:45:11.533+0000] {dagbag.py:536} INFO - Filling up the DagBag from /home/airflow/.local/lib/python3.8/site-packages/airflow/example_dags/tutorial_dag.py
[2023-11-29T21:45:11.537+0000] {processor.py:839} INFO - DAG(s) dict_keys(['tutorial_dag']) retrieved from /home/airflow/.local/lib/python3.8/site-packages/airflow/example_dags/tutorial_dag.py
[2023-11-29T21:45:11.549+0000] {logging_mixin.py:154} INFO - [2023-11-29T21:45:11.549+0000] {dag.py:2941} INFO - Sync 1 DAGs
[2023-11-29T21:45:11.556+0000] {logging_mixin.py:154} INFO - [2023-11-29T21:45:11.556+0000] {dag.py:3722} INFO - Setting next_dagrun for tutorial_dag to None, run_after=None
[2023-11-29T21:45:11.568+0000] {processor.py:179} INFO - Processing /home/airflow/.local/lib/python3.8/site-packages/airflow/example_dags/tutorial_dag.py took 0.040 seconds
[2023-11-29T21:45:41.652+0000] {processor.py:157} INFO - Started process (PID=537) to work on /home/airflow/.local/lib/python3.8/site-packages/airflow/example_dags/tutorial_dag.py
[2023-11-29T21:45:41.653+0000] {processor.py:829} INFO - Processing file /home/airflow/.local/lib/python3.8/site-packages/airflow/example_dags/tutorial_dag.py for tasks to queue
[2023-11-29T21:45:41.655+0000] {logging_mixin.py:154} INFO - [2023-11-29T21:45:41.655+0000] {dagbag.py:536} INFO - Filling up the DagBag from /home/airflow/.local/lib/python3.8/site-packages/airflow/example_dags/tutorial_dag.py
[2023-11-29T21:45:41.658+0000] {processor.py:839} INFO - DAG(s) dict_keys(['tutorial_dag']) retrieved from /home/airflow/.local/lib/python3.8/site-packages/airflow/example_dags/tutorial_dag.py
[2023-11-29T21:45:41.671+0000] {logging_mixin.py:154} INFO - [2023-11-29T21:45:41.671+0000] {dag.py:2941} INFO - Sync 1 DAGs
[2023-11-29T21:45:41.678+0000] {logging_mixin.py:154} INFO - [2023-11-29T21:45:41.678+0000] {dag.py:3722} INFO - Setting next_dagrun for tutorial_dag to None, run_after=None
[2023-11-29T21:45:41.688+0000] {processor.py:179} INFO - Processing /home/airflow/.local/lib/python3.8/site-packages/airflow/example_dags/tutorial_dag.py took 0.038 seconds
[2023-11-29T21:46:12.770+0000] {processor.py:157} INFO - Started process (PID=591) to work on /home/airflow/.local/lib/python3.8/site-packages/airflow/example_dags/tutorial_dag.py
[2023-11-29T21:46:12.770+0000] {processor.py:829} INFO - Processing file /home/airflow/.local/lib/python3.8/site-packages/airflow/example_dags/tutorial_dag.py for tasks to queue
[2023-11-29T21:46:12.772+0000] {logging_mixin.py:154} INFO - [2023-11-29T21:46:12.772+0000] {dagbag.py:536} INFO - Filling up the DagBag from /home/airflow/.local/lib/python3.8/site-packages/airflow/example_dags/tutorial_dag.py
[2023-11-29T21:46:12.776+0000] {processor.py:839} INFO - DAG(s) dict_keys(['tutorial_dag']) retrieved from /home/airflow/.local/lib/python3.8/site-packages/airflow/example_dags/tutorial_dag.py
[2023-11-29T21:46:12.788+0000] {logging_mixin.py:154} INFO - [2023-11-29T21:46:12.788+0000] {dag.py:2941} INFO - Sync 1 DAGs
[2023-11-29T21:46:12.796+0000] {logging_mixin.py:154} INFO - [2023-11-29T21:46:12.796+0000] {dag.py:3722} INFO - Setting next_dagrun for tutorial_dag to None, run_after=None
[2023-11-29T21:46:12.805+0000] {processor.py:179} INFO - Processing /home/airflow/.local/lib/python3.8/site-packages/airflow/example_dags/tutorial_dag.py took 0.038 seconds
[2023-11-29T21:46:43.787+0000] {processor.py:157} INFO - Started process (PID=645) to work on /home/airflow/.local/lib/python3.8/site-packages/airflow/example_dags/tutorial_dag.py
[2023-11-29T21:46:43.787+0000] {processor.py:829} INFO - Processing file /home/airflow/.local/lib/python3.8/site-packages/airflow/example_dags/tutorial_dag.py for tasks to queue
[2023-11-29T21:46:43.789+0000] {logging_mixin.py:154} INFO - [2023-11-29T21:46:43.789+0000] {dagbag.py:536} INFO - Filling up the DagBag from /home/airflow/.local/lib/python3.8/site-packages/airflow/example_dags/tutorial_dag.py
[2023-11-29T21:46:43.793+0000] {processor.py:839} INFO - DAG(s) dict_keys(['tutorial_dag']) retrieved from /home/airflow/.local/lib/python3.8/site-packages/airflow/example_dags/tutorial_dag.py
[2023-11-29T21:46:43.805+0000] {logging_mixin.py:154} INFO - [2023-11-29T21:46:43.805+0000] {dag.py:2941} INFO - Sync 1 DAGs
[2023-11-29T21:46:43.812+0000] {logging_mixin.py:154} INFO - [2023-11-29T21:46:43.812+0000] {dag.py:3722} INFO - Setting next_dagrun for tutorial_dag to None, run_after=None
[2023-11-29T21:46:43.821+0000] {processor.py:179} INFO - Processing /home/airflow/.local/lib/python3.8/site-packages/airflow/example_dags/tutorial_dag.py took 0.037 seconds
[2023-11-29T21:47:13.885+0000] {processor.py:157} INFO - Started process (PID=699) to work on /home/airflow/.local/lib/python3.8/site-packages/airflow/example_dags/tutorial_dag.py
[2023-11-29T21:47:13.886+0000] {processor.py:829} INFO - Processing file /home/airflow/.local/lib/python3.8/site-packages/airflow/example_dags/tutorial_dag.py for tasks to queue
[2023-11-29T21:47:13.888+0000] {logging_mixin.py:154} INFO - [2023-11-29T21:47:13.888+0000] {dagbag.py:536} INFO - Filling up the DagBag from /home/airflow/.local/lib/python3.8/site-packages/airflow/example_dags/tutorial_dag.py
[2023-11-29T21:47:13.891+0000] {processor.py:839} INFO - DAG(s) dict_keys(['tutorial_dag']) retrieved from /home/airflow/.local/lib/python3.8/site-packages/airflow/example_dags/tutorial_dag.py
[2023-11-29T21:47:13.905+0000] {logging_mixin.py:154} INFO - [2023-11-29T21:47:13.905+0000] {dag.py:2941} INFO - Sync 1 DAGs
[2023-11-29T21:47:13.913+0000] {logging_mixin.py:154} INFO - [2023-11-29T21:47:13.913+0000] {dag.py:3722} INFO - Setting next_dagrun for tutorial_dag to None, run_after=None
[2023-11-29T21:47:13.924+0000] {processor.py:179} INFO - Processing /home/airflow/.local/lib/python3.8/site-packages/airflow/example_dags/tutorial_dag.py took 0.041 seconds
[2023-11-29T21:47:44.061+0000] {processor.py:157} INFO - Started process (PID=753) to work on /home/airflow/.local/lib/python3.8/site-packages/airflow/example_dags/tutorial_dag.py
[2023-11-29T21:47:44.062+0000] {processor.py:829} INFO - Processing file /home/airflow/.local/lib/python3.8/site-packages/airflow/example_dags/tutorial_dag.py for tasks to queue
[2023-11-29T21:47:44.064+0000] {logging_mixin.py:154} INFO - [2023-11-29T21:47:44.064+0000] {dagbag.py:536} INFO - Filling up the DagBag from /home/airflow/.local/lib/python3.8/site-packages/airflow/example_dags/tutorial_dag.py
[2023-11-29T21:47:44.067+0000] {processor.py:839} INFO - DAG(s) dict_keys(['tutorial_dag']) retrieved from /home/airflow/.local/lib/python3.8/site-packages/airflow/example_dags/tutorial_dag.py
[2023-11-29T21:47:44.080+0000] {logging_mixin.py:154} INFO - [2023-11-29T21:47:44.080+0000] {dag.py:2941} INFO - Sync 1 DAGs
[2023-11-29T21:47:44.088+0000] {logging_mixin.py:154} INFO - [2023-11-29T21:47:44.087+0000] {dag.py:3722} INFO - Setting next_dagrun for tutorial_dag to None, run_after=None
[2023-11-29T21:47:44.098+0000] {processor.py:179} INFO - Processing /home/airflow/.local/lib/python3.8/site-packages/airflow/example_dags/tutorial_dag.py took 0.039 seconds
